2008.06.27 16:06 B K:\sicherung_webserver_h10__072008\berti-golf.de\public_html\bertichile\colina\alle-bier.jpg <-- www.berti-golf.de /public_html/bertichile/colina alle-bier.jpg
2008.06.27 16:06 B K:\sicherung_webserver_h10__072008\berti-golf.de\public_html\bertichile\colina\alle-bier_tn.jpg <-- www.berti-golf.de /public_html/bertichile/colina alle-bier_tn.jpg
2008.06.27 16:06 B K:\sicherung_webserver_h10__072008\berti-golf.de\public_html\bertichile\colina\bano-berti.jpg <-- www.berti-golf.de /public_html/bertichile/colina bano-berti.jpg
2008.06.27 16:06 B K:\sicherung_webserver_h10__072008\berti-golf.de\public_html\bertichile\colina\bano-berti_tn.jpg <-- www.berti-golf.de /public_html/bertichile/colina bano-berti_tn.jpg
2008.06.27 16:06 B K:\sicherung_webserver_h10__072008\berti-golf.de\public_html\bertichile\colina\bano-mpg_tn.jpg <-- www.berti-golf.de /public_html/bertichile/colina bano-mpg_tn.jpg
2008.06.27 16:06 B K:\sicherung_webserver_h10__072008\berti-golf.de\public_html\bertichile\colina\bano1.jpg <-- www.berti-golf.de /public_html/bertichile/colina bano1.jpg
2008.06.27 16:06 B K:\sicherung_webserver_h10__072008\berti-golf.de\public_html\bertichile\colina\bano1_tn.jpg <-- www.berti-golf.de /public_html/bertichile/colina bano1_tn.jpg
2008.06.27 16:06 B K:\sicherung_webserver_h10__072008\berti-golf.de\public_html\bertichile\colina\banos.jpg <-- www.berti-golf.de /public_html/bertichile/colina banos.jpg
2008.06.27 16:06 B K:\sicherung_webserver_h10__072008\berti-golf.de\public_html\bertichile\colina\banos.mpg <-- www.berti-golf.de /public_html/bertichile/colina banos.mpg
2008.06.27 16:06 B K:\sicherung_webserver_h10__072008\berti-golf.de\public_html\bertichile\colina\banos_tn.jpg <-- www.berti-golf.de /public_html/bertichile/colina banos_tn.jpg
2008.06.27 16:06 B K:\sicherung_webserver_h10__072008\berti-golf.de\public_html\bertichile\colina\camino1.jpg <-- www.berti-golf.de /public_html/bertichile/colina camino1.jpg
2008.06.27 16:06 B K:\sicherung_webserver_h10__072008\berti-golf.de\public_html\bertichile\colina\camino1_tn.jpg <-- www.berti-golf.de /public_html/bertichile/colina camino1_tn.jpg
2008.06.27 16:06 B K:\sicherung_webserver_h10__072008\berti-golf.de\public_html\bertichile\colina\camino2.jpg <-- www.berti-golf.de /public_html/bertichile/colina camino2.jpg
2008.06.27 16:06 B K:\sicherung_webserver_h10__072008\berti-golf.de\public_html\bertichile\colina\camino2_tn.jpg <-- www.berti-golf.de /public_html/bertichile/colina camino2_tn.jpg
2008.06.27 16:06 B K:\sicherung_webserver_h10__072008\berti-golf.de\public_html\bertichile\colina\camino4.jpg <-- www.berti-golf.de /public_html/bertichile/colina camino4.jpg
2008.06.27 16:06 B K:\sicherung_webserver_h10__072008\berti-golf.de\public_html\bertichile\colina\camino4_tn.jpg <-- www.berti-golf.de /public_html/bertichile/colina camino4_tn.jpg
2008.06.27 16:06 B K:\sicherung_webserver_h10__072008\berti-golf.de\public_html\bertichile\colina\colina.html <-- www.berti-golf.de /public_html/bertichile/colina colina.html
2008.06.27 16:07 B K:\sicherung_webserver_h10__072008\berti-golf.de\public_html\bertichile\colina\e-g1.jpg <-- www.berti-golf.de /public_html/bertichile/colina e-g1.jpg
2008.06.27 16:07 B K:\sicherung_webserver_h10__072008\berti-golf.de\public_html\bertichile\colina\e-g1_tn.jpg <-- www.berti-golf.de /public_html/bertichile/colina e-g1_tn.jpg
2008.06.27 16:07 B K:\sicherung_webserver_h10__072008\berti-golf.de\public_html\bertichile\colina\fahrt.jpg <-- www.berti-golf.de /public_html/bertichile/colina fahrt.jpg
2008.06.27 16:07 B K:\sicherung_webserver_h10__072008\berti-golf.de\public_html\bertichile\colina\fahrt.mpg <-- www.berti-golf.de /public_html/bertichile/colina fahrt.mpg
2008.06.27 16:07 B K:\sicherung_webserver_h10__072008\berti-golf.de\public_html\bertichile\colina\fahrt_tn.jpg <-- www.berti-golf.de /public_html/bertichile/colina fahrt_tn.jpg
2008.06.27 16:07 B K:\sicherung_webserver_h10__072008\berti-golf.de\public_html\bertichile\colina\g-e-bruecke.jpg <-- www.berti-golf.de /public_html/bertichile/colina g-e-bruecke.jpg
2008.06.27 16:07 B K:\sicherung_webserver_h10__072008\berti-golf.de\public_html\bertichile\colina\g-e-bruecke2.jpg <-- www.berti-golf.de /public_html/bertichile/colina g-e-bruecke2.jpg
2008.06.27 16:07 B K:\sicherung_webserver_h10__072008\berti-golf.de\public_html\bertichile\colina\g-e-bruecke2_tn.jpg <-- www.berti-golf.de /public_html/bertichile/colina g-e-bruecke2_tn.jpg
2008.06.27 16:07 B K:\sicherung_webserver_h10__072008\berti-golf.de\public_html\bertichile\colina\g-e-bruecke_tn.jpg <-- www.berti-golf.de /public_html/bertichile/colina g-e-bruecke_tn.jpg
2008.06.27 16:07 B K:\sicherung_webserver_h10__072008\berti-golf.de\public_html\bertichile\colina\guni-jeep.jpg <-- www.berti-golf.de /public_html/bertichile/colina guni-jeep.jpg
2008.06.27 16:07 B K:\sicherung_webserver_h10__072008\berti-golf.de\public_html\bertichile\colina\guni-jeep_tn.jpg <-- www.berti-golf.de /public_html/bertichile/colina guni-jeep_tn.jpg
2008.06.27 16:07 B K:\sicherung_webserver_h10__072008\berti-golf.de\public_html\bertichile\colina\jeep1.jpg <-- www.berti-golf.de /public_html/bertichile/colina jeep1.jpg
2008.06.27 16:07 B K:\sicherung_webserver_h10__072008\berti-golf.de\public_html\bertichile\colina\jeep1_tn.jpg <-- www.berti-golf.de /public_html/bertichile/colina jeep1_tn.jpg
2008.06.27 16:07 B K:\sicherung_webserver_h10__072008\berti-golf.de\public_html\bertichile\colina\jeep5.jpg <-- www.berti-golf.de /public_html/bertichile/colina jeep5.jpg
2008.06.27 16:07 B K:\sicherung_webserver_h10__072008\berti-golf.de\public_html\bertichile\colina\jeep5_tn.jpg <-- www.berti-golf.de /public_html/bertichile/colina jeep5_tn.jpg
2008.06.27 16:07 B K:\sicherung_webserver_h10__072008\berti-golf.de\public_html\bertichile\colina\jeep6.jpg <-- www.berti-golf.de /public_html/bertichile/colina jeep6.jpg
2008.06.27 16:07 B K:\sicherung_webserver_h10__072008\berti-golf.de\public_html\bertichile\colina\jeep6_tn.jpg <-- www.berti-golf.de /public_html/bertichile/colina jeep6_tn.jpg
2008.06.27 16:07 B K:\sicherung_webserver_h10__072008\berti-golf.de\public_html\bertichile\colina\jeep7.jpg <-- www.berti-golf.de /public_html/bertichile/colina jeep7.jpg
2008.06.27 16:07 B K:\sicherung_webserver_h10__072008\berti-golf.de\public_html\bertichile\colina\jeep7_tn.jpg <-- www.berti-golf.de /public_html/bertichile/colina jeep7_tn.jpg
2008.06.27 16:07 B K:\sicherung_webserver_h10__072008\berti-golf.de\public_html\bertichile\colina\montana2.jpg <-- www.berti-golf.de /public_html/bertichile/colina montana2.jpg
2008.06.27 16:07 B K:\sicherung_webserver_h10__072008\berti-golf.de\public_html\bertichile\colina\montana2_tn.jpg <-- www.berti-golf.de /public_html/bertichile/colina montana2_tn.jpg
2008.06.27 16:08 B K:\sicherung_webserver_h10__072008\berti-golf.de\public_html\bertichile\colina\montana3.jpg <-- www.berti-golf.de /public_html/bertichile/colina montana3.jpg
2008.06.27 16:08 B K:\sicherung_webserver_h10__072008\berti-golf.de\public_html\bertichile\colina\montana3_tn.jpg <-- www.berti-golf.de /public_html/bertichile/colina montana3_tn.jpg
2008.06.27 16:08 B K:\sicherung_webserver_h10__072008\berti-golf.de\public_html\bertichile\colina\montana5.jpg <-- www.berti-golf.de /public_html/bertichile/colina montana5.jpg
2008.06.27 16:08 B K:\sicherung_webserver_h10__072008\berti-golf.de\public_html\bertichile\colina\montana5_tn.jpg <-- www.berti-golf.de /public_html/bertichile/colina montana5_tn.jpg
2008.06.27 16:08 B K:\sicherung_webserver_h10__072008\berti-golf.de\public_html\bertichile\colina\montana6.jpg <-- www.berti-golf.de /public_html/bertichile/colina montana6.jpg
2008.06.27 16:08 B K:\sicherung_webserver_h10__072008\berti-golf.de\public_html\bertichile\colina\montana6_tn.jpg <-- www.berti-golf.de /public_html/bertichile/colina montana6_tn.jpg
2008.06.27 16:08 B K:\sicherung_webserver_h10__072008\berti-golf.de\public_html\bertichile\colina\montana9.jpg <-- www.berti-golf.de /public_html/bertichile/colina montana9.jpg
2008.06.27 16:08 B K:\sicherung_webserver_h10__072008\berti-golf.de\public_html\bertichile\colina\montana9_tn.jpg <-- www.berti-golf.de /public_html/bertichile/colina montana9_tn.jpg
2008.06.27 16:08 B K:\sicherung_webserver_h10__072008\berti-golf.de\public_html\bertichile\colina\papa-schneeball.jpg <-- www.berti-golf.de /public_html/bertichile/colina papa-schneeball.jpg
2008.06.27 16:08 B K:\sicherung_webserver_h10__072008\berti-golf.de\public_html\bertichile\colina\papa-schneeball_tn.jpg <-- www.berti-golf.de /public_html/bertichile/colina papa-schneeball_tn.jpg
2008.06.27 16:08 B K:\sicherung_webserver_h10__072008\berti-golf.de\public_html\bertichile\colina\tunel1.jpg <-- www.berti-golf.de /public_html/bertichile/colina tunel1.jpg
2008.06.27 16:08 B K:\sicherung_webserver_h10__072008\berti-golf.de\public_html\bertichile\colina\tunel1_tn.jpg <-- www.berti-golf.de /public_html/bertichile/colina tunel1_tn.jpg
2008.06.27 19:05 B K:\sicherung_webserver_h10__072008\berti-golf.de\public_html\bertichile\colina\alle-bier.jpg --> bertigolfde.h1403220.stratoserver.net /public_html/bertichile/colina alle-bier.jpg
2008.06.27 19:05 B K:\sicherung_webserver_h10__072008\berti-golf.de\public_html\bertichile\colina\alle-bier_tn.jpg --> bertigolfde.h1403220.stratoserver.net /public_html/bertichile/colina alle-bier_tn.jpg
2008.06.27 19:05 B K:\sicherung_webserver_h10__072008\berti-golf.de\public_html\bertichile\colina\bano-berti.jpg --> bertigolfde.h1403220.stratoserver.net /public_html/bertichile/colina bano-berti.jpg
2008.06.27 19:05 B K:\sicherung_webserver_h10__072008\berti-golf.de\public_html\bertichile\colina\bano-berti_tn.jpg --> bertigolfde.h1403220.stratoserver.net /public_html/bertichile/colina bano-berti_tn.jpg
2008.06.27 19:05 B K:\sicherung_webserver_h10__072008\berti-golf.de\public_html\bertichile\colina\bano-mpg_tn.jpg --> bertigolfde.h1403220.stratoserver.net /public_html/bertichile/colina bano-mpg_tn.jpg
2008.06.27 19:05 B K:\sicherung_webserver_h10__072008\berti-golf.de\public_html\bertichile\colina\bano1.jpg --> bertigolfde.h1403220.stratoserver.net /public_html/bertichile/colina bano1.jpg
2008.06.27 19:05 B K:\sicherung_webserver_h10__072008\berti-golf.de\public_html\bertichile\colina\bano1_tn.jpg --> bertigolfde.h1403220.stratoserver.net /public_html/bertichile/colina bano1_tn.jpg
2008.06.27 19:05 B K:\sicherung_webserver_h10__072008\berti-golf.de\public_html\bertichile\colina\banos.jpg --> bertigolfde.h1403220.stratoserver.net /public_html/bertichile/colina banos.jpg
2008.06.27 19:06 B K:\sicherung_webserver_h10__072008\berti-golf.de\public_html\bertichile\colina\banos.mpg --> bertigolfde.h1403220.stratoserver.net /public_html/bertichile/colina banos.mpg
2008.06.27 19:06 B K:\sicherung_webserver_h10__072008\berti-golf.de\public_html\bertichile\colina\banos_tn.jpg --> bertigolfde.h1403220.stratoserver.net /public_html/bertichile/colina banos_tn.jpg
2008.06.27 19:06 B K:\sicherung_webserver_h10__072008\berti-golf.de\public_html\bertichile\colina\camino1.jpg --> bertigolfde.h1403220.stratoserver.net /public_html/bertichile/colina camino1.jpg
2008.06.27 19:06 B K:\sicherung_webserver_h10__072008\berti-golf.de\public_html\bertichile\colina\camino1_tn.jpg --> bertigolfde.h1403220.stratoserver.net /public_html/bertichile/colina camino1_tn.jpg
2008.06.27 19:06 B K:\sicherung_webserver_h10__072008\berti-golf.de\public_html\bertichile\colina\camino2.jpg --> bertigolfde.h1403220.stratoserver.net /public_html/bertichile/colina camino2.jpg
2008.06.27 19:06 B K:\sicherung_webserver_h10__072008\berti-golf.de\public_html\bertichile\colina\camino2_tn.jpg --> bertigolfde.h1403220.stratoserver.net /public_html/bertichile/colina camino2_tn.jpg
2008.06.27 19:06 B K:\sicherung_webserver_h10__072008\berti-golf.de\public_html\bertichile\colina\camino4.jpg --> bertigolfde.h1403220.stratoserver.net /public_html/bertichile/colina camino4.jpg
2008.06.27 19:06 B K:\sicherung_webserver_h10__072008\berti-golf.de\public_html\bertichile\colina\camino4_tn.jpg --> bertigolfde.h1403220.stratoserver.net /public_html/bertichile/colina camino4_tn.jpg
2008.06.27 19:06 B K:\sicherung_webserver_h10__072008\berti-golf.de\public_html\bertichile\colina\colina.html --> bertigolfde.h1403220.stratoserver.net /public_html/bertichile/colina colina.html
2008.06.27 19:06 B K:\sicherung_webserver_h10__072008\berti-golf.de\public_html\bertichile\colina\e-g1.jpg --> bertigolfde.h1403220.stratoserver.net /public_html/bertichile/colina e-g1.jpg
2008.06.27 19:06 B K:\sicherung_webserver_h10__072008\berti-golf.de\public_html\bertichile\colina\e-g1_tn.jpg --> bertigolfde.h1403220.stratoserver.net /public_html/bertichile/colina e-g1_tn.jpg
2008.06.27 19:06 B K:\sicherung_webserver_h10__072008\berti-golf.de\public_html\bertichile\colina\fahrt.jpg --> bertigolfde.h1403220.stratoserver.net /public_html/bertichile/colina fahrt.jpg
2008.06.27 19:06 B K:\sicherung_webserver_h10__072008\berti-golf.de\public_html\bertichile\colina\fahrt.mpg --> bertigolfde.h1403220.stratoserver.net /public_html/bertichile/colina fahrt.mpg
2008.06.27 19:06 B K:\sicherung_webserver_h10__072008\berti-golf.de\public_html\bertichile\colina\fahrt_tn.jpg --> bertigolfde.h1403220.stratoserver.net /public_html/bertichile/colina fahrt_tn.jpg
2008.06.27 19:06 B K:\sicherung_webserver_h10__072008\berti-golf.de\public_html\bertichile\colina\g-e-bruecke.jpg --> bertigolfde.h1403220.stratoserver.net /public_html/bertichile/colina g-e-bruecke.jpg
2008.06.27 19:06 B K:\sicherung_webserver_h10__072008\berti-golf.de\public_html\bertichile\colina\g-e-bruecke2.jpg --> bertigolfde.h1403220.stratoserver.net /public_html/bertichile/colina g-e-bruecke2.jpg
2008.06.27 19:06 B K:\sicherung_webserver_h10__072008\berti-golf.de\public_html\bertichile\colina\g-e-bruecke2_tn.jpg --> bertigolfde.h1403220.stratoserver.net /public_html/bertichile/colina g-e-bruecke2_tn.jpg
2008.06.27 19:06 B K:\sicherung_webserver_h10__072008\berti-golf.de\public_html\bertichile\colina\g-e-bruecke_tn.jpg --> bertigolfde.h1403220.stratoserver.net /public_html/bertichile/colina g-e-bruecke_tn.jpg
2008.06.27 19:07 B K:\sicherung_webserver_h10__072008\berti-golf.de\public_html\bertichile\colina\guni-jeep.jpg --> bertigolfde.h1403220.stratoserver.net /public_html/bertichile/colina guni-jeep.jpg
2008.06.27 19:07 B K:\sicherung_webserver_h10__072008\berti-golf.de\public_html\bertichile\colina\guni-jeep_tn.jpg --> bertigolfde.h1403220.stratoserver.net /public_html/bertichile/colina guni-jeep_tn.jpg
2008.06.27 19:07 B K:\sicherung_webserver_h10__072008\berti-golf.de\public_html\bertichile\colina\jeep1.jpg --> bertigolfde.h1403220.stratoserver.net /public_html/bertichile/colina jeep1.jpg
2008.06.27 19:07 B K:\sicherung_webserver_h10__072008\berti-golf.de\public_html\bertichile\colina\jeep1_tn.jpg --> bertigolfde.h1403220.stratoserver.net /public_html/bertichile/colina jeep1_tn.jpg
2008.06.27 19:07 B K:\sicherung_webserver_h10__072008\berti-golf.de\public_html\bertichile\colina\jeep5.jpg --> bertigolfde.h1403220.stratoserver.net /public_html/bertichile/colina jeep5.jpg
2008.06.27 19:07 B K:\sicherung_webserver_h10__072008\berti-golf.de\public_html\bertichile\colina\jeep5_tn.jpg --> bertigolfde.h1403220.stratoserver.net /public_html/bertichile/colina jeep5_tn.jpg
2008.06.27 19:07 B K:\sicherung_webserver_h10__072008\berti-golf.de\public_html\bertichile\colina\jeep6.jpg --> bertigolfde.h1403220.stratoserver.net /public_html/bertichile/colina jeep6.jpg
2008.06.27 19:07 B K:\sicherung_webserver_h10__072008\berti-golf.de\public_html\bertichile\colina\jeep6_tn.jpg --> bertigolfde.h1403220.stratoserver.net /public_html/bertichile/colina jeep6_tn.jpg
2008.06.27 19:07 B K:\sicherung_webserver_h10__072008\berti-golf.de\public_html\bertichile\colina\jeep7.jpg --> bertigolfde.h1403220.stratoserver.net /public_html/bertichile/colina jeep7.jpg
2008.06.27 19:07 B K:\sicherung_webserver_h10__072008\berti-golf.de\public_html\bertichile\colina\jeep7_tn.jpg --> bertigolfde.h1403220.stratoserver.net /public_html/bertichile/colina jeep7_tn.jpg
2008.06.27 19:07 B K:\sicherung_webserver_h10__072008\berti-golf.de\public_html\bertichile\colina\montana2.jpg --> bertigolfde.h1403220.stratoserver.net /public_html/bertichile/colina montana2.jpg
2008.06.27 19:07 B K:\sicherung_webserver_h10__072008\berti-golf.de\public_html\bertichile\colina\montana2_tn.jpg --> bertigolfde.h1403220.stratoserver.net /public_html/bertichile/colina montana2_tn.jpg
2008.06.27 19:07 B K:\sicherung_webserver_h10__072008\berti-golf.de\public_html\bertichile\colina\montana3.jpg --> bertigolfde.h1403220.stratoserver.net /public_html/bertichile/colina montana3.jpg
2008.06.27 19:07 B K:\sicherung_webserver_h10__072008\berti-golf.de\public_html\bertichile\colina\montana3_tn.jpg --> bertigolfde.h1403220.stratoserver.net /public_html/bertichile/colina montana3_tn.jpg
2008.06.27 19:07 B K:\sicherung_webserver_h10__072008\berti-golf.de\public_html\bertichile\colina\montana5.jpg --> bertigolfde.h1403220.stratoserver.net /public_html/bertichile/colina montana5.jpg
2008.06.27 19:07 B K:\sicherung_webserver_h10__072008\berti-golf.de\public_html\bertichile\colina\montana5_tn.jpg --> bertigolfde.h1403220.stratoserver.net /public_html/bertichile/colina montana5_tn.jpg
2008.06.27 19:07 B K:\sicherung_webserver_h10__072008\berti-golf.de\public_html\bertichile\colina\montana6.jpg --> bertigolfde.h1403220.stratoserver.net /public_html/bertichile/colina montana6.jpg
2008.06.27 19:07 B K:\sicherung_webserver_h10__072008\berti-golf.de\public_html\bertichile\colina\montana6_tn.jpg --> bertigolfde.h1403220.stratoserver.net /public_html/bertichile/colina montana6_tn.jpg
2008.06.27 19:08 B K:\sicherung_webserver_h10__072008\berti-golf.de\public_html\bertichile\colina\montana9.jpg --> bertigolfde.h1403220.stratoserver.net /public_html/bertichile/colina montana9.jpg
2008.06.27 19:08 B K:\sicherung_webserver_h10__072008\berti-golf.de\public_html\bertichile\colina\montana9_tn.jpg --> bertigolfde.h1403220.stratoserver.net /public_html/bertichile/colina montana9_tn.jpg
2008.06.27 19:08 B K:\sicherung_webserver_h10__072008\berti-golf.de\public_html\bertichile\colina\papa-schneeball.jpg --> bertigolfde.h1403220.stratoserver.net /public_html/bertichile/colina papa-schneeball.jpg
2008.06.27 19:08 B K:\sicherung_webserver_h10__072008\berti-golf.de\public_html\bertichile\colina\papa-schneeball_tn.jpg --> bertigolfde.h1403220.stratoserver.net /public_html/bertichile/colina papa-schneeball_tn.jpg
2008.06.27 19:08 B K:\sicherung_webserver_h10__072008\berti-golf.de\public_html\bertichile\colina\tunel1.jpg --> bertigolfde.h1403220.stratoserver.net /public_html/bertichile/colina tunel1.jpg
2008.06.27 19:08 B K:\sicherung_webserver_h10__072008\berti-golf.de\public_html\bertichile\colina\tunel1_tn.jpg --> bertigolfde.h1403220.stratoserver.net /public_html/bertichile/colina tunel1_tn.jpg
2009.05.01 07:11 B Z:\home\Berti\public_html\www.berti-golf.de\bertichile\colina\WS_FTP.LOG <-- bertigolfde.h1403220.stratoserver.net /public_html/bertichile/colina WS_FTP.LOG
2009.12.08 17:54 B Z:\home\Berti\public_html\www.berti-golf.de\bertichile\colina\alle-bier.jpg --> h1667152.stratoserver.net /httpdocs/bertichile/colina alle-bier.jpg
2009.12.08 17:54 B Z:\home\Berti\public_html\www.berti-golf.de\bertichile\colina\alle-bier_tn.jpg --> h1667152.stratoserver.net /httpdocs/bertichile/colina alle-bier_tn.jpg
2009.12.08 17:54 B Z:\home\Berti\public_html\www.berti-golf.de\bertichile\colina\bano-berti.jpg --> h1667152.stratoserver.net /httpdocs/bertichile/colina bano-berti.jpg
2009.12.08 17:54 B Z:\home\Berti\public_html\www.berti-golf.de\bertichile\colina\bano-berti_tn.jpg --> h1667152.stratoserver.net /httpdocs/bertichile/colina bano-berti_tn.jpg
2009.12.08 17:54 B Z:\home\Berti\public_html\www.berti-golf.de\bertichile\colina\bano-mpg_tn.jpg --> h1667152.stratoserver.net /httpdocs/bertichile/colina bano-mpg_tn.jpg
2009.12.08 17:55 B Z:\home\Berti\public_html\www.berti-golf.de\bertichile\colina\bano1.jpg --> h1667152.stratoserver.net /httpdocs/bertichile/colina bano1.jpg
2009.12.08 17:55 B Z:\home\Berti\public_html\www.berti-golf.de\bertichile\colina\bano1_tn.jpg --> h1667152.stratoserver.net /httpdocs/bertichile/colina bano1_tn.jpg
2009.12.08 17:55 B Z:\home\Berti\public_html\www.berti-golf.de\bertichile\colina\banos.jpg --> h1667152.stratoserver.net /httpdocs/bertichile/colina banos.jpg
2009.12.08 17:55 B Z:\home\Berti\public_html\www.berti-golf.de\bertichile\colina\banos.mpg --> h1667152.stratoserver.net /httpdocs/bertichile/colina banos.mpg
2009.12.08 17:55 B Z:\home\Berti\public_html\www.berti-golf.de\bertichile\colina\banos_tn.jpg --> h1667152.stratoserver.net /httpdocs/bertichile/colina banos_tn.jpg
2009.12.08 17:55 B Z:\home\Berti\public_html\www.berti-golf.de\bertichile\colina\camino1.jpg --> h1667152.stratoserver.net /httpdocs/bertichile/colina camino1.jpg
2009.12.08 17:55 B Z:\home\Berti\public_html\www.berti-golf.de\bertichile\colina\camino1_tn.jpg --> h1667152.stratoserver.net /httpdocs/bertichile/colina camino1_tn.jpg
2009.12.08 17:55 B Z:\home\Berti\public_html\www.berti-golf.de\bertichile\colina\camino2.jpg --> h1667152.stratoserver.net /httpdocs/bertichile/colina camino2.jpg
2009.12.08 17:55 B Z:\home\Berti\public_html\www.berti-golf.de\bertichile\colina\camino2_tn.jpg --> h1667152.stratoserver.net /httpdocs/bertichile/colina camino2_tn.jpg
2009.12.08 17:55 B Z:\home\Berti\public_html\www.berti-golf.de\bertichile\colina\camino4.jpg --> h1667152.stratoserver.net /httpdocs/bertichile/colina camino4.jpg
2009.12.08 17:55 B Z:\home\Berti\public_html\www.berti-golf.de\bertichile\colina\camino4_tn.jpg --> h1667152.stratoserver.net /httpdocs/bertichile/colina camino4_tn.jpg
2009.12.08 17:55 B Z:\home\Berti\public_html\www.berti-golf.de\bertichile\colina\colina.html --> h1667152.stratoserver.net /httpdocs/bertichile/colina colina.html
2009.12.08 17:55 B Z:\home\Berti\public_html\www.berti-golf.de\bertichile\colina\e-g1.jpg --> h1667152.stratoserver.net /httpdocs/bertichile/colina e-g1.jpg
2009.12.08 17:55 B Z:\home\Berti\public_html\www.berti-golf.de\bertichile\colina\e-g1_tn.jpg --> h1667152.stratoserver.net /httpdocs/bertichile/colina e-g1_tn.jpg
2009.12.08 17:55 B Z:\home\Berti\public_html\www.berti-golf.de\bertichile\colina\fahrt.jpg --> h1667152.stratoserver.net /httpdocs/bertichile/colina fahrt.jpg
2009.12.08 17:55 B Z:\home\Berti\public_html\www.berti-golf.de\bertichile\colina\fahrt.mpg --> h1667152.stratoserver.net /httpdocs/bertichile/colina fahrt.mpg
2009.12.08 17:55 B Z:\home\Berti\public_html\www.berti-golf.de\bertichile\colina\fahrt_tn.jpg --> h1667152.stratoserver.net /httpdocs/bertichile/colina fahrt_tn.jpg
2009.12.08 17:55 B Z:\home\Berti\public_html\www.berti-golf.de\bertichile\colina\g-e-bruecke.jpg --> h1667152.stratoserver.net /httpdocs/bertichile/colina g-e-bruecke.jpg
2009.12.08 17:55 B Z:\home\Berti\public_html\www.berti-golf.de\bertichile\colina\g-e-bruecke2.jpg --> h1667152.stratoserver.net /httpdocs/bertichile/colina g-e-bruecke2.jpg
2009.12.08 17:55 B Z:\home\Berti\public_html\www.berti-golf.de\bertichile\colina\g-e-bruecke2_tn.jpg --> h1667152.stratoserver.net /httpdocs/bertichile/colina g-e-bruecke2_tn.jpg
2009.12.08 17:55 B Z:\home\Berti\public_html\www.berti-golf.de\bertichile\colina\g-e-bruecke_tn.jpg --> h1667152.stratoserver.net /httpdocs/bertichile/colina g-e-bruecke_tn.jpg
2009.12.08 17:55 B Z:\home\Berti\public_html\www.berti-golf.de\bertichile\colina\guni-jeep.jpg --> h1667152.stratoserver.net /httpdocs/bertichile/colina guni-jeep.jpg
2009.12.08 17:55 B Z:\home\Berti\public_html\www.berti-golf.de\bertichile\colina\guni-jeep_tn.jpg --> h1667152.stratoserver.net /httpdocs/bertichile/colina guni-jeep_tn.jpg
2009.12.08 17:55 B Z:\home\Berti\public_html\www.berti-golf.de\bertichile\colina\jeep1.jpg --> h1667152.stratoserver.net /httpdocs/bertichile/colina jeep1.jpg
2009.12.08 17:55 B Z:\home\Berti\public_html\www.berti-golf.de\bertichile\colina\jeep1_tn.jpg --> h1667152.stratoserver.net /httpdocs/bertichile/colina jeep1_tn.jpg
2009.12.08 17:55 B Z:\home\Berti\public_html\www.berti-golf.de\bertichile\colina\jeep5.jpg --> h1667152.stratoserver.net /httpdocs/bertichile/colina jeep5.jpg
2009.12.08 17:55 B Z:\home\Berti\public_html\www.berti-golf.de\bertichile\colina\jeep5_tn.jpg --> h1667152.stratoserver.net /httpdocs/bertichile/colina jeep5_tn.jpg
2009.12.08 17:55 B Z:\home\Berti\public_html\www.berti-golf.de\bertichile\colina\jeep6.jpg --> h1667152.stratoserver.net /httpdocs/bertichile/colina jeep6.jpg
2009.12.08 17:55 B Z:\home\Berti\public_html\www.berti-golf.de\bertichile\colina\jeep6_tn.jpg --> h1667152.stratoserver.net /httpdocs/bertichile/colina jeep6_tn.jpg
2009.12.08 17:55 B Z:\home\Berti\public_html\www.berti-golf.de\bertichile\colina\jeep7.jpg --> h1667152.stratoserver.net /httpdocs/bertichile/colina jeep7.jpg
2009.12.08 17:55 B Z:\home\Berti\public_html\www.berti-golf.de\bertichile\colina\jeep7_tn.jpg --> h1667152.stratoserver.net /httpdocs/bertichile/colina jeep7_tn.jpg
2009.12.08 17:55 B Z:\home\Berti\public_html\www.berti-golf.de\bertichile\colina\montana2.jpg --> h1667152.stratoserver.net /httpdocs/bertichile/colina montana2.jpg
2009.12.08 17:55 B Z:\home\Berti\public_html\www.berti-golf.de\bertichile\colina\montana2_tn.jpg --> h1667152.stratoserver.net /httpdocs/bertichile/colina montana2_tn.jpg
2009.12.08 17:55 B Z:\home\Berti\public_html\www.berti-golf.de\bertichile\colina\montana3.jpg --> h1667152.stratoserver.net /httpdocs/bertichile/colina montana3.jpg
2009.12.08 17:55 B Z:\home\Berti\public_html\www.berti-golf.de\bertichile\colina\montana3_tn.jpg --> h1667152.stratoserver.net /httpdocs/bertichile/colina montana3_tn.jpg
2009.12.08 17:55 B Z:\home\Berti\public_html\www.berti-golf.de\bertichile\colina\montana5.jpg --> h1667152.stratoserver.net /httpdocs/bertichile/colina montana5.jpg
2009.12.08 17:55 B Z:\home\Berti\public_html\www.berti-golf.de\bertichile\colina\montana5_tn.jpg --> h1667152.stratoserver.net /httpdocs/bertichile/colina montana5_tn.jpg
2009.12.08 17:55 B Z:\home\Berti\public_html\www.berti-golf.de\bertichile\colina\montana6.jpg --> h1667152.stratoserver.net /httpdocs/bertichile/colina montana6.jpg
2009.12.08 17:55 B Z:\home\Berti\public_html\www.berti-golf.de\bertichile\colina\montana6_tn.jpg --> h1667152.stratoserver.net /httpdocs/bertichile/colina montana6_tn.jpg
2009.12.08 17:55 B Z:\home\Berti\public_html\www.berti-golf.de\bertichile\colina\montana9.jpg --> h1667152.stratoserver.net /httpdocs/bertichile/colina montana9.jpg
2009.12.08 17:55 B Z:\home\Berti\public_html\www.berti-golf.de\bertichile\colina\montana9_tn.jpg --> h1667152.stratoserver.net /httpdocs/bertichile/colina montana9_tn.jpg
2009.12.08 17:56 B Z:\home\Berti\public_html\www.berti-golf.de\bertichile\colina\papa-schneeball.jpg --> h1667152.stratoserver.net /httpdocs/bertichile/colina papa-schneeball.jpg
2009.12.08 17:56 B Z:\home\Berti\public_html\www.berti-golf.de\bertichile\colina\papa-schneeball_tn.jpg --> h1667152.stratoserver.net /httpdocs/bertichile/colina papa-schneeball_tn.jpg
2009.12.08 17:56 B Z:\home\Berti\public_html\www.berti-golf.de\bertichile\colina\tunel1.jpg --> h1667152.stratoserver.net /httpdocs/bertichile/colina tunel1.jpg
2009.12.08 17:56 B Z:\home\Berti\public_html\www.berti-golf.de\bertichile\colina\tunel1_tn.jpg --> h1667152.stratoserver.net /httpdocs/bertichile/colina tunel1_tn.jpg
