2011.08.19 16:40 B C:\Users\Berti\workspace\www.dvl-ticker.de\WebContent\icons\logos 2. liga\nord frauen\eiche horn.png --> www.berti-golf.de /www.berti-golf.de/dvl-ticker/php/icons/logos 2. liga/nord frauen eiche horn.png
2011.08.19 16:40 B C:\Users\Berti\workspace\www.dvl-ticker.de\WebContent\icons\logos 2. liga\nord frauen\emlichheim.png --> www.berti-golf.de /www.berti-golf.de/dvl-ticker/php/icons/logos 2. liga/nord frauen emlichheim.png
2011.08.19 16:40 B C:\Users\Berti\workspace\www.dvl-ticker.de\WebContent\icons\logos 2. liga\nord frauen\gladbeck.png --> www.berti-golf.de /www.berti-golf.de/dvl-ticker/php/icons/logos 2. liga/nord frauen gladbeck.png
2011.08.19 16:40 B C:\Users\Berti\workspace\www.dvl-ticker.de\WebContent\icons\logos 2. liga\nord frauen\hamburg.png --> www.berti-golf.de /www.berti-golf.de/dvl-ticker/php/icons/logos 2. liga/nord frauen hamburg.png
2011.08.19 16:40 B C:\Users\Berti\workspace\www.dvl-ticker.de\WebContent\icons\logos 2. liga\nord frauen\köpenick.png --> www.berti-golf.de /www.berti-golf.de/dvl-ticker/php/icons/logos 2. liga/nord frauen köpenick.png
2011.08.19 16:40 B C:\Users\Berti\workspace\www.dvl-ticker.de\WebContent\icons\logos 2. liga\nord frauen\münster.png --> www.berti-golf.de /www.berti-golf.de/dvl-ticker/php/icons/logos 2. liga/nord frauen münster.png
2011.08.19 16:40 B C:\Users\Berti\workspace\www.dvl-ticker.de\WebContent\icons\logos 2. liga\nord frauen\oythe.png --> www.berti-golf.de /www.berti-golf.de/dvl-ticker/php/icons/logos 2. liga/nord frauen oythe.png
2011.08.19 16:40 B C:\Users\Berti\workspace\www.dvl-ticker.de\WebContent\icons\logos 2. liga\nord frauen\parchim.png --> www.berti-golf.de /www.berti-golf.de/dvl-ticker/php/icons/logos 2. liga/nord frauen parchim.png
2011.08.19 16:40 B C:\Users\Berti\workspace\www.dvl-ticker.de\WebContent\icons\logos 2. liga\nord frauen\prenzlberg.png --> www.berti-golf.de /www.berti-golf.de/dvl-ticker/php/icons/logos 2. liga/nord frauen prenzlberg.png
2011.08.19 16:40 B C:\Users\Berti\workspace\www.dvl-ticker.de\WebContent\icons\logos 2. liga\nord frauen\rudow.png --> www.berti-golf.de /www.berti-golf.de/dvl-ticker/php/icons/logos 2. liga/nord frauen rudow.png
2011.08.19 16:40 B C:\Users\Berti\workspace\www.dvl-ticker.de\WebContent\icons\logos 2. liga\nord frauen\stralsund.png --> www.berti-golf.de /www.berti-golf.de/dvl-ticker/php/icons/logos 2. liga/nord frauen stralsund.png
2011.08.19 16:40 B C:\Users\Berti\workspace\www.dvl-ticker.de\WebContent\icons\logos 2. liga\nord frauen\Thumbs.db --> www.berti-golf.de /www.berti-golf.de/dvl-ticker/php/icons/logos 2. liga/nord frauen Thumbs.db
2011.08.19 16:40 B C:\Users\Berti\workspace\www.dvl-ticker.de\WebContent\icons\logos 2. liga\nord frauen\werne.png --> www.berti-golf.de /www.berti-golf.de/dvl-ticker/php/icons/logos 2. liga/nord frauen werne.png
2011.09.13 07:47 B C:\Users\Berti\workspace\www.dvl-ticker.de\WebContent\icons\logos 2. liga\nord frauen\eiche horn.png --> www.berti-golf.de /www.berti-golf.de/dvl-ticker/icons/logos 2. liga/nord frauen eiche horn.png
2011.09.13 07:47 B C:\Users\Berti\workspace\www.dvl-ticker.de\WebContent\icons\logos 2. liga\nord frauen\emlichheim.png --> www.berti-golf.de /www.berti-golf.de/dvl-ticker/icons/logos 2. liga/nord frauen emlichheim.png
2011.09.13 07:47 B C:\Users\Berti\workspace\www.dvl-ticker.de\WebContent\icons\logos 2. liga\nord frauen\gladbeck.png --> www.berti-golf.de /www.berti-golf.de/dvl-ticker/icons/logos 2. liga/nord frauen gladbeck.png
2011.09.13 07:47 B C:\Users\Berti\workspace\www.dvl-ticker.de\WebContent\icons\logos 2. liga\nord frauen\hamburg.png --> www.berti-golf.de /www.berti-golf.de/dvl-ticker/icons/logos 2. liga/nord frauen hamburg.png
2011.09.13 07:47 B C:\Users\Berti\workspace\www.dvl-ticker.de\WebContent\icons\logos 2. liga\nord frauen\köpenick.png --> www.berti-golf.de /www.berti-golf.de/dvl-ticker/icons/logos 2. liga/nord frauen köpenick.png
2011.09.13 07:47 B C:\Users\Berti\workspace\www.dvl-ticker.de\WebContent\icons\logos 2. liga\nord frauen\münster.png --> www.berti-golf.de /www.berti-golf.de/dvl-ticker/icons/logos 2. liga/nord frauen münster.png
2011.09.13 07:47 B C:\Users\Berti\workspace\www.dvl-ticker.de\WebContent\icons\logos 2. liga\nord frauen\oythe.png --> www.berti-golf.de /www.berti-golf.de/dvl-ticker/icons/logos 2. liga/nord frauen oythe.png
2011.09.13 07:47 B C:\Users\Berti\workspace\www.dvl-ticker.de\WebContent\icons\logos 2. liga\nord frauen\parchim.png --> www.berti-golf.de /www.berti-golf.de/dvl-ticker/icons/logos 2. liga/nord frauen parchim.png
2011.09.13 07:47 B C:\Users\Berti\workspace\www.dvl-ticker.de\WebContent\icons\logos 2. liga\nord frauen\prenzlberg.png --> www.berti-golf.de /www.berti-golf.de/dvl-ticker/icons/logos 2. liga/nord frauen prenzlberg.png
2011.09.13 07:47 B C:\Users\Berti\workspace\www.dvl-ticker.de\WebContent\icons\logos 2. liga\nord frauen\rudow.png --> www.berti-golf.de /www.berti-golf.de/dvl-ticker/icons/logos 2. liga/nord frauen rudow.png
2011.09.13 07:47 B C:\Users\Berti\workspace\www.dvl-ticker.de\WebContent\icons\logos 2. liga\nord frauen\stralsund.png --> www.berti-golf.de /www.berti-golf.de/dvl-ticker/icons/logos 2. liga/nord frauen stralsund.png
2011.09.13 07:47 B C:\Users\Berti\workspace\www.dvl-ticker.de\WebContent\icons\logos 2. liga\nord frauen\Thumbs.db --> www.berti-golf.de /www.berti-golf.de/dvl-ticker/icons/logos 2. liga/nord frauen Thumbs.db
2011.09.13 07:47 B C:\Users\Berti\workspace\www.dvl-ticker.de\WebContent\icons\logos 2. liga\nord frauen\werne.png --> www.berti-golf.de /www.berti-golf.de/dvl-ticker/icons/logos 2. liga/nord frauen werne.png
