2008.06.27 16:34 B K:\sicherung_webserver_h10__072008\berti-golf.de\public_html\bertichile\puertomont0101\bariloche02.jpg <-- www.berti-golf.de /public_html/bertichile/puertomont0101 bariloche02.jpg
2008.06.27 16:34 B K:\sicherung_webserver_h10__072008\berti-golf.de\public_html\bertichile\puertomont0101\bariloche02_tn.jpg <-- www.berti-golf.de /public_html/bertichile/puertomont0101 bariloche02_tn.jpg
2008.06.27 16:34 B K:\sicherung_webserver_h10__072008\berti-golf.de\public_html\bertichile\puertomont0101\bariloche03.jpg <-- www.berti-golf.de /public_html/bertichile/puertomont0101 bariloche03.jpg
2008.06.27 16:34 B K:\sicherung_webserver_h10__072008\berti-golf.de\public_html\bertichile\puertomont0101\bariloche03_tn.jpg <-- www.berti-golf.de /public_html/bertichile/puertomont0101 bariloche03_tn.jpg
2008.06.27 16:34 B K:\sicherung_webserver_h10__072008\berti-golf.de\public_html\bertichile\puertomont0101\bariloche04.jpg <-- www.berti-golf.de /public_html/bertichile/puertomont0101 bariloche04.jpg
2008.06.27 16:34 B K:\sicherung_webserver_h10__072008\berti-golf.de\public_html\bertichile\puertomont0101\bariloche04_tn.jpg <-- www.berti-golf.de /public_html/bertichile/puertomont0101 bariloche04_tn.jpg
2008.06.27 16:34 B K:\sicherung_webserver_h10__072008\berti-golf.de\public_html\bertichile\puertomont0101\bariloche07.jpg <-- www.berti-golf.de /public_html/bertichile/puertomont0101 bariloche07.jpg
2008.06.27 16:34 B K:\sicherung_webserver_h10__072008\berti-golf.de\public_html\bertichile\puertomont0101\bariloche07_tn.jpg <-- www.berti-golf.de /public_html/bertichile/puertomont0101 bariloche07_tn.jpg
2008.06.27 16:34 B K:\sicherung_webserver_h10__072008\berti-golf.de\public_html\bertichile\puertomont0101\bariloche08.jpg <-- www.berti-golf.de /public_html/bertichile/puertomont0101 bariloche08.jpg
2008.06.27 16:34 B K:\sicherung_webserver_h10__072008\berti-golf.de\public_html\bertichile\puertomont0101\bariloche08_tn.jpg <-- www.berti-golf.de /public_html/bertichile/puertomont0101 bariloche08_tn.jpg
2008.06.27 16:34 B K:\sicherung_webserver_h10__072008\berti-golf.de\public_html\bertichile\puertomont0101\bariloche09.jpg <-- www.berti-golf.de /public_html/bertichile/puertomont0101 bariloche09.jpg
2008.06.27 16:34 B K:\sicherung_webserver_h10__072008\berti-golf.de\public_html\bertichile\puertomont0101\bariloche09_tn.jpg <-- www.berti-golf.de /public_html/bertichile/puertomont0101 bariloche09_tn.jpg
2008.06.27 16:34 B K:\sicherung_webserver_h10__072008\berti-golf.de\public_html\bertichile\puertomont0101\bariloche10.jpg <-- www.berti-golf.de /public_html/bertichile/puertomont0101 bariloche10.jpg
2008.06.27 16:34 B K:\sicherung_webserver_h10__072008\berti-golf.de\public_html\bertichile\puertomont0101\bariloche10_tn.jpg <-- www.berti-golf.de /public_html/bertichile/puertomont0101 bariloche10_tn.jpg
2008.06.27 16:34 B K:\sicherung_webserver_h10__072008\berti-golf.de\public_html\bertichile\puertomont0101\bariloche13.jpg <-- www.berti-golf.de /public_html/bertichile/puertomont0101 bariloche13.jpg
2008.06.27 16:34 B K:\sicherung_webserver_h10__072008\berti-golf.de\public_html\bertichile\puertomont0101\bariloche13_tn.jpg <-- www.berti-golf.de /public_html/bertichile/puertomont0101 bariloche13_tn.jpg
2008.06.27 16:34 B K:\sicherung_webserver_h10__072008\berti-golf.de\public_html\bertichile\puertomont0101\bariloche17.jpg <-- www.berti-golf.de /public_html/bertichile/puertomont0101 bariloche17.jpg
2008.06.27 16:34 B K:\sicherung_webserver_h10__072008\berti-golf.de\public_html\bertichile\puertomont0101\bariloche17_tn.jpg <-- www.berti-golf.de /public_html/bertichile/puertomont0101 bariloche17_tn.jpg
2008.06.27 16:34 B K:\sicherung_webserver_h10__072008\berti-golf.de\public_html\bertichile\puertomont0101\bariloche18.jpg <-- www.berti-golf.de /public_html/bertichile/puertomont0101 bariloche18.jpg
2008.06.27 16:34 B K:\sicherung_webserver_h10__072008\berti-golf.de\public_html\bertichile\puertomont0101\bariloche18_tn.jpg <-- www.berti-golf.de /public_html/bertichile/puertomont0101 bariloche18_tn.jpg
2008.06.27 16:34 B K:\sicherung_webserver_h10__072008\berti-golf.de\public_html\bertichile\puertomont0101\bariloche20.jpg <-- www.berti-golf.de /public_html/bertichile/puertomont0101 bariloche20.jpg
2008.06.27 16:34 B K:\sicherung_webserver_h10__072008\berti-golf.de\public_html\bertichile\puertomont0101\bariloche20_tn.jpg <-- www.berti-golf.de /public_html/bertichile/puertomont0101 bariloche20_tn.jpg
2008.06.27 16:34 B K:\sicherung_webserver_h10__072008\berti-golf.de\public_html\bertichile\puertomont0101\bariloche21.jpg <-- www.berti-golf.de /public_html/bertichile/puertomont0101 bariloche21.jpg
2008.06.27 16:34 B K:\sicherung_webserver_h10__072008\berti-golf.de\public_html\bertichile\puertomont0101\bariloche21_tn.jpg <-- www.berti-golf.de /public_html/bertichile/puertomont0101 bariloche21_tn.jpg
2008.06.27 16:34 B K:\sicherung_webserver_h10__072008\berti-golf.de\public_html\bertichile\puertomont0101\bariloche23.jpg <-- www.berti-golf.de /public_html/bertichile/puertomont0101 bariloche23.jpg
2008.06.27 16:34 B K:\sicherung_webserver_h10__072008\berti-golf.de\public_html\bertichile\puertomont0101\bariloche23_tn.jpg <-- www.berti-golf.de /public_html/bertichile/puertomont0101 bariloche23_tn.jpg
2008.06.27 16:34 B K:\sicherung_webserver_h10__072008\berti-golf.de\public_html\bertichile\puertomont0101\bariloche24.jpg <-- www.berti-golf.de /public_html/bertichile/puertomont0101 bariloche24.jpg
2008.06.27 16:34 B K:\sicherung_webserver_h10__072008\berti-golf.de\public_html\bertichile\puertomont0101\bariloche24_tn.jpg <-- www.berti-golf.de /public_html/bertichile/puertomont0101 bariloche24_tn.jpg
2008.06.27 16:34 B K:\sicherung_webserver_h10__072008\berti-golf.de\public_html\bertichile\puertomont0101\llanquehue1.jpg <-- www.berti-golf.de /public_html/bertichile/puertomont0101 llanquehue1.jpg
2008.06.27 16:34 B K:\sicherung_webserver_h10__072008\berti-golf.de\public_html\bertichile\puertomont0101\llanquehue1_tn.jpg <-- www.berti-golf.de /public_html/bertichile/puertomont0101 llanquehue1_tn.jpg
2008.06.27 16:34 B K:\sicherung_webserver_h10__072008\berti-golf.de\public_html\bertichile\puertomont0101\llanquehue3.jpg <-- www.berti-golf.de /public_html/bertichile/puertomont0101 llanquehue3.jpg
2008.06.27 16:34 B K:\sicherung_webserver_h10__072008\berti-golf.de\public_html\bertichile\puertomont0101\llanquehue3_tn.jpg <-- www.berti-golf.de /public_html/bertichile/puertomont0101 llanquehue3_tn.jpg
2008.06.27 16:34 B K:\sicherung_webserver_h10__072008\berti-golf.de\public_html\bertichile\puertomont0101\llanquehue4.jpg <-- www.berti-golf.de /public_html/bertichile/puertomont0101 llanquehue4.jpg
2008.06.27 16:34 B K:\sicherung_webserver_h10__072008\berti-golf.de\public_html\bertichile\puertomont0101\llanquehue4_tn.jpg <-- www.berti-golf.de /public_html/bertichile/puertomont0101 llanquehue4_tn.jpg
2008.06.27 16:34 B K:\sicherung_webserver_h10__072008\berti-golf.de\public_html\bertichile\puertomont0101\llanquehue6.jpg <-- www.berti-golf.de /public_html/bertichile/puertomont0101 llanquehue6.jpg
2008.06.27 16:34 B K:\sicherung_webserver_h10__072008\berti-golf.de\public_html\bertichile\puertomont0101\llanquehue6_tn.jpg <-- www.berti-golf.de /public_html/bertichile/puertomont0101 llanquehue6_tn.jpg
2008.06.27 16:34 B K:\sicherung_webserver_h10__072008\berti-golf.de\public_html\bertichile\puertomont0101\llanquehue7.jpg <-- www.berti-golf.de /public_html/bertichile/puertomont0101 llanquehue7.jpg
2008.06.27 16:34 B K:\sicherung_webserver_h10__072008\berti-golf.de\public_html\bertichile\puertomont0101\llanquehue7_tn.jpg <-- www.berti-golf.de /public_html/bertichile/puertomont0101 llanquehue7_tn.jpg
2008.06.27 16:34 B K:\sicherung_webserver_h10__072008\berti-golf.de\public_html\bertichile\puertomont0101\osorno1.jpg <-- www.berti-golf.de /public_html/bertichile/puertomont0101 osorno1.jpg
2008.06.27 16:34 B K:\sicherung_webserver_h10__072008\berti-golf.de\public_html\bertichile\puertomont0101\osorno1_tn.jpg <-- www.berti-golf.de /public_html/bertichile/puertomont0101 osorno1_tn.jpg
2008.06.27 16:34 B K:\sicherung_webserver_h10__072008\berti-golf.de\public_html\bertichile\puertomont0101\osorno3.jpg <-- www.berti-golf.de /public_html/bertichile/puertomont0101 osorno3.jpg
2008.06.27 16:34 B K:\sicherung_webserver_h10__072008\berti-golf.de\public_html\bertichile\puertomont0101\osorno3_tn.jpg <-- www.berti-golf.de /public_html/bertichile/puertomont0101 osorno3_tn.jpg
2008.06.27 16:34 B K:\sicherung_webserver_h10__072008\berti-golf.de\public_html\bertichile\puertomont0101\osorno4.jpg <-- www.berti-golf.de /public_html/bertichile/puertomont0101 osorno4.jpg
2008.06.27 16:34 B K:\sicherung_webserver_h10__072008\berti-golf.de\public_html\bertichile\puertomont0101\osorno4_tn.jpg <-- www.berti-golf.de /public_html/bertichile/puertomont0101 osorno4_tn.jpg
2008.06.27 16:34 B K:\sicherung_webserver_h10__072008\berti-golf.de\public_html\bertichile\puertomont0101\osorno5.jpg <-- www.berti-golf.de /public_html/bertichile/puertomont0101 osorno5.jpg
2008.06.27 16:34 B K:\sicherung_webserver_h10__072008\berti-golf.de\public_html\bertichile\puertomont0101\osorno5_tn.jpg <-- www.berti-golf.de /public_html/bertichile/puertomont0101 osorno5_tn.jpg
2008.06.27 16:35 B K:\sicherung_webserver_h10__072008\berti-golf.de\public_html\bertichile\puertomont0101\pm-arg02.jpg <-- www.berti-golf.de /public_html/bertichile/puertomont0101 pm-arg02.jpg
2008.06.27 16:35 B K:\sicherung_webserver_h10__072008\berti-golf.de\public_html\bertichile\puertomont0101\pm-arg02_tn.jpg <-- www.berti-golf.de /public_html/bertichile/puertomont0101 pm-arg02_tn.jpg
2008.06.27 16:35 B K:\sicherung_webserver_h10__072008\berti-golf.de\public_html\bertichile\puertomont0101\pm-arg03.jpg <-- www.berti-golf.de /public_html/bertichile/puertomont0101 pm-arg03.jpg
2008.06.27 16:35 B K:\sicherung_webserver_h10__072008\berti-golf.de\public_html\bertichile\puertomont0101\pm-arg03_tn.jpg <-- www.berti-golf.de /public_html/bertichile/puertomont0101 pm-arg03_tn.jpg
2008.06.27 16:35 B K:\sicherung_webserver_h10__072008\berti-golf.de\public_html\bertichile\puertomont0101\pm-arg04.jpg <-- www.berti-golf.de /public_html/bertichile/puertomont0101 pm-arg04.jpg
2008.06.27 16:35 B K:\sicherung_webserver_h10__072008\berti-golf.de\public_html\bertichile\puertomont0101\pm-arg04_tn.jpg <-- www.berti-golf.de /public_html/bertichile/puertomont0101 pm-arg04_tn.jpg
2008.06.27 16:35 B K:\sicherung_webserver_h10__072008\berti-golf.de\public_html\bertichile\puertomont0101\pm-arg05.jpg <-- www.berti-golf.de /public_html/bertichile/puertomont0101 pm-arg05.jpg
2008.06.27 16:35 B K:\sicherung_webserver_h10__072008\berti-golf.de\public_html\bertichile\puertomont0101\pm-arg05_tn.jpg <-- www.berti-golf.de /public_html/bertichile/puertomont0101 pm-arg05_tn.jpg
2008.06.27 16:35 B K:\sicherung_webserver_h10__072008\berti-golf.de\public_html\bertichile\puertomont0101\pm-arg06a.jpg <-- www.berti-golf.de /public_html/bertichile/puertomont0101 pm-arg06a.jpg
2008.06.27 16:35 B K:\sicherung_webserver_h10__072008\berti-golf.de\public_html\bertichile\puertomont0101\pm-arg06a_tn.jpg <-- www.berti-golf.de /public_html/bertichile/puertomont0101 pm-arg06a_tn.jpg
2008.06.27 16:35 B K:\sicherung_webserver_h10__072008\berti-golf.de\public_html\bertichile\puertomont0101\pm-arg06b.jpg <-- www.berti-golf.de /public_html/bertichile/puertomont0101 pm-arg06b.jpg
2008.06.27 16:35 B K:\sicherung_webserver_h10__072008\berti-golf.de\public_html\bertichile\puertomont0101\pm-arg06b_tn.jpg <-- www.berti-golf.de /public_html/bertichile/puertomont0101 pm-arg06b_tn.jpg
2008.06.27 16:35 B K:\sicherung_webserver_h10__072008\berti-golf.de\public_html\bertichile\puertomont0101\pm-arg07.jpg <-- www.berti-golf.de /public_html/bertichile/puertomont0101 pm-arg07.jpg
2008.06.27 16:35 B K:\sicherung_webserver_h10__072008\berti-golf.de\public_html\bertichile\puertomont0101\pm-arg07_tn.jpg <-- www.berti-golf.de /public_html/bertichile/puertomont0101 pm-arg07_tn.jpg
2008.06.27 16:35 B K:\sicherung_webserver_h10__072008\berti-golf.de\public_html\bertichile\puertomont0101\pm-arg10.jpg <-- www.berti-golf.de /public_html/bertichile/puertomont0101 pm-arg10.jpg
2008.06.27 16:35 B K:\sicherung_webserver_h10__072008\berti-golf.de\public_html\bertichile\puertomont0101\pm-arg10_tn.jpg <-- www.berti-golf.de /public_html/bertichile/puertomont0101 pm-arg10_tn.jpg
2008.06.27 16:35 B K:\sicherung_webserver_h10__072008\berti-golf.de\public_html\bertichile\puertomont0101\pm-arg12.jpg <-- www.berti-golf.de /public_html/bertichile/puertomont0101 pm-arg12.jpg
2008.06.27 16:35 B K:\sicherung_webserver_h10__072008\berti-golf.de\public_html\bertichile\puertomont0101\pm-arg12_tn.jpg <-- www.berti-golf.de /public_html/bertichile/puertomont0101 pm-arg12_tn.jpg
2008.06.27 16:35 B K:\sicherung_webserver_h10__072008\berti-golf.de\public_html\bertichile\puertomont0101\pm-arg14.jpg <-- www.berti-golf.de /public_html/bertichile/puertomont0101 pm-arg14.jpg
2008.06.27 16:35 B K:\sicherung_webserver_h10__072008\berti-golf.de\public_html\bertichile\puertomont0101\pm-arg14_tn.jpg <-- www.berti-golf.de /public_html/bertichile/puertomont0101 pm-arg14_tn.jpg
2008.06.27 16:35 B K:\sicherung_webserver_h10__072008\berti-golf.de\public_html\bertichile\puertomont0101\pm-arg16.jpg <-- www.berti-golf.de /public_html/bertichile/puertomont0101 pm-arg16.jpg
2008.06.27 16:35 B K:\sicherung_webserver_h10__072008\berti-golf.de\public_html\bertichile\puertomont0101\pm-arg16_tn.jpg <-- www.berti-golf.de /public_html/bertichile/puertomont0101 pm-arg16_tn.jpg
2008.06.27 16:35 B K:\sicherung_webserver_h10__072008\berti-golf.de\public_html\bertichile\puertomont0101\pm-arg19.jpg <-- www.berti-golf.de /public_html/bertichile/puertomont0101 pm-arg19.jpg
2008.06.27 16:35 B K:\sicherung_webserver_h10__072008\berti-golf.de\public_html\bertichile\puertomont0101\pm-arg19_tn.jpg <-- www.berti-golf.de /public_html/bertichile/puertomont0101 pm-arg19_tn.jpg
2008.06.27 16:35 B K:\sicherung_webserver_h10__072008\berti-golf.de\public_html\bertichile\puertomont0101\pm.html <-- www.berti-golf.de /public_html/bertichile/puertomont0101 pm.html
2008.06.27 16:35 B K:\sicherung_webserver_h10__072008\berti-golf.de\public_html\bertichile\puertomont0101\puertomont01.jpg <-- www.berti-golf.de /public_html/bertichile/puertomont0101 puertomont01.jpg
2008.06.27 16:35 B K:\sicherung_webserver_h10__072008\berti-golf.de\public_html\bertichile\puertomont0101\puertomont01_tn.jpg <-- www.berti-golf.de /public_html/bertichile/puertomont0101 puertomont01_tn.jpg
2008.06.27 16:35 B K:\sicherung_webserver_h10__072008\berti-golf.de\public_html\bertichile\puertomont0101\puertomont02.jpg <-- www.berti-golf.de /public_html/bertichile/puertomont0101 puertomont02.jpg
2008.06.27 16:35 B K:\sicherung_webserver_h10__072008\berti-golf.de\public_html\bertichile\puertomont0101\puertomont02_tn.jpg <-- www.berti-golf.de /public_html/bertichile/puertomont0101 puertomont02_tn.jpg
2008.06.27 16:35 B K:\sicherung_webserver_h10__072008\berti-golf.de\public_html\bertichile\puertomont0101\puertomont03.jpg <-- www.berti-golf.de /public_html/bertichile/puertomont0101 puertomont03.jpg
2008.06.27 16:35 B K:\sicherung_webserver_h10__072008\berti-golf.de\public_html\bertichile\puertomont0101\puertomont03_tn.jpg <-- www.berti-golf.de /public_html/bertichile/puertomont0101 puertomont03_tn.jpg
2008.06.27 16:35 B K:\sicherung_webserver_h10__072008\berti-golf.de\public_html\bertichile\puertomont0101\puertomont04.jpg <-- www.berti-golf.de /public_html/bertichile/puertomont0101 puertomont04.jpg
2008.06.27 16:35 B K:\sicherung_webserver_h10__072008\berti-golf.de\public_html\bertichile\puertomont0101\puertomont04_tn.jpg <-- www.berti-golf.de /public_html/bertichile/puertomont0101 puertomont04_tn.jpg
2008.06.27 16:35 B K:\sicherung_webserver_h10__072008\berti-golf.de\public_html\bertichile\puertomont0101\puertomont05.jpg <-- www.berti-golf.de /public_html/bertichile/puertomont0101 puertomont05.jpg
2008.06.27 16:35 B K:\sicherung_webserver_h10__072008\berti-golf.de\public_html\bertichile\puertomont0101\puertomont05_tn.jpg <-- www.berti-golf.de /public_html/bertichile/puertomont0101 puertomont05_tn.jpg
2008.06.27 16:35 B K:\sicherung_webserver_h10__072008\berti-golf.de\public_html\bertichile\puertomont0101\puertomont06.jpg <-- www.berti-golf.de /public_html/bertichile/puertomont0101 puertomont06.jpg
2008.06.27 16:35 B K:\sicherung_webserver_h10__072008\berti-golf.de\public_html\bertichile\puertomont0101\puertomont06_tn.jpg <-- www.berti-golf.de /public_html/bertichile/puertomont0101 puertomont06_tn.jpg
2008.06.27 16:35 B K:\sicherung_webserver_h10__072008\berti-golf.de\public_html\bertichile\puertomont0101\puertomont07.jpg <-- www.berti-golf.de /public_html/bertichile/puertomont0101 puertomont07.jpg
2008.06.27 16:35 B K:\sicherung_webserver_h10__072008\berti-golf.de\public_html\bertichile\puertomont0101\puertomont07_tn.jpg <-- www.berti-golf.de /public_html/bertichile/puertomont0101 puertomont07_tn.jpg
2008.06.27 16:35 B K:\sicherung_webserver_h10__072008\berti-golf.de\public_html\bertichile\puertomont0101\puertovaras.jpg <-- www.berti-golf.de /public_html/bertichile/puertomont0101 puertovaras.jpg
2008.06.27 16:35 B K:\sicherung_webserver_h10__072008\berti-golf.de\public_html\bertichile\puertomont0101\puertovaras_tn.jpg <-- www.berti-golf.de /public_html/bertichile/puertomont0101 puertovaras_tn.jpg
2008.06.27 16:35 B K:\sicherung_webserver_h10__072008\berti-golf.de\public_html\bertichile\puertomont0101\tren1.jpg <-- www.berti-golf.de /public_html/bertichile/puertomont0101 tren1.jpg
2008.06.27 16:35 B K:\sicherung_webserver_h10__072008\berti-golf.de\public_html\bertichile\puertomont0101\tren1_tn.jpg <-- www.berti-golf.de /public_html/bertichile/puertomont0101 tren1_tn.jpg
2008.06.27 16:35 B K:\sicherung_webserver_h10__072008\berti-golf.de\public_html\bertichile\puertomont0101\tren2.jpg <-- www.berti-golf.de /public_html/bertichile/puertomont0101 tren2.jpg
2008.06.27 16:35 B K:\sicherung_webserver_h10__072008\berti-golf.de\public_html\bertichile\puertomont0101\tren2_tn.jpg <-- www.berti-golf.de /public_html/bertichile/puertomont0101 tren2_tn.jpg
2008.06.27 16:35 B K:\sicherung_webserver_h10__072008\berti-golf.de\public_html\bertichile\puertomont0101\valdivia01.jpg <-- www.berti-golf.de /public_html/bertichile/puertomont0101 valdivia01.jpg
2008.06.27 16:36 B K:\sicherung_webserver_h10__072008\berti-golf.de\public_html\bertichile\puertomont0101\valdivia01_tn.jpg <-- www.berti-golf.de /public_html/bertichile/puertomont0101 valdivia01_tn.jpg
2008.06.27 16:36 B K:\sicherung_webserver_h10__072008\berti-golf.de\public_html\bertichile\puertomont0101\valdivia03.jpg <-- www.berti-golf.de /public_html/bertichile/puertomont0101 valdivia03.jpg
2008.06.27 16:36 B K:\sicherung_webserver_h10__072008\berti-golf.de\public_html\bertichile\puertomont0101\valdivia03_tn.jpg <-- www.berti-golf.de /public_html/bertichile/puertomont0101 valdivia03_tn.jpg
2008.06.27 16:36 B K:\sicherung_webserver_h10__072008\berti-golf.de\public_html\bertichile\puertomont0101\valdivia05.jpg <-- www.berti-golf.de /public_html/bertichile/puertomont0101 valdivia05.jpg
2008.06.27 16:36 B K:\sicherung_webserver_h10__072008\berti-golf.de\public_html\bertichile\puertomont0101\valdivia05_tn.jpg <-- www.berti-golf.de /public_html/bertichile/puertomont0101 valdivia05_tn.jpg
2008.06.27 19:29 B K:\sicherung_webserver_h10__072008\berti-golf.de\public_html\bertichile\puertomont0101\bariloche02.jpg --> bertigolfde.h1403220.stratoserver.net /public_html/bertichile/puertomont0101 bariloche02.jpg
2008.06.27 19:29 B K:\sicherung_webserver_h10__072008\berti-golf.de\public_html\bertichile\puertomont0101\bariloche02_tn.jpg --> bertigolfde.h1403220.stratoserver.net /public_html/bertichile/puertomont0101 bariloche02_tn.jpg
2008.06.27 19:29 B K:\sicherung_webserver_h10__072008\berti-golf.de\public_html\bertichile\puertomont0101\bariloche03.jpg --> bertigolfde.h1403220.stratoserver.net /public_html/bertichile/puertomont0101 bariloche03.jpg
2008.06.27 19:29 B K:\sicherung_webserver_h10__072008\berti-golf.de\public_html\bertichile\puertomont0101\bariloche03_tn.jpg --> bertigolfde.h1403220.stratoserver.net /public_html/bertichile/puertomont0101 bariloche03_tn.jpg
2008.06.27 19:29 B K:\sicherung_webserver_h10__072008\berti-golf.de\public_html\bertichile\puertomont0101\bariloche04.jpg --> bertigolfde.h1403220.stratoserver.net /public_html/bertichile/puertomont0101 bariloche04.jpg
2008.06.27 19:29 B K:\sicherung_webserver_h10__072008\berti-golf.de\public_html\bertichile\puertomont0101\bariloche04_tn.jpg --> bertigolfde.h1403220.stratoserver.net /public_html/bertichile/puertomont0101 bariloche04_tn.jpg
2008.06.27 19:29 B K:\sicherung_webserver_h10__072008\berti-golf.de\public_html\bertichile\puertomont0101\bariloche07.jpg --> bertigolfde.h1403220.stratoserver.net /public_html/bertichile/puertomont0101 bariloche07.jpg
2008.06.27 19:29 B K:\sicherung_webserver_h10__072008\berti-golf.de\public_html\bertichile\puertomont0101\bariloche07_tn.jpg --> bertigolfde.h1403220.stratoserver.net /public_html/bertichile/puertomont0101 bariloche07_tn.jpg
2008.06.27 19:29 B K:\sicherung_webserver_h10__072008\berti-golf.de\public_html\bertichile\puertomont0101\bariloche08.jpg --> bertigolfde.h1403220.stratoserver.net /public_html/bertichile/puertomont0101 bariloche08.jpg
2008.06.27 19:29 B K:\sicherung_webserver_h10__072008\berti-golf.de\public_html\bertichile\puertomont0101\bariloche08_tn.jpg --> bertigolfde.h1403220.stratoserver.net /public_html/bertichile/puertomont0101 bariloche08_tn.jpg
2008.06.27 19:29 B K:\sicherung_webserver_h10__072008\berti-golf.de\public_html\bertichile\puertomont0101\bariloche09.jpg --> bertigolfde.h1403220.stratoserver.net /public_html/bertichile/puertomont0101 bariloche09.jpg
2008.06.27 19:29 B K:\sicherung_webserver_h10__072008\berti-golf.de\public_html\bertichile\puertomont0101\bariloche09_tn.jpg --> bertigolfde.h1403220.stratoserver.net /public_html/bertichile/puertomont0101 bariloche09_tn.jpg
2008.06.27 19:29 B K:\sicherung_webserver_h10__072008\berti-golf.de\public_html\bertichile\puertomont0101\bariloche10.jpg --> bertigolfde.h1403220.stratoserver.net /public_html/bertichile/puertomont0101 bariloche10.jpg
2008.06.27 19:29 B K:\sicherung_webserver_h10__072008\berti-golf.de\public_html\bertichile\puertomont0101\bariloche10_tn.jpg --> bertigolfde.h1403220.stratoserver.net /public_html/bertichile/puertomont0101 bariloche10_tn.jpg
2008.06.27 19:29 B K:\sicherung_webserver_h10__072008\berti-golf.de\public_html\bertichile\puertomont0101\bariloche13.jpg --> bertigolfde.h1403220.stratoserver.net /public_html/bertichile/puertomont0101 bariloche13.jpg
2008.06.27 19:29 B K:\sicherung_webserver_h10__072008\berti-golf.de\public_html\bertichile\puertomont0101\bariloche13_tn.jpg --> bertigolfde.h1403220.stratoserver.net /public_html/bertichile/puertomont0101 bariloche13_tn.jpg
2008.06.27 19:29 B K:\sicherung_webserver_h10__072008\berti-golf.de\public_html\bertichile\puertomont0101\bariloche17.jpg --> bertigolfde.h1403220.stratoserver.net /public_html/bertichile/puertomont0101 bariloche17.jpg
2008.06.27 19:29 B K:\sicherung_webserver_h10__072008\berti-golf.de\public_html\bertichile\puertomont0101\bariloche17_tn.jpg --> bertigolfde.h1403220.stratoserver.net /public_html/bertichile/puertomont0101 bariloche17_tn.jpg
2008.06.27 19:29 B K:\sicherung_webserver_h10__072008\berti-golf.de\public_html\bertichile\puertomont0101\bariloche18.jpg --> bertigolfde.h1403220.stratoserver.net /public_html/bertichile/puertomont0101 bariloche18.jpg
2008.06.27 19:29 B K:\sicherung_webserver_h10__072008\berti-golf.de\public_html\bertichile\puertomont0101\bariloche18_tn.jpg --> bertigolfde.h1403220.stratoserver.net /public_html/bertichile/puertomont0101 bariloche18_tn.jpg
2008.06.27 19:29 B K:\sicherung_webserver_h10__072008\berti-golf.de\public_html\bertichile\puertomont0101\bariloche20.jpg --> bertigolfde.h1403220.stratoserver.net /public_html/bertichile/puertomont0101 bariloche20.jpg
2008.06.27 19:29 B K:\sicherung_webserver_h10__072008\berti-golf.de\public_html\bertichile\puertomont0101\bariloche20_tn.jpg --> bertigolfde.h1403220.stratoserver.net /public_html/bertichile/puertomont0101 bariloche20_tn.jpg
2008.06.27 19:29 B K:\sicherung_webserver_h10__072008\berti-golf.de\public_html\bertichile\puertomont0101\bariloche21.jpg --> bertigolfde.h1403220.stratoserver.net /public_html/bertichile/puertomont0101 bariloche21.jpg
2008.06.27 19:29 B K:\sicherung_webserver_h10__072008\berti-golf.de\public_html\bertichile\puertomont0101\bariloche21_tn.jpg --> bertigolfde.h1403220.stratoserver.net /public_html/bertichile/puertomont0101 bariloche21_tn.jpg
2008.06.27 19:30 B K:\sicherung_webserver_h10__072008\berti-golf.de\public_html\bertichile\puertomont0101\bariloche23.jpg --> bertigolfde.h1403220.stratoserver.net /public_html/bertichile/puertomont0101 bariloche23.jpg
2008.06.27 19:30 B K:\sicherung_webserver_h10__072008\berti-golf.de\public_html\bertichile\puertomont0101\bariloche23_tn.jpg --> bertigolfde.h1403220.stratoserver.net /public_html/bertichile/puertomont0101 bariloche23_tn.jpg
2008.06.27 19:30 B K:\sicherung_webserver_h10__072008\berti-golf.de\public_html\bertichile\puertomont0101\bariloche24.jpg --> bertigolfde.h1403220.stratoserver.net /public_html/bertichile/puertomont0101 bariloche24.jpg
2008.06.27 19:30 B K:\sicherung_webserver_h10__072008\berti-golf.de\public_html\bertichile\puertomont0101\bariloche24_tn.jpg --> bertigolfde.h1403220.stratoserver.net /public_html/bertichile/puertomont0101 bariloche24_tn.jpg
2008.06.27 19:30 B K:\sicherung_webserver_h10__072008\berti-golf.de\public_html\bertichile\puertomont0101\llanquehue1.jpg --> bertigolfde.h1403220.stratoserver.net /public_html/bertichile/puertomont0101 llanquehue1.jpg
2008.06.27 19:30 B K:\sicherung_webserver_h10__072008\berti-golf.de\public_html\bertichile\puertomont0101\llanquehue1_tn.jpg --> bertigolfde.h1403220.stratoserver.net /public_html/bertichile/puertomont0101 llanquehue1_tn.jpg
2008.06.27 19:30 B K:\sicherung_webserver_h10__072008\berti-golf.de\public_html\bertichile\puertomont0101\llanquehue3.jpg --> bertigolfde.h1403220.stratoserver.net /public_html/bertichile/puertomont0101 llanquehue3.jpg
2008.06.27 19:30 B K:\sicherung_webserver_h10__072008\berti-golf.de\public_html\bertichile\puertomont0101\llanquehue3_tn.jpg --> bertigolfde.h1403220.stratoserver.net /public_html/bertichile/puertomont0101 llanquehue3_tn.jpg
2008.06.27 19:30 B K:\sicherung_webserver_h10__072008\berti-golf.de\public_html\bertichile\puertomont0101\llanquehue4.jpg --> bertigolfde.h1403220.stratoserver.net /public_html/bertichile/puertomont0101 llanquehue4.jpg
2008.06.27 19:30 B K:\sicherung_webserver_h10__072008\berti-golf.de\public_html\bertichile\puertomont0101\llanquehue4_tn.jpg --> bertigolfde.h1403220.stratoserver.net /public_html/bertichile/puertomont0101 llanquehue4_tn.jpg
2008.06.27 19:30 B K:\sicherung_webserver_h10__072008\berti-golf.de\public_html\bertichile\puertomont0101\llanquehue6.jpg --> bertigolfde.h1403220.stratoserver.net /public_html/bertichile/puertomont0101 llanquehue6.jpg
2008.06.27 19:30 B K:\sicherung_webserver_h10__072008\berti-golf.de\public_html\bertichile\puertomont0101\llanquehue6_tn.jpg --> bertigolfde.h1403220.stratoserver.net /public_html/bertichile/puertomont0101 llanquehue6_tn.jpg
2008.06.27 19:30 B K:\sicherung_webserver_h10__072008\berti-golf.de\public_html\bertichile\puertomont0101\llanquehue7.jpg --> bertigolfde.h1403220.stratoserver.net /public_html/bertichile/puertomont0101 llanquehue7.jpg
2008.06.27 19:30 B K:\sicherung_webserver_h10__072008\berti-golf.de\public_html\bertichile\puertomont0101\llanquehue7_tn.jpg --> bertigolfde.h1403220.stratoserver.net /public_html/bertichile/puertomont0101 llanquehue7_tn.jpg
2008.06.27 19:30 B K:\sicherung_webserver_h10__072008\berti-golf.de\public_html\bertichile\puertomont0101\osorno1.jpg --> bertigolfde.h1403220.stratoserver.net /public_html/bertichile/puertomont0101 osorno1.jpg
2008.06.27 19:30 B K:\sicherung_webserver_h10__072008\berti-golf.de\public_html\bertichile\puertomont0101\osorno1_tn.jpg --> bertigolfde.h1403220.stratoserver.net /public_html/bertichile/puertomont0101 osorno1_tn.jpg
2008.06.27 19:30 B K:\sicherung_webserver_h10__072008\berti-golf.de\public_html\bertichile\puertomont0101\osorno3.jpg --> bertigolfde.h1403220.stratoserver.net /public_html/bertichile/puertomont0101 osorno3.jpg
2008.06.27 19:30 B K:\sicherung_webserver_h10__072008\berti-golf.de\public_html\bertichile\puertomont0101\osorno3_tn.jpg --> bertigolfde.h1403220.stratoserver.net /public_html/bertichile/puertomont0101 osorno3_tn.jpg
2008.06.27 19:30 B K:\sicherung_webserver_h10__072008\berti-golf.de\public_html\bertichile\puertomont0101\osorno4.jpg --> bertigolfde.h1403220.stratoserver.net /public_html/bertichile/puertomont0101 osorno4.jpg
2008.06.27 19:30 B K:\sicherung_webserver_h10__072008\berti-golf.de\public_html\bertichile\puertomont0101\osorno4_tn.jpg --> bertigolfde.h1403220.stratoserver.net /public_html/bertichile/puertomont0101 osorno4_tn.jpg
2008.06.27 19:30 B K:\sicherung_webserver_h10__072008\berti-golf.de\public_html\bertichile\puertomont0101\osorno5.jpg --> bertigolfde.h1403220.stratoserver.net /public_html/bertichile/puertomont0101 osorno5.jpg
2008.06.27 19:30 B K:\sicherung_webserver_h10__072008\berti-golf.de\public_html\bertichile\puertomont0101\osorno5_tn.jpg --> bertigolfde.h1403220.stratoserver.net /public_html/bertichile/puertomont0101 osorno5_tn.jpg
2008.06.27 19:30 B K:\sicherung_webserver_h10__072008\berti-golf.de\public_html\bertichile\puertomont0101\pm-arg02.jpg --> bertigolfde.h1403220.stratoserver.net /public_html/bertichile/puertomont0101 pm-arg02.jpg
2008.06.27 19:30 B K:\sicherung_webserver_h10__072008\berti-golf.de\public_html\bertichile\puertomont0101\pm-arg02_tn.jpg --> bertigolfde.h1403220.stratoserver.net /public_html/bertichile/puertomont0101 pm-arg02_tn.jpg
2008.06.27 19:30 B K:\sicherung_webserver_h10__072008\berti-golf.de\public_html\bertichile\puertomont0101\pm-arg03.jpg --> bertigolfde.h1403220.stratoserver.net /public_html/bertichile/puertomont0101 pm-arg03.jpg
2008.06.27 19:30 B K:\sicherung_webserver_h10__072008\berti-golf.de\public_html\bertichile\puertomont0101\pm-arg03_tn.jpg --> bertigolfde.h1403220.stratoserver.net /public_html/bertichile/puertomont0101 pm-arg03_tn.jpg
2008.06.27 19:30 B K:\sicherung_webserver_h10__072008\berti-golf.de\public_html\bertichile\puertomont0101\pm-arg04.jpg --> bertigolfde.h1403220.stratoserver.net /public_html/bertichile/puertomont0101 pm-arg04.jpg
2008.06.27 19:30 B K:\sicherung_webserver_h10__072008\berti-golf.de\public_html\bertichile\puertomont0101\pm-arg04_tn.jpg --> bertigolfde.h1403220.stratoserver.net /public_html/bertichile/puertomont0101 pm-arg04_tn.jpg
2008.06.27 19:30 B K:\sicherung_webserver_h10__072008\berti-golf.de\public_html\bertichile\puertomont0101\pm-arg05.jpg --> bertigolfde.h1403220.stratoserver.net /public_html/bertichile/puertomont0101 pm-arg05.jpg
2008.06.27 19:30 B K:\sicherung_webserver_h10__072008\berti-golf.de\public_html\bertichile\puertomont0101\pm-arg05_tn.jpg --> bertigolfde.h1403220.stratoserver.net /public_html/bertichile/puertomont0101 pm-arg05_tn.jpg
2008.06.27 19:30 B K:\sicherung_webserver_h10__072008\berti-golf.de\public_html\bertichile\puertomont0101\pm-arg06a.jpg --> bertigolfde.h1403220.stratoserver.net /public_html/bertichile/puertomont0101 pm-arg06a.jpg
2008.06.27 19:30 B K:\sicherung_webserver_h10__072008\berti-golf.de\public_html\bertichile\puertomont0101\pm-arg06a_tn.jpg --> bertigolfde.h1403220.stratoserver.net /public_html/bertichile/puertomont0101 pm-arg06a_tn.jpg
2008.06.27 19:30 B K:\sicherung_webserver_h10__072008\berti-golf.de\public_html\bertichile\puertomont0101\pm-arg06b.jpg --> bertigolfde.h1403220.stratoserver.net /public_html/bertichile/puertomont0101 pm-arg06b.jpg
2008.06.27 19:30 B K:\sicherung_webserver_h10__072008\berti-golf.de\public_html\bertichile\puertomont0101\pm-arg06b_tn.jpg --> bertigolfde.h1403220.stratoserver.net /public_html/bertichile/puertomont0101 pm-arg06b_tn.jpg
2008.06.27 19:30 B K:\sicherung_webserver_h10__072008\berti-golf.de\public_html\bertichile\puertomont0101\pm-arg07.jpg --> bertigolfde.h1403220.stratoserver.net /public_html/bertichile/puertomont0101 pm-arg07.jpg
2008.06.27 19:30 B K:\sicherung_webserver_h10__072008\berti-golf.de\public_html\bertichile\puertomont0101\pm-arg07_tn.jpg --> bertigolfde.h1403220.stratoserver.net /public_html/bertichile/puertomont0101 pm-arg07_tn.jpg
2008.06.27 19:30 B K:\sicherung_webserver_h10__072008\berti-golf.de\public_html\bertichile\puertomont0101\pm-arg10.jpg --> bertigolfde.h1403220.stratoserver.net /public_html/bertichile/puertomont0101 pm-arg10.jpg
2008.06.27 19:30 B K:\sicherung_webserver_h10__072008\berti-golf.de\public_html\bertichile\puertomont0101\pm-arg10_tn.jpg --> bertigolfde.h1403220.stratoserver.net /public_html/bertichile/puertomont0101 pm-arg10_tn.jpg
2008.06.27 19:30 B K:\sicherung_webserver_h10__072008\berti-golf.de\public_html\bertichile\puertomont0101\pm-arg12.jpg --> bertigolfde.h1403220.stratoserver.net /public_html/bertichile/puertomont0101 pm-arg12.jpg
2008.06.27 19:30 B K:\sicherung_webserver_h10__072008\berti-golf.de\public_html\bertichile\puertomont0101\pm-arg12_tn.jpg --> bertigolfde.h1403220.stratoserver.net /public_html/bertichile/puertomont0101 pm-arg12_tn.jpg
2008.06.27 19:30 B K:\sicherung_webserver_h10__072008\berti-golf.de\public_html\bertichile\puertomont0101\pm-arg14.jpg --> bertigolfde.h1403220.stratoserver.net /public_html/bertichile/puertomont0101 pm-arg14.jpg
2008.06.27 19:30 B K:\sicherung_webserver_h10__072008\berti-golf.de\public_html\bertichile\puertomont0101\pm-arg14_tn.jpg --> bertigolfde.h1403220.stratoserver.net /public_html/bertichile/puertomont0101 pm-arg14_tn.jpg
2008.06.27 19:30 B K:\sicherung_webserver_h10__072008\berti-golf.de\public_html\bertichile\puertomont0101\pm-arg16.jpg --> bertigolfde.h1403220.stratoserver.net /public_html/bertichile/puertomont0101 pm-arg16.jpg
2008.06.27 19:30 B K:\sicherung_webserver_h10__072008\berti-golf.de\public_html\bertichile\puertomont0101\pm-arg16_tn.jpg --> bertigolfde.h1403220.stratoserver.net /public_html/bertichile/puertomont0101 pm-arg16_tn.jpg
2008.06.27 19:30 B K:\sicherung_webserver_h10__072008\berti-golf.de\public_html\bertichile\puertomont0101\pm-arg19.jpg --> bertigolfde.h1403220.stratoserver.net /public_html/bertichile/puertomont0101 pm-arg19.jpg
2008.06.27 19:30 B K:\sicherung_webserver_h10__072008\berti-golf.de\public_html\bertichile\puertomont0101\pm-arg19_tn.jpg --> bertigolfde.h1403220.stratoserver.net /public_html/bertichile/puertomont0101 pm-arg19_tn.jpg
2008.06.27 19:30 B K:\sicherung_webserver_h10__072008\berti-golf.de\public_html\bertichile\puertomont0101\pm.html --> bertigolfde.h1403220.stratoserver.net /public_html/bertichile/puertomont0101 pm.html
2008.06.27 19:30 B K:\sicherung_webserver_h10__072008\berti-golf.de\public_html\bertichile\puertomont0101\puertomont01.jpg --> bertigolfde.h1403220.stratoserver.net /public_html/bertichile/puertomont0101 puertomont01.jpg
2008.06.27 19:30 B K:\sicherung_webserver_h10__072008\berti-golf.de\public_html\bertichile\puertomont0101\puertomont01_tn.jpg --> bertigolfde.h1403220.stratoserver.net /public_html/bertichile/puertomont0101 puertomont01_tn.jpg
2008.06.27 19:30 B K:\sicherung_webserver_h10__072008\berti-golf.de\public_html\bertichile\puertomont0101\puertomont02.jpg --> bertigolfde.h1403220.stratoserver.net /public_html/bertichile/puertomont0101 puertomont02.jpg
2008.06.27 19:30 B K:\sicherung_webserver_h10__072008\berti-golf.de\public_html\bertichile\puertomont0101\puertomont02_tn.jpg --> bertigolfde.h1403220.stratoserver.net /public_html/bertichile/puertomont0101 puertomont02_tn.jpg
2008.06.27 19:30 B K:\sicherung_webserver_h10__072008\berti-golf.de\public_html\bertichile\puertomont0101\puertomont03.jpg --> bertigolfde.h1403220.stratoserver.net /public_html/bertichile/puertomont0101 puertomont03.jpg
2008.06.27 19:30 B K:\sicherung_webserver_h10__072008\berti-golf.de\public_html\bertichile\puertomont0101\puertomont03_tn.jpg --> bertigolfde.h1403220.stratoserver.net /public_html/bertichile/puertomont0101 puertomont03_tn.jpg
2008.06.27 19:30 B K:\sicherung_webserver_h10__072008\berti-golf.de\public_html\bertichile\puertomont0101\puertomont04.jpg --> bertigolfde.h1403220.stratoserver.net /public_html/bertichile/puertomont0101 puertomont04.jpg
2008.06.27 19:30 B K:\sicherung_webserver_h10__072008\berti-golf.de\public_html\bertichile\puertomont0101\puertomont04_tn.jpg --> bertigolfde.h1403220.stratoserver.net /public_html/bertichile/puertomont0101 puertomont04_tn.jpg
2008.06.27 19:30 B K:\sicherung_webserver_h10__072008\berti-golf.de\public_html\bertichile\puertomont0101\puertomont05.jpg --> bertigolfde.h1403220.stratoserver.net /public_html/bertichile/puertomont0101 puertomont05.jpg
2008.06.27 19:30 B K:\sicherung_webserver_h10__072008\berti-golf.de\public_html\bertichile\puertomont0101\puertomont05_tn.jpg --> bertigolfde.h1403220.stratoserver.net /public_html/bertichile/puertomont0101 puertomont05_tn.jpg
2008.06.27 19:30 B K:\sicherung_webserver_h10__072008\berti-golf.de\public_html\bertichile\puertomont0101\puertomont06.jpg --> bertigolfde.h1403220.stratoserver.net /public_html/bertichile/puertomont0101 puertomont06.jpg
2008.06.27 19:30 B K:\sicherung_webserver_h10__072008\berti-golf.de\public_html\bertichile\puertomont0101\puertomont06_tn.jpg --> bertigolfde.h1403220.stratoserver.net /public_html/bertichile/puertomont0101 puertomont06_tn.jpg
2008.06.27 19:30 B K:\sicherung_webserver_h10__072008\berti-golf.de\public_html\bertichile\puertomont0101\puertomont07.jpg --> bertigolfde.h1403220.stratoserver.net /public_html/bertichile/puertomont0101 puertomont07.jpg
2008.06.27 19:30 B K:\sicherung_webserver_h10__072008\berti-golf.de\public_html\bertichile\puertomont0101\puertomont07_tn.jpg --> bertigolfde.h1403220.stratoserver.net /public_html/bertichile/puertomont0101 puertomont07_tn.jpg
2008.06.27 19:30 B K:\sicherung_webserver_h10__072008\berti-golf.de\public_html\bertichile\puertomont0101\puertovaras.jpg --> bertigolfde.h1403220.stratoserver.net /public_html/bertichile/puertomont0101 puertovaras.jpg
2008.06.27 19:30 B K:\sicherung_webserver_h10__072008\berti-golf.de\public_html\bertichile\puertomont0101\puertovaras_tn.jpg --> bertigolfde.h1403220.stratoserver.net /public_html/bertichile/puertomont0101 puertovaras_tn.jpg
2008.06.27 19:30 B K:\sicherung_webserver_h10__072008\berti-golf.de\public_html\bertichile\puertomont0101\tren1.jpg --> bertigolfde.h1403220.stratoserver.net /public_html/bertichile/puertomont0101 tren1.jpg
2008.06.27 19:30 B K:\sicherung_webserver_h10__072008\berti-golf.de\public_html\bertichile\puertomont0101\tren1_tn.jpg --> bertigolfde.h1403220.stratoserver.net /public_html/bertichile/puertomont0101 tren1_tn.jpg
2008.06.27 19:30 B K:\sicherung_webserver_h10__072008\berti-golf.de\public_html\bertichile\puertomont0101\tren2.jpg --> bertigolfde.h1403220.stratoserver.net /public_html/bertichile/puertomont0101 tren2.jpg
2008.06.27 19:30 B K:\sicherung_webserver_h10__072008\berti-golf.de\public_html\bertichile\puertomont0101\tren2_tn.jpg --> bertigolfde.h1403220.stratoserver.net /public_html/bertichile/puertomont0101 tren2_tn.jpg
2008.06.27 19:30 B K:\sicherung_webserver_h10__072008\berti-golf.de\public_html\bertichile\puertomont0101\valdivia01.jpg --> bertigolfde.h1403220.stratoserver.net /public_html/bertichile/puertomont0101 valdivia01.jpg
2008.06.27 19:30 B K:\sicherung_webserver_h10__072008\berti-golf.de\public_html\bertichile\puertomont0101\valdivia01_tn.jpg --> bertigolfde.h1403220.stratoserver.net /public_html/bertichile/puertomont0101 valdivia01_tn.jpg
2008.06.27 19:30 B K:\sicherung_webserver_h10__072008\berti-golf.de\public_html\bertichile\puertomont0101\valdivia03.jpg --> bertigolfde.h1403220.stratoserver.net /public_html/bertichile/puertomont0101 valdivia03.jpg
2008.06.27 19:31 B K:\sicherung_webserver_h10__072008\berti-golf.de\public_html\bertichile\puertomont0101\valdivia03_tn.jpg --> bertigolfde.h1403220.stratoserver.net /public_html/bertichile/puertomont0101 valdivia03_tn.jpg
2008.06.27 19:31 B K:\sicherung_webserver_h10__072008\berti-golf.de\public_html\bertichile\puertomont0101\valdivia05.jpg --> bertigolfde.h1403220.stratoserver.net /public_html/bertichile/puertomont0101 valdivia05.jpg
2008.06.27 19:31 B K:\sicherung_webserver_h10__072008\berti-golf.de\public_html\bertichile\puertomont0101\valdivia05_tn.jpg --> bertigolfde.h1403220.stratoserver.net /public_html/bertichile/puertomont0101 valdivia05_tn.jpg
2009.05.01 07:22 B Z:\home\Berti\public_html\www.berti-golf.de\bertichile\puertomont0101\WS_FTP.LOG <-- bertigolfde.h1403220.stratoserver.net /public_html/bertichile/puertomont0101 WS_FTP.LOG
2009.12.08 18:06 B Z:\home\Berti\public_html\www.berti-golf.de\bertichile\puertomont0101\bariloche02.jpg --> h1667152.stratoserver.net /httpdocs/bertichile/puertomont0101 bariloche02.jpg
2009.12.08 18:06 B Z:\home\Berti\public_html\www.berti-golf.de\bertichile\puertomont0101\bariloche02_tn.jpg --> h1667152.stratoserver.net /httpdocs/bertichile/puertomont0101 bariloche02_tn.jpg
2009.12.08 18:06 B Z:\home\Berti\public_html\www.berti-golf.de\bertichile\puertomont0101\bariloche03.jpg --> h1667152.stratoserver.net /httpdocs/bertichile/puertomont0101 bariloche03.jpg
2009.12.08 18:06 B Z:\home\Berti\public_html\www.berti-golf.de\bertichile\puertomont0101\bariloche03_tn.jpg --> h1667152.stratoserver.net /httpdocs/bertichile/puertomont0101 bariloche03_tn.jpg
2009.12.08 18:06 B Z:\home\Berti\public_html\www.berti-golf.de\bertichile\puertomont0101\bariloche04.jpg --> h1667152.stratoserver.net /httpdocs/bertichile/puertomont0101 bariloche04.jpg
2009.12.08 18:06 B Z:\home\Berti\public_html\www.berti-golf.de\bertichile\puertomont0101\bariloche04_tn.jpg --> h1667152.stratoserver.net /httpdocs/bertichile/puertomont0101 bariloche04_tn.jpg
2009.12.08 18:06 B Z:\home\Berti\public_html\www.berti-golf.de\bertichile\puertomont0101\bariloche07.jpg --> h1667152.stratoserver.net /httpdocs/bertichile/puertomont0101 bariloche07.jpg
2009.12.08 18:06 B Z:\home\Berti\public_html\www.berti-golf.de\bertichile\puertomont0101\bariloche07_tn.jpg --> h1667152.stratoserver.net /httpdocs/bertichile/puertomont0101 bariloche07_tn.jpg
2009.12.08 18:06 B Z:\home\Berti\public_html\www.berti-golf.de\bertichile\puertomont0101\bariloche08.jpg --> h1667152.stratoserver.net /httpdocs/bertichile/puertomont0101 bariloche08.jpg
2009.12.08 18:06 B Z:\home\Berti\public_html\www.berti-golf.de\bertichile\puertomont0101\bariloche08_tn.jpg --> h1667152.stratoserver.net /httpdocs/bertichile/puertomont0101 bariloche08_tn.jpg
2009.12.08 18:06 B Z:\home\Berti\public_html\www.berti-golf.de\bertichile\puertomont0101\bariloche09.jpg --> h1667152.stratoserver.net /httpdocs/bertichile/puertomont0101 bariloche09.jpg
2009.12.08 18:06 B Z:\home\Berti\public_html\www.berti-golf.de\bertichile\puertomont0101\bariloche09_tn.jpg --> h1667152.stratoserver.net /httpdocs/bertichile/puertomont0101 bariloche09_tn.jpg
2009.12.08 18:06 B Z:\home\Berti\public_html\www.berti-golf.de\bertichile\puertomont0101\bariloche10.jpg --> h1667152.stratoserver.net /httpdocs/bertichile/puertomont0101 bariloche10.jpg
2009.12.08 18:06 B Z:\home\Berti\public_html\www.berti-golf.de\bertichile\puertomont0101\bariloche10_tn.jpg --> h1667152.stratoserver.net /httpdocs/bertichile/puertomont0101 bariloche10_tn.jpg
2009.12.08 18:06 B Z:\home\Berti\public_html\www.berti-golf.de\bertichile\puertomont0101\bariloche13.jpg --> h1667152.stratoserver.net /httpdocs/bertichile/puertomont0101 bariloche13.jpg
2009.12.08 18:06 B Z:\home\Berti\public_html\www.berti-golf.de\bertichile\puertomont0101\bariloche13_tn.jpg --> h1667152.stratoserver.net /httpdocs/bertichile/puertomont0101 bariloche13_tn.jpg
2009.12.08 18:06 B Z:\home\Berti\public_html\www.berti-golf.de\bertichile\puertomont0101\bariloche17.jpg --> h1667152.stratoserver.net /httpdocs/bertichile/puertomont0101 bariloche17.jpg
2009.12.08 18:06 B Z:\home\Berti\public_html\www.berti-golf.de\bertichile\puertomont0101\bariloche17_tn.jpg --> h1667152.stratoserver.net /httpdocs/bertichile/puertomont0101 bariloche17_tn.jpg
2009.12.08 18:06 B Z:\home\Berti\public_html\www.berti-golf.de\bertichile\puertomont0101\bariloche18.jpg --> h1667152.stratoserver.net /httpdocs/bertichile/puertomont0101 bariloche18.jpg
2009.12.08 18:06 B Z:\home\Berti\public_html\www.berti-golf.de\bertichile\puertomont0101\bariloche18_tn.jpg --> h1667152.stratoserver.net /httpdocs/bertichile/puertomont0101 bariloche18_tn.jpg
2009.12.08 18:06 B Z:\home\Berti\public_html\www.berti-golf.de\bertichile\puertomont0101\bariloche20.jpg --> h1667152.stratoserver.net /httpdocs/bertichile/puertomont0101 bariloche20.jpg
2009.12.08 18:06 B Z:\home\Berti\public_html\www.berti-golf.de\bertichile\puertomont0101\bariloche20_tn.jpg --> h1667152.stratoserver.net /httpdocs/bertichile/puertomont0101 bariloche20_tn.jpg
2009.12.08 18:06 B Z:\home\Berti\public_html\www.berti-golf.de\bertichile\puertomont0101\bariloche21.jpg --> h1667152.stratoserver.net /httpdocs/bertichile/puertomont0101 bariloche21.jpg
2009.12.08 18:06 B Z:\home\Berti\public_html\www.berti-golf.de\bertichile\puertomont0101\bariloche21_tn.jpg --> h1667152.stratoserver.net /httpdocs/bertichile/puertomont0101 bariloche21_tn.jpg
2009.12.08 18:06 B Z:\home\Berti\public_html\www.berti-golf.de\bertichile\puertomont0101\bariloche23.jpg --> h1667152.stratoserver.net /httpdocs/bertichile/puertomont0101 bariloche23.jpg
2009.12.08 18:06 B Z:\home\Berti\public_html\www.berti-golf.de\bertichile\puertomont0101\bariloche23_tn.jpg --> h1667152.stratoserver.net /httpdocs/bertichile/puertomont0101 bariloche23_tn.jpg
2009.12.08 18:06 B Z:\home\Berti\public_html\www.berti-golf.de\bertichile\puertomont0101\bariloche24.jpg --> h1667152.stratoserver.net /httpdocs/bertichile/puertomont0101 bariloche24.jpg
2009.12.08 18:06 B Z:\home\Berti\public_html\www.berti-golf.de\bertichile\puertomont0101\bariloche24_tn.jpg --> h1667152.stratoserver.net /httpdocs/bertichile/puertomont0101 bariloche24_tn.jpg
2009.12.08 18:06 B Z:\home\Berti\public_html\www.berti-golf.de\bertichile\puertomont0101\llanquehue1.jpg --> h1667152.stratoserver.net /httpdocs/bertichile/puertomont0101 llanquehue1.jpg
2009.12.08 18:06 B Z:\home\Berti\public_html\www.berti-golf.de\bertichile\puertomont0101\llanquehue1_tn.jpg --> h1667152.stratoserver.net /httpdocs/bertichile/puertomont0101 llanquehue1_tn.jpg
2009.12.08 18:06 B Z:\home\Berti\public_html\www.berti-golf.de\bertichile\puertomont0101\llanquehue3.jpg --> h1667152.stratoserver.net /httpdocs/bertichile/puertomont0101 llanquehue3.jpg
2009.12.08 18:06 B Z:\home\Berti\public_html\www.berti-golf.de\bertichile\puertomont0101\llanquehue3_tn.jpg --> h1667152.stratoserver.net /httpdocs/bertichile/puertomont0101 llanquehue3_tn.jpg
2009.12.08 18:06 B Z:\home\Berti\public_html\www.berti-golf.de\bertichile\puertomont0101\llanquehue4.jpg --> h1667152.stratoserver.net /httpdocs/bertichile/puertomont0101 llanquehue4.jpg
2009.12.08 18:06 B Z:\home\Berti\public_html\www.berti-golf.de\bertichile\puertomont0101\llanquehue4_tn.jpg --> h1667152.stratoserver.net /httpdocs/bertichile/puertomont0101 llanquehue4_tn.jpg
2009.12.08 18:06 B Z:\home\Berti\public_html\www.berti-golf.de\bertichile\puertomont0101\llanquehue6.jpg --> h1667152.stratoserver.net /httpdocs/bertichile/puertomont0101 llanquehue6.jpg
2009.12.08 18:06 B Z:\home\Berti\public_html\www.berti-golf.de\bertichile\puertomont0101\llanquehue6_tn.jpg --> h1667152.stratoserver.net /httpdocs/bertichile/puertomont0101 llanquehue6_tn.jpg
2009.12.08 18:06 B Z:\home\Berti\public_html\www.berti-golf.de\bertichile\puertomont0101\llanquehue7.jpg --> h1667152.stratoserver.net /httpdocs/bertichile/puertomont0101 llanquehue7.jpg
2009.12.08 18:06 B Z:\home\Berti\public_html\www.berti-golf.de\bertichile\puertomont0101\llanquehue7_tn.jpg --> h1667152.stratoserver.net /httpdocs/bertichile/puertomont0101 llanquehue7_tn.jpg
2009.12.08 18:06 B Z:\home\Berti\public_html\www.berti-golf.de\bertichile\puertomont0101\osorno1.jpg --> h1667152.stratoserver.net /httpdocs/bertichile/puertomont0101 osorno1.jpg
2009.12.08 18:06 B Z:\home\Berti\public_html\www.berti-golf.de\bertichile\puertomont0101\osorno1_tn.jpg --> h1667152.stratoserver.net /httpdocs/bertichile/puertomont0101 osorno1_tn.jpg
2009.12.08 18:06 B Z:\home\Berti\public_html\www.berti-golf.de\bertichile\puertomont0101\osorno3.jpg --> h1667152.stratoserver.net /httpdocs/bertichile/puertomont0101 osorno3.jpg
2009.12.08 18:06 B Z:\home\Berti\public_html\www.berti-golf.de\bertichile\puertomont0101\osorno3_tn.jpg --> h1667152.stratoserver.net /httpdocs/bertichile/puertomont0101 osorno3_tn.jpg
2009.12.08 18:06 B Z:\home\Berti\public_html\www.berti-golf.de\bertichile\puertomont0101\osorno4.jpg --> h1667152.stratoserver.net /httpdocs/bertichile/puertomont0101 osorno4.jpg
2009.12.08 18:06 B Z:\home\Berti\public_html\www.berti-golf.de\bertichile\puertomont0101\osorno4_tn.jpg --> h1667152.stratoserver.net /httpdocs/bertichile/puertomont0101 osorno4_tn.jpg
2009.12.08 18:06 B Z:\home\Berti\public_html\www.berti-golf.de\bertichile\puertomont0101\osorno5.jpg --> h1667152.stratoserver.net /httpdocs/bertichile/puertomont0101 osorno5.jpg
2009.12.08 18:06 B Z:\home\Berti\public_html\www.berti-golf.de\bertichile\puertomont0101\osorno5_tn.jpg --> h1667152.stratoserver.net /httpdocs/bertichile/puertomont0101 osorno5_tn.jpg
2009.12.08 18:06 B Z:\home\Berti\public_html\www.berti-golf.de\bertichile\puertomont0101\pm-arg02.jpg --> h1667152.stratoserver.net /httpdocs/bertichile/puertomont0101 pm-arg02.jpg
2009.12.08 18:06 B Z:\home\Berti\public_html\www.berti-golf.de\bertichile\puertomont0101\pm-arg02_tn.jpg --> h1667152.stratoserver.net /httpdocs/bertichile/puertomont0101 pm-arg02_tn.jpg
2009.12.08 18:06 B Z:\home\Berti\public_html\www.berti-golf.de\bertichile\puertomont0101\pm-arg03.jpg --> h1667152.stratoserver.net /httpdocs/bertichile/puertomont0101 pm-arg03.jpg
2009.12.08 18:06 B Z:\home\Berti\public_html\www.berti-golf.de\bertichile\puertomont0101\pm-arg03_tn.jpg --> h1667152.stratoserver.net /httpdocs/bertichile/puertomont0101 pm-arg03_tn.jpg
2009.12.08 18:06 B Z:\home\Berti\public_html\www.berti-golf.de\bertichile\puertomont0101\pm-arg04.jpg --> h1667152.stratoserver.net /httpdocs/bertichile/puertomont0101 pm-arg04.jpg
2009.12.08 18:06 B Z:\home\Berti\public_html\www.berti-golf.de\bertichile\puertomont0101\pm-arg04_tn.jpg --> h1667152.stratoserver.net /httpdocs/bertichile/puertomont0101 pm-arg04_tn.jpg
2009.12.08 18:06 B Z:\home\Berti\public_html\www.berti-golf.de\bertichile\puertomont0101\pm-arg05.jpg --> h1667152.stratoserver.net /httpdocs/bertichile/puertomont0101 pm-arg05.jpg
2009.12.08 18:06 B Z:\home\Berti\public_html\www.berti-golf.de\bertichile\puertomont0101\pm-arg05_tn.jpg --> h1667152.stratoserver.net /httpdocs/bertichile/puertomont0101 pm-arg05_tn.jpg
2009.12.08 18:06 B Z:\home\Berti\public_html\www.berti-golf.de\bertichile\puertomont0101\pm-arg06a.jpg --> h1667152.stratoserver.net /httpdocs/bertichile/puertomont0101 pm-arg06a.jpg
2009.12.08 18:06 B Z:\home\Berti\public_html\www.berti-golf.de\bertichile\puertomont0101\pm-arg06a_tn.jpg --> h1667152.stratoserver.net /httpdocs/bertichile/puertomont0101 pm-arg06a_tn.jpg
2009.12.08 18:06 B Z:\home\Berti\public_html\www.berti-golf.de\bertichile\puertomont0101\pm-arg06b.jpg --> h1667152.stratoserver.net /httpdocs/bertichile/puertomont0101 pm-arg06b.jpg
2009.12.08 18:06 B Z:\home\Berti\public_html\www.berti-golf.de\bertichile\puertomont0101\pm-arg06b_tn.jpg --> h1667152.stratoserver.net /httpdocs/bertichile/puertomont0101 pm-arg06b_tn.jpg
2009.12.08 18:06 B Z:\home\Berti\public_html\www.berti-golf.de\bertichile\puertomont0101\pm-arg07.jpg --> h1667152.stratoserver.net /httpdocs/bertichile/puertomont0101 pm-arg07.jpg
2009.12.08 18:06 B Z:\home\Berti\public_html\www.berti-golf.de\bertichile\puertomont0101\pm-arg07_tn.jpg --> h1667152.stratoserver.net /httpdocs/bertichile/puertomont0101 pm-arg07_tn.jpg
2009.12.08 18:06 B Z:\home\Berti\public_html\www.berti-golf.de\bertichile\puertomont0101\pm-arg10.jpg --> h1667152.stratoserver.net /httpdocs/bertichile/puertomont0101 pm-arg10.jpg
2009.12.08 18:06 B Z:\home\Berti\public_html\www.berti-golf.de\bertichile\puertomont0101\pm-arg10_tn.jpg --> h1667152.stratoserver.net /httpdocs/bertichile/puertomont0101 pm-arg10_tn.jpg
2009.12.08 18:06 B Z:\home\Berti\public_html\www.berti-golf.de\bertichile\puertomont0101\pm-arg12.jpg --> h1667152.stratoserver.net /httpdocs/bertichile/puertomont0101 pm-arg12.jpg
2009.12.08 18:06 B Z:\home\Berti\public_html\www.berti-golf.de\bertichile\puertomont0101\pm-arg12_tn.jpg --> h1667152.stratoserver.net /httpdocs/bertichile/puertomont0101 pm-arg12_tn.jpg
2009.12.08 18:06 B Z:\home\Berti\public_html\www.berti-golf.de\bertichile\puertomont0101\pm-arg14.jpg --> h1667152.stratoserver.net /httpdocs/bertichile/puertomont0101 pm-arg14.jpg
2009.12.08 18:06 B Z:\home\Berti\public_html\www.berti-golf.de\bertichile\puertomont0101\pm-arg14_tn.jpg --> h1667152.stratoserver.net /httpdocs/bertichile/puertomont0101 pm-arg14_tn.jpg
2009.12.08 18:06 B Z:\home\Berti\public_html\www.berti-golf.de\bertichile\puertomont0101\pm-arg16.jpg --> h1667152.stratoserver.net /httpdocs/bertichile/puertomont0101 pm-arg16.jpg
2009.12.08 18:06 B Z:\home\Berti\public_html\www.berti-golf.de\bertichile\puertomont0101\pm-arg16_tn.jpg --> h1667152.stratoserver.net /httpdocs/bertichile/puertomont0101 pm-arg16_tn.jpg
2009.12.08 18:06 B Z:\home\Berti\public_html\www.berti-golf.de\bertichile\puertomont0101\pm-arg19.jpg --> h1667152.stratoserver.net /httpdocs/bertichile/puertomont0101 pm-arg19.jpg
2009.12.08 18:06 B Z:\home\Berti\public_html\www.berti-golf.de\bertichile\puertomont0101\pm-arg19_tn.jpg --> h1667152.stratoserver.net /httpdocs/bertichile/puertomont0101 pm-arg19_tn.jpg
2009.12.08 18:06 B Z:\home\Berti\public_html\www.berti-golf.de\bertichile\puertomont0101\pm.html --> h1667152.stratoserver.net /httpdocs/bertichile/puertomont0101 pm.html
2009.12.08 18:06 B Z:\home\Berti\public_html\www.berti-golf.de\bertichile\puertomont0101\puertomont01.jpg --> h1667152.stratoserver.net /httpdocs/bertichile/puertomont0101 puertomont01.jpg
2009.12.08 18:06 B Z:\home\Berti\public_html\www.berti-golf.de\bertichile\puertomont0101\puertomont01_tn.jpg --> h1667152.stratoserver.net /httpdocs/bertichile/puertomont0101 puertomont01_tn.jpg
2009.12.08 18:06 B Z:\home\Berti\public_html\www.berti-golf.de\bertichile\puertomont0101\puertomont02.jpg --> h1667152.stratoserver.net /httpdocs/bertichile/puertomont0101 puertomont02.jpg
2009.12.08 18:06 B Z:\home\Berti\public_html\www.berti-golf.de\bertichile\puertomont0101\puertomont02_tn.jpg --> h1667152.stratoserver.net /httpdocs/bertichile/puertomont0101 puertomont02_tn.jpg
2009.12.08 18:06 B Z:\home\Berti\public_html\www.berti-golf.de\bertichile\puertomont0101\puertomont03.jpg --> h1667152.stratoserver.net /httpdocs/bertichile/puertomont0101 puertomont03.jpg
2009.12.08 18:06 B Z:\home\Berti\public_html\www.berti-golf.de\bertichile\puertomont0101\puertomont03_tn.jpg --> h1667152.stratoserver.net /httpdocs/bertichile/puertomont0101 puertomont03_tn.jpg
2009.12.08 18:06 B Z:\home\Berti\public_html\www.berti-golf.de\bertichile\puertomont0101\puertomont04.jpg --> h1667152.stratoserver.net /httpdocs/bertichile/puertomont0101 puertomont04.jpg
2009.12.08 18:06 B Z:\home\Berti\public_html\www.berti-golf.de\bertichile\puertomont0101\puertomont04_tn.jpg --> h1667152.stratoserver.net /httpdocs/bertichile/puertomont0101 puertomont04_tn.jpg
2009.12.08 18:06 B Z:\home\Berti\public_html\www.berti-golf.de\bertichile\puertomont0101\puertomont05.jpg --> h1667152.stratoserver.net /httpdocs/bertichile/puertomont0101 puertomont05.jpg
2009.12.08 18:06 B Z:\home\Berti\public_html\www.berti-golf.de\bertichile\puertomont0101\puertomont05_tn.jpg --> h1667152.stratoserver.net /httpdocs/bertichile/puertomont0101 puertomont05_tn.jpg
2009.12.08 18:06 B Z:\home\Berti\public_html\www.berti-golf.de\bertichile\puertomont0101\puertomont06.jpg --> h1667152.stratoserver.net /httpdocs/bertichile/puertomont0101 puertomont06.jpg
2009.12.08 18:06 B Z:\home\Berti\public_html\www.berti-golf.de\bertichile\puertomont0101\puertomont06_tn.jpg --> h1667152.stratoserver.net /httpdocs/bertichile/puertomont0101 puertomont06_tn.jpg
2009.12.08 18:06 B Z:\home\Berti\public_html\www.berti-golf.de\bertichile\puertomont0101\puertomont07.jpg --> h1667152.stratoserver.net /httpdocs/bertichile/puertomont0101 puertomont07.jpg
2009.12.08 18:06 B Z:\home\Berti\public_html\www.berti-golf.de\bertichile\puertomont0101\puertomont07_tn.jpg --> h1667152.stratoserver.net /httpdocs/bertichile/puertomont0101 puertomont07_tn.jpg
2009.12.08 18:07 B Z:\home\Berti\public_html\www.berti-golf.de\bertichile\puertomont0101\puertovaras.jpg --> h1667152.stratoserver.net /httpdocs/bertichile/puertomont0101 puertovaras.jpg
2009.12.08 18:07 B Z:\home\Berti\public_html\www.berti-golf.de\bertichile\puertomont0101\puertovaras_tn.jpg --> h1667152.stratoserver.net /httpdocs/bertichile/puertomont0101 puertovaras_tn.jpg
2009.12.08 18:07 B Z:\home\Berti\public_html\www.berti-golf.de\bertichile\puertomont0101\tren1.jpg --> h1667152.stratoserver.net /httpdocs/bertichile/puertomont0101 tren1.jpg
2009.12.08 18:07 B Z:\home\Berti\public_html\www.berti-golf.de\bertichile\puertomont0101\tren1_tn.jpg --> h1667152.stratoserver.net /httpdocs/bertichile/puertomont0101 tren1_tn.jpg
2009.12.08 18:07 B Z:\home\Berti\public_html\www.berti-golf.de\bertichile\puertomont0101\tren2.jpg --> h1667152.stratoserver.net /httpdocs/bertichile/puertomont0101 tren2.jpg
2009.12.08 18:07 B Z:\home\Berti\public_html\www.berti-golf.de\bertichile\puertomont0101\tren2_tn.jpg --> h1667152.stratoserver.net /httpdocs/bertichile/puertomont0101 tren2_tn.jpg
2009.12.08 18:07 B Z:\home\Berti\public_html\www.berti-golf.de\bertichile\puertomont0101\valdivia01.jpg --> h1667152.stratoserver.net /httpdocs/bertichile/puertomont0101 valdivia01.jpg
2009.12.08 18:07 B Z:\home\Berti\public_html\www.berti-golf.de\bertichile\puertomont0101\valdivia01_tn.jpg --> h1667152.stratoserver.net /httpdocs/bertichile/puertomont0101 valdivia01_tn.jpg
2009.12.08 18:07 B Z:\home\Berti\public_html\www.berti-golf.de\bertichile\puertomont0101\valdivia03.jpg --> h1667152.stratoserver.net /httpdocs/bertichile/puertomont0101 valdivia03.jpg
2009.12.08 18:07 B Z:\home\Berti\public_html\www.berti-golf.de\bertichile\puertomont0101\valdivia03_tn.jpg --> h1667152.stratoserver.net /httpdocs/bertichile/puertomont0101 valdivia03_tn.jpg
2009.12.08 18:07 B Z:\home\Berti\public_html\www.berti-golf.de\bertichile\puertomont0101\valdivia05.jpg --> h1667152.stratoserver.net /httpdocs/bertichile/puertomont0101 valdivia05.jpg
2009.12.08 18:07 B Z:\home\Berti\public_html\www.berti-golf.de\bertichile\puertomont0101\valdivia05_tn.jpg --> h1667152.stratoserver.net /httpdocs/bertichile/puertomont0101 valdivia05_tn.jpg
