2008.06.27 16:32 B K:\sicherung_webserver_h10__072008\berti-golf.de\public_html\bertichile\puertomont0101\_vti_cnf\bariloche01.jpg <-- www.berti-golf.de /public_html/bertichile/puertomont0101/_vti_cnf bariloche01.jpg
2008.06.27 16:32 B K:\sicherung_webserver_h10__072008\berti-golf.de\public_html\bertichile\puertomont0101\_vti_cnf\bariloche02.jpg <-- www.berti-golf.de /public_html/bertichile/puertomont0101/_vti_cnf bariloche02.jpg
2008.06.27 16:32 B K:\sicherung_webserver_h10__072008\berti-golf.de\public_html\bertichile\puertomont0101\_vti_cnf\bariloche02_tn.jpg <-- www.berti-golf.de /public_html/bertichile/puertomont0101/_vti_cnf bariloche02_tn.jpg
2008.06.27 16:32 B K:\sicherung_webserver_h10__072008\berti-golf.de\public_html\bertichile\puertomont0101\_vti_cnf\bariloche03.jpg <-- www.berti-golf.de /public_html/bertichile/puertomont0101/_vti_cnf bariloche03.jpg
2008.06.27 16:32 B K:\sicherung_webserver_h10__072008\berti-golf.de\public_html\bertichile\puertomont0101\_vti_cnf\bariloche03_tn.jpg <-- www.berti-golf.de /public_html/bertichile/puertomont0101/_vti_cnf bariloche03_tn.jpg
2008.06.27 16:32 B K:\sicherung_webserver_h10__072008\berti-golf.de\public_html\bertichile\puertomont0101\_vti_cnf\bariloche04.jpg <-- www.berti-golf.de /public_html/bertichile/puertomont0101/_vti_cnf bariloche04.jpg
2008.06.27 16:32 B K:\sicherung_webserver_h10__072008\berti-golf.de\public_html\bertichile\puertomont0101\_vti_cnf\bariloche04_tn.jpg <-- www.berti-golf.de /public_html/bertichile/puertomont0101/_vti_cnf bariloche04_tn.jpg
2008.06.27 16:32 B K:\sicherung_webserver_h10__072008\berti-golf.de\public_html\bertichile\puertomont0101\_vti_cnf\bariloche05.jpg <-- www.berti-golf.de /public_html/bertichile/puertomont0101/_vti_cnf bariloche05.jpg
2008.06.27 16:32 B K:\sicherung_webserver_h10__072008\berti-golf.de\public_html\bertichile\puertomont0101\_vti_cnf\bariloche06.jpg <-- www.berti-golf.de /public_html/bertichile/puertomont0101/_vti_cnf bariloche06.jpg
2008.06.27 16:32 B K:\sicherung_webserver_h10__072008\berti-golf.de\public_html\bertichile\puertomont0101\_vti_cnf\bariloche07.jpg <-- www.berti-golf.de /public_html/bertichile/puertomont0101/_vti_cnf bariloche07.jpg
2008.06.27 16:32 B K:\sicherung_webserver_h10__072008\berti-golf.de\public_html\bertichile\puertomont0101\_vti_cnf\bariloche07_tn.jpg <-- www.berti-golf.de /public_html/bertichile/puertomont0101/_vti_cnf bariloche07_tn.jpg
2008.06.27 16:32 B K:\sicherung_webserver_h10__072008\berti-golf.de\public_html\bertichile\puertomont0101\_vti_cnf\bariloche08.jpg <-- www.berti-golf.de /public_html/bertichile/puertomont0101/_vti_cnf bariloche08.jpg
2008.06.27 16:32 B K:\sicherung_webserver_h10__072008\berti-golf.de\public_html\bertichile\puertomont0101\_vti_cnf\bariloche08_tn.jpg <-- www.berti-golf.de /public_html/bertichile/puertomont0101/_vti_cnf bariloche08_tn.jpg
2008.06.27 16:32 B K:\sicherung_webserver_h10__072008\berti-golf.de\public_html\bertichile\puertomont0101\_vti_cnf\bariloche09.jpg <-- www.berti-golf.de /public_html/bertichile/puertomont0101/_vti_cnf bariloche09.jpg
2008.06.27 16:32 B K:\sicherung_webserver_h10__072008\berti-golf.de\public_html\bertichile\puertomont0101\_vti_cnf\bariloche09_tn.jpg <-- www.berti-golf.de /public_html/bertichile/puertomont0101/_vti_cnf bariloche09_tn.jpg
2008.06.27 16:32 B K:\sicherung_webserver_h10__072008\berti-golf.de\public_html\bertichile\puertomont0101\_vti_cnf\bariloche10.jpg <-- www.berti-golf.de /public_html/bertichile/puertomont0101/_vti_cnf bariloche10.jpg
2008.06.27 16:32 B K:\sicherung_webserver_h10__072008\berti-golf.de\public_html\bertichile\puertomont0101\_vti_cnf\bariloche10_tn.jpg <-- www.berti-golf.de /public_html/bertichile/puertomont0101/_vti_cnf bariloche10_tn.jpg
2008.06.27 16:33 B K:\sicherung_webserver_h10__072008\berti-golf.de\public_html\bertichile\puertomont0101\_vti_cnf\bariloche11.jpg <-- www.berti-golf.de /public_html/bertichile/puertomont0101/_vti_cnf bariloche11.jpg
2008.06.27 16:33 B K:\sicherung_webserver_h10__072008\berti-golf.de\public_html\bertichile\puertomont0101\_vti_cnf\bariloche12.jpg <-- www.berti-golf.de /public_html/bertichile/puertomont0101/_vti_cnf bariloche12.jpg
2008.06.27 16:33 B K:\sicherung_webserver_h10__072008\berti-golf.de\public_html\bertichile\puertomont0101\_vti_cnf\bariloche13.jpg <-- www.berti-golf.de /public_html/bertichile/puertomont0101/_vti_cnf bariloche13.jpg
2008.06.27 16:33 B K:\sicherung_webserver_h10__072008\berti-golf.de\public_html\bertichile\puertomont0101\_vti_cnf\bariloche13_tn.jpg <-- www.berti-golf.de /public_html/bertichile/puertomont0101/_vti_cnf bariloche13_tn.jpg
2008.06.27 16:33 B K:\sicherung_webserver_h10__072008\berti-golf.de\public_html\bertichile\puertomont0101\_vti_cnf\bariloche14.jpg <-- www.berti-golf.de /public_html/bertichile/puertomont0101/_vti_cnf bariloche14.jpg
2008.06.27 16:33 B K:\sicherung_webserver_h10__072008\berti-golf.de\public_html\bertichile\puertomont0101\_vti_cnf\bariloche15.jpg <-- www.berti-golf.de /public_html/bertichile/puertomont0101/_vti_cnf bariloche15.jpg
2008.06.27 16:33 B K:\sicherung_webserver_h10__072008\berti-golf.de\public_html\bertichile\puertomont0101\_vti_cnf\bariloche16.jpg <-- www.berti-golf.de /public_html/bertichile/puertomont0101/_vti_cnf bariloche16.jpg
2008.06.27 16:33 B K:\sicherung_webserver_h10__072008\berti-golf.de\public_html\bertichile\puertomont0101\_vti_cnf\bariloche17.jpg <-- www.berti-golf.de /public_html/bertichile/puertomont0101/_vti_cnf bariloche17.jpg
2008.06.27 16:33 B K:\sicherung_webserver_h10__072008\berti-golf.de\public_html\bertichile\puertomont0101\_vti_cnf\bariloche17_tn.jpg <-- www.berti-golf.de /public_html/bertichile/puertomont0101/_vti_cnf bariloche17_tn.jpg
2008.06.27 16:33 B K:\sicherung_webserver_h10__072008\berti-golf.de\public_html\bertichile\puertomont0101\_vti_cnf\bariloche18.jpg <-- www.berti-golf.de /public_html/bertichile/puertomont0101/_vti_cnf bariloche18.jpg
2008.06.27 16:33 B K:\sicherung_webserver_h10__072008\berti-golf.de\public_html\bertichile\puertomont0101\_vti_cnf\bariloche18_tn.jpg <-- www.berti-golf.de /public_html/bertichile/puertomont0101/_vti_cnf bariloche18_tn.jpg
2008.06.27 16:33 B K:\sicherung_webserver_h10__072008\berti-golf.de\public_html\bertichile\puertomont0101\_vti_cnf\bariloche19.jpg <-- www.berti-golf.de /public_html/bertichile/puertomont0101/_vti_cnf bariloche19.jpg
2008.06.27 16:33 B K:\sicherung_webserver_h10__072008\berti-golf.de\public_html\bertichile\puertomont0101\_vti_cnf\bariloche20.jpg <-- www.berti-golf.de /public_html/bertichile/puertomont0101/_vti_cnf bariloche20.jpg
2008.06.27 16:33 B K:\sicherung_webserver_h10__072008\berti-golf.de\public_html\bertichile\puertomont0101\_vti_cnf\bariloche20_tn.jpg <-- www.berti-golf.de /public_html/bertichile/puertomont0101/_vti_cnf bariloche20_tn.jpg
2008.06.27 16:33 B K:\sicherung_webserver_h10__072008\berti-golf.de\public_html\bertichile\puertomont0101\_vti_cnf\bariloche21.jpg <-- www.berti-golf.de /public_html/bertichile/puertomont0101/_vti_cnf bariloche21.jpg
2008.06.27 16:33 B K:\sicherung_webserver_h10__072008\berti-golf.de\public_html\bertichile\puertomont0101\_vti_cnf\bariloche21_tn.jpg <-- www.berti-golf.de /public_html/bertichile/puertomont0101/_vti_cnf bariloche21_tn.jpg
2008.06.27 16:33 B K:\sicherung_webserver_h10__072008\berti-golf.de\public_html\bertichile\puertomont0101\_vti_cnf\bariloche22.jpg <-- www.berti-golf.de /public_html/bertichile/puertomont0101/_vti_cnf bariloche22.jpg
2008.06.27 16:33 B K:\sicherung_webserver_h10__072008\berti-golf.de\public_html\bertichile\puertomont0101\_vti_cnf\bariloche23.jpg <-- www.berti-golf.de /public_html/bertichile/puertomont0101/_vti_cnf bariloche23.jpg
2008.06.27 16:33 B K:\sicherung_webserver_h10__072008\berti-golf.de\public_html\bertichile\puertomont0101\_vti_cnf\bariloche23_tn.jpg <-- www.berti-golf.de /public_html/bertichile/puertomont0101/_vti_cnf bariloche23_tn.jpg
2008.06.27 16:33 B K:\sicherung_webserver_h10__072008\berti-golf.de\public_html\bertichile\puertomont0101\_vti_cnf\bariloche24.jpg <-- www.berti-golf.de /public_html/bertichile/puertomont0101/_vti_cnf bariloche24.jpg
2008.06.27 16:33 B K:\sicherung_webserver_h10__072008\berti-golf.de\public_html\bertichile\puertomont0101\_vti_cnf\bariloche24_tn.jpg <-- www.berti-golf.de /public_html/bertichile/puertomont0101/_vti_cnf bariloche24_tn.jpg
2008.06.27 16:33 B K:\sicherung_webserver_h10__072008\berti-golf.de\public_html\bertichile\puertomont0101\_vti_cnf\bariloche25.jpg <-- www.berti-golf.de /public_html/bertichile/puertomont0101/_vti_cnf bariloche25.jpg
2008.06.27 16:33 B K:\sicherung_webserver_h10__072008\berti-golf.de\public_html\bertichile\puertomont0101\_vti_cnf\dsc00039.jpg <-- www.berti-golf.de /public_html/bertichile/puertomont0101/_vti_cnf dsc00039.jpg
2008.06.27 16:33 B K:\sicherung_webserver_h10__072008\berti-golf.de\public_html\bertichile\puertomont0101\_vti_cnf\dsc00040.jpg <-- www.berti-golf.de /public_html/bertichile/puertomont0101/_vti_cnf dsc00040.jpg
2008.06.27 16:33 B K:\sicherung_webserver_h10__072008\berti-golf.de\public_html\bertichile\puertomont0101\_vti_cnf\dsc00041.jpg <-- www.berti-golf.de /public_html/bertichile/puertomont0101/_vti_cnf dsc00041.jpg
2008.06.27 16:33 B K:\sicherung_webserver_h10__072008\berti-golf.de\public_html\bertichile\puertomont0101\_vti_cnf\dsc00042.jpg <-- www.berti-golf.de /public_html/bertichile/puertomont0101/_vti_cnf dsc00042.jpg
2008.06.27 16:33 B K:\sicherung_webserver_h10__072008\berti-golf.de\public_html\bertichile\puertomont0101\_vti_cnf\llanquehue1.jpg <-- www.berti-golf.de /public_html/bertichile/puertomont0101/_vti_cnf llanquehue1.jpg
2008.06.27 16:33 B K:\sicherung_webserver_h10__072008\berti-golf.de\public_html\bertichile\puertomont0101\_vti_cnf\llanquehue1_tn.jpg <-- www.berti-golf.de /public_html/bertichile/puertomont0101/_vti_cnf llanquehue1_tn.jpg
2008.06.27 16:33 B K:\sicherung_webserver_h10__072008\berti-golf.de\public_html\bertichile\puertomont0101\_vti_cnf\llanquehue2.jpg <-- www.berti-golf.de /public_html/bertichile/puertomont0101/_vti_cnf llanquehue2.jpg
2008.06.27 16:33 B K:\sicherung_webserver_h10__072008\berti-golf.de\public_html\bertichile\puertomont0101\_vti_cnf\llanquehue3.jpg <-- www.berti-golf.de /public_html/bertichile/puertomont0101/_vti_cnf llanquehue3.jpg
2008.06.27 16:33 B K:\sicherung_webserver_h10__072008\berti-golf.de\public_html\bertichile\puertomont0101\_vti_cnf\llanquehue3_tn.jpg <-- www.berti-golf.de /public_html/bertichile/puertomont0101/_vti_cnf llanquehue3_tn.jpg
2008.06.27 16:33 B K:\sicherung_webserver_h10__072008\berti-golf.de\public_html\bertichile\puertomont0101\_vti_cnf\llanquehue4.jpg <-- www.berti-golf.de /public_html/bertichile/puertomont0101/_vti_cnf llanquehue4.jpg
2008.06.27 16:33 B K:\sicherung_webserver_h10__072008\berti-golf.de\public_html\bertichile\puertomont0101\_vti_cnf\llanquehue4_tn.jpg <-- www.berti-golf.de /public_html/bertichile/puertomont0101/_vti_cnf llanquehue4_tn.jpg
2008.06.27 16:33 B K:\sicherung_webserver_h10__072008\berti-golf.de\public_html\bertichile\puertomont0101\_vti_cnf\llanquehue5.jpg <-- www.berti-golf.de /public_html/bertichile/puertomont0101/_vti_cnf llanquehue5.jpg
2008.06.27 16:33 B K:\sicherung_webserver_h10__072008\berti-golf.de\public_html\bertichile\puertomont0101\_vti_cnf\llanquehue6.jpg <-- www.berti-golf.de /public_html/bertichile/puertomont0101/_vti_cnf llanquehue6.jpg
2008.06.27 16:33 B K:\sicherung_webserver_h10__072008\berti-golf.de\public_html\bertichile\puertomont0101\_vti_cnf\llanquehue6_tn.jpg <-- www.berti-golf.de /public_html/bertichile/puertomont0101/_vti_cnf llanquehue6_tn.jpg
2008.06.27 16:33 B K:\sicherung_webserver_h10__072008\berti-golf.de\public_html\bertichile\puertomont0101\_vti_cnf\llanquehue7.jpg <-- www.berti-golf.de /public_html/bertichile/puertomont0101/_vti_cnf llanquehue7.jpg
2008.06.27 16:33 B K:\sicherung_webserver_h10__072008\berti-golf.de\public_html\bertichile\puertomont0101\_vti_cnf\llanquehue7_tn.jpg <-- www.berti-golf.de /public_html/bertichile/puertomont0101/_vti_cnf llanquehue7_tn.jpg
2008.06.27 16:33 B K:\sicherung_webserver_h10__072008\berti-golf.de\public_html\bertichile\puertomont0101\_vti_cnf\llanquehue8.jpg <-- www.berti-golf.de /public_html/bertichile/puertomont0101/_vti_cnf llanquehue8.jpg
2008.06.27 16:33 B K:\sicherung_webserver_h10__072008\berti-golf.de\public_html\bertichile\puertomont0101\_vti_cnf\osorno1.jpg <-- www.berti-golf.de /public_html/bertichile/puertomont0101/_vti_cnf osorno1.jpg
2008.06.27 16:33 B K:\sicherung_webserver_h10__072008\berti-golf.de\public_html\bertichile\puertomont0101\_vti_cnf\osorno1_tn.jpg <-- www.berti-golf.de /public_html/bertichile/puertomont0101/_vti_cnf osorno1_tn.jpg
2008.06.27 16:33 B K:\sicherung_webserver_h10__072008\berti-golf.de\public_html\bertichile\puertomont0101\_vti_cnf\osorno2.jpg <-- www.berti-golf.de /public_html/bertichile/puertomont0101/_vti_cnf osorno2.jpg
2008.06.27 16:33 B K:\sicherung_webserver_h10__072008\berti-golf.de\public_html\bertichile\puertomont0101\_vti_cnf\osorno3.jpg <-- www.berti-golf.de /public_html/bertichile/puertomont0101/_vti_cnf osorno3.jpg
2008.06.27 16:33 B K:\sicherung_webserver_h10__072008\berti-golf.de\public_html\bertichile\puertomont0101\_vti_cnf\osorno3_tn.jpg <-- www.berti-golf.de /public_html/bertichile/puertomont0101/_vti_cnf osorno3_tn.jpg
2008.06.27 16:33 B K:\sicherung_webserver_h10__072008\berti-golf.de\public_html\bertichile\puertomont0101\_vti_cnf\osorno4.jpg <-- www.berti-golf.de /public_html/bertichile/puertomont0101/_vti_cnf osorno4.jpg
2008.06.27 16:33 B K:\sicherung_webserver_h10__072008\berti-golf.de\public_html\bertichile\puertomont0101\_vti_cnf\osorno4_tn.jpg <-- www.berti-golf.de /public_html/bertichile/puertomont0101/_vti_cnf osorno4_tn.jpg
2008.06.27 16:33 B K:\sicherung_webserver_h10__072008\berti-golf.de\public_html\bertichile\puertomont0101\_vti_cnf\osorno5.jpg <-- www.berti-golf.de /public_html/bertichile/puertomont0101/_vti_cnf osorno5.jpg
2008.06.27 16:33 B K:\sicherung_webserver_h10__072008\berti-golf.de\public_html\bertichile\puertomont0101\_vti_cnf\osorno5_tn.jpg <-- www.berti-golf.de /public_html/bertichile/puertomont0101/_vti_cnf osorno5_tn.jpg
2008.06.27 16:33 B K:\sicherung_webserver_h10__072008\berti-golf.de\public_html\bertichile\puertomont0101\_vti_cnf\pm-arg01.jpg <-- www.berti-golf.de /public_html/bertichile/puertomont0101/_vti_cnf pm-arg01.jpg
2008.06.27 16:33 B K:\sicherung_webserver_h10__072008\berti-golf.de\public_html\bertichile\puertomont0101\_vti_cnf\pm-arg02.jpg <-- www.berti-golf.de /public_html/bertichile/puertomont0101/_vti_cnf pm-arg02.jpg
2008.06.27 16:33 B K:\sicherung_webserver_h10__072008\berti-golf.de\public_html\bertichile\puertomont0101\_vti_cnf\pm-arg02_tn.jpg <-- www.berti-golf.de /public_html/bertichile/puertomont0101/_vti_cnf pm-arg02_tn.jpg
2008.06.27 16:33 B K:\sicherung_webserver_h10__072008\berti-golf.de\public_html\bertichile\puertomont0101\_vti_cnf\pm-arg03.jpg <-- www.berti-golf.de /public_html/bertichile/puertomont0101/_vti_cnf pm-arg03.jpg
2008.06.27 16:33 B K:\sicherung_webserver_h10__072008\berti-golf.de\public_html\bertichile\puertomont0101\_vti_cnf\pm-arg03_tn.jpg <-- www.berti-golf.de /public_html/bertichile/puertomont0101/_vti_cnf pm-arg03_tn.jpg
2008.06.27 16:33 B K:\sicherung_webserver_h10__072008\berti-golf.de\public_html\bertichile\puertomont0101\_vti_cnf\pm-arg04.jpg <-- www.berti-golf.de /public_html/bertichile/puertomont0101/_vti_cnf pm-arg04.jpg
2008.06.27 16:33 B K:\sicherung_webserver_h10__072008\berti-golf.de\public_html\bertichile\puertomont0101\_vti_cnf\pm-arg04_tn.jpg <-- www.berti-golf.de /public_html/bertichile/puertomont0101/_vti_cnf pm-arg04_tn.jpg
2008.06.27 16:33 B K:\sicherung_webserver_h10__072008\berti-golf.de\public_html\bertichile\puertomont0101\_vti_cnf\pm-arg05.jpg <-- www.berti-golf.de /public_html/bertichile/puertomont0101/_vti_cnf pm-arg05.jpg
2008.06.27 16:33 B K:\sicherung_webserver_h10__072008\berti-golf.de\public_html\bertichile\puertomont0101\_vti_cnf\pm-arg05_tn.jpg <-- www.berti-golf.de /public_html/bertichile/puertomont0101/_vti_cnf pm-arg05_tn.jpg
2008.06.27 16:33 B K:\sicherung_webserver_h10__072008\berti-golf.de\public_html\bertichile\puertomont0101\_vti_cnf\pm-arg06.jpg <-- www.berti-golf.de /public_html/bertichile/puertomont0101/_vti_cnf pm-arg06.jpg
2008.06.27 16:33 B K:\sicherung_webserver_h10__072008\berti-golf.de\public_html\bertichile\puertomont0101\_vti_cnf\pm-arg06a.jpg <-- www.berti-golf.de /public_html/bertichile/puertomont0101/_vti_cnf pm-arg06a.jpg
2008.06.27 16:33 B K:\sicherung_webserver_h10__072008\berti-golf.de\public_html\bertichile\puertomont0101\_vti_cnf\pm-arg06a_tn.jpg <-- www.berti-golf.de /public_html/bertichile/puertomont0101/_vti_cnf pm-arg06a_tn.jpg
2008.06.27 16:33 B K:\sicherung_webserver_h10__072008\berti-golf.de\public_html\bertichile\puertomont0101\_vti_cnf\pm-arg06b.jpg <-- www.berti-golf.de /public_html/bertichile/puertomont0101/_vti_cnf pm-arg06b.jpg
2008.06.27 16:33 B K:\sicherung_webserver_h10__072008\berti-golf.de\public_html\bertichile\puertomont0101\_vti_cnf\pm-arg06b_tn.jpg <-- www.berti-golf.de /public_html/bertichile/puertomont0101/_vti_cnf pm-arg06b_tn.jpg
2008.06.27 16:33 B K:\sicherung_webserver_h10__072008\berti-golf.de\public_html\bertichile\puertomont0101\_vti_cnf\pm-arg07.jpg <-- www.berti-golf.de /public_html/bertichile/puertomont0101/_vti_cnf pm-arg07.jpg
2008.06.27 16:33 B K:\sicherung_webserver_h10__072008\berti-golf.de\public_html\bertichile\puertomont0101\_vti_cnf\pm-arg07_tn.jpg <-- www.berti-golf.de /public_html/bertichile/puertomont0101/_vti_cnf pm-arg07_tn.jpg
2008.06.27 16:33 B K:\sicherung_webserver_h10__072008\berti-golf.de\public_html\bertichile\puertomont0101\_vti_cnf\pm-arg08.jpg <-- www.berti-golf.de /public_html/bertichile/puertomont0101/_vti_cnf pm-arg08.jpg
2008.06.27 16:33 B K:\sicherung_webserver_h10__072008\berti-golf.de\public_html\bertichile\puertomont0101\_vti_cnf\pm-arg09.jpg <-- www.berti-golf.de /public_html/bertichile/puertomont0101/_vti_cnf pm-arg09.jpg
2008.06.27 16:33 B K:\sicherung_webserver_h10__072008\berti-golf.de\public_html\bertichile\puertomont0101\_vti_cnf\pm-arg10.jpg <-- www.berti-golf.de /public_html/bertichile/puertomont0101/_vti_cnf pm-arg10.jpg
2008.06.27 16:33 B K:\sicherung_webserver_h10__072008\berti-golf.de\public_html\bertichile\puertomont0101\_vti_cnf\pm-arg10_tn.jpg <-- www.berti-golf.de /public_html/bertichile/puertomont0101/_vti_cnf pm-arg10_tn.jpg
2008.06.27 16:33 B K:\sicherung_webserver_h10__072008\berti-golf.de\public_html\bertichile\puertomont0101\_vti_cnf\pm-arg11.jpg <-- www.berti-golf.de /public_html/bertichile/puertomont0101/_vti_cnf pm-arg11.jpg
2008.06.27 16:33 B K:\sicherung_webserver_h10__072008\berti-golf.de\public_html\bertichile\puertomont0101\_vti_cnf\pm-arg12.jpg <-- www.berti-golf.de /public_html/bertichile/puertomont0101/_vti_cnf pm-arg12.jpg
2008.06.27 16:33 B K:\sicherung_webserver_h10__072008\berti-golf.de\public_html\bertichile\puertomont0101\_vti_cnf\pm-arg12_tn.jpg <-- www.berti-golf.de /public_html/bertichile/puertomont0101/_vti_cnf pm-arg12_tn.jpg
2008.06.27 16:33 B K:\sicherung_webserver_h10__072008\berti-golf.de\public_html\bertichile\puertomont0101\_vti_cnf\pm-arg13.jpg <-- www.berti-golf.de /public_html/bertichile/puertomont0101/_vti_cnf pm-arg13.jpg
2008.06.27 16:33 B K:\sicherung_webserver_h10__072008\berti-golf.de\public_html\bertichile\puertomont0101\_vti_cnf\pm-arg14.jpg <-- www.berti-golf.de /public_html/bertichile/puertomont0101/_vti_cnf pm-arg14.jpg
2008.06.27 16:33 B K:\sicherung_webserver_h10__072008\berti-golf.de\public_html\bertichile\puertomont0101\_vti_cnf\pm-arg14_tn.jpg <-- www.berti-golf.de /public_html/bertichile/puertomont0101/_vti_cnf pm-arg14_tn.jpg
2008.06.27 16:33 B K:\sicherung_webserver_h10__072008\berti-golf.de\public_html\bertichile\puertomont0101\_vti_cnf\pm-arg15.jpg <-- www.berti-golf.de /public_html/bertichile/puertomont0101/_vti_cnf pm-arg15.jpg
2008.06.27 16:33 B K:\sicherung_webserver_h10__072008\berti-golf.de\public_html\bertichile\puertomont0101\_vti_cnf\pm-arg16.jpg <-- www.berti-golf.de /public_html/bertichile/puertomont0101/_vti_cnf pm-arg16.jpg
2008.06.27 16:33 B K:\sicherung_webserver_h10__072008\berti-golf.de\public_html\bertichile\puertomont0101\_vti_cnf\pm-arg16_tn.jpg <-- www.berti-golf.de /public_html/bertichile/puertomont0101/_vti_cnf pm-arg16_tn.jpg
2008.06.27 16:33 B K:\sicherung_webserver_h10__072008\berti-golf.de\public_html\bertichile\puertomont0101\_vti_cnf\pm-arg17.jpg <-- www.berti-golf.de /public_html/bertichile/puertomont0101/_vti_cnf pm-arg17.jpg
2008.06.27 16:33 B K:\sicherung_webserver_h10__072008\berti-golf.de\public_html\bertichile\puertomont0101\_vti_cnf\pm-arg18.jpg <-- www.berti-golf.de /public_html/bertichile/puertomont0101/_vti_cnf pm-arg18.jpg
2008.06.27 16:33 B K:\sicherung_webserver_h10__072008\berti-golf.de\public_html\bertichile\puertomont0101\_vti_cnf\pm-arg19.jpg <-- www.berti-golf.de /public_html/bertichile/puertomont0101/_vti_cnf pm-arg19.jpg
2008.06.27 16:33 B K:\sicherung_webserver_h10__072008\berti-golf.de\public_html\bertichile\puertomont0101\_vti_cnf\pm-arg19_tn.jpg <-- www.berti-golf.de /public_html/bertichile/puertomont0101/_vti_cnf pm-arg19_tn.jpg
2008.06.27 16:33 B K:\sicherung_webserver_h10__072008\berti-golf.de\public_html\bertichile\puertomont0101\_vti_cnf\pm-arg20.jpg <-- www.berti-golf.de /public_html/bertichile/puertomont0101/_vti_cnf pm-arg20.jpg
2008.06.27 16:33 B K:\sicherung_webserver_h10__072008\berti-golf.de\public_html\bertichile\puertomont0101\_vti_cnf\pm.html <-- www.berti-golf.de /public_html/bertichile/puertomont0101/_vti_cnf pm.html
2008.06.27 16:33 B K:\sicherung_webserver_h10__072008\berti-golf.de\public_html\bertichile\puertomont0101\_vti_cnf\puertomont01.jpg <-- www.berti-golf.de /public_html/bertichile/puertomont0101/_vti_cnf puertomont01.jpg
2008.06.27 16:33 B K:\sicherung_webserver_h10__072008\berti-golf.de\public_html\bertichile\puertomont0101\_vti_cnf\puertomont01_tn.jpg <-- www.berti-golf.de /public_html/bertichile/puertomont0101/_vti_cnf puertomont01_tn.jpg
2008.06.27 16:33 B K:\sicherung_webserver_h10__072008\berti-golf.de\public_html\bertichile\puertomont0101\_vti_cnf\puertomont02.jpg <-- www.berti-golf.de /public_html/bertichile/puertomont0101/_vti_cnf puertomont02.jpg
2008.06.27 16:33 B K:\sicherung_webserver_h10__072008\berti-golf.de\public_html\bertichile\puertomont0101\_vti_cnf\puertomont02_tn.jpg <-- www.berti-golf.de /public_html/bertichile/puertomont0101/_vti_cnf puertomont02_tn.jpg
2008.06.27 16:33 B K:\sicherung_webserver_h10__072008\berti-golf.de\public_html\bertichile\puertomont0101\_vti_cnf\puertomont03.jpg <-- www.berti-golf.de /public_html/bertichile/puertomont0101/_vti_cnf puertomont03.jpg
2008.06.27 16:33 B K:\sicherung_webserver_h10__072008\berti-golf.de\public_html\bertichile\puertomont0101\_vti_cnf\puertomont03_tn.jpg <-- www.berti-golf.de /public_html/bertichile/puertomont0101/_vti_cnf puertomont03_tn.jpg
2008.06.27 16:33 B K:\sicherung_webserver_h10__072008\berti-golf.de\public_html\bertichile\puertomont0101\_vti_cnf\puertomont04.jpg <-- www.berti-golf.de /public_html/bertichile/puertomont0101/_vti_cnf puertomont04.jpg
2008.06.27 16:33 B K:\sicherung_webserver_h10__072008\berti-golf.de\public_html\bertichile\puertomont0101\_vti_cnf\puertomont04_tn.jpg <-- www.berti-golf.de /public_html/bertichile/puertomont0101/_vti_cnf puertomont04_tn.jpg
2008.06.27 16:33 B K:\sicherung_webserver_h10__072008\berti-golf.de\public_html\bertichile\puertomont0101\_vti_cnf\puertomont05.jpg <-- www.berti-golf.de /public_html/bertichile/puertomont0101/_vti_cnf puertomont05.jpg
2008.06.27 16:33 B K:\sicherung_webserver_h10__072008\berti-golf.de\public_html\bertichile\puertomont0101\_vti_cnf\puertomont05_tn.jpg <-- www.berti-golf.de /public_html/bertichile/puertomont0101/_vti_cnf puertomont05_tn.jpg
2008.06.27 16:33 B K:\sicherung_webserver_h10__072008\berti-golf.de\public_html\bertichile\puertomont0101\_vti_cnf\puertomont06.jpg <-- www.berti-golf.de /public_html/bertichile/puertomont0101/_vti_cnf puertomont06.jpg
2008.06.27 16:34 B K:\sicherung_webserver_h10__072008\berti-golf.de\public_html\bertichile\puertomont0101\_vti_cnf\puertomont06_tn.jpg <-- www.berti-golf.de /public_html/bertichile/puertomont0101/_vti_cnf puertomont06_tn.jpg
2008.06.27 16:34 B K:\sicherung_webserver_h10__072008\berti-golf.de\public_html\bertichile\puertomont0101\_vti_cnf\puertomont07.jpg <-- www.berti-golf.de /public_html/bertichile/puertomont0101/_vti_cnf puertomont07.jpg
2008.06.27 16:34 B K:\sicherung_webserver_h10__072008\berti-golf.de\public_html\bertichile\puertomont0101\_vti_cnf\puertomont07_tn.jpg <-- www.berti-golf.de /public_html/bertichile/puertomont0101/_vti_cnf puertomont07_tn.jpg
2008.06.27 16:34 B K:\sicherung_webserver_h10__072008\berti-golf.de\public_html\bertichile\puertomont0101\_vti_cnf\puertovaras.jpg <-- www.berti-golf.de /public_html/bertichile/puertomont0101/_vti_cnf puertovaras.jpg
2008.06.27 16:34 B K:\sicherung_webserver_h10__072008\berti-golf.de\public_html\bertichile\puertomont0101\_vti_cnf\puertovaras_tn.jpg <-- www.berti-golf.de /public_html/bertichile/puertomont0101/_vti_cnf puertovaras_tn.jpg
2008.06.27 16:34 B K:\sicherung_webserver_h10__072008\berti-golf.de\public_html\bertichile\puertomont0101\_vti_cnf\tren1.jpg <-- www.berti-golf.de /public_html/bertichile/puertomont0101/_vti_cnf tren1.jpg
2008.06.27 16:34 B K:\sicherung_webserver_h10__072008\berti-golf.de\public_html\bertichile\puertomont0101\_vti_cnf\tren1_tn.jpg <-- www.berti-golf.de /public_html/bertichile/puertomont0101/_vti_cnf tren1_tn.jpg
2008.06.27 16:34 B K:\sicherung_webserver_h10__072008\berti-golf.de\public_html\bertichile\puertomont0101\_vti_cnf\tren2.jpg <-- www.berti-golf.de /public_html/bertichile/puertomont0101/_vti_cnf tren2.jpg
2008.06.27 16:34 B K:\sicherung_webserver_h10__072008\berti-golf.de\public_html\bertichile\puertomont0101\_vti_cnf\tren2_tn.jpg <-- www.berti-golf.de /public_html/bertichile/puertomont0101/_vti_cnf tren2_tn.jpg
2008.06.27 16:34 B K:\sicherung_webserver_h10__072008\berti-golf.de\public_html\bertichile\puertomont0101\_vti_cnf\valdivia01.jpg <-- www.berti-golf.de /public_html/bertichile/puertomont0101/_vti_cnf valdivia01.jpg
2008.06.27 16:34 B K:\sicherung_webserver_h10__072008\berti-golf.de\public_html\bertichile\puertomont0101\_vti_cnf\valdivia01_tn.jpg <-- www.berti-golf.de /public_html/bertichile/puertomont0101/_vti_cnf valdivia01_tn.jpg
2008.06.27 16:34 B K:\sicherung_webserver_h10__072008\berti-golf.de\public_html\bertichile\puertomont0101\_vti_cnf\valdivia02.jpg <-- www.berti-golf.de /public_html/bertichile/puertomont0101/_vti_cnf valdivia02.jpg
2008.06.27 16:34 B K:\sicherung_webserver_h10__072008\berti-golf.de\public_html\bertichile\puertomont0101\_vti_cnf\valdivia03.jpg <-- www.berti-golf.de /public_html/bertichile/puertomont0101/_vti_cnf valdivia03.jpg
2008.06.27 16:34 B K:\sicherung_webserver_h10__072008\berti-golf.de\public_html\bertichile\puertomont0101\_vti_cnf\valdivia03_tn.jpg <-- www.berti-golf.de /public_html/bertichile/puertomont0101/_vti_cnf valdivia03_tn.jpg
2008.06.27 16:34 B K:\sicherung_webserver_h10__072008\berti-golf.de\public_html\bertichile\puertomont0101\_vti_cnf\valdivia04.jpg <-- www.berti-golf.de /public_html/bertichile/puertomont0101/_vti_cnf valdivia04.jpg
2008.06.27 16:34 B K:\sicherung_webserver_h10__072008\berti-golf.de\public_html\bertichile\puertomont0101\_vti_cnf\valdivia05.jpg <-- www.berti-golf.de /public_html/bertichile/puertomont0101/_vti_cnf valdivia05.jpg
2008.06.27 16:34 B K:\sicherung_webserver_h10__072008\berti-golf.de\public_html\bertichile\puertomont0101\_vti_cnf\valdivia05_tn.jpg <-- www.berti-golf.de /public_html/bertichile/puertomont0101/_vti_cnf valdivia05_tn.jpg
2008.06.27 19:28 B K:\sicherung_webserver_h10__072008\berti-golf.de\public_html\bertichile\puertomont0101\_vti_cnf\bariloche01.jpg --> bertigolfde.h1403220.stratoserver.net /public_html/bertichile/puertomont0101/_vti_cnf bariloche01.jpg
2008.06.27 19:28 B K:\sicherung_webserver_h10__072008\berti-golf.de\public_html\bertichile\puertomont0101\_vti_cnf\bariloche02.jpg --> bertigolfde.h1403220.stratoserver.net /public_html/bertichile/puertomont0101/_vti_cnf bariloche02.jpg
2008.06.27 19:28 B K:\sicherung_webserver_h10__072008\berti-golf.de\public_html\bertichile\puertomont0101\_vti_cnf\bariloche02_tn.jpg --> bertigolfde.h1403220.stratoserver.net /public_html/bertichile/puertomont0101/_vti_cnf bariloche02_tn.jpg
2008.06.27 19:28 B K:\sicherung_webserver_h10__072008\berti-golf.de\public_html\bertichile\puertomont0101\_vti_cnf\bariloche03.jpg --> bertigolfde.h1403220.stratoserver.net /public_html/bertichile/puertomont0101/_vti_cnf bariloche03.jpg
2008.06.27 19:28 B K:\sicherung_webserver_h10__072008\berti-golf.de\public_html\bertichile\puertomont0101\_vti_cnf\bariloche03_tn.jpg --> bertigolfde.h1403220.stratoserver.net /public_html/bertichile/puertomont0101/_vti_cnf bariloche03_tn.jpg
2008.06.27 19:28 B K:\sicherung_webserver_h10__072008\berti-golf.de\public_html\bertichile\puertomont0101\_vti_cnf\bariloche04.jpg --> bertigolfde.h1403220.stratoserver.net /public_html/bertichile/puertomont0101/_vti_cnf bariloche04.jpg
2008.06.27 19:28 B K:\sicherung_webserver_h10__072008\berti-golf.de\public_html\bertichile\puertomont0101\_vti_cnf\bariloche04_tn.jpg --> bertigolfde.h1403220.stratoserver.net /public_html/bertichile/puertomont0101/_vti_cnf bariloche04_tn.jpg
2008.06.27 19:28 B K:\sicherung_webserver_h10__072008\berti-golf.de\public_html\bertichile\puertomont0101\_vti_cnf\bariloche05.jpg --> bertigolfde.h1403220.stratoserver.net /public_html/bertichile/puertomont0101/_vti_cnf bariloche05.jpg
2008.06.27 19:28 B K:\sicherung_webserver_h10__072008\berti-golf.de\public_html\bertichile\puertomont0101\_vti_cnf\bariloche06.jpg --> bertigolfde.h1403220.stratoserver.net /public_html/bertichile/puertomont0101/_vti_cnf bariloche06.jpg
2008.06.27 19:28 B K:\sicherung_webserver_h10__072008\berti-golf.de\public_html\bertichile\puertomont0101\_vti_cnf\bariloche07.jpg --> bertigolfde.h1403220.stratoserver.net /public_html/bertichile/puertomont0101/_vti_cnf bariloche07.jpg
2008.06.27 19:28 B K:\sicherung_webserver_h10__072008\berti-golf.de\public_html\bertichile\puertomont0101\_vti_cnf\bariloche07_tn.jpg --> bertigolfde.h1403220.stratoserver.net /public_html/bertichile/puertomont0101/_vti_cnf bariloche07_tn.jpg
2008.06.27 19:28 B K:\sicherung_webserver_h10__072008\berti-golf.de\public_html\bertichile\puertomont0101\_vti_cnf\bariloche08.jpg --> bertigolfde.h1403220.stratoserver.net /public_html/bertichile/puertomont0101/_vti_cnf bariloche08.jpg
2008.06.27 19:28 B K:\sicherung_webserver_h10__072008\berti-golf.de\public_html\bertichile\puertomont0101\_vti_cnf\bariloche08_tn.jpg --> bertigolfde.h1403220.stratoserver.net /public_html/bertichile/puertomont0101/_vti_cnf bariloche08_tn.jpg
2008.06.27 19:28 B K:\sicherung_webserver_h10__072008\berti-golf.de\public_html\bertichile\puertomont0101\_vti_cnf\bariloche09.jpg --> bertigolfde.h1403220.stratoserver.net /public_html/bertichile/puertomont0101/_vti_cnf bariloche09.jpg
2008.06.27 19:28 B K:\sicherung_webserver_h10__072008\berti-golf.de\public_html\bertichile\puertomont0101\_vti_cnf\bariloche09_tn.jpg --> bertigolfde.h1403220.stratoserver.net /public_html/bertichile/puertomont0101/_vti_cnf bariloche09_tn.jpg
2008.06.27 19:28 B K:\sicherung_webserver_h10__072008\berti-golf.de\public_html\bertichile\puertomont0101\_vti_cnf\bariloche10.jpg --> bertigolfde.h1403220.stratoserver.net /public_html/bertichile/puertomont0101/_vti_cnf bariloche10.jpg
2008.06.27 19:28 B K:\sicherung_webserver_h10__072008\berti-golf.de\public_html\bertichile\puertomont0101\_vti_cnf\bariloche10_tn.jpg --> bertigolfde.h1403220.stratoserver.net /public_html/bertichile/puertomont0101/_vti_cnf bariloche10_tn.jpg
2008.06.27 19:28 B K:\sicherung_webserver_h10__072008\berti-golf.de\public_html\bertichile\puertomont0101\_vti_cnf\bariloche11.jpg --> bertigolfde.h1403220.stratoserver.net /public_html/bertichile/puertomont0101/_vti_cnf bariloche11.jpg
2008.06.27 19:28 B K:\sicherung_webserver_h10__072008\berti-golf.de\public_html\bertichile\puertomont0101\_vti_cnf\bariloche12.jpg --> bertigolfde.h1403220.stratoserver.net /public_html/bertichile/puertomont0101/_vti_cnf bariloche12.jpg
2008.06.27 19:28 B K:\sicherung_webserver_h10__072008\berti-golf.de\public_html\bertichile\puertomont0101\_vti_cnf\bariloche13.jpg --> bertigolfde.h1403220.stratoserver.net /public_html/bertichile/puertomont0101/_vti_cnf bariloche13.jpg
2008.06.27 19:28 B K:\sicherung_webserver_h10__072008\berti-golf.de\public_html\bertichile\puertomont0101\_vti_cnf\bariloche13_tn.jpg --> bertigolfde.h1403220.stratoserver.net /public_html/bertichile/puertomont0101/_vti_cnf bariloche13_tn.jpg
2008.06.27 19:28 B K:\sicherung_webserver_h10__072008\berti-golf.de\public_html\bertichile\puertomont0101\_vti_cnf\bariloche14.jpg --> bertigolfde.h1403220.stratoserver.net /public_html/bertichile/puertomont0101/_vti_cnf bariloche14.jpg
2008.06.27 19:28 B K:\sicherung_webserver_h10__072008\berti-golf.de\public_html\bertichile\puertomont0101\_vti_cnf\bariloche15.jpg --> bertigolfde.h1403220.stratoserver.net /public_html/bertichile/puertomont0101/_vti_cnf bariloche15.jpg
2008.06.27 19:28 B K:\sicherung_webserver_h10__072008\berti-golf.de\public_html\bertichile\puertomont0101\_vti_cnf\bariloche16.jpg --> bertigolfde.h1403220.stratoserver.net /public_html/bertichile/puertomont0101/_vti_cnf bariloche16.jpg
2008.06.27 19:28 B K:\sicherung_webserver_h10__072008\berti-golf.de\public_html\bertichile\puertomont0101\_vti_cnf\bariloche17.jpg --> bertigolfde.h1403220.stratoserver.net /public_html/bertichile/puertomont0101/_vti_cnf bariloche17.jpg
2008.06.27 19:28 B K:\sicherung_webserver_h10__072008\berti-golf.de\public_html\bertichile\puertomont0101\_vti_cnf\bariloche17_tn.jpg --> bertigolfde.h1403220.stratoserver.net /public_html/bertichile/puertomont0101/_vti_cnf bariloche17_tn.jpg
2008.06.27 19:28 B K:\sicherung_webserver_h10__072008\berti-golf.de\public_html\bertichile\puertomont0101\_vti_cnf\bariloche18.jpg --> bertigolfde.h1403220.stratoserver.net /public_html/bertichile/puertomont0101/_vti_cnf bariloche18.jpg
2008.06.27 19:28 B K:\sicherung_webserver_h10__072008\berti-golf.de\public_html\bertichile\puertomont0101\_vti_cnf\bariloche18_tn.jpg --> bertigolfde.h1403220.stratoserver.net /public_html/bertichile/puertomont0101/_vti_cnf bariloche18_tn.jpg
2008.06.27 19:28 B K:\sicherung_webserver_h10__072008\berti-golf.de\public_html\bertichile\puertomont0101\_vti_cnf\bariloche19.jpg --> bertigolfde.h1403220.stratoserver.net /public_html/bertichile/puertomont0101/_vti_cnf bariloche19.jpg
2008.06.27 19:28 B K:\sicherung_webserver_h10__072008\berti-golf.de\public_html\bertichile\puertomont0101\_vti_cnf\bariloche20.jpg --> bertigolfde.h1403220.stratoserver.net /public_html/bertichile/puertomont0101/_vti_cnf bariloche20.jpg
2008.06.27 19:28 B K:\sicherung_webserver_h10__072008\berti-golf.de\public_html\bertichile\puertomont0101\_vti_cnf\bariloche20_tn.jpg --> bertigolfde.h1403220.stratoserver.net /public_html/bertichile/puertomont0101/_vti_cnf bariloche20_tn.jpg
2008.06.27 19:28 B K:\sicherung_webserver_h10__072008\berti-golf.de\public_html\bertichile\puertomont0101\_vti_cnf\bariloche21.jpg --> bertigolfde.h1403220.stratoserver.net /public_html/bertichile/puertomont0101/_vti_cnf bariloche21.jpg
2008.06.27 19:28 B K:\sicherung_webserver_h10__072008\berti-golf.de\public_html\bertichile\puertomont0101\_vti_cnf\bariloche21_tn.jpg --> bertigolfde.h1403220.stratoserver.net /public_html/bertichile/puertomont0101/_vti_cnf bariloche21_tn.jpg
2008.06.27 19:28 B K:\sicherung_webserver_h10__072008\berti-golf.de\public_html\bertichile\puertomont0101\_vti_cnf\bariloche22.jpg --> bertigolfde.h1403220.stratoserver.net /public_html/bertichile/puertomont0101/_vti_cnf bariloche22.jpg
2008.06.27 19:28 B K:\sicherung_webserver_h10__072008\berti-golf.de\public_html\bertichile\puertomont0101\_vti_cnf\bariloche23.jpg --> bertigolfde.h1403220.stratoserver.net /public_html/bertichile/puertomont0101/_vti_cnf bariloche23.jpg
2008.06.27 19:28 B K:\sicherung_webserver_h10__072008\berti-golf.de\public_html\bertichile\puertomont0101\_vti_cnf\bariloche23_tn.jpg --> bertigolfde.h1403220.stratoserver.net /public_html/bertichile/puertomont0101/_vti_cnf bariloche23_tn.jpg
2008.06.27 19:28 B K:\sicherung_webserver_h10__072008\berti-golf.de\public_html\bertichile\puertomont0101\_vti_cnf\bariloche24.jpg --> bertigolfde.h1403220.stratoserver.net /public_html/bertichile/puertomont0101/_vti_cnf bariloche24.jpg
2008.06.27 19:28 B K:\sicherung_webserver_h10__072008\berti-golf.de\public_html\bertichile\puertomont0101\_vti_cnf\bariloche24_tn.jpg --> bertigolfde.h1403220.stratoserver.net /public_html/bertichile/puertomont0101/_vti_cnf bariloche24_tn.jpg
2008.06.27 19:28 B K:\sicherung_webserver_h10__072008\berti-golf.de\public_html\bertichile\puertomont0101\_vti_cnf\bariloche25.jpg --> bertigolfde.h1403220.stratoserver.net /public_html/bertichile/puertomont0101/_vti_cnf bariloche25.jpg
2008.06.27 19:28 B K:\sicherung_webserver_h10__072008\berti-golf.de\public_html\bertichile\puertomont0101\_vti_cnf\dsc00039.jpg --> bertigolfde.h1403220.stratoserver.net /public_html/bertichile/puertomont0101/_vti_cnf dsc00039.jpg
2008.06.27 19:28 B K:\sicherung_webserver_h10__072008\berti-golf.de\public_html\bertichile\puertomont0101\_vti_cnf\dsc00040.jpg --> bertigolfde.h1403220.stratoserver.net /public_html/bertichile/puertomont0101/_vti_cnf dsc00040.jpg
2008.06.27 19:28 B K:\sicherung_webserver_h10__072008\berti-golf.de\public_html\bertichile\puertomont0101\_vti_cnf\dsc00041.jpg --> bertigolfde.h1403220.stratoserver.net /public_html/bertichile/puertomont0101/_vti_cnf dsc00041.jpg
2008.06.27 19:28 B K:\sicherung_webserver_h10__072008\berti-golf.de\public_html\bertichile\puertomont0101\_vti_cnf\dsc00042.jpg --> bertigolfde.h1403220.stratoserver.net /public_html/bertichile/puertomont0101/_vti_cnf dsc00042.jpg
2008.06.27 19:28 B K:\sicherung_webserver_h10__072008\berti-golf.de\public_html\bertichile\puertomont0101\_vti_cnf\llanquehue1.jpg --> bertigolfde.h1403220.stratoserver.net /public_html/bertichile/puertomont0101/_vti_cnf llanquehue1.jpg
2008.06.27 19:28 B K:\sicherung_webserver_h10__072008\berti-golf.de\public_html\bertichile\puertomont0101\_vti_cnf\llanquehue1_tn.jpg --> bertigolfde.h1403220.stratoserver.net /public_html/bertichile/puertomont0101/_vti_cnf llanquehue1_tn.jpg
2008.06.27 19:29 B K:\sicherung_webserver_h10__072008\berti-golf.de\public_html\bertichile\puertomont0101\_vti_cnf\llanquehue2.jpg --> bertigolfde.h1403220.stratoserver.net /public_html/bertichile/puertomont0101/_vti_cnf llanquehue2.jpg
2008.06.27 19:29 B K:\sicherung_webserver_h10__072008\berti-golf.de\public_html\bertichile\puertomont0101\_vti_cnf\llanquehue3.jpg --> bertigolfde.h1403220.stratoserver.net /public_html/bertichile/puertomont0101/_vti_cnf llanquehue3.jpg
2008.06.27 19:29 B K:\sicherung_webserver_h10__072008\berti-golf.de\public_html\bertichile\puertomont0101\_vti_cnf\llanquehue3_tn.jpg --> bertigolfde.h1403220.stratoserver.net /public_html/bertichile/puertomont0101/_vti_cnf llanquehue3_tn.jpg
2008.06.27 19:29 B K:\sicherung_webserver_h10__072008\berti-golf.de\public_html\bertichile\puertomont0101\_vti_cnf\llanquehue4.jpg --> bertigolfde.h1403220.stratoserver.net /public_html/bertichile/puertomont0101/_vti_cnf llanquehue4.jpg
2008.06.27 19:29 B K:\sicherung_webserver_h10__072008\berti-golf.de\public_html\bertichile\puertomont0101\_vti_cnf\llanquehue4_tn.jpg --> bertigolfde.h1403220.stratoserver.net /public_html/bertichile/puertomont0101/_vti_cnf llanquehue4_tn.jpg
2008.06.27 19:29 B K:\sicherung_webserver_h10__072008\berti-golf.de\public_html\bertichile\puertomont0101\_vti_cnf\llanquehue5.jpg --> bertigolfde.h1403220.stratoserver.net /public_html/bertichile/puertomont0101/_vti_cnf llanquehue5.jpg
2008.06.27 19:29 B K:\sicherung_webserver_h10__072008\berti-golf.de\public_html\bertichile\puertomont0101\_vti_cnf\llanquehue6.jpg --> bertigolfde.h1403220.stratoserver.net /public_html/bertichile/puertomont0101/_vti_cnf llanquehue6.jpg
2008.06.27 19:29 B K:\sicherung_webserver_h10__072008\berti-golf.de\public_html\bertichile\puertomont0101\_vti_cnf\llanquehue6_tn.jpg --> bertigolfde.h1403220.stratoserver.net /public_html/bertichile/puertomont0101/_vti_cnf llanquehue6_tn.jpg
2008.06.27 19:29 B K:\sicherung_webserver_h10__072008\berti-golf.de\public_html\bertichile\puertomont0101\_vti_cnf\llanquehue7.jpg --> bertigolfde.h1403220.stratoserver.net /public_html/bertichile/puertomont0101/_vti_cnf llanquehue7.jpg
2008.06.27 19:29 B K:\sicherung_webserver_h10__072008\berti-golf.de\public_html\bertichile\puertomont0101\_vti_cnf\llanquehue7_tn.jpg --> bertigolfde.h1403220.stratoserver.net /public_html/bertichile/puertomont0101/_vti_cnf llanquehue7_tn.jpg
2008.06.27 19:29 B K:\sicherung_webserver_h10__072008\berti-golf.de\public_html\bertichile\puertomont0101\_vti_cnf\llanquehue8.jpg --> bertigolfde.h1403220.stratoserver.net /public_html/bertichile/puertomont0101/_vti_cnf llanquehue8.jpg
2008.06.27 19:29 B K:\sicherung_webserver_h10__072008\berti-golf.de\public_html\bertichile\puertomont0101\_vti_cnf\osorno1.jpg --> bertigolfde.h1403220.stratoserver.net /public_html/bertichile/puertomont0101/_vti_cnf osorno1.jpg
2008.06.27 19:29 B K:\sicherung_webserver_h10__072008\berti-golf.de\public_html\bertichile\puertomont0101\_vti_cnf\osorno1_tn.jpg --> bertigolfde.h1403220.stratoserver.net /public_html/bertichile/puertomont0101/_vti_cnf osorno1_tn.jpg
2008.06.27 19:29 B K:\sicherung_webserver_h10__072008\berti-golf.de\public_html\bertichile\puertomont0101\_vti_cnf\osorno2.jpg --> bertigolfde.h1403220.stratoserver.net /public_html/bertichile/puertomont0101/_vti_cnf osorno2.jpg
2008.06.27 19:29 B K:\sicherung_webserver_h10__072008\berti-golf.de\public_html\bertichile\puertomont0101\_vti_cnf\osorno3.jpg --> bertigolfde.h1403220.stratoserver.net /public_html/bertichile/puertomont0101/_vti_cnf osorno3.jpg
2008.06.27 19:29 B K:\sicherung_webserver_h10__072008\berti-golf.de\public_html\bertichile\puertomont0101\_vti_cnf\osorno3_tn.jpg --> bertigolfde.h1403220.stratoserver.net /public_html/bertichile/puertomont0101/_vti_cnf osorno3_tn.jpg
2008.06.27 19:29 B K:\sicherung_webserver_h10__072008\berti-golf.de\public_html\bertichile\puertomont0101\_vti_cnf\osorno4.jpg --> bertigolfde.h1403220.stratoserver.net /public_html/bertichile/puertomont0101/_vti_cnf osorno4.jpg
2008.06.27 19:29 B K:\sicherung_webserver_h10__072008\berti-golf.de\public_html\bertichile\puertomont0101\_vti_cnf\osorno4_tn.jpg --> bertigolfde.h1403220.stratoserver.net /public_html/bertichile/puertomont0101/_vti_cnf osorno4_tn.jpg
2008.06.27 19:29 B K:\sicherung_webserver_h10__072008\berti-golf.de\public_html\bertichile\puertomont0101\_vti_cnf\osorno5.jpg --> bertigolfde.h1403220.stratoserver.net /public_html/bertichile/puertomont0101/_vti_cnf osorno5.jpg
2008.06.27 19:29 B K:\sicherung_webserver_h10__072008\berti-golf.de\public_html\bertichile\puertomont0101\_vti_cnf\osorno5_tn.jpg --> bertigolfde.h1403220.stratoserver.net /public_html/bertichile/puertomont0101/_vti_cnf osorno5_tn.jpg
2008.06.27 19:29 B K:\sicherung_webserver_h10__072008\berti-golf.de\public_html\bertichile\puertomont0101\_vti_cnf\pm-arg01.jpg --> bertigolfde.h1403220.stratoserver.net /public_html/bertichile/puertomont0101/_vti_cnf pm-arg01.jpg
2008.06.27 19:29 B K:\sicherung_webserver_h10__072008\berti-golf.de\public_html\bertichile\puertomont0101\_vti_cnf\pm-arg02.jpg --> bertigolfde.h1403220.stratoserver.net /public_html/bertichile/puertomont0101/_vti_cnf pm-arg02.jpg
2008.06.27 19:29 B K:\sicherung_webserver_h10__072008\berti-golf.de\public_html\bertichile\puertomont0101\_vti_cnf\pm-arg02_tn.jpg --> bertigolfde.h1403220.stratoserver.net /public_html/bertichile/puertomont0101/_vti_cnf pm-arg02_tn.jpg
2008.06.27 19:29 B K:\sicherung_webserver_h10__072008\berti-golf.de\public_html\bertichile\puertomont0101\_vti_cnf\pm-arg03.jpg --> bertigolfde.h1403220.stratoserver.net /public_html/bertichile/puertomont0101/_vti_cnf pm-arg03.jpg
2008.06.27 19:29 B K:\sicherung_webserver_h10__072008\berti-golf.de\public_html\bertichile\puertomont0101\_vti_cnf\pm-arg03_tn.jpg --> bertigolfde.h1403220.stratoserver.net /public_html/bertichile/puertomont0101/_vti_cnf pm-arg03_tn.jpg
2008.06.27 19:29 B K:\sicherung_webserver_h10__072008\berti-golf.de\public_html\bertichile\puertomont0101\_vti_cnf\pm-arg04.jpg --> bertigolfde.h1403220.stratoserver.net /public_html/bertichile/puertomont0101/_vti_cnf pm-arg04.jpg
2008.06.27 19:29 B K:\sicherung_webserver_h10__072008\berti-golf.de\public_html\bertichile\puertomont0101\_vti_cnf\pm-arg04_tn.jpg --> bertigolfde.h1403220.stratoserver.net /public_html/bertichile/puertomont0101/_vti_cnf pm-arg04_tn.jpg
2008.06.27 19:29 B K:\sicherung_webserver_h10__072008\berti-golf.de\public_html\bertichile\puertomont0101\_vti_cnf\pm-arg05.jpg --> bertigolfde.h1403220.stratoserver.net /public_html/bertichile/puertomont0101/_vti_cnf pm-arg05.jpg
2008.06.27 19:29 B K:\sicherung_webserver_h10__072008\berti-golf.de\public_html\bertichile\puertomont0101\_vti_cnf\pm-arg05_tn.jpg --> bertigolfde.h1403220.stratoserver.net /public_html/bertichile/puertomont0101/_vti_cnf pm-arg05_tn.jpg
2008.06.27 19:29 B K:\sicherung_webserver_h10__072008\berti-golf.de\public_html\bertichile\puertomont0101\_vti_cnf\pm-arg06.jpg --> bertigolfde.h1403220.stratoserver.net /public_html/bertichile/puertomont0101/_vti_cnf pm-arg06.jpg
2008.06.27 19:29 B K:\sicherung_webserver_h10__072008\berti-golf.de\public_html\bertichile\puertomont0101\_vti_cnf\pm-arg06a.jpg --> bertigolfde.h1403220.stratoserver.net /public_html/bertichile/puertomont0101/_vti_cnf pm-arg06a.jpg
2008.06.27 19:29 B K:\sicherung_webserver_h10__072008\berti-golf.de\public_html\bertichile\puertomont0101\_vti_cnf\pm-arg06a_tn.jpg --> bertigolfde.h1403220.stratoserver.net /public_html/bertichile/puertomont0101/_vti_cnf pm-arg06a_tn.jpg
2008.06.27 19:29 B K:\sicherung_webserver_h10__072008\berti-golf.de\public_html\bertichile\puertomont0101\_vti_cnf\pm-arg06b.jpg --> bertigolfde.h1403220.stratoserver.net /public_html/bertichile/puertomont0101/_vti_cnf pm-arg06b.jpg
2008.06.27 19:29 B K:\sicherung_webserver_h10__072008\berti-golf.de\public_html\bertichile\puertomont0101\_vti_cnf\pm-arg06b_tn.jpg --> bertigolfde.h1403220.stratoserver.net /public_html/bertichile/puertomont0101/_vti_cnf pm-arg06b_tn.jpg
2008.06.27 19:29 B K:\sicherung_webserver_h10__072008\berti-golf.de\public_html\bertichile\puertomont0101\_vti_cnf\pm-arg07.jpg --> bertigolfde.h1403220.stratoserver.net /public_html/bertichile/puertomont0101/_vti_cnf pm-arg07.jpg
2008.06.27 19:29 B K:\sicherung_webserver_h10__072008\berti-golf.de\public_html\bertichile\puertomont0101\_vti_cnf\pm-arg07_tn.jpg --> bertigolfde.h1403220.stratoserver.net /public_html/bertichile/puertomont0101/_vti_cnf pm-arg07_tn.jpg
2008.06.27 19:29 B K:\sicherung_webserver_h10__072008\berti-golf.de\public_html\bertichile\puertomont0101\_vti_cnf\pm-arg08.jpg --> bertigolfde.h1403220.stratoserver.net /public_html/bertichile/puertomont0101/_vti_cnf pm-arg08.jpg
2008.06.27 19:29 B K:\sicherung_webserver_h10__072008\berti-golf.de\public_html\bertichile\puertomont0101\_vti_cnf\pm-arg09.jpg --> bertigolfde.h1403220.stratoserver.net /public_html/bertichile/puertomont0101/_vti_cnf pm-arg09.jpg
2008.06.27 19:29 B K:\sicherung_webserver_h10__072008\berti-golf.de\public_html\bertichile\puertomont0101\_vti_cnf\pm-arg10.jpg --> bertigolfde.h1403220.stratoserver.net /public_html/bertichile/puertomont0101/_vti_cnf pm-arg10.jpg
2008.06.27 19:29 B K:\sicherung_webserver_h10__072008\berti-golf.de\public_html\bertichile\puertomont0101\_vti_cnf\pm-arg10_tn.jpg --> bertigolfde.h1403220.stratoserver.net /public_html/bertichile/puertomont0101/_vti_cnf pm-arg10_tn.jpg
2008.06.27 19:29 B K:\sicherung_webserver_h10__072008\berti-golf.de\public_html\bertichile\puertomont0101\_vti_cnf\pm-arg11.jpg --> bertigolfde.h1403220.stratoserver.net /public_html/bertichile/puertomont0101/_vti_cnf pm-arg11.jpg
2008.06.27 19:29 B K:\sicherung_webserver_h10__072008\berti-golf.de\public_html\bertichile\puertomont0101\_vti_cnf\pm-arg12.jpg --> bertigolfde.h1403220.stratoserver.net /public_html/bertichile/puertomont0101/_vti_cnf pm-arg12.jpg
2008.06.27 19:29 B K:\sicherung_webserver_h10__072008\berti-golf.de\public_html\bertichile\puertomont0101\_vti_cnf\pm-arg12_tn.jpg --> bertigolfde.h1403220.stratoserver.net /public_html/bertichile/puertomont0101/_vti_cnf pm-arg12_tn.jpg
2008.06.27 19:29 B K:\sicherung_webserver_h10__072008\berti-golf.de\public_html\bertichile\puertomont0101\_vti_cnf\pm-arg13.jpg --> bertigolfde.h1403220.stratoserver.net /public_html/bertichile/puertomont0101/_vti_cnf pm-arg13.jpg
2008.06.27 19:29 B K:\sicherung_webserver_h10__072008\berti-golf.de\public_html\bertichile\puertomont0101\_vti_cnf\pm-arg14.jpg --> bertigolfde.h1403220.stratoserver.net /public_html/bertichile/puertomont0101/_vti_cnf pm-arg14.jpg
2008.06.27 19:29 B K:\sicherung_webserver_h10__072008\berti-golf.de\public_html\bertichile\puertomont0101\_vti_cnf\pm-arg14_tn.jpg --> bertigolfde.h1403220.stratoserver.net /public_html/bertichile/puertomont0101/_vti_cnf pm-arg14_tn.jpg
2008.06.27 19:29 B K:\sicherung_webserver_h10__072008\berti-golf.de\public_html\bertichile\puertomont0101\_vti_cnf\pm-arg15.jpg --> bertigolfde.h1403220.stratoserver.net /public_html/bertichile/puertomont0101/_vti_cnf pm-arg15.jpg
2008.06.27 19:29 B K:\sicherung_webserver_h10__072008\berti-golf.de\public_html\bertichile\puertomont0101\_vti_cnf\pm-arg16.jpg --> bertigolfde.h1403220.stratoserver.net /public_html/bertichile/puertomont0101/_vti_cnf pm-arg16.jpg
2008.06.27 19:29 B K:\sicherung_webserver_h10__072008\berti-golf.de\public_html\bertichile\puertomont0101\_vti_cnf\pm-arg16_tn.jpg --> bertigolfde.h1403220.stratoserver.net /public_html/bertichile/puertomont0101/_vti_cnf pm-arg16_tn.jpg
2008.06.27 19:29 B K:\sicherung_webserver_h10__072008\berti-golf.de\public_html\bertichile\puertomont0101\_vti_cnf\pm-arg17.jpg --> bertigolfde.h1403220.stratoserver.net /public_html/bertichile/puertomont0101/_vti_cnf pm-arg17.jpg
2008.06.27 19:29 B K:\sicherung_webserver_h10__072008\berti-golf.de\public_html\bertichile\puertomont0101\_vti_cnf\pm-arg18.jpg --> bertigolfde.h1403220.stratoserver.net /public_html/bertichile/puertomont0101/_vti_cnf pm-arg18.jpg
2008.06.27 19:29 B K:\sicherung_webserver_h10__072008\berti-golf.de\public_html\bertichile\puertomont0101\_vti_cnf\pm-arg19.jpg --> bertigolfde.h1403220.stratoserver.net /public_html/bertichile/puertomont0101/_vti_cnf pm-arg19.jpg
2008.06.27 19:29 B K:\sicherung_webserver_h10__072008\berti-golf.de\public_html\bertichile\puertomont0101\_vti_cnf\pm-arg19_tn.jpg --> bertigolfde.h1403220.stratoserver.net /public_html/bertichile/puertomont0101/_vti_cnf pm-arg19_tn.jpg
2008.06.27 19:29 B K:\sicherung_webserver_h10__072008\berti-golf.de\public_html\bertichile\puertomont0101\_vti_cnf\pm-arg20.jpg --> bertigolfde.h1403220.stratoserver.net /public_html/bertichile/puertomont0101/_vti_cnf pm-arg20.jpg
2008.06.27 19:29 B K:\sicherung_webserver_h10__072008\berti-golf.de\public_html\bertichile\puertomont0101\_vti_cnf\pm.html --> bertigolfde.h1403220.stratoserver.net /public_html/bertichile/puertomont0101/_vti_cnf pm.html
2008.06.27 19:29 B K:\sicherung_webserver_h10__072008\berti-golf.de\public_html\bertichile\puertomont0101\_vti_cnf\puertomont01.jpg --> bertigolfde.h1403220.stratoserver.net /public_html/bertichile/puertomont0101/_vti_cnf puertomont01.jpg
2008.06.27 19:29 B K:\sicherung_webserver_h10__072008\berti-golf.de\public_html\bertichile\puertomont0101\_vti_cnf\puertomont01_tn.jpg --> bertigolfde.h1403220.stratoserver.net /public_html/bertichile/puertomont0101/_vti_cnf puertomont01_tn.jpg
2008.06.27 19:29 B K:\sicherung_webserver_h10__072008\berti-golf.de\public_html\bertichile\puertomont0101\_vti_cnf\puertomont02.jpg --> bertigolfde.h1403220.stratoserver.net /public_html/bertichile/puertomont0101/_vti_cnf puertomont02.jpg
2008.06.27 19:29 B K:\sicherung_webserver_h10__072008\berti-golf.de\public_html\bertichile\puertomont0101\_vti_cnf\puertomont02_tn.jpg --> bertigolfde.h1403220.stratoserver.net /public_html/bertichile/puertomont0101/_vti_cnf puertomont02_tn.jpg
2008.06.27 19:29 B K:\sicherung_webserver_h10__072008\berti-golf.de\public_html\bertichile\puertomont0101\_vti_cnf\puertomont03.jpg --> bertigolfde.h1403220.stratoserver.net /public_html/bertichile/puertomont0101/_vti_cnf puertomont03.jpg
2008.06.27 19:29 B K:\sicherung_webserver_h10__072008\berti-golf.de\public_html\bertichile\puertomont0101\_vti_cnf\puertomont03_tn.jpg --> bertigolfde.h1403220.stratoserver.net /public_html/bertichile/puertomont0101/_vti_cnf puertomont03_tn.jpg
2008.06.27 19:29 B K:\sicherung_webserver_h10__072008\berti-golf.de\public_html\bertichile\puertomont0101\_vti_cnf\puertomont04.jpg --> bertigolfde.h1403220.stratoserver.net /public_html/bertichile/puertomont0101/_vti_cnf puertomont04.jpg
2008.06.27 19:29 B K:\sicherung_webserver_h10__072008\berti-golf.de\public_html\bertichile\puertomont0101\_vti_cnf\puertomont04_tn.jpg --> bertigolfde.h1403220.stratoserver.net /public_html/bertichile/puertomont0101/_vti_cnf puertomont04_tn.jpg
2008.06.27 19:29 B K:\sicherung_webserver_h10__072008\berti-golf.de\public_html\bertichile\puertomont0101\_vti_cnf\puertomont05.jpg --> bertigolfde.h1403220.stratoserver.net /public_html/bertichile/puertomont0101/_vti_cnf puertomont05.jpg
2008.06.27 19:29 B K:\sicherung_webserver_h10__072008\berti-golf.de\public_html\bertichile\puertomont0101\_vti_cnf\puertomont05_tn.jpg --> bertigolfde.h1403220.stratoserver.net /public_html/bertichile/puertomont0101/_vti_cnf puertomont05_tn.jpg
2008.06.27 19:29 B K:\sicherung_webserver_h10__072008\berti-golf.de\public_html\bertichile\puertomont0101\_vti_cnf\puertomont06.jpg --> bertigolfde.h1403220.stratoserver.net /public_html/bertichile/puertomont0101/_vti_cnf puertomont06.jpg
2008.06.27 19:29 B K:\sicherung_webserver_h10__072008\berti-golf.de\public_html\bertichile\puertomont0101\_vti_cnf\puertomont06_tn.jpg --> bertigolfde.h1403220.stratoserver.net /public_html/bertichile/puertomont0101/_vti_cnf puertomont06_tn.jpg
2008.06.27 19:29 B K:\sicherung_webserver_h10__072008\berti-golf.de\public_html\bertichile\puertomont0101\_vti_cnf\puertomont07.jpg --> bertigolfde.h1403220.stratoserver.net /public_html/bertichile/puertomont0101/_vti_cnf puertomont07.jpg
2008.06.27 19:29 B K:\sicherung_webserver_h10__072008\berti-golf.de\public_html\bertichile\puertomont0101\_vti_cnf\puertomont07_tn.jpg --> bertigolfde.h1403220.stratoserver.net /public_html/bertichile/puertomont0101/_vti_cnf puertomont07_tn.jpg
2008.06.27 19:29 B K:\sicherung_webserver_h10__072008\berti-golf.de\public_html\bertichile\puertomont0101\_vti_cnf\puertovaras.jpg --> bertigolfde.h1403220.stratoserver.net /public_html/bertichile/puertomont0101/_vti_cnf puertovaras.jpg
2008.06.27 19:29 B K:\sicherung_webserver_h10__072008\berti-golf.de\public_html\bertichile\puertomont0101\_vti_cnf\puertovaras_tn.jpg --> bertigolfde.h1403220.stratoserver.net /public_html/bertichile/puertomont0101/_vti_cnf puertovaras_tn.jpg
2008.06.27 19:29 B K:\sicherung_webserver_h10__072008\berti-golf.de\public_html\bertichile\puertomont0101\_vti_cnf\tren1.jpg --> bertigolfde.h1403220.stratoserver.net /public_html/bertichile/puertomont0101/_vti_cnf tren1.jpg
2008.06.27 19:29 B K:\sicherung_webserver_h10__072008\berti-golf.de\public_html\bertichile\puertomont0101\_vti_cnf\tren1_tn.jpg --> bertigolfde.h1403220.stratoserver.net /public_html/bertichile/puertomont0101/_vti_cnf tren1_tn.jpg
2008.06.27 19:29 B K:\sicherung_webserver_h10__072008\berti-golf.de\public_html\bertichile\puertomont0101\_vti_cnf\tren2.jpg --> bertigolfde.h1403220.stratoserver.net /public_html/bertichile/puertomont0101/_vti_cnf tren2.jpg
2008.06.27 19:29 B K:\sicherung_webserver_h10__072008\berti-golf.de\public_html\bertichile\puertomont0101\_vti_cnf\tren2_tn.jpg --> bertigolfde.h1403220.stratoserver.net /public_html/bertichile/puertomont0101/_vti_cnf tren2_tn.jpg
2008.06.27 19:29 B K:\sicherung_webserver_h10__072008\berti-golf.de\public_html\bertichile\puertomont0101\_vti_cnf\valdivia01.jpg --> bertigolfde.h1403220.stratoserver.net /public_html/bertichile/puertomont0101/_vti_cnf valdivia01.jpg
2008.06.27 19:29 B K:\sicherung_webserver_h10__072008\berti-golf.de\public_html\bertichile\puertomont0101\_vti_cnf\valdivia01_tn.jpg --> bertigolfde.h1403220.stratoserver.net /public_html/bertichile/puertomont0101/_vti_cnf valdivia01_tn.jpg
2008.06.27 19:29 B K:\sicherung_webserver_h10__072008\berti-golf.de\public_html\bertichile\puertomont0101\_vti_cnf\valdivia02.jpg --> bertigolfde.h1403220.stratoserver.net /public_html/bertichile/puertomont0101/_vti_cnf valdivia02.jpg
2008.06.27 19:29 B K:\sicherung_webserver_h10__072008\berti-golf.de\public_html\bertichile\puertomont0101\_vti_cnf\valdivia03.jpg --> bertigolfde.h1403220.stratoserver.net /public_html/bertichile/puertomont0101/_vti_cnf valdivia03.jpg
2008.06.27 19:29 B K:\sicherung_webserver_h10__072008\berti-golf.de\public_html\bertichile\puertomont0101\_vti_cnf\valdivia03_tn.jpg --> bertigolfde.h1403220.stratoserver.net /public_html/bertichile/puertomont0101/_vti_cnf valdivia03_tn.jpg
2008.06.27 19:29 B K:\sicherung_webserver_h10__072008\berti-golf.de\public_html\bertichile\puertomont0101\_vti_cnf\valdivia04.jpg --> bertigolfde.h1403220.stratoserver.net /public_html/bertichile/puertomont0101/_vti_cnf valdivia04.jpg
2008.06.27 19:29 B K:\sicherung_webserver_h10__072008\berti-golf.de\public_html\bertichile\puertomont0101\_vti_cnf\valdivia05.jpg --> bertigolfde.h1403220.stratoserver.net /public_html/bertichile/puertomont0101/_vti_cnf valdivia05.jpg
2008.06.27 19:29 B K:\sicherung_webserver_h10__072008\berti-golf.de\public_html\bertichile\puertomont0101\_vti_cnf\valdivia05_tn.jpg --> bertigolfde.h1403220.stratoserver.net /public_html/bertichile/puertomont0101/_vti_cnf valdivia05_tn.jpg
2009.05.01 07:22 B Z:\home\Berti\public_html\www.berti-golf.de\bertichile\puertomont0101\_vti_cnf\WS_FTP.LOG <-- bertigolfde.h1403220.stratoserver.net /public_html/bertichile/puertomont0101/_vti_cnf WS_FTP.LOG
2009.12.08 18:05 B Z:\home\Berti\public_html\www.berti-golf.de\bertichile\puertomont0101\_vti_cnf\bariloche01.jpg --> h1667152.stratoserver.net /httpdocs/bertichile/puertomont0101/_vti_cnf bariloche01.jpg
2009.12.08 18:05 B Z:\home\Berti\public_html\www.berti-golf.de\bertichile\puertomont0101\_vti_cnf\bariloche02.jpg --> h1667152.stratoserver.net /httpdocs/bertichile/puertomont0101/_vti_cnf bariloche02.jpg
2009.12.08 18:05 B Z:\home\Berti\public_html\www.berti-golf.de\bertichile\puertomont0101\_vti_cnf\bariloche02_tn.jpg --> h1667152.stratoserver.net /httpdocs/bertichile/puertomont0101/_vti_cnf bariloche02_tn.jpg
2009.12.08 18:05 B Z:\home\Berti\public_html\www.berti-golf.de\bertichile\puertomont0101\_vti_cnf\bariloche03.jpg --> h1667152.stratoserver.net /httpdocs/bertichile/puertomont0101/_vti_cnf bariloche03.jpg
2009.12.08 18:05 B Z:\home\Berti\public_html\www.berti-golf.de\bertichile\puertomont0101\_vti_cnf\bariloche03_tn.jpg --> h1667152.stratoserver.net /httpdocs/bertichile/puertomont0101/_vti_cnf bariloche03_tn.jpg
2009.12.08 18:05 B Z:\home\Berti\public_html\www.berti-golf.de\bertichile\puertomont0101\_vti_cnf\bariloche04.jpg --> h1667152.stratoserver.net /httpdocs/bertichile/puertomont0101/_vti_cnf bariloche04.jpg
2009.12.08 18:05 B Z:\home\Berti\public_html\www.berti-golf.de\bertichile\puertomont0101\_vti_cnf\bariloche04_tn.jpg --> h1667152.stratoserver.net /httpdocs/bertichile/puertomont0101/_vti_cnf bariloche04_tn.jpg
2009.12.08 18:05 B Z:\home\Berti\public_html\www.berti-golf.de\bertichile\puertomont0101\_vti_cnf\bariloche05.jpg --> h1667152.stratoserver.net /httpdocs/bertichile/puertomont0101/_vti_cnf bariloche05.jpg
2009.12.08 18:05 B Z:\home\Berti\public_html\www.berti-golf.de\bertichile\puertomont0101\_vti_cnf\bariloche06.jpg --> h1667152.stratoserver.net /httpdocs/bertichile/puertomont0101/_vti_cnf bariloche06.jpg
2009.12.08 18:05 B Z:\home\Berti\public_html\www.berti-golf.de\bertichile\puertomont0101\_vti_cnf\bariloche07.jpg --> h1667152.stratoserver.net /httpdocs/bertichile/puertomont0101/_vti_cnf bariloche07.jpg
2009.12.08 18:05 B Z:\home\Berti\public_html\www.berti-golf.de\bertichile\puertomont0101\_vti_cnf\bariloche07_tn.jpg --> h1667152.stratoserver.net /httpdocs/bertichile/puertomont0101/_vti_cnf bariloche07_tn.jpg
2009.12.08 18:05 B Z:\home\Berti\public_html\www.berti-golf.de\bertichile\puertomont0101\_vti_cnf\bariloche08.jpg --> h1667152.stratoserver.net /httpdocs/bertichile/puertomont0101/_vti_cnf bariloche08.jpg
2009.12.08 18:05 B Z:\home\Berti\public_html\www.berti-golf.de\bertichile\puertomont0101\_vti_cnf\bariloche08_tn.jpg --> h1667152.stratoserver.net /httpdocs/bertichile/puertomont0101/_vti_cnf bariloche08_tn.jpg
2009.12.08 18:05 B Z:\home\Berti\public_html\www.berti-golf.de\bertichile\puertomont0101\_vti_cnf\bariloche09.jpg --> h1667152.stratoserver.net /httpdocs/bertichile/puertomont0101/_vti_cnf bariloche09.jpg
2009.12.08 18:05 B Z:\home\Berti\public_html\www.berti-golf.de\bertichile\puertomont0101\_vti_cnf\bariloche09_tn.jpg --> h1667152.stratoserver.net /httpdocs/bertichile/puertomont0101/_vti_cnf bariloche09_tn.jpg
2009.12.08 18:05 B Z:\home\Berti\public_html\www.berti-golf.de\bertichile\puertomont0101\_vti_cnf\bariloche10.jpg --> h1667152.stratoserver.net /httpdocs/bertichile/puertomont0101/_vti_cnf bariloche10.jpg
2009.12.08 18:05 B Z:\home\Berti\public_html\www.berti-golf.de\bertichile\puertomont0101\_vti_cnf\bariloche10_tn.jpg --> h1667152.stratoserver.net /httpdocs/bertichile/puertomont0101/_vti_cnf bariloche10_tn.jpg
2009.12.08 18:05 B Z:\home\Berti\public_html\www.berti-golf.de\bertichile\puertomont0101\_vti_cnf\bariloche11.jpg --> h1667152.stratoserver.net /httpdocs/bertichile/puertomont0101/_vti_cnf bariloche11.jpg
2009.12.08 18:05 B Z:\home\Berti\public_html\www.berti-golf.de\bertichile\puertomont0101\_vti_cnf\bariloche12.jpg --> h1667152.stratoserver.net /httpdocs/bertichile/puertomont0101/_vti_cnf bariloche12.jpg
2009.12.08 18:05 B Z:\home\Berti\public_html\www.berti-golf.de\bertichile\puertomont0101\_vti_cnf\bariloche13.jpg --> h1667152.stratoserver.net /httpdocs/bertichile/puertomont0101/_vti_cnf bariloche13.jpg
2009.12.08 18:05 B Z:\home\Berti\public_html\www.berti-golf.de\bertichile\puertomont0101\_vti_cnf\bariloche13_tn.jpg --> h1667152.stratoserver.net /httpdocs/bertichile/puertomont0101/_vti_cnf bariloche13_tn.jpg
2009.12.08 18:05 B Z:\home\Berti\public_html\www.berti-golf.de\bertichile\puertomont0101\_vti_cnf\bariloche14.jpg --> h1667152.stratoserver.net /httpdocs/bertichile/puertomont0101/_vti_cnf bariloche14.jpg
2009.12.08 18:06 B Z:\home\Berti\public_html\www.berti-golf.de\bertichile\puertomont0101\_vti_cnf\bariloche15.jpg --> h1667152.stratoserver.net /httpdocs/bertichile/puertomont0101/_vti_cnf bariloche15.jpg
2009.12.08 18:06 B Z:\home\Berti\public_html\www.berti-golf.de\bertichile\puertomont0101\_vti_cnf\bariloche16.jpg --> h1667152.stratoserver.net /httpdocs/bertichile/puertomont0101/_vti_cnf bariloche16.jpg
2009.12.08 18:06 B Z:\home\Berti\public_html\www.berti-golf.de\bertichile\puertomont0101\_vti_cnf\bariloche17.jpg --> h1667152.stratoserver.net /httpdocs/bertichile/puertomont0101/_vti_cnf bariloche17.jpg
2009.12.08 18:06 B Z:\home\Berti\public_html\www.berti-golf.de\bertichile\puertomont0101\_vti_cnf\bariloche17_tn.jpg --> h1667152.stratoserver.net /httpdocs/bertichile/puertomont0101/_vti_cnf bariloche17_tn.jpg
2009.12.08 18:06 B Z:\home\Berti\public_html\www.berti-golf.de\bertichile\puertomont0101\_vti_cnf\bariloche18.jpg --> h1667152.stratoserver.net /httpdocs/bertichile/puertomont0101/_vti_cnf bariloche18.jpg
2009.12.08 18:06 B Z:\home\Berti\public_html\www.berti-golf.de\bertichile\puertomont0101\_vti_cnf\bariloche18_tn.jpg --> h1667152.stratoserver.net /httpdocs/bertichile/puertomont0101/_vti_cnf bariloche18_tn.jpg
2009.12.08 18:06 B Z:\home\Berti\public_html\www.berti-golf.de\bertichile\puertomont0101\_vti_cnf\bariloche19.jpg --> h1667152.stratoserver.net /httpdocs/bertichile/puertomont0101/_vti_cnf bariloche19.jpg
2009.12.08 18:06 B Z:\home\Berti\public_html\www.berti-golf.de\bertichile\puertomont0101\_vti_cnf\bariloche20.jpg --> h1667152.stratoserver.net /httpdocs/bertichile/puertomont0101/_vti_cnf bariloche20.jpg
2009.12.08 18:06 B Z:\home\Berti\public_html\www.berti-golf.de\bertichile\puertomont0101\_vti_cnf\bariloche20_tn.jpg --> h1667152.stratoserver.net /httpdocs/bertichile/puertomont0101/_vti_cnf bariloche20_tn.jpg
2009.12.08 18:06 B Z:\home\Berti\public_html\www.berti-golf.de\bertichile\puertomont0101\_vti_cnf\bariloche21.jpg --> h1667152.stratoserver.net /httpdocs/bertichile/puertomont0101/_vti_cnf bariloche21.jpg
2009.12.08 18:06 B Z:\home\Berti\public_html\www.berti-golf.de\bertichile\puertomont0101\_vti_cnf\bariloche21_tn.jpg --> h1667152.stratoserver.net /httpdocs/bertichile/puertomont0101/_vti_cnf bariloche21_tn.jpg
2009.12.08 18:06 B Z:\home\Berti\public_html\www.berti-golf.de\bertichile\puertomont0101\_vti_cnf\bariloche22.jpg --> h1667152.stratoserver.net /httpdocs/bertichile/puertomont0101/_vti_cnf bariloche22.jpg
2009.12.08 18:06 B Z:\home\Berti\public_html\www.berti-golf.de\bertichile\puertomont0101\_vti_cnf\bariloche23.jpg --> h1667152.stratoserver.net /httpdocs/bertichile/puertomont0101/_vti_cnf bariloche23.jpg
2009.12.08 18:06 B Z:\home\Berti\public_html\www.berti-golf.de\bertichile\puertomont0101\_vti_cnf\bariloche23_tn.jpg --> h1667152.stratoserver.net /httpdocs/bertichile/puertomont0101/_vti_cnf bariloche23_tn.jpg
2009.12.08 18:06 B Z:\home\Berti\public_html\www.berti-golf.de\bertichile\puertomont0101\_vti_cnf\bariloche24.jpg --> h1667152.stratoserver.net /httpdocs/bertichile/puertomont0101/_vti_cnf bariloche24.jpg
2009.12.08 18:06 B Z:\home\Berti\public_html\www.berti-golf.de\bertichile\puertomont0101\_vti_cnf\bariloche24_tn.jpg --> h1667152.stratoserver.net /httpdocs/bertichile/puertomont0101/_vti_cnf bariloche24_tn.jpg
2009.12.08 18:06 B Z:\home\Berti\public_html\www.berti-golf.de\bertichile\puertomont0101\_vti_cnf\bariloche25.jpg --> h1667152.stratoserver.net /httpdocs/bertichile/puertomont0101/_vti_cnf bariloche25.jpg
2009.12.08 18:06 B Z:\home\Berti\public_html\www.berti-golf.de\bertichile\puertomont0101\_vti_cnf\dsc00039.jpg --> h1667152.stratoserver.net /httpdocs/bertichile/puertomont0101/_vti_cnf dsc00039.jpg
2009.12.08 18:06 B Z:\home\Berti\public_html\www.berti-golf.de\bertichile\puertomont0101\_vti_cnf\dsc00040.jpg --> h1667152.stratoserver.net /httpdocs/bertichile/puertomont0101/_vti_cnf dsc00040.jpg
2009.12.08 18:06 B Z:\home\Berti\public_html\www.berti-golf.de\bertichile\puertomont0101\_vti_cnf\dsc00041.jpg --> h1667152.stratoserver.net /httpdocs/bertichile/puertomont0101/_vti_cnf dsc00041.jpg
2009.12.08 18:06 B Z:\home\Berti\public_html\www.berti-golf.de\bertichile\puertomont0101\_vti_cnf\dsc00042.jpg --> h1667152.stratoserver.net /httpdocs/bertichile/puertomont0101/_vti_cnf dsc00042.jpg
2009.12.08 18:06 B Z:\home\Berti\public_html\www.berti-golf.de\bertichile\puertomont0101\_vti_cnf\llanquehue1.jpg --> h1667152.stratoserver.net /httpdocs/bertichile/puertomont0101/_vti_cnf llanquehue1.jpg
2009.12.08 18:06 B Z:\home\Berti\public_html\www.berti-golf.de\bertichile\puertomont0101\_vti_cnf\llanquehue1_tn.jpg --> h1667152.stratoserver.net /httpdocs/bertichile/puertomont0101/_vti_cnf llanquehue1_tn.jpg
2009.12.08 18:06 B Z:\home\Berti\public_html\www.berti-golf.de\bertichile\puertomont0101\_vti_cnf\llanquehue2.jpg --> h1667152.stratoserver.net /httpdocs/bertichile/puertomont0101/_vti_cnf llanquehue2.jpg
2009.12.08 18:06 B Z:\home\Berti\public_html\www.berti-golf.de\bertichile\puertomont0101\_vti_cnf\llanquehue3.jpg --> h1667152.stratoserver.net /httpdocs/bertichile/puertomont0101/_vti_cnf llanquehue3.jpg
2009.12.08 18:06 B Z:\home\Berti\public_html\www.berti-golf.de\bertichile\puertomont0101\_vti_cnf\llanquehue3_tn.jpg --> h1667152.stratoserver.net /httpdocs/bertichile/puertomont0101/_vti_cnf llanquehue3_tn.jpg
2009.12.08 18:06 B Z:\home\Berti\public_html\www.berti-golf.de\bertichile\puertomont0101\_vti_cnf\llanquehue4.jpg --> h1667152.stratoserver.net /httpdocs/bertichile/puertomont0101/_vti_cnf llanquehue4.jpg
2009.12.08 18:06 B Z:\home\Berti\public_html\www.berti-golf.de\bertichile\puertomont0101\_vti_cnf\llanquehue4_tn.jpg --> h1667152.stratoserver.net /httpdocs/bertichile/puertomont0101/_vti_cnf llanquehue4_tn.jpg
2009.12.08 18:06 B Z:\home\Berti\public_html\www.berti-golf.de\bertichile\puertomont0101\_vti_cnf\llanquehue5.jpg --> h1667152.stratoserver.net /httpdocs/bertichile/puertomont0101/_vti_cnf llanquehue5.jpg
2009.12.08 18:06 B Z:\home\Berti\public_html\www.berti-golf.de\bertichile\puertomont0101\_vti_cnf\llanquehue6.jpg --> h1667152.stratoserver.net /httpdocs/bertichile/puertomont0101/_vti_cnf llanquehue6.jpg
2009.12.08 18:06 B Z:\home\Berti\public_html\www.berti-golf.de\bertichile\puertomont0101\_vti_cnf\llanquehue6_tn.jpg --> h1667152.stratoserver.net /httpdocs/bertichile/puertomont0101/_vti_cnf llanquehue6_tn.jpg
2009.12.08 18:06 B Z:\home\Berti\public_html\www.berti-golf.de\bertichile\puertomont0101\_vti_cnf\llanquehue7.jpg --> h1667152.stratoserver.net /httpdocs/bertichile/puertomont0101/_vti_cnf llanquehue7.jpg
2009.12.08 18:06 B Z:\home\Berti\public_html\www.berti-golf.de\bertichile\puertomont0101\_vti_cnf\llanquehue7_tn.jpg --> h1667152.stratoserver.net /httpdocs/bertichile/puertomont0101/_vti_cnf llanquehue7_tn.jpg
2009.12.08 18:06 B Z:\home\Berti\public_html\www.berti-golf.de\bertichile\puertomont0101\_vti_cnf\llanquehue8.jpg --> h1667152.stratoserver.net /httpdocs/bertichile/puertomont0101/_vti_cnf llanquehue8.jpg
2009.12.08 18:06 B Z:\home\Berti\public_html\www.berti-golf.de\bertichile\puertomont0101\_vti_cnf\osorno1.jpg --> h1667152.stratoserver.net /httpdocs/bertichile/puertomont0101/_vti_cnf osorno1.jpg
2009.12.08 18:06 B Z:\home\Berti\public_html\www.berti-golf.de\bertichile\puertomont0101\_vti_cnf\osorno1_tn.jpg --> h1667152.stratoserver.net /httpdocs/bertichile/puertomont0101/_vti_cnf osorno1_tn.jpg
2009.12.08 18:06 B Z:\home\Berti\public_html\www.berti-golf.de\bertichile\puertomont0101\_vti_cnf\osorno2.jpg --> h1667152.stratoserver.net /httpdocs/bertichile/puertomont0101/_vti_cnf osorno2.jpg
2009.12.08 18:06 B Z:\home\Berti\public_html\www.berti-golf.de\bertichile\puertomont0101\_vti_cnf\osorno3.jpg --> h1667152.stratoserver.net /httpdocs/bertichile/puertomont0101/_vti_cnf osorno3.jpg
2009.12.08 18:06 B Z:\home\Berti\public_html\www.berti-golf.de\bertichile\puertomont0101\_vti_cnf\osorno3_tn.jpg --> h1667152.stratoserver.net /httpdocs/bertichile/puertomont0101/_vti_cnf osorno3_tn.jpg
2009.12.08 18:06 B Z:\home\Berti\public_html\www.berti-golf.de\bertichile\puertomont0101\_vti_cnf\osorno4.jpg --> h1667152.stratoserver.net /httpdocs/bertichile/puertomont0101/_vti_cnf osorno4.jpg
2009.12.08 18:06 B Z:\home\Berti\public_html\www.berti-golf.de\bertichile\puertomont0101\_vti_cnf\osorno4_tn.jpg --> h1667152.stratoserver.net /httpdocs/bertichile/puertomont0101/_vti_cnf osorno4_tn.jpg
2009.12.08 18:06 B Z:\home\Berti\public_html\www.berti-golf.de\bertichile\puertomont0101\_vti_cnf\osorno5.jpg --> h1667152.stratoserver.net /httpdocs/bertichile/puertomont0101/_vti_cnf osorno5.jpg
2009.12.08 18:06 B Z:\home\Berti\public_html\www.berti-golf.de\bertichile\puertomont0101\_vti_cnf\osorno5_tn.jpg --> h1667152.stratoserver.net /httpdocs/bertichile/puertomont0101/_vti_cnf osorno5_tn.jpg
2009.12.08 18:06 B Z:\home\Berti\public_html\www.berti-golf.de\bertichile\puertomont0101\_vti_cnf\pm-arg01.jpg --> h1667152.stratoserver.net /httpdocs/bertichile/puertomont0101/_vti_cnf pm-arg01.jpg
2009.12.08 18:06 B Z:\home\Berti\public_html\www.berti-golf.de\bertichile\puertomont0101\_vti_cnf\pm-arg02.jpg --> h1667152.stratoserver.net /httpdocs/bertichile/puertomont0101/_vti_cnf pm-arg02.jpg
2009.12.08 18:06 B Z:\home\Berti\public_html\www.berti-golf.de\bertichile\puertomont0101\_vti_cnf\pm-arg02_tn.jpg --> h1667152.stratoserver.net /httpdocs/bertichile/puertomont0101/_vti_cnf pm-arg02_tn.jpg
2009.12.08 18:06 B Z:\home\Berti\public_html\www.berti-golf.de\bertichile\puertomont0101\_vti_cnf\pm-arg03.jpg --> h1667152.stratoserver.net /httpdocs/bertichile/puertomont0101/_vti_cnf pm-arg03.jpg
2009.12.08 18:06 B Z:\home\Berti\public_html\www.berti-golf.de\bertichile\puertomont0101\_vti_cnf\pm-arg03_tn.jpg --> h1667152.stratoserver.net /httpdocs/bertichile/puertomont0101/_vti_cnf pm-arg03_tn.jpg
2009.12.08 18:06 B Z:\home\Berti\public_html\www.berti-golf.de\bertichile\puertomont0101\_vti_cnf\pm-arg04.jpg --> h1667152.stratoserver.net /httpdocs/bertichile/puertomont0101/_vti_cnf pm-arg04.jpg
2009.12.08 18:06 B Z:\home\Berti\public_html\www.berti-golf.de\bertichile\puertomont0101\_vti_cnf\pm-arg04_tn.jpg --> h1667152.stratoserver.net /httpdocs/bertichile/puertomont0101/_vti_cnf pm-arg04_tn.jpg
2009.12.08 18:06 B Z:\home\Berti\public_html\www.berti-golf.de\bertichile\puertomont0101\_vti_cnf\pm-arg05.jpg --> h1667152.stratoserver.net /httpdocs/bertichile/puertomont0101/_vti_cnf pm-arg05.jpg
2009.12.08 18:06 B Z:\home\Berti\public_html\www.berti-golf.de\bertichile\puertomont0101\_vti_cnf\pm-arg05_tn.jpg --> h1667152.stratoserver.net /httpdocs/bertichile/puertomont0101/_vti_cnf pm-arg05_tn.jpg
2009.12.08 18:06 B Z:\home\Berti\public_html\www.berti-golf.de\bertichile\puertomont0101\_vti_cnf\pm-arg06.jpg --> h1667152.stratoserver.net /httpdocs/bertichile/puertomont0101/_vti_cnf pm-arg06.jpg
2009.12.08 18:06 B Z:\home\Berti\public_html\www.berti-golf.de\bertichile\puertomont0101\_vti_cnf\pm-arg06a.jpg --> h1667152.stratoserver.net /httpdocs/bertichile/puertomont0101/_vti_cnf pm-arg06a.jpg
2009.12.08 18:06 B Z:\home\Berti\public_html\www.berti-golf.de\bertichile\puertomont0101\_vti_cnf\pm-arg06a_tn.jpg --> h1667152.stratoserver.net /httpdocs/bertichile/puertomont0101/_vti_cnf pm-arg06a_tn.jpg
2009.12.08 18:06 B Z:\home\Berti\public_html\www.berti-golf.de\bertichile\puertomont0101\_vti_cnf\pm-arg06b.jpg --> h1667152.stratoserver.net /httpdocs/bertichile/puertomont0101/_vti_cnf pm-arg06b.jpg
2009.12.08 18:06 B Z:\home\Berti\public_html\www.berti-golf.de\bertichile\puertomont0101\_vti_cnf\pm-arg06b_tn.jpg --> h1667152.stratoserver.net /httpdocs/bertichile/puertomont0101/_vti_cnf pm-arg06b_tn.jpg
2009.12.08 18:06 B Z:\home\Berti\public_html\www.berti-golf.de\bertichile\puertomont0101\_vti_cnf\pm-arg07.jpg --> h1667152.stratoserver.net /httpdocs/bertichile/puertomont0101/_vti_cnf pm-arg07.jpg
2009.12.08 18:06 B Z:\home\Berti\public_html\www.berti-golf.de\bertichile\puertomont0101\_vti_cnf\pm-arg07_tn.jpg --> h1667152.stratoserver.net /httpdocs/bertichile/puertomont0101/_vti_cnf pm-arg07_tn.jpg
2009.12.08 18:06 B Z:\home\Berti\public_html\www.berti-golf.de\bertichile\puertomont0101\_vti_cnf\pm-arg08.jpg --> h1667152.stratoserver.net /httpdocs/bertichile/puertomont0101/_vti_cnf pm-arg08.jpg
2009.12.08 18:06 B Z:\home\Berti\public_html\www.berti-golf.de\bertichile\puertomont0101\_vti_cnf\pm-arg09.jpg --> h1667152.stratoserver.net /httpdocs/bertichile/puertomont0101/_vti_cnf pm-arg09.jpg
2009.12.08 18:06 B Z:\home\Berti\public_html\www.berti-golf.de\bertichile\puertomont0101\_vti_cnf\pm-arg10.jpg --> h1667152.stratoserver.net /httpdocs/bertichile/puertomont0101/_vti_cnf pm-arg10.jpg
2009.12.08 18:06 B Z:\home\Berti\public_html\www.berti-golf.de\bertichile\puertomont0101\_vti_cnf\pm-arg10_tn.jpg --> h1667152.stratoserver.net /httpdocs/bertichile/puertomont0101/_vti_cnf pm-arg10_tn.jpg
2009.12.08 18:06 B Z:\home\Berti\public_html\www.berti-golf.de\bertichile\puertomont0101\_vti_cnf\pm-arg11.jpg --> h1667152.stratoserver.net /httpdocs/bertichile/puertomont0101/_vti_cnf pm-arg11.jpg
2009.12.08 18:06 B Z:\home\Berti\public_html\www.berti-golf.de\bertichile\puertomont0101\_vti_cnf\pm-arg12.jpg --> h1667152.stratoserver.net /httpdocs/bertichile/puertomont0101/_vti_cnf pm-arg12.jpg
2009.12.08 18:06 B Z:\home\Berti\public_html\www.berti-golf.de\bertichile\puertomont0101\_vti_cnf\pm-arg12_tn.jpg --> h1667152.stratoserver.net /httpdocs/bertichile/puertomont0101/_vti_cnf pm-arg12_tn.jpg
2009.12.08 18:06 B Z:\home\Berti\public_html\www.berti-golf.de\bertichile\puertomont0101\_vti_cnf\pm-arg13.jpg --> h1667152.stratoserver.net /httpdocs/bertichile/puertomont0101/_vti_cnf pm-arg13.jpg
2009.12.08 18:06 B Z:\home\Berti\public_html\www.berti-golf.de\bertichile\puertomont0101\_vti_cnf\pm-arg14.jpg --> h1667152.stratoserver.net /httpdocs/bertichile/puertomont0101/_vti_cnf pm-arg14.jpg
2009.12.08 18:06 B Z:\home\Berti\public_html\www.berti-golf.de\bertichile\puertomont0101\_vti_cnf\pm-arg14_tn.jpg --> h1667152.stratoserver.net /httpdocs/bertichile/puertomont0101/_vti_cnf pm-arg14_tn.jpg
2009.12.08 18:06 B Z:\home\Berti\public_html\www.berti-golf.de\bertichile\puertomont0101\_vti_cnf\pm-arg15.jpg --> h1667152.stratoserver.net /httpdocs/bertichile/puertomont0101/_vti_cnf pm-arg15.jpg
2009.12.08 18:06 B Z:\home\Berti\public_html\www.berti-golf.de\bertichile\puertomont0101\_vti_cnf\pm-arg16.jpg --> h1667152.stratoserver.net /httpdocs/bertichile/puertomont0101/_vti_cnf pm-arg16.jpg
2009.12.08 18:06 B Z:\home\Berti\public_html\www.berti-golf.de\bertichile\puertomont0101\_vti_cnf\pm-arg16_tn.jpg --> h1667152.stratoserver.net /httpdocs/bertichile/puertomont0101/_vti_cnf pm-arg16_tn.jpg
2009.12.08 18:06 B Z:\home\Berti\public_html\www.berti-golf.de\bertichile\puertomont0101\_vti_cnf\pm-arg17.jpg --> h1667152.stratoserver.net /httpdocs/bertichile/puertomont0101/_vti_cnf pm-arg17.jpg
2009.12.08 18:06 B Z:\home\Berti\public_html\www.berti-golf.de\bertichile\puertomont0101\_vti_cnf\pm-arg18.jpg --> h1667152.stratoserver.net /httpdocs/bertichile/puertomont0101/_vti_cnf pm-arg18.jpg
2009.12.08 18:06 B Z:\home\Berti\public_html\www.berti-golf.de\bertichile\puertomont0101\_vti_cnf\pm-arg19.jpg --> h1667152.stratoserver.net /httpdocs/bertichile/puertomont0101/_vti_cnf pm-arg19.jpg
2009.12.08 18:06 B Z:\home\Berti\public_html\www.berti-golf.de\bertichile\puertomont0101\_vti_cnf\pm-arg19_tn.jpg --> h1667152.stratoserver.net /httpdocs/bertichile/puertomont0101/_vti_cnf pm-arg19_tn.jpg
2009.12.08 18:06 B Z:\home\Berti\public_html\www.berti-golf.de\bertichile\puertomont0101\_vti_cnf\pm-arg20.jpg --> h1667152.stratoserver.net /httpdocs/bertichile/puertomont0101/_vti_cnf pm-arg20.jpg
2009.12.08 18:06 B Z:\home\Berti\public_html\www.berti-golf.de\bertichile\puertomont0101\_vti_cnf\pm.html --> h1667152.stratoserver.net /httpdocs/bertichile/puertomont0101/_vti_cnf pm.html
2009.12.08 18:06 B Z:\home\Berti\public_html\www.berti-golf.de\bertichile\puertomont0101\_vti_cnf\puertomont01.jpg --> h1667152.stratoserver.net /httpdocs/bertichile/puertomont0101/_vti_cnf puertomont01.jpg
2009.12.08 18:06 B Z:\home\Berti\public_html\www.berti-golf.de\bertichile\puertomont0101\_vti_cnf\puertomont01_tn.jpg --> h1667152.stratoserver.net /httpdocs/bertichile/puertomont0101/_vti_cnf puertomont01_tn.jpg
2009.12.08 18:06 B Z:\home\Berti\public_html\www.berti-golf.de\bertichile\puertomont0101\_vti_cnf\puertomont02.jpg --> h1667152.stratoserver.net /httpdocs/bertichile/puertomont0101/_vti_cnf puertomont02.jpg
2009.12.08 18:06 B Z:\home\Berti\public_html\www.berti-golf.de\bertichile\puertomont0101\_vti_cnf\puertomont02_tn.jpg --> h1667152.stratoserver.net /httpdocs/bertichile/puertomont0101/_vti_cnf puertomont02_tn.jpg
2009.12.08 18:06 B Z:\home\Berti\public_html\www.berti-golf.de\bertichile\puertomont0101\_vti_cnf\puertomont03.jpg --> h1667152.stratoserver.net /httpdocs/bertichile/puertomont0101/_vti_cnf puertomont03.jpg
2009.12.08 18:06 B Z:\home\Berti\public_html\www.berti-golf.de\bertichile\puertomont0101\_vti_cnf\puertomont03_tn.jpg --> h1667152.stratoserver.net /httpdocs/bertichile/puertomont0101/_vti_cnf puertomont03_tn.jpg
2009.12.08 18:06 B Z:\home\Berti\public_html\www.berti-golf.de\bertichile\puertomont0101\_vti_cnf\puertomont04.jpg --> h1667152.stratoserver.net /httpdocs/bertichile/puertomont0101/_vti_cnf puertomont04.jpg
2009.12.08 18:06 B Z:\home\Berti\public_html\www.berti-golf.de\bertichile\puertomont0101\_vti_cnf\puertomont04_tn.jpg --> h1667152.stratoserver.net /httpdocs/bertichile/puertomont0101/_vti_cnf puertomont04_tn.jpg
2009.12.08 18:06 B Z:\home\Berti\public_html\www.berti-golf.de\bertichile\puertomont0101\_vti_cnf\puertomont05.jpg --> h1667152.stratoserver.net /httpdocs/bertichile/puertomont0101/_vti_cnf puertomont05.jpg
2009.12.08 18:06 B Z:\home\Berti\public_html\www.berti-golf.de\bertichile\puertomont0101\_vti_cnf\puertomont05_tn.jpg --> h1667152.stratoserver.net /httpdocs/bertichile/puertomont0101/_vti_cnf puertomont05_tn.jpg
2009.12.08 18:06 B Z:\home\Berti\public_html\www.berti-golf.de\bertichile\puertomont0101\_vti_cnf\puertomont06.jpg --> h1667152.stratoserver.net /httpdocs/bertichile/puertomont0101/_vti_cnf puertomont06.jpg
2009.12.08 18:06 B Z:\home\Berti\public_html\www.berti-golf.de\bertichile\puertomont0101\_vti_cnf\puertomont06_tn.jpg --> h1667152.stratoserver.net /httpdocs/bertichile/puertomont0101/_vti_cnf puertomont06_tn.jpg
2009.12.08 18:06 B Z:\home\Berti\public_html\www.berti-golf.de\bertichile\puertomont0101\_vti_cnf\puertomont07.jpg --> h1667152.stratoserver.net /httpdocs/bertichile/puertomont0101/_vti_cnf puertomont07.jpg
2009.12.08 18:06 B Z:\home\Berti\public_html\www.berti-golf.de\bertichile\puertomont0101\_vti_cnf\puertomont07_tn.jpg --> h1667152.stratoserver.net /httpdocs/bertichile/puertomont0101/_vti_cnf puertomont07_tn.jpg
2009.12.08 18:06 B Z:\home\Berti\public_html\www.berti-golf.de\bertichile\puertomont0101\_vti_cnf\puertovaras.jpg --> h1667152.stratoserver.net /httpdocs/bertichile/puertomont0101/_vti_cnf puertovaras.jpg
2009.12.08 18:06 B Z:\home\Berti\public_html\www.berti-golf.de\bertichile\puertomont0101\_vti_cnf\puertovaras_tn.jpg --> h1667152.stratoserver.net /httpdocs/bertichile/puertomont0101/_vti_cnf puertovaras_tn.jpg
2009.12.08 18:06 B Z:\home\Berti\public_html\www.berti-golf.de\bertichile\puertomont0101\_vti_cnf\tren1.jpg --> h1667152.stratoserver.net /httpdocs/bertichile/puertomont0101/_vti_cnf tren1.jpg
2009.12.08 18:06 B Z:\home\Berti\public_html\www.berti-golf.de\bertichile\puertomont0101\_vti_cnf\tren1_tn.jpg --> h1667152.stratoserver.net /httpdocs/bertichile/puertomont0101/_vti_cnf tren1_tn.jpg
2009.12.08 18:06 B Z:\home\Berti\public_html\www.berti-golf.de\bertichile\puertomont0101\_vti_cnf\tren2.jpg --> h1667152.stratoserver.net /httpdocs/bertichile/puertomont0101/_vti_cnf tren2.jpg
2009.12.08 18:06 B Z:\home\Berti\public_html\www.berti-golf.de\bertichile\puertomont0101\_vti_cnf\tren2_tn.jpg --> h1667152.stratoserver.net /httpdocs/bertichile/puertomont0101/_vti_cnf tren2_tn.jpg
2009.12.08 18:06 B Z:\home\Berti\public_html\www.berti-golf.de\bertichile\puertomont0101\_vti_cnf\valdivia01.jpg --> h1667152.stratoserver.net /httpdocs/bertichile/puertomont0101/_vti_cnf valdivia01.jpg
2009.12.08 18:06 B Z:\home\Berti\public_html\www.berti-golf.de\bertichile\puertomont0101\_vti_cnf\valdivia01_tn.jpg --> h1667152.stratoserver.net /httpdocs/bertichile/puertomont0101/_vti_cnf valdivia01_tn.jpg
2009.12.08 18:06 B Z:\home\Berti\public_html\www.berti-golf.de\bertichile\puertomont0101\_vti_cnf\valdivia02.jpg --> h1667152.stratoserver.net /httpdocs/bertichile/puertomont0101/_vti_cnf valdivia02.jpg
2009.12.08 18:06 B Z:\home\Berti\public_html\www.berti-golf.de\bertichile\puertomont0101\_vti_cnf\valdivia03.jpg --> h1667152.stratoserver.net /httpdocs/bertichile/puertomont0101/_vti_cnf valdivia03.jpg
2009.12.08 18:06 B Z:\home\Berti\public_html\www.berti-golf.de\bertichile\puertomont0101\_vti_cnf\valdivia03_tn.jpg --> h1667152.stratoserver.net /httpdocs/bertichile/puertomont0101/_vti_cnf valdivia03_tn.jpg
2009.12.08 18:06 B Z:\home\Berti\public_html\www.berti-golf.de\bertichile\puertomont0101\_vti_cnf\valdivia04.jpg --> h1667152.stratoserver.net /httpdocs/bertichile/puertomont0101/_vti_cnf valdivia04.jpg
2009.12.08 18:06 B Z:\home\Berti\public_html\www.berti-golf.de\bertichile\puertomont0101\_vti_cnf\valdivia05.jpg --> h1667152.stratoserver.net /httpdocs/bertichile/puertomont0101/_vti_cnf valdivia05.jpg
2009.12.08 18:06 B Z:\home\Berti\public_html\www.berti-golf.de\bertichile\puertomont0101\_vti_cnf\valdivia05_tn.jpg --> h1667152.stratoserver.net /httpdocs/bertichile/puertomont0101/_vti_cnf valdivia05_tn.jpg
