2008.06.27 16:22 B K:\sicherung_webserver_h10__072008\berti-golf.de\public_html\bertichile\losmolles\agujeroderoca1.jpg <-- www.berti-golf.de /public_html/bertichile/losmolles agujeroderoca1.jpg
2008.06.27 16:22 B K:\sicherung_webserver_h10__072008\berti-golf.de\public_html\bertichile\losmolles\agujeroderoca1_tn.jpg <-- www.berti-golf.de /public_html/bertichile/losmolles agujeroderoca1_tn.jpg
2008.06.27 16:22 B K:\sicherung_webserver_h10__072008\berti-golf.de\public_html\bertichile\losmolles\agujeroderoca2.jpg <-- www.berti-golf.de /public_html/bertichile/losmolles agujeroderoca2.jpg
2008.06.27 16:22 B K:\sicherung_webserver_h10__072008\berti-golf.de\public_html\bertichile\losmolles\agujeroderoca2_tn.jpg <-- www.berti-golf.de /public_html/bertichile/losmolles agujeroderoca2_tn.jpg
2008.06.27 16:22 B K:\sicherung_webserver_h10__072008\berti-golf.de\public_html\bertichile\losmolles\agujeroderoca3.jpg <-- www.berti-golf.de /public_html/bertichile/losmolles agujeroderoca3.jpg
2008.06.27 16:22 B K:\sicherung_webserver_h10__072008\berti-golf.de\public_html\bertichile\losmolles\agujeroderoca3_tn.jpg <-- www.berti-golf.de /public_html/bertichile/losmolles agujeroderoca3_tn.jpg
2008.06.27 16:22 B K:\sicherung_webserver_h10__072008\berti-golf.de\public_html\bertichile\losmolles\agujeroderoca4.jpg <-- www.berti-golf.de /public_html/bertichile/losmolles agujeroderoca4.jpg
2008.06.27 16:22 B K:\sicherung_webserver_h10__072008\berti-golf.de\public_html\bertichile\losmolles\agujeroderoca4_tn.jpg <-- www.berti-golf.de /public_html/bertichile/losmolles agujeroderoca4_tn.jpg
2008.06.27 16:22 B K:\sicherung_webserver_h10__072008\berti-golf.de\public_html\bertichile\losmolles\ave.jpg <-- www.berti-golf.de /public_html/bertichile/losmolles ave.jpg
2008.06.27 16:22 B K:\sicherung_webserver_h10__072008\berti-golf.de\public_html\bertichile\losmolles\ave_tn.jpg <-- www.berti-golf.de /public_html/bertichile/losmolles ave_tn.jpg
2008.06.27 16:22 B K:\sicherung_webserver_h10__072008\berti-golf.de\public_html\bertichile\losmolles\aves.jpg <-- www.berti-golf.de /public_html/bertichile/losmolles aves.jpg
2008.06.27 16:22 B K:\sicherung_webserver_h10__072008\berti-golf.de\public_html\bertichile\losmolles\aves_tn.jpg <-- www.berti-golf.de /public_html/bertichile/losmolles aves_tn.jpg
2008.06.27 16:22 B K:\sicherung_webserver_h10__072008\berti-golf.de\public_html\bertichile\losmolles\lanchasdelospesadores.jpg <-- www.berti-golf.de /public_html/bertichile/losmolles lanchasdelospesadores.jpg
2008.06.27 16:22 B K:\sicherung_webserver_h10__072008\berti-golf.de\public_html\bertichile\losmolles\lanchasdelospesadores_tn.jpg <-- www.berti-golf.de /public_html/bertichile/losmolles lanchasdelospesadores_tn.jpg
2008.06.27 16:22 B K:\sicherung_webserver_h10__072008\berti-golf.de\public_html\bertichile\losmolles\lanchasdelospescadores2.jpg <-- www.berti-golf.de /public_html/bertichile/losmolles lanchasdelospescadores2.jpg
2008.06.27 16:23 B K:\sicherung_webserver_h10__072008\berti-golf.de\public_html\bertichile\losmolles\lanchasdelospescadores2_tn.jpg <-- www.berti-golf.de /public_html/bertichile/losmolles lanchasdelospescadores2_tn.jpg
2008.06.27 16:23 B K:\sicherung_webserver_h10__072008\berti-golf.de\public_html\bertichile\losmolles\loboenlaaqua.jpg <-- www.berti-golf.de /public_html/bertichile/losmolles loboenlaaqua.jpg
2008.06.27 16:23 B K:\sicherung_webserver_h10__072008\berti-golf.de\public_html\bertichile\losmolles\loboenlaaqua_tn.jpg <-- www.berti-golf.de /public_html/bertichile/losmolles loboenlaaqua_tn.jpg
2008.06.27 16:23 B K:\sicherung_webserver_h10__072008\berti-golf.de\public_html\bertichile\losmolles\losmolles.html <-- www.berti-golf.de /public_html/bertichile/losmolles losmolles.html
2008.06.27 16:23 B K:\sicherung_webserver_h10__072008\berti-golf.de\public_html\bertichile\losmolles\losmolles1.jpg <-- www.berti-golf.de /public_html/bertichile/losmolles losmolles1.jpg
2008.06.27 16:23 B K:\sicherung_webserver_h10__072008\berti-golf.de\public_html\bertichile\losmolles\losmolles1_tn.jpg <-- www.berti-golf.de /public_html/bertichile/losmolles losmolles1_tn.jpg
2008.06.27 16:23 B K:\sicherung_webserver_h10__072008\berti-golf.de\public_html\bertichile\losmolles\losrobos.jpg <-- www.berti-golf.de /public_html/bertichile/losmolles losrobos.jpg
2008.06.27 16:23 B K:\sicherung_webserver_h10__072008\berti-golf.de\public_html\bertichile\losmolles\losrobos_tn.jpg <-- www.berti-golf.de /public_html/bertichile/losmolles losrobos_tn.jpg
2008.06.27 16:23 B K:\sicherung_webserver_h10__072008\berti-golf.de\public_html\bertichile\losmolles\papudo1.jpg <-- www.berti-golf.de /public_html/bertichile/losmolles papudo1.jpg
2008.06.27 16:23 B K:\sicherung_webserver_h10__072008\berti-golf.de\public_html\bertichile\losmolles\papudo1_tn.jpg <-- www.berti-golf.de /public_html/bertichile/losmolles papudo1_tn.jpg
2008.06.27 16:23 B K:\sicherung_webserver_h10__072008\berti-golf.de\public_html\bertichile\losmolles\papudo2.jpg <-- www.berti-golf.de /public_html/bertichile/losmolles papudo2.jpg
2008.06.27 16:23 B K:\sicherung_webserver_h10__072008\berti-golf.de\public_html\bertichile\losmolles\papudo2_tn.jpg <-- www.berti-golf.de /public_html/bertichile/losmolles papudo2_tn.jpg
2008.06.27 16:23 B K:\sicherung_webserver_h10__072008\berti-golf.de\public_html\bertichile\losmolles\papudo3.jpg <-- www.berti-golf.de /public_html/bertichile/losmolles papudo3.jpg
2008.06.27 16:23 B K:\sicherung_webserver_h10__072008\berti-golf.de\public_html\bertichile\losmolles\papudo3_tn.jpg <-- www.berti-golf.de /public_html/bertichile/losmolles papudo3_tn.jpg
2008.06.27 16:23 B K:\sicherung_webserver_h10__072008\berti-golf.de\public_html\bertichile\losmolles\rocaconave.jpg <-- www.berti-golf.de /public_html/bertichile/losmolles rocaconave.jpg
2008.06.27 16:23 B K:\sicherung_webserver_h10__072008\berti-golf.de\public_html\bertichile\losmolles\rocaconave_tn.jpg <-- www.berti-golf.de /public_html/bertichile/losmolles rocaconave_tn.jpg
2008.06.27 16:23 B K:\sicherung_webserver_h10__072008\berti-golf.de\public_html\bertichile\losmolles\rocadelosrobos1.jpg <-- www.berti-golf.de /public_html/bertichile/losmolles rocadelosrobos1.jpg
2008.06.27 16:23 B K:\sicherung_webserver_h10__072008\berti-golf.de\public_html\bertichile\losmolles\rocadelosrobos1_tn.jpg <-- www.berti-golf.de /public_html/bertichile/losmolles rocadelosrobos1_tn.jpg
2008.06.27 16:23 B K:\sicherung_webserver_h10__072008\berti-golf.de\public_html\bertichile\losmolles\rocadelosrobos2.jpg <-- www.berti-golf.de /public_html/bertichile/losmolles rocadelosrobos2.jpg
2008.06.27 16:23 B K:\sicherung_webserver_h10__072008\berti-golf.de\public_html\bertichile\losmolles\rocadelosrobos2_tn.jpg <-- www.berti-golf.de /public_html/bertichile/losmolles rocadelosrobos2_tn.jpg
2008.06.27 16:23 B K:\sicherung_webserver_h10__072008\berti-golf.de\public_html\bertichile\losmolles\vistadelaventana1.jpg <-- www.berti-golf.de /public_html/bertichile/losmolles vistadelaventana1.jpg
2008.06.27 16:23 B K:\sicherung_webserver_h10__072008\berti-golf.de\public_html\bertichile\losmolles\vistadelaventana1_tn.jpg <-- www.berti-golf.de /public_html/bertichile/losmolles vistadelaventana1_tn.jpg
2008.06.27 16:23 B K:\sicherung_webserver_h10__072008\berti-golf.de\public_html\bertichile\losmolles\vistadelaventana2.jpg <-- www.berti-golf.de /public_html/bertichile/losmolles vistadelaventana2.jpg
2008.06.27 16:23 B K:\sicherung_webserver_h10__072008\berti-golf.de\public_html\bertichile\losmolles\vistadelaventana2_tn.jpg <-- www.berti-golf.de /public_html/bertichile/losmolles vistadelaventana2_tn.jpg
2008.06.27 16:23 B K:\sicherung_webserver_h10__072008\berti-golf.de\public_html\bertichile\losmolles\vistaenlamar.jpg <-- www.berti-golf.de /public_html/bertichile/losmolles vistaenlamar.jpg
2008.06.27 16:23 B K:\sicherung_webserver_h10__072008\berti-golf.de\public_html\bertichile\losmolles\vistaenlamar_tn.jpg <-- www.berti-golf.de /public_html/bertichile/losmolles vistaenlamar_tn.jpg
2008.06.27 16:23 B K:\sicherung_webserver_h10__072008\berti-golf.de\public_html\bertichile\losmolles\vistalosmolles.jpg <-- www.berti-golf.de /public_html/bertichile/losmolles vistalosmolles.jpg
2008.06.27 16:23 B K:\sicherung_webserver_h10__072008\berti-golf.de\public_html\bertichile\losmolles\vistalosmolles_tn.jpg <-- www.berti-golf.de /public_html/bertichile/losmolles vistalosmolles_tn.jpg
2008.06.27 16:23 B K:\sicherung_webserver_h10__072008\berti-golf.de\public_html\bertichile\losmolles\vorlage.html <-- www.berti-golf.de /public_html/bertichile/losmolles vorlage.html
2008.06.27 19:17 B K:\sicherung_webserver_h10__072008\berti-golf.de\public_html\bertichile\losmolles\agujeroderoca1.jpg --> bertigolfde.h1403220.stratoserver.net /public_html/bertichile/losmolles agujeroderoca1.jpg
2008.06.27 19:17 B K:\sicherung_webserver_h10__072008\berti-golf.de\public_html\bertichile\losmolles\agujeroderoca1_tn.jpg --> bertigolfde.h1403220.stratoserver.net /public_html/bertichile/losmolles agujeroderoca1_tn.jpg
2008.06.27 19:17 B K:\sicherung_webserver_h10__072008\berti-golf.de\public_html\bertichile\losmolles\agujeroderoca2.jpg --> bertigolfde.h1403220.stratoserver.net /public_html/bertichile/losmolles agujeroderoca2.jpg
2008.06.27 19:17 B K:\sicherung_webserver_h10__072008\berti-golf.de\public_html\bertichile\losmolles\agujeroderoca2_tn.jpg --> bertigolfde.h1403220.stratoserver.net /public_html/bertichile/losmolles agujeroderoca2_tn.jpg
2008.06.27 19:17 B K:\sicherung_webserver_h10__072008\berti-golf.de\public_html\bertichile\losmolles\agujeroderoca3.jpg --> bertigolfde.h1403220.stratoserver.net /public_html/bertichile/losmolles agujeroderoca3.jpg
2008.06.27 19:17 B K:\sicherung_webserver_h10__072008\berti-golf.de\public_html\bertichile\losmolles\agujeroderoca3_tn.jpg --> bertigolfde.h1403220.stratoserver.net /public_html/bertichile/losmolles agujeroderoca3_tn.jpg
2008.06.27 19:17 B K:\sicherung_webserver_h10__072008\berti-golf.de\public_html\bertichile\losmolles\agujeroderoca4.jpg --> bertigolfde.h1403220.stratoserver.net /public_html/bertichile/losmolles agujeroderoca4.jpg
2008.06.27 19:17 B K:\sicherung_webserver_h10__072008\berti-golf.de\public_html\bertichile\losmolles\agujeroderoca4_tn.jpg --> bertigolfde.h1403220.stratoserver.net /public_html/bertichile/losmolles agujeroderoca4_tn.jpg
2008.06.27 19:18 B K:\sicherung_webserver_h10__072008\berti-golf.de\public_html\bertichile\losmolles\ave.jpg --> bertigolfde.h1403220.stratoserver.net /public_html/bertichile/losmolles ave.jpg
2008.06.27 19:18 B K:\sicherung_webserver_h10__072008\berti-golf.de\public_html\bertichile\losmolles\ave_tn.jpg --> bertigolfde.h1403220.stratoserver.net /public_html/bertichile/losmolles ave_tn.jpg
2008.06.27 19:18 B K:\sicherung_webserver_h10__072008\berti-golf.de\public_html\bertichile\losmolles\aves.jpg --> bertigolfde.h1403220.stratoserver.net /public_html/bertichile/losmolles aves.jpg
2008.06.27 19:18 B K:\sicherung_webserver_h10__072008\berti-golf.de\public_html\bertichile\losmolles\aves_tn.jpg --> bertigolfde.h1403220.stratoserver.net /public_html/bertichile/losmolles aves_tn.jpg
2008.06.27 19:18 B K:\sicherung_webserver_h10__072008\berti-golf.de\public_html\bertichile\losmolles\lanchasdelospesadores.jpg --> bertigolfde.h1403220.stratoserver.net /public_html/bertichile/losmolles lanchasdelospesadores.jpg
2008.06.27 19:18 B K:\sicherung_webserver_h10__072008\berti-golf.de\public_html\bertichile\losmolles\lanchasdelospesadores_tn.jpg --> bertigolfde.h1403220.stratoserver.net /public_html/bertichile/losmolles lanchasdelospesadores_tn.jpg
2008.06.27 19:18 B K:\sicherung_webserver_h10__072008\berti-golf.de\public_html\bertichile\losmolles\lanchasdelospescadores2.jpg --> bertigolfde.h1403220.stratoserver.net /public_html/bertichile/losmolles lanchasdelospescadores2.jpg
2008.06.27 19:18 B K:\sicherung_webserver_h10__072008\berti-golf.de\public_html\bertichile\losmolles\lanchasdelospescadores2_tn.jpg --> bertigolfde.h1403220.stratoserver.net /public_html/bertichile/losmolles lanchasdelospescadores2_tn.jpg
2008.06.27 19:18 B K:\sicherung_webserver_h10__072008\berti-golf.de\public_html\bertichile\losmolles\loboenlaaqua.jpg --> bertigolfde.h1403220.stratoserver.net /public_html/bertichile/losmolles loboenlaaqua.jpg
2008.06.27 19:18 B K:\sicherung_webserver_h10__072008\berti-golf.de\public_html\bertichile\losmolles\loboenlaaqua_tn.jpg --> bertigolfde.h1403220.stratoserver.net /public_html/bertichile/losmolles loboenlaaqua_tn.jpg
2008.06.27 19:18 B K:\sicherung_webserver_h10__072008\berti-golf.de\public_html\bertichile\losmolles\losmolles.html --> bertigolfde.h1403220.stratoserver.net /public_html/bertichile/losmolles losmolles.html
2008.06.27 19:18 B K:\sicherung_webserver_h10__072008\berti-golf.de\public_html\bertichile\losmolles\losmolles1.jpg --> bertigolfde.h1403220.stratoserver.net /public_html/bertichile/losmolles losmolles1.jpg
2008.06.27 19:18 B K:\sicherung_webserver_h10__072008\berti-golf.de\public_html\bertichile\losmolles\losmolles1_tn.jpg --> bertigolfde.h1403220.stratoserver.net /public_html/bertichile/losmolles losmolles1_tn.jpg
2008.06.27 19:18 B K:\sicherung_webserver_h10__072008\berti-golf.de\public_html\bertichile\losmolles\losrobos.jpg --> bertigolfde.h1403220.stratoserver.net /public_html/bertichile/losmolles losrobos.jpg
2008.06.27 19:18 B K:\sicherung_webserver_h10__072008\berti-golf.de\public_html\bertichile\losmolles\losrobos_tn.jpg --> bertigolfde.h1403220.stratoserver.net /public_html/bertichile/losmolles losrobos_tn.jpg
2008.06.27 19:18 B K:\sicherung_webserver_h10__072008\berti-golf.de\public_html\bertichile\losmolles\papudo1.jpg --> bertigolfde.h1403220.stratoserver.net /public_html/bertichile/losmolles papudo1.jpg
2008.06.27 19:18 B K:\sicherung_webserver_h10__072008\berti-golf.de\public_html\bertichile\losmolles\papudo1_tn.jpg --> bertigolfde.h1403220.stratoserver.net /public_html/bertichile/losmolles papudo1_tn.jpg
2008.06.27 19:18 B K:\sicherung_webserver_h10__072008\berti-golf.de\public_html\bertichile\losmolles\papudo2.jpg --> bertigolfde.h1403220.stratoserver.net /public_html/bertichile/losmolles papudo2.jpg
2008.06.27 19:18 B K:\sicherung_webserver_h10__072008\berti-golf.de\public_html\bertichile\losmolles\papudo2_tn.jpg --> bertigolfde.h1403220.stratoserver.net /public_html/bertichile/losmolles papudo2_tn.jpg
2008.06.27 19:18 B K:\sicherung_webserver_h10__072008\berti-golf.de\public_html\bertichile\losmolles\papudo3.jpg --> bertigolfde.h1403220.stratoserver.net /public_html/bertichile/losmolles papudo3.jpg
2008.06.27 19:18 B K:\sicherung_webserver_h10__072008\berti-golf.de\public_html\bertichile\losmolles\papudo3_tn.jpg --> bertigolfde.h1403220.stratoserver.net /public_html/bertichile/losmolles papudo3_tn.jpg
2008.06.27 19:18 B K:\sicherung_webserver_h10__072008\berti-golf.de\public_html\bertichile\losmolles\rocaconave.jpg --> bertigolfde.h1403220.stratoserver.net /public_html/bertichile/losmolles rocaconave.jpg
2008.06.27 19:18 B K:\sicherung_webserver_h10__072008\berti-golf.de\public_html\bertichile\losmolles\rocaconave_tn.jpg --> bertigolfde.h1403220.stratoserver.net /public_html/bertichile/losmolles rocaconave_tn.jpg
2008.06.27 19:18 B K:\sicherung_webserver_h10__072008\berti-golf.de\public_html\bertichile\losmolles\rocadelosrobos1.jpg --> bertigolfde.h1403220.stratoserver.net /public_html/bertichile/losmolles rocadelosrobos1.jpg
2008.06.27 19:18 B K:\sicherung_webserver_h10__072008\berti-golf.de\public_html\bertichile\losmolles\rocadelosrobos1_tn.jpg --> bertigolfde.h1403220.stratoserver.net /public_html/bertichile/losmolles rocadelosrobos1_tn.jpg
2008.06.27 19:18 B K:\sicherung_webserver_h10__072008\berti-golf.de\public_html\bertichile\losmolles\rocadelosrobos2.jpg --> bertigolfde.h1403220.stratoserver.net /public_html/bertichile/losmolles rocadelosrobos2.jpg
2008.06.27 19:18 B K:\sicherung_webserver_h10__072008\berti-golf.de\public_html\bertichile\losmolles\rocadelosrobos2_tn.jpg --> bertigolfde.h1403220.stratoserver.net /public_html/bertichile/losmolles rocadelosrobos2_tn.jpg
2008.06.27 19:18 B K:\sicherung_webserver_h10__072008\berti-golf.de\public_html\bertichile\losmolles\vistadelaventana1.jpg --> bertigolfde.h1403220.stratoserver.net /public_html/bertichile/losmolles vistadelaventana1.jpg
2008.06.27 19:18 B K:\sicherung_webserver_h10__072008\berti-golf.de\public_html\bertichile\losmolles\vistadelaventana1_tn.jpg --> bertigolfde.h1403220.stratoserver.net /public_html/bertichile/losmolles vistadelaventana1_tn.jpg
2008.06.27 19:18 B K:\sicherung_webserver_h10__072008\berti-golf.de\public_html\bertichile\losmolles\vistadelaventana2.jpg --> bertigolfde.h1403220.stratoserver.net /public_html/bertichile/losmolles vistadelaventana2.jpg
2008.06.27 19:18 B K:\sicherung_webserver_h10__072008\berti-golf.de\public_html\bertichile\losmolles\vistadelaventana2_tn.jpg --> bertigolfde.h1403220.stratoserver.net /public_html/bertichile/losmolles vistadelaventana2_tn.jpg
2008.06.27 19:18 B K:\sicherung_webserver_h10__072008\berti-golf.de\public_html\bertichile\losmolles\vistaenlamar.jpg --> bertigolfde.h1403220.stratoserver.net /public_html/bertichile/losmolles vistaenlamar.jpg
2008.06.27 19:18 B K:\sicherung_webserver_h10__072008\berti-golf.de\public_html\bertichile\losmolles\vistaenlamar_tn.jpg --> bertigolfde.h1403220.stratoserver.net /public_html/bertichile/losmolles vistaenlamar_tn.jpg
2008.06.27 19:18 B K:\sicherung_webserver_h10__072008\berti-golf.de\public_html\bertichile\losmolles\vistalosmolles.jpg --> bertigolfde.h1403220.stratoserver.net /public_html/bertichile/losmolles vistalosmolles.jpg
2008.06.27 19:18 B K:\sicherung_webserver_h10__072008\berti-golf.de\public_html\bertichile\losmolles\vistalosmolles_tn.jpg --> bertigolfde.h1403220.stratoserver.net /public_html/bertichile/losmolles vistalosmolles_tn.jpg
2008.06.27 19:18 B K:\sicherung_webserver_h10__072008\berti-golf.de\public_html\bertichile\losmolles\vorlage.html --> bertigolfde.h1403220.stratoserver.net /public_html/bertichile/losmolles vorlage.html
2009.05.01 07:15 B Z:\home\Berti\public_html\www.berti-golf.de\bertichile\losmolles\WS_FTP.LOG <-- bertigolfde.h1403220.stratoserver.net /public_html/bertichile/losmolles WS_FTP.LOG
2009.12.08 18:00 B Z:\home\Berti\public_html\www.berti-golf.de\bertichile\losmolles\agujeroderoca1.jpg --> h1667152.stratoserver.net /httpdocs/bertichile/losmolles agujeroderoca1.jpg
2009.12.08 18:00 B Z:\home\Berti\public_html\www.berti-golf.de\bertichile\losmolles\agujeroderoca1_tn.jpg --> h1667152.stratoserver.net /httpdocs/bertichile/losmolles agujeroderoca1_tn.jpg
2009.12.08 18:00 B Z:\home\Berti\public_html\www.berti-golf.de\bertichile\losmolles\agujeroderoca2.jpg --> h1667152.stratoserver.net /httpdocs/bertichile/losmolles agujeroderoca2.jpg
2009.12.08 18:00 B Z:\home\Berti\public_html\www.berti-golf.de\bertichile\losmolles\agujeroderoca2_tn.jpg --> h1667152.stratoserver.net /httpdocs/bertichile/losmolles agujeroderoca2_tn.jpg
2009.12.08 18:00 B Z:\home\Berti\public_html\www.berti-golf.de\bertichile\losmolles\agujeroderoca3.jpg --> h1667152.stratoserver.net /httpdocs/bertichile/losmolles agujeroderoca3.jpg
2009.12.08 18:00 B Z:\home\Berti\public_html\www.berti-golf.de\bertichile\losmolles\agujeroderoca3_tn.jpg --> h1667152.stratoserver.net /httpdocs/bertichile/losmolles agujeroderoca3_tn.jpg
2009.12.08 18:00 B Z:\home\Berti\public_html\www.berti-golf.de\bertichile\losmolles\agujeroderoca4.jpg --> h1667152.stratoserver.net /httpdocs/bertichile/losmolles agujeroderoca4.jpg
2009.12.08 18:00 B Z:\home\Berti\public_html\www.berti-golf.de\bertichile\losmolles\agujeroderoca4_tn.jpg --> h1667152.stratoserver.net /httpdocs/bertichile/losmolles agujeroderoca4_tn.jpg
2009.12.08 18:00 B Z:\home\Berti\public_html\www.berti-golf.de\bertichile\losmolles\ave.jpg --> h1667152.stratoserver.net /httpdocs/bertichile/losmolles ave.jpg
2009.12.08 18:00 B Z:\home\Berti\public_html\www.berti-golf.de\bertichile\losmolles\ave_tn.jpg --> h1667152.stratoserver.net /httpdocs/bertichile/losmolles ave_tn.jpg
2009.12.08 18:00 B Z:\home\Berti\public_html\www.berti-golf.de\bertichile\losmolles\aves.jpg --> h1667152.stratoserver.net /httpdocs/bertichile/losmolles aves.jpg
2009.12.08 18:00 B Z:\home\Berti\public_html\www.berti-golf.de\bertichile\losmolles\aves_tn.jpg --> h1667152.stratoserver.net /httpdocs/bertichile/losmolles aves_tn.jpg
2009.12.08 18:00 B Z:\home\Berti\public_html\www.berti-golf.de\bertichile\losmolles\lanchasdelospesadores.jpg --> h1667152.stratoserver.net /httpdocs/bertichile/losmolles lanchasdelospesadores.jpg
2009.12.08 18:00 B Z:\home\Berti\public_html\www.berti-golf.de\bertichile\losmolles\lanchasdelospesadores_tn.jpg --> h1667152.stratoserver.net /httpdocs/bertichile/losmolles lanchasdelospesadores_tn.jpg
2009.12.08 18:00 B Z:\home\Berti\public_html\www.berti-golf.de\bertichile\losmolles\lanchasdelospescadores2.jpg --> h1667152.stratoserver.net /httpdocs/bertichile/losmolles lanchasdelospescadores2.jpg
2009.12.08 18:00 B Z:\home\Berti\public_html\www.berti-golf.de\bertichile\losmolles\lanchasdelospescadores2_tn.jpg --> h1667152.stratoserver.net /httpdocs/bertichile/losmolles lanchasdelospescadores2_tn.jpg
2009.12.08 18:00 B Z:\home\Berti\public_html\www.berti-golf.de\bertichile\losmolles\loboenlaaqua.jpg --> h1667152.stratoserver.net /httpdocs/bertichile/losmolles loboenlaaqua.jpg
2009.12.08 18:00 B Z:\home\Berti\public_html\www.berti-golf.de\bertichile\losmolles\loboenlaaqua_tn.jpg --> h1667152.stratoserver.net /httpdocs/bertichile/losmolles loboenlaaqua_tn.jpg
2009.12.08 18:00 B Z:\home\Berti\public_html\www.berti-golf.de\bertichile\losmolles\losmolles.html --> h1667152.stratoserver.net /httpdocs/bertichile/losmolles losmolles.html
2009.12.08 18:00 B Z:\home\Berti\public_html\www.berti-golf.de\bertichile\losmolles\losmolles1.jpg --> h1667152.stratoserver.net /httpdocs/bertichile/losmolles losmolles1.jpg
2009.12.08 18:00 B Z:\home\Berti\public_html\www.berti-golf.de\bertichile\losmolles\losmolles1_tn.jpg --> h1667152.stratoserver.net /httpdocs/bertichile/losmolles losmolles1_tn.jpg
2009.12.08 18:00 B Z:\home\Berti\public_html\www.berti-golf.de\bertichile\losmolles\losrobos.jpg --> h1667152.stratoserver.net /httpdocs/bertichile/losmolles losrobos.jpg
2009.12.08 18:00 B Z:\home\Berti\public_html\www.berti-golf.de\bertichile\losmolles\losrobos_tn.jpg --> h1667152.stratoserver.net /httpdocs/bertichile/losmolles losrobos_tn.jpg
2009.12.08 18:00 B Z:\home\Berti\public_html\www.berti-golf.de\bertichile\losmolles\papudo1.jpg --> h1667152.stratoserver.net /httpdocs/bertichile/losmolles papudo1.jpg
2009.12.08 18:00 B Z:\home\Berti\public_html\www.berti-golf.de\bertichile\losmolles\papudo1_tn.jpg --> h1667152.stratoserver.net /httpdocs/bertichile/losmolles papudo1_tn.jpg
2009.12.08 18:00 B Z:\home\Berti\public_html\www.berti-golf.de\bertichile\losmolles\papudo2.jpg --> h1667152.stratoserver.net /httpdocs/bertichile/losmolles papudo2.jpg
2009.12.08 18:00 B Z:\home\Berti\public_html\www.berti-golf.de\bertichile\losmolles\papudo2_tn.jpg --> h1667152.stratoserver.net /httpdocs/bertichile/losmolles papudo2_tn.jpg
2009.12.08 18:00 B Z:\home\Berti\public_html\www.berti-golf.de\bertichile\losmolles\papudo3.jpg --> h1667152.stratoserver.net /httpdocs/bertichile/losmolles papudo3.jpg
2009.12.08 18:00 B Z:\home\Berti\public_html\www.berti-golf.de\bertichile\losmolles\papudo3_tn.jpg --> h1667152.stratoserver.net /httpdocs/bertichile/losmolles papudo3_tn.jpg
2009.12.08 18:00 B Z:\home\Berti\public_html\www.berti-golf.de\bertichile\losmolles\rocaconave.jpg --> h1667152.stratoserver.net /httpdocs/bertichile/losmolles rocaconave.jpg
2009.12.08 18:00 B Z:\home\Berti\public_html\www.berti-golf.de\bertichile\losmolles\rocaconave_tn.jpg --> h1667152.stratoserver.net /httpdocs/bertichile/losmolles rocaconave_tn.jpg
2009.12.08 18:00 B Z:\home\Berti\public_html\www.berti-golf.de\bertichile\losmolles\rocadelosrobos1.jpg --> h1667152.stratoserver.net /httpdocs/bertichile/losmolles rocadelosrobos1.jpg
2009.12.08 18:00 B Z:\home\Berti\public_html\www.berti-golf.de\bertichile\losmolles\rocadelosrobos1_tn.jpg --> h1667152.stratoserver.net /httpdocs/bertichile/losmolles rocadelosrobos1_tn.jpg
2009.12.08 18:00 B Z:\home\Berti\public_html\www.berti-golf.de\bertichile\losmolles\rocadelosrobos2.jpg --> h1667152.stratoserver.net /httpdocs/bertichile/losmolles rocadelosrobos2.jpg
2009.12.08 18:00 B Z:\home\Berti\public_html\www.berti-golf.de\bertichile\losmolles\rocadelosrobos2_tn.jpg --> h1667152.stratoserver.net /httpdocs/bertichile/losmolles rocadelosrobos2_tn.jpg
2009.12.08 18:00 B Z:\home\Berti\public_html\www.berti-golf.de\bertichile\losmolles\vistadelaventana1.jpg --> h1667152.stratoserver.net /httpdocs/bertichile/losmolles vistadelaventana1.jpg
2009.12.08 18:00 B Z:\home\Berti\public_html\www.berti-golf.de\bertichile\losmolles\vistadelaventana1_tn.jpg --> h1667152.stratoserver.net /httpdocs/bertichile/losmolles vistadelaventana1_tn.jpg
2009.12.08 18:00 B Z:\home\Berti\public_html\www.berti-golf.de\bertichile\losmolles\vistadelaventana2.jpg --> h1667152.stratoserver.net /httpdocs/bertichile/losmolles vistadelaventana2.jpg
2009.12.08 18:00 B Z:\home\Berti\public_html\www.berti-golf.de\bertichile\losmolles\vistadelaventana2_tn.jpg --> h1667152.stratoserver.net /httpdocs/bertichile/losmolles vistadelaventana2_tn.jpg
2009.12.08 18:00 B Z:\home\Berti\public_html\www.berti-golf.de\bertichile\losmolles\vistaenlamar.jpg --> h1667152.stratoserver.net /httpdocs/bertichile/losmolles vistaenlamar.jpg
2009.12.08 18:00 B Z:\home\Berti\public_html\www.berti-golf.de\bertichile\losmolles\vistaenlamar_tn.jpg --> h1667152.stratoserver.net /httpdocs/bertichile/losmolles vistaenlamar_tn.jpg
2009.12.08 18:01 B Z:\home\Berti\public_html\www.berti-golf.de\bertichile\losmolles\vistalosmolles.jpg --> h1667152.stratoserver.net /httpdocs/bertichile/losmolles vistalosmolles.jpg
2009.12.08 18:01 B Z:\home\Berti\public_html\www.berti-golf.de\bertichile\losmolles\vistalosmolles_tn.jpg --> h1667152.stratoserver.net /httpdocs/bertichile/losmolles vistalosmolles_tn.jpg
2009.12.08 18:01 B Z:\home\Berti\public_html\www.berti-golf.de\bertichile\losmolles\vorlage.html --> h1667152.stratoserver.net /httpdocs/bertichile/losmolles vorlage.html
