2008.06.27 16:19 B K:\sicherung_webserver_h10__072008\berti-golf.de\public_html\bertichile\islanegra\cruze.jpg <-- www.berti-golf.de /public_html/bertichile/islanegra cruze.jpg
2008.06.27 16:19 B K:\sicherung_webserver_h10__072008\berti-golf.de\public_html\bertichile\islanegra\cruze_tn.jpg <-- www.berti-golf.de /public_html/bertichile/islanegra cruze_tn.jpg
2008.06.27 16:19 B K:\sicherung_webserver_h10__072008\berti-golf.de\public_html\bertichile\islanegra\dsc00102.jpg <-- www.berti-golf.de /public_html/bertichile/islanegra dsc00102.jpg
2008.06.27 16:19 B K:\sicherung_webserver_h10__072008\berti-golf.de\public_html\bertichile\islanegra\dsc00102_tn.jpg <-- www.berti-golf.de /public_html/bertichile/islanegra dsc00102_tn.jpg
2008.06.27 16:19 B K:\sicherung_webserver_h10__072008\berti-golf.de\public_html\bertichile\islanegra\e-b-strand.jpg <-- www.berti-golf.de /public_html/bertichile/islanegra e-b-strand.jpg
2008.06.27 16:19 B K:\sicherung_webserver_h10__072008\berti-golf.de\public_html\bertichile\islanegra\e-b-strand_tn.jpg <-- www.berti-golf.de /public_html/bertichile/islanegra e-b-strand_tn.jpg
2008.06.27 16:19 B K:\sicherung_webserver_h10__072008\berti-golf.de\public_html\bertichile\islanegra\e-g-strand.jpg <-- www.berti-golf.de /public_html/bertichile/islanegra e-g-strand.jpg
2008.06.27 16:19 B K:\sicherung_webserver_h10__072008\berti-golf.de\public_html\bertichile\islanegra\e-g-strand_tn.jpg <-- www.berti-golf.de /public_html/bertichile/islanegra e-g-strand_tn.jpg
2008.06.27 16:19 B K:\sicherung_webserver_h10__072008\berti-golf.de\public_html\bertichile\islanegra\isla.html <-- www.berti-golf.de /public_html/bertichile/islanegra isla.html
2008.06.27 16:19 B K:\sicherung_webserver_h10__072008\berti-golf.de\public_html\bertichile\islanegra\pablo-fisch2.jpg <-- www.berti-golf.de /public_html/bertichile/islanegra pablo-fisch2.jpg
2008.06.27 16:19 B K:\sicherung_webserver_h10__072008\berti-golf.de\public_html\bertichile\islanegra\pablo-fisch2_tn.jpg <-- www.berti-golf.de /public_html/bertichile/islanegra pablo-fisch2_tn.jpg
2008.06.27 16:19 B K:\sicherung_webserver_h10__072008\berti-golf.de\public_html\bertichile\islanegra\pablo-schild.jpg <-- www.berti-golf.de /public_html/bertichile/islanegra pablo-schild.jpg
2008.06.27 16:19 B K:\sicherung_webserver_h10__072008\berti-golf.de\public_html\bertichile\islanegra\pablo-schild_tn.jpg <-- www.berti-golf.de /public_html/bertichile/islanegra pablo-schild_tn.jpg
2008.06.27 16:20 B K:\sicherung_webserver_h10__072008\berti-golf.de\public_html\bertichile\islanegra\pablo1.jpg <-- www.berti-golf.de /public_html/bertichile/islanegra pablo1.jpg
2008.06.27 16:20 B K:\sicherung_webserver_h10__072008\berti-golf.de\public_html\bertichile\islanegra\pablo1_tn.jpg <-- www.berti-golf.de /public_html/bertichile/islanegra pablo1_tn.jpg
2008.06.27 16:20 B K:\sicherung_webserver_h10__072008\berti-golf.de\public_html\bertichile\islanegra\pablo2.jpg <-- www.berti-golf.de /public_html/bertichile/islanegra pablo2.jpg
2008.06.27 16:20 B K:\sicherung_webserver_h10__072008\berti-golf.de\public_html\bertichile\islanegra\pablo2_tn.jpg <-- www.berti-golf.de /public_html/bertichile/islanegra pablo2_tn.jpg
2008.06.27 16:20 B K:\sicherung_webserver_h10__072008\berti-golf.de\public_html\bertichile\islanegra\pablo4.jpg <-- www.berti-golf.de /public_html/bertichile/islanegra pablo4.jpg
2008.06.27 16:20 B K:\sicherung_webserver_h10__072008\berti-golf.de\public_html\bertichile\islanegra\pablo4_tn.jpg <-- www.berti-golf.de /public_html/bertichile/islanegra pablo4_tn.jpg
2008.06.27 16:20 B K:\sicherung_webserver_h10__072008\berti-golf.de\public_html\bertichile\islanegra\sonne3.jpg <-- www.berti-golf.de /public_html/bertichile/islanegra sonne3.jpg
2008.06.27 16:20 B K:\sicherung_webserver_h10__072008\berti-golf.de\public_html\bertichile\islanegra\sonne3_tn.jpg <-- www.berti-golf.de /public_html/bertichile/islanegra sonne3_tn.jpg
2008.06.27 16:20 B K:\sicherung_webserver_h10__072008\berti-golf.de\public_html\bertichile\islanegra\sonne7.jpg <-- www.berti-golf.de /public_html/bertichile/islanegra sonne7.jpg
2008.06.27 16:20 B K:\sicherung_webserver_h10__072008\berti-golf.de\public_html\bertichile\islanegra\sonne7_tn.jpg <-- www.berti-golf.de /public_html/bertichile/islanegra sonne7_tn.jpg
2008.06.27 16:20 B K:\sicherung_webserver_h10__072008\berti-golf.de\public_html\bertichile\islanegra\sonne9.jpg <-- www.berti-golf.de /public_html/bertichile/islanegra sonne9.jpg
2008.06.27 16:20 B K:\sicherung_webserver_h10__072008\berti-golf.de\public_html\bertichile\islanegra\sonne9_tn.jpg <-- www.berti-golf.de /public_html/bertichile/islanegra sonne9_tn.jpg
2008.06.27 16:20 B K:\sicherung_webserver_h10__072008\berti-golf.de\public_html\bertichile\islanegra\totenkopf.jpg <-- www.berti-golf.de /public_html/bertichile/islanegra totenkopf.jpg
2008.06.27 16:20 B K:\sicherung_webserver_h10__072008\berti-golf.de\public_html\bertichile\islanegra\totenkopf_tn.jpg <-- www.berti-golf.de /public_html/bertichile/islanegra totenkopf_tn.jpg
2008.06.27 16:20 B K:\sicherung_webserver_h10__072008\berti-golf.de\public_html\bertichile\islanegra\vorlage.html <-- www.berti-golf.de /public_html/bertichile/islanegra vorlage.html
2008.06.27 16:20 B K:\sicherung_webserver_h10__072008\berti-golf.de\public_html\bertichile\islanegra\wellen2.jpg <-- www.berti-golf.de /public_html/bertichile/islanegra wellen2.jpg
2008.06.27 16:20 B K:\sicherung_webserver_h10__072008\berti-golf.de\public_html\bertichile\islanegra\wellen2_tn.jpg <-- www.berti-golf.de /public_html/bertichile/islanegra wellen2_tn.jpg
2008.06.27 16:20 B K:\sicherung_webserver_h10__072008\berti-golf.de\public_html\bertichile\islanegra\wellen4.jpg <-- www.berti-golf.de /public_html/bertichile/islanegra wellen4.jpg
2008.06.27 16:20 B K:\sicherung_webserver_h10__072008\berti-golf.de\public_html\bertichile\islanegra\wellen4_tn.jpg <-- www.berti-golf.de /public_html/bertichile/islanegra wellen4_tn.jpg
2008.06.27 19:15 B K:\sicherung_webserver_h10__072008\berti-golf.de\public_html\bertichile\islanegra\cruze.jpg --> bertigolfde.h1403220.stratoserver.net /public_html/bertichile/islanegra cruze.jpg
2008.06.27 19:15 B K:\sicherung_webserver_h10__072008\berti-golf.de\public_html\bertichile\islanegra\cruze_tn.jpg --> bertigolfde.h1403220.stratoserver.net /public_html/bertichile/islanegra cruze_tn.jpg
2008.06.27 19:15 B K:\sicherung_webserver_h10__072008\berti-golf.de\public_html\bertichile\islanegra\dsc00102.jpg --> bertigolfde.h1403220.stratoserver.net /public_html/bertichile/islanegra dsc00102.jpg
2008.06.27 19:15 B K:\sicherung_webserver_h10__072008\berti-golf.de\public_html\bertichile\islanegra\dsc00102_tn.jpg --> bertigolfde.h1403220.stratoserver.net /public_html/bertichile/islanegra dsc00102_tn.jpg
2008.06.27 19:15 B K:\sicherung_webserver_h10__072008\berti-golf.de\public_html\bertichile\islanegra\e-b-strand.jpg --> bertigolfde.h1403220.stratoserver.net /public_html/bertichile/islanegra e-b-strand.jpg
2008.06.27 19:15 B K:\sicherung_webserver_h10__072008\berti-golf.de\public_html\bertichile\islanegra\e-b-strand_tn.jpg --> bertigolfde.h1403220.stratoserver.net /public_html/bertichile/islanegra e-b-strand_tn.jpg
2008.06.27 19:15 B K:\sicherung_webserver_h10__072008\berti-golf.de\public_html\bertichile\islanegra\e-g-strand.jpg --> bertigolfde.h1403220.stratoserver.net /public_html/bertichile/islanegra e-g-strand.jpg
2008.06.27 19:15 B K:\sicherung_webserver_h10__072008\berti-golf.de\public_html\bertichile\islanegra\e-g-strand_tn.jpg --> bertigolfde.h1403220.stratoserver.net /public_html/bertichile/islanegra e-g-strand_tn.jpg
2008.06.27 19:15 B K:\sicherung_webserver_h10__072008\berti-golf.de\public_html\bertichile\islanegra\isla.html --> bertigolfde.h1403220.stratoserver.net /public_html/bertichile/islanegra isla.html
2008.06.27 19:15 B K:\sicherung_webserver_h10__072008\berti-golf.de\public_html\bertichile\islanegra\pablo-fisch2.jpg --> bertigolfde.h1403220.stratoserver.net /public_html/bertichile/islanegra pablo-fisch2.jpg
2008.06.27 19:15 B K:\sicherung_webserver_h10__072008\berti-golf.de\public_html\bertichile\islanegra\pablo-fisch2_tn.jpg --> bertigolfde.h1403220.stratoserver.net /public_html/bertichile/islanegra pablo-fisch2_tn.jpg
2008.06.27 19:15 B K:\sicherung_webserver_h10__072008\berti-golf.de\public_html\bertichile\islanegra\pablo-schild.jpg --> bertigolfde.h1403220.stratoserver.net /public_html/bertichile/islanegra pablo-schild.jpg
2008.06.27 19:15 B K:\sicherung_webserver_h10__072008\berti-golf.de\public_html\bertichile\islanegra\pablo-schild_tn.jpg --> bertigolfde.h1403220.stratoserver.net /public_html/bertichile/islanegra pablo-schild_tn.jpg
2008.06.27 19:15 B K:\sicherung_webserver_h10__072008\berti-golf.de\public_html\bertichile\islanegra\pablo1.jpg --> bertigolfde.h1403220.stratoserver.net /public_html/bertichile/islanegra pablo1.jpg
2008.06.27 19:15 B K:\sicherung_webserver_h10__072008\berti-golf.de\public_html\bertichile\islanegra\pablo1_tn.jpg --> bertigolfde.h1403220.stratoserver.net /public_html/bertichile/islanegra pablo1_tn.jpg
2008.06.27 19:15 B K:\sicherung_webserver_h10__072008\berti-golf.de\public_html\bertichile\islanegra\pablo2.jpg --> bertigolfde.h1403220.stratoserver.net /public_html/bertichile/islanegra pablo2.jpg
2008.06.27 19:15 B K:\sicherung_webserver_h10__072008\berti-golf.de\public_html\bertichile\islanegra\pablo2_tn.jpg --> bertigolfde.h1403220.stratoserver.net /public_html/bertichile/islanegra pablo2_tn.jpg
2008.06.27 19:16 B K:\sicherung_webserver_h10__072008\berti-golf.de\public_html\bertichile\islanegra\pablo4.jpg --> bertigolfde.h1403220.stratoserver.net /public_html/bertichile/islanegra pablo4.jpg
2008.06.27 19:16 B K:\sicherung_webserver_h10__072008\berti-golf.de\public_html\bertichile\islanegra\pablo4_tn.jpg --> bertigolfde.h1403220.stratoserver.net /public_html/bertichile/islanegra pablo4_tn.jpg
2008.06.27 19:16 B K:\sicherung_webserver_h10__072008\berti-golf.de\public_html\bertichile\islanegra\sonne3.jpg --> bertigolfde.h1403220.stratoserver.net /public_html/bertichile/islanegra sonne3.jpg
2008.06.27 19:16 B K:\sicherung_webserver_h10__072008\berti-golf.de\public_html\bertichile\islanegra\sonne3_tn.jpg --> bertigolfde.h1403220.stratoserver.net /public_html/bertichile/islanegra sonne3_tn.jpg
2008.06.27 19:16 B K:\sicherung_webserver_h10__072008\berti-golf.de\public_html\bertichile\islanegra\sonne7.jpg --> bertigolfde.h1403220.stratoserver.net /public_html/bertichile/islanegra sonne7.jpg
2008.06.27 19:16 B K:\sicherung_webserver_h10__072008\berti-golf.de\public_html\bertichile\islanegra\sonne7_tn.jpg --> bertigolfde.h1403220.stratoserver.net /public_html/bertichile/islanegra sonne7_tn.jpg
2008.06.27 19:16 B K:\sicherung_webserver_h10__072008\berti-golf.de\public_html\bertichile\islanegra\sonne9.jpg --> bertigolfde.h1403220.stratoserver.net /public_html/bertichile/islanegra sonne9.jpg
2008.06.27 19:16 B K:\sicherung_webserver_h10__072008\berti-golf.de\public_html\bertichile\islanegra\sonne9_tn.jpg --> bertigolfde.h1403220.stratoserver.net /public_html/bertichile/islanegra sonne9_tn.jpg
2008.06.27 19:16 B K:\sicherung_webserver_h10__072008\berti-golf.de\public_html\bertichile\islanegra\totenkopf.jpg --> bertigolfde.h1403220.stratoserver.net /public_html/bertichile/islanegra totenkopf.jpg
2008.06.27 19:16 B K:\sicherung_webserver_h10__072008\berti-golf.de\public_html\bertichile\islanegra\totenkopf_tn.jpg --> bertigolfde.h1403220.stratoserver.net /public_html/bertichile/islanegra totenkopf_tn.jpg
2008.06.27 19:16 B K:\sicherung_webserver_h10__072008\berti-golf.de\public_html\bertichile\islanegra\vorlage.html --> bertigolfde.h1403220.stratoserver.net /public_html/bertichile/islanegra vorlage.html
2008.06.27 19:16 B K:\sicherung_webserver_h10__072008\berti-golf.de\public_html\bertichile\islanegra\wellen2.jpg --> bertigolfde.h1403220.stratoserver.net /public_html/bertichile/islanegra wellen2.jpg
2008.06.27 19:16 B K:\sicherung_webserver_h10__072008\berti-golf.de\public_html\bertichile\islanegra\wellen2_tn.jpg --> bertigolfde.h1403220.stratoserver.net /public_html/bertichile/islanegra wellen2_tn.jpg
2008.06.27 19:16 B K:\sicherung_webserver_h10__072008\berti-golf.de\public_html\bertichile\islanegra\wellen4.jpg --> bertigolfde.h1403220.stratoserver.net /public_html/bertichile/islanegra wellen4.jpg
2008.06.27 19:16 B K:\sicherung_webserver_h10__072008\berti-golf.de\public_html\bertichile\islanegra\wellen4_tn.jpg --> bertigolfde.h1403220.stratoserver.net /public_html/bertichile/islanegra wellen4_tn.jpg
2009.05.01 07:14 B Z:\home\Berti\public_html\www.berti-golf.de\bertichile\islanegra\WS_FTP.LOG <-- bertigolfde.h1403220.stratoserver.net /public_html/bertichile/islanegra WS_FTP.LOG
2009.12.08 17:59 B Z:\home\Berti\public_html\www.berti-golf.de\bertichile\islanegra\cruze.jpg --> h1667152.stratoserver.net /httpdocs/bertichile/islanegra cruze.jpg
2009.12.08 17:59 B Z:\home\Berti\public_html\www.berti-golf.de\bertichile\islanegra\cruze_tn.jpg --> h1667152.stratoserver.net /httpdocs/bertichile/islanegra cruze_tn.jpg
2009.12.08 17:59 B Z:\home\Berti\public_html\www.berti-golf.de\bertichile\islanegra\dsc00102.jpg --> h1667152.stratoserver.net /httpdocs/bertichile/islanegra dsc00102.jpg
2009.12.08 17:59 B Z:\home\Berti\public_html\www.berti-golf.de\bertichile\islanegra\dsc00102_tn.jpg --> h1667152.stratoserver.net /httpdocs/bertichile/islanegra dsc00102_tn.jpg
2009.12.08 17:59 B Z:\home\Berti\public_html\www.berti-golf.de\bertichile\islanegra\e-b-strand.jpg --> h1667152.stratoserver.net /httpdocs/bertichile/islanegra e-b-strand.jpg
2009.12.08 17:59 B Z:\home\Berti\public_html\www.berti-golf.de\bertichile\islanegra\e-b-strand_tn.jpg --> h1667152.stratoserver.net /httpdocs/bertichile/islanegra e-b-strand_tn.jpg
2009.12.08 17:59 B Z:\home\Berti\public_html\www.berti-golf.de\bertichile\islanegra\e-g-strand.jpg --> h1667152.stratoserver.net /httpdocs/bertichile/islanegra e-g-strand.jpg
2009.12.08 17:59 B Z:\home\Berti\public_html\www.berti-golf.de\bertichile\islanegra\e-g-strand_tn.jpg --> h1667152.stratoserver.net /httpdocs/bertichile/islanegra e-g-strand_tn.jpg
2009.12.08 17:59 B Z:\home\Berti\public_html\www.berti-golf.de\bertichile\islanegra\isla.html --> h1667152.stratoserver.net /httpdocs/bertichile/islanegra isla.html
2009.12.08 17:59 B Z:\home\Berti\public_html\www.berti-golf.de\bertichile\islanegra\pablo-fisch2.jpg --> h1667152.stratoserver.net /httpdocs/bertichile/islanegra pablo-fisch2.jpg
2009.12.08 17:59 B Z:\home\Berti\public_html\www.berti-golf.de\bertichile\islanegra\pablo-fisch2_tn.jpg --> h1667152.stratoserver.net /httpdocs/bertichile/islanegra pablo-fisch2_tn.jpg
2009.12.08 17:59 B Z:\home\Berti\public_html\www.berti-golf.de\bertichile\islanegra\pablo-schild.jpg --> h1667152.stratoserver.net /httpdocs/bertichile/islanegra pablo-schild.jpg
2009.12.08 17:59 B Z:\home\Berti\public_html\www.berti-golf.de\bertichile\islanegra\pablo-schild_tn.jpg --> h1667152.stratoserver.net /httpdocs/bertichile/islanegra pablo-schild_tn.jpg
2009.12.08 17:59 B Z:\home\Berti\public_html\www.berti-golf.de\bertichile\islanegra\pablo1.jpg --> h1667152.stratoserver.net /httpdocs/bertichile/islanegra pablo1.jpg
2009.12.08 17:59 B Z:\home\Berti\public_html\www.berti-golf.de\bertichile\islanegra\pablo1_tn.jpg --> h1667152.stratoserver.net /httpdocs/bertichile/islanegra pablo1_tn.jpg
2009.12.08 17:59 B Z:\home\Berti\public_html\www.berti-golf.de\bertichile\islanegra\pablo2.jpg --> h1667152.stratoserver.net /httpdocs/bertichile/islanegra pablo2.jpg
2009.12.08 17:59 B Z:\home\Berti\public_html\www.berti-golf.de\bertichile\islanegra\pablo2_tn.jpg --> h1667152.stratoserver.net /httpdocs/bertichile/islanegra pablo2_tn.jpg
2009.12.08 17:59 B Z:\home\Berti\public_html\www.berti-golf.de\bertichile\islanegra\pablo4.jpg --> h1667152.stratoserver.net /httpdocs/bertichile/islanegra pablo4.jpg
2009.12.08 17:59 B Z:\home\Berti\public_html\www.berti-golf.de\bertichile\islanegra\pablo4_tn.jpg --> h1667152.stratoserver.net /httpdocs/bertichile/islanegra pablo4_tn.jpg
2009.12.08 17:59 B Z:\home\Berti\public_html\www.berti-golf.de\bertichile\islanegra\sonne3.jpg --> h1667152.stratoserver.net /httpdocs/bertichile/islanegra sonne3.jpg
2009.12.08 17:59 B Z:\home\Berti\public_html\www.berti-golf.de\bertichile\islanegra\sonne3_tn.jpg --> h1667152.stratoserver.net /httpdocs/bertichile/islanegra sonne3_tn.jpg
2009.12.08 17:59 B Z:\home\Berti\public_html\www.berti-golf.de\bertichile\islanegra\sonne7.jpg --> h1667152.stratoserver.net /httpdocs/bertichile/islanegra sonne7.jpg
2009.12.08 17:59 B Z:\home\Berti\public_html\www.berti-golf.de\bertichile\islanegra\sonne7_tn.jpg --> h1667152.stratoserver.net /httpdocs/bertichile/islanegra sonne7_tn.jpg
2009.12.08 17:59 B Z:\home\Berti\public_html\www.berti-golf.de\bertichile\islanegra\sonne9.jpg --> h1667152.stratoserver.net /httpdocs/bertichile/islanegra sonne9.jpg
2009.12.08 17:59 B Z:\home\Berti\public_html\www.berti-golf.de\bertichile\islanegra\sonne9_tn.jpg --> h1667152.stratoserver.net /httpdocs/bertichile/islanegra sonne9_tn.jpg
2009.12.08 17:59 B Z:\home\Berti\public_html\www.berti-golf.de\bertichile\islanegra\totenkopf.jpg --> h1667152.stratoserver.net /httpdocs/bertichile/islanegra totenkopf.jpg
2009.12.08 17:59 B Z:\home\Berti\public_html\www.berti-golf.de\bertichile\islanegra\totenkopf_tn.jpg --> h1667152.stratoserver.net /httpdocs/bertichile/islanegra totenkopf_tn.jpg
2009.12.08 17:59 B Z:\home\Berti\public_html\www.berti-golf.de\bertichile\islanegra\vorlage.html --> h1667152.stratoserver.net /httpdocs/bertichile/islanegra vorlage.html
2009.12.08 17:59 B Z:\home\Berti\public_html\www.berti-golf.de\bertichile\islanegra\wellen2.jpg --> h1667152.stratoserver.net /httpdocs/bertichile/islanegra wellen2.jpg
2009.12.08 17:59 B Z:\home\Berti\public_html\www.berti-golf.de\bertichile\islanegra\wellen2_tn.jpg --> h1667152.stratoserver.net /httpdocs/bertichile/islanegra wellen2_tn.jpg
2009.12.08 17:59 B Z:\home\Berti\public_html\www.berti-golf.de\bertichile\islanegra\wellen4.jpg --> h1667152.stratoserver.net /httpdocs/bertichile/islanegra wellen4.jpg
2009.12.08 17:59 B Z:\home\Berti\public_html\www.berti-golf.de\bertichile\islanegra\wellen4_tn.jpg --> h1667152.stratoserver.net /httpdocs/bertichile/islanegra wellen4_tn.jpg
