2008.06.27 16:03 B K:\sicherung_webserver_h10__072008\berti-golf.de\public_html\bertichile\blick\abendstimmung.jpg <-- www.berti-golf.de /public_html/bertichile/blick abendstimmung.jpg
2008.06.27 16:03 B K:\sicherung_webserver_h10__072008\berti-golf.de\public_html\bertichile\blick\abendstimmung2.jpg <-- www.berti-golf.de /public_html/bertichile/blick abendstimmung2.jpg
2008.06.27 16:03 B K:\sicherung_webserver_h10__072008\berti-golf.de\public_html\bertichile\blick\abendstimmung2_tn.jpg <-- www.berti-golf.de /public_html/bertichile/blick abendstimmung2_tn.jpg
2008.06.27 16:03 B K:\sicherung_webserver_h10__072008\berti-golf.de\public_html\bertichile\blick\abendstimmung_tn.jpg <-- www.berti-golf.de /public_html/bertichile/blick abendstimmung_tn.jpg
2008.06.27 16:03 B K:\sicherung_webserver_h10__072008\berti-golf.de\public_html\bertichile\blick\berg.jpg <-- www.berti-golf.de /public_html/bertichile/blick berg.jpg
2008.06.27 16:03 B K:\sicherung_webserver_h10__072008\berti-golf.de\public_html\bertichile\blick\berg2.jpg <-- www.berti-golf.de /public_html/bertichile/blick berg2.jpg
2008.06.27 16:03 B K:\sicherung_webserver_h10__072008\berti-golf.de\public_html\bertichile\blick\berg2_tn.jpg <-- www.berti-golf.de /public_html/bertichile/blick berg2_tn.jpg
2008.06.27 16:03 B K:\sicherung_webserver_h10__072008\berti-golf.de\public_html\bertichile\blick\berg_tn.jpg <-- www.berti-golf.de /public_html/bertichile/blick berg_tn.jpg
2008.06.27 16:03 B K:\sicherung_webserver_h10__072008\berti-golf.de\public_html\bertichile\blick\berti-simon.jpg <-- www.berti-golf.de /public_html/bertichile/blick berti-simon.jpg
2008.06.27 16:03 B K:\sicherung_webserver_h10__072008\berti-golf.de\public_html\bertichile\blick\berti-simon_tn.jpg <-- www.berti-golf.de /public_html/bertichile/blick berti-simon_tn.jpg
2008.06.27 16:03 B K:\sicherung_webserver_h10__072008\berti-golf.de\public_html\bertichile\blick\blick.html <-- www.berti-golf.de /public_html/bertichile/blick blick.html
2008.06.27 16:03 B K:\sicherung_webserver_h10__072008\berti-golf.de\public_html\bertichile\blick\blickbreit.jpg <-- www.berti-golf.de /public_html/bertichile/blick blickbreit.jpg
2008.06.27 16:03 B K:\sicherung_webserver_h10__072008\berti-golf.de\public_html\bertichile\blick\blickbreit_tn.jpg <-- www.berti-golf.de /public_html/bertichile/blick blickbreit_tn.jpg
2008.06.27 16:03 B K:\sicherung_webserver_h10__072008\berti-golf.de\public_html\bertichile\blick\haus.jpg <-- www.berti-golf.de /public_html/bertichile/blick haus.jpg
2008.06.27 16:03 B K:\sicherung_webserver_h10__072008\berti-golf.de\public_html\bertichile\blick\haus_tn.jpg <-- www.berti-golf.de /public_html/bertichile/blick haus_tn.jpg
2008.06.27 16:03 B K:\sicherung_webserver_h10__072008\berti-golf.de\public_html\bertichile\blick\rosa-berge.jpg <-- www.berti-golf.de /public_html/bertichile/blick rosa-berge.jpg
2008.06.27 16:03 B K:\sicherung_webserver_h10__072008\berti-golf.de\public_html\bertichile\blick\rosa-berge_tn.jpg <-- www.berti-golf.de /public_html/bertichile/blick rosa-berge_tn.jpg
2008.06.27 16:03 B K:\sicherung_webserver_h10__072008\berti-golf.de\public_html\bertichile\blick\sch-haus.jpg <-- www.berti-golf.de /public_html/bertichile/blick sch-haus.jpg
2008.06.27 16:03 B K:\sicherung_webserver_h10__072008\berti-golf.de\public_html\bertichile\blick\sch-haus_tn.jpg <-- www.berti-golf.de /public_html/bertichile/blick sch-haus_tn.jpg
2008.06.27 16:03 B K:\sicherung_webserver_h10__072008\berti-golf.de\public_html\bertichile\blick\vorlage.html <-- www.berti-golf.de /public_html/bertichile/blick vorlage.html
2008.06.27 19:02 B K:\sicherung_webserver_h10__072008\berti-golf.de\public_html\bertichile\blick\abendstimmung.jpg --> bertigolfde.h1403220.stratoserver.net /public_html/bertichile/blick abendstimmung.jpg
2008.06.27 19:02 B K:\sicherung_webserver_h10__072008\berti-golf.de\public_html\bertichile\blick\abendstimmung2.jpg --> bertigolfde.h1403220.stratoserver.net /public_html/bertichile/blick abendstimmung2.jpg
2008.06.27 19:02 B K:\sicherung_webserver_h10__072008\berti-golf.de\public_html\bertichile\blick\abendstimmung2_tn.jpg --> bertigolfde.h1403220.stratoserver.net /public_html/bertichile/blick abendstimmung2_tn.jpg
2008.06.27 19:02 B K:\sicherung_webserver_h10__072008\berti-golf.de\public_html\bertichile\blick\abendstimmung_tn.jpg --> bertigolfde.h1403220.stratoserver.net /public_html/bertichile/blick abendstimmung_tn.jpg
2008.06.27 19:02 B K:\sicherung_webserver_h10__072008\berti-golf.de\public_html\bertichile\blick\berg.jpg --> bertigolfde.h1403220.stratoserver.net /public_html/bertichile/blick berg.jpg
2008.06.27 19:02 B K:\sicherung_webserver_h10__072008\berti-golf.de\public_html\bertichile\blick\berg2.jpg --> bertigolfde.h1403220.stratoserver.net /public_html/bertichile/blick berg2.jpg
2008.06.27 19:02 B K:\sicherung_webserver_h10__072008\berti-golf.de\public_html\bertichile\blick\berg2_tn.jpg --> bertigolfde.h1403220.stratoserver.net /public_html/bertichile/blick berg2_tn.jpg
2008.06.27 19:02 B K:\sicherung_webserver_h10__072008\berti-golf.de\public_html\bertichile\blick\berg_tn.jpg --> bertigolfde.h1403220.stratoserver.net /public_html/bertichile/blick berg_tn.jpg
2008.06.27 19:02 B K:\sicherung_webserver_h10__072008\berti-golf.de\public_html\bertichile\blick\berti-simon.jpg --> bertigolfde.h1403220.stratoserver.net /public_html/bertichile/blick berti-simon.jpg
2008.06.27 19:02 B K:\sicherung_webserver_h10__072008\berti-golf.de\public_html\bertichile\blick\berti-simon_tn.jpg --> bertigolfde.h1403220.stratoserver.net /public_html/bertichile/blick berti-simon_tn.jpg
2008.06.27 19:02 B K:\sicherung_webserver_h10__072008\berti-golf.de\public_html\bertichile\blick\blick.html --> bertigolfde.h1403220.stratoserver.net /public_html/bertichile/blick blick.html
2008.06.27 19:02 B K:\sicherung_webserver_h10__072008\berti-golf.de\public_html\bertichile\blick\blickbreit.jpg --> bertigolfde.h1403220.stratoserver.net /public_html/bertichile/blick blickbreit.jpg
2008.06.27 19:02 B K:\sicherung_webserver_h10__072008\berti-golf.de\public_html\bertichile\blick\blickbreit_tn.jpg --> bertigolfde.h1403220.stratoserver.net /public_html/bertichile/blick blickbreit_tn.jpg
2008.06.27 19:02 B K:\sicherung_webserver_h10__072008\berti-golf.de\public_html\bertichile\blick\haus.jpg --> bertigolfde.h1403220.stratoserver.net /public_html/bertichile/blick haus.jpg
2008.06.27 19:02 B K:\sicherung_webserver_h10__072008\berti-golf.de\public_html\bertichile\blick\haus_tn.jpg --> bertigolfde.h1403220.stratoserver.net /public_html/bertichile/blick haus_tn.jpg
2008.06.27 19:02 B K:\sicherung_webserver_h10__072008\berti-golf.de\public_html\bertichile\blick\rosa-berge.jpg --> bertigolfde.h1403220.stratoserver.net /public_html/bertichile/blick rosa-berge.jpg
2008.06.27 19:02 B K:\sicherung_webserver_h10__072008\berti-golf.de\public_html\bertichile\blick\rosa-berge_tn.jpg --> bertigolfde.h1403220.stratoserver.net /public_html/bertichile/blick rosa-berge_tn.jpg
2008.06.27 19:02 B K:\sicherung_webserver_h10__072008\berti-golf.de\public_html\bertichile\blick\sch-haus.jpg --> bertigolfde.h1403220.stratoserver.net /public_html/bertichile/blick sch-haus.jpg
2008.06.27 19:02 B K:\sicherung_webserver_h10__072008\berti-golf.de\public_html\bertichile\blick\sch-haus_tn.jpg --> bertigolfde.h1403220.stratoserver.net /public_html/bertichile/blick sch-haus_tn.jpg
2008.06.27 19:02 B K:\sicherung_webserver_h10__072008\berti-golf.de\public_html\bertichile\blick\vorlage.html --> bertigolfde.h1403220.stratoserver.net /public_html/bertichile/blick vorlage.html
2009.05.01 07:09 B Z:\home\Berti\public_html\www.berti-golf.de\bertichile\blick\WS_FTP.LOG <-- bertigolfde.h1403220.stratoserver.net /public_html/bertichile/blick WS_FTP.LOG
2009.12.08 17:53 B Z:\home\Berti\public_html\www.berti-golf.de\bertichile\blick\abendstimmung.jpg --> h1667152.stratoserver.net /httpdocs/bertichile/blick abendstimmung.jpg
2009.12.08 17:53 B Z:\home\Berti\public_html\www.berti-golf.de\bertichile\blick\abendstimmung2.jpg --> h1667152.stratoserver.net /httpdocs/bertichile/blick abendstimmung2.jpg
2009.12.08 17:53 B Z:\home\Berti\public_html\www.berti-golf.de\bertichile\blick\abendstimmung2_tn.jpg --> h1667152.stratoserver.net /httpdocs/bertichile/blick abendstimmung2_tn.jpg
2009.12.08 17:53 B Z:\home\Berti\public_html\www.berti-golf.de\bertichile\blick\abendstimmung_tn.jpg --> h1667152.stratoserver.net /httpdocs/bertichile/blick abendstimmung_tn.jpg
2009.12.08 17:53 B Z:\home\Berti\public_html\www.berti-golf.de\bertichile\blick\berg.jpg --> h1667152.stratoserver.net /httpdocs/bertichile/blick berg.jpg
2009.12.08 17:53 B Z:\home\Berti\public_html\www.berti-golf.de\bertichile\blick\berg2.jpg --> h1667152.stratoserver.net /httpdocs/bertichile/blick berg2.jpg
2009.12.08 17:53 B Z:\home\Berti\public_html\www.berti-golf.de\bertichile\blick\berg2_tn.jpg --> h1667152.stratoserver.net /httpdocs/bertichile/blick berg2_tn.jpg
2009.12.08 17:53 B Z:\home\Berti\public_html\www.berti-golf.de\bertichile\blick\berg_tn.jpg --> h1667152.stratoserver.net /httpdocs/bertichile/blick berg_tn.jpg
2009.12.08 17:53 B Z:\home\Berti\public_html\www.berti-golf.de\bertichile\blick\berti-simon.jpg --> h1667152.stratoserver.net /httpdocs/bertichile/blick berti-simon.jpg
2009.12.08 17:53 B Z:\home\Berti\public_html\www.berti-golf.de\bertichile\blick\berti-simon_tn.jpg --> h1667152.stratoserver.net /httpdocs/bertichile/blick berti-simon_tn.jpg
2009.12.08 17:53 B Z:\home\Berti\public_html\www.berti-golf.de\bertichile\blick\blick.html --> h1667152.stratoserver.net /httpdocs/bertichile/blick blick.html
2009.12.08 17:53 B Z:\home\Berti\public_html\www.berti-golf.de\bertichile\blick\blickbreit.jpg --> h1667152.stratoserver.net /httpdocs/bertichile/blick blickbreit.jpg
2009.12.08 17:53 B Z:\home\Berti\public_html\www.berti-golf.de\bertichile\blick\blickbreit_tn.jpg --> h1667152.stratoserver.net /httpdocs/bertichile/blick blickbreit_tn.jpg
2009.12.08 17:53 B Z:\home\Berti\public_html\www.berti-golf.de\bertichile\blick\haus.jpg --> h1667152.stratoserver.net /httpdocs/bertichile/blick haus.jpg
2009.12.08 17:53 B Z:\home\Berti\public_html\www.berti-golf.de\bertichile\blick\haus_tn.jpg --> h1667152.stratoserver.net /httpdocs/bertichile/blick haus_tn.jpg
2009.12.08 17:53 B Z:\home\Berti\public_html\www.berti-golf.de\bertichile\blick\rosa-berge.jpg --> h1667152.stratoserver.net /httpdocs/bertichile/blick rosa-berge.jpg
2009.12.08 17:53 B Z:\home\Berti\public_html\www.berti-golf.de\bertichile\blick\rosa-berge_tn.jpg --> h1667152.stratoserver.net /httpdocs/bertichile/blick rosa-berge_tn.jpg
2009.12.08 17:53 B Z:\home\Berti\public_html\www.berti-golf.de\bertichile\blick\sch-haus.jpg --> h1667152.stratoserver.net /httpdocs/bertichile/blick sch-haus.jpg
2009.12.08 17:53 B Z:\home\Berti\public_html\www.berti-golf.de\bertichile\blick\sch-haus_tn.jpg --> h1667152.stratoserver.net /httpdocs/bertichile/blick sch-haus_tn.jpg
2009.12.08 17:53 B Z:\home\Berti\public_html\www.berti-golf.de\bertichile\blick\vorlage.html --> h1667152.stratoserver.net /httpdocs/bertichile/blick vorlage.html
