2008.06.27 16:36 B K:\sicherung_webserver_h10__072008\berti-golf.de\public_html\bertichile\santurio\_vti_cnf\aco-lagunadeinkas2.jpg <-- www.berti-golf.de /public_html/bertichile/santurio/_vti_cnf aco-lagunadeinkas2.jpg
2008.06.27 16:36 B K:\sicherung_webserver_h10__072008\berti-golf.de\public_html\bertichile\santurio\_vti_cnf\aco-padres-puente1.jpg <-- www.berti-golf.de /public_html/bertichile/santurio/_vti_cnf aco-padres-puente1.jpg
2008.06.27 16:36 B K:\sicherung_webserver_h10__072008\berti-golf.de\public_html\bertichile\santurio\_vti_cnf\aco-padres-puente2.jpg <-- www.berti-golf.de /public_html/bertichile/santurio/_vti_cnf aco-padres-puente2.jpg
2008.06.27 16:36 B K:\sicherung_webserver_h10__072008\berti-golf.de\public_html\bertichile\santurio\_vti_cnf\aco-papel1.jpg <-- www.berti-golf.de /public_html/bertichile/santurio/_vti_cnf aco-papel1.jpg
2008.06.27 16:36 B K:\sicherung_webserver_h10__072008\berti-golf.de\public_html\bertichile\santurio\_vti_cnf\aco-papel2.jpg <-- www.berti-golf.de /public_html/bertichile/santurio/_vti_cnf aco-papel2.jpg
2008.06.27 16:36 B K:\sicherung_webserver_h10__072008\berti-golf.de\public_html\bertichile\santurio\_vti_cnf\aco-puente1.jpg <-- www.berti-golf.de /public_html/bertichile/santurio/_vti_cnf aco-puente1.jpg
2008.06.27 16:36 B K:\sicherung_webserver_h10__072008\berti-golf.de\public_html\bertichile\santurio\_vti_cnf\aco-puente3.jpg <-- www.berti-golf.de /public_html/bertichile/santurio/_vti_cnf aco-puente3.jpg
2008.06.27 16:36 B K:\sicherung_webserver_h10__072008\berti-golf.de\public_html\bertichile\santurio\_vti_cnf\aco-puentedeinkas1.jpg <-- www.berti-golf.de /public_html/bertichile/santurio/_vti_cnf aco-puentedeinkas1.jpg
2008.06.27 16:36 B K:\sicherung_webserver_h10__072008\berti-golf.de\public_html\bertichile\santurio\_vti_cnf\aco-puentedeinkas11.jpg <-- www.berti-golf.de /public_html/bertichile/santurio/_vti_cnf aco-puentedeinkas11.jpg
2008.06.27 16:36 B K:\sicherung_webserver_h10__072008\berti-golf.de\public_html\bertichile\santurio\_vti_cnf\aco-puentedeinkas14.jpg <-- www.berti-golf.de /public_html/bertichile/santurio/_vti_cnf aco-puentedeinkas14.jpg
2008.06.27 16:36 B K:\sicherung_webserver_h10__072008\berti-golf.de\public_html\bertichile\santurio\_vti_cnf\aco-puentedeinkas16.jpg <-- www.berti-golf.de /public_html/bertichile/santurio/_vti_cnf aco-puentedeinkas16.jpg
2008.06.27 16:36 B K:\sicherung_webserver_h10__072008\berti-golf.de\public_html\bertichile\santurio\_vti_cnf\aco-puentedeinkas19.jpg <-- www.berti-golf.de /public_html/bertichile/santurio/_vti_cnf aco-puentedeinkas19.jpg
2008.06.27 16:36 B K:\sicherung_webserver_h10__072008\berti-golf.de\public_html\bertichile\santurio\_vti_cnf\aco-puentedeinkas3.jpg <-- www.berti-golf.de /public_html/bertichile/santurio/_vti_cnf aco-puentedeinkas3.jpg
2008.06.27 16:36 B K:\sicherung_webserver_h10__072008\berti-golf.de\public_html\bertichile\santurio\_vti_cnf\aco-puentedeinkas6.jpg <-- www.berti-golf.de /public_html/bertichile/santurio/_vti_cnf aco-puentedeinkas6.jpg
2008.06.27 16:36 B K:\sicherung_webserver_h10__072008\berti-golf.de\public_html\bertichile\santurio\_vti_cnf\aco-puentedeinkas8.jpg <-- www.berti-golf.de /public_html/bertichile/santurio/_vti_cnf aco-puentedeinkas8.jpg
2008.06.27 16:36 B K:\sicherung_webserver_h10__072008\berti-golf.de\public_html\bertichile\santurio\_vti_cnf\berti-cajon.jpg <-- www.berti-golf.de /public_html/bertichile/santurio/_vti_cnf berti-cajon.jpg
2008.06.27 16:36 B K:\sicherung_webserver_h10__072008\berti-golf.de\public_html\bertichile\santurio\_vti_cnf\berti-cajon_tn.jpg <-- www.berti-golf.de /public_html/bertichile/santurio/_vti_cnf berti-cajon_tn.jpg
2008.06.27 16:36 B K:\sicherung_webserver_h10__072008\berti-golf.de\public_html\bertichile\santurio\_vti_cnf\cajon1.jpg <-- www.berti-golf.de /public_html/bertichile/santurio/_vti_cnf cajon1.jpg
2008.06.27 16:36 B K:\sicherung_webserver_h10__072008\berti-golf.de\public_html\bertichile\santurio\_vti_cnf\cajon1_tn.jpg <-- www.berti-golf.de /public_html/bertichile/santurio/_vti_cnf cajon1_tn.jpg
2008.06.27 16:36 B K:\sicherung_webserver_h10__072008\berti-golf.de\public_html\bertichile\santurio\_vti_cnf\casa.jpg <-- www.berti-golf.de /public_html/bertichile/santurio/_vti_cnf casa.jpg
2008.06.27 16:36 B K:\sicherung_webserver_h10__072008\berti-golf.de\public_html\bertichile\santurio\_vti_cnf\casita.jpg <-- www.berti-golf.de /public_html/bertichile/santurio/_vti_cnf casita.jpg
2008.06.27 16:36 B K:\sicherung_webserver_h10__072008\berti-golf.de\public_html\bertichile\santurio\_vti_cnf\erdi-canon.jpg <-- www.berti-golf.de /public_html/bertichile/santurio/_vti_cnf erdi-canon.jpg
2008.06.27 16:36 B K:\sicherung_webserver_h10__072008\berti-golf.de\public_html\bertichile\santurio\_vti_cnf\erdi-canon_tn.jpg <-- www.berti-golf.de /public_html/bertichile/santurio/_vti_cnf erdi-canon_tn.jpg
2008.06.27 16:36 B K:\sicherung_webserver_h10__072008\berti-golf.de\public_html\bertichile\santurio\_vti_cnf\erdi-guni.jpg <-- www.berti-golf.de /public_html/bertichile/santurio/_vti_cnf erdi-guni.jpg
2008.06.27 16:36 B K:\sicherung_webserver_h10__072008\berti-golf.de\public_html\bertichile\santurio\_vti_cnf\erdi-guni_tn.jpg <-- www.berti-golf.de /public_html/bertichile/santurio/_vti_cnf erdi-guni_tn.jpg
2008.06.27 16:36 B K:\sicherung_webserver_h10__072008\berti-golf.de\public_html\bertichile\santurio\_vti_cnf\erdi-smog.jpg <-- www.berti-golf.de /public_html/bertichile/santurio/_vti_cnf erdi-smog.jpg
2008.06.27 16:36 B K:\sicherung_webserver_h10__072008\berti-golf.de\public_html\bertichile\santurio\_vti_cnf\erdi-smog_tn.jpg <-- www.berti-golf.de /public_html/bertichile/santurio/_vti_cnf erdi-smog_tn.jpg
2008.06.27 16:36 B K:\sicherung_webserver_h10__072008\berti-golf.de\public_html\bertichile\santurio\_vti_cnf\erdisacaunafoto.jpg <-- www.berti-golf.de /public_html/bertichile/santurio/_vti_cnf erdisacaunafoto.jpg
2008.06.27 16:36 B K:\sicherung_webserver_h10__072008\berti-golf.de\public_html\bertichile\santurio\_vti_cnf\guni-andar.jpg <-- www.berti-golf.de /public_html/bertichile/santurio/_vti_cnf guni-andar.jpg
2008.06.27 16:36 B K:\sicherung_webserver_h10__072008\berti-golf.de\public_html\bertichile\santurio\_vti_cnf\guni-andar_tn.jpg <-- www.berti-golf.de /public_html/bertichile/santurio/_vti_cnf guni-andar_tn.jpg
2008.06.27 16:36 B K:\sicherung_webserver_h10__072008\berti-golf.de\public_html\bertichile\santurio\_vti_cnf\guni-kaktus.jpg <-- www.berti-golf.de /public_html/bertichile/santurio/_vti_cnf guni-kaktus.jpg
2008.06.27 16:36 B K:\sicherung_webserver_h10__072008\berti-golf.de\public_html\bertichile\santurio\_vti_cnf\guni-kaktus_tn.jpg <-- www.berti-golf.de /public_html/bertichile/santurio/_vti_cnf guni-kaktus_tn.jpg
2008.06.27 16:36 B K:\sicherung_webserver_h10__072008\berti-golf.de\public_html\bertichile\santurio\_vti_cnf\kakteen.jpg <-- www.berti-golf.de /public_html/bertichile/santurio/_vti_cnf kakteen.jpg
2008.06.27 16:36 B K:\sicherung_webserver_h10__072008\berti-golf.de\public_html\bertichile\santurio\_vti_cnf\kakteen_tn.jpg <-- www.berti-golf.de /public_html/bertichile/santurio/_vti_cnf kakteen_tn.jpg
2008.06.27 16:36 B K:\sicherung_webserver_h10__072008\berti-golf.de\public_html\bertichile\santurio\_vti_cnf\santurio.html <-- www.berti-golf.de /public_html/bertichile/santurio/_vti_cnf santurio.html
2008.06.27 16:36 B K:\sicherung_webserver_h10__072008\berti-golf.de\public_html\bertichile\santurio\_vti_cnf\vorlage.html <-- www.berti-golf.de /public_html/bertichile/santurio/_vti_cnf vorlage.html
2008.06.27 19:31 B K:\sicherung_webserver_h10__072008\berti-golf.de\public_html\bertichile\santurio\_vti_cnf\aco-lagunadeinkas2.jpg --> bertigolfde.h1403220.stratoserver.net /public_html/bertichile/santurio/_vti_cnf aco-lagunadeinkas2.jpg
2008.06.27 19:31 B K:\sicherung_webserver_h10__072008\berti-golf.de\public_html\bertichile\santurio\_vti_cnf\aco-padres-puente1.jpg --> bertigolfde.h1403220.stratoserver.net /public_html/bertichile/santurio/_vti_cnf aco-padres-puente1.jpg
2008.06.27 19:31 B K:\sicherung_webserver_h10__072008\berti-golf.de\public_html\bertichile\santurio\_vti_cnf\aco-padres-puente2.jpg --> bertigolfde.h1403220.stratoserver.net /public_html/bertichile/santurio/_vti_cnf aco-padres-puente2.jpg
2008.06.27 19:31 B K:\sicherung_webserver_h10__072008\berti-golf.de\public_html\bertichile\santurio\_vti_cnf\aco-papel1.jpg --> bertigolfde.h1403220.stratoserver.net /public_html/bertichile/santurio/_vti_cnf aco-papel1.jpg
2008.06.27 19:31 B K:\sicherung_webserver_h10__072008\berti-golf.de\public_html\bertichile\santurio\_vti_cnf\aco-papel2.jpg --> bertigolfde.h1403220.stratoserver.net /public_html/bertichile/santurio/_vti_cnf aco-papel2.jpg
2008.06.27 19:31 B K:\sicherung_webserver_h10__072008\berti-golf.de\public_html\bertichile\santurio\_vti_cnf\aco-puente1.jpg --> bertigolfde.h1403220.stratoserver.net /public_html/bertichile/santurio/_vti_cnf aco-puente1.jpg
2008.06.27 19:31 B K:\sicherung_webserver_h10__072008\berti-golf.de\public_html\bertichile\santurio\_vti_cnf\aco-puente3.jpg --> bertigolfde.h1403220.stratoserver.net /public_html/bertichile/santurio/_vti_cnf aco-puente3.jpg
2008.06.27 19:31 B K:\sicherung_webserver_h10__072008\berti-golf.de\public_html\bertichile\santurio\_vti_cnf\aco-puentedeinkas1.jpg --> bertigolfde.h1403220.stratoserver.net /public_html/bertichile/santurio/_vti_cnf aco-puentedeinkas1.jpg
2008.06.27 19:31 B K:\sicherung_webserver_h10__072008\berti-golf.de\public_html\bertichile\santurio\_vti_cnf\aco-puentedeinkas11.jpg --> bertigolfde.h1403220.stratoserver.net /public_html/bertichile/santurio/_vti_cnf aco-puentedeinkas11.jpg
2008.06.27 19:31 B K:\sicherung_webserver_h10__072008\berti-golf.de\public_html\bertichile\santurio\_vti_cnf\aco-puentedeinkas14.jpg --> bertigolfde.h1403220.stratoserver.net /public_html/bertichile/santurio/_vti_cnf aco-puentedeinkas14.jpg
2008.06.27 19:31 B K:\sicherung_webserver_h10__072008\berti-golf.de\public_html\bertichile\santurio\_vti_cnf\aco-puentedeinkas16.jpg --> bertigolfde.h1403220.stratoserver.net /public_html/bertichile/santurio/_vti_cnf aco-puentedeinkas16.jpg
2008.06.27 19:31 B K:\sicherung_webserver_h10__072008\berti-golf.de\public_html\bertichile\santurio\_vti_cnf\aco-puentedeinkas19.jpg --> bertigolfde.h1403220.stratoserver.net /public_html/bertichile/santurio/_vti_cnf aco-puentedeinkas19.jpg
2008.06.27 19:31 B K:\sicherung_webserver_h10__072008\berti-golf.de\public_html\bertichile\santurio\_vti_cnf\aco-puentedeinkas3.jpg --> bertigolfde.h1403220.stratoserver.net /public_html/bertichile/santurio/_vti_cnf aco-puentedeinkas3.jpg
2008.06.27 19:31 B K:\sicherung_webserver_h10__072008\berti-golf.de\public_html\bertichile\santurio\_vti_cnf\aco-puentedeinkas6.jpg --> bertigolfde.h1403220.stratoserver.net /public_html/bertichile/santurio/_vti_cnf aco-puentedeinkas6.jpg
2008.06.27 19:31 B K:\sicherung_webserver_h10__072008\berti-golf.de\public_html\bertichile\santurio\_vti_cnf\aco-puentedeinkas8.jpg --> bertigolfde.h1403220.stratoserver.net /public_html/bertichile/santurio/_vti_cnf aco-puentedeinkas8.jpg
2008.06.27 19:31 B K:\sicherung_webserver_h10__072008\berti-golf.de\public_html\bertichile\santurio\_vti_cnf\berti-cajon.jpg --> bertigolfde.h1403220.stratoserver.net /public_html/bertichile/santurio/_vti_cnf berti-cajon.jpg
2008.06.27 19:31 B K:\sicherung_webserver_h10__072008\berti-golf.de\public_html\bertichile\santurio\_vti_cnf\berti-cajon_tn.jpg --> bertigolfde.h1403220.stratoserver.net /public_html/bertichile/santurio/_vti_cnf berti-cajon_tn.jpg
2008.06.27 19:31 B K:\sicherung_webserver_h10__072008\berti-golf.de\public_html\bertichile\santurio\_vti_cnf\cajon1.jpg --> bertigolfde.h1403220.stratoserver.net /public_html/bertichile/santurio/_vti_cnf cajon1.jpg
2008.06.27 19:31 B K:\sicherung_webserver_h10__072008\berti-golf.de\public_html\bertichile\santurio\_vti_cnf\cajon1_tn.jpg --> bertigolfde.h1403220.stratoserver.net /public_html/bertichile/santurio/_vti_cnf cajon1_tn.jpg
2008.06.27 19:31 B K:\sicherung_webserver_h10__072008\berti-golf.de\public_html\bertichile\santurio\_vti_cnf\casa.jpg --> bertigolfde.h1403220.stratoserver.net /public_html/bertichile/santurio/_vti_cnf casa.jpg
2008.06.27 19:31 B K:\sicherung_webserver_h10__072008\berti-golf.de\public_html\bertichile\santurio\_vti_cnf\casita.jpg --> bertigolfde.h1403220.stratoserver.net /public_html/bertichile/santurio/_vti_cnf casita.jpg
2008.06.27 19:31 B K:\sicherung_webserver_h10__072008\berti-golf.de\public_html\bertichile\santurio\_vti_cnf\erdi-canon.jpg --> bertigolfde.h1403220.stratoserver.net /public_html/bertichile/santurio/_vti_cnf erdi-canon.jpg
2008.06.27 19:31 B K:\sicherung_webserver_h10__072008\berti-golf.de\public_html\bertichile\santurio\_vti_cnf\erdi-canon_tn.jpg --> bertigolfde.h1403220.stratoserver.net /public_html/bertichile/santurio/_vti_cnf erdi-canon_tn.jpg
2008.06.27 19:31 B K:\sicherung_webserver_h10__072008\berti-golf.de\public_html\bertichile\santurio\_vti_cnf\erdi-guni.jpg --> bertigolfde.h1403220.stratoserver.net /public_html/bertichile/santurio/_vti_cnf erdi-guni.jpg
2008.06.27 19:31 B K:\sicherung_webserver_h10__072008\berti-golf.de\public_html\bertichile\santurio\_vti_cnf\erdi-guni_tn.jpg --> bertigolfde.h1403220.stratoserver.net /public_html/bertichile/santurio/_vti_cnf erdi-guni_tn.jpg
2008.06.27 19:31 B K:\sicherung_webserver_h10__072008\berti-golf.de\public_html\bertichile\santurio\_vti_cnf\erdi-smog.jpg --> bertigolfde.h1403220.stratoserver.net /public_html/bertichile/santurio/_vti_cnf erdi-smog.jpg
2008.06.27 19:31 B K:\sicherung_webserver_h10__072008\berti-golf.de\public_html\bertichile\santurio\_vti_cnf\erdi-smog_tn.jpg --> bertigolfde.h1403220.stratoserver.net /public_html/bertichile/santurio/_vti_cnf erdi-smog_tn.jpg
2008.06.27 19:31 B K:\sicherung_webserver_h10__072008\berti-golf.de\public_html\bertichile\santurio\_vti_cnf\erdisacaunafoto.jpg --> bertigolfde.h1403220.stratoserver.net /public_html/bertichile/santurio/_vti_cnf erdisacaunafoto.jpg
2008.06.27 19:31 B K:\sicherung_webserver_h10__072008\berti-golf.de\public_html\bertichile\santurio\_vti_cnf\guni-andar.jpg --> bertigolfde.h1403220.stratoserver.net /public_html/bertichile/santurio/_vti_cnf guni-andar.jpg
2008.06.27 19:31 B K:\sicherung_webserver_h10__072008\berti-golf.de\public_html\bertichile\santurio\_vti_cnf\guni-andar_tn.jpg --> bertigolfde.h1403220.stratoserver.net /public_html/bertichile/santurio/_vti_cnf guni-andar_tn.jpg
2008.06.27 19:31 B K:\sicherung_webserver_h10__072008\berti-golf.de\public_html\bertichile\santurio\_vti_cnf\guni-kaktus.jpg --> bertigolfde.h1403220.stratoserver.net /public_html/bertichile/santurio/_vti_cnf guni-kaktus.jpg
2008.06.27 19:31 B K:\sicherung_webserver_h10__072008\berti-golf.de\public_html\bertichile\santurio\_vti_cnf\guni-kaktus_tn.jpg --> bertigolfde.h1403220.stratoserver.net /public_html/bertichile/santurio/_vti_cnf guni-kaktus_tn.jpg
2008.06.27 19:31 B K:\sicherung_webserver_h10__072008\berti-golf.de\public_html\bertichile\santurio\_vti_cnf\kakteen.jpg --> bertigolfde.h1403220.stratoserver.net /public_html/bertichile/santurio/_vti_cnf kakteen.jpg
2008.06.27 19:31 B K:\sicherung_webserver_h10__072008\berti-golf.de\public_html\bertichile\santurio\_vti_cnf\kakteen_tn.jpg --> bertigolfde.h1403220.stratoserver.net /public_html/bertichile/santurio/_vti_cnf kakteen_tn.jpg
2008.06.27 19:31 B K:\sicherung_webserver_h10__072008\berti-golf.de\public_html\bertichile\santurio\_vti_cnf\santurio.html --> bertigolfde.h1403220.stratoserver.net /public_html/bertichile/santurio/_vti_cnf santurio.html
2008.06.27 19:31 B K:\sicherung_webserver_h10__072008\berti-golf.de\public_html\bertichile\santurio\_vti_cnf\vorlage.html --> bertigolfde.h1403220.stratoserver.net /public_html/bertichile/santurio/_vti_cnf vorlage.html
2009.05.01 07:22 B Z:\home\Berti\public_html\www.berti-golf.de\bertichile\santurio\_vti_cnf\WS_FTP.LOG <-- bertigolfde.h1403220.stratoserver.net /public_html/bertichile/santurio/_vti_cnf WS_FTP.LOG
2009.12.08 18:07 B Z:\home\Berti\public_html\www.berti-golf.de\bertichile\santurio\_vti_cnf\aco-lagunadeinkas2.jpg --> h1667152.stratoserver.net /httpdocs/bertichile/santurio/_vti_cnf aco-lagunadeinkas2.jpg
2009.12.08 18:07 B Z:\home\Berti\public_html\www.berti-golf.de\bertichile\santurio\_vti_cnf\aco-padres-puente1.jpg --> h1667152.stratoserver.net /httpdocs/bertichile/santurio/_vti_cnf aco-padres-puente1.jpg
2009.12.08 18:07 B Z:\home\Berti\public_html\www.berti-golf.de\bertichile\santurio\_vti_cnf\aco-padres-puente2.jpg --> h1667152.stratoserver.net /httpdocs/bertichile/santurio/_vti_cnf aco-padres-puente2.jpg
2009.12.08 18:07 B Z:\home\Berti\public_html\www.berti-golf.de\bertichile\santurio\_vti_cnf\aco-papel1.jpg --> h1667152.stratoserver.net /httpdocs/bertichile/santurio/_vti_cnf aco-papel1.jpg
2009.12.08 18:07 B Z:\home\Berti\public_html\www.berti-golf.de\bertichile\santurio\_vti_cnf\aco-papel2.jpg --> h1667152.stratoserver.net /httpdocs/bertichile/santurio/_vti_cnf aco-papel2.jpg
2009.12.08 18:07 B Z:\home\Berti\public_html\www.berti-golf.de\bertichile\santurio\_vti_cnf\aco-puente1.jpg --> h1667152.stratoserver.net /httpdocs/bertichile/santurio/_vti_cnf aco-puente1.jpg
2009.12.08 18:07 B Z:\home\Berti\public_html\www.berti-golf.de\bertichile\santurio\_vti_cnf\aco-puente3.jpg --> h1667152.stratoserver.net /httpdocs/bertichile/santurio/_vti_cnf aco-puente3.jpg
2009.12.08 18:07 B Z:\home\Berti\public_html\www.berti-golf.de\bertichile\santurio\_vti_cnf\aco-puentedeinkas1.jpg --> h1667152.stratoserver.net /httpdocs/bertichile/santurio/_vti_cnf aco-puentedeinkas1.jpg
2009.12.08 18:07 B Z:\home\Berti\public_html\www.berti-golf.de\bertichile\santurio\_vti_cnf\aco-puentedeinkas11.jpg --> h1667152.stratoserver.net /httpdocs/bertichile/santurio/_vti_cnf aco-puentedeinkas11.jpg
2009.12.08 18:07 B Z:\home\Berti\public_html\www.berti-golf.de\bertichile\santurio\_vti_cnf\aco-puentedeinkas14.jpg --> h1667152.stratoserver.net /httpdocs/bertichile/santurio/_vti_cnf aco-puentedeinkas14.jpg
2009.12.08 18:07 B Z:\home\Berti\public_html\www.berti-golf.de\bertichile\santurio\_vti_cnf\aco-puentedeinkas16.jpg --> h1667152.stratoserver.net /httpdocs/bertichile/santurio/_vti_cnf aco-puentedeinkas16.jpg
2009.12.08 18:07 B Z:\home\Berti\public_html\www.berti-golf.de\bertichile\santurio\_vti_cnf\aco-puentedeinkas19.jpg --> h1667152.stratoserver.net /httpdocs/bertichile/santurio/_vti_cnf aco-puentedeinkas19.jpg
2009.12.08 18:07 B Z:\home\Berti\public_html\www.berti-golf.de\bertichile\santurio\_vti_cnf\aco-puentedeinkas3.jpg --> h1667152.stratoserver.net /httpdocs/bertichile/santurio/_vti_cnf aco-puentedeinkas3.jpg
2009.12.08 18:07 B Z:\home\Berti\public_html\www.berti-golf.de\bertichile\santurio\_vti_cnf\aco-puentedeinkas6.jpg --> h1667152.stratoserver.net /httpdocs/bertichile/santurio/_vti_cnf aco-puentedeinkas6.jpg
2009.12.08 18:07 B Z:\home\Berti\public_html\www.berti-golf.de\bertichile\santurio\_vti_cnf\aco-puentedeinkas8.jpg --> h1667152.stratoserver.net /httpdocs/bertichile/santurio/_vti_cnf aco-puentedeinkas8.jpg
2009.12.08 18:07 B Z:\home\Berti\public_html\www.berti-golf.de\bertichile\santurio\_vti_cnf\berti-cajon.jpg --> h1667152.stratoserver.net /httpdocs/bertichile/santurio/_vti_cnf berti-cajon.jpg
2009.12.08 18:07 B Z:\home\Berti\public_html\www.berti-golf.de\bertichile\santurio\_vti_cnf\berti-cajon_tn.jpg --> h1667152.stratoserver.net /httpdocs/bertichile/santurio/_vti_cnf berti-cajon_tn.jpg
2009.12.08 18:07 B Z:\home\Berti\public_html\www.berti-golf.de\bertichile\santurio\_vti_cnf\cajon1.jpg --> h1667152.stratoserver.net /httpdocs/bertichile/santurio/_vti_cnf cajon1.jpg
2009.12.08 18:07 B Z:\home\Berti\public_html\www.berti-golf.de\bertichile\santurio\_vti_cnf\cajon1_tn.jpg --> h1667152.stratoserver.net /httpdocs/bertichile/santurio/_vti_cnf cajon1_tn.jpg
2009.12.08 18:07 B Z:\home\Berti\public_html\www.berti-golf.de\bertichile\santurio\_vti_cnf\casa.jpg --> h1667152.stratoserver.net /httpdocs/bertichile/santurio/_vti_cnf casa.jpg
2009.12.08 18:07 B Z:\home\Berti\public_html\www.berti-golf.de\bertichile\santurio\_vti_cnf\casita.jpg --> h1667152.stratoserver.net /httpdocs/bertichile/santurio/_vti_cnf casita.jpg
2009.12.08 18:07 B Z:\home\Berti\public_html\www.berti-golf.de\bertichile\santurio\_vti_cnf\erdi-canon.jpg --> h1667152.stratoserver.net /httpdocs/bertichile/santurio/_vti_cnf erdi-canon.jpg
2009.12.08 18:07 B Z:\home\Berti\public_html\www.berti-golf.de\bertichile\santurio\_vti_cnf\erdi-canon_tn.jpg --> h1667152.stratoserver.net /httpdocs/bertichile/santurio/_vti_cnf erdi-canon_tn.jpg
2009.12.08 18:07 B Z:\home\Berti\public_html\www.berti-golf.de\bertichile\santurio\_vti_cnf\erdi-guni.jpg --> h1667152.stratoserver.net /httpdocs/bertichile/santurio/_vti_cnf erdi-guni.jpg
2009.12.08 18:07 B Z:\home\Berti\public_html\www.berti-golf.de\bertichile\santurio\_vti_cnf\erdi-guni_tn.jpg --> h1667152.stratoserver.net /httpdocs/bertichile/santurio/_vti_cnf erdi-guni_tn.jpg
2009.12.08 18:07 B Z:\home\Berti\public_html\www.berti-golf.de\bertichile\santurio\_vti_cnf\erdi-smog.jpg --> h1667152.stratoserver.net /httpdocs/bertichile/santurio/_vti_cnf erdi-smog.jpg
2009.12.08 18:07 B Z:\home\Berti\public_html\www.berti-golf.de\bertichile\santurio\_vti_cnf\erdi-smog_tn.jpg --> h1667152.stratoserver.net /httpdocs/bertichile/santurio/_vti_cnf erdi-smog_tn.jpg
2009.12.08 18:07 B Z:\home\Berti\public_html\www.berti-golf.de\bertichile\santurio\_vti_cnf\erdisacaunafoto.jpg --> h1667152.stratoserver.net /httpdocs/bertichile/santurio/_vti_cnf erdisacaunafoto.jpg
2009.12.08 18:07 B Z:\home\Berti\public_html\www.berti-golf.de\bertichile\santurio\_vti_cnf\guni-andar.jpg --> h1667152.stratoserver.net /httpdocs/bertichile/santurio/_vti_cnf guni-andar.jpg
2009.12.08 18:07 B Z:\home\Berti\public_html\www.berti-golf.de\bertichile\santurio\_vti_cnf\guni-andar_tn.jpg --> h1667152.stratoserver.net /httpdocs/bertichile/santurio/_vti_cnf guni-andar_tn.jpg
2009.12.08 18:07 B Z:\home\Berti\public_html\www.berti-golf.de\bertichile\santurio\_vti_cnf\guni-kaktus.jpg --> h1667152.stratoserver.net /httpdocs/bertichile/santurio/_vti_cnf guni-kaktus.jpg
2009.12.08 18:07 B Z:\home\Berti\public_html\www.berti-golf.de\bertichile\santurio\_vti_cnf\guni-kaktus_tn.jpg --> h1667152.stratoserver.net /httpdocs/bertichile/santurio/_vti_cnf guni-kaktus_tn.jpg
2009.12.08 18:07 B Z:\home\Berti\public_html\www.berti-golf.de\bertichile\santurio\_vti_cnf\kakteen.jpg --> h1667152.stratoserver.net /httpdocs/bertichile/santurio/_vti_cnf kakteen.jpg
2009.12.08 18:07 B Z:\home\Berti\public_html\www.berti-golf.de\bertichile\santurio\_vti_cnf\kakteen_tn.jpg --> h1667152.stratoserver.net /httpdocs/bertichile/santurio/_vti_cnf kakteen_tn.jpg
2009.12.08 18:07 B Z:\home\Berti\public_html\www.berti-golf.de\bertichile\santurio\_vti_cnf\santurio.html --> h1667152.stratoserver.net /httpdocs/bertichile/santurio/_vti_cnf santurio.html
2009.12.08 18:07 B Z:\home\Berti\public_html\www.berti-golf.de\bertichile\santurio\_vti_cnf\vorlage.html --> h1667152.stratoserver.net /httpdocs/bertichile/santurio/_vti_cnf vorlage.html
