2008.06.27 16:01 B K:\sicherung_webserver_h10__072008\berti-golf.de\public_html\bertichile\argentinia\acaoncaqua1.jpg <-- www.berti-golf.de /public_html/bertichile/argentinia acaoncaqua1.jpg
2008.06.27 16:01 B K:\sicherung_webserver_h10__072008\berti-golf.de\public_html\bertichile\argentinia\acaoncaqua1_tn.jpg <-- www.berti-golf.de /public_html/bertichile/argentinia acaoncaqua1_tn.jpg
2008.06.27 16:01 B K:\sicherung_webserver_h10__072008\berti-golf.de\public_html\bertichile\argentinia\aco-aconcagua.jpg <-- www.berti-golf.de /public_html/bertichile/argentinia aco-aconcagua.jpg
2008.06.27 16:01 B K:\sicherung_webserver_h10__072008\berti-golf.de\public_html\bertichile\argentinia\aco-aconcagua2.jpg <-- www.berti-golf.de /public_html/bertichile/argentinia aco-aconcagua2.jpg
2008.06.27 16:01 B K:\sicherung_webserver_h10__072008\berti-golf.de\public_html\bertichile\argentinia\aco-aconcagua2_tn.jpg <-- www.berti-golf.de /public_html/bertichile/argentinia aco-aconcagua2_tn.jpg
2008.06.27 16:01 B K:\sicherung_webserver_h10__072008\berti-golf.de\public_html\bertichile\argentinia\aco-aconcagua3.jpg <-- www.berti-golf.de /public_html/bertichile/argentinia aco-aconcagua3.jpg
2008.06.27 16:01 B K:\sicherung_webserver_h10__072008\berti-golf.de\public_html\bertichile\argentinia\aco-aconcagua3_tn.jpg <-- www.berti-golf.de /public_html/bertichile/argentinia aco-aconcagua3_tn.jpg
2008.06.27 16:02 B K:\sicherung_webserver_h10__072008\berti-golf.de\public_html\bertichile\argentinia\aco-aconcagua_tn.jpg <-- www.berti-golf.de /public_html/bertichile/argentinia aco-aconcagua_tn.jpg
2008.06.27 16:02 B K:\sicherung_webserver_h10__072008\berti-golf.de\public_html\bertichile\argentinia\aco-eisenbahn.jpg <-- www.berti-golf.de /public_html/bertichile/argentinia aco-eisenbahn.jpg
2008.06.27 16:02 B K:\sicherung_webserver_h10__072008\berti-golf.de\public_html\bertichile\argentinia\aco-eisenbahn_tn.jpg <-- www.berti-golf.de /public_html/bertichile/argentinia aco-eisenbahn_tn.jpg
2008.06.27 16:02 B K:\sicherung_webserver_h10__072008\berti-golf.de\public_html\bertichile\argentinia\aco-erdi-puente.jpg <-- www.berti-golf.de /public_html/bertichile/argentinia aco-erdi-puente.jpg
2008.06.27 16:02 B K:\sicherung_webserver_h10__072008\berti-golf.de\public_html\bertichile\argentinia\aco-erdi-puente_tn.jpg <-- www.berti-golf.de /public_html/bertichile/argentinia aco-erdi-puente_tn.jpg
2008.06.27 16:02 B K:\sicherung_webserver_h10__072008\berti-golf.de\public_html\bertichile\argentinia\aco-erdi.jpg <-- www.berti-golf.de /public_html/bertichile/argentinia aco-erdi.jpg
2008.06.27 16:02 B K:\sicherung_webserver_h10__072008\berti-golf.de\public_html\bertichile\argentinia\aco-erdi_tn.jpg <-- www.berti-golf.de /public_html/bertichile/argentinia aco-erdi_tn.jpg
2008.06.27 16:02 B K:\sicherung_webserver_h10__072008\berti-golf.de\public_html\bertichile\argentinia\aco-grupo1.jpg <-- www.berti-golf.de /public_html/bertichile/argentinia aco-grupo1.jpg
2008.06.27 16:02 B K:\sicherung_webserver_h10__072008\berti-golf.de\public_html\bertichile\argentinia\aco-grupo1_tn.jpg <-- www.berti-golf.de /public_html/bertichile/argentinia aco-grupo1_tn.jpg
2008.06.27 16:02 B K:\sicherung_webserver_h10__072008\berti-golf.de\public_html\bertichile\argentinia\aco-guni.jpg <-- www.berti-golf.de /public_html/bertichile/argentinia aco-guni.jpg
2008.06.27 16:02 B K:\sicherung_webserver_h10__072008\berti-golf.de\public_html\bertichile\argentinia\aco-guni_tn.jpg <-- www.berti-golf.de /public_html/bertichile/argentinia aco-guni_tn.jpg
2008.06.27 16:02 B K:\sicherung_webserver_h10__072008\berti-golf.de\public_html\bertichile\argentinia\aco-jeep.jpg <-- www.berti-golf.de /public_html/bertichile/argentinia aco-jeep.jpg
2008.06.27 16:02 B K:\sicherung_webserver_h10__072008\berti-golf.de\public_html\bertichile\argentinia\aco-jeep_tn.jpg <-- www.berti-golf.de /public_html/bertichile/argentinia aco-jeep_tn.jpg
2008.06.27 16:02 B K:\sicherung_webserver_h10__072008\berti-golf.de\public_html\bertichile\argentinia\aco-lagunadeinkas1.jpg <-- www.berti-golf.de /public_html/bertichile/argentinia aco-lagunadeinkas1.jpg
2008.06.27 16:02 B K:\sicherung_webserver_h10__072008\berti-golf.de\public_html\bertichile\argentinia\aco-lagunadeinkas1_tn.jpg <-- www.berti-golf.de /public_html/bertichile/argentinia aco-lagunadeinkas1_tn.jpg
2008.06.27 16:02 B K:\sicherung_webserver_h10__072008\berti-golf.de\public_html\bertichile\argentinia\aco-mamiconauto.jpg <-- www.berti-golf.de /public_html/bertichile/argentinia aco-mamiconauto.jpg
2008.06.27 16:02 B K:\sicherung_webserver_h10__072008\berti-golf.de\public_html\bertichile\argentinia\aco-mamiconauto_tn.jpg <-- www.berti-golf.de /public_html/bertichile/argentinia aco-mamiconauto_tn.jpg
2008.06.27 16:02 B K:\sicherung_webserver_h10__072008\berti-golf.de\public_html\bertichile\argentinia\aco-mamiconfoto.jpg <-- www.berti-golf.de /public_html/bertichile/argentinia aco-mamiconfoto.jpg
2008.06.27 16:02 B K:\sicherung_webserver_h10__072008\berti-golf.de\public_html\bertichile\argentinia\aco-mamiconfoto_tn.jpg <-- www.berti-golf.de /public_html/bertichile/argentinia aco-mamiconfoto_tn.jpg
2008.06.27 16:02 B K:\sicherung_webserver_h10__072008\berti-golf.de\public_html\bertichile\argentinia\aco-padres.jpg <-- www.berti-golf.de /public_html/bertichile/argentinia aco-padres.jpg
2008.06.27 16:02 B K:\sicherung_webserver_h10__072008\berti-golf.de\public_html\bertichile\argentinia\aco-padres1.jpg <-- www.berti-golf.de /public_html/bertichile/argentinia aco-padres1.jpg
2008.06.27 16:02 B K:\sicherung_webserver_h10__072008\berti-golf.de\public_html\bertichile\argentinia\aco-padres1_tn.jpg <-- www.berti-golf.de /public_html/bertichile/argentinia aco-padres1_tn.jpg
2008.06.27 16:02 B K:\sicherung_webserver_h10__072008\berti-golf.de\public_html\bertichile\argentinia\aco-padres_tn.jpg <-- www.berti-golf.de /public_html/bertichile/argentinia aco-padres_tn.jpg
2008.06.27 16:02 B K:\sicherung_webserver_h10__072008\berti-golf.de\public_html\bertichile\argentinia\aco-papel3.jpg <-- www.berti-golf.de /public_html/bertichile/argentinia aco-papel3.jpg
2008.06.27 16:02 B K:\sicherung_webserver_h10__072008\berti-golf.de\public_html\bertichile\argentinia\aco-papel3_tn.jpg <-- www.berti-golf.de /public_html/bertichile/argentinia aco-papel3_tn.jpg
2008.06.27 16:02 B K:\sicherung_webserver_h10__072008\berti-golf.de\public_html\bertichile\argentinia\aco-papel4.jpg <-- www.berti-golf.de /public_html/bertichile/argentinia aco-papel4.jpg
2008.06.27 16:02 B K:\sicherung_webserver_h10__072008\berti-golf.de\public_html\bertichile\argentinia\aco-papel4_tn.jpg <-- www.berti-golf.de /public_html/bertichile/argentinia aco-papel4_tn.jpg
2008.06.27 16:02 B K:\sicherung_webserver_h10__072008\berti-golf.de\public_html\bertichile\argentinia\aco-papel5.jpg <-- www.berti-golf.de /public_html/bertichile/argentinia aco-papel5.jpg
2008.06.27 16:02 B K:\sicherung_webserver_h10__072008\berti-golf.de\public_html\bertichile\argentinia\aco-papel5_tn.jpg <-- www.berti-golf.de /public_html/bertichile/argentinia aco-papel5_tn.jpg
2008.06.27 16:02 B K:\sicherung_webserver_h10__072008\berti-golf.de\public_html\bertichile\argentinia\aco-papel6.jpg <-- www.berti-golf.de /public_html/bertichile/argentinia aco-papel6.jpg
2008.06.27 16:02 B K:\sicherung_webserver_h10__072008\berti-golf.de\public_html\bertichile\argentinia\aco-papel6_tn.jpg <-- www.berti-golf.de /public_html/bertichile/argentinia aco-papel6_tn.jpg
2008.06.27 16:02 B K:\sicherung_webserver_h10__072008\berti-golf.de\public_html\bertichile\argentinia\aco-papi1.jpg <-- www.berti-golf.de /public_html/bertichile/argentinia aco-papi1.jpg
2008.06.27 16:02 B K:\sicherung_webserver_h10__072008\berti-golf.de\public_html\bertichile\argentinia\aco-papi1_tn.jpg <-- www.berti-golf.de /public_html/bertichile/argentinia aco-papi1_tn.jpg
2008.06.27 16:02 B K:\sicherung_webserver_h10__072008\berti-golf.de\public_html\bertichile\argentinia\aco-papi2.jpg <-- www.berti-golf.de /public_html/bertichile/argentinia aco-papi2.jpg
2008.06.27 16:02 B K:\sicherung_webserver_h10__072008\berti-golf.de\public_html\bertichile\argentinia\aco-papi2_tn.jpg <-- www.berti-golf.de /public_html/bertichile/argentinia aco-papi2_tn.jpg
2008.06.27 16:02 B K:\sicherung_webserver_h10__072008\berti-golf.de\public_html\bertichile\argentinia\aco-portillo1.jpg <-- www.berti-golf.de /public_html/bertichile/argentinia aco-portillo1.jpg
2008.06.27 16:02 B K:\sicherung_webserver_h10__072008\berti-golf.de\public_html\bertichile\argentinia\aco-portillo1_tn.jpg <-- www.berti-golf.de /public_html/bertichile/argentinia aco-portillo1_tn.jpg
2008.06.27 16:02 B K:\sicherung_webserver_h10__072008\berti-golf.de\public_html\bertichile\argentinia\aco-portillo2.jpg <-- www.berti-golf.de /public_html/bertichile/argentinia aco-portillo2.jpg
2008.06.27 16:02 B K:\sicherung_webserver_h10__072008\berti-golf.de\public_html\bertichile\argentinia\aco-portillo2_tn.jpg <-- www.berti-golf.de /public_html/bertichile/argentinia aco-portillo2_tn.jpg
2008.06.27 16:02 B K:\sicherung_webserver_h10__072008\berti-golf.de\public_html\bertichile\argentinia\aco-puente2.jpg <-- www.berti-golf.de /public_html/bertichile/argentinia aco-puente2.jpg
2008.06.27 16:02 B K:\sicherung_webserver_h10__072008\berti-golf.de\public_html\bertichile\argentinia\aco-puente2_tn.jpg <-- www.berti-golf.de /public_html/bertichile/argentinia aco-puente2_tn.jpg
2008.06.27 16:02 B K:\sicherung_webserver_h10__072008\berti-golf.de\public_html\bertichile\argentinia\aco-puentedeinkas10.jpg <-- www.berti-golf.de /public_html/bertichile/argentinia aco-puentedeinkas10.jpg
2008.06.27 16:02 B K:\sicherung_webserver_h10__072008\berti-golf.de\public_html\bertichile\argentinia\aco-puentedeinkas10_tn.jpg <-- www.berti-golf.de /public_html/bertichile/argentinia aco-puentedeinkas10_tn.jpg
2008.06.27 16:02 B K:\sicherung_webserver_h10__072008\berti-golf.de\public_html\bertichile\argentinia\aco-puentedeinkas12.jpg <-- www.berti-golf.de /public_html/bertichile/argentinia aco-puentedeinkas12.jpg
2008.06.27 16:02 B K:\sicherung_webserver_h10__072008\berti-golf.de\public_html\bertichile\argentinia\aco-puentedeinkas12_tn.jpg <-- www.berti-golf.de /public_html/bertichile/argentinia aco-puentedeinkas12_tn.jpg
2008.06.27 16:02 B K:\sicherung_webserver_h10__072008\berti-golf.de\public_html\bertichile\argentinia\aco-puentedeinkas13.jpg <-- www.berti-golf.de /public_html/bertichile/argentinia aco-puentedeinkas13.jpg
2008.06.27 16:02 B K:\sicherung_webserver_h10__072008\berti-golf.de\public_html\bertichile\argentinia\aco-puentedeinkas13_tn.jpg <-- www.berti-golf.de /public_html/bertichile/argentinia aco-puentedeinkas13_tn.jpg
2008.06.27 16:02 B K:\sicherung_webserver_h10__072008\berti-golf.de\public_html\bertichile\argentinia\aco-puentedeinkas18.jpg <-- www.berti-golf.de /public_html/bertichile/argentinia aco-puentedeinkas18.jpg
2008.06.27 16:02 B K:\sicherung_webserver_h10__072008\berti-golf.de\public_html\bertichile\argentinia\aco-puentedeinkas18_tn.jpg <-- www.berti-golf.de /public_html/bertichile/argentinia aco-puentedeinkas18_tn.jpg
2008.06.27 16:02 B K:\sicherung_webserver_h10__072008\berti-golf.de\public_html\bertichile\argentinia\aco-puentedeinkas2.jpg <-- www.berti-golf.de /public_html/bertichile/argentinia aco-puentedeinkas2.jpg
2008.06.27 16:02 B K:\sicherung_webserver_h10__072008\berti-golf.de\public_html\bertichile\argentinia\aco-puentedeinkas2_tn.jpg <-- www.berti-golf.de /public_html/bertichile/argentinia aco-puentedeinkas2_tn.jpg
2008.06.27 16:02 B K:\sicherung_webserver_h10__072008\berti-golf.de\public_html\bertichile\argentinia\aco-puentedeinkas4.jpg <-- www.berti-golf.de /public_html/bertichile/argentinia aco-puentedeinkas4.jpg
2008.06.27 16:02 B K:\sicherung_webserver_h10__072008\berti-golf.de\public_html\bertichile\argentinia\aco-puentedeinkas4_tn.jpg <-- www.berti-golf.de /public_html/bertichile/argentinia aco-puentedeinkas4_tn.jpg
2008.06.27 16:02 B K:\sicherung_webserver_h10__072008\berti-golf.de\public_html\bertichile\argentinia\aco-puentedeinkas5.jpg <-- www.berti-golf.de /public_html/bertichile/argentinia aco-puentedeinkas5.jpg
2008.06.27 16:02 B K:\sicherung_webserver_h10__072008\berti-golf.de\public_html\bertichile\argentinia\aco-puentedeinkas5_tn.jpg <-- www.berti-golf.de /public_html/bertichile/argentinia aco-puentedeinkas5_tn.jpg
2008.06.27 16:02 B K:\sicherung_webserver_h10__072008\berti-golf.de\public_html\bertichile\argentinia\aco-puentedeinkas7.jpg <-- www.berti-golf.de /public_html/bertichile/argentinia aco-puentedeinkas7.jpg
2008.06.27 16:02 B K:\sicherung_webserver_h10__072008\berti-golf.de\public_html\bertichile\argentinia\aco-puentedeinkas7_tn.jpg <-- www.berti-golf.de /public_html/bertichile/argentinia aco-puentedeinkas7_tn.jpg
2008.06.27 16:02 B K:\sicherung_webserver_h10__072008\berti-golf.de\public_html\bertichile\argentinia\argentinia.html <-- www.berti-golf.de /public_html/bertichile/argentinia argentinia.html
2008.06.27 16:02 B K:\sicherung_webserver_h10__072008\berti-golf.de\public_html\bertichile\argentinia\inka-vista1.jpg <-- www.berti-golf.de /public_html/bertichile/argentinia inka-vista1.jpg
2008.06.27 16:02 B K:\sicherung_webserver_h10__072008\berti-golf.de\public_html\bertichile\argentinia\inka-vista1_tn.jpg <-- www.berti-golf.de /public_html/bertichile/argentinia inka-vista1_tn.jpg
2008.06.27 16:03 B K:\sicherung_webserver_h10__072008\berti-golf.de\public_html\bertichile\argentinia\vorlage.html <-- www.berti-golf.de /public_html/bertichile/argentinia vorlage.html
2008.06.27 18:57 B K:\sicherung_webserver_h10__072008\berti-golf.de\public_html\bertichile\argentinia\acaoncaqua1.jpg --> bertigolfde.h1403220.stratoserver.net /public_html/bertichile/argentinia acaoncaqua1.jpg
2008.06.27 18:57 B K:\sicherung_webserver_h10__072008\berti-golf.de\public_html\bertichile\argentinia\acaoncaqua1_tn.jpg --> bertigolfde.h1403220.stratoserver.net /public_html/bertichile/argentinia acaoncaqua1_tn.jpg
2008.06.27 18:57 B K:\sicherung_webserver_h10__072008\berti-golf.de\public_html\bertichile\argentinia\aco-aconcagua.jpg --> bertigolfde.h1403220.stratoserver.net /public_html/bertichile/argentinia aco-aconcagua.jpg
2008.06.27 18:57 B K:\sicherung_webserver_h10__072008\berti-golf.de\public_html\bertichile\argentinia\aco-aconcagua2.jpg --> bertigolfde.h1403220.stratoserver.net /public_html/bertichile/argentinia aco-aconcagua2.jpg
2008.06.27 18:57 B K:\sicherung_webserver_h10__072008\berti-golf.de\public_html\bertichile\argentinia\aco-aconcagua2_tn.jpg --> bertigolfde.h1403220.stratoserver.net /public_html/bertichile/argentinia aco-aconcagua2_tn.jpg
2008.06.27 18:58 B K:\sicherung_webserver_h10__072008\berti-golf.de\public_html\bertichile\argentinia\aco-aconcagua3.jpg --> bertigolfde.h1403220.stratoserver.net /public_html/bertichile/argentinia aco-aconcagua3.jpg
2008.06.27 18:58 B K:\sicherung_webserver_h10__072008\berti-golf.de\public_html\bertichile\argentinia\aco-aconcagua3_tn.jpg --> bertigolfde.h1403220.stratoserver.net /public_html/bertichile/argentinia aco-aconcagua3_tn.jpg
2008.06.27 18:58 B K:\sicherung_webserver_h10__072008\berti-golf.de\public_html\bertichile\argentinia\aco-aconcagua_tn.jpg --> bertigolfde.h1403220.stratoserver.net /public_html/bertichile/argentinia aco-aconcagua_tn.jpg
2008.06.27 18:58 B K:\sicherung_webserver_h10__072008\berti-golf.de\public_html\bertichile\argentinia\aco-eisenbahn.jpg --> bertigolfde.h1403220.stratoserver.net /public_html/bertichile/argentinia aco-eisenbahn.jpg
2008.06.27 18:58 B K:\sicherung_webserver_h10__072008\berti-golf.de\public_html\bertichile\argentinia\aco-eisenbahn_tn.jpg --> bertigolfde.h1403220.stratoserver.net /public_html/bertichile/argentinia aco-eisenbahn_tn.jpg
2008.06.27 18:58 B K:\sicherung_webserver_h10__072008\berti-golf.de\public_html\bertichile\argentinia\aco-erdi-puente.jpg --> bertigolfde.h1403220.stratoserver.net /public_html/bertichile/argentinia aco-erdi-puente.jpg
2008.06.27 18:58 B K:\sicherung_webserver_h10__072008\berti-golf.de\public_html\bertichile\argentinia\aco-erdi-puente_tn.jpg --> bertigolfde.h1403220.stratoserver.net /public_html/bertichile/argentinia aco-erdi-puente_tn.jpg
2008.06.27 18:58 B K:\sicherung_webserver_h10__072008\berti-golf.de\public_html\bertichile\argentinia\aco-erdi.jpg --> bertigolfde.h1403220.stratoserver.net /public_html/bertichile/argentinia aco-erdi.jpg
2008.06.27 18:58 B K:\sicherung_webserver_h10__072008\berti-golf.de\public_html\bertichile\argentinia\aco-erdi_tn.jpg --> bertigolfde.h1403220.stratoserver.net /public_html/bertichile/argentinia aco-erdi_tn.jpg
2008.06.27 18:58 B K:\sicherung_webserver_h10__072008\berti-golf.de\public_html\bertichile\argentinia\aco-grupo1.jpg --> bertigolfde.h1403220.stratoserver.net /public_html/bertichile/argentinia aco-grupo1.jpg
2008.06.27 18:58 B K:\sicherung_webserver_h10__072008\berti-golf.de\public_html\bertichile\argentinia\aco-grupo1_tn.jpg --> bertigolfde.h1403220.stratoserver.net /public_html/bertichile/argentinia aco-grupo1_tn.jpg
2008.06.27 18:58 B K:\sicherung_webserver_h10__072008\berti-golf.de\public_html\bertichile\argentinia\aco-guni.jpg --> bertigolfde.h1403220.stratoserver.net /public_html/bertichile/argentinia aco-guni.jpg
2008.06.27 18:58 B K:\sicherung_webserver_h10__072008\berti-golf.de\public_html\bertichile\argentinia\aco-guni_tn.jpg --> bertigolfde.h1403220.stratoserver.net /public_html/bertichile/argentinia aco-guni_tn.jpg
2008.06.27 18:58 B K:\sicherung_webserver_h10__072008\berti-golf.de\public_html\bertichile\argentinia\aco-jeep.jpg --> bertigolfde.h1403220.stratoserver.net /public_html/bertichile/argentinia aco-jeep.jpg
2008.06.27 18:58 B K:\sicherung_webserver_h10__072008\berti-golf.de\public_html\bertichile\argentinia\aco-jeep_tn.jpg --> bertigolfde.h1403220.stratoserver.net /public_html/bertichile/argentinia aco-jeep_tn.jpg
2008.06.27 18:58 B K:\sicherung_webserver_h10__072008\berti-golf.de\public_html\bertichile\argentinia\aco-lagunadeinkas1.jpg --> bertigolfde.h1403220.stratoserver.net /public_html/bertichile/argentinia aco-lagunadeinkas1.jpg
2008.06.27 18:58 B K:\sicherung_webserver_h10__072008\berti-golf.de\public_html\bertichile\argentinia\aco-lagunadeinkas1_tn.jpg --> bertigolfde.h1403220.stratoserver.net /public_html/bertichile/argentinia aco-lagunadeinkas1_tn.jpg
2008.06.27 18:59 B K:\sicherung_webserver_h10__072008\berti-golf.de\public_html\bertichile\argentinia\aco-mamiconauto.jpg --> bertigolfde.h1403220.stratoserver.net /public_html/bertichile/argentinia aco-mamiconauto.jpg
2008.06.27 18:59 B K:\sicherung_webserver_h10__072008\berti-golf.de\public_html\bertichile\argentinia\aco-mamiconauto_tn.jpg --> bertigolfde.h1403220.stratoserver.net /public_html/bertichile/argentinia aco-mamiconauto_tn.jpg
2008.06.27 18:59 B K:\sicherung_webserver_h10__072008\berti-golf.de\public_html\bertichile\argentinia\aco-mamiconfoto.jpg --> bertigolfde.h1403220.stratoserver.net /public_html/bertichile/argentinia aco-mamiconfoto.jpg
2008.06.27 18:59 B K:\sicherung_webserver_h10__072008\berti-golf.de\public_html\bertichile\argentinia\aco-mamiconfoto_tn.jpg --> bertigolfde.h1403220.stratoserver.net /public_html/bertichile/argentinia aco-mamiconfoto_tn.jpg
2008.06.27 18:59 B K:\sicherung_webserver_h10__072008\berti-golf.de\public_html\bertichile\argentinia\aco-padres.jpg --> bertigolfde.h1403220.stratoserver.net /public_html/bertichile/argentinia aco-padres.jpg
2008.06.27 18:59 B K:\sicherung_webserver_h10__072008\berti-golf.de\public_html\bertichile\argentinia\aco-padres1.jpg --> bertigolfde.h1403220.stratoserver.net /public_html/bertichile/argentinia aco-padres1.jpg
2008.06.27 18:59 B K:\sicherung_webserver_h10__072008\berti-golf.de\public_html\bertichile\argentinia\aco-padres1_tn.jpg --> bertigolfde.h1403220.stratoserver.net /public_html/bertichile/argentinia aco-padres1_tn.jpg
2008.06.27 18:59 B K:\sicherung_webserver_h10__072008\berti-golf.de\public_html\bertichile\argentinia\aco-padres_tn.jpg --> bertigolfde.h1403220.stratoserver.net /public_html/bertichile/argentinia aco-padres_tn.jpg
2008.06.27 18:59 B K:\sicherung_webserver_h10__072008\berti-golf.de\public_html\bertichile\argentinia\aco-papel3.jpg --> bertigolfde.h1403220.stratoserver.net /public_html/bertichile/argentinia aco-papel3.jpg
2008.06.27 18:59 B K:\sicherung_webserver_h10__072008\berti-golf.de\public_html\bertichile\argentinia\aco-papel3_tn.jpg --> bertigolfde.h1403220.stratoserver.net /public_html/bertichile/argentinia aco-papel3_tn.jpg
2008.06.27 18:59 B K:\sicherung_webserver_h10__072008\berti-golf.de\public_html\bertichile\argentinia\aco-papel4.jpg --> bertigolfde.h1403220.stratoserver.net /public_html/bertichile/argentinia aco-papel4.jpg
2008.06.27 18:59 B K:\sicherung_webserver_h10__072008\berti-golf.de\public_html\bertichile\argentinia\aco-papel4_tn.jpg --> bertigolfde.h1403220.stratoserver.net /public_html/bertichile/argentinia aco-papel4_tn.jpg
2008.06.27 18:59 B K:\sicherung_webserver_h10__072008\berti-golf.de\public_html\bertichile\argentinia\aco-papel5.jpg --> bertigolfde.h1403220.stratoserver.net /public_html/bertichile/argentinia aco-papel5.jpg
2008.06.27 18:59 B K:\sicherung_webserver_h10__072008\berti-golf.de\public_html\bertichile\argentinia\aco-papel5_tn.jpg --> bertigolfde.h1403220.stratoserver.net /public_html/bertichile/argentinia aco-papel5_tn.jpg
2008.06.27 18:59 B K:\sicherung_webserver_h10__072008\berti-golf.de\public_html\bertichile\argentinia\aco-papel6.jpg --> bertigolfde.h1403220.stratoserver.net /public_html/bertichile/argentinia aco-papel6.jpg
2008.06.27 18:59 B K:\sicherung_webserver_h10__072008\berti-golf.de\public_html\bertichile\argentinia\aco-papel6_tn.jpg --> bertigolfde.h1403220.stratoserver.net /public_html/bertichile/argentinia aco-papel6_tn.jpg
2008.06.27 18:59 B K:\sicherung_webserver_h10__072008\berti-golf.de\public_html\bertichile\argentinia\aco-papi1.jpg --> bertigolfde.h1403220.stratoserver.net /public_html/bertichile/argentinia aco-papi1.jpg
2008.06.27 18:59 B K:\sicherung_webserver_h10__072008\berti-golf.de\public_html\bertichile\argentinia\aco-papi1_tn.jpg --> bertigolfde.h1403220.stratoserver.net /public_html/bertichile/argentinia aco-papi1_tn.jpg
2008.06.27 19:00 B K:\sicherung_webserver_h10__072008\berti-golf.de\public_html\bertichile\argentinia\aco-papi2.jpg --> bertigolfde.h1403220.stratoserver.net /public_html/bertichile/argentinia aco-papi2.jpg
2008.06.27 19:00 B K:\sicherung_webserver_h10__072008\berti-golf.de\public_html\bertichile\argentinia\aco-papi2_tn.jpg --> bertigolfde.h1403220.stratoserver.net /public_html/bertichile/argentinia aco-papi2_tn.jpg
2008.06.27 19:00 B K:\sicherung_webserver_h10__072008\berti-golf.de\public_html\bertichile\argentinia\aco-portillo1.jpg --> bertigolfde.h1403220.stratoserver.net /public_html/bertichile/argentinia aco-portillo1.jpg
2008.06.27 19:00 B K:\sicherung_webserver_h10__072008\berti-golf.de\public_html\bertichile\argentinia\aco-portillo1_tn.jpg --> bertigolfde.h1403220.stratoserver.net /public_html/bertichile/argentinia aco-portillo1_tn.jpg
2008.06.27 19:00 B K:\sicherung_webserver_h10__072008\berti-golf.de\public_html\bertichile\argentinia\aco-portillo2.jpg --> bertigolfde.h1403220.stratoserver.net /public_html/bertichile/argentinia aco-portillo2.jpg
2008.06.27 19:00 B K:\sicherung_webserver_h10__072008\berti-golf.de\public_html\bertichile\argentinia\aco-portillo2_tn.jpg --> bertigolfde.h1403220.stratoserver.net /public_html/bertichile/argentinia aco-portillo2_tn.jpg
2008.06.27 19:00 B K:\sicherung_webserver_h10__072008\berti-golf.de\public_html\bertichile\argentinia\aco-puente2.jpg --> bertigolfde.h1403220.stratoserver.net /public_html/bertichile/argentinia aco-puente2.jpg
2008.06.27 19:00 B K:\sicherung_webserver_h10__072008\berti-golf.de\public_html\bertichile\argentinia\aco-puente2_tn.jpg --> bertigolfde.h1403220.stratoserver.net /public_html/bertichile/argentinia aco-puente2_tn.jpg
2008.06.27 19:00 B K:\sicherung_webserver_h10__072008\berti-golf.de\public_html\bertichile\argentinia\aco-puentedeinkas10.jpg --> bertigolfde.h1403220.stratoserver.net /public_html/bertichile/argentinia aco-puentedeinkas10.jpg
2008.06.27 19:00 B K:\sicherung_webserver_h10__072008\berti-golf.de\public_html\bertichile\argentinia\aco-puentedeinkas10_tn.jpg --> bertigolfde.h1403220.stratoserver.net /public_html/bertichile/argentinia aco-puentedeinkas10_tn.jpg
2008.06.27 19:00 B K:\sicherung_webserver_h10__072008\berti-golf.de\public_html\bertichile\argentinia\aco-puentedeinkas12.jpg --> bertigolfde.h1403220.stratoserver.net /public_html/bertichile/argentinia aco-puentedeinkas12.jpg
2008.06.27 19:00 B K:\sicherung_webserver_h10__072008\berti-golf.de\public_html\bertichile\argentinia\aco-puentedeinkas12_tn.jpg --> bertigolfde.h1403220.stratoserver.net /public_html/bertichile/argentinia aco-puentedeinkas12_tn.jpg
2008.06.27 19:00 B K:\sicherung_webserver_h10__072008\berti-golf.de\public_html\bertichile\argentinia\aco-puentedeinkas13.jpg --> bertigolfde.h1403220.stratoserver.net /public_html/bertichile/argentinia aco-puentedeinkas13.jpg
2008.06.27 19:00 B K:\sicherung_webserver_h10__072008\berti-golf.de\public_html\bertichile\argentinia\aco-puentedeinkas13_tn.jpg --> bertigolfde.h1403220.stratoserver.net /public_html/bertichile/argentinia aco-puentedeinkas13_tn.jpg
2008.06.27 19:00 B K:\sicherung_webserver_h10__072008\berti-golf.de\public_html\bertichile\argentinia\aco-puentedeinkas18.jpg --> bertigolfde.h1403220.stratoserver.net /public_html/bertichile/argentinia aco-puentedeinkas18.jpg
2008.06.27 19:00 B K:\sicherung_webserver_h10__072008\berti-golf.de\public_html\bertichile\argentinia\aco-puentedeinkas18_tn.jpg --> bertigolfde.h1403220.stratoserver.net /public_html/bertichile/argentinia aco-puentedeinkas18_tn.jpg
2008.06.27 19:00 B K:\sicherung_webserver_h10__072008\berti-golf.de\public_html\bertichile\argentinia\aco-puentedeinkas2.jpg --> bertigolfde.h1403220.stratoserver.net /public_html/bertichile/argentinia aco-puentedeinkas2.jpg
2008.06.27 19:00 B K:\sicherung_webserver_h10__072008\berti-golf.de\public_html\bertichile\argentinia\aco-puentedeinkas2_tn.jpg --> bertigolfde.h1403220.stratoserver.net /public_html/bertichile/argentinia aco-puentedeinkas2_tn.jpg
2008.06.27 19:01 B K:\sicherung_webserver_h10__072008\berti-golf.de\public_html\bertichile\argentinia\aco-puentedeinkas4.jpg --> bertigolfde.h1403220.stratoserver.net /public_html/bertichile/argentinia aco-puentedeinkas4.jpg
2008.06.27 19:01 B K:\sicherung_webserver_h10__072008\berti-golf.de\public_html\bertichile\argentinia\aco-puentedeinkas4_tn.jpg --> bertigolfde.h1403220.stratoserver.net /public_html/bertichile/argentinia aco-puentedeinkas4_tn.jpg
2008.06.27 19:01 B K:\sicherung_webserver_h10__072008\berti-golf.de\public_html\bertichile\argentinia\aco-puentedeinkas5.jpg --> bertigolfde.h1403220.stratoserver.net /public_html/bertichile/argentinia aco-puentedeinkas5.jpg
2008.06.27 19:01 B K:\sicherung_webserver_h10__072008\berti-golf.de\public_html\bertichile\argentinia\aco-puentedeinkas5_tn.jpg --> bertigolfde.h1403220.stratoserver.net /public_html/bertichile/argentinia aco-puentedeinkas5_tn.jpg
2008.06.27 19:01 B K:\sicherung_webserver_h10__072008\berti-golf.de\public_html\bertichile\argentinia\aco-puentedeinkas7.jpg --> bertigolfde.h1403220.stratoserver.net /public_html/bertichile/argentinia aco-puentedeinkas7.jpg
2008.06.27 19:01 B K:\sicherung_webserver_h10__072008\berti-golf.de\public_html\bertichile\argentinia\aco-puentedeinkas7_tn.jpg --> bertigolfde.h1403220.stratoserver.net /public_html/bertichile/argentinia aco-puentedeinkas7_tn.jpg
2008.06.27 19:01 B K:\sicherung_webserver_h10__072008\berti-golf.de\public_html\bertichile\argentinia\argentinia.html --> bertigolfde.h1403220.stratoserver.net /public_html/bertichile/argentinia argentinia.html
2008.06.27 19:01 B K:\sicherung_webserver_h10__072008\berti-golf.de\public_html\bertichile\argentinia\inka-vista1.jpg --> bertigolfde.h1403220.stratoserver.net /public_html/bertichile/argentinia inka-vista1.jpg
2008.06.27 19:01 B K:\sicherung_webserver_h10__072008\berti-golf.de\public_html\bertichile\argentinia\inka-vista1_tn.jpg --> bertigolfde.h1403220.stratoserver.net /public_html/bertichile/argentinia inka-vista1_tn.jpg
2008.06.27 19:01 B K:\sicherung_webserver_h10__072008\berti-golf.de\public_html\bertichile\argentinia\vorlage.html --> bertigolfde.h1403220.stratoserver.net /public_html/bertichile/argentinia vorlage.html
2009.05.01 07:08 B Z:\home\Berti\public_html\www.berti-golf.de\bertichile\argentinia\WS_FTP.LOG <-- bertigolfde.h1403220.stratoserver.net /public_html/bertichile/argentinia WS_FTP.LOG
2009.12.08 17:51 B Z:\home\Berti\public_html\www.berti-golf.de\bertichile\argentinia\acaoncaqua1.jpg --> h1667152.stratoserver.net /httpdocs/bertichile/argentinia acaoncaqua1.jpg
2009.12.08 17:51 B Z:\home\Berti\public_html\www.berti-golf.de\bertichile\argentinia\acaoncaqua1_tn.jpg --> h1667152.stratoserver.net /httpdocs/bertichile/argentinia acaoncaqua1_tn.jpg
2009.12.08 17:51 B Z:\home\Berti\public_html\www.berti-golf.de\bertichile\argentinia\aco-aconcagua.jpg --> h1667152.stratoserver.net /httpdocs/bertichile/argentinia aco-aconcagua.jpg
2009.12.08 17:51 B Z:\home\Berti\public_html\www.berti-golf.de\bertichile\argentinia\aco-aconcagua2.jpg --> h1667152.stratoserver.net /httpdocs/bertichile/argentinia aco-aconcagua2.jpg
2009.12.08 17:51 B Z:\home\Berti\public_html\www.berti-golf.de\bertichile\argentinia\aco-aconcagua2_tn.jpg --> h1667152.stratoserver.net /httpdocs/bertichile/argentinia aco-aconcagua2_tn.jpg
2009.12.08 17:51 B Z:\home\Berti\public_html\www.berti-golf.de\bertichile\argentinia\aco-aconcagua3.jpg --> h1667152.stratoserver.net /httpdocs/bertichile/argentinia aco-aconcagua3.jpg
2009.12.08 17:51 B Z:\home\Berti\public_html\www.berti-golf.de\bertichile\argentinia\aco-aconcagua3_tn.jpg --> h1667152.stratoserver.net /httpdocs/bertichile/argentinia aco-aconcagua3_tn.jpg
2009.12.08 17:51 B Z:\home\Berti\public_html\www.berti-golf.de\bertichile\argentinia\aco-aconcagua_tn.jpg --> h1667152.stratoserver.net /httpdocs/bertichile/argentinia aco-aconcagua_tn.jpg
2009.12.08 17:51 B Z:\home\Berti\public_html\www.berti-golf.de\bertichile\argentinia\aco-eisenbahn.jpg --> h1667152.stratoserver.net /httpdocs/bertichile/argentinia aco-eisenbahn.jpg
2009.12.08 17:51 B Z:\home\Berti\public_html\www.berti-golf.de\bertichile\argentinia\aco-eisenbahn_tn.jpg --> h1667152.stratoserver.net /httpdocs/bertichile/argentinia aco-eisenbahn_tn.jpg
2009.12.08 17:51 B Z:\home\Berti\public_html\www.berti-golf.de\bertichile\argentinia\aco-erdi-puente.jpg --> h1667152.stratoserver.net /httpdocs/bertichile/argentinia aco-erdi-puente.jpg
2009.12.08 17:51 B Z:\home\Berti\public_html\www.berti-golf.de\bertichile\argentinia\aco-erdi-puente_tn.jpg --> h1667152.stratoserver.net /httpdocs/bertichile/argentinia aco-erdi-puente_tn.jpg
2009.12.08 17:51 B Z:\home\Berti\public_html\www.berti-golf.de\bertichile\argentinia\aco-erdi.jpg --> h1667152.stratoserver.net /httpdocs/bertichile/argentinia aco-erdi.jpg
2009.12.08 17:51 B Z:\home\Berti\public_html\www.berti-golf.de\bertichile\argentinia\aco-erdi_tn.jpg --> h1667152.stratoserver.net /httpdocs/bertichile/argentinia aco-erdi_tn.jpg
2009.12.08 17:51 B Z:\home\Berti\public_html\www.berti-golf.de\bertichile\argentinia\aco-grupo1.jpg --> h1667152.stratoserver.net /httpdocs/bertichile/argentinia aco-grupo1.jpg
2009.12.08 17:51 B Z:\home\Berti\public_html\www.berti-golf.de\bertichile\argentinia\aco-grupo1_tn.jpg --> h1667152.stratoserver.net /httpdocs/bertichile/argentinia aco-grupo1_tn.jpg
2009.12.08 17:51 B Z:\home\Berti\public_html\www.berti-golf.de\bertichile\argentinia\aco-guni.jpg --> h1667152.stratoserver.net /httpdocs/bertichile/argentinia aco-guni.jpg
2009.12.08 17:51 B Z:\home\Berti\public_html\www.berti-golf.de\bertichile\argentinia\aco-guni_tn.jpg --> h1667152.stratoserver.net /httpdocs/bertichile/argentinia aco-guni_tn.jpg
2009.12.08 17:51 B Z:\home\Berti\public_html\www.berti-golf.de\bertichile\argentinia\aco-jeep.jpg --> h1667152.stratoserver.net /httpdocs/bertichile/argentinia aco-jeep.jpg
2009.12.08 17:51 B Z:\home\Berti\public_html\www.berti-golf.de\bertichile\argentinia\aco-jeep_tn.jpg --> h1667152.stratoserver.net /httpdocs/bertichile/argentinia aco-jeep_tn.jpg
2009.12.08 17:51 B Z:\home\Berti\public_html\www.berti-golf.de\bertichile\argentinia\aco-lagunadeinkas1.jpg --> h1667152.stratoserver.net /httpdocs/bertichile/argentinia aco-lagunadeinkas1.jpg
2009.12.08 17:51 B Z:\home\Berti\public_html\www.berti-golf.de\bertichile\argentinia\aco-lagunadeinkas1_tn.jpg --> h1667152.stratoserver.net /httpdocs/bertichile/argentinia aco-lagunadeinkas1_tn.jpg
2009.12.08 17:51 B Z:\home\Berti\public_html\www.berti-golf.de\bertichile\argentinia\aco-mamiconauto.jpg --> h1667152.stratoserver.net /httpdocs/bertichile/argentinia aco-mamiconauto.jpg
2009.12.08 17:51 B Z:\home\Berti\public_html\www.berti-golf.de\bertichile\argentinia\aco-mamiconauto_tn.jpg --> h1667152.stratoserver.net /httpdocs/bertichile/argentinia aco-mamiconauto_tn.jpg
2009.12.08 17:51 B Z:\home\Berti\public_html\www.berti-golf.de\bertichile\argentinia\aco-mamiconfoto.jpg --> h1667152.stratoserver.net /httpdocs/bertichile/argentinia aco-mamiconfoto.jpg
2009.12.08 17:51 B Z:\home\Berti\public_html\www.berti-golf.de\bertichile\argentinia\aco-mamiconfoto_tn.jpg --> h1667152.stratoserver.net /httpdocs/bertichile/argentinia aco-mamiconfoto_tn.jpg
2009.12.08 17:51 B Z:\home\Berti\public_html\www.berti-golf.de\bertichile\argentinia\aco-padres.jpg --> h1667152.stratoserver.net /httpdocs/bertichile/argentinia aco-padres.jpg
2009.12.08 17:51 B Z:\home\Berti\public_html\www.berti-golf.de\bertichile\argentinia\aco-padres1.jpg --> h1667152.stratoserver.net /httpdocs/bertichile/argentinia aco-padres1.jpg
2009.12.08 17:51 B Z:\home\Berti\public_html\www.berti-golf.de\bertichile\argentinia\aco-padres1_tn.jpg --> h1667152.stratoserver.net /httpdocs/bertichile/argentinia aco-padres1_tn.jpg
2009.12.08 17:51 B Z:\home\Berti\public_html\www.berti-golf.de\bertichile\argentinia\aco-padres_tn.jpg --> h1667152.stratoserver.net /httpdocs/bertichile/argentinia aco-padres_tn.jpg
2009.12.08 17:52 B Z:\home\Berti\public_html\www.berti-golf.de\bertichile\argentinia\aco-papel3.jpg --> h1667152.stratoserver.net /httpdocs/bertichile/argentinia aco-papel3.jpg
2009.12.08 17:52 B Z:\home\Berti\public_html\www.berti-golf.de\bertichile\argentinia\aco-papel3_tn.jpg --> h1667152.stratoserver.net /httpdocs/bertichile/argentinia aco-papel3_tn.jpg
2009.12.08 17:52 B Z:\home\Berti\public_html\www.berti-golf.de\bertichile\argentinia\aco-papel4.jpg --> h1667152.stratoserver.net /httpdocs/bertichile/argentinia aco-papel4.jpg
2009.12.08 17:52 B Z:\home\Berti\public_html\www.berti-golf.de\bertichile\argentinia\aco-papel4_tn.jpg --> h1667152.stratoserver.net /httpdocs/bertichile/argentinia aco-papel4_tn.jpg
2009.12.08 17:52 B Z:\home\Berti\public_html\www.berti-golf.de\bertichile\argentinia\aco-papel5.jpg --> h1667152.stratoserver.net /httpdocs/bertichile/argentinia aco-papel5.jpg
2009.12.08 17:52 B Z:\home\Berti\public_html\www.berti-golf.de\bertichile\argentinia\aco-papel5_tn.jpg --> h1667152.stratoserver.net /httpdocs/bertichile/argentinia aco-papel5_tn.jpg
2009.12.08 17:52 B Z:\home\Berti\public_html\www.berti-golf.de\bertichile\argentinia\aco-papel6.jpg --> h1667152.stratoserver.net /httpdocs/bertichile/argentinia aco-papel6.jpg
2009.12.08 17:52 B Z:\home\Berti\public_html\www.berti-golf.de\bertichile\argentinia\aco-papel6_tn.jpg --> h1667152.stratoserver.net /httpdocs/bertichile/argentinia aco-papel6_tn.jpg
2009.12.08 17:52 B Z:\home\Berti\public_html\www.berti-golf.de\bertichile\argentinia\aco-papi1.jpg --> h1667152.stratoserver.net /httpdocs/bertichile/argentinia aco-papi1.jpg
2009.12.08 17:52 B Z:\home\Berti\public_html\www.berti-golf.de\bertichile\argentinia\aco-papi1_tn.jpg --> h1667152.stratoserver.net /httpdocs/bertichile/argentinia aco-papi1_tn.jpg
2009.12.08 17:52 B Z:\home\Berti\public_html\www.berti-golf.de\bertichile\argentinia\aco-papi2.jpg --> h1667152.stratoserver.net /httpdocs/bertichile/argentinia aco-papi2.jpg
2009.12.08 17:52 B Z:\home\Berti\public_html\www.berti-golf.de\bertichile\argentinia\aco-papi2_tn.jpg --> h1667152.stratoserver.net /httpdocs/bertichile/argentinia aco-papi2_tn.jpg
2009.12.08 17:52 B Z:\home\Berti\public_html\www.berti-golf.de\bertichile\argentinia\aco-portillo1.jpg --> h1667152.stratoserver.net /httpdocs/bertichile/argentinia aco-portillo1.jpg
2009.12.08 17:52 B Z:\home\Berti\public_html\www.berti-golf.de\bertichile\argentinia\aco-portillo1_tn.jpg --> h1667152.stratoserver.net /httpdocs/bertichile/argentinia aco-portillo1_tn.jpg
2009.12.08 17:52 B Z:\home\Berti\public_html\www.berti-golf.de\bertichile\argentinia\aco-portillo2.jpg --> h1667152.stratoserver.net /httpdocs/bertichile/argentinia aco-portillo2.jpg
2009.12.08 17:52 B Z:\home\Berti\public_html\www.berti-golf.de\bertichile\argentinia\aco-portillo2_tn.jpg --> h1667152.stratoserver.net /httpdocs/bertichile/argentinia aco-portillo2_tn.jpg
2009.12.08 17:52 B Z:\home\Berti\public_html\www.berti-golf.de\bertichile\argentinia\aco-puente2.jpg --> h1667152.stratoserver.net /httpdocs/bertichile/argentinia aco-puente2.jpg
2009.12.08 17:52 B Z:\home\Berti\public_html\www.berti-golf.de\bertichile\argentinia\aco-puente2_tn.jpg --> h1667152.stratoserver.net /httpdocs/bertichile/argentinia aco-puente2_tn.jpg
2009.12.08 17:52 B Z:\home\Berti\public_html\www.berti-golf.de\bertichile\argentinia\aco-puentedeinkas10.jpg --> h1667152.stratoserver.net /httpdocs/bertichile/argentinia aco-puentedeinkas10.jpg
2009.12.08 17:52 B Z:\home\Berti\public_html\www.berti-golf.de\bertichile\argentinia\aco-puentedeinkas10_tn.jpg --> h1667152.stratoserver.net /httpdocs/bertichile/argentinia aco-puentedeinkas10_tn.jpg
2009.12.08 17:52 B Z:\home\Berti\public_html\www.berti-golf.de\bertichile\argentinia\aco-puentedeinkas12.jpg --> h1667152.stratoserver.net /httpdocs/bertichile/argentinia aco-puentedeinkas12.jpg
2009.12.08 17:52 B Z:\home\Berti\public_html\www.berti-golf.de\bertichile\argentinia\aco-puentedeinkas12_tn.jpg --> h1667152.stratoserver.net /httpdocs/bertichile/argentinia aco-puentedeinkas12_tn.jpg
2009.12.08 17:52 B Z:\home\Berti\public_html\www.berti-golf.de\bertichile\argentinia\aco-puentedeinkas13.jpg --> h1667152.stratoserver.net /httpdocs/bertichile/argentinia aco-puentedeinkas13.jpg
2009.12.08 17:52 B Z:\home\Berti\public_html\www.berti-golf.de\bertichile\argentinia\aco-puentedeinkas13_tn.jpg --> h1667152.stratoserver.net /httpdocs/bertichile/argentinia aco-puentedeinkas13_tn.jpg
2009.12.08 17:52 B Z:\home\Berti\public_html\www.berti-golf.de\bertichile\argentinia\aco-puentedeinkas18.jpg --> h1667152.stratoserver.net /httpdocs/bertichile/argentinia aco-puentedeinkas18.jpg
2009.12.08 17:52 B Z:\home\Berti\public_html\www.berti-golf.de\bertichile\argentinia\aco-puentedeinkas18_tn.jpg --> h1667152.stratoserver.net /httpdocs/bertichile/argentinia aco-puentedeinkas18_tn.jpg
2009.12.08 17:52 B Z:\home\Berti\public_html\www.berti-golf.de\bertichile\argentinia\aco-puentedeinkas2.jpg --> h1667152.stratoserver.net /httpdocs/bertichile/argentinia aco-puentedeinkas2.jpg
2009.12.08 17:52 B Z:\home\Berti\public_html\www.berti-golf.de\bertichile\argentinia\aco-puentedeinkas2_tn.jpg --> h1667152.stratoserver.net /httpdocs/bertichile/argentinia aco-puentedeinkas2_tn.jpg
2009.12.08 17:52 B Z:\home\Berti\public_html\www.berti-golf.de\bertichile\argentinia\aco-puentedeinkas4.jpg --> h1667152.stratoserver.net /httpdocs/bertichile/argentinia aco-puentedeinkas4.jpg
2009.12.08 17:52 B Z:\home\Berti\public_html\www.berti-golf.de\bertichile\argentinia\aco-puentedeinkas4_tn.jpg --> h1667152.stratoserver.net /httpdocs/bertichile/argentinia aco-puentedeinkas4_tn.jpg
2009.12.08 17:52 B Z:\home\Berti\public_html\www.berti-golf.de\bertichile\argentinia\aco-puentedeinkas5.jpg --> h1667152.stratoserver.net /httpdocs/bertichile/argentinia aco-puentedeinkas5.jpg
2009.12.08 17:52 B Z:\home\Berti\public_html\www.berti-golf.de\bertichile\argentinia\aco-puentedeinkas5_tn.jpg --> h1667152.stratoserver.net /httpdocs/bertichile/argentinia aco-puentedeinkas5_tn.jpg
2009.12.08 17:52 B Z:\home\Berti\public_html\www.berti-golf.de\bertichile\argentinia\aco-puentedeinkas7.jpg --> h1667152.stratoserver.net /httpdocs/bertichile/argentinia aco-puentedeinkas7.jpg
2009.12.08 17:52 B Z:\home\Berti\public_html\www.berti-golf.de\bertichile\argentinia\aco-puentedeinkas7_tn.jpg --> h1667152.stratoserver.net /httpdocs/bertichile/argentinia aco-puentedeinkas7_tn.jpg
2009.12.08 17:52 B Z:\home\Berti\public_html\www.berti-golf.de\bertichile\argentinia\argentinia.html --> h1667152.stratoserver.net /httpdocs/bertichile/argentinia argentinia.html
2009.12.08 17:52 B Z:\home\Berti\public_html\www.berti-golf.de\bertichile\argentinia\inka-vista1.jpg --> h1667152.stratoserver.net /httpdocs/bertichile/argentinia inka-vista1.jpg
2009.12.08 17:52 B Z:\home\Berti\public_html\www.berti-golf.de\bertichile\argentinia\inka-vista1_tn.jpg --> h1667152.stratoserver.net /httpdocs/bertichile/argentinia inka-vista1_tn.jpg
2009.12.08 17:52 B Z:\home\Berti\public_html\www.berti-golf.de\bertichile\argentinia\vorlage.html --> h1667152.stratoserver.net /httpdocs/bertichile/argentinia vorlage.html
