2008.06.27 16:03 B K:\sicherung_webserver_h10__072008\berti-golf.de\public_html\bertichile\buenosaires\_vti_cnf\av9dejulio.jpg <-- www.berti-golf.de /public_html/bertichile/buenosaires/_vti_cnf av9dejulio.jpg
2008.06.27 16:03 B K:\sicherung_webserver_h10__072008\berti-golf.de\public_html\bertichile\buenosaires\_vti_cnf\av9dejulio2.jpg <-- www.berti-golf.de /public_html/bertichile/buenosaires/_vti_cnf av9dejulio2.jpg
2008.06.27 16:03 B K:\sicherung_webserver_h10__072008\berti-golf.de\public_html\bertichile\buenosaires\_vti_cnf\av9dejulio2_tn.jpg <-- www.berti-golf.de /public_html/bertichile/buenosaires/_vti_cnf av9dejulio2_tn.jpg
2008.06.27 16:03 B K:\sicherung_webserver_h10__072008\berti-golf.de\public_html\bertichile\buenosaires\_vti_cnf\av9dejulio3.jpg <-- www.berti-golf.de /public_html/bertichile/buenosaires/_vti_cnf av9dejulio3.jpg
2008.06.27 16:03 B K:\sicherung_webserver_h10__072008\berti-golf.de\public_html\bertichile\buenosaires\_vti_cnf\av9dejulio3_tn.jpg <-- www.berti-golf.de /public_html/bertichile/buenosaires/_vti_cnf av9dejulio3_tn.jpg
2008.06.27 16:03 B K:\sicherung_webserver_h10__072008\berti-golf.de\public_html\bertichile\buenosaires\_vti_cnf\av9dejulio_tn.jpg <-- www.berti-golf.de /public_html/bertichile/buenosaires/_vti_cnf av9dejulio_tn.jpg
2008.06.27 16:03 B K:\sicherung_webserver_h10__072008\berti-golf.de\public_html\bertichile\buenosaires\_vti_cnf\ba.html <-- www.berti-golf.de /public_html/bertichile/buenosaires/_vti_cnf ba.html
2008.06.27 16:03 B K:\sicherung_webserver_h10__072008\berti-golf.de\public_html\bertichile\buenosaires\_vti_cnf\baneras.jpg <-- www.berti-golf.de /public_html/bertichile/buenosaires/_vti_cnf baneras.jpg
2008.06.27 16:03 B K:\sicherung_webserver_h10__072008\berti-golf.de\public_html\bertichile\buenosaires\_vti_cnf\baneras_tn.jpg <-- www.berti-golf.de /public_html/bertichile/buenosaires/_vti_cnf baneras_tn.jpg
2008.06.27 16:03 B K:\sicherung_webserver_h10__072008\berti-golf.de\public_html\bertichile\buenosaires\_vti_cnf\casarosa.jpg <-- www.berti-golf.de /public_html/bertichile/buenosaires/_vti_cnf casarosa.jpg
2008.06.27 16:03 B K:\sicherung_webserver_h10__072008\berti-golf.de\public_html\bertichile\buenosaires\_vti_cnf\casarosa_tn.jpg <-- www.berti-golf.de /public_html/bertichile/buenosaires/_vti_cnf casarosa_tn.jpg
2008.06.27 16:03 B K:\sicherung_webserver_h10__072008\berti-golf.de\public_html\bertichile\buenosaires\_vti_cnf\catedral1.jpg <-- www.berti-golf.de /public_html/bertichile/buenosaires/_vti_cnf catedral1.jpg
2008.06.27 16:03 B K:\sicherung_webserver_h10__072008\berti-golf.de\public_html\bertichile\buenosaires\_vti_cnf\catedral1_tn.jpg <-- www.berti-golf.de /public_html/bertichile/buenosaires/_vti_cnf catedral1_tn.jpg
2008.06.27 16:03 B K:\sicherung_webserver_h10__072008\berti-golf.de\public_html\bertichile\buenosaires\_vti_cnf\catedral2.jpg <-- www.berti-golf.de /public_html/bertichile/buenosaires/_vti_cnf catedral2.jpg
2008.06.27 16:03 B K:\sicherung_webserver_h10__072008\berti-golf.de\public_html\bertichile\buenosaires\_vti_cnf\catedral3.jpg <-- www.berti-golf.de /public_html/bertichile/buenosaires/_vti_cnf catedral3.jpg
2008.06.27 16:03 B K:\sicherung_webserver_h10__072008\berti-golf.de\public_html\bertichile\buenosaires\_vti_cnf\catedral4.jpg <-- www.berti-golf.de /public_html/bertichile/buenosaires/_vti_cnf catedral4.jpg
2008.06.27 16:03 B K:\sicherung_webserver_h10__072008\berti-golf.de\public_html\bertichile\buenosaires\_vti_cnf\catedral4_tn.jpg <-- www.berti-golf.de /public_html/bertichile/buenosaires/_vti_cnf catedral4_tn.jpg
2008.06.27 16:03 B K:\sicherung_webserver_h10__072008\berti-golf.de\public_html\bertichile\buenosaires\_vti_cnf\clocktower1.jpg <-- www.berti-golf.de /public_html/bertichile/buenosaires/_vti_cnf clocktower1.jpg
2008.06.27 16:03 B K:\sicherung_webserver_h10__072008\berti-golf.de\public_html\bertichile\buenosaires\_vti_cnf\clocktower1_tn.jpg <-- www.berti-golf.de /public_html/bertichile/buenosaires/_vti_cnf clocktower1_tn.jpg
2008.06.27 16:03 B K:\sicherung_webserver_h10__072008\berti-golf.de\public_html\bertichile\buenosaires\_vti_cnf\clocktower2.jpg <-- www.berti-golf.de /public_html/bertichile/buenosaires/_vti_cnf clocktower2.jpg
2008.06.27 16:03 B K:\sicherung_webserver_h10__072008\berti-golf.de\public_html\bertichile\buenosaires\_vti_cnf\clocktower3.jpg <-- www.berti-golf.de /public_html/bertichile/buenosaires/_vti_cnf clocktower3.jpg
2008.06.27 16:03 B K:\sicherung_webserver_h10__072008\berti-golf.de\public_html\bertichile\buenosaires\_vti_cnf\congreso1.jpg <-- www.berti-golf.de /public_html/bertichile/buenosaires/_vti_cnf congreso1.jpg
2008.06.27 16:03 B K:\sicherung_webserver_h10__072008\berti-golf.de\public_html\bertichile\buenosaires\_vti_cnf\congreso2.jpg <-- www.berti-golf.de /public_html/bertichile/buenosaires/_vti_cnf congreso2.jpg
2008.06.27 16:03 B K:\sicherung_webserver_h10__072008\berti-golf.de\public_html\bertichile\buenosaires\_vti_cnf\congreso2_tn.jpg <-- www.berti-golf.de /public_html/bertichile/buenosaires/_vti_cnf congreso2_tn.jpg
2008.06.27 16:03 B K:\sicherung_webserver_h10__072008\berti-golf.de\public_html\bertichile\buenosaires\_vti_cnf\congreso3.jpg <-- www.berti-golf.de /public_html/bertichile/buenosaires/_vti_cnf congreso3.jpg
2008.06.27 16:03 B K:\sicherung_webserver_h10__072008\berti-golf.de\public_html\bertichile\buenosaires\_vti_cnf\congreso4.jpg <-- www.berti-golf.de /public_html/bertichile/buenosaires/_vti_cnf congreso4.jpg
2008.06.27 16:03 B K:\sicherung_webserver_h10__072008\berti-golf.de\public_html\bertichile\buenosaires\_vti_cnf\congreso5.jpg <-- www.berti-golf.de /public_html/bertichile/buenosaires/_vti_cnf congreso5.jpg
2008.06.27 16:03 B K:\sicherung_webserver_h10__072008\berti-golf.de\public_html\bertichile\buenosaires\_vti_cnf\congreso5_tn.jpg <-- www.berti-golf.de /public_html/bertichile/buenosaires/_vti_cnf congreso5_tn.jpg
2008.06.27 16:03 B K:\sicherung_webserver_h10__072008\berti-golf.de\public_html\bertichile\buenosaires\_vti_cnf\congreso6.jpg <-- www.berti-golf.de /public_html/bertichile/buenosaires/_vti_cnf congreso6.jpg
2008.06.27 16:03 B K:\sicherung_webserver_h10__072008\berti-golf.de\public_html\bertichile\buenosaires\_vti_cnf\congreso7.jpg <-- www.berti-golf.de /public_html/bertichile/buenosaires/_vti_cnf congreso7.jpg
2008.06.27 16:03 B K:\sicherung_webserver_h10__072008\berti-golf.de\public_html\bertichile\buenosaires\_vti_cnf\congreso8.jpg <-- www.berti-golf.de /public_html/bertichile/buenosaires/_vti_cnf congreso8.jpg
2008.06.27 16:03 B K:\sicherung_webserver_h10__072008\berti-golf.de\public_html\bertichile\buenosaires\_vti_cnf\congreso8_tn.jpg <-- www.berti-golf.de /public_html/bertichile/buenosaires/_vti_cnf congreso8_tn.jpg
2008.06.27 16:03 B K:\sicherung_webserver_h10__072008\berti-golf.de\public_html\bertichile\buenosaires\_vti_cnf\congreso9.jpg <-- www.berti-golf.de /public_html/bertichile/buenosaires/_vti_cnf congreso9.jpg
2008.06.27 16:03 B K:\sicherung_webserver_h10__072008\berti-golf.de\public_html\bertichile\buenosaires\_vti_cnf\danquijote.jpg <-- www.berti-golf.de /public_html/bertichile/buenosaires/_vti_cnf danquijote.jpg
2008.06.27 16:03 B K:\sicherung_webserver_h10__072008\berti-golf.de\public_html\bertichile\buenosaires\_vti_cnf\danquijote_tn.jpg <-- www.berti-golf.de /public_html/bertichile/buenosaires/_vti_cnf danquijote_tn.jpg
2008.06.27 16:03 B K:\sicherung_webserver_h10__072008\berti-golf.de\public_html\bertichile\buenosaires\_vti_cnf\dsc00047.jpg <-- www.berti-golf.de /public_html/bertichile/buenosaires/_vti_cnf dsc00047.jpg
2008.06.27 16:03 B K:\sicherung_webserver_h10__072008\berti-golf.de\public_html\bertichile\buenosaires\_vti_cnf\dsc00048.jpg <-- www.berti-golf.de /public_html/bertichile/buenosaires/_vti_cnf dsc00048.jpg
2008.06.27 16:03 B K:\sicherung_webserver_h10__072008\berti-golf.de\public_html\bertichile\buenosaires\_vti_cnf\dsc00049.jpg <-- www.berti-golf.de /public_html/bertichile/buenosaires/_vti_cnf dsc00049.jpg
2008.06.27 16:03 B K:\sicherung_webserver_h10__072008\berti-golf.de\public_html\bertichile\buenosaires\_vti_cnf\dsc00050.jpg <-- www.berti-golf.de /public_html/bertichile/buenosaires/_vti_cnf dsc00050.jpg
2008.06.27 16:03 B K:\sicherung_webserver_h10__072008\berti-golf.de\public_html\bertichile\buenosaires\_vti_cnf\dsc00051.jpg <-- www.berti-golf.de /public_html/bertichile/buenosaires/_vti_cnf dsc00051.jpg
2008.06.27 16:03 B K:\sicherung_webserver_h10__072008\berti-golf.de\public_html\bertichile\buenosaires\_vti_cnf\dsc00052.jpg <-- www.berti-golf.de /public_html/bertichile/buenosaires/_vti_cnf dsc00052.jpg
2008.06.27 16:03 B K:\sicherung_webserver_h10__072008\berti-golf.de\public_html\bertichile\buenosaires\_vti_cnf\dsc00053.jpg <-- www.berti-golf.de /public_html/bertichile/buenosaires/_vti_cnf dsc00053.jpg
2008.06.27 16:03 B K:\sicherung_webserver_h10__072008\berti-golf.de\public_html\bertichile\buenosaires\_vti_cnf\dsc00054.jpg <-- www.berti-golf.de /public_html/bertichile/buenosaires/_vti_cnf dsc00054.jpg
2008.06.27 16:03 B K:\sicherung_webserver_h10__072008\berti-golf.de\public_html\bertichile\buenosaires\_vti_cnf\dsc00055.jpg <-- www.berti-golf.de /public_html/bertichile/buenosaires/_vti_cnf dsc00055.jpg
2008.06.27 16:03 B K:\sicherung_webserver_h10__072008\berti-golf.de\public_html\bertichile\buenosaires\_vti_cnf\dsc00056.jpg <-- www.berti-golf.de /public_html/bertichile/buenosaires/_vti_cnf dsc00056.jpg
2008.06.27 16:03 B K:\sicherung_webserver_h10__072008\berti-golf.de\public_html\bertichile\buenosaires\_vti_cnf\metro.jpg <-- www.berti-golf.de /public_html/bertichile/buenosaires/_vti_cnf metro.jpg
2008.06.27 16:03 B K:\sicherung_webserver_h10__072008\berti-golf.de\public_html\bertichile\buenosaires\_vti_cnf\metro2.jpg <-- www.berti-golf.de /public_html/bertichile/buenosaires/_vti_cnf metro2.jpg
2008.06.27 16:03 B K:\sicherung_webserver_h10__072008\berti-golf.de\public_html\bertichile\buenosaires\_vti_cnf\metro3.jpg <-- www.berti-golf.de /public_html/bertichile/buenosaires/_vti_cnf metro3.jpg
2008.06.27 16:03 B K:\sicherung_webserver_h10__072008\berti-golf.de\public_html\bertichile\buenosaires\_vti_cnf\metro_tn.jpg <-- www.berti-golf.de /public_html/bertichile/buenosaires/_vti_cnf metro_tn.jpg
2008.06.27 16:03 B K:\sicherung_webserver_h10__072008\berti-golf.de\public_html\bertichile\buenosaires\_vti_cnf\orgel.jpg <-- www.berti-golf.de /public_html/bertichile/buenosaires/_vti_cnf orgel.jpg
2008.06.27 16:03 B K:\sicherung_webserver_h10__072008\berti-golf.de\public_html\bertichile\buenosaires\_vti_cnf\orgel_tn.jpg <-- www.berti-golf.de /public_html/bertichile/buenosaires/_vti_cnf orgel_tn.jpg
2008.06.27 16:03 B K:\sicherung_webserver_h10__072008\berti-golf.de\public_html\bertichile\buenosaires\_vti_cnf\park1,jpg <-- www.berti-golf.de /public_html/bertichile/buenosaires/_vti_cnf park1,jpg
2008.06.27 16:03 B K:\sicherung_webserver_h10__072008\berti-golf.de\public_html\bertichile\buenosaires\_vti_cnf\park10.jpg <-- www.berti-golf.de /public_html/bertichile/buenosaires/_vti_cnf park10.jpg
2008.06.27 16:03 B K:\sicherung_webserver_h10__072008\berti-golf.de\public_html\bertichile\buenosaires\_vti_cnf\park10_tn.jpg <-- www.berti-golf.de /public_html/bertichile/buenosaires/_vti_cnf park10_tn.jpg
2008.06.27 16:03 B K:\sicherung_webserver_h10__072008\berti-golf.de\public_html\bertichile\buenosaires\_vti_cnf\park2.jpg <-- www.berti-golf.de /public_html/bertichile/buenosaires/_vti_cnf park2.jpg
2008.06.27 16:03 B K:\sicherung_webserver_h10__072008\berti-golf.de\public_html\bertichile\buenosaires\_vti_cnf\park2_tn.jpg <-- www.berti-golf.de /public_html/bertichile/buenosaires/_vti_cnf park2_tn.jpg
2008.06.27 16:03 B K:\sicherung_webserver_h10__072008\berti-golf.de\public_html\bertichile\buenosaires\_vti_cnf\park3.jpg <-- www.berti-golf.de /public_html/bertichile/buenosaires/_vti_cnf park3.jpg
2008.06.27 16:03 B K:\sicherung_webserver_h10__072008\berti-golf.de\public_html\bertichile\buenosaires\_vti_cnf\park5.jpg <-- www.berti-golf.de /public_html/bertichile/buenosaires/_vti_cnf park5.jpg
2008.06.27 16:03 B K:\sicherung_webserver_h10__072008\berti-golf.de\public_html\bertichile\buenosaires\_vti_cnf\park5_tn.jpg <-- www.berti-golf.de /public_html/bertichile/buenosaires/_vti_cnf park5_tn.jpg
2008.06.27 16:03 B K:\sicherung_webserver_h10__072008\berti-golf.de\public_html\bertichile\buenosaires\_vti_cnf\park6.jpg <-- www.berti-golf.de /public_html/bertichile/buenosaires/_vti_cnf park6.jpg
2008.06.27 16:03 B K:\sicherung_webserver_h10__072008\berti-golf.de\public_html\bertichile\buenosaires\_vti_cnf\park7.jpg <-- www.berti-golf.de /public_html/bertichile/buenosaires/_vti_cnf park7.jpg
2008.06.27 16:03 B K:\sicherung_webserver_h10__072008\berti-golf.de\public_html\bertichile\buenosaires\_vti_cnf\park7_tn.jpg <-- www.berti-golf.de /public_html/bertichile/buenosaires/_vti_cnf park7_tn.jpg
2008.06.27 16:03 B K:\sicherung_webserver_h10__072008\berti-golf.de\public_html\bertichile\buenosaires\_vti_cnf\park8.jpg <-- www.berti-golf.de /public_html/bertichile/buenosaires/_vti_cnf park8.jpg
2008.06.27 16:03 B K:\sicherung_webserver_h10__072008\berti-golf.de\public_html\bertichile\buenosaires\_vti_cnf\park9.jpg <-- www.berti-golf.de /public_html/bertichile/buenosaires/_vti_cnf park9.jpg
2008.06.27 16:03 B K:\sicherung_webserver_h10__072008\berti-golf.de\public_html\bertichile\buenosaires\_vti_cnf\park9_tn.jpg <-- www.berti-golf.de /public_html/bertichile/buenosaires/_vti_cnf park9_tn.jpg
2008.06.27 16:03 B K:\sicherung_webserver_h10__072008\berti-golf.de\public_html\bertichile\buenosaires\_vti_cnf\puerto1.jpg <-- www.berti-golf.de /public_html/bertichile/buenosaires/_vti_cnf puerto1.jpg
2008.06.27 16:03 B K:\sicherung_webserver_h10__072008\berti-golf.de\public_html\bertichile\buenosaires\_vti_cnf\puerto1_tn.jpg <-- www.berti-golf.de /public_html/bertichile/buenosaires/_vti_cnf puerto1_tn.jpg
2008.06.27 16:03 B K:\sicherung_webserver_h10__072008\berti-golf.de\public_html\bertichile\buenosaires\_vti_cnf\puerto2.jpg <-- www.berti-golf.de /public_html/bertichile/buenosaires/_vti_cnf puerto2.jpg
2008.06.27 16:03 B K:\sicherung_webserver_h10__072008\berti-golf.de\public_html\bertichile\buenosaires\_vti_cnf\puerto3.jpg <-- www.berti-golf.de /public_html/bertichile/buenosaires/_vti_cnf puerto3.jpg
2008.06.27 16:03 B K:\sicherung_webserver_h10__072008\berti-golf.de\public_html\bertichile\buenosaires\_vti_cnf\puerto4.jpg <-- www.berti-golf.de /public_html/bertichile/buenosaires/_vti_cnf puerto4.jpg
2008.06.27 16:03 B K:\sicherung_webserver_h10__072008\berti-golf.de\public_html\bertichile\buenosaires\_vti_cnf\puerto5.jpg <-- www.berti-golf.de /public_html/bertichile/buenosaires/_vti_cnf puerto5.jpg
2008.06.27 16:03 B K:\sicherung_webserver_h10__072008\berti-golf.de\public_html\bertichile\buenosaires\_vti_cnf\puerto5_tn.jpg <-- www.berti-golf.de /public_html/bertichile/buenosaires/_vti_cnf puerto5_tn.jpg
2008.06.27 16:03 B K:\sicherung_webserver_h10__072008\berti-golf.de\public_html\bertichile\buenosaires\_vti_cnf\puerto6.jpg <-- www.berti-golf.de /public_html/bertichile/buenosaires/_vti_cnf puerto6.jpg
2008.06.27 16:03 B K:\sicherung_webserver_h10__072008\berti-golf.de\public_html\bertichile\buenosaires\_vti_cnf\puerto6_tn.jpg <-- www.berti-golf.de /public_html/bertichile/buenosaires/_vti_cnf puerto6_tn.jpg
2008.06.27 16:04 B K:\sicherung_webserver_h10__072008\berti-golf.de\public_html\bertichile\buenosaires\_vti_cnf\puerto7.jpg <-- www.berti-golf.de /public_html/bertichile/buenosaires/_vti_cnf puerto7.jpg
2008.06.27 16:04 B K:\sicherung_webserver_h10__072008\berti-golf.de\public_html\bertichile\buenosaires\_vti_cnf\puerto7_tn.jpg <-- www.berti-golf.de /public_html/bertichile/buenosaires/_vti_cnf puerto7_tn.jpg
2008.06.27 16:04 B K:\sicherung_webserver_h10__072008\berti-golf.de\public_html\bertichile\buenosaires\_vti_cnf\statue.jpg <-- www.berti-golf.de /public_html/bertichile/buenosaires/_vti_cnf statue.jpg
2008.06.27 16:04 B K:\sicherung_webserver_h10__072008\berti-golf.de\public_html\bertichile\buenosaires\_vti_cnf\statue2.jpg <-- www.berti-golf.de /public_html/bertichile/buenosaires/_vti_cnf statue2.jpg
2008.06.27 16:04 B K:\sicherung_webserver_h10__072008\berti-golf.de\public_html\bertichile\buenosaires\_vti_cnf\statue2_tn.jpg <-- www.berti-golf.de /public_html/bertichile/buenosaires/_vti_cnf statue2_tn.jpg
2008.06.27 16:04 B K:\sicherung_webserver_h10__072008\berti-golf.de\public_html\bertichile\buenosaires\_vti_cnf\statue_tn.jpg <-- www.berti-golf.de /public_html/bertichile/buenosaires/_vti_cnf statue_tn.jpg
2008.06.27 16:04 B K:\sicherung_webserver_h10__072008\berti-golf.de\public_html\bertichile\buenosaires\_vti_cnf\villa1.jpg <-- www.berti-golf.de /public_html/bertichile/buenosaires/_vti_cnf villa1.jpg
2008.06.27 16:04 B K:\sicherung_webserver_h10__072008\berti-golf.de\public_html\bertichile\buenosaires\_vti_cnf\villa2.jpg <-- www.berti-golf.de /public_html/bertichile/buenosaires/_vti_cnf villa2.jpg
2008.06.27 16:04 B K:\sicherung_webserver_h10__072008\berti-golf.de\public_html\bertichile\buenosaires\_vti_cnf\villa2_tn.jpg <-- www.berti-golf.de /public_html/bertichile/buenosaires/_vti_cnf villa2_tn.jpg
2008.06.27 16:04 B K:\sicherung_webserver_h10__072008\berti-golf.de\public_html\bertichile\buenosaires\_vti_cnf\vorlage.html <-- www.berti-golf.de /public_html/bertichile/buenosaires/_vti_cnf vorlage.html
2008.06.27 16:04 B K:\sicherung_webserver_h10__072008\berti-golf.de\public_html\bertichile\buenosaires\_vti_cnf\wolkenkratzer.jpg <-- www.berti-golf.de /public_html/bertichile/buenosaires/_vti_cnf wolkenkratzer.jpg
2008.06.27 16:04 B K:\sicherung_webserver_h10__072008\berti-golf.de\public_html\bertichile\buenosaires\_vti_cnf\wolkenkratzer3.jpg <-- www.berti-golf.de /public_html/bertichile/buenosaires/_vti_cnf wolkenkratzer3.jpg
2008.06.27 16:04 B K:\sicherung_webserver_h10__072008\berti-golf.de\public_html\bertichile\buenosaires\_vti_cnf\wolkenkratzer3_tn.jpg <-- www.berti-golf.de /public_html/bertichile/buenosaires/_vti_cnf wolkenkratzer3_tn.jpg
2008.06.27 16:04 B K:\sicherung_webserver_h10__072008\berti-golf.de\public_html\bertichile\buenosaires\_vti_cnf\wolkenkratzer_tn.jpg <-- www.berti-golf.de /public_html/bertichile/buenosaires/_vti_cnf wolkenkratzer_tn.jpg
2008.06.27 19:02 B K:\sicherung_webserver_h10__072008\berti-golf.de\public_html\bertichile\buenosaires\_vti_cnf\av9dejulio.jpg --> bertigolfde.h1403220.stratoserver.net /public_html/bertichile/buenosaires/_vti_cnf av9dejulio.jpg
2008.06.27 19:02 B K:\sicherung_webserver_h10__072008\berti-golf.de\public_html\bertichile\buenosaires\_vti_cnf\av9dejulio2.jpg --> bertigolfde.h1403220.stratoserver.net /public_html/bertichile/buenosaires/_vti_cnf av9dejulio2.jpg
2008.06.27 19:02 B K:\sicherung_webserver_h10__072008\berti-golf.de\public_html\bertichile\buenosaires\_vti_cnf\av9dejulio2_tn.jpg --> bertigolfde.h1403220.stratoserver.net /public_html/bertichile/buenosaires/_vti_cnf av9dejulio2_tn.jpg
2008.06.27 19:02 B K:\sicherung_webserver_h10__072008\berti-golf.de\public_html\bertichile\buenosaires\_vti_cnf\av9dejulio3.jpg --> bertigolfde.h1403220.stratoserver.net /public_html/bertichile/buenosaires/_vti_cnf av9dejulio3.jpg
2008.06.27 19:02 B K:\sicherung_webserver_h10__072008\berti-golf.de\public_html\bertichile\buenosaires\_vti_cnf\av9dejulio3_tn.jpg --> bertigolfde.h1403220.stratoserver.net /public_html/bertichile/buenosaires/_vti_cnf av9dejulio3_tn.jpg
2008.06.27 19:02 B K:\sicherung_webserver_h10__072008\berti-golf.de\public_html\bertichile\buenosaires\_vti_cnf\av9dejulio_tn.jpg --> bertigolfde.h1403220.stratoserver.net /public_html/bertichile/buenosaires/_vti_cnf av9dejulio_tn.jpg
2008.06.27 19:02 B K:\sicherung_webserver_h10__072008\berti-golf.de\public_html\bertichile\buenosaires\_vti_cnf\ba.html --> bertigolfde.h1403220.stratoserver.net /public_html/bertichile/buenosaires/_vti_cnf ba.html
2008.06.27 19:02 B K:\sicherung_webserver_h10__072008\berti-golf.de\public_html\bertichile\buenosaires\_vti_cnf\baneras.jpg --> bertigolfde.h1403220.stratoserver.net /public_html/bertichile/buenosaires/_vti_cnf baneras.jpg
2008.06.27 19:02 B K:\sicherung_webserver_h10__072008\berti-golf.de\public_html\bertichile\buenosaires\_vti_cnf\baneras_tn.jpg --> bertigolfde.h1403220.stratoserver.net /public_html/bertichile/buenosaires/_vti_cnf baneras_tn.jpg
2008.06.27 19:02 B K:\sicherung_webserver_h10__072008\berti-golf.de\public_html\bertichile\buenosaires\_vti_cnf\casarosa.jpg --> bertigolfde.h1403220.stratoserver.net /public_html/bertichile/buenosaires/_vti_cnf casarosa.jpg
2008.06.27 19:02 B K:\sicherung_webserver_h10__072008\berti-golf.de\public_html\bertichile\buenosaires\_vti_cnf\casarosa_tn.jpg --> bertigolfde.h1403220.stratoserver.net /public_html/bertichile/buenosaires/_vti_cnf casarosa_tn.jpg
2008.06.27 19:02 B K:\sicherung_webserver_h10__072008\berti-golf.de\public_html\bertichile\buenosaires\_vti_cnf\catedral1.jpg --> bertigolfde.h1403220.stratoserver.net /public_html/bertichile/buenosaires/_vti_cnf catedral1.jpg
2008.06.27 19:02 B K:\sicherung_webserver_h10__072008\berti-golf.de\public_html\bertichile\buenosaires\_vti_cnf\catedral1_tn.jpg --> bertigolfde.h1403220.stratoserver.net /public_html/bertichile/buenosaires/_vti_cnf catedral1_tn.jpg
2008.06.27 19:02 B K:\sicherung_webserver_h10__072008\berti-golf.de\public_html\bertichile\buenosaires\_vti_cnf\catedral2.jpg --> bertigolfde.h1403220.stratoserver.net /public_html/bertichile/buenosaires/_vti_cnf catedral2.jpg
2008.06.27 19:02 B K:\sicherung_webserver_h10__072008\berti-golf.de\public_html\bertichile\buenosaires\_vti_cnf\catedral3.jpg --> bertigolfde.h1403220.stratoserver.net /public_html/bertichile/buenosaires/_vti_cnf catedral3.jpg
2008.06.27 19:02 B K:\sicherung_webserver_h10__072008\berti-golf.de\public_html\bertichile\buenosaires\_vti_cnf\catedral4.jpg --> bertigolfde.h1403220.stratoserver.net /public_html/bertichile/buenosaires/_vti_cnf catedral4.jpg
2008.06.27 19:02 B K:\sicherung_webserver_h10__072008\berti-golf.de\public_html\bertichile\buenosaires\_vti_cnf\catedral4_tn.jpg --> bertigolfde.h1403220.stratoserver.net /public_html/bertichile/buenosaires/_vti_cnf catedral4_tn.jpg
2008.06.27 19:02 B K:\sicherung_webserver_h10__072008\berti-golf.de\public_html\bertichile\buenosaires\_vti_cnf\clocktower1.jpg --> bertigolfde.h1403220.stratoserver.net /public_html/bertichile/buenosaires/_vti_cnf clocktower1.jpg
2008.06.27 19:02 B K:\sicherung_webserver_h10__072008\berti-golf.de\public_html\bertichile\buenosaires\_vti_cnf\clocktower1_tn.jpg --> bertigolfde.h1403220.stratoserver.net /public_html/bertichile/buenosaires/_vti_cnf clocktower1_tn.jpg
2008.06.27 19:02 B K:\sicherung_webserver_h10__072008\berti-golf.de\public_html\bertichile\buenosaires\_vti_cnf\clocktower2.jpg --> bertigolfde.h1403220.stratoserver.net /public_html/bertichile/buenosaires/_vti_cnf clocktower2.jpg
2008.06.27 19:02 B K:\sicherung_webserver_h10__072008\berti-golf.de\public_html\bertichile\buenosaires\_vti_cnf\clocktower3.jpg --> bertigolfde.h1403220.stratoserver.net /public_html/bertichile/buenosaires/_vti_cnf clocktower3.jpg
2008.06.27 19:02 B K:\sicherung_webserver_h10__072008\berti-golf.de\public_html\bertichile\buenosaires\_vti_cnf\congreso1.jpg --> bertigolfde.h1403220.stratoserver.net /public_html/bertichile/buenosaires/_vti_cnf congreso1.jpg
2008.06.27 19:02 B K:\sicherung_webserver_h10__072008\berti-golf.de\public_html\bertichile\buenosaires\_vti_cnf\congreso2.jpg --> bertigolfde.h1403220.stratoserver.net /public_html/bertichile/buenosaires/_vti_cnf congreso2.jpg
2008.06.27 19:02 B K:\sicherung_webserver_h10__072008\berti-golf.de\public_html\bertichile\buenosaires\_vti_cnf\congreso2_tn.jpg --> bertigolfde.h1403220.stratoserver.net /public_html/bertichile/buenosaires/_vti_cnf congreso2_tn.jpg
2008.06.27 19:02 B K:\sicherung_webserver_h10__072008\berti-golf.de\public_html\bertichile\buenosaires\_vti_cnf\congreso3.jpg --> bertigolfde.h1403220.stratoserver.net /public_html/bertichile/buenosaires/_vti_cnf congreso3.jpg
2008.06.27 19:02 B K:\sicherung_webserver_h10__072008\berti-golf.de\public_html\bertichile\buenosaires\_vti_cnf\congreso4.jpg --> bertigolfde.h1403220.stratoserver.net /public_html/bertichile/buenosaires/_vti_cnf congreso4.jpg
2008.06.27 19:02 B K:\sicherung_webserver_h10__072008\berti-golf.de\public_html\bertichile\buenosaires\_vti_cnf\congreso5.jpg --> bertigolfde.h1403220.stratoserver.net /public_html/bertichile/buenosaires/_vti_cnf congreso5.jpg
2008.06.27 19:02 B K:\sicherung_webserver_h10__072008\berti-golf.de\public_html\bertichile\buenosaires\_vti_cnf\congreso5_tn.jpg --> bertigolfde.h1403220.stratoserver.net /public_html/bertichile/buenosaires/_vti_cnf congreso5_tn.jpg
2008.06.27 19:02 B K:\sicherung_webserver_h10__072008\berti-golf.de\public_html\bertichile\buenosaires\_vti_cnf\congreso6.jpg --> bertigolfde.h1403220.stratoserver.net /public_html/bertichile/buenosaires/_vti_cnf congreso6.jpg
2008.06.27 19:02 B K:\sicherung_webserver_h10__072008\berti-golf.de\public_html\bertichile\buenosaires\_vti_cnf\congreso7.jpg --> bertigolfde.h1403220.stratoserver.net /public_html/bertichile/buenosaires/_vti_cnf congreso7.jpg
2008.06.27 19:02 B K:\sicherung_webserver_h10__072008\berti-golf.de\public_html\bertichile\buenosaires\_vti_cnf\congreso8.jpg --> bertigolfde.h1403220.stratoserver.net /public_html/bertichile/buenosaires/_vti_cnf congreso8.jpg
2008.06.27 19:02 B K:\sicherung_webserver_h10__072008\berti-golf.de\public_html\bertichile\buenosaires\_vti_cnf\congreso8_tn.jpg --> bertigolfde.h1403220.stratoserver.net /public_html/bertichile/buenosaires/_vti_cnf congreso8_tn.jpg
2008.06.27 19:02 B K:\sicherung_webserver_h10__072008\berti-golf.de\public_html\bertichile\buenosaires\_vti_cnf\congreso9.jpg --> bertigolfde.h1403220.stratoserver.net /public_html/bertichile/buenosaires/_vti_cnf congreso9.jpg
2008.06.27 19:02 B K:\sicherung_webserver_h10__072008\berti-golf.de\public_html\bertichile\buenosaires\_vti_cnf\danquijote.jpg --> bertigolfde.h1403220.stratoserver.net /public_html/bertichile/buenosaires/_vti_cnf danquijote.jpg
2008.06.27 19:02 B K:\sicherung_webserver_h10__072008\berti-golf.de\public_html\bertichile\buenosaires\_vti_cnf\danquijote_tn.jpg --> bertigolfde.h1403220.stratoserver.net /public_html/bertichile/buenosaires/_vti_cnf danquijote_tn.jpg
2008.06.27 19:02 B K:\sicherung_webserver_h10__072008\berti-golf.de\public_html\bertichile\buenosaires\_vti_cnf\dsc00047.jpg --> bertigolfde.h1403220.stratoserver.net /public_html/bertichile/buenosaires/_vti_cnf dsc00047.jpg
2008.06.27 19:02 B K:\sicherung_webserver_h10__072008\berti-golf.de\public_html\bertichile\buenosaires\_vti_cnf\dsc00048.jpg --> bertigolfde.h1403220.stratoserver.net /public_html/bertichile/buenosaires/_vti_cnf dsc00048.jpg
2008.06.27 19:02 B K:\sicherung_webserver_h10__072008\berti-golf.de\public_html\bertichile\buenosaires\_vti_cnf\dsc00049.jpg --> bertigolfde.h1403220.stratoserver.net /public_html/bertichile/buenosaires/_vti_cnf dsc00049.jpg
2008.06.27 19:02 B K:\sicherung_webserver_h10__072008\berti-golf.de\public_html\bertichile\buenosaires\_vti_cnf\dsc00050.jpg --> bertigolfde.h1403220.stratoserver.net /public_html/bertichile/buenosaires/_vti_cnf dsc00050.jpg
2008.06.27 19:02 B K:\sicherung_webserver_h10__072008\berti-golf.de\public_html\bertichile\buenosaires\_vti_cnf\dsc00051.jpg --> bertigolfde.h1403220.stratoserver.net /public_html/bertichile/buenosaires/_vti_cnf dsc00051.jpg
2008.06.27 19:02 B K:\sicherung_webserver_h10__072008\berti-golf.de\public_html\bertichile\buenosaires\_vti_cnf\dsc00052.jpg --> bertigolfde.h1403220.stratoserver.net /public_html/bertichile/buenosaires/_vti_cnf dsc00052.jpg
2008.06.27 19:02 B K:\sicherung_webserver_h10__072008\berti-golf.de\public_html\bertichile\buenosaires\_vti_cnf\dsc00053.jpg --> bertigolfde.h1403220.stratoserver.net /public_html/bertichile/buenosaires/_vti_cnf dsc00053.jpg
2008.06.27 19:02 B K:\sicherung_webserver_h10__072008\berti-golf.de\public_html\bertichile\buenosaires\_vti_cnf\dsc00054.jpg --> bertigolfde.h1403220.stratoserver.net /public_html/bertichile/buenosaires/_vti_cnf dsc00054.jpg
2008.06.27 19:02 B K:\sicherung_webserver_h10__072008\berti-golf.de\public_html\bertichile\buenosaires\_vti_cnf\dsc00055.jpg --> bertigolfde.h1403220.stratoserver.net /public_html/bertichile/buenosaires/_vti_cnf dsc00055.jpg
2008.06.27 19:02 B K:\sicherung_webserver_h10__072008\berti-golf.de\public_html\bertichile\buenosaires\_vti_cnf\dsc00056.jpg --> bertigolfde.h1403220.stratoserver.net /public_html/bertichile/buenosaires/_vti_cnf dsc00056.jpg
2008.06.27 19:02 B K:\sicherung_webserver_h10__072008\berti-golf.de\public_html\bertichile\buenosaires\_vti_cnf\metro.jpg --> bertigolfde.h1403220.stratoserver.net /public_html/bertichile/buenosaires/_vti_cnf metro.jpg
2008.06.27 19:02 B K:\sicherung_webserver_h10__072008\berti-golf.de\public_html\bertichile\buenosaires\_vti_cnf\metro2.jpg --> bertigolfde.h1403220.stratoserver.net /public_html/bertichile/buenosaires/_vti_cnf metro2.jpg
2008.06.27 19:02 B K:\sicherung_webserver_h10__072008\berti-golf.de\public_html\bertichile\buenosaires\_vti_cnf\metro3.jpg --> bertigolfde.h1403220.stratoserver.net /public_html/bertichile/buenosaires/_vti_cnf metro3.jpg
2008.06.27 19:02 B K:\sicherung_webserver_h10__072008\berti-golf.de\public_html\bertichile\buenosaires\_vti_cnf\metro_tn.jpg --> bertigolfde.h1403220.stratoserver.net /public_html/bertichile/buenosaires/_vti_cnf metro_tn.jpg
2008.06.27 19:02 B K:\sicherung_webserver_h10__072008\berti-golf.de\public_html\bertichile\buenosaires\_vti_cnf\orgel.jpg --> bertigolfde.h1403220.stratoserver.net /public_html/bertichile/buenosaires/_vti_cnf orgel.jpg
2008.06.27 19:02 B K:\sicherung_webserver_h10__072008\berti-golf.de\public_html\bertichile\buenosaires\_vti_cnf\orgel_tn.jpg --> bertigolfde.h1403220.stratoserver.net /public_html/bertichile/buenosaires/_vti_cnf orgel_tn.jpg
2008.06.27 19:02 B K:\sicherung_webserver_h10__072008\berti-golf.de\public_html\bertichile\buenosaires\_vti_cnf\park1,jpg --> bertigolfde.h1403220.stratoserver.net /public_html/bertichile/buenosaires/_vti_cnf park1,jpg
2008.06.27 19:02 B K:\sicherung_webserver_h10__072008\berti-golf.de\public_html\bertichile\buenosaires\_vti_cnf\park10.jpg --> bertigolfde.h1403220.stratoserver.net /public_html/bertichile/buenosaires/_vti_cnf park10.jpg
2008.06.27 19:02 B K:\sicherung_webserver_h10__072008\berti-golf.de\public_html\bertichile\buenosaires\_vti_cnf\park10_tn.jpg --> bertigolfde.h1403220.stratoserver.net /public_html/bertichile/buenosaires/_vti_cnf park10_tn.jpg
2008.06.27 19:02 B K:\sicherung_webserver_h10__072008\berti-golf.de\public_html\bertichile\buenosaires\_vti_cnf\park2.jpg --> bertigolfde.h1403220.stratoserver.net /public_html/bertichile/buenosaires/_vti_cnf park2.jpg
2008.06.27 19:02 B K:\sicherung_webserver_h10__072008\berti-golf.de\public_html\bertichile\buenosaires\_vti_cnf\park2_tn.jpg --> bertigolfde.h1403220.stratoserver.net /public_html/bertichile/buenosaires/_vti_cnf park2_tn.jpg
2008.06.27 19:02 B K:\sicherung_webserver_h10__072008\berti-golf.de\public_html\bertichile\buenosaires\_vti_cnf\park3.jpg --> bertigolfde.h1403220.stratoserver.net /public_html/bertichile/buenosaires/_vti_cnf park3.jpg
2008.06.27 19:02 B K:\sicherung_webserver_h10__072008\berti-golf.de\public_html\bertichile\buenosaires\_vti_cnf\park5.jpg --> bertigolfde.h1403220.stratoserver.net /public_html/bertichile/buenosaires/_vti_cnf park5.jpg
2008.06.27 19:02 B K:\sicherung_webserver_h10__072008\berti-golf.de\public_html\bertichile\buenosaires\_vti_cnf\park5_tn.jpg --> bertigolfde.h1403220.stratoserver.net /public_html/bertichile/buenosaires/_vti_cnf park5_tn.jpg
2008.06.27 19:02 B K:\sicherung_webserver_h10__072008\berti-golf.de\public_html\bertichile\buenosaires\_vti_cnf\park6.jpg --> bertigolfde.h1403220.stratoserver.net /public_html/bertichile/buenosaires/_vti_cnf park6.jpg
2008.06.27 19:02 B K:\sicherung_webserver_h10__072008\berti-golf.de\public_html\bertichile\buenosaires\_vti_cnf\park7.jpg --> bertigolfde.h1403220.stratoserver.net /public_html/bertichile/buenosaires/_vti_cnf park7.jpg
2008.06.27 19:02 B K:\sicherung_webserver_h10__072008\berti-golf.de\public_html\bertichile\buenosaires\_vti_cnf\park7_tn.jpg --> bertigolfde.h1403220.stratoserver.net /public_html/bertichile/buenosaires/_vti_cnf park7_tn.jpg
2008.06.27 19:03 B K:\sicherung_webserver_h10__072008\berti-golf.de\public_html\bertichile\buenosaires\_vti_cnf\park8.jpg --> bertigolfde.h1403220.stratoserver.net /public_html/bertichile/buenosaires/_vti_cnf park8.jpg
2008.06.27 19:03 B K:\sicherung_webserver_h10__072008\berti-golf.de\public_html\bertichile\buenosaires\_vti_cnf\park9.jpg --> bertigolfde.h1403220.stratoserver.net /public_html/bertichile/buenosaires/_vti_cnf park9.jpg
2008.06.27 19:03 B K:\sicherung_webserver_h10__072008\berti-golf.de\public_html\bertichile\buenosaires\_vti_cnf\park9_tn.jpg --> bertigolfde.h1403220.stratoserver.net /public_html/bertichile/buenosaires/_vti_cnf park9_tn.jpg
2008.06.27 19:03 B K:\sicherung_webserver_h10__072008\berti-golf.de\public_html\bertichile\buenosaires\_vti_cnf\puerto1.jpg --> bertigolfde.h1403220.stratoserver.net /public_html/bertichile/buenosaires/_vti_cnf puerto1.jpg
2008.06.27 19:03 B K:\sicherung_webserver_h10__072008\berti-golf.de\public_html\bertichile\buenosaires\_vti_cnf\puerto1_tn.jpg --> bertigolfde.h1403220.stratoserver.net /public_html/bertichile/buenosaires/_vti_cnf puerto1_tn.jpg
2008.06.27 19:03 B K:\sicherung_webserver_h10__072008\berti-golf.de\public_html\bertichile\buenosaires\_vti_cnf\puerto2.jpg --> bertigolfde.h1403220.stratoserver.net /public_html/bertichile/buenosaires/_vti_cnf puerto2.jpg
2008.06.27 19:03 B K:\sicherung_webserver_h10__072008\berti-golf.de\public_html\bertichile\buenosaires\_vti_cnf\puerto3.jpg --> bertigolfde.h1403220.stratoserver.net /public_html/bertichile/buenosaires/_vti_cnf puerto3.jpg
2008.06.27 19:03 B K:\sicherung_webserver_h10__072008\berti-golf.de\public_html\bertichile\buenosaires\_vti_cnf\puerto4.jpg --> bertigolfde.h1403220.stratoserver.net /public_html/bertichile/buenosaires/_vti_cnf puerto4.jpg
2008.06.27 19:03 B K:\sicherung_webserver_h10__072008\berti-golf.de\public_html\bertichile\buenosaires\_vti_cnf\puerto5.jpg --> bertigolfde.h1403220.stratoserver.net /public_html/bertichile/buenosaires/_vti_cnf puerto5.jpg
2008.06.27 19:03 B K:\sicherung_webserver_h10__072008\berti-golf.de\public_html\bertichile\buenosaires\_vti_cnf\puerto5_tn.jpg --> bertigolfde.h1403220.stratoserver.net /public_html/bertichile/buenosaires/_vti_cnf puerto5_tn.jpg
2008.06.27 19:03 B K:\sicherung_webserver_h10__072008\berti-golf.de\public_html\bertichile\buenosaires\_vti_cnf\puerto6.jpg --> bertigolfde.h1403220.stratoserver.net /public_html/bertichile/buenosaires/_vti_cnf puerto6.jpg
2008.06.27 19:03 B K:\sicherung_webserver_h10__072008\berti-golf.de\public_html\bertichile\buenosaires\_vti_cnf\puerto6_tn.jpg --> bertigolfde.h1403220.stratoserver.net /public_html/bertichile/buenosaires/_vti_cnf puerto6_tn.jpg
2008.06.27 19:03 B K:\sicherung_webserver_h10__072008\berti-golf.de\public_html\bertichile\buenosaires\_vti_cnf\puerto7.jpg --> bertigolfde.h1403220.stratoserver.net /public_html/bertichile/buenosaires/_vti_cnf puerto7.jpg
2008.06.27 19:03 B K:\sicherung_webserver_h10__072008\berti-golf.de\public_html\bertichile\buenosaires\_vti_cnf\puerto7_tn.jpg --> bertigolfde.h1403220.stratoserver.net /public_html/bertichile/buenosaires/_vti_cnf puerto7_tn.jpg
2008.06.27 19:03 B K:\sicherung_webserver_h10__072008\berti-golf.de\public_html\bertichile\buenosaires\_vti_cnf\statue.jpg --> bertigolfde.h1403220.stratoserver.net /public_html/bertichile/buenosaires/_vti_cnf statue.jpg
2008.06.27 19:03 B K:\sicherung_webserver_h10__072008\berti-golf.de\public_html\bertichile\buenosaires\_vti_cnf\statue2.jpg --> bertigolfde.h1403220.stratoserver.net /public_html/bertichile/buenosaires/_vti_cnf statue2.jpg
2008.06.27 19:03 B K:\sicherung_webserver_h10__072008\berti-golf.de\public_html\bertichile\buenosaires\_vti_cnf\statue2_tn.jpg --> bertigolfde.h1403220.stratoserver.net /public_html/bertichile/buenosaires/_vti_cnf statue2_tn.jpg
2008.06.27 19:03 B K:\sicherung_webserver_h10__072008\berti-golf.de\public_html\bertichile\buenosaires\_vti_cnf\statue_tn.jpg --> bertigolfde.h1403220.stratoserver.net /public_html/bertichile/buenosaires/_vti_cnf statue_tn.jpg
2008.06.27 19:03 B K:\sicherung_webserver_h10__072008\berti-golf.de\public_html\bertichile\buenosaires\_vti_cnf\villa1.jpg --> bertigolfde.h1403220.stratoserver.net /public_html/bertichile/buenosaires/_vti_cnf villa1.jpg
2008.06.27 19:03 B K:\sicherung_webserver_h10__072008\berti-golf.de\public_html\bertichile\buenosaires\_vti_cnf\villa2.jpg --> bertigolfde.h1403220.stratoserver.net /public_html/bertichile/buenosaires/_vti_cnf villa2.jpg
2008.06.27 19:03 B K:\sicherung_webserver_h10__072008\berti-golf.de\public_html\bertichile\buenosaires\_vti_cnf\villa2_tn.jpg --> bertigolfde.h1403220.stratoserver.net /public_html/bertichile/buenosaires/_vti_cnf villa2_tn.jpg
2008.06.27 19:03 B K:\sicherung_webserver_h10__072008\berti-golf.de\public_html\bertichile\buenosaires\_vti_cnf\vorlage.html --> bertigolfde.h1403220.stratoserver.net /public_html/bertichile/buenosaires/_vti_cnf vorlage.html
2008.06.27 19:03 B K:\sicherung_webserver_h10__072008\berti-golf.de\public_html\bertichile\buenosaires\_vti_cnf\wolkenkratzer.jpg --> bertigolfde.h1403220.stratoserver.net /public_html/bertichile/buenosaires/_vti_cnf wolkenkratzer.jpg
2008.06.27 19:03 B K:\sicherung_webserver_h10__072008\berti-golf.de\public_html\bertichile\buenosaires\_vti_cnf\wolkenkratzer3.jpg --> bertigolfde.h1403220.stratoserver.net /public_html/bertichile/buenosaires/_vti_cnf wolkenkratzer3.jpg
2008.06.27 19:03 B K:\sicherung_webserver_h10__072008\berti-golf.de\public_html\bertichile\buenosaires\_vti_cnf\wolkenkratzer3_tn.jpg --> bertigolfde.h1403220.stratoserver.net /public_html/bertichile/buenosaires/_vti_cnf wolkenkratzer3_tn.jpg
2008.06.27 19:03 B K:\sicherung_webserver_h10__072008\berti-golf.de\public_html\bertichile\buenosaires\_vti_cnf\wolkenkratzer_tn.jpg --> bertigolfde.h1403220.stratoserver.net /public_html/bertichile/buenosaires/_vti_cnf wolkenkratzer_tn.jpg
2009.05.01 07:09 B Z:\home\Berti\public_html\www.berti-golf.de\bertichile\buenosaires\_vti_cnf\WS_FTP.LOG <-- bertigolfde.h1403220.stratoserver.net /public_html/bertichile/buenosaires/_vti_cnf WS_FTP.LOG
2009.12.08 17:53 B Z:\home\Berti\public_html\www.berti-golf.de\bertichile\buenosaires\_vti_cnf\av9dejulio.jpg --> h1667152.stratoserver.net /httpdocs/bertichile/buenosaires/_vti_cnf av9dejulio.jpg
2009.12.08 17:53 B Z:\home\Berti\public_html\www.berti-golf.de\bertichile\buenosaires\_vti_cnf\av9dejulio2.jpg --> h1667152.stratoserver.net /httpdocs/bertichile/buenosaires/_vti_cnf av9dejulio2.jpg
2009.12.08 17:53 B Z:\home\Berti\public_html\www.berti-golf.de\bertichile\buenosaires\_vti_cnf\av9dejulio2_tn.jpg --> h1667152.stratoserver.net /httpdocs/bertichile/buenosaires/_vti_cnf av9dejulio2_tn.jpg
2009.12.08 17:53 B Z:\home\Berti\public_html\www.berti-golf.de\bertichile\buenosaires\_vti_cnf\av9dejulio3.jpg --> h1667152.stratoserver.net /httpdocs/bertichile/buenosaires/_vti_cnf av9dejulio3.jpg
2009.12.08 17:53 B Z:\home\Berti\public_html\www.berti-golf.de\bertichile\buenosaires\_vti_cnf\av9dejulio3_tn.jpg --> h1667152.stratoserver.net /httpdocs/bertichile/buenosaires/_vti_cnf av9dejulio3_tn.jpg
2009.12.08 17:53 B Z:\home\Berti\public_html\www.berti-golf.de\bertichile\buenosaires\_vti_cnf\av9dejulio_tn.jpg --> h1667152.stratoserver.net /httpdocs/bertichile/buenosaires/_vti_cnf av9dejulio_tn.jpg
2009.12.08 17:53 B Z:\home\Berti\public_html\www.berti-golf.de\bertichile\buenosaires\_vti_cnf\ba.html --> h1667152.stratoserver.net /httpdocs/bertichile/buenosaires/_vti_cnf ba.html
2009.12.08 17:53 B Z:\home\Berti\public_html\www.berti-golf.de\bertichile\buenosaires\_vti_cnf\baneras.jpg --> h1667152.stratoserver.net /httpdocs/bertichile/buenosaires/_vti_cnf baneras.jpg
2009.12.08 17:53 B Z:\home\Berti\public_html\www.berti-golf.de\bertichile\buenosaires\_vti_cnf\baneras_tn.jpg --> h1667152.stratoserver.net /httpdocs/bertichile/buenosaires/_vti_cnf baneras_tn.jpg
2009.12.08 17:53 B Z:\home\Berti\public_html\www.berti-golf.de\bertichile\buenosaires\_vti_cnf\casarosa.jpg --> h1667152.stratoserver.net /httpdocs/bertichile/buenosaires/_vti_cnf casarosa.jpg
2009.12.08 17:53 B Z:\home\Berti\public_html\www.berti-golf.de\bertichile\buenosaires\_vti_cnf\casarosa_tn.jpg --> h1667152.stratoserver.net /httpdocs/bertichile/buenosaires/_vti_cnf casarosa_tn.jpg
2009.12.08 17:53 B Z:\home\Berti\public_html\www.berti-golf.de\bertichile\buenosaires\_vti_cnf\catedral1.jpg --> h1667152.stratoserver.net /httpdocs/bertichile/buenosaires/_vti_cnf catedral1.jpg
2009.12.08 17:53 B Z:\home\Berti\public_html\www.berti-golf.de\bertichile\buenosaires\_vti_cnf\catedral1_tn.jpg --> h1667152.stratoserver.net /httpdocs/bertichile/buenosaires/_vti_cnf catedral1_tn.jpg
2009.12.08 17:53 B Z:\home\Berti\public_html\www.berti-golf.de\bertichile\buenosaires\_vti_cnf\catedral2.jpg --> h1667152.stratoserver.net /httpdocs/bertichile/buenosaires/_vti_cnf catedral2.jpg
2009.12.08 17:53 B Z:\home\Berti\public_html\www.berti-golf.de\bertichile\buenosaires\_vti_cnf\catedral3.jpg --> h1667152.stratoserver.net /httpdocs/bertichile/buenosaires/_vti_cnf catedral3.jpg
2009.12.08 17:53 B Z:\home\Berti\public_html\www.berti-golf.de\bertichile\buenosaires\_vti_cnf\catedral4.jpg --> h1667152.stratoserver.net /httpdocs/bertichile/buenosaires/_vti_cnf catedral4.jpg
2009.12.08 17:53 B Z:\home\Berti\public_html\www.berti-golf.de\bertichile\buenosaires\_vti_cnf\catedral4_tn.jpg --> h1667152.stratoserver.net /httpdocs/bertichile/buenosaires/_vti_cnf catedral4_tn.jpg
2009.12.08 17:53 B Z:\home\Berti\public_html\www.berti-golf.de\bertichile\buenosaires\_vti_cnf\clocktower1.jpg --> h1667152.stratoserver.net /httpdocs/bertichile/buenosaires/_vti_cnf clocktower1.jpg
2009.12.08 17:53 B Z:\home\Berti\public_html\www.berti-golf.de\bertichile\buenosaires\_vti_cnf\clocktower1_tn.jpg --> h1667152.stratoserver.net /httpdocs/bertichile/buenosaires/_vti_cnf clocktower1_tn.jpg
2009.12.08 17:53 B Z:\home\Berti\public_html\www.berti-golf.de\bertichile\buenosaires\_vti_cnf\clocktower2.jpg --> h1667152.stratoserver.net /httpdocs/bertichile/buenosaires/_vti_cnf clocktower2.jpg
2009.12.08 17:53 B Z:\home\Berti\public_html\www.berti-golf.de\bertichile\buenosaires\_vti_cnf\clocktower3.jpg --> h1667152.stratoserver.net /httpdocs/bertichile/buenosaires/_vti_cnf clocktower3.jpg
2009.12.08 17:53 B Z:\home\Berti\public_html\www.berti-golf.de\bertichile\buenosaires\_vti_cnf\congreso1.jpg --> h1667152.stratoserver.net /httpdocs/bertichile/buenosaires/_vti_cnf congreso1.jpg
2009.12.08 17:53 B Z:\home\Berti\public_html\www.berti-golf.de\bertichile\buenosaires\_vti_cnf\congreso2.jpg --> h1667152.stratoserver.net /httpdocs/bertichile/buenosaires/_vti_cnf congreso2.jpg
2009.12.08 17:53 B Z:\home\Berti\public_html\www.berti-golf.de\bertichile\buenosaires\_vti_cnf\congreso2_tn.jpg --> h1667152.stratoserver.net /httpdocs/bertichile/buenosaires/_vti_cnf congreso2_tn.jpg
2009.12.08 17:53 B Z:\home\Berti\public_html\www.berti-golf.de\bertichile\buenosaires\_vti_cnf\congreso3.jpg --> h1667152.stratoserver.net /httpdocs/bertichile/buenosaires/_vti_cnf congreso3.jpg
2009.12.08 17:53 B Z:\home\Berti\public_html\www.berti-golf.de\bertichile\buenosaires\_vti_cnf\congreso4.jpg --> h1667152.stratoserver.net /httpdocs/bertichile/buenosaires/_vti_cnf congreso4.jpg
2009.12.08 17:53 B Z:\home\Berti\public_html\www.berti-golf.de\bertichile\buenosaires\_vti_cnf\congreso5.jpg --> h1667152.stratoserver.net /httpdocs/bertichile/buenosaires/_vti_cnf congreso5.jpg
2009.12.08 17:53 B Z:\home\Berti\public_html\www.berti-golf.de\bertichile\buenosaires\_vti_cnf\congreso5_tn.jpg --> h1667152.stratoserver.net /httpdocs/bertichile/buenosaires/_vti_cnf congreso5_tn.jpg
2009.12.08 17:53 B Z:\home\Berti\public_html\www.berti-golf.de\bertichile\buenosaires\_vti_cnf\congreso6.jpg --> h1667152.stratoserver.net /httpdocs/bertichile/buenosaires/_vti_cnf congreso6.jpg
2009.12.08 17:53 B Z:\home\Berti\public_html\www.berti-golf.de\bertichile\buenosaires\_vti_cnf\congreso7.jpg --> h1667152.stratoserver.net /httpdocs/bertichile/buenosaires/_vti_cnf congreso7.jpg
2009.12.08 17:53 B Z:\home\Berti\public_html\www.berti-golf.de\bertichile\buenosaires\_vti_cnf\congreso8.jpg --> h1667152.stratoserver.net /httpdocs/bertichile/buenosaires/_vti_cnf congreso8.jpg
2009.12.08 17:53 B Z:\home\Berti\public_html\www.berti-golf.de\bertichile\buenosaires\_vti_cnf\congreso8_tn.jpg --> h1667152.stratoserver.net /httpdocs/bertichile/buenosaires/_vti_cnf congreso8_tn.jpg
2009.12.08 17:53 B Z:\home\Berti\public_html\www.berti-golf.de\bertichile\buenosaires\_vti_cnf\congreso9.jpg --> h1667152.stratoserver.net /httpdocs/bertichile/buenosaires/_vti_cnf congreso9.jpg
2009.12.08 17:53 B Z:\home\Berti\public_html\www.berti-golf.de\bertichile\buenosaires\_vti_cnf\danquijote.jpg --> h1667152.stratoserver.net /httpdocs/bertichile/buenosaires/_vti_cnf danquijote.jpg
2009.12.08 17:53 B Z:\home\Berti\public_html\www.berti-golf.de\bertichile\buenosaires\_vti_cnf\danquijote_tn.jpg --> h1667152.stratoserver.net /httpdocs/bertichile/buenosaires/_vti_cnf danquijote_tn.jpg
2009.12.08 17:53 B Z:\home\Berti\public_html\www.berti-golf.de\bertichile\buenosaires\_vti_cnf\dsc00047.jpg --> h1667152.stratoserver.net /httpdocs/bertichile/buenosaires/_vti_cnf dsc00047.jpg
2009.12.08 17:53 B Z:\home\Berti\public_html\www.berti-golf.de\bertichile\buenosaires\_vti_cnf\dsc00048.jpg --> h1667152.stratoserver.net /httpdocs/bertichile/buenosaires/_vti_cnf dsc00048.jpg
2009.12.08 17:53 B Z:\home\Berti\public_html\www.berti-golf.de\bertichile\buenosaires\_vti_cnf\dsc00049.jpg --> h1667152.stratoserver.net /httpdocs/bertichile/buenosaires/_vti_cnf dsc00049.jpg
2009.12.08 17:53 B Z:\home\Berti\public_html\www.berti-golf.de\bertichile\buenosaires\_vti_cnf\dsc00050.jpg --> h1667152.stratoserver.net /httpdocs/bertichile/buenosaires/_vti_cnf dsc00050.jpg
2009.12.08 17:53 B Z:\home\Berti\public_html\www.berti-golf.de\bertichile\buenosaires\_vti_cnf\dsc00051.jpg --> h1667152.stratoserver.net /httpdocs/bertichile/buenosaires/_vti_cnf dsc00051.jpg
2009.12.08 17:53 B Z:\home\Berti\public_html\www.berti-golf.de\bertichile\buenosaires\_vti_cnf\dsc00052.jpg --> h1667152.stratoserver.net /httpdocs/bertichile/buenosaires/_vti_cnf dsc00052.jpg
2009.12.08 17:53 B Z:\home\Berti\public_html\www.berti-golf.de\bertichile\buenosaires\_vti_cnf\dsc00053.jpg --> h1667152.stratoserver.net /httpdocs/bertichile/buenosaires/_vti_cnf dsc00053.jpg
2009.12.08 17:53 B Z:\home\Berti\public_html\www.berti-golf.de\bertichile\buenosaires\_vti_cnf\dsc00054.jpg --> h1667152.stratoserver.net /httpdocs/bertichile/buenosaires/_vti_cnf dsc00054.jpg
2009.12.08 17:53 B Z:\home\Berti\public_html\www.berti-golf.de\bertichile\buenosaires\_vti_cnf\dsc00055.jpg --> h1667152.stratoserver.net /httpdocs/bertichile/buenosaires/_vti_cnf dsc00055.jpg
2009.12.08 17:53 B Z:\home\Berti\public_html\www.berti-golf.de\bertichile\buenosaires\_vti_cnf\dsc00056.jpg --> h1667152.stratoserver.net /httpdocs/bertichile/buenosaires/_vti_cnf dsc00056.jpg
2009.12.08 17:53 B Z:\home\Berti\public_html\www.berti-golf.de\bertichile\buenosaires\_vti_cnf\metro.jpg --> h1667152.stratoserver.net /httpdocs/bertichile/buenosaires/_vti_cnf metro.jpg
2009.12.08 17:53 B Z:\home\Berti\public_html\www.berti-golf.de\bertichile\buenosaires\_vti_cnf\metro2.jpg --> h1667152.stratoserver.net /httpdocs/bertichile/buenosaires/_vti_cnf metro2.jpg
2009.12.08 17:53 B Z:\home\Berti\public_html\www.berti-golf.de\bertichile\buenosaires\_vti_cnf\metro3.jpg --> h1667152.stratoserver.net /httpdocs/bertichile/buenosaires/_vti_cnf metro3.jpg
2009.12.08 17:53 B Z:\home\Berti\public_html\www.berti-golf.de\bertichile\buenosaires\_vti_cnf\metro_tn.jpg --> h1667152.stratoserver.net /httpdocs/bertichile/buenosaires/_vti_cnf metro_tn.jpg
2009.12.08 17:53 B Z:\home\Berti\public_html\www.berti-golf.de\bertichile\buenosaires\_vti_cnf\orgel.jpg --> h1667152.stratoserver.net /httpdocs/bertichile/buenosaires/_vti_cnf orgel.jpg
2009.12.08 17:53 B Z:\home\Berti\public_html\www.berti-golf.de\bertichile\buenosaires\_vti_cnf\orgel_tn.jpg --> h1667152.stratoserver.net /httpdocs/bertichile/buenosaires/_vti_cnf orgel_tn.jpg
2009.12.08 17:53 B Z:\home\Berti\public_html\www.berti-golf.de\bertichile\buenosaires\_vti_cnf\park1,jpg --> h1667152.stratoserver.net /httpdocs/bertichile/buenosaires/_vti_cnf park1,jpg
2009.12.08 17:53 B Z:\home\Berti\public_html\www.berti-golf.de\bertichile\buenosaires\_vti_cnf\park10.jpg --> h1667152.stratoserver.net /httpdocs/bertichile/buenosaires/_vti_cnf park10.jpg
2009.12.08 17:53 B Z:\home\Berti\public_html\www.berti-golf.de\bertichile\buenosaires\_vti_cnf\park10_tn.jpg --> h1667152.stratoserver.net /httpdocs/bertichile/buenosaires/_vti_cnf park10_tn.jpg
2009.12.08 17:53 B Z:\home\Berti\public_html\www.berti-golf.de\bertichile\buenosaires\_vti_cnf\park2.jpg --> h1667152.stratoserver.net /httpdocs/bertichile/buenosaires/_vti_cnf park2.jpg
2009.12.08 17:53 B Z:\home\Berti\public_html\www.berti-golf.de\bertichile\buenosaires\_vti_cnf\park2_tn.jpg --> h1667152.stratoserver.net /httpdocs/bertichile/buenosaires/_vti_cnf park2_tn.jpg
2009.12.08 17:53 B Z:\home\Berti\public_html\www.berti-golf.de\bertichile\buenosaires\_vti_cnf\park3.jpg --> h1667152.stratoserver.net /httpdocs/bertichile/buenosaires/_vti_cnf park3.jpg
2009.12.08 17:53 B Z:\home\Berti\public_html\www.berti-golf.de\bertichile\buenosaires\_vti_cnf\park5.jpg --> h1667152.stratoserver.net /httpdocs/bertichile/buenosaires/_vti_cnf park5.jpg
2009.12.08 17:53 B Z:\home\Berti\public_html\www.berti-golf.de\bertichile\buenosaires\_vti_cnf\park5_tn.jpg --> h1667152.stratoserver.net /httpdocs/bertichile/buenosaires/_vti_cnf park5_tn.jpg
2009.12.08 17:53 B Z:\home\Berti\public_html\www.berti-golf.de\bertichile\buenosaires\_vti_cnf\park6.jpg --> h1667152.stratoserver.net /httpdocs/bertichile/buenosaires/_vti_cnf park6.jpg
2009.12.08 17:53 B Z:\home\Berti\public_html\www.berti-golf.de\bertichile\buenosaires\_vti_cnf\park7.jpg --> h1667152.stratoserver.net /httpdocs/bertichile/buenosaires/_vti_cnf park7.jpg
2009.12.08 17:53 B Z:\home\Berti\public_html\www.berti-golf.de\bertichile\buenosaires\_vti_cnf\park7_tn.jpg --> h1667152.stratoserver.net /httpdocs/bertichile/buenosaires/_vti_cnf park7_tn.jpg
2009.12.08 17:53 B Z:\home\Berti\public_html\www.berti-golf.de\bertichile\buenosaires\_vti_cnf\park8.jpg --> h1667152.stratoserver.net /httpdocs/bertichile/buenosaires/_vti_cnf park8.jpg
2009.12.08 17:53 B Z:\home\Berti\public_html\www.berti-golf.de\bertichile\buenosaires\_vti_cnf\park9.jpg --> h1667152.stratoserver.net /httpdocs/bertichile/buenosaires/_vti_cnf park9.jpg
2009.12.08 17:53 B Z:\home\Berti\public_html\www.berti-golf.de\bertichile\buenosaires\_vti_cnf\park9_tn.jpg --> h1667152.stratoserver.net /httpdocs/bertichile/buenosaires/_vti_cnf park9_tn.jpg
2009.12.08 17:53 B Z:\home\Berti\public_html\www.berti-golf.de\bertichile\buenosaires\_vti_cnf\puerto1.jpg --> h1667152.stratoserver.net /httpdocs/bertichile/buenosaires/_vti_cnf puerto1.jpg
2009.12.08 17:53 B Z:\home\Berti\public_html\www.berti-golf.de\bertichile\buenosaires\_vti_cnf\puerto1_tn.jpg --> h1667152.stratoserver.net /httpdocs/bertichile/buenosaires/_vti_cnf puerto1_tn.jpg
2009.12.08 17:53 B Z:\home\Berti\public_html\www.berti-golf.de\bertichile\buenosaires\_vti_cnf\puerto2.jpg --> h1667152.stratoserver.net /httpdocs/bertichile/buenosaires/_vti_cnf puerto2.jpg
2009.12.08 17:53 B Z:\home\Berti\public_html\www.berti-golf.de\bertichile\buenosaires\_vti_cnf\puerto3.jpg --> h1667152.stratoserver.net /httpdocs/bertichile/buenosaires/_vti_cnf puerto3.jpg
2009.12.08 17:53 B Z:\home\Berti\public_html\www.berti-golf.de\bertichile\buenosaires\_vti_cnf\puerto4.jpg --> h1667152.stratoserver.net /httpdocs/bertichile/buenosaires/_vti_cnf puerto4.jpg
2009.12.08 17:53 B Z:\home\Berti\public_html\www.berti-golf.de\bertichile\buenosaires\_vti_cnf\puerto5.jpg --> h1667152.stratoserver.net /httpdocs/bertichile/buenosaires/_vti_cnf puerto5.jpg
2009.12.08 17:53 B Z:\home\Berti\public_html\www.berti-golf.de\bertichile\buenosaires\_vti_cnf\puerto5_tn.jpg --> h1667152.stratoserver.net /httpdocs/bertichile/buenosaires/_vti_cnf puerto5_tn.jpg
2009.12.08 17:53 B Z:\home\Berti\public_html\www.berti-golf.de\bertichile\buenosaires\_vti_cnf\puerto6.jpg --> h1667152.stratoserver.net /httpdocs/bertichile/buenosaires/_vti_cnf puerto6.jpg
2009.12.08 17:53 B Z:\home\Berti\public_html\www.berti-golf.de\bertichile\buenosaires\_vti_cnf\puerto6_tn.jpg --> h1667152.stratoserver.net /httpdocs/bertichile/buenosaires/_vti_cnf puerto6_tn.jpg
2009.12.08 17:53 B Z:\home\Berti\public_html\www.berti-golf.de\bertichile\buenosaires\_vti_cnf\puerto7.jpg --> h1667152.stratoserver.net /httpdocs/bertichile/buenosaires/_vti_cnf puerto7.jpg
2009.12.08 17:53 B Z:\home\Berti\public_html\www.berti-golf.de\bertichile\buenosaires\_vti_cnf\puerto7_tn.jpg --> h1667152.stratoserver.net /httpdocs/bertichile/buenosaires/_vti_cnf puerto7_tn.jpg
2009.12.08 17:53 B Z:\home\Berti\public_html\www.berti-golf.de\bertichile\buenosaires\_vti_cnf\statue.jpg --> h1667152.stratoserver.net /httpdocs/bertichile/buenosaires/_vti_cnf statue.jpg
2009.12.08 17:53 B Z:\home\Berti\public_html\www.berti-golf.de\bertichile\buenosaires\_vti_cnf\statue2.jpg --> h1667152.stratoserver.net /httpdocs/bertichile/buenosaires/_vti_cnf statue2.jpg
2009.12.08 17:53 B Z:\home\Berti\public_html\www.berti-golf.de\bertichile\buenosaires\_vti_cnf\statue2_tn.jpg --> h1667152.stratoserver.net /httpdocs/bertichile/buenosaires/_vti_cnf statue2_tn.jpg
2009.12.08 17:53 B Z:\home\Berti\public_html\www.berti-golf.de\bertichile\buenosaires\_vti_cnf\statue_tn.jpg --> h1667152.stratoserver.net /httpdocs/bertichile/buenosaires/_vti_cnf statue_tn.jpg
2009.12.08 17:53 B Z:\home\Berti\public_html\www.berti-golf.de\bertichile\buenosaires\_vti_cnf\villa1.jpg --> h1667152.stratoserver.net /httpdocs/bertichile/buenosaires/_vti_cnf villa1.jpg
2009.12.08 17:53 B Z:\home\Berti\public_html\www.berti-golf.de\bertichile\buenosaires\_vti_cnf\villa2.jpg --> h1667152.stratoserver.net /httpdocs/bertichile/buenosaires/_vti_cnf villa2.jpg
2009.12.08 17:53 B Z:\home\Berti\public_html\www.berti-golf.de\bertichile\buenosaires\_vti_cnf\villa2_tn.jpg --> h1667152.stratoserver.net /httpdocs/bertichile/buenosaires/_vti_cnf villa2_tn.jpg
2009.12.08 17:53 B Z:\home\Berti\public_html\www.berti-golf.de\bertichile\buenosaires\_vti_cnf\vorlage.html --> h1667152.stratoserver.net /httpdocs/bertichile/buenosaires/_vti_cnf vorlage.html
2009.12.08 17:53 B Z:\home\Berti\public_html\www.berti-golf.de\bertichile\buenosaires\_vti_cnf\wolkenkratzer.jpg --> h1667152.stratoserver.net /httpdocs/bertichile/buenosaires/_vti_cnf wolkenkratzer.jpg
2009.12.08 17:53 B Z:\home\Berti\public_html\www.berti-golf.de\bertichile\buenosaires\_vti_cnf\wolkenkratzer3.jpg --> h1667152.stratoserver.net /httpdocs/bertichile/buenosaires/_vti_cnf wolkenkratzer3.jpg
2009.12.08 17:53 B Z:\home\Berti\public_html\www.berti-golf.de\bertichile\buenosaires\_vti_cnf\wolkenkratzer3_tn.jpg --> h1667152.stratoserver.net /httpdocs/bertichile/buenosaires/_vti_cnf wolkenkratzer3_tn.jpg
2009.12.08 17:53 B Z:\home\Berti\public_html\www.berti-golf.de\bertichile\buenosaires\_vti_cnf\wolkenkratzer_tn.jpg --> h1667152.stratoserver.net /httpdocs/bertichile/buenosaires/_vti_cnf wolkenkratzer_tn.jpg
