2008.06.27 16:17 B K:\sicherung_webserver_h10__072008\berti-golf.de\public_html\bertichile\huente\dsc00003.jpg <-- www.berti-golf.de /public_html/bertichile/huente dsc00003.jpg
2008.06.27 16:17 B K:\sicherung_webserver_h10__072008\berti-golf.de\public_html\bertichile\huente\dsc00003_tn.jpg <-- www.berti-golf.de /public_html/bertichile/huente dsc00003_tn.jpg
2008.06.27 16:17 B K:\sicherung_webserver_h10__072008\berti-golf.de\public_html\bertichile\huente\dsc00004.jpg <-- www.berti-golf.de /public_html/bertichile/huente dsc00004.jpg
2008.06.27 16:17 B K:\sicherung_webserver_h10__072008\berti-golf.de\public_html\bertichile\huente\dsc00004_tn.jpg <-- www.berti-golf.de /public_html/bertichile/huente dsc00004_tn.jpg
2008.06.27 16:17 B K:\sicherung_webserver_h10__072008\berti-golf.de\public_html\bertichile\huente\dsc00005.jpg <-- www.berti-golf.de /public_html/bertichile/huente dsc00005.jpg
2008.06.27 16:17 B K:\sicherung_webserver_h10__072008\berti-golf.de\public_html\bertichile\huente\dsc00005_tn.jpg <-- www.berti-golf.de /public_html/bertichile/huente dsc00005_tn.jpg
2008.06.27 16:18 B K:\sicherung_webserver_h10__072008\berti-golf.de\public_html\bertichile\huente\dsc00006.jpg <-- www.berti-golf.de /public_html/bertichile/huente dsc00006.jpg
2008.06.27 16:18 B K:\sicherung_webserver_h10__072008\berti-golf.de\public_html\bertichile\huente\dsc00006_tn.jpg <-- www.berti-golf.de /public_html/bertichile/huente dsc00006_tn.jpg
2008.06.27 16:18 B K:\sicherung_webserver_h10__072008\berti-golf.de\public_html\bertichile\huente\dsc00011.jpg <-- www.berti-golf.de /public_html/bertichile/huente dsc00011.jpg
2008.06.27 16:18 B K:\sicherung_webserver_h10__072008\berti-golf.de\public_html\bertichile\huente\dsc00011_tn.jpg <-- www.berti-golf.de /public_html/bertichile/huente dsc00011_tn.jpg
2008.06.27 16:18 B K:\sicherung_webserver_h10__072008\berti-golf.de\public_html\bertichile\huente\dsc00013.jpg <-- www.berti-golf.de /public_html/bertichile/huente dsc00013.jpg
2008.06.27 16:18 B K:\sicherung_webserver_h10__072008\berti-golf.de\public_html\bertichile\huente\dsc00013_tn.jpg <-- www.berti-golf.de /public_html/bertichile/huente dsc00013_tn.jpg
2008.06.27 16:18 B K:\sicherung_webserver_h10__072008\berti-golf.de\public_html\bertichile\huente\dsc00014.jpg <-- www.berti-golf.de /public_html/bertichile/huente dsc00014.jpg
2008.06.27 16:18 B K:\sicherung_webserver_h10__072008\berti-golf.de\public_html\bertichile\huente\dsc00014_tn.jpg <-- www.berti-golf.de /public_html/bertichile/huente dsc00014_tn.jpg
2008.06.27 16:18 B K:\sicherung_webserver_h10__072008\berti-golf.de\public_html\bertichile\huente\dsc00019.jpg <-- www.berti-golf.de /public_html/bertichile/huente dsc00019.jpg
2008.06.27 16:18 B K:\sicherung_webserver_h10__072008\berti-golf.de\public_html\bertichile\huente\dsc00019_tn.jpg <-- www.berti-golf.de /public_html/bertichile/huente dsc00019_tn.jpg
2008.06.27 16:18 B K:\sicherung_webserver_h10__072008\berti-golf.de\public_html\bertichile\huente\dsc00020.jpg <-- www.berti-golf.de /public_html/bertichile/huente dsc00020.jpg
2008.06.27 16:18 B K:\sicherung_webserver_h10__072008\berti-golf.de\public_html\bertichile\huente\dsc00020_tn.jpg <-- www.berti-golf.de /public_html/bertichile/huente dsc00020_tn.jpg
2008.06.27 16:18 B K:\sicherung_webserver_h10__072008\berti-golf.de\public_html\bertichile\huente\dsc00021.jpg <-- www.berti-golf.de /public_html/bertichile/huente dsc00021.jpg
2008.06.27 16:18 B K:\sicherung_webserver_h10__072008\berti-golf.de\public_html\bertichile\huente\dsc00021_tn.jpg <-- www.berti-golf.de /public_html/bertichile/huente dsc00021_tn.jpg
2008.06.27 16:18 B K:\sicherung_webserver_h10__072008\berti-golf.de\public_html\bertichile\huente\dsc00022.jpg <-- www.berti-golf.de /public_html/bertichile/huente dsc00022.jpg
2008.06.27 16:18 B K:\sicherung_webserver_h10__072008\berti-golf.de\public_html\bertichile\huente\dsc00022_tn.jpg <-- www.berti-golf.de /public_html/bertichile/huente dsc00022_tn.jpg
2008.06.27 16:18 B K:\sicherung_webserver_h10__072008\berti-golf.de\public_html\bertichile\huente\dsc00023.jpg <-- www.berti-golf.de /public_html/bertichile/huente dsc00023.jpg
2008.06.27 16:18 B K:\sicherung_webserver_h10__072008\berti-golf.de\public_html\bertichile\huente\dsc00023_tn.jpg <-- www.berti-golf.de /public_html/bertichile/huente dsc00023_tn.jpg
2008.06.27 16:18 B K:\sicherung_webserver_h10__072008\berti-golf.de\public_html\bertichile\huente\dsc00035.jpg <-- www.berti-golf.de /public_html/bertichile/huente dsc00035.jpg
2008.06.27 16:18 B K:\sicherung_webserver_h10__072008\berti-golf.de\public_html\bertichile\huente\dsc00035_tn.jpg <-- www.berti-golf.de /public_html/bertichile/huente dsc00035_tn.jpg
2008.06.27 16:18 B K:\sicherung_webserver_h10__072008\berti-golf.de\public_html\bertichile\huente\dsc00036.jpg <-- www.berti-golf.de /public_html/bertichile/huente dsc00036.jpg
2008.06.27 16:18 B K:\sicherung_webserver_h10__072008\berti-golf.de\public_html\bertichile\huente\dsc00036_tn.jpg <-- www.berti-golf.de /public_html/bertichile/huente dsc00036_tn.jpg
2008.06.27 16:18 B K:\sicherung_webserver_h10__072008\berti-golf.de\public_html\bertichile\huente\huente.html <-- www.berti-golf.de /public_html/bertichile/huente huente.html
2008.06.27 19:14 B K:\sicherung_webserver_h10__072008\berti-golf.de\public_html\bertichile\huente\dsc00003.jpg --> bertigolfde.h1403220.stratoserver.net /public_html/bertichile/huente dsc00003.jpg
2008.06.27 19:14 B K:\sicherung_webserver_h10__072008\berti-golf.de\public_html\bertichile\huente\dsc00003_tn.jpg --> bertigolfde.h1403220.stratoserver.net /public_html/bertichile/huente dsc00003_tn.jpg
2008.06.27 19:14 B K:\sicherung_webserver_h10__072008\berti-golf.de\public_html\bertichile\huente\dsc00004.jpg --> bertigolfde.h1403220.stratoserver.net /public_html/bertichile/huente dsc00004.jpg
2008.06.27 19:14 B K:\sicherung_webserver_h10__072008\berti-golf.de\public_html\bertichile\huente\dsc00004_tn.jpg --> bertigolfde.h1403220.stratoserver.net /public_html/bertichile/huente dsc00004_tn.jpg
2008.06.27 19:14 B K:\sicherung_webserver_h10__072008\berti-golf.de\public_html\bertichile\huente\dsc00005.jpg --> bertigolfde.h1403220.stratoserver.net /public_html/bertichile/huente dsc00005.jpg
2008.06.27 19:14 B K:\sicherung_webserver_h10__072008\berti-golf.de\public_html\bertichile\huente\dsc00005_tn.jpg --> bertigolfde.h1403220.stratoserver.net /public_html/bertichile/huente dsc00005_tn.jpg
2008.06.27 19:14 B K:\sicherung_webserver_h10__072008\berti-golf.de\public_html\bertichile\huente\dsc00006.jpg --> bertigolfde.h1403220.stratoserver.net /public_html/bertichile/huente dsc00006.jpg
2008.06.27 19:14 B K:\sicherung_webserver_h10__072008\berti-golf.de\public_html\bertichile\huente\dsc00006_tn.jpg --> bertigolfde.h1403220.stratoserver.net /public_html/bertichile/huente dsc00006_tn.jpg
2008.06.27 19:14 B K:\sicherung_webserver_h10__072008\berti-golf.de\public_html\bertichile\huente\dsc00011.jpg --> bertigolfde.h1403220.stratoserver.net /public_html/bertichile/huente dsc00011.jpg
2008.06.27 19:14 B K:\sicherung_webserver_h10__072008\berti-golf.de\public_html\bertichile\huente\dsc00011_tn.jpg --> bertigolfde.h1403220.stratoserver.net /public_html/bertichile/huente dsc00011_tn.jpg
2008.06.27 19:14 B K:\sicherung_webserver_h10__072008\berti-golf.de\public_html\bertichile\huente\dsc00013.jpg --> bertigolfde.h1403220.stratoserver.net /public_html/bertichile/huente dsc00013.jpg
2008.06.27 19:14 B K:\sicherung_webserver_h10__072008\berti-golf.de\public_html\bertichile\huente\dsc00013_tn.jpg --> bertigolfde.h1403220.stratoserver.net /public_html/bertichile/huente dsc00013_tn.jpg
2008.06.27 19:14 B K:\sicherung_webserver_h10__072008\berti-golf.de\public_html\bertichile\huente\dsc00014.jpg --> bertigolfde.h1403220.stratoserver.net /public_html/bertichile/huente dsc00014.jpg
2008.06.27 19:14 B K:\sicherung_webserver_h10__072008\berti-golf.de\public_html\bertichile\huente\dsc00014_tn.jpg --> bertigolfde.h1403220.stratoserver.net /public_html/bertichile/huente dsc00014_tn.jpg
2008.06.27 19:14 B K:\sicherung_webserver_h10__072008\berti-golf.de\public_html\bertichile\huente\dsc00019.jpg --> bertigolfde.h1403220.stratoserver.net /public_html/bertichile/huente dsc00019.jpg
2008.06.27 19:14 B K:\sicherung_webserver_h10__072008\berti-golf.de\public_html\bertichile\huente\dsc00019_tn.jpg --> bertigolfde.h1403220.stratoserver.net /public_html/bertichile/huente dsc00019_tn.jpg
2008.06.27 19:14 B K:\sicherung_webserver_h10__072008\berti-golf.de\public_html\bertichile\huente\dsc00020.jpg --> bertigolfde.h1403220.stratoserver.net /public_html/bertichile/huente dsc00020.jpg
2008.06.27 19:14 B K:\sicherung_webserver_h10__072008\berti-golf.de\public_html\bertichile\huente\dsc00020_tn.jpg --> bertigolfde.h1403220.stratoserver.net /public_html/bertichile/huente dsc00020_tn.jpg
2008.06.27 19:14 B K:\sicherung_webserver_h10__072008\berti-golf.de\public_html\bertichile\huente\dsc00021.jpg --> bertigolfde.h1403220.stratoserver.net /public_html/bertichile/huente dsc00021.jpg
2008.06.27 19:14 B K:\sicherung_webserver_h10__072008\berti-golf.de\public_html\bertichile\huente\dsc00021_tn.jpg --> bertigolfde.h1403220.stratoserver.net /public_html/bertichile/huente dsc00021_tn.jpg
2008.06.27 19:14 B K:\sicherung_webserver_h10__072008\berti-golf.de\public_html\bertichile\huente\dsc00022.jpg --> bertigolfde.h1403220.stratoserver.net /public_html/bertichile/huente dsc00022.jpg
2008.06.27 19:14 B K:\sicherung_webserver_h10__072008\berti-golf.de\public_html\bertichile\huente\dsc00022_tn.jpg --> bertigolfde.h1403220.stratoserver.net /public_html/bertichile/huente dsc00022_tn.jpg
2008.06.27 19:14 B K:\sicherung_webserver_h10__072008\berti-golf.de\public_html\bertichile\huente\dsc00023.jpg --> bertigolfde.h1403220.stratoserver.net /public_html/bertichile/huente dsc00023.jpg
2008.06.27 19:14 B K:\sicherung_webserver_h10__072008\berti-golf.de\public_html\bertichile\huente\dsc00023_tn.jpg --> bertigolfde.h1403220.stratoserver.net /public_html/bertichile/huente dsc00023_tn.jpg
2008.06.27 19:14 B K:\sicherung_webserver_h10__072008\berti-golf.de\public_html\bertichile\huente\dsc00035.jpg --> bertigolfde.h1403220.stratoserver.net /public_html/bertichile/huente dsc00035.jpg
2008.06.27 19:14 B K:\sicherung_webserver_h10__072008\berti-golf.de\public_html\bertichile\huente\dsc00035_tn.jpg --> bertigolfde.h1403220.stratoserver.net /public_html/bertichile/huente dsc00035_tn.jpg
2008.06.27 19:14 B K:\sicherung_webserver_h10__072008\berti-golf.de\public_html\bertichile\huente\dsc00036.jpg --> bertigolfde.h1403220.stratoserver.net /public_html/bertichile/huente dsc00036.jpg
2008.06.27 19:14 B K:\sicherung_webserver_h10__072008\berti-golf.de\public_html\bertichile\huente\dsc00036_tn.jpg --> bertigolfde.h1403220.stratoserver.net /public_html/bertichile/huente dsc00036_tn.jpg
2008.06.27 19:14 B K:\sicherung_webserver_h10__072008\berti-golf.de\public_html\bertichile\huente\huente.html --> bertigolfde.h1403220.stratoserver.net /public_html/bertichile/huente huente.html
2009.05.01 07:14 B Z:\home\Berti\public_html\www.berti-golf.de\bertichile\huente\WS_FTP.LOG <-- bertigolfde.h1403220.stratoserver.net /public_html/bertichile/huente WS_FTP.LOG
2009.12.08 17:58 B Z:\home\Berti\public_html\www.berti-golf.de\bertichile\huente\dsc00003.jpg --> h1667152.stratoserver.net /httpdocs/bertichile/huente dsc00003.jpg
2009.12.08 17:58 B Z:\home\Berti\public_html\www.berti-golf.de\bertichile\huente\dsc00003_tn.jpg --> h1667152.stratoserver.net /httpdocs/bertichile/huente dsc00003_tn.jpg
2009.12.08 17:58 B Z:\home\Berti\public_html\www.berti-golf.de\bertichile\huente\dsc00004.jpg --> h1667152.stratoserver.net /httpdocs/bertichile/huente dsc00004.jpg
2009.12.08 17:58 B Z:\home\Berti\public_html\www.berti-golf.de\bertichile\huente\dsc00004_tn.jpg --> h1667152.stratoserver.net /httpdocs/bertichile/huente dsc00004_tn.jpg
2009.12.08 17:58 B Z:\home\Berti\public_html\www.berti-golf.de\bertichile\huente\dsc00005.jpg --> h1667152.stratoserver.net /httpdocs/bertichile/huente dsc00005.jpg
2009.12.08 17:58 B Z:\home\Berti\public_html\www.berti-golf.de\bertichile\huente\dsc00005_tn.jpg --> h1667152.stratoserver.net /httpdocs/bertichile/huente dsc00005_tn.jpg
2009.12.08 17:58 B Z:\home\Berti\public_html\www.berti-golf.de\bertichile\huente\dsc00006.jpg --> h1667152.stratoserver.net /httpdocs/bertichile/huente dsc00006.jpg
2009.12.08 17:58 B Z:\home\Berti\public_html\www.berti-golf.de\bertichile\huente\dsc00006_tn.jpg --> h1667152.stratoserver.net /httpdocs/bertichile/huente dsc00006_tn.jpg
2009.12.08 17:58 B Z:\home\Berti\public_html\www.berti-golf.de\bertichile\huente\dsc00011.jpg --> h1667152.stratoserver.net /httpdocs/bertichile/huente dsc00011.jpg
2009.12.08 17:58 B Z:\home\Berti\public_html\www.berti-golf.de\bertichile\huente\dsc00011_tn.jpg --> h1667152.stratoserver.net /httpdocs/bertichile/huente dsc00011_tn.jpg
2009.12.08 17:58 B Z:\home\Berti\public_html\www.berti-golf.de\bertichile\huente\dsc00013.jpg --> h1667152.stratoserver.net /httpdocs/bertichile/huente dsc00013.jpg
2009.12.08 17:58 B Z:\home\Berti\public_html\www.berti-golf.de\bertichile\huente\dsc00013_tn.jpg --> h1667152.stratoserver.net /httpdocs/bertichile/huente dsc00013_tn.jpg
2009.12.08 17:58 B Z:\home\Berti\public_html\www.berti-golf.de\bertichile\huente\dsc00014.jpg --> h1667152.stratoserver.net /httpdocs/bertichile/huente dsc00014.jpg
2009.12.08 17:58 B Z:\home\Berti\public_html\www.berti-golf.de\bertichile\huente\dsc00014_tn.jpg --> h1667152.stratoserver.net /httpdocs/bertichile/huente dsc00014_tn.jpg
2009.12.08 17:58 B Z:\home\Berti\public_html\www.berti-golf.de\bertichile\huente\dsc00019.jpg --> h1667152.stratoserver.net /httpdocs/bertichile/huente dsc00019.jpg
2009.12.08 17:58 B Z:\home\Berti\public_html\www.berti-golf.de\bertichile\huente\dsc00019_tn.jpg --> h1667152.stratoserver.net /httpdocs/bertichile/huente dsc00019_tn.jpg
2009.12.08 17:58 B Z:\home\Berti\public_html\www.berti-golf.de\bertichile\huente\dsc00020.jpg --> h1667152.stratoserver.net /httpdocs/bertichile/huente dsc00020.jpg
2009.12.08 17:59 B Z:\home\Berti\public_html\www.berti-golf.de\bertichile\huente\dsc00020_tn.jpg --> h1667152.stratoserver.net /httpdocs/bertichile/huente dsc00020_tn.jpg
2009.12.08 17:59 B Z:\home\Berti\public_html\www.berti-golf.de\bertichile\huente\dsc00021.jpg --> h1667152.stratoserver.net /httpdocs/bertichile/huente dsc00021.jpg
2009.12.08 17:59 B Z:\home\Berti\public_html\www.berti-golf.de\bertichile\huente\dsc00021_tn.jpg --> h1667152.stratoserver.net /httpdocs/bertichile/huente dsc00021_tn.jpg
2009.12.08 17:59 B Z:\home\Berti\public_html\www.berti-golf.de\bertichile\huente\dsc00022.jpg --> h1667152.stratoserver.net /httpdocs/bertichile/huente dsc00022.jpg
2009.12.08 17:59 B Z:\home\Berti\public_html\www.berti-golf.de\bertichile\huente\dsc00022_tn.jpg --> h1667152.stratoserver.net /httpdocs/bertichile/huente dsc00022_tn.jpg
2009.12.08 17:59 B Z:\home\Berti\public_html\www.berti-golf.de\bertichile\huente\dsc00023.jpg --> h1667152.stratoserver.net /httpdocs/bertichile/huente dsc00023.jpg
2009.12.08 17:59 B Z:\home\Berti\public_html\www.berti-golf.de\bertichile\huente\dsc00023_tn.jpg --> h1667152.stratoserver.net /httpdocs/bertichile/huente dsc00023_tn.jpg
2009.12.08 17:59 B Z:\home\Berti\public_html\www.berti-golf.de\bertichile\huente\dsc00035.jpg --> h1667152.stratoserver.net /httpdocs/bertichile/huente dsc00035.jpg
2009.12.08 17:59 B Z:\home\Berti\public_html\www.berti-golf.de\bertichile\huente\dsc00035_tn.jpg --> h1667152.stratoserver.net /httpdocs/bertichile/huente dsc00035_tn.jpg
2009.12.08 17:59 B Z:\home\Berti\public_html\www.berti-golf.de\bertichile\huente\dsc00036.jpg --> h1667152.stratoserver.net /httpdocs/bertichile/huente dsc00036.jpg
2009.12.08 17:59 B Z:\home\Berti\public_html\www.berti-golf.de\bertichile\huente\dsc00036_tn.jpg --> h1667152.stratoserver.net /httpdocs/bertichile/huente dsc00036_tn.jpg
2009.12.08 17:59 B Z:\home\Berti\public_html\www.berti-golf.de\bertichile\huente\huente.html --> h1667152.stratoserver.net /httpdocs/bertichile/huente huente.html
