2008.06.27 16:36 B K:\sicherung_webserver_h10__072008\berti-golf.de\public_html\bertichile\regen\fotoecke.jpg <-- www.berti-golf.de /public_html/bertichile/regen fotoecke.jpg
2008.06.27 16:36 B K:\sicherung_webserver_h10__072008\berti-golf.de\public_html\bertichile\regen\fotoecke_tn.jpg <-- www.berti-golf.de /public_html/bertichile/regen fotoecke_tn.jpg
2008.06.27 16:36 B K:\sicherung_webserver_h10__072008\berti-golf.de\public_html\bertichile\regen\regen.html <-- www.berti-golf.de /public_html/bertichile/regen regen.html
2008.06.27 16:36 B K:\sicherung_webserver_h10__072008\berti-golf.de\public_html\bertichile\regen\regen1.jpg <-- www.berti-golf.de /public_html/bertichile/regen regen1.jpg
2008.06.27 16:36 B K:\sicherung_webserver_h10__072008\berti-golf.de\public_html\bertichile\regen\regen1_tn.jpg <-- www.berti-golf.de /public_html/bertichile/regen regen1_tn.jpg
2008.06.27 16:36 B K:\sicherung_webserver_h10__072008\berti-golf.de\public_html\bertichile\regen\regen2.jpg <-- www.berti-golf.de /public_html/bertichile/regen regen2.jpg
2008.06.27 16:36 B K:\sicherung_webserver_h10__072008\berti-golf.de\public_html\bertichile\regen\regen2_tn.jpg <-- www.berti-golf.de /public_html/bertichile/regen regen2_tn.jpg
2008.06.27 16:36 B K:\sicherung_webserver_h10__072008\berti-golf.de\public_html\bertichile\regen\regen3.jpg <-- www.berti-golf.de /public_html/bertichile/regen regen3.jpg
2008.06.27 16:36 B K:\sicherung_webserver_h10__072008\berti-golf.de\public_html\bertichile\regen\regen3_tn.jpg <-- www.berti-golf.de /public_html/bertichile/regen regen3_tn.jpg
2008.06.27 16:36 B K:\sicherung_webserver_h10__072008\berti-golf.de\public_html\bertichile\regen\vorlage.html <-- www.berti-golf.de /public_html/bertichile/regen vorlage.html
2008.06.27 19:31 B K:\sicherung_webserver_h10__072008\berti-golf.de\public_html\bertichile\regen\fotoecke.jpg --> bertigolfde.h1403220.stratoserver.net /public_html/bertichile/regen fotoecke.jpg
2008.06.27 19:31 B K:\sicherung_webserver_h10__072008\berti-golf.de\public_html\bertichile\regen\fotoecke_tn.jpg --> bertigolfde.h1403220.stratoserver.net /public_html/bertichile/regen fotoecke_tn.jpg
2008.06.27 19:31 B K:\sicherung_webserver_h10__072008\berti-golf.de\public_html\bertichile\regen\regen.html --> bertigolfde.h1403220.stratoserver.net /public_html/bertichile/regen regen.html
2008.06.27 19:31 B K:\sicherung_webserver_h10__072008\berti-golf.de\public_html\bertichile\regen\regen1.jpg --> bertigolfde.h1403220.stratoserver.net /public_html/bertichile/regen regen1.jpg
2008.06.27 19:31 B K:\sicherung_webserver_h10__072008\berti-golf.de\public_html\bertichile\regen\regen1_tn.jpg --> bertigolfde.h1403220.stratoserver.net /public_html/bertichile/regen regen1_tn.jpg
2008.06.27 19:31 B K:\sicherung_webserver_h10__072008\berti-golf.de\public_html\bertichile\regen\regen2.jpg --> bertigolfde.h1403220.stratoserver.net /public_html/bertichile/regen regen2.jpg
2008.06.27 19:31 B K:\sicherung_webserver_h10__072008\berti-golf.de\public_html\bertichile\regen\regen2_tn.jpg --> bertigolfde.h1403220.stratoserver.net /public_html/bertichile/regen regen2_tn.jpg
2008.06.27 19:31 B K:\sicherung_webserver_h10__072008\berti-golf.de\public_html\bertichile\regen\regen3.jpg --> bertigolfde.h1403220.stratoserver.net /public_html/bertichile/regen regen3.jpg
2008.06.27 19:31 B K:\sicherung_webserver_h10__072008\berti-golf.de\public_html\bertichile\regen\regen3_tn.jpg --> bertigolfde.h1403220.stratoserver.net /public_html/bertichile/regen regen3_tn.jpg
2008.06.27 19:31 B K:\sicherung_webserver_h10__072008\berti-golf.de\public_html\bertichile\regen\vorlage.html --> bertigolfde.h1403220.stratoserver.net /public_html/bertichile/regen vorlage.html
2009.05.01 07:22 B Z:\home\Berti\public_html\www.berti-golf.de\bertichile\regen\WS_FTP.LOG <-- bertigolfde.h1403220.stratoserver.net /public_html/bertichile/regen WS_FTP.LOG
2009.12.08 18:07 B Z:\home\Berti\public_html\www.berti-golf.de\bertichile\regen\fotoecke.jpg --> h1667152.stratoserver.net /httpdocs/bertichile/regen fotoecke.jpg
2009.12.08 18:07 B Z:\home\Berti\public_html\www.berti-golf.de\bertichile\regen\fotoecke_tn.jpg --> h1667152.stratoserver.net /httpdocs/bertichile/regen fotoecke_tn.jpg
2009.12.08 18:07 B Z:\home\Berti\public_html\www.berti-golf.de\bertichile\regen\regen.html --> h1667152.stratoserver.net /httpdocs/bertichile/regen regen.html
2009.12.08 18:07 B Z:\home\Berti\public_html\www.berti-golf.de\bertichile\regen\regen1.jpg --> h1667152.stratoserver.net /httpdocs/bertichile/regen regen1.jpg
2009.12.08 18:07 B Z:\home\Berti\public_html\www.berti-golf.de\bertichile\regen\regen1_tn.jpg --> h1667152.stratoserver.net /httpdocs/bertichile/regen regen1_tn.jpg
2009.12.08 18:07 B Z:\home\Berti\public_html\www.berti-golf.de\bertichile\regen\regen2.jpg --> h1667152.stratoserver.net /httpdocs/bertichile/regen regen2.jpg
2009.12.08 18:07 B Z:\home\Berti\public_html\www.berti-golf.de\bertichile\regen\regen2_tn.jpg --> h1667152.stratoserver.net /httpdocs/bertichile/regen regen2_tn.jpg
2009.12.08 18:07 B Z:\home\Berti\public_html\www.berti-golf.de\bertichile\regen\regen3.jpg --> h1667152.stratoserver.net /httpdocs/bertichile/regen regen3.jpg
2009.12.08 18:07 B Z:\home\Berti\public_html\www.berti-golf.de\bertichile\regen\regen3_tn.jpg --> h1667152.stratoserver.net /httpdocs/bertichile/regen regen3_tn.jpg
2009.12.08 18:07 B Z:\home\Berti\public_html\www.berti-golf.de\bertichile\regen\vorlage.html --> h1667152.stratoserver.net /httpdocs/bertichile/regen vorlage.html
