2008.06.27 16:25 B K:\sicherung_webserver_h10__072008\berti-golf.de\public_html\bertichile\maipo\banomorales1.jpg <-- www.berti-golf.de /public_html/bertichile/maipo banomorales1.jpg
2008.06.27 16:25 B K:\sicherung_webserver_h10__072008\berti-golf.de\public_html\bertichile\maipo\banomorales1_tn.jpg <-- www.berti-golf.de /public_html/bertichile/maipo banomorales1_tn.jpg
2008.06.27 16:25 B K:\sicherung_webserver_h10__072008\berti-golf.de\public_html\bertichile\maipo\banomorales2.jpg <-- www.berti-golf.de /public_html/bertichile/maipo banomorales2.jpg
2008.06.27 16:25 B K:\sicherung_webserver_h10__072008\berti-golf.de\public_html\bertichile\maipo\banomorales2_tn.jpg <-- www.berti-golf.de /public_html/bertichile/maipo banomorales2_tn.jpg
2008.06.27 16:25 B K:\sicherung_webserver_h10__072008\berti-golf.de\public_html\bertichile\maipo\banomorales3.jpg <-- www.berti-golf.de /public_html/bertichile/maipo banomorales3.jpg
2008.06.27 16:25 B K:\sicherung_webserver_h10__072008\berti-golf.de\public_html\bertichile\maipo\banomorales3_tn.jpg <-- www.berti-golf.de /public_html/bertichile/maipo banomorales3_tn.jpg
2008.06.27 16:25 B K:\sicherung_webserver_h10__072008\berti-golf.de\public_html\bertichile\maipo\berti1.jpg <-- www.berti-golf.de /public_html/bertichile/maipo berti1.jpg
2008.06.27 16:25 B K:\sicherung_webserver_h10__072008\berti-golf.de\public_html\bertichile\maipo\berti1_tn.jpg <-- www.berti-golf.de /public_html/bertichile/maipo berti1_tn.jpg
2008.06.27 16:25 B K:\sicherung_webserver_h10__072008\berti-golf.de\public_html\bertichile\maipo\berti2.jpg <-- www.berti-golf.de /public_html/bertichile/maipo berti2.jpg
2008.06.27 16:25 B K:\sicherung_webserver_h10__072008\berti-golf.de\public_html\bertichile\maipo\berti2_tn.jpg <-- www.berti-golf.de /public_html/bertichile/maipo berti2_tn.jpg
2008.06.27 16:25 B K:\sicherung_webserver_h10__072008\berti-golf.de\public_html\bertichile\maipo\berti3.jpg <-- www.berti-golf.de /public_html/bertichile/maipo berti3.jpg
2008.06.27 16:25 B K:\sicherung_webserver_h10__072008\berti-golf.de\public_html\bertichile\maipo\berti3_tn.jpg <-- www.berti-golf.de /public_html/bertichile/maipo berti3_tn.jpg
2008.06.27 16:25 B K:\sicherung_webserver_h10__072008\berti-golf.de\public_html\bertichile\maipo\jeep1.jpg <-- www.berti-golf.de /public_html/bertichile/maipo jeep1.jpg
2008.06.27 16:25 B K:\sicherung_webserver_h10__072008\berti-golf.de\public_html\bertichile\maipo\jeep1_tn.jpg <-- www.berti-golf.de /public_html/bertichile/maipo jeep1_tn.jpg
2008.06.27 16:25 B K:\sicherung_webserver_h10__072008\berti-golf.de\public_html\bertichile\maipo\jeep2.jpg <-- www.berti-golf.de /public_html/bertichile/maipo jeep2.jpg
2008.06.27 16:25 B K:\sicherung_webserver_h10__072008\berti-golf.de\public_html\bertichile\maipo\jeep2_tn.jpg <-- www.berti-golf.de /public_html/bertichile/maipo jeep2_tn.jpg
2008.06.27 16:25 B K:\sicherung_webserver_h10__072008\berti-golf.de\public_html\bertichile\maipo\jeep3.jpg <-- www.berti-golf.de /public_html/bertichile/maipo jeep3.jpg
2008.06.27 16:25 B K:\sicherung_webserver_h10__072008\berti-golf.de\public_html\bertichile\maipo\jeep3_tn.jpg <-- www.berti-golf.de /public_html/bertichile/maipo jeep3_tn.jpg
2008.06.27 16:25 B K:\sicherung_webserver_h10__072008\berti-golf.de\public_html\bertichile\maipo\maipo.html <-- www.berti-golf.de /public_html/bertichile/maipo maipo.html
2008.06.27 16:25 B K:\sicherung_webserver_h10__072008\berti-golf.de\public_html\bertichile\maipo\morado1.jpg <-- www.berti-golf.de /public_html/bertichile/maipo morado1.jpg
2008.06.27 16:25 B K:\sicherung_webserver_h10__072008\berti-golf.de\public_html\bertichile\maipo\morado1_tn.jpg <-- www.berti-golf.de /public_html/bertichile/maipo morado1_tn.jpg
2008.06.27 16:25 B K:\sicherung_webserver_h10__072008\berti-golf.de\public_html\bertichile\maipo\morado3.jpg <-- www.berti-golf.de /public_html/bertichile/maipo morado3.jpg
2008.06.27 16:25 B K:\sicherung_webserver_h10__072008\berti-golf.de\public_html\bertichile\maipo\morado3_tn.jpg <-- www.berti-golf.de /public_html/bertichile/maipo morado3_tn.jpg
2008.06.27 16:25 B K:\sicherung_webserver_h10__072008\berti-golf.de\public_html\bertichile\maipo\refugioaleman.jpg <-- www.berti-golf.de /public_html/bertichile/maipo refugioaleman.jpg
2008.06.27 16:25 B K:\sicherung_webserver_h10__072008\berti-golf.de\public_html\bertichile\maipo\refugioaleman_tn.jpg <-- www.berti-golf.de /public_html/bertichile/maipo refugioaleman_tn.jpg
2008.06.27 16:25 B K:\sicherung_webserver_h10__072008\berti-golf.de\public_html\bertichile\maipo\vista2.jpg <-- www.berti-golf.de /public_html/bertichile/maipo vista2.jpg
2008.06.27 16:25 B K:\sicherung_webserver_h10__072008\berti-golf.de\public_html\bertichile\maipo\vista2_tn.jpg <-- www.berti-golf.de /public_html/bertichile/maipo vista2_tn.jpg
2008.06.27 16:25 B K:\sicherung_webserver_h10__072008\berti-golf.de\public_html\bertichile\maipo\volcano1.jpg <-- www.berti-golf.de /public_html/bertichile/maipo volcano1.jpg
2008.06.27 16:25 B K:\sicherung_webserver_h10__072008\berti-golf.de\public_html\bertichile\maipo\volcano1_tn.jpg <-- www.berti-golf.de /public_html/bertichile/maipo volcano1_tn.jpg
2008.06.27 16:25 B K:\sicherung_webserver_h10__072008\berti-golf.de\public_html\bertichile\maipo\w-b.jpg <-- www.berti-golf.de /public_html/bertichile/maipo w-b.jpg
2008.06.27 16:25 B K:\sicherung_webserver_h10__072008\berti-golf.de\public_html\bertichile\maipo\w-b_tn.jpg <-- www.berti-golf.de /public_html/bertichile/maipo w-b_tn.jpg
2008.06.27 19:20 B K:\sicherung_webserver_h10__072008\berti-golf.de\public_html\bertichile\maipo\banomorales1.jpg --> bertigolfde.h1403220.stratoserver.net /public_html/bertichile/maipo banomorales1.jpg
2008.06.27 19:20 B K:\sicherung_webserver_h10__072008\berti-golf.de\public_html\bertichile\maipo\banomorales1_tn.jpg --> bertigolfde.h1403220.stratoserver.net /public_html/bertichile/maipo banomorales1_tn.jpg
2008.06.27 19:20 B K:\sicherung_webserver_h10__072008\berti-golf.de\public_html\bertichile\maipo\banomorales2.jpg --> bertigolfde.h1403220.stratoserver.net /public_html/bertichile/maipo banomorales2.jpg
2008.06.27 19:20 B K:\sicherung_webserver_h10__072008\berti-golf.de\public_html\bertichile\maipo\banomorales2_tn.jpg --> bertigolfde.h1403220.stratoserver.net /public_html/bertichile/maipo banomorales2_tn.jpg
2008.06.27 19:20 B K:\sicherung_webserver_h10__072008\berti-golf.de\public_html\bertichile\maipo\banomorales3.jpg --> bertigolfde.h1403220.stratoserver.net /public_html/bertichile/maipo banomorales3.jpg
2008.06.27 19:20 B K:\sicherung_webserver_h10__072008\berti-golf.de\public_html\bertichile\maipo\banomorales3_tn.jpg --> bertigolfde.h1403220.stratoserver.net /public_html/bertichile/maipo banomorales3_tn.jpg
2008.06.27 19:20 B K:\sicherung_webserver_h10__072008\berti-golf.de\public_html\bertichile\maipo\berti1.jpg --> bertigolfde.h1403220.stratoserver.net /public_html/bertichile/maipo berti1.jpg
2008.06.27 19:20 B K:\sicherung_webserver_h10__072008\berti-golf.de\public_html\bertichile\maipo\berti1_tn.jpg --> bertigolfde.h1403220.stratoserver.net /public_html/bertichile/maipo berti1_tn.jpg
2008.06.27 19:20 B K:\sicherung_webserver_h10__072008\berti-golf.de\public_html\bertichile\maipo\berti2.jpg --> bertigolfde.h1403220.stratoserver.net /public_html/bertichile/maipo berti2.jpg
2008.06.27 19:20 B K:\sicherung_webserver_h10__072008\berti-golf.de\public_html\bertichile\maipo\berti2_tn.jpg --> bertigolfde.h1403220.stratoserver.net /public_html/bertichile/maipo berti2_tn.jpg
2008.06.27 19:20 B K:\sicherung_webserver_h10__072008\berti-golf.de\public_html\bertichile\maipo\berti3.jpg --> bertigolfde.h1403220.stratoserver.net /public_html/bertichile/maipo berti3.jpg
2008.06.27 19:20 B K:\sicherung_webserver_h10__072008\berti-golf.de\public_html\bertichile\maipo\berti3_tn.jpg --> bertigolfde.h1403220.stratoserver.net /public_html/bertichile/maipo berti3_tn.jpg
2008.06.27 19:20 B K:\sicherung_webserver_h10__072008\berti-golf.de\public_html\bertichile\maipo\jeep1.jpg --> bertigolfde.h1403220.stratoserver.net /public_html/bertichile/maipo jeep1.jpg
2008.06.27 19:20 B K:\sicherung_webserver_h10__072008\berti-golf.de\public_html\bertichile\maipo\jeep1_tn.jpg --> bertigolfde.h1403220.stratoserver.net /public_html/bertichile/maipo jeep1_tn.jpg
2008.06.27 19:20 B K:\sicherung_webserver_h10__072008\berti-golf.de\public_html\bertichile\maipo\jeep2.jpg --> bertigolfde.h1403220.stratoserver.net /public_html/bertichile/maipo jeep2.jpg
2008.06.27 19:20 B K:\sicherung_webserver_h10__072008\berti-golf.de\public_html\bertichile\maipo\jeep2_tn.jpg --> bertigolfde.h1403220.stratoserver.net /public_html/bertichile/maipo jeep2_tn.jpg
2008.06.27 19:20 B K:\sicherung_webserver_h10__072008\berti-golf.de\public_html\bertichile\maipo\jeep3.jpg --> bertigolfde.h1403220.stratoserver.net /public_html/bertichile/maipo jeep3.jpg
2008.06.27 19:20 B K:\sicherung_webserver_h10__072008\berti-golf.de\public_html\bertichile\maipo\jeep3_tn.jpg --> bertigolfde.h1403220.stratoserver.net /public_html/bertichile/maipo jeep3_tn.jpg
2008.06.27 19:20 B K:\sicherung_webserver_h10__072008\berti-golf.de\public_html\bertichile\maipo\maipo.html --> bertigolfde.h1403220.stratoserver.net /public_html/bertichile/maipo maipo.html
2008.06.27 19:20 B K:\sicherung_webserver_h10__072008\berti-golf.de\public_html\bertichile\maipo\morado1.jpg --> bertigolfde.h1403220.stratoserver.net /public_html/bertichile/maipo morado1.jpg
2008.06.27 19:20 B K:\sicherung_webserver_h10__072008\berti-golf.de\public_html\bertichile\maipo\morado1_tn.jpg --> bertigolfde.h1403220.stratoserver.net /public_html/bertichile/maipo morado1_tn.jpg
2008.06.27 19:20 B K:\sicherung_webserver_h10__072008\berti-golf.de\public_html\bertichile\maipo\morado3.jpg --> bertigolfde.h1403220.stratoserver.net /public_html/bertichile/maipo morado3.jpg
2008.06.27 19:20 B K:\sicherung_webserver_h10__072008\berti-golf.de\public_html\bertichile\maipo\morado3_tn.jpg --> bertigolfde.h1403220.stratoserver.net /public_html/bertichile/maipo morado3_tn.jpg
2008.06.27 19:20 B K:\sicherung_webserver_h10__072008\berti-golf.de\public_html\bertichile\maipo\refugioaleman.jpg --> bertigolfde.h1403220.stratoserver.net /public_html/bertichile/maipo refugioaleman.jpg
2008.06.27 19:20 B K:\sicherung_webserver_h10__072008\berti-golf.de\public_html\bertichile\maipo\refugioaleman_tn.jpg --> bertigolfde.h1403220.stratoserver.net /public_html/bertichile/maipo refugioaleman_tn.jpg
2008.06.27 19:20 B K:\sicherung_webserver_h10__072008\berti-golf.de\public_html\bertichile\maipo\vista2.jpg --> bertigolfde.h1403220.stratoserver.net /public_html/bertichile/maipo vista2.jpg
2008.06.27 19:20 B K:\sicherung_webserver_h10__072008\berti-golf.de\public_html\bertichile\maipo\vista2_tn.jpg --> bertigolfde.h1403220.stratoserver.net /public_html/bertichile/maipo vista2_tn.jpg
2008.06.27 19:20 B K:\sicherung_webserver_h10__072008\berti-golf.de\public_html\bertichile\maipo\volcano1.jpg --> bertigolfde.h1403220.stratoserver.net /public_html/bertichile/maipo volcano1.jpg
2008.06.27 19:20 B K:\sicherung_webserver_h10__072008\berti-golf.de\public_html\bertichile\maipo\volcano1_tn.jpg --> bertigolfde.h1403220.stratoserver.net /public_html/bertichile/maipo volcano1_tn.jpg
2008.06.27 19:20 B K:\sicherung_webserver_h10__072008\berti-golf.de\public_html\bertichile\maipo\w-b.jpg --> bertigolfde.h1403220.stratoserver.net /public_html/bertichile/maipo w-b.jpg
2008.06.27 19:20 B K:\sicherung_webserver_h10__072008\berti-golf.de\public_html\bertichile\maipo\w-b_tn.jpg --> bertigolfde.h1403220.stratoserver.net /public_html/bertichile/maipo w-b_tn.jpg
2009.05.01 07:16 B Z:\home\Berti\public_html\www.berti-golf.de\bertichile\maipo\WS_FTP.LOG <-- bertigolfde.h1403220.stratoserver.net /public_html/bertichile/maipo WS_FTP.LOG
2009.12.08 18:01 B Z:\home\Berti\public_html\www.berti-golf.de\bertichile\maipo\banomorales1.jpg --> h1667152.stratoserver.net /httpdocs/bertichile/maipo banomorales1.jpg
2009.12.08 18:01 B Z:\home\Berti\public_html\www.berti-golf.de\bertichile\maipo\banomorales1_tn.jpg --> h1667152.stratoserver.net /httpdocs/bertichile/maipo banomorales1_tn.jpg
2009.12.08 18:01 B Z:\home\Berti\public_html\www.berti-golf.de\bertichile\maipo\banomorales2.jpg --> h1667152.stratoserver.net /httpdocs/bertichile/maipo banomorales2.jpg
2009.12.08 18:01 B Z:\home\Berti\public_html\www.berti-golf.de\bertichile\maipo\banomorales2_tn.jpg --> h1667152.stratoserver.net /httpdocs/bertichile/maipo banomorales2_tn.jpg
2009.12.08 18:01 B Z:\home\Berti\public_html\www.berti-golf.de\bertichile\maipo\banomorales3.jpg --> h1667152.stratoserver.net /httpdocs/bertichile/maipo banomorales3.jpg
2009.12.08 18:01 B Z:\home\Berti\public_html\www.berti-golf.de\bertichile\maipo\banomorales3_tn.jpg --> h1667152.stratoserver.net /httpdocs/bertichile/maipo banomorales3_tn.jpg
2009.12.08 18:01 B Z:\home\Berti\public_html\www.berti-golf.de\bertichile\maipo\berti1.jpg --> h1667152.stratoserver.net /httpdocs/bertichile/maipo berti1.jpg
2009.12.08 18:01 B Z:\home\Berti\public_html\www.berti-golf.de\bertichile\maipo\berti1_tn.jpg --> h1667152.stratoserver.net /httpdocs/bertichile/maipo berti1_tn.jpg
2009.12.08 18:01 B Z:\home\Berti\public_html\www.berti-golf.de\bertichile\maipo\berti2.jpg --> h1667152.stratoserver.net /httpdocs/bertichile/maipo berti2.jpg
2009.12.08 18:01 B Z:\home\Berti\public_html\www.berti-golf.de\bertichile\maipo\berti2_tn.jpg --> h1667152.stratoserver.net /httpdocs/bertichile/maipo berti2_tn.jpg
2009.12.08 18:01 B Z:\home\Berti\public_html\www.berti-golf.de\bertichile\maipo\berti3.jpg --> h1667152.stratoserver.net /httpdocs/bertichile/maipo berti3.jpg
2009.12.08 18:01 B Z:\home\Berti\public_html\www.berti-golf.de\bertichile\maipo\berti3_tn.jpg --> h1667152.stratoserver.net /httpdocs/bertichile/maipo berti3_tn.jpg
2009.12.08 18:01 B Z:\home\Berti\public_html\www.berti-golf.de\bertichile\maipo\jeep1.jpg --> h1667152.stratoserver.net /httpdocs/bertichile/maipo jeep1.jpg
2009.12.08 18:01 B Z:\home\Berti\public_html\www.berti-golf.de\bertichile\maipo\jeep1_tn.jpg --> h1667152.stratoserver.net /httpdocs/bertichile/maipo jeep1_tn.jpg
2009.12.08 18:01 B Z:\home\Berti\public_html\www.berti-golf.de\bertichile\maipo\jeep2.jpg --> h1667152.stratoserver.net /httpdocs/bertichile/maipo jeep2.jpg
2009.12.08 18:01 B Z:\home\Berti\public_html\www.berti-golf.de\bertichile\maipo\jeep2_tn.jpg --> h1667152.stratoserver.net /httpdocs/bertichile/maipo jeep2_tn.jpg
2009.12.08 18:01 B Z:\home\Berti\public_html\www.berti-golf.de\bertichile\maipo\jeep3.jpg --> h1667152.stratoserver.net /httpdocs/bertichile/maipo jeep3.jpg
2009.12.08 18:01 B Z:\home\Berti\public_html\www.berti-golf.de\bertichile\maipo\jeep3_tn.jpg --> h1667152.stratoserver.net /httpdocs/bertichile/maipo jeep3_tn.jpg
2009.12.08 18:01 B Z:\home\Berti\public_html\www.berti-golf.de\bertichile\maipo\maipo.html --> h1667152.stratoserver.net /httpdocs/bertichile/maipo maipo.html
2009.12.08 18:01 B Z:\home\Berti\public_html\www.berti-golf.de\bertichile\maipo\morado1.jpg --> h1667152.stratoserver.net /httpdocs/bertichile/maipo morado1.jpg
2009.12.08 18:01 B Z:\home\Berti\public_html\www.berti-golf.de\bertichile\maipo\morado1_tn.jpg --> h1667152.stratoserver.net /httpdocs/bertichile/maipo morado1_tn.jpg
2009.12.08 18:01 B Z:\home\Berti\public_html\www.berti-golf.de\bertichile\maipo\morado3.jpg --> h1667152.stratoserver.net /httpdocs/bertichile/maipo morado3.jpg
2009.12.08 18:01 B Z:\home\Berti\public_html\www.berti-golf.de\bertichile\maipo\morado3_tn.jpg --> h1667152.stratoserver.net /httpdocs/bertichile/maipo morado3_tn.jpg
2009.12.08 18:01 B Z:\home\Berti\public_html\www.berti-golf.de\bertichile\maipo\refugioaleman.jpg --> h1667152.stratoserver.net /httpdocs/bertichile/maipo refugioaleman.jpg
2009.12.08 18:01 B Z:\home\Berti\public_html\www.berti-golf.de\bertichile\maipo\refugioaleman_tn.jpg --> h1667152.stratoserver.net /httpdocs/bertichile/maipo refugioaleman_tn.jpg
2009.12.08 18:01 B Z:\home\Berti\public_html\www.berti-golf.de\bertichile\maipo\vista2.jpg --> h1667152.stratoserver.net /httpdocs/bertichile/maipo vista2.jpg
2009.12.08 18:01 B Z:\home\Berti\public_html\www.berti-golf.de\bertichile\maipo\vista2_tn.jpg --> h1667152.stratoserver.net /httpdocs/bertichile/maipo vista2_tn.jpg
2009.12.08 18:01 B Z:\home\Berti\public_html\www.berti-golf.de\bertichile\maipo\volcano1.jpg --> h1667152.stratoserver.net /httpdocs/bertichile/maipo volcano1.jpg
2009.12.08 18:01 B Z:\home\Berti\public_html\www.berti-golf.de\bertichile\maipo\volcano1_tn.jpg --> h1667152.stratoserver.net /httpdocs/bertichile/maipo volcano1_tn.jpg
2009.12.08 18:02 B Z:\home\Berti\public_html\www.berti-golf.de\bertichile\maipo\w-b.jpg --> h1667152.stratoserver.net /httpdocs/bertichile/maipo w-b.jpg
2009.12.08 18:02 B Z:\home\Berti\public_html\www.berti-golf.de\bertichile\maipo\w-b_tn.jpg --> h1667152.stratoserver.net /httpdocs/bertichile/maipo w-b_tn.jpg
