2008.06.27 16:04 B K:\sicherung_webserver_h10__072008\berti-golf.de\public_html\bertichile\chiloe0201\_vti_cnf\chiloe.html <-- www.berti-golf.de /public_html/bertichile/chiloe0201/_vti_cnf chiloe.html
2008.06.27 16:04 B K:\sicherung_webserver_h10__072008\berti-golf.de\public_html\bertichile\chiloe0201\_vti_cnf\chiloe01.jpg <-- www.berti-golf.de /public_html/bertichile/chiloe0201/_vti_cnf chiloe01.jpg
2008.06.27 16:04 B K:\sicherung_webserver_h10__072008\berti-golf.de\public_html\bertichile\chiloe0201\_vti_cnf\chiloe02.jpg <-- www.berti-golf.de /public_html/bertichile/chiloe0201/_vti_cnf chiloe02.jpg
2008.06.27 16:04 B K:\sicherung_webserver_h10__072008\berti-golf.de\public_html\bertichile\chiloe0201\_vti_cnf\chiloe02_tn.jpg <-- www.berti-golf.de /public_html/bertichile/chiloe0201/_vti_cnf chiloe02_tn.jpg
2008.06.27 16:04 B K:\sicherung_webserver_h10__072008\berti-golf.de\public_html\bertichile\chiloe0201\_vti_cnf\chiloe03.jpg <-- www.berti-golf.de /public_html/bertichile/chiloe0201/_vti_cnf chiloe03.jpg
2008.06.27 16:04 B K:\sicherung_webserver_h10__072008\berti-golf.de\public_html\bertichile\chiloe0201\_vti_cnf\chiloe03_tn.jpg <-- www.berti-golf.de /public_html/bertichile/chiloe0201/_vti_cnf chiloe03_tn.jpg
2008.06.27 16:04 B K:\sicherung_webserver_h10__072008\berti-golf.de\public_html\bertichile\chiloe0201\_vti_cnf\chiloe04.jpg <-- www.berti-golf.de /public_html/bertichile/chiloe0201/_vti_cnf chiloe04.jpg
2008.06.27 16:04 B K:\sicherung_webserver_h10__072008\berti-golf.de\public_html\bertichile\chiloe0201\_vti_cnf\chiloe04_tn.jpg <-- www.berti-golf.de /public_html/bertichile/chiloe0201/_vti_cnf chiloe04_tn.jpg
2008.06.27 16:04 B K:\sicherung_webserver_h10__072008\berti-golf.de\public_html\bertichile\chiloe0201\_vti_cnf\chiloe05.jpg <-- www.berti-golf.de /public_html/bertichile/chiloe0201/_vti_cnf chiloe05.jpg
2008.06.27 16:04 B K:\sicherung_webserver_h10__072008\berti-golf.de\public_html\bertichile\chiloe0201\_vti_cnf\chiloe05_tn.jpg <-- www.berti-golf.de /public_html/bertichile/chiloe0201/_vti_cnf chiloe05_tn.jpg
2008.06.27 16:04 B K:\sicherung_webserver_h10__072008\berti-golf.de\public_html\bertichile\chiloe0201\_vti_cnf\chiloe06.jpg <-- www.berti-golf.de /public_html/bertichile/chiloe0201/_vti_cnf chiloe06.jpg
2008.06.27 16:04 B K:\sicherung_webserver_h10__072008\berti-golf.de\public_html\bertichile\chiloe0201\_vti_cnf\chiloe07.jpg <-- www.berti-golf.de /public_html/bertichile/chiloe0201/_vti_cnf chiloe07.jpg
2008.06.27 16:04 B K:\sicherung_webserver_h10__072008\berti-golf.de\public_html\bertichile\chiloe0201\_vti_cnf\chiloe08.jpg <-- www.berti-golf.de /public_html/bertichile/chiloe0201/_vti_cnf chiloe08.jpg
2008.06.27 16:04 B K:\sicherung_webserver_h10__072008\berti-golf.de\public_html\bertichile\chiloe0201\_vti_cnf\chiloe08_tn.jpg <-- www.berti-golf.de /public_html/bertichile/chiloe0201/_vti_cnf chiloe08_tn.jpg
2008.06.27 16:04 B K:\sicherung_webserver_h10__072008\berti-golf.de\public_html\bertichile\chiloe0201\_vti_cnf\chiloe09.jpg <-- www.berti-golf.de /public_html/bertichile/chiloe0201/_vti_cnf chiloe09.jpg
2008.06.27 16:04 B K:\sicherung_webserver_h10__072008\berti-golf.de\public_html\bertichile\chiloe0201\_vti_cnf\chiloe09_tn.jpg <-- www.berti-golf.de /public_html/bertichile/chiloe0201/_vti_cnf chiloe09_tn.jpg
2008.06.27 16:04 B K:\sicherung_webserver_h10__072008\berti-golf.de\public_html\bertichile\chiloe0201\_vti_cnf\chiloe10.jpg <-- www.berti-golf.de /public_html/bertichile/chiloe0201/_vti_cnf chiloe10.jpg
2008.06.27 16:04 B K:\sicherung_webserver_h10__072008\berti-golf.de\public_html\bertichile\chiloe0201\_vti_cnf\chiloe11.jpg <-- www.berti-golf.de /public_html/bertichile/chiloe0201/_vti_cnf chiloe11.jpg
2008.06.27 16:04 B K:\sicherung_webserver_h10__072008\berti-golf.de\public_html\bertichile\chiloe0201\_vti_cnf\chiloe11_tn.jpg <-- www.berti-golf.de /public_html/bertichile/chiloe0201/_vti_cnf chiloe11_tn.jpg
2008.06.27 16:04 B K:\sicherung_webserver_h10__072008\berti-golf.de\public_html\bertichile\chiloe0201\_vti_cnf\chiloe12.jpg <-- www.berti-golf.de /public_html/bertichile/chiloe0201/_vti_cnf chiloe12.jpg
2008.06.27 16:04 B K:\sicherung_webserver_h10__072008\berti-golf.de\public_html\bertichile\chiloe0201\_vti_cnf\chiloe13.jpg <-- www.berti-golf.de /public_html/bertichile/chiloe0201/_vti_cnf chiloe13.jpg
2008.06.27 16:04 B K:\sicherung_webserver_h10__072008\berti-golf.de\public_html\bertichile\chiloe0201\_vti_cnf\chiloe13_tn.jpg <-- www.berti-golf.de /public_html/bertichile/chiloe0201/_vti_cnf chiloe13_tn.jpg
2008.06.27 16:04 B K:\sicherung_webserver_h10__072008\berti-golf.de\public_html\bertichile\chiloe0201\_vti_cnf\chiloe14.jpg <-- www.berti-golf.de /public_html/bertichile/chiloe0201/_vti_cnf chiloe14.jpg
2008.06.27 16:04 B K:\sicherung_webserver_h10__072008\berti-golf.de\public_html\bertichile\chiloe0201\_vti_cnf\chiloe15.jpg <-- www.berti-golf.de /public_html/bertichile/chiloe0201/_vti_cnf chiloe15.jpg
2008.06.27 16:04 B K:\sicherung_webserver_h10__072008\berti-golf.de\public_html\bertichile\chiloe0201\_vti_cnf\chiloe15_tn.jpg <-- www.berti-golf.de /public_html/bertichile/chiloe0201/_vti_cnf chiloe15_tn.jpg
2008.06.27 16:04 B K:\sicherung_webserver_h10__072008\berti-golf.de\public_html\bertichile\chiloe0201\_vti_cnf\chiloe16.jpg <-- www.berti-golf.de /public_html/bertichile/chiloe0201/_vti_cnf chiloe16.jpg
2008.06.27 16:04 B K:\sicherung_webserver_h10__072008\berti-golf.de\public_html\bertichile\chiloe0201\_vti_cnf\chiloe16_tn.jpg <-- www.berti-golf.de /public_html/bertichile/chiloe0201/_vti_cnf chiloe16_tn.jpg
2008.06.27 16:04 B K:\sicherung_webserver_h10__072008\berti-golf.de\public_html\bertichile\chiloe0201\_vti_cnf\chiloe17.jpg <-- www.berti-golf.de /public_html/bertichile/chiloe0201/_vti_cnf chiloe17.jpg
2008.06.27 16:04 B K:\sicherung_webserver_h10__072008\berti-golf.de\public_html\bertichile\chiloe0201\_vti_cnf\chiloe17_tn.jpg <-- www.berti-golf.de /public_html/bertichile/chiloe0201/_vti_cnf chiloe17_tn.jpg
2008.06.27 16:04 B K:\sicherung_webserver_h10__072008\berti-golf.de\public_html\bertichile\chiloe0201\_vti_cnf\chiloe18.jpg <-- www.berti-golf.de /public_html/bertichile/chiloe0201/_vti_cnf chiloe18.jpg
2008.06.27 16:04 B K:\sicherung_webserver_h10__072008\berti-golf.de\public_html\bertichile\chiloe0201\_vti_cnf\chiloe18_tn.jpg <-- www.berti-golf.de /public_html/bertichile/chiloe0201/_vti_cnf chiloe18_tn.jpg
2008.06.27 16:04 B K:\sicherung_webserver_h10__072008\berti-golf.de\public_html\bertichile\chiloe0201\_vti_cnf\chiloe19.jpg <-- www.berti-golf.de /public_html/bertichile/chiloe0201/_vti_cnf chiloe19.jpg
2008.06.27 16:04 B K:\sicherung_webserver_h10__072008\berti-golf.de\public_html\bertichile\chiloe0201\_vti_cnf\chiloe20.jpg <-- www.berti-golf.de /public_html/bertichile/chiloe0201/_vti_cnf chiloe20.jpg
2008.06.27 16:04 B K:\sicherung_webserver_h10__072008\berti-golf.de\public_html\bertichile\chiloe0201\_vti_cnf\chiloe20_tn.jpg <-- www.berti-golf.de /public_html/bertichile/chiloe0201/_vti_cnf chiloe20_tn.jpg
2008.06.27 16:04 B K:\sicherung_webserver_h10__072008\berti-golf.de\public_html\bertichile\chiloe0201\_vti_cnf\chiloe21.jpg <-- www.berti-golf.de /public_html/bertichile/chiloe0201/_vti_cnf chiloe21.jpg
2008.06.27 16:04 B K:\sicherung_webserver_h10__072008\berti-golf.de\public_html\bertichile\chiloe0201\_vti_cnf\chiloe22.jpg <-- www.berti-golf.de /public_html/bertichile/chiloe0201/_vti_cnf chiloe22.jpg
2008.06.27 16:04 B K:\sicherung_webserver_h10__072008\berti-golf.de\public_html\bertichile\chiloe0201\_vti_cnf\chiloe22_tn.jpg <-- www.berti-golf.de /public_html/bertichile/chiloe0201/_vti_cnf chiloe22_tn.jpg
2008.06.27 16:04 B K:\sicherung_webserver_h10__072008\berti-golf.de\public_html\bertichile\chiloe0201\_vti_cnf\chiloe23.jpg <-- www.berti-golf.de /public_html/bertichile/chiloe0201/_vti_cnf chiloe23.jpg
2008.06.27 16:04 B K:\sicherung_webserver_h10__072008\berti-golf.de\public_html\bertichile\chiloe0201\_vti_cnf\chiloe24.jpg <-- www.berti-golf.de /public_html/bertichile/chiloe0201/_vti_cnf chiloe24.jpg
2008.06.27 16:04 B K:\sicherung_webserver_h10__072008\berti-golf.de\public_html\bertichile\chiloe0201\_vti_cnf\chiloe24_tn.jpg <-- www.berti-golf.de /public_html/bertichile/chiloe0201/_vti_cnf chiloe24_tn.jpg
2008.06.27 16:04 B K:\sicherung_webserver_h10__072008\berti-golf.de\public_html\bertichile\chiloe0201\_vti_cnf\chiloe25.jpg <-- www.berti-golf.de /public_html/bertichile/chiloe0201/_vti_cnf chiloe25.jpg
2008.06.27 16:04 B K:\sicherung_webserver_h10__072008\berti-golf.de\public_html\bertichile\chiloe0201\_vti_cnf\chiloe25_tn.jpg <-- www.berti-golf.de /public_html/bertichile/chiloe0201/_vti_cnf chiloe25_tn.jpg
2008.06.27 16:04 B K:\sicherung_webserver_h10__072008\berti-golf.de\public_html\bertichile\chiloe0201\_vti_cnf\chiloe26.jpg <-- www.berti-golf.de /public_html/bertichile/chiloe0201/_vti_cnf chiloe26.jpg
2008.06.27 16:04 B K:\sicherung_webserver_h10__072008\berti-golf.de\public_html\bertichile\chiloe0201\_vti_cnf\chiloe27.jpg <-- www.berti-golf.de /public_html/bertichile/chiloe0201/_vti_cnf chiloe27.jpg
2008.06.27 16:04 B K:\sicherung_webserver_h10__072008\berti-golf.de\public_html\bertichile\chiloe0201\_vti_cnf\chiloe28.jpg <-- www.berti-golf.de /public_html/bertichile/chiloe0201/_vti_cnf chiloe28.jpg
2008.06.27 16:04 B K:\sicherung_webserver_h10__072008\berti-golf.de\public_html\bertichile\chiloe0201\_vti_cnf\chiloe28_tn.jpg <-- www.berti-golf.de /public_html/bertichile/chiloe0201/_vti_cnf chiloe28_tn.jpg
2008.06.27 16:04 B K:\sicherung_webserver_h10__072008\berti-golf.de\public_html\bertichile\chiloe0201\_vti_cnf\chiloe29.jpg <-- www.berti-golf.de /public_html/bertichile/chiloe0201/_vti_cnf chiloe29.jpg
2008.06.27 16:04 B K:\sicherung_webserver_h10__072008\berti-golf.de\public_html\bertichile\chiloe0201\_vti_cnf\chiloe29_tn.jpg <-- www.berti-golf.de /public_html/bertichile/chiloe0201/_vti_cnf chiloe29_tn.jpg
2008.06.27 16:04 B K:\sicherung_webserver_h10__072008\berti-golf.de\public_html\bertichile\chiloe0201\_vti_cnf\chiloe30.jpg <-- www.berti-golf.de /public_html/bertichile/chiloe0201/_vti_cnf chiloe30.jpg
2008.06.27 16:05 B K:\sicherung_webserver_h10__072008\berti-golf.de\public_html\bertichile\chiloe0201\_vti_cnf\chiloe31.jpg <-- www.berti-golf.de /public_html/bertichile/chiloe0201/_vti_cnf chiloe31.jpg
2008.06.27 16:05 B K:\sicherung_webserver_h10__072008\berti-golf.de\public_html\bertichile\chiloe0201\_vti_cnf\chiloe32.jpg <-- www.berti-golf.de /public_html/bertichile/chiloe0201/_vti_cnf chiloe32.jpg
2008.06.27 16:05 B K:\sicherung_webserver_h10__072008\berti-golf.de\public_html\bertichile\chiloe0201\_vti_cnf\chiloe32_tn.jpg <-- www.berti-golf.de /public_html/bertichile/chiloe0201/_vti_cnf chiloe32_tn.jpg
2008.06.27 16:05 B K:\sicherung_webserver_h10__072008\berti-golf.de\public_html\bertichile\chiloe0201\_vti_cnf\chiloe33.jpg <-- www.berti-golf.de /public_html/bertichile/chiloe0201/_vti_cnf chiloe33.jpg
2008.06.27 16:05 B K:\sicherung_webserver_h10__072008\berti-golf.de\public_html\bertichile\chiloe0201\_vti_cnf\chiloe33_tn.jpg <-- www.berti-golf.de /public_html/bertichile/chiloe0201/_vti_cnf chiloe33_tn.jpg
2008.06.27 16:05 B K:\sicherung_webserver_h10__072008\berti-golf.de\public_html\bertichile\chiloe0201\_vti_cnf\chiloe34.jpg <-- www.berti-golf.de /public_html/bertichile/chiloe0201/_vti_cnf chiloe34.jpg
2008.06.27 16:05 B K:\sicherung_webserver_h10__072008\berti-golf.de\public_html\bertichile\chiloe0201\_vti_cnf\chiloe34_tn.jpg <-- www.berti-golf.de /public_html/bertichile/chiloe0201/_vti_cnf chiloe34_tn.jpg
2008.06.27 16:05 B K:\sicherung_webserver_h10__072008\berti-golf.de\public_html\bertichile\chiloe0201\_vti_cnf\chiloe35.jpg <-- www.berti-golf.de /public_html/bertichile/chiloe0201/_vti_cnf chiloe35.jpg
2008.06.27 16:05 B K:\sicherung_webserver_h10__072008\berti-golf.de\public_html\bertichile\chiloe0201\_vti_cnf\chiloe35_tn.jpg <-- www.berti-golf.de /public_html/bertichile/chiloe0201/_vti_cnf chiloe35_tn.jpg
2008.06.27 16:05 B K:\sicherung_webserver_h10__072008\berti-golf.de\public_html\bertichile\chiloe0201\_vti_cnf\chiloe36.jpg <-- www.berti-golf.de /public_html/bertichile/chiloe0201/_vti_cnf chiloe36.jpg
2008.06.27 16:05 B K:\sicherung_webserver_h10__072008\berti-golf.de\public_html\bertichile\chiloe0201\_vti_cnf\chiloe37.jpg <-- www.berti-golf.de /public_html/bertichile/chiloe0201/_vti_cnf chiloe37.jpg
2008.06.27 16:05 B K:\sicherung_webserver_h10__072008\berti-golf.de\public_html\bertichile\chiloe0201\_vti_cnf\chiloe37_tn.jpg <-- www.berti-golf.de /public_html/bertichile/chiloe0201/_vti_cnf chiloe37_tn.jpg
2008.06.27 16:05 B K:\sicherung_webserver_h10__072008\berti-golf.de\public_html\bertichile\chiloe0201\_vti_cnf\chiloe38.jpg <-- www.berti-golf.de /public_html/bertichile/chiloe0201/_vti_cnf chiloe38.jpg
2008.06.27 16:05 B K:\sicherung_webserver_h10__072008\berti-golf.de\public_html\bertichile\chiloe0201\_vti_cnf\chiloe39.jpg <-- www.berti-golf.de /public_html/bertichile/chiloe0201/_vti_cnf chiloe39.jpg
2008.06.27 16:05 B K:\sicherung_webserver_h10__072008\berti-golf.de\public_html\bertichile\chiloe0201\_vti_cnf\chiloe39_tn.jpg <-- www.berti-golf.de /public_html/bertichile/chiloe0201/_vti_cnf chiloe39_tn.jpg
2008.06.27 19:04 B K:\sicherung_webserver_h10__072008\berti-golf.de\public_html\bertichile\chiloe0201\_vti_cnf\chiloe.html --> bertigolfde.h1403220.stratoserver.net /public_html/bertichile/chiloe0201/_vti_cnf chiloe.html
2008.06.27 19:04 B K:\sicherung_webserver_h10__072008\berti-golf.de\public_html\bertichile\chiloe0201\_vti_cnf\chiloe01.jpg --> bertigolfde.h1403220.stratoserver.net /public_html/bertichile/chiloe0201/_vti_cnf chiloe01.jpg
2008.06.27 19:04 B K:\sicherung_webserver_h10__072008\berti-golf.de\public_html\bertichile\chiloe0201\_vti_cnf\chiloe02.jpg --> bertigolfde.h1403220.stratoserver.net /public_html/bertichile/chiloe0201/_vti_cnf chiloe02.jpg
2008.06.27 19:04 B K:\sicherung_webserver_h10__072008\berti-golf.de\public_html\bertichile\chiloe0201\_vti_cnf\chiloe02_tn.jpg --> bertigolfde.h1403220.stratoserver.net /public_html/bertichile/chiloe0201/_vti_cnf chiloe02_tn.jpg
2008.06.27 19:04 B K:\sicherung_webserver_h10__072008\berti-golf.de\public_html\bertichile\chiloe0201\_vti_cnf\chiloe03.jpg --> bertigolfde.h1403220.stratoserver.net /public_html/bertichile/chiloe0201/_vti_cnf chiloe03.jpg
2008.06.27 19:04 B K:\sicherung_webserver_h10__072008\berti-golf.de\public_html\bertichile\chiloe0201\_vti_cnf\chiloe03_tn.jpg --> bertigolfde.h1403220.stratoserver.net /public_html/bertichile/chiloe0201/_vti_cnf chiloe03_tn.jpg
2008.06.27 19:04 B K:\sicherung_webserver_h10__072008\berti-golf.de\public_html\bertichile\chiloe0201\_vti_cnf\chiloe04.jpg --> bertigolfde.h1403220.stratoserver.net /public_html/bertichile/chiloe0201/_vti_cnf chiloe04.jpg
2008.06.27 19:04 B K:\sicherung_webserver_h10__072008\berti-golf.de\public_html\bertichile\chiloe0201\_vti_cnf\chiloe04_tn.jpg --> bertigolfde.h1403220.stratoserver.net /public_html/bertichile/chiloe0201/_vti_cnf chiloe04_tn.jpg
2008.06.27 19:04 B K:\sicherung_webserver_h10__072008\berti-golf.de\public_html\bertichile\chiloe0201\_vti_cnf\chiloe05.jpg --> bertigolfde.h1403220.stratoserver.net /public_html/bertichile/chiloe0201/_vti_cnf chiloe05.jpg
2008.06.27 19:04 B K:\sicherung_webserver_h10__072008\berti-golf.de\public_html\bertichile\chiloe0201\_vti_cnf\chiloe05_tn.jpg --> bertigolfde.h1403220.stratoserver.net /public_html/bertichile/chiloe0201/_vti_cnf chiloe05_tn.jpg
2008.06.27 19:04 B K:\sicherung_webserver_h10__072008\berti-golf.de\public_html\bertichile\chiloe0201\_vti_cnf\chiloe06.jpg --> bertigolfde.h1403220.stratoserver.net /public_html/bertichile/chiloe0201/_vti_cnf chiloe06.jpg
2008.06.27 19:04 B K:\sicherung_webserver_h10__072008\berti-golf.de\public_html\bertichile\chiloe0201\_vti_cnf\chiloe07.jpg --> bertigolfde.h1403220.stratoserver.net /public_html/bertichile/chiloe0201/_vti_cnf chiloe07.jpg
2008.06.27 19:04 B K:\sicherung_webserver_h10__072008\berti-golf.de\public_html\bertichile\chiloe0201\_vti_cnf\chiloe08.jpg --> bertigolfde.h1403220.stratoserver.net /public_html/bertichile/chiloe0201/_vti_cnf chiloe08.jpg
2008.06.27 19:04 B K:\sicherung_webserver_h10__072008\berti-golf.de\public_html\bertichile\chiloe0201\_vti_cnf\chiloe08_tn.jpg --> bertigolfde.h1403220.stratoserver.net /public_html/bertichile/chiloe0201/_vti_cnf chiloe08_tn.jpg
2008.06.27 19:04 B K:\sicherung_webserver_h10__072008\berti-golf.de\public_html\bertichile\chiloe0201\_vti_cnf\chiloe09.jpg --> bertigolfde.h1403220.stratoserver.net /public_html/bertichile/chiloe0201/_vti_cnf chiloe09.jpg
2008.06.27 19:04 B K:\sicherung_webserver_h10__072008\berti-golf.de\public_html\bertichile\chiloe0201\_vti_cnf\chiloe09_tn.jpg --> bertigolfde.h1403220.stratoserver.net /public_html/bertichile/chiloe0201/_vti_cnf chiloe09_tn.jpg
2008.06.27 19:04 B K:\sicherung_webserver_h10__072008\berti-golf.de\public_html\bertichile\chiloe0201\_vti_cnf\chiloe10.jpg --> bertigolfde.h1403220.stratoserver.net /public_html/bertichile/chiloe0201/_vti_cnf chiloe10.jpg
2008.06.27 19:04 B K:\sicherung_webserver_h10__072008\berti-golf.de\public_html\bertichile\chiloe0201\_vti_cnf\chiloe11.jpg --> bertigolfde.h1403220.stratoserver.net /public_html/bertichile/chiloe0201/_vti_cnf chiloe11.jpg
2008.06.27 19:04 B K:\sicherung_webserver_h10__072008\berti-golf.de\public_html\bertichile\chiloe0201\_vti_cnf\chiloe11_tn.jpg --> bertigolfde.h1403220.stratoserver.net /public_html/bertichile/chiloe0201/_vti_cnf chiloe11_tn.jpg
2008.06.27 19:04 B K:\sicherung_webserver_h10__072008\berti-golf.de\public_html\bertichile\chiloe0201\_vti_cnf\chiloe12.jpg --> bertigolfde.h1403220.stratoserver.net /public_html/bertichile/chiloe0201/_vti_cnf chiloe12.jpg
2008.06.27 19:04 B K:\sicherung_webserver_h10__072008\berti-golf.de\public_html\bertichile\chiloe0201\_vti_cnf\chiloe13.jpg --> bertigolfde.h1403220.stratoserver.net /public_html/bertichile/chiloe0201/_vti_cnf chiloe13.jpg
2008.06.27 19:04 B K:\sicherung_webserver_h10__072008\berti-golf.de\public_html\bertichile\chiloe0201\_vti_cnf\chiloe13_tn.jpg --> bertigolfde.h1403220.stratoserver.net /public_html/bertichile/chiloe0201/_vti_cnf chiloe13_tn.jpg
2008.06.27 19:04 B K:\sicherung_webserver_h10__072008\berti-golf.de\public_html\bertichile\chiloe0201\_vti_cnf\chiloe14.jpg --> bertigolfde.h1403220.stratoserver.net /public_html/bertichile/chiloe0201/_vti_cnf chiloe14.jpg
2008.06.27 19:04 B K:\sicherung_webserver_h10__072008\berti-golf.de\public_html\bertichile\chiloe0201\_vti_cnf\chiloe15.jpg --> bertigolfde.h1403220.stratoserver.net /public_html/bertichile/chiloe0201/_vti_cnf chiloe15.jpg
2008.06.27 19:04 B K:\sicherung_webserver_h10__072008\berti-golf.de\public_html\bertichile\chiloe0201\_vti_cnf\chiloe15_tn.jpg --> bertigolfde.h1403220.stratoserver.net /public_html/bertichile/chiloe0201/_vti_cnf chiloe15_tn.jpg
2008.06.27 19:04 B K:\sicherung_webserver_h10__072008\berti-golf.de\public_html\bertichile\chiloe0201\_vti_cnf\chiloe16.jpg --> bertigolfde.h1403220.stratoserver.net /public_html/bertichile/chiloe0201/_vti_cnf chiloe16.jpg
2008.06.27 19:04 B K:\sicherung_webserver_h10__072008\berti-golf.de\public_html\bertichile\chiloe0201\_vti_cnf\chiloe16_tn.jpg --> bertigolfde.h1403220.stratoserver.net /public_html/bertichile/chiloe0201/_vti_cnf chiloe16_tn.jpg
2008.06.27 19:04 B K:\sicherung_webserver_h10__072008\berti-golf.de\public_html\bertichile\chiloe0201\_vti_cnf\chiloe17.jpg --> bertigolfde.h1403220.stratoserver.net /public_html/bertichile/chiloe0201/_vti_cnf chiloe17.jpg
2008.06.27 19:04 B K:\sicherung_webserver_h10__072008\berti-golf.de\public_html\bertichile\chiloe0201\_vti_cnf\chiloe17_tn.jpg --> bertigolfde.h1403220.stratoserver.net /public_html/bertichile/chiloe0201/_vti_cnf chiloe17_tn.jpg
2008.06.27 19:04 B K:\sicherung_webserver_h10__072008\berti-golf.de\public_html\bertichile\chiloe0201\_vti_cnf\chiloe18.jpg --> bertigolfde.h1403220.stratoserver.net /public_html/bertichile/chiloe0201/_vti_cnf chiloe18.jpg
2008.06.27 19:04 B K:\sicherung_webserver_h10__072008\berti-golf.de\public_html\bertichile\chiloe0201\_vti_cnf\chiloe18_tn.jpg --> bertigolfde.h1403220.stratoserver.net /public_html/bertichile/chiloe0201/_vti_cnf chiloe18_tn.jpg
2008.06.27 19:04 B K:\sicherung_webserver_h10__072008\berti-golf.de\public_html\bertichile\chiloe0201\_vti_cnf\chiloe19.jpg --> bertigolfde.h1403220.stratoserver.net /public_html/bertichile/chiloe0201/_vti_cnf chiloe19.jpg
2008.06.27 19:04 B K:\sicherung_webserver_h10__072008\berti-golf.de\public_html\bertichile\chiloe0201\_vti_cnf\chiloe20.jpg --> bertigolfde.h1403220.stratoserver.net /public_html/bertichile/chiloe0201/_vti_cnf chiloe20.jpg
2008.06.27 19:04 B K:\sicherung_webserver_h10__072008\berti-golf.de\public_html\bertichile\chiloe0201\_vti_cnf\chiloe20_tn.jpg --> bertigolfde.h1403220.stratoserver.net /public_html/bertichile/chiloe0201/_vti_cnf chiloe20_tn.jpg
2008.06.27 19:04 B K:\sicherung_webserver_h10__072008\berti-golf.de\public_html\bertichile\chiloe0201\_vti_cnf\chiloe21.jpg --> bertigolfde.h1403220.stratoserver.net /public_html/bertichile/chiloe0201/_vti_cnf chiloe21.jpg
2008.06.27 19:04 B K:\sicherung_webserver_h10__072008\berti-golf.de\public_html\bertichile\chiloe0201\_vti_cnf\chiloe22.jpg --> bertigolfde.h1403220.stratoserver.net /public_html/bertichile/chiloe0201/_vti_cnf chiloe22.jpg
2008.06.27 19:04 B K:\sicherung_webserver_h10__072008\berti-golf.de\public_html\bertichile\chiloe0201\_vti_cnf\chiloe22_tn.jpg --> bertigolfde.h1403220.stratoserver.net /public_html/bertichile/chiloe0201/_vti_cnf chiloe22_tn.jpg
2008.06.27 19:04 B K:\sicherung_webserver_h10__072008\berti-golf.de\public_html\bertichile\chiloe0201\_vti_cnf\chiloe23.jpg --> bertigolfde.h1403220.stratoserver.net /public_html/bertichile/chiloe0201/_vti_cnf chiloe23.jpg
2008.06.27 19:04 B K:\sicherung_webserver_h10__072008\berti-golf.de\public_html\bertichile\chiloe0201\_vti_cnf\chiloe24.jpg --> bertigolfde.h1403220.stratoserver.net /public_html/bertichile/chiloe0201/_vti_cnf chiloe24.jpg
2008.06.27 19:04 B K:\sicherung_webserver_h10__072008\berti-golf.de\public_html\bertichile\chiloe0201\_vti_cnf\chiloe24_tn.jpg --> bertigolfde.h1403220.stratoserver.net /public_html/bertichile/chiloe0201/_vti_cnf chiloe24_tn.jpg
2008.06.27 19:04 B K:\sicherung_webserver_h10__072008\berti-golf.de\public_html\bertichile\chiloe0201\_vti_cnf\chiloe25.jpg --> bertigolfde.h1403220.stratoserver.net /public_html/bertichile/chiloe0201/_vti_cnf chiloe25.jpg
2008.06.27 19:04 B K:\sicherung_webserver_h10__072008\berti-golf.de\public_html\bertichile\chiloe0201\_vti_cnf\chiloe25_tn.jpg --> bertigolfde.h1403220.stratoserver.net /public_html/bertichile/chiloe0201/_vti_cnf chiloe25_tn.jpg
2008.06.27 19:04 B K:\sicherung_webserver_h10__072008\berti-golf.de\public_html\bertichile\chiloe0201\_vti_cnf\chiloe26.jpg --> bertigolfde.h1403220.stratoserver.net /public_html/bertichile/chiloe0201/_vti_cnf chiloe26.jpg
2008.06.27 19:04 B K:\sicherung_webserver_h10__072008\berti-golf.de\public_html\bertichile\chiloe0201\_vti_cnf\chiloe27.jpg --> bertigolfde.h1403220.stratoserver.net /public_html/bertichile/chiloe0201/_vti_cnf chiloe27.jpg
2008.06.27 19:04 B K:\sicherung_webserver_h10__072008\berti-golf.de\public_html\bertichile\chiloe0201\_vti_cnf\chiloe28.jpg --> bertigolfde.h1403220.stratoserver.net /public_html/bertichile/chiloe0201/_vti_cnf chiloe28.jpg
2008.06.27 19:04 B K:\sicherung_webserver_h10__072008\berti-golf.de\public_html\bertichile\chiloe0201\_vti_cnf\chiloe28_tn.jpg --> bertigolfde.h1403220.stratoserver.net /public_html/bertichile/chiloe0201/_vti_cnf chiloe28_tn.jpg
2008.06.27 19:04 B K:\sicherung_webserver_h10__072008\berti-golf.de\public_html\bertichile\chiloe0201\_vti_cnf\chiloe29.jpg --> bertigolfde.h1403220.stratoserver.net /public_html/bertichile/chiloe0201/_vti_cnf chiloe29.jpg
2008.06.27 19:04 B K:\sicherung_webserver_h10__072008\berti-golf.de\public_html\bertichile\chiloe0201\_vti_cnf\chiloe29_tn.jpg --> bertigolfde.h1403220.stratoserver.net /public_html/bertichile/chiloe0201/_vti_cnf chiloe29_tn.jpg
2008.06.27 19:04 B K:\sicherung_webserver_h10__072008\berti-golf.de\public_html\bertichile\chiloe0201\_vti_cnf\chiloe30.jpg --> bertigolfde.h1403220.stratoserver.net /public_html/bertichile/chiloe0201/_vti_cnf chiloe30.jpg
2008.06.27 19:04 B K:\sicherung_webserver_h10__072008\berti-golf.de\public_html\bertichile\chiloe0201\_vti_cnf\chiloe31.jpg --> bertigolfde.h1403220.stratoserver.net /public_html/bertichile/chiloe0201/_vti_cnf chiloe31.jpg
2008.06.27 19:04 B K:\sicherung_webserver_h10__072008\berti-golf.de\public_html\bertichile\chiloe0201\_vti_cnf\chiloe32.jpg --> bertigolfde.h1403220.stratoserver.net /public_html/bertichile/chiloe0201/_vti_cnf chiloe32.jpg
2008.06.27 19:04 B K:\sicherung_webserver_h10__072008\berti-golf.de\public_html\bertichile\chiloe0201\_vti_cnf\chiloe32_tn.jpg --> bertigolfde.h1403220.stratoserver.net /public_html/bertichile/chiloe0201/_vti_cnf chiloe32_tn.jpg
2008.06.27 19:04 B K:\sicherung_webserver_h10__072008\berti-golf.de\public_html\bertichile\chiloe0201\_vti_cnf\chiloe33.jpg --> bertigolfde.h1403220.stratoserver.net /public_html/bertichile/chiloe0201/_vti_cnf chiloe33.jpg
2008.06.27 19:04 B K:\sicherung_webserver_h10__072008\berti-golf.de\public_html\bertichile\chiloe0201\_vti_cnf\chiloe33_tn.jpg --> bertigolfde.h1403220.stratoserver.net /public_html/bertichile/chiloe0201/_vti_cnf chiloe33_tn.jpg
2008.06.27 19:04 B K:\sicherung_webserver_h10__072008\berti-golf.de\public_html\bertichile\chiloe0201\_vti_cnf\chiloe34.jpg --> bertigolfde.h1403220.stratoserver.net /public_html/bertichile/chiloe0201/_vti_cnf chiloe34.jpg
2008.06.27 19:04 B K:\sicherung_webserver_h10__072008\berti-golf.de\public_html\bertichile\chiloe0201\_vti_cnf\chiloe34_tn.jpg --> bertigolfde.h1403220.stratoserver.net /public_html/bertichile/chiloe0201/_vti_cnf chiloe34_tn.jpg
2008.06.27 19:04 B K:\sicherung_webserver_h10__072008\berti-golf.de\public_html\bertichile\chiloe0201\_vti_cnf\chiloe35.jpg --> bertigolfde.h1403220.stratoserver.net /public_html/bertichile/chiloe0201/_vti_cnf chiloe35.jpg
2008.06.27 19:04 B K:\sicherung_webserver_h10__072008\berti-golf.de\public_html\bertichile\chiloe0201\_vti_cnf\chiloe35_tn.jpg --> bertigolfde.h1403220.stratoserver.net /public_html/bertichile/chiloe0201/_vti_cnf chiloe35_tn.jpg
2008.06.27 19:04 B K:\sicherung_webserver_h10__072008\berti-golf.de\public_html\bertichile\chiloe0201\_vti_cnf\chiloe36.jpg --> bertigolfde.h1403220.stratoserver.net /public_html/bertichile/chiloe0201/_vti_cnf chiloe36.jpg
2008.06.27 19:04 B K:\sicherung_webserver_h10__072008\berti-golf.de\public_html\bertichile\chiloe0201\_vti_cnf\chiloe37.jpg --> bertigolfde.h1403220.stratoserver.net /public_html/bertichile/chiloe0201/_vti_cnf chiloe37.jpg
2008.06.27 19:04 B K:\sicherung_webserver_h10__072008\berti-golf.de\public_html\bertichile\chiloe0201\_vti_cnf\chiloe37_tn.jpg --> bertigolfde.h1403220.stratoserver.net /public_html/bertichile/chiloe0201/_vti_cnf chiloe37_tn.jpg
2008.06.27 19:04 B K:\sicherung_webserver_h10__072008\berti-golf.de\public_html\bertichile\chiloe0201\_vti_cnf\chiloe38.jpg --> bertigolfde.h1403220.stratoserver.net /public_html/bertichile/chiloe0201/_vti_cnf chiloe38.jpg
2008.06.27 19:04 B K:\sicherung_webserver_h10__072008\berti-golf.de\public_html\bertichile\chiloe0201\_vti_cnf\chiloe39.jpg --> bertigolfde.h1403220.stratoserver.net /public_html/bertichile/chiloe0201/_vti_cnf chiloe39.jpg
2008.06.27 19:04 B K:\sicherung_webserver_h10__072008\berti-golf.de\public_html\bertichile\chiloe0201\_vti_cnf\chiloe39_tn.jpg --> bertigolfde.h1403220.stratoserver.net /public_html/bertichile/chiloe0201/_vti_cnf chiloe39_tn.jpg
2009.05.01 07:10 B Z:\home\Berti\public_html\www.berti-golf.de\bertichile\chiloe0201\_vti_cnf\WS_FTP.LOG <-- bertigolfde.h1403220.stratoserver.net /public_html/bertichile/chiloe0201/_vti_cnf WS_FTP.LOG
2009.12.08 17:54 B Z:\home\Berti\public_html\www.berti-golf.de\bertichile\chiloe0201\_vti_cnf\chiloe.html --> h1667152.stratoserver.net /httpdocs/bertichile/chiloe0201/_vti_cnf chiloe.html
2009.12.08 17:54 B Z:\home\Berti\public_html\www.berti-golf.de\bertichile\chiloe0201\_vti_cnf\chiloe01.jpg --> h1667152.stratoserver.net /httpdocs/bertichile/chiloe0201/_vti_cnf chiloe01.jpg
2009.12.08 17:54 B Z:\home\Berti\public_html\www.berti-golf.de\bertichile\chiloe0201\_vti_cnf\chiloe02.jpg --> h1667152.stratoserver.net /httpdocs/bertichile/chiloe0201/_vti_cnf chiloe02.jpg
2009.12.08 17:54 B Z:\home\Berti\public_html\www.berti-golf.de\bertichile\chiloe0201\_vti_cnf\chiloe02_tn.jpg --> h1667152.stratoserver.net /httpdocs/bertichile/chiloe0201/_vti_cnf chiloe02_tn.jpg
2009.12.08 17:54 B Z:\home\Berti\public_html\www.berti-golf.de\bertichile\chiloe0201\_vti_cnf\chiloe03.jpg --> h1667152.stratoserver.net /httpdocs/bertichile/chiloe0201/_vti_cnf chiloe03.jpg
2009.12.08 17:54 B Z:\home\Berti\public_html\www.berti-golf.de\bertichile\chiloe0201\_vti_cnf\chiloe03_tn.jpg --> h1667152.stratoserver.net /httpdocs/bertichile/chiloe0201/_vti_cnf chiloe03_tn.jpg
2009.12.08 17:54 B Z:\home\Berti\public_html\www.berti-golf.de\bertichile\chiloe0201\_vti_cnf\chiloe04.jpg --> h1667152.stratoserver.net /httpdocs/bertichile/chiloe0201/_vti_cnf chiloe04.jpg
2009.12.08 17:54 B Z:\home\Berti\public_html\www.berti-golf.de\bertichile\chiloe0201\_vti_cnf\chiloe04_tn.jpg --> h1667152.stratoserver.net /httpdocs/bertichile/chiloe0201/_vti_cnf chiloe04_tn.jpg
2009.12.08 17:54 B Z:\home\Berti\public_html\www.berti-golf.de\bertichile\chiloe0201\_vti_cnf\chiloe05.jpg --> h1667152.stratoserver.net /httpdocs/bertichile/chiloe0201/_vti_cnf chiloe05.jpg
2009.12.08 17:54 B Z:\home\Berti\public_html\www.berti-golf.de\bertichile\chiloe0201\_vti_cnf\chiloe05_tn.jpg --> h1667152.stratoserver.net /httpdocs/bertichile/chiloe0201/_vti_cnf chiloe05_tn.jpg
2009.12.08 17:54 B Z:\home\Berti\public_html\www.berti-golf.de\bertichile\chiloe0201\_vti_cnf\chiloe06.jpg --> h1667152.stratoserver.net /httpdocs/bertichile/chiloe0201/_vti_cnf chiloe06.jpg
2009.12.08 17:54 B Z:\home\Berti\public_html\www.berti-golf.de\bertichile\chiloe0201\_vti_cnf\chiloe07.jpg --> h1667152.stratoserver.net /httpdocs/bertichile/chiloe0201/_vti_cnf chiloe07.jpg
2009.12.08 17:54 B Z:\home\Berti\public_html\www.berti-golf.de\bertichile\chiloe0201\_vti_cnf\chiloe08.jpg --> h1667152.stratoserver.net /httpdocs/bertichile/chiloe0201/_vti_cnf chiloe08.jpg
2009.12.08 17:54 B Z:\home\Berti\public_html\www.berti-golf.de\bertichile\chiloe0201\_vti_cnf\chiloe08_tn.jpg --> h1667152.stratoserver.net /httpdocs/bertichile/chiloe0201/_vti_cnf chiloe08_tn.jpg
2009.12.08 17:54 B Z:\home\Berti\public_html\www.berti-golf.de\bertichile\chiloe0201\_vti_cnf\chiloe09.jpg --> h1667152.stratoserver.net /httpdocs/bertichile/chiloe0201/_vti_cnf chiloe09.jpg
2009.12.08 17:54 B Z:\home\Berti\public_html\www.berti-golf.de\bertichile\chiloe0201\_vti_cnf\chiloe09_tn.jpg --> h1667152.stratoserver.net /httpdocs/bertichile/chiloe0201/_vti_cnf chiloe09_tn.jpg
2009.12.08 17:54 B Z:\home\Berti\public_html\www.berti-golf.de\bertichile\chiloe0201\_vti_cnf\chiloe10.jpg --> h1667152.stratoserver.net /httpdocs/bertichile/chiloe0201/_vti_cnf chiloe10.jpg
2009.12.08 17:54 B Z:\home\Berti\public_html\www.berti-golf.de\bertichile\chiloe0201\_vti_cnf\chiloe11.jpg --> h1667152.stratoserver.net /httpdocs/bertichile/chiloe0201/_vti_cnf chiloe11.jpg
2009.12.08 17:54 B Z:\home\Berti\public_html\www.berti-golf.de\bertichile\chiloe0201\_vti_cnf\chiloe11_tn.jpg --> h1667152.stratoserver.net /httpdocs/bertichile/chiloe0201/_vti_cnf chiloe11_tn.jpg
2009.12.08 17:54 B Z:\home\Berti\public_html\www.berti-golf.de\bertichile\chiloe0201\_vti_cnf\chiloe12.jpg --> h1667152.stratoserver.net /httpdocs/bertichile/chiloe0201/_vti_cnf chiloe12.jpg
2009.12.08 17:54 B Z:\home\Berti\public_html\www.berti-golf.de\bertichile\chiloe0201\_vti_cnf\chiloe13.jpg --> h1667152.stratoserver.net /httpdocs/bertichile/chiloe0201/_vti_cnf chiloe13.jpg
2009.12.08 17:54 B Z:\home\Berti\public_html\www.berti-golf.de\bertichile\chiloe0201\_vti_cnf\chiloe13_tn.jpg --> h1667152.stratoserver.net /httpdocs/bertichile/chiloe0201/_vti_cnf chiloe13_tn.jpg
2009.12.08 17:54 B Z:\home\Berti\public_html\www.berti-golf.de\bertichile\chiloe0201\_vti_cnf\chiloe14.jpg --> h1667152.stratoserver.net /httpdocs/bertichile/chiloe0201/_vti_cnf chiloe14.jpg
2009.12.08 17:54 B Z:\home\Berti\public_html\www.berti-golf.de\bertichile\chiloe0201\_vti_cnf\chiloe15.jpg --> h1667152.stratoserver.net /httpdocs/bertichile/chiloe0201/_vti_cnf chiloe15.jpg
2009.12.08 17:54 B Z:\home\Berti\public_html\www.berti-golf.de\bertichile\chiloe0201\_vti_cnf\chiloe15_tn.jpg --> h1667152.stratoserver.net /httpdocs/bertichile/chiloe0201/_vti_cnf chiloe15_tn.jpg
2009.12.08 17:54 B Z:\home\Berti\public_html\www.berti-golf.de\bertichile\chiloe0201\_vti_cnf\chiloe16.jpg --> h1667152.stratoserver.net /httpdocs/bertichile/chiloe0201/_vti_cnf chiloe16.jpg
2009.12.08 17:54 B Z:\home\Berti\public_html\www.berti-golf.de\bertichile\chiloe0201\_vti_cnf\chiloe16_tn.jpg --> h1667152.stratoserver.net /httpdocs/bertichile/chiloe0201/_vti_cnf chiloe16_tn.jpg
2009.12.08 17:54 B Z:\home\Berti\public_html\www.berti-golf.de\bertichile\chiloe0201\_vti_cnf\chiloe17.jpg --> h1667152.stratoserver.net /httpdocs/bertichile/chiloe0201/_vti_cnf chiloe17.jpg
2009.12.08 17:54 B Z:\home\Berti\public_html\www.berti-golf.de\bertichile\chiloe0201\_vti_cnf\chiloe17_tn.jpg --> h1667152.stratoserver.net /httpdocs/bertichile/chiloe0201/_vti_cnf chiloe17_tn.jpg
2009.12.08 17:54 B Z:\home\Berti\public_html\www.berti-golf.de\bertichile\chiloe0201\_vti_cnf\chiloe18.jpg --> h1667152.stratoserver.net /httpdocs/bertichile/chiloe0201/_vti_cnf chiloe18.jpg
2009.12.08 17:54 B Z:\home\Berti\public_html\www.berti-golf.de\bertichile\chiloe0201\_vti_cnf\chiloe18_tn.jpg --> h1667152.stratoserver.net /httpdocs/bertichile/chiloe0201/_vti_cnf chiloe18_tn.jpg
2009.12.08 17:54 B Z:\home\Berti\public_html\www.berti-golf.de\bertichile\chiloe0201\_vti_cnf\chiloe19.jpg --> h1667152.stratoserver.net /httpdocs/bertichile/chiloe0201/_vti_cnf chiloe19.jpg
2009.12.08 17:54 B Z:\home\Berti\public_html\www.berti-golf.de\bertichile\chiloe0201\_vti_cnf\chiloe20.jpg --> h1667152.stratoserver.net /httpdocs/bertichile/chiloe0201/_vti_cnf chiloe20.jpg
2009.12.08 17:54 B Z:\home\Berti\public_html\www.berti-golf.de\bertichile\chiloe0201\_vti_cnf\chiloe20_tn.jpg --> h1667152.stratoserver.net /httpdocs/bertichile/chiloe0201/_vti_cnf chiloe20_tn.jpg
2009.12.08 17:54 B Z:\home\Berti\public_html\www.berti-golf.de\bertichile\chiloe0201\_vti_cnf\chiloe21.jpg --> h1667152.stratoserver.net /httpdocs/bertichile/chiloe0201/_vti_cnf chiloe21.jpg
2009.12.08 17:54 B Z:\home\Berti\public_html\www.berti-golf.de\bertichile\chiloe0201\_vti_cnf\chiloe22.jpg --> h1667152.stratoserver.net /httpdocs/bertichile/chiloe0201/_vti_cnf chiloe22.jpg
2009.12.08 17:54 B Z:\home\Berti\public_html\www.berti-golf.de\bertichile\chiloe0201\_vti_cnf\chiloe22_tn.jpg --> h1667152.stratoserver.net /httpdocs/bertichile/chiloe0201/_vti_cnf chiloe22_tn.jpg
2009.12.08 17:54 B Z:\home\Berti\public_html\www.berti-golf.de\bertichile\chiloe0201\_vti_cnf\chiloe23.jpg --> h1667152.stratoserver.net /httpdocs/bertichile/chiloe0201/_vti_cnf chiloe23.jpg
2009.12.08 17:54 B Z:\home\Berti\public_html\www.berti-golf.de\bertichile\chiloe0201\_vti_cnf\chiloe24.jpg --> h1667152.stratoserver.net /httpdocs/bertichile/chiloe0201/_vti_cnf chiloe24.jpg
2009.12.08 17:54 B Z:\home\Berti\public_html\www.berti-golf.de\bertichile\chiloe0201\_vti_cnf\chiloe24_tn.jpg --> h1667152.stratoserver.net /httpdocs/bertichile/chiloe0201/_vti_cnf chiloe24_tn.jpg
2009.12.08 17:54 B Z:\home\Berti\public_html\www.berti-golf.de\bertichile\chiloe0201\_vti_cnf\chiloe25.jpg --> h1667152.stratoserver.net /httpdocs/bertichile/chiloe0201/_vti_cnf chiloe25.jpg
2009.12.08 17:54 B Z:\home\Berti\public_html\www.berti-golf.de\bertichile\chiloe0201\_vti_cnf\chiloe25_tn.jpg --> h1667152.stratoserver.net /httpdocs/bertichile/chiloe0201/_vti_cnf chiloe25_tn.jpg
2009.12.08 17:54 B Z:\home\Berti\public_html\www.berti-golf.de\bertichile\chiloe0201\_vti_cnf\chiloe26.jpg --> h1667152.stratoserver.net /httpdocs/bertichile/chiloe0201/_vti_cnf chiloe26.jpg
2009.12.08 17:54 B Z:\home\Berti\public_html\www.berti-golf.de\bertichile\chiloe0201\_vti_cnf\chiloe27.jpg --> h1667152.stratoserver.net /httpdocs/bertichile/chiloe0201/_vti_cnf chiloe27.jpg
2009.12.08 17:54 B Z:\home\Berti\public_html\www.berti-golf.de\bertichile\chiloe0201\_vti_cnf\chiloe28.jpg --> h1667152.stratoserver.net /httpdocs/bertichile/chiloe0201/_vti_cnf chiloe28.jpg
2009.12.08 17:54 B Z:\home\Berti\public_html\www.berti-golf.de\bertichile\chiloe0201\_vti_cnf\chiloe28_tn.jpg --> h1667152.stratoserver.net /httpdocs/bertichile/chiloe0201/_vti_cnf chiloe28_tn.jpg
2009.12.08 17:54 B Z:\home\Berti\public_html\www.berti-golf.de\bertichile\chiloe0201\_vti_cnf\chiloe29.jpg --> h1667152.stratoserver.net /httpdocs/bertichile/chiloe0201/_vti_cnf chiloe29.jpg
2009.12.08 17:54 B Z:\home\Berti\public_html\www.berti-golf.de\bertichile\chiloe0201\_vti_cnf\chiloe29_tn.jpg --> h1667152.stratoserver.net /httpdocs/bertichile/chiloe0201/_vti_cnf chiloe29_tn.jpg
2009.12.08 17:54 B Z:\home\Berti\public_html\www.berti-golf.de\bertichile\chiloe0201\_vti_cnf\chiloe30.jpg --> h1667152.stratoserver.net /httpdocs/bertichile/chiloe0201/_vti_cnf chiloe30.jpg
2009.12.08 17:54 B Z:\home\Berti\public_html\www.berti-golf.de\bertichile\chiloe0201\_vti_cnf\chiloe31.jpg --> h1667152.stratoserver.net /httpdocs/bertichile/chiloe0201/_vti_cnf chiloe31.jpg
2009.12.08 17:54 B Z:\home\Berti\public_html\www.berti-golf.de\bertichile\chiloe0201\_vti_cnf\chiloe32.jpg --> h1667152.stratoserver.net /httpdocs/bertichile/chiloe0201/_vti_cnf chiloe32.jpg
2009.12.08 17:54 B Z:\home\Berti\public_html\www.berti-golf.de\bertichile\chiloe0201\_vti_cnf\chiloe32_tn.jpg --> h1667152.stratoserver.net /httpdocs/bertichile/chiloe0201/_vti_cnf chiloe32_tn.jpg
2009.12.08 17:54 B Z:\home\Berti\public_html\www.berti-golf.de\bertichile\chiloe0201\_vti_cnf\chiloe33.jpg --> h1667152.stratoserver.net /httpdocs/bertichile/chiloe0201/_vti_cnf chiloe33.jpg
2009.12.08 17:54 B Z:\home\Berti\public_html\www.berti-golf.de\bertichile\chiloe0201\_vti_cnf\chiloe33_tn.jpg --> h1667152.stratoserver.net /httpdocs/bertichile/chiloe0201/_vti_cnf chiloe33_tn.jpg
2009.12.08 17:54 B Z:\home\Berti\public_html\www.berti-golf.de\bertichile\chiloe0201\_vti_cnf\chiloe34.jpg --> h1667152.stratoserver.net /httpdocs/bertichile/chiloe0201/_vti_cnf chiloe34.jpg
2009.12.08 17:54 B Z:\home\Berti\public_html\www.berti-golf.de\bertichile\chiloe0201\_vti_cnf\chiloe34_tn.jpg --> h1667152.stratoserver.net /httpdocs/bertichile/chiloe0201/_vti_cnf chiloe34_tn.jpg
2009.12.08 17:54 B Z:\home\Berti\public_html\www.berti-golf.de\bertichile\chiloe0201\_vti_cnf\chiloe35.jpg --> h1667152.stratoserver.net /httpdocs/bertichile/chiloe0201/_vti_cnf chiloe35.jpg
2009.12.08 17:54 B Z:\home\Berti\public_html\www.berti-golf.de\bertichile\chiloe0201\_vti_cnf\chiloe35_tn.jpg --> h1667152.stratoserver.net /httpdocs/bertichile/chiloe0201/_vti_cnf chiloe35_tn.jpg
2009.12.08 17:54 B Z:\home\Berti\public_html\www.berti-golf.de\bertichile\chiloe0201\_vti_cnf\chiloe36.jpg --> h1667152.stratoserver.net /httpdocs/bertichile/chiloe0201/_vti_cnf chiloe36.jpg
2009.12.08 17:54 B Z:\home\Berti\public_html\www.berti-golf.de\bertichile\chiloe0201\_vti_cnf\chiloe37.jpg --> h1667152.stratoserver.net /httpdocs/bertichile/chiloe0201/_vti_cnf chiloe37.jpg
2009.12.08 17:54 B Z:\home\Berti\public_html\www.berti-golf.de\bertichile\chiloe0201\_vti_cnf\chiloe37_tn.jpg --> h1667152.stratoserver.net /httpdocs/bertichile/chiloe0201/_vti_cnf chiloe37_tn.jpg
2009.12.08 17:54 B Z:\home\Berti\public_html\www.berti-golf.de\bertichile\chiloe0201\_vti_cnf\chiloe38.jpg --> h1667152.stratoserver.net /httpdocs/bertichile/chiloe0201/_vti_cnf chiloe38.jpg
2009.12.08 17:54 B Z:\home\Berti\public_html\www.berti-golf.de\bertichile\chiloe0201\_vti_cnf\chiloe39.jpg --> h1667152.stratoserver.net /httpdocs/bertichile/chiloe0201/_vti_cnf chiloe39.jpg
2009.12.08 17:54 B Z:\home\Berti\public_html\www.berti-golf.de\bertichile\chiloe0201\_vti_cnf\chiloe39_tn.jpg --> h1667152.stratoserver.net /httpdocs/bertichile/chiloe0201/_vti_cnf chiloe39_tn.jpg
