2008.06.27 16:03 B K:\sicherung_webserver_h10__072008\berti-golf.de\public_html\bertichile\blick\_vti_cnf\abendstimmung.jpg <-- www.berti-golf.de /public_html/bertichile/blick/_vti_cnf abendstimmung.jpg
2008.06.27 16:03 B K:\sicherung_webserver_h10__072008\berti-golf.de\public_html\bertichile\blick\_vti_cnf\abendstimmung2.jpg <-- www.berti-golf.de /public_html/bertichile/blick/_vti_cnf abendstimmung2.jpg
2008.06.27 16:03 B K:\sicherung_webserver_h10__072008\berti-golf.de\public_html\bertichile\blick\_vti_cnf\abendstimmung2_tn.jpg <-- www.berti-golf.de /public_html/bertichile/blick/_vti_cnf abendstimmung2_tn.jpg
2008.06.27 16:03 B K:\sicherung_webserver_h10__072008\berti-golf.de\public_html\bertichile\blick\_vti_cnf\abendstimmung_tn.jpg <-- www.berti-golf.de /public_html/bertichile/blick/_vti_cnf abendstimmung_tn.jpg
2008.06.27 16:03 B K:\sicherung_webserver_h10__072008\berti-golf.de\public_html\bertichile\blick\_vti_cnf\berg.jpg <-- www.berti-golf.de /public_html/bertichile/blick/_vti_cnf berg.jpg
2008.06.27 16:03 B K:\sicherung_webserver_h10__072008\berti-golf.de\public_html\bertichile\blick\_vti_cnf\berg2.jpg <-- www.berti-golf.de /public_html/bertichile/blick/_vti_cnf berg2.jpg
2008.06.27 16:03 B K:\sicherung_webserver_h10__072008\berti-golf.de\public_html\bertichile\blick\_vti_cnf\berg2_tn.jpg <-- www.berti-golf.de /public_html/bertichile/blick/_vti_cnf berg2_tn.jpg
2008.06.27 16:03 B K:\sicherung_webserver_h10__072008\berti-golf.de\public_html\bertichile\blick\_vti_cnf\berg_tn.jpg <-- www.berti-golf.de /public_html/bertichile/blick/_vti_cnf berg_tn.jpg
2008.06.27 16:03 B K:\sicherung_webserver_h10__072008\berti-golf.de\public_html\bertichile\blick\_vti_cnf\berti-simon.jpg <-- www.berti-golf.de /public_html/bertichile/blick/_vti_cnf berti-simon.jpg
2008.06.27 16:03 B K:\sicherung_webserver_h10__072008\berti-golf.de\public_html\bertichile\blick\_vti_cnf\berti-simon_tn.jpg <-- www.berti-golf.de /public_html/bertichile/blick/_vti_cnf berti-simon_tn.jpg
2008.06.27 16:03 B K:\sicherung_webserver_h10__072008\berti-golf.de\public_html\bertichile\blick\_vti_cnf\blick.html <-- www.berti-golf.de /public_html/bertichile/blick/_vti_cnf blick.html
2008.06.27 16:03 B K:\sicherung_webserver_h10__072008\berti-golf.de\public_html\bertichile\blick\_vti_cnf\blickbreit.jpg <-- www.berti-golf.de /public_html/bertichile/blick/_vti_cnf blickbreit.jpg
2008.06.27 16:03 B K:\sicherung_webserver_h10__072008\berti-golf.de\public_html\bertichile\blick\_vti_cnf\blickbreit_tn.jpg <-- www.berti-golf.de /public_html/bertichile/blick/_vti_cnf blickbreit_tn.jpg
2008.06.27 16:03 B K:\sicherung_webserver_h10__072008\berti-golf.de\public_html\bertichile\blick\_vti_cnf\haus.jpg <-- www.berti-golf.de /public_html/bertichile/blick/_vti_cnf haus.jpg
2008.06.27 16:03 B K:\sicherung_webserver_h10__072008\berti-golf.de\public_html\bertichile\blick\_vti_cnf\haus_tn.jpg <-- www.berti-golf.de /public_html/bertichile/blick/_vti_cnf haus_tn.jpg
2008.06.27 16:03 B K:\sicherung_webserver_h10__072008\berti-golf.de\public_html\bertichile\blick\_vti_cnf\rosa-berge.jpg <-- www.berti-golf.de /public_html/bertichile/blick/_vti_cnf rosa-berge.jpg
2008.06.27 16:03 B K:\sicherung_webserver_h10__072008\berti-golf.de\public_html\bertichile\blick\_vti_cnf\rosa-berge_tn.jpg <-- www.berti-golf.de /public_html/bertichile/blick/_vti_cnf rosa-berge_tn.jpg
2008.06.27 16:03 B K:\sicherung_webserver_h10__072008\berti-golf.de\public_html\bertichile\blick\_vti_cnf\sch-haus.jpg <-- www.berti-golf.de /public_html/bertichile/blick/_vti_cnf sch-haus.jpg
2008.06.27 16:03 B K:\sicherung_webserver_h10__072008\berti-golf.de\public_html\bertichile\blick\_vti_cnf\sch-haus_tn.jpg <-- www.berti-golf.de /public_html/bertichile/blick/_vti_cnf sch-haus_tn.jpg
2008.06.27 16:03 B K:\sicherung_webserver_h10__072008\berti-golf.de\public_html\bertichile\blick\_vti_cnf\vorlage.html <-- www.berti-golf.de /public_html/bertichile/blick/_vti_cnf vorlage.html
2008.06.27 19:02 B K:\sicherung_webserver_h10__072008\berti-golf.de\public_html\bertichile\blick\_vti_cnf\abendstimmung.jpg --> bertigolfde.h1403220.stratoserver.net /public_html/bertichile/blick/_vti_cnf abendstimmung.jpg
2008.06.27 19:02 B K:\sicherung_webserver_h10__072008\berti-golf.de\public_html\bertichile\blick\_vti_cnf\abendstimmung2.jpg --> bertigolfde.h1403220.stratoserver.net /public_html/bertichile/blick/_vti_cnf abendstimmung2.jpg
2008.06.27 19:02 B K:\sicherung_webserver_h10__072008\berti-golf.de\public_html\bertichile\blick\_vti_cnf\abendstimmung2_tn.jpg --> bertigolfde.h1403220.stratoserver.net /public_html/bertichile/blick/_vti_cnf abendstimmung2_tn.jpg
2008.06.27 19:02 B K:\sicherung_webserver_h10__072008\berti-golf.de\public_html\bertichile\blick\_vti_cnf\abendstimmung_tn.jpg --> bertigolfde.h1403220.stratoserver.net /public_html/bertichile/blick/_vti_cnf abendstimmung_tn.jpg
2008.06.27 19:02 B K:\sicherung_webserver_h10__072008\berti-golf.de\public_html\bertichile\blick\_vti_cnf\berg.jpg --> bertigolfde.h1403220.stratoserver.net /public_html/bertichile/blick/_vti_cnf berg.jpg
2008.06.27 19:02 B K:\sicherung_webserver_h10__072008\berti-golf.de\public_html\bertichile\blick\_vti_cnf\berg2.jpg --> bertigolfde.h1403220.stratoserver.net /public_html/bertichile/blick/_vti_cnf berg2.jpg
2008.06.27 19:02 B K:\sicherung_webserver_h10__072008\berti-golf.de\public_html\bertichile\blick\_vti_cnf\berg2_tn.jpg --> bertigolfde.h1403220.stratoserver.net /public_html/bertichile/blick/_vti_cnf berg2_tn.jpg
2008.06.27 19:02 B K:\sicherung_webserver_h10__072008\berti-golf.de\public_html\bertichile\blick\_vti_cnf\berg_tn.jpg --> bertigolfde.h1403220.stratoserver.net /public_html/bertichile/blick/_vti_cnf berg_tn.jpg
2008.06.27 19:02 B K:\sicherung_webserver_h10__072008\berti-golf.de\public_html\bertichile\blick\_vti_cnf\berti-simon.jpg --> bertigolfde.h1403220.stratoserver.net /public_html/bertichile/blick/_vti_cnf berti-simon.jpg
2008.06.27 19:02 B K:\sicherung_webserver_h10__072008\berti-golf.de\public_html\bertichile\blick\_vti_cnf\berti-simon_tn.jpg --> bertigolfde.h1403220.stratoserver.net /public_html/bertichile/blick/_vti_cnf berti-simon_tn.jpg
2008.06.27 19:02 B K:\sicherung_webserver_h10__072008\berti-golf.de\public_html\bertichile\blick\_vti_cnf\blick.html --> bertigolfde.h1403220.stratoserver.net /public_html/bertichile/blick/_vti_cnf blick.html
2008.06.27 19:02 B K:\sicherung_webserver_h10__072008\berti-golf.de\public_html\bertichile\blick\_vti_cnf\blickbreit.jpg --> bertigolfde.h1403220.stratoserver.net /public_html/bertichile/blick/_vti_cnf blickbreit.jpg
2008.06.27 19:02 B K:\sicherung_webserver_h10__072008\berti-golf.de\public_html\bertichile\blick\_vti_cnf\blickbreit_tn.jpg --> bertigolfde.h1403220.stratoserver.net /public_html/bertichile/blick/_vti_cnf blickbreit_tn.jpg
2008.06.27 19:02 B K:\sicherung_webserver_h10__072008\berti-golf.de\public_html\bertichile\blick\_vti_cnf\haus.jpg --> bertigolfde.h1403220.stratoserver.net /public_html/bertichile/blick/_vti_cnf haus.jpg
2008.06.27 19:02 B K:\sicherung_webserver_h10__072008\berti-golf.de\public_html\bertichile\blick\_vti_cnf\haus_tn.jpg --> bertigolfde.h1403220.stratoserver.net /public_html/bertichile/blick/_vti_cnf haus_tn.jpg
2008.06.27 19:02 B K:\sicherung_webserver_h10__072008\berti-golf.de\public_html\bertichile\blick\_vti_cnf\rosa-berge.jpg --> bertigolfde.h1403220.stratoserver.net /public_html/bertichile/blick/_vti_cnf rosa-berge.jpg
2008.06.27 19:02 B K:\sicherung_webserver_h10__072008\berti-golf.de\public_html\bertichile\blick\_vti_cnf\rosa-berge_tn.jpg --> bertigolfde.h1403220.stratoserver.net /public_html/bertichile/blick/_vti_cnf rosa-berge_tn.jpg
2008.06.27 19:02 B K:\sicherung_webserver_h10__072008\berti-golf.de\public_html\bertichile\blick\_vti_cnf\sch-haus.jpg --> bertigolfde.h1403220.stratoserver.net /public_html/bertichile/blick/_vti_cnf sch-haus.jpg
2008.06.27 19:02 B K:\sicherung_webserver_h10__072008\berti-golf.de\public_html\bertichile\blick\_vti_cnf\sch-haus_tn.jpg --> bertigolfde.h1403220.stratoserver.net /public_html/bertichile/blick/_vti_cnf sch-haus_tn.jpg
2008.06.27 19:02 B K:\sicherung_webserver_h10__072008\berti-golf.de\public_html\bertichile\blick\_vti_cnf\vorlage.html --> bertigolfde.h1403220.stratoserver.net /public_html/bertichile/blick/_vti_cnf vorlage.html
2009.05.01 07:09 B Z:\home\Berti\public_html\www.berti-golf.de\bertichile\blick\_vti_cnf\WS_FTP.LOG <-- bertigolfde.h1403220.stratoserver.net /public_html/bertichile/blick/_vti_cnf WS_FTP.LOG
2009.12.08 17:53 B Z:\home\Berti\public_html\www.berti-golf.de\bertichile\blick\_vti_cnf\abendstimmung.jpg --> h1667152.stratoserver.net /httpdocs/bertichile/blick/_vti_cnf abendstimmung.jpg
2009.12.08 17:53 B Z:\home\Berti\public_html\www.berti-golf.de\bertichile\blick\_vti_cnf\abendstimmung2.jpg --> h1667152.stratoserver.net /httpdocs/bertichile/blick/_vti_cnf abendstimmung2.jpg
2009.12.08 17:53 B Z:\home\Berti\public_html\www.berti-golf.de\bertichile\blick\_vti_cnf\abendstimmung2_tn.jpg --> h1667152.stratoserver.net /httpdocs/bertichile/blick/_vti_cnf abendstimmung2_tn.jpg
2009.12.08 17:53 B Z:\home\Berti\public_html\www.berti-golf.de\bertichile\blick\_vti_cnf\abendstimmung_tn.jpg --> h1667152.stratoserver.net /httpdocs/bertichile/blick/_vti_cnf abendstimmung_tn.jpg
2009.12.08 17:53 B Z:\home\Berti\public_html\www.berti-golf.de\bertichile\blick\_vti_cnf\berg.jpg --> h1667152.stratoserver.net /httpdocs/bertichile/blick/_vti_cnf berg.jpg
2009.12.08 17:53 B Z:\home\Berti\public_html\www.berti-golf.de\bertichile\blick\_vti_cnf\berg2.jpg --> h1667152.stratoserver.net /httpdocs/bertichile/blick/_vti_cnf berg2.jpg
2009.12.08 17:53 B Z:\home\Berti\public_html\www.berti-golf.de\bertichile\blick\_vti_cnf\berg2_tn.jpg --> h1667152.stratoserver.net /httpdocs/bertichile/blick/_vti_cnf berg2_tn.jpg
2009.12.08 17:53 B Z:\home\Berti\public_html\www.berti-golf.de\bertichile\blick\_vti_cnf\berg_tn.jpg --> h1667152.stratoserver.net /httpdocs/bertichile/blick/_vti_cnf berg_tn.jpg
2009.12.08 17:53 B Z:\home\Berti\public_html\www.berti-golf.de\bertichile\blick\_vti_cnf\berti-simon.jpg --> h1667152.stratoserver.net /httpdocs/bertichile/blick/_vti_cnf berti-simon.jpg
2009.12.08 17:53 B Z:\home\Berti\public_html\www.berti-golf.de\bertichile\blick\_vti_cnf\berti-simon_tn.jpg --> h1667152.stratoserver.net /httpdocs/bertichile/blick/_vti_cnf berti-simon_tn.jpg
2009.12.08 17:53 B Z:\home\Berti\public_html\www.berti-golf.de\bertichile\blick\_vti_cnf\blick.html --> h1667152.stratoserver.net /httpdocs/bertichile/blick/_vti_cnf blick.html
2009.12.08 17:53 B Z:\home\Berti\public_html\www.berti-golf.de\bertichile\blick\_vti_cnf\blickbreit.jpg --> h1667152.stratoserver.net /httpdocs/bertichile/blick/_vti_cnf blickbreit.jpg
2009.12.08 17:53 B Z:\home\Berti\public_html\www.berti-golf.de\bertichile\blick\_vti_cnf\blickbreit_tn.jpg --> h1667152.stratoserver.net /httpdocs/bertichile/blick/_vti_cnf blickbreit_tn.jpg
2009.12.08 17:53 B Z:\home\Berti\public_html\www.berti-golf.de\bertichile\blick\_vti_cnf\haus.jpg --> h1667152.stratoserver.net /httpdocs/bertichile/blick/_vti_cnf haus.jpg
2009.12.08 17:53 B Z:\home\Berti\public_html\www.berti-golf.de\bertichile\blick\_vti_cnf\haus_tn.jpg --> h1667152.stratoserver.net /httpdocs/bertichile/blick/_vti_cnf haus_tn.jpg
2009.12.08 17:53 B Z:\home\Berti\public_html\www.berti-golf.de\bertichile\blick\_vti_cnf\rosa-berge.jpg --> h1667152.stratoserver.net /httpdocs/bertichile/blick/_vti_cnf rosa-berge.jpg
2009.12.08 17:53 B Z:\home\Berti\public_html\www.berti-golf.de\bertichile\blick\_vti_cnf\rosa-berge_tn.jpg --> h1667152.stratoserver.net /httpdocs/bertichile/blick/_vti_cnf rosa-berge_tn.jpg
2009.12.08 17:53 B Z:\home\Berti\public_html\www.berti-golf.de\bertichile\blick\_vti_cnf\sch-haus.jpg --> h1667152.stratoserver.net /httpdocs/bertichile/blick/_vti_cnf sch-haus.jpg
2009.12.08 17:53 B Z:\home\Berti\public_html\www.berti-golf.de\bertichile\blick\_vti_cnf\sch-haus_tn.jpg --> h1667152.stratoserver.net /httpdocs/bertichile/blick/_vti_cnf sch-haus_tn.jpg
2009.12.08 17:53 B Z:\home\Berti\public_html\www.berti-golf.de\bertichile\blick\_vti_cnf\vorlage.html --> h1667152.stratoserver.net /httpdocs/bertichile/blick/_vti_cnf vorlage.html
