2008.06.27 16:15 B K:\sicherung_webserver_h10__072008\berti-golf.de\public_html\bertichile\elmorado\bertibana.jpg <-- www.berti-golf.de /public_html/bertichile/elmorado bertibana.jpg
2008.06.27 16:15 B K:\sicherung_webserver_h10__072008\berti-golf.de\public_html\bertichile\elmorado\bertibana_tn.jpg <-- www.berti-golf.de /public_html/bertichile/elmorado bertibana_tn.jpg
2008.06.27 16:15 B K:\sicherung_webserver_h10__072008\berti-golf.de\public_html\bertichile\elmorado\bertidelantedeglaciar.jpg <-- www.berti-golf.de /public_html/bertichile/elmorado bertidelantedeglaciar.jpg
2008.06.27 16:15 B K:\sicherung_webserver_h10__072008\berti-golf.de\public_html\bertichile\elmorado\bertidelantedeglaciar_tn.jpg <-- www.berti-golf.de /public_html/bertichile/elmorado bertidelantedeglaciar_tn.jpg
2008.06.27 16:15 B K:\sicherung_webserver_h10__072008\berti-golf.de\public_html\bertichile\elmorado\bertienglaciar.jpg <-- www.berti-golf.de /public_html/bertichile/elmorado bertienglaciar.jpg
2008.06.27 16:15 B K:\sicherung_webserver_h10__072008\berti-golf.de\public_html\bertichile\elmorado\bertienglaciar_tn.jpg <-- www.berti-golf.de /public_html/bertichile/elmorado bertienglaciar_tn.jpg
2008.06.27 16:15 B K:\sicherung_webserver_h10__072008\berti-golf.de\public_html\bertichile\elmorado\caballos.jpg <-- www.berti-golf.de /public_html/bertichile/elmorado caballos.jpg
2008.06.27 16:15 B K:\sicherung_webserver_h10__072008\berti-golf.de\public_html\bertichile\elmorado\caballos_tn.jpg <-- www.berti-golf.de /public_html/bertichile/elmorado caballos_tn.jpg
2008.06.27 16:15 B K:\sicherung_webserver_h10__072008\berti-golf.de\public_html\bertichile\elmorado\carpas1.jpg <-- www.berti-golf.de /public_html/bertichile/elmorado carpas1.jpg
2008.06.27 16:15 B K:\sicherung_webserver_h10__072008\berti-golf.de\public_html\bertichile\elmorado\carpas1_tn.jpg <-- www.berti-golf.de /public_html/bertichile/elmorado carpas1_tn.jpg
2008.06.27 16:15 B K:\sicherung_webserver_h10__072008\berti-golf.de\public_html\bertichile\elmorado\carpas2.jpg <-- www.berti-golf.de /public_html/bertichile/elmorado carpas2.jpg
2008.06.27 16:15 B K:\sicherung_webserver_h10__072008\berti-golf.de\public_html\bertichile\elmorado\carpas2_tn.jpg <-- www.berti-golf.de /public_html/bertichile/elmorado carpas2_tn.jpg
2008.06.27 16:15 B K:\sicherung_webserver_h10__072008\berti-golf.de\public_html\bertichile\elmorado\elmorado.html <-- www.berti-golf.de /public_html/bertichile/elmorado elmorado.html
2008.06.27 16:15 B K:\sicherung_webserver_h10__072008\berti-golf.de\public_html\bertichile\elmorado\elmorado1.jpg <-- www.berti-golf.de /public_html/bertichile/elmorado elmorado1.jpg
2008.06.27 16:15 B K:\sicherung_webserver_h10__072008\berti-golf.de\public_html\bertichile\elmorado\elmorado1_tn.jpg <-- www.berti-golf.de /public_html/bertichile/elmorado elmorado1_tn.jpg
2008.06.27 16:15 B K:\sicherung_webserver_h10__072008\berti-golf.de\public_html\bertichile\elmorado\elmorado2.jpg <-- www.berti-golf.de /public_html/bertichile/elmorado elmorado2.jpg
2008.06.27 16:15 B K:\sicherung_webserver_h10__072008\berti-golf.de\public_html\bertichile\elmorado\elmorado2_tn.jpg <-- www.berti-golf.de /public_html/bertichile/elmorado elmorado2_tn.jpg
2008.06.27 16:15 B K:\sicherung_webserver_h10__072008\berti-golf.de\public_html\bertichile\elmorado\elmorado3.jpg <-- www.berti-golf.de /public_html/bertichile/elmorado elmorado3.jpg
2008.06.27 16:15 B K:\sicherung_webserver_h10__072008\berti-golf.de\public_html\bertichile\elmorado\elmorado3_tn.jpg <-- www.berti-golf.de /public_html/bertichile/elmorado elmorado3_tn.jpg
2008.06.27 16:15 B K:\sicherung_webserver_h10__072008\berti-golf.de\public_html\bertichile\elmorado\glaciar1.jpg <-- www.berti-golf.de /public_html/bertichile/elmorado glaciar1.jpg
2008.06.27 16:15 B K:\sicherung_webserver_h10__072008\berti-golf.de\public_html\bertichile\elmorado\glaciar1_tn.jpg <-- www.berti-golf.de /public_html/bertichile/elmorado glaciar1_tn.jpg
2008.06.27 16:16 B K:\sicherung_webserver_h10__072008\berti-golf.de\public_html\bertichile\elmorado\glaciar2.jpg <-- www.berti-golf.de /public_html/bertichile/elmorado glaciar2.jpg
2008.06.27 16:16 B K:\sicherung_webserver_h10__072008\berti-golf.de\public_html\bertichile\elmorado\glaciar2_tn.jpg <-- www.berti-golf.de /public_html/bertichile/elmorado glaciar2_tn.jpg
2008.06.27 16:16 B K:\sicherung_webserver_h10__072008\berti-golf.de\public_html\bertichile\elmorado\glaciarconnubes.jpg <-- www.berti-golf.de /public_html/bertichile/elmorado glaciarconnubes.jpg
2008.06.27 16:16 B K:\sicherung_webserver_h10__072008\berti-golf.de\public_html\bertichile\elmorado\glaciarconnubes_tn.jpg <-- www.berti-golf.de /public_html/bertichile/elmorado glaciarconnubes_tn.jpg
2008.06.27 16:16 B K:\sicherung_webserver_h10__072008\berti-golf.de\public_html\bertichile\elmorado\grupoconcarpas.jpg <-- www.berti-golf.de /public_html/bertichile/elmorado grupoconcarpas.jpg
2008.06.27 16:16 B K:\sicherung_webserver_h10__072008\berti-golf.de\public_html\bertichile\elmorado\grupoconcarpas_tn.jpg <-- www.berti-golf.de /public_html/bertichile/elmorado grupoconcarpas_tn.jpg
2008.06.27 16:16 B K:\sicherung_webserver_h10__072008\berti-golf.de\public_html\bertichile\elmorado\grupoconjeep.jpg <-- www.berti-golf.de /public_html/bertichile/elmorado grupoconjeep.jpg
2008.06.27 16:16 B K:\sicherung_webserver_h10__072008\berti-golf.de\public_html\bertichile\elmorado\grupoconjeep_tn.jpg <-- www.berti-golf.de /public_html/bertichile/elmorado grupoconjeep_tn.jpg
2008.06.27 16:16 B K:\sicherung_webserver_h10__072008\berti-golf.de\public_html\bertichile\elmorado\laguna2.jpg <-- www.berti-golf.de /public_html/bertichile/elmorado laguna2.jpg
2008.06.27 16:16 B K:\sicherung_webserver_h10__072008\berti-golf.de\public_html\bertichile\elmorado\laguna2_tn.jpg <-- www.berti-golf.de /public_html/bertichile/elmorado laguna2_tn.jpg
2008.06.27 16:16 B K:\sicherung_webserver_h10__072008\berti-golf.de\public_html\bertichile\elmorado\montana1.jpg <-- www.berti-golf.de /public_html/bertichile/elmorado montana1.jpg
2008.06.27 16:16 B K:\sicherung_webserver_h10__072008\berti-golf.de\public_html\bertichile\elmorado\montana1_tn.jpg <-- www.berti-golf.de /public_html/bertichile/elmorado montana1_tn.jpg
2008.06.27 16:16 B K:\sicherung_webserver_h10__072008\berti-golf.de\public_html\bertichile\elmorado\montana2.jpg <-- www.berti-golf.de /public_html/bertichile/elmorado montana2.jpg
2008.06.27 16:16 B K:\sicherung_webserver_h10__072008\berti-golf.de\public_html\bertichile\elmorado\montana2_tn.jpg <-- www.berti-golf.de /public_html/bertichile/elmorado montana2_tn.jpg
2008.06.27 16:16 B K:\sicherung_webserver_h10__072008\berti-golf.de\public_html\bertichile\elmorado\rio.jpg <-- www.berti-golf.de /public_html/bertichile/elmorado rio.jpg
2008.06.27 16:16 B K:\sicherung_webserver_h10__072008\berti-golf.de\public_html\bertichile\elmorado\rio_tn.jpg <-- www.berti-golf.de /public_html/bertichile/elmorado rio_tn.jpg
2008.06.27 16:16 B K:\sicherung_webserver_h10__072008\berti-golf.de\public_html\bertichile\elmorado\simonlee.jpg <-- www.berti-golf.de /public_html/bertichile/elmorado simonlee.jpg
2008.06.27 16:16 B K:\sicherung_webserver_h10__072008\berti-golf.de\public_html\bertichile\elmorado\simonlee_tn.jpg <-- www.berti-golf.de /public_html/bertichile/elmorado simonlee_tn.jpg
2008.06.27 16:16 B K:\sicherung_webserver_h10__072008\berti-golf.de\public_html\bertichile\elmorado\tarde1.jpg <-- www.berti-golf.de /public_html/bertichile/elmorado tarde1.jpg
2008.06.27 16:16 B K:\sicherung_webserver_h10__072008\berti-golf.de\public_html\bertichile\elmorado\tarde1_tn.jpg <-- www.berti-golf.de /public_html/bertichile/elmorado tarde1_tn.jpg
2008.06.27 16:16 B K:\sicherung_webserver_h10__072008\berti-golf.de\public_html\bertichile\elmorado\tarde2.jpg <-- www.berti-golf.de /public_html/bertichile/elmorado tarde2.jpg
2008.06.27 16:16 B K:\sicherung_webserver_h10__072008\berti-golf.de\public_html\bertichile\elmorado\tarde2_tn.jpg <-- www.berti-golf.de /public_html/bertichile/elmorado tarde2_tn.jpg
2008.06.27 16:16 B K:\sicherung_webserver_h10__072008\berti-golf.de\public_html\bertichile\elmorado\vistaatras.jpg <-- www.berti-golf.de /public_html/bertichile/elmorado vistaatras.jpg
2008.06.27 16:16 B K:\sicherung_webserver_h10__072008\berti-golf.de\public_html\bertichile\elmorado\vistaatras_tn.jpg <-- www.berti-golf.de /public_html/bertichile/elmorado vistaatras_tn.jpg
2008.06.27 19:12 B K:\sicherung_webserver_h10__072008\berti-golf.de\public_html\bertichile\elmorado\bertibana.jpg --> bertigolfde.h1403220.stratoserver.net /public_html/bertichile/elmorado bertibana.jpg
2008.06.27 19:12 B K:\sicherung_webserver_h10__072008\berti-golf.de\public_html\bertichile\elmorado\bertibana_tn.jpg --> bertigolfde.h1403220.stratoserver.net /public_html/bertichile/elmorado bertibana_tn.jpg
2008.06.27 19:12 B K:\sicherung_webserver_h10__072008\berti-golf.de\public_html\bertichile\elmorado\bertidelantedeglaciar.jpg --> bertigolfde.h1403220.stratoserver.net /public_html/bertichile/elmorado bertidelantedeglaciar.jpg
2008.06.27 19:12 B K:\sicherung_webserver_h10__072008\berti-golf.de\public_html\bertichile\elmorado\bertidelantedeglaciar_tn.jpg --> bertigolfde.h1403220.stratoserver.net /public_html/bertichile/elmorado bertidelantedeglaciar_tn.jpg
2008.06.27 19:12 B K:\sicherung_webserver_h10__072008\berti-golf.de\public_html\bertichile\elmorado\bertienglaciar.jpg --> bertigolfde.h1403220.stratoserver.net /public_html/bertichile/elmorado bertienglaciar.jpg
2008.06.27 19:12 B K:\sicherung_webserver_h10__072008\berti-golf.de\public_html\bertichile\elmorado\bertienglaciar_tn.jpg --> bertigolfde.h1403220.stratoserver.net /public_html/bertichile/elmorado bertienglaciar_tn.jpg
2008.06.27 19:12 B K:\sicherung_webserver_h10__072008\berti-golf.de\public_html\bertichile\elmorado\caballos.jpg --> bertigolfde.h1403220.stratoserver.net /public_html/bertichile/elmorado caballos.jpg
2008.06.27 19:12 B K:\sicherung_webserver_h10__072008\berti-golf.de\public_html\bertichile\elmorado\caballos_tn.jpg --> bertigolfde.h1403220.stratoserver.net /public_html/bertichile/elmorado caballos_tn.jpg
2008.06.27 19:12 B K:\sicherung_webserver_h10__072008\berti-golf.de\public_html\bertichile\elmorado\carpas1.jpg --> bertigolfde.h1403220.stratoserver.net /public_html/bertichile/elmorado carpas1.jpg
2008.06.27 19:12 B K:\sicherung_webserver_h10__072008\berti-golf.de\public_html\bertichile\elmorado\carpas1_tn.jpg --> bertigolfde.h1403220.stratoserver.net /public_html/bertichile/elmorado carpas1_tn.jpg
2008.06.27 19:12 B K:\sicherung_webserver_h10__072008\berti-golf.de\public_html\bertichile\elmorado\carpas2.jpg --> bertigolfde.h1403220.stratoserver.net /public_html/bertichile/elmorado carpas2.jpg
2008.06.27 19:12 B K:\sicherung_webserver_h10__072008\berti-golf.de\public_html\bertichile\elmorado\carpas2_tn.jpg --> bertigolfde.h1403220.stratoserver.net /public_html/bertichile/elmorado carpas2_tn.jpg
2008.06.27 19:12 B K:\sicherung_webserver_h10__072008\berti-golf.de\public_html\bertichile\elmorado\elmorado.html --> bertigolfde.h1403220.stratoserver.net /public_html/bertichile/elmorado elmorado.html
2008.06.27 19:12 B K:\sicherung_webserver_h10__072008\berti-golf.de\public_html\bertichile\elmorado\elmorado1.jpg --> bertigolfde.h1403220.stratoserver.net /public_html/bertichile/elmorado elmorado1.jpg
2008.06.27 19:12 B K:\sicherung_webserver_h10__072008\berti-golf.de\public_html\bertichile\elmorado\elmorado1_tn.jpg --> bertigolfde.h1403220.stratoserver.net /public_html/bertichile/elmorado elmorado1_tn.jpg
2008.06.27 19:12 B K:\sicherung_webserver_h10__072008\berti-golf.de\public_html\bertichile\elmorado\elmorado2.jpg --> bertigolfde.h1403220.stratoserver.net /public_html/bertichile/elmorado elmorado2.jpg
2008.06.27 19:12 B K:\sicherung_webserver_h10__072008\berti-golf.de\public_html\bertichile\elmorado\elmorado2_tn.jpg --> bertigolfde.h1403220.stratoserver.net /public_html/bertichile/elmorado elmorado2_tn.jpg
2008.06.27 19:12 B K:\sicherung_webserver_h10__072008\berti-golf.de\public_html\bertichile\elmorado\elmorado3.jpg --> bertigolfde.h1403220.stratoserver.net /public_html/bertichile/elmorado elmorado3.jpg
2008.06.27 19:12 B K:\sicherung_webserver_h10__072008\berti-golf.de\public_html\bertichile\elmorado\elmorado3_tn.jpg --> bertigolfde.h1403220.stratoserver.net /public_html/bertichile/elmorado elmorado3_tn.jpg
2008.06.27 19:12 B K:\sicherung_webserver_h10__072008\berti-golf.de\public_html\bertichile\elmorado\glaciar1.jpg --> bertigolfde.h1403220.stratoserver.net /public_html/bertichile/elmorado glaciar1.jpg
2008.06.27 19:12 B K:\sicherung_webserver_h10__072008\berti-golf.de\public_html\bertichile\elmorado\glaciar1_tn.jpg --> bertigolfde.h1403220.stratoserver.net /public_html/bertichile/elmorado glaciar1_tn.jpg
2008.06.27 19:12 B K:\sicherung_webserver_h10__072008\berti-golf.de\public_html\bertichile\elmorado\glaciar2.jpg --> bertigolfde.h1403220.stratoserver.net /public_html/bertichile/elmorado glaciar2.jpg
2008.06.27 19:12 B K:\sicherung_webserver_h10__072008\berti-golf.de\public_html\bertichile\elmorado\glaciar2_tn.jpg --> bertigolfde.h1403220.stratoserver.net /public_html/bertichile/elmorado glaciar2_tn.jpg
2008.06.27 19:12 B K:\sicherung_webserver_h10__072008\berti-golf.de\public_html\bertichile\elmorado\glaciarconnubes.jpg --> bertigolfde.h1403220.stratoserver.net /public_html/bertichile/elmorado glaciarconnubes.jpg
2008.06.27 19:12 B K:\sicherung_webserver_h10__072008\berti-golf.de\public_html\bertichile\elmorado\glaciarconnubes_tn.jpg --> bertigolfde.h1403220.stratoserver.net /public_html/bertichile/elmorado glaciarconnubes_tn.jpg
2008.06.27 19:12 B K:\sicherung_webserver_h10__072008\berti-golf.de\public_html\bertichile\elmorado\grupoconcarpas.jpg --> bertigolfde.h1403220.stratoserver.net /public_html/bertichile/elmorado grupoconcarpas.jpg
2008.06.27 19:12 B K:\sicherung_webserver_h10__072008\berti-golf.de\public_html\bertichile\elmorado\grupoconcarpas_tn.jpg --> bertigolfde.h1403220.stratoserver.net /public_html/bertichile/elmorado grupoconcarpas_tn.jpg
2008.06.27 19:12 B K:\sicherung_webserver_h10__072008\berti-golf.de\public_html\bertichile\elmorado\grupoconjeep.jpg --> bertigolfde.h1403220.stratoserver.net /public_html/bertichile/elmorado grupoconjeep.jpg
2008.06.27 19:12 B K:\sicherung_webserver_h10__072008\berti-golf.de\public_html\bertichile\elmorado\grupoconjeep_tn.jpg --> bertigolfde.h1403220.stratoserver.net /public_html/bertichile/elmorado grupoconjeep_tn.jpg
2008.06.27 19:13 B K:\sicherung_webserver_h10__072008\berti-golf.de\public_html\bertichile\elmorado\laguna2.jpg --> bertigolfde.h1403220.stratoserver.net /public_html/bertichile/elmorado laguna2.jpg
2008.06.27 19:13 B K:\sicherung_webserver_h10__072008\berti-golf.de\public_html\bertichile\elmorado\laguna2_tn.jpg --> bertigolfde.h1403220.stratoserver.net /public_html/bertichile/elmorado laguna2_tn.jpg
2008.06.27 19:13 B K:\sicherung_webserver_h10__072008\berti-golf.de\public_html\bertichile\elmorado\montana1.jpg --> bertigolfde.h1403220.stratoserver.net /public_html/bertichile/elmorado montana1.jpg
2008.06.27 19:13 B K:\sicherung_webserver_h10__072008\berti-golf.de\public_html\bertichile\elmorado\montana1_tn.jpg --> bertigolfde.h1403220.stratoserver.net /public_html/bertichile/elmorado montana1_tn.jpg
2008.06.27 19:13 B K:\sicherung_webserver_h10__072008\berti-golf.de\public_html\bertichile\elmorado\montana2.jpg --> bertigolfde.h1403220.stratoserver.net /public_html/bertichile/elmorado montana2.jpg
2008.06.27 19:13 B K:\sicherung_webserver_h10__072008\berti-golf.de\public_html\bertichile\elmorado\montana2_tn.jpg --> bertigolfde.h1403220.stratoserver.net /public_html/bertichile/elmorado montana2_tn.jpg
2008.06.27 19:13 B K:\sicherung_webserver_h10__072008\berti-golf.de\public_html\bertichile\elmorado\rio.jpg --> bertigolfde.h1403220.stratoserver.net /public_html/bertichile/elmorado rio.jpg
2008.06.27 19:13 B K:\sicherung_webserver_h10__072008\berti-golf.de\public_html\bertichile\elmorado\rio_tn.jpg --> bertigolfde.h1403220.stratoserver.net /public_html/bertichile/elmorado rio_tn.jpg
2008.06.27 19:13 B K:\sicherung_webserver_h10__072008\berti-golf.de\public_html\bertichile\elmorado\simonlee.jpg --> bertigolfde.h1403220.stratoserver.net /public_html/bertichile/elmorado simonlee.jpg
2008.06.27 19:13 B K:\sicherung_webserver_h10__072008\berti-golf.de\public_html\bertichile\elmorado\simonlee_tn.jpg --> bertigolfde.h1403220.stratoserver.net /public_html/bertichile/elmorado simonlee_tn.jpg
2008.06.27 19:13 B K:\sicherung_webserver_h10__072008\berti-golf.de\public_html\bertichile\elmorado\tarde1.jpg --> bertigolfde.h1403220.stratoserver.net /public_html/bertichile/elmorado tarde1.jpg
2008.06.27 19:13 B K:\sicherung_webserver_h10__072008\berti-golf.de\public_html\bertichile\elmorado\tarde1_tn.jpg --> bertigolfde.h1403220.stratoserver.net /public_html/bertichile/elmorado tarde1_tn.jpg
2008.06.27 19:13 B K:\sicherung_webserver_h10__072008\berti-golf.de\public_html\bertichile\elmorado\tarde2.jpg --> bertigolfde.h1403220.stratoserver.net /public_html/bertichile/elmorado tarde2.jpg
2008.06.27 19:13 B K:\sicherung_webserver_h10__072008\berti-golf.de\public_html\bertichile\elmorado\tarde2_tn.jpg --> bertigolfde.h1403220.stratoserver.net /public_html/bertichile/elmorado tarde2_tn.jpg
2008.06.27 19:13 B K:\sicherung_webserver_h10__072008\berti-golf.de\public_html\bertichile\elmorado\vistaatras.jpg --> bertigolfde.h1403220.stratoserver.net /public_html/bertichile/elmorado vistaatras.jpg
2008.06.27 19:13 B K:\sicherung_webserver_h10__072008\berti-golf.de\public_html\bertichile\elmorado\vistaatras_tn.jpg --> bertigolfde.h1403220.stratoserver.net /public_html/bertichile/elmorado vistaatras_tn.jpg
2009.05.01 07:13 B Z:\home\Berti\public_html\www.berti-golf.de\bertichile\elmorado\WS_FTP.LOG <-- bertigolfde.h1403220.stratoserver.net /public_html/bertichile/elmorado WS_FTP.LOG
2009.12.08 17:58 B Z:\home\Berti\public_html\www.berti-golf.de\bertichile\elmorado\bertibana.jpg --> h1667152.stratoserver.net /httpdocs/bertichile/elmorado bertibana.jpg
2009.12.08 17:58 B Z:\home\Berti\public_html\www.berti-golf.de\bertichile\elmorado\bertibana_tn.jpg --> h1667152.stratoserver.net /httpdocs/bertichile/elmorado bertibana_tn.jpg
2009.12.08 17:58 B Z:\home\Berti\public_html\www.berti-golf.de\bertichile\elmorado\bertidelantedeglaciar.jpg --> h1667152.stratoserver.net /httpdocs/bertichile/elmorado bertidelantedeglaciar.jpg
2009.12.08 17:58 B Z:\home\Berti\public_html\www.berti-golf.de\bertichile\elmorado\bertidelantedeglaciar_tn.jpg --> h1667152.stratoserver.net /httpdocs/bertichile/elmorado bertidelantedeglaciar_tn.jpg
2009.12.08 17:58 B Z:\home\Berti\public_html\www.berti-golf.de\bertichile\elmorado\bertienglaciar.jpg --> h1667152.stratoserver.net /httpdocs/bertichile/elmorado bertienglaciar.jpg
2009.12.08 17:58 B Z:\home\Berti\public_html\www.berti-golf.de\bertichile\elmorado\bertienglaciar_tn.jpg --> h1667152.stratoserver.net /httpdocs/bertichile/elmorado bertienglaciar_tn.jpg
2009.12.08 17:58 B Z:\home\Berti\public_html\www.berti-golf.de\bertichile\elmorado\caballos.jpg --> h1667152.stratoserver.net /httpdocs/bertichile/elmorado caballos.jpg
2009.12.08 17:58 B Z:\home\Berti\public_html\www.berti-golf.de\bertichile\elmorado\caballos_tn.jpg --> h1667152.stratoserver.net /httpdocs/bertichile/elmorado caballos_tn.jpg
2009.12.08 17:58 B Z:\home\Berti\public_html\www.berti-golf.de\bertichile\elmorado\carpas1.jpg --> h1667152.stratoserver.net /httpdocs/bertichile/elmorado carpas1.jpg
2009.12.08 17:58 B Z:\home\Berti\public_html\www.berti-golf.de\bertichile\elmorado\carpas1_tn.jpg --> h1667152.stratoserver.net /httpdocs/bertichile/elmorado carpas1_tn.jpg
2009.12.08 17:58 B Z:\home\Berti\public_html\www.berti-golf.de\bertichile\elmorado\carpas2.jpg --> h1667152.stratoserver.net /httpdocs/bertichile/elmorado carpas2.jpg
2009.12.08 17:58 B Z:\home\Berti\public_html\www.berti-golf.de\bertichile\elmorado\carpas2_tn.jpg --> h1667152.stratoserver.net /httpdocs/bertichile/elmorado carpas2_tn.jpg
2009.12.08 17:58 B Z:\home\Berti\public_html\www.berti-golf.de\bertichile\elmorado\elmorado.html --> h1667152.stratoserver.net /httpdocs/bertichile/elmorado elmorado.html
2009.12.08 17:58 B Z:\home\Berti\public_html\www.berti-golf.de\bertichile\elmorado\elmorado1.jpg --> h1667152.stratoserver.net /httpdocs/bertichile/elmorado elmorado1.jpg
2009.12.08 17:58 B Z:\home\Berti\public_html\www.berti-golf.de\bertichile\elmorado\elmorado1_tn.jpg --> h1667152.stratoserver.net /httpdocs/bertichile/elmorado elmorado1_tn.jpg
2009.12.08 17:58 B Z:\home\Berti\public_html\www.berti-golf.de\bertichile\elmorado\elmorado2.jpg --> h1667152.stratoserver.net /httpdocs/bertichile/elmorado elmorado2.jpg
2009.12.08 17:58 B Z:\home\Berti\public_html\www.berti-golf.de\bertichile\elmorado\elmorado2_tn.jpg --> h1667152.stratoserver.net /httpdocs/bertichile/elmorado elmorado2_tn.jpg
2009.12.08 17:58 B Z:\home\Berti\public_html\www.berti-golf.de\bertichile\elmorado\elmorado3.jpg --> h1667152.stratoserver.net /httpdocs/bertichile/elmorado elmorado3.jpg
2009.12.08 17:58 B Z:\home\Berti\public_html\www.berti-golf.de\bertichile\elmorado\elmorado3_tn.jpg --> h1667152.stratoserver.net /httpdocs/bertichile/elmorado elmorado3_tn.jpg
2009.12.08 17:58 B Z:\home\Berti\public_html\www.berti-golf.de\bertichile\elmorado\glaciar1.jpg --> h1667152.stratoserver.net /httpdocs/bertichile/elmorado glaciar1.jpg
2009.12.08 17:58 B Z:\home\Berti\public_html\www.berti-golf.de\bertichile\elmorado\glaciar1_tn.jpg --> h1667152.stratoserver.net /httpdocs/bertichile/elmorado glaciar1_tn.jpg
2009.12.08 17:58 B Z:\home\Berti\public_html\www.berti-golf.de\bertichile\elmorado\glaciar2.jpg --> h1667152.stratoserver.net /httpdocs/bertichile/elmorado glaciar2.jpg
2009.12.08 17:58 B Z:\home\Berti\public_html\www.berti-golf.de\bertichile\elmorado\glaciar2_tn.jpg --> h1667152.stratoserver.net /httpdocs/bertichile/elmorado glaciar2_tn.jpg
2009.12.08 17:58 B Z:\home\Berti\public_html\www.berti-golf.de\bertichile\elmorado\glaciarconnubes.jpg --> h1667152.stratoserver.net /httpdocs/bertichile/elmorado glaciarconnubes.jpg
2009.12.08 17:58 B Z:\home\Berti\public_html\www.berti-golf.de\bertichile\elmorado\glaciarconnubes_tn.jpg --> h1667152.stratoserver.net /httpdocs/bertichile/elmorado glaciarconnubes_tn.jpg
2009.12.08 17:58 B Z:\home\Berti\public_html\www.berti-golf.de\bertichile\elmorado\grupoconcarpas.jpg --> h1667152.stratoserver.net /httpdocs/bertichile/elmorado grupoconcarpas.jpg
2009.12.08 17:58 B Z:\home\Berti\public_html\www.berti-golf.de\bertichile\elmorado\grupoconcarpas_tn.jpg --> h1667152.stratoserver.net /httpdocs/bertichile/elmorado grupoconcarpas_tn.jpg
2009.12.08 17:58 B Z:\home\Berti\public_html\www.berti-golf.de\bertichile\elmorado\grupoconjeep.jpg --> h1667152.stratoserver.net /httpdocs/bertichile/elmorado grupoconjeep.jpg
2009.12.08 17:58 B Z:\home\Berti\public_html\www.berti-golf.de\bertichile\elmorado\grupoconjeep_tn.jpg --> h1667152.stratoserver.net /httpdocs/bertichile/elmorado grupoconjeep_tn.jpg
2009.12.08 17:58 B Z:\home\Berti\public_html\www.berti-golf.de\bertichile\elmorado\laguna2.jpg --> h1667152.stratoserver.net /httpdocs/bertichile/elmorado laguna2.jpg
2009.12.08 17:58 B Z:\home\Berti\public_html\www.berti-golf.de\bertichile\elmorado\laguna2_tn.jpg --> h1667152.stratoserver.net /httpdocs/bertichile/elmorado laguna2_tn.jpg
2009.12.08 17:58 B Z:\home\Berti\public_html\www.berti-golf.de\bertichile\elmorado\montana1.jpg --> h1667152.stratoserver.net /httpdocs/bertichile/elmorado montana1.jpg
2009.12.08 17:58 B Z:\home\Berti\public_html\www.berti-golf.de\bertichile\elmorado\montana1_tn.jpg --> h1667152.stratoserver.net /httpdocs/bertichile/elmorado montana1_tn.jpg
2009.12.08 17:58 B Z:\home\Berti\public_html\www.berti-golf.de\bertichile\elmorado\montana2.jpg --> h1667152.stratoserver.net /httpdocs/bertichile/elmorado montana2.jpg
2009.12.08 17:58 B Z:\home\Berti\public_html\www.berti-golf.de\bertichile\elmorado\montana2_tn.jpg --> h1667152.stratoserver.net /httpdocs/bertichile/elmorado montana2_tn.jpg
2009.12.08 17:58 B Z:\home\Berti\public_html\www.berti-golf.de\bertichile\elmorado\rio.jpg --> h1667152.stratoserver.net /httpdocs/bertichile/elmorado rio.jpg
2009.12.08 17:58 B Z:\home\Berti\public_html\www.berti-golf.de\bertichile\elmorado\rio_tn.jpg --> h1667152.stratoserver.net /httpdocs/bertichile/elmorado rio_tn.jpg
2009.12.08 17:58 B Z:\home\Berti\public_html\www.berti-golf.de\bertichile\elmorado\simonlee.jpg --> h1667152.stratoserver.net /httpdocs/bertichile/elmorado simonlee.jpg
2009.12.08 17:58 B Z:\home\Berti\public_html\www.berti-golf.de\bertichile\elmorado\simonlee_tn.jpg --> h1667152.stratoserver.net /httpdocs/bertichile/elmorado simonlee_tn.jpg
2009.12.08 17:58 B Z:\home\Berti\public_html\www.berti-golf.de\bertichile\elmorado\tarde1.jpg --> h1667152.stratoserver.net /httpdocs/bertichile/elmorado tarde1.jpg
2009.12.08 17:58 B Z:\home\Berti\public_html\www.berti-golf.de\bertichile\elmorado\tarde1_tn.jpg --> h1667152.stratoserver.net /httpdocs/bertichile/elmorado tarde1_tn.jpg
2009.12.08 17:58 B Z:\home\Berti\public_html\www.berti-golf.de\bertichile\elmorado\tarde2.jpg --> h1667152.stratoserver.net /httpdocs/bertichile/elmorado tarde2.jpg
2009.12.08 17:58 B Z:\home\Berti\public_html\www.berti-golf.de\bertichile\elmorado\tarde2_tn.jpg --> h1667152.stratoserver.net /httpdocs/bertichile/elmorado tarde2_tn.jpg
2009.12.08 17:58 B Z:\home\Berti\public_html\www.berti-golf.de\bertichile\elmorado\vistaatras.jpg --> h1667152.stratoserver.net /httpdocs/bertichile/elmorado vistaatras.jpg
2009.12.08 17:58 B Z:\home\Berti\public_html\www.berti-golf.de\bertichile\elmorado\vistaatras_tn.jpg --> h1667152.stratoserver.net /httpdocs/bertichile/elmorado vistaatras_tn.jpg
