2008.06.27 16:22 B K:\sicherung_webserver_h10__072008\berti-golf.de\public_html\bertichile\losmolles\_vti_cnf\agujeroderoca1.jpg <-- www.berti-golf.de /public_html/bertichile/losmolles/_vti_cnf agujeroderoca1.jpg
2008.06.27 16:22 B K:\sicherung_webserver_h10__072008\berti-golf.de\public_html\bertichile\losmolles\_vti_cnf\agujeroderoca1_tn.jpg <-- www.berti-golf.de /public_html/bertichile/losmolles/_vti_cnf agujeroderoca1_tn.jpg
2008.06.27 16:22 B K:\sicherung_webserver_h10__072008\berti-golf.de\public_html\bertichile\losmolles\_vti_cnf\agujeroderoca2.jpg <-- www.berti-golf.de /public_html/bertichile/losmolles/_vti_cnf agujeroderoca2.jpg
2008.06.27 16:22 B K:\sicherung_webserver_h10__072008\berti-golf.de\public_html\bertichile\losmolles\_vti_cnf\agujeroderoca2_tn.jpg <-- www.berti-golf.de /public_html/bertichile/losmolles/_vti_cnf agujeroderoca2_tn.jpg
2008.06.27 16:22 B K:\sicherung_webserver_h10__072008\berti-golf.de\public_html\bertichile\losmolles\_vti_cnf\agujeroderoca3.jpg <-- www.berti-golf.de /public_html/bertichile/losmolles/_vti_cnf agujeroderoca3.jpg
2008.06.27 16:22 B K:\sicherung_webserver_h10__072008\berti-golf.de\public_html\bertichile\losmolles\_vti_cnf\agujeroderoca3_tn.jpg <-- www.berti-golf.de /public_html/bertichile/losmolles/_vti_cnf agujeroderoca3_tn.jpg
2008.06.27 16:22 B K:\sicherung_webserver_h10__072008\berti-golf.de\public_html\bertichile\losmolles\_vti_cnf\agujeroderoca4.jpg <-- www.berti-golf.de /public_html/bertichile/losmolles/_vti_cnf agujeroderoca4.jpg
2008.06.27 16:22 B K:\sicherung_webserver_h10__072008\berti-golf.de\public_html\bertichile\losmolles\_vti_cnf\agujeroderoca4_tn.jpg <-- www.berti-golf.de /public_html/bertichile/losmolles/_vti_cnf agujeroderoca4_tn.jpg
2008.06.27 16:22 B K:\sicherung_webserver_h10__072008\berti-golf.de\public_html\bertichile\losmolles\_vti_cnf\ave.jpg <-- www.berti-golf.de /public_html/bertichile/losmolles/_vti_cnf ave.jpg
2008.06.27 16:22 B K:\sicherung_webserver_h10__072008\berti-golf.de\public_html\bertichile\losmolles\_vti_cnf\ave_tn.jpg <-- www.berti-golf.de /public_html/bertichile/losmolles/_vti_cnf ave_tn.jpg
2008.06.27 16:22 B K:\sicherung_webserver_h10__072008\berti-golf.de\public_html\bertichile\losmolles\_vti_cnf\aves.jpg <-- www.berti-golf.de /public_html/bertichile/losmolles/_vti_cnf aves.jpg
2008.06.27 16:22 B K:\sicherung_webserver_h10__072008\berti-golf.de\public_html\bertichile\losmolles\_vti_cnf\aves_tn.jpg <-- www.berti-golf.de /public_html/bertichile/losmolles/_vti_cnf aves_tn.jpg
2008.06.27 16:22 B K:\sicherung_webserver_h10__072008\berti-golf.de\public_html\bertichile\losmolles\_vti_cnf\lanchasdelospesadores.jpg <-- www.berti-golf.de /public_html/bertichile/losmolles/_vti_cnf lanchasdelospesadores.jpg
2008.06.27 16:22 B K:\sicherung_webserver_h10__072008\berti-golf.de\public_html\bertichile\losmolles\_vti_cnf\lanchasdelospesadores_tn.jpg <-- www.berti-golf.de /public_html/bertichile/losmolles/_vti_cnf lanchasdelospesadores_tn.jpg
2008.06.27 16:22 B K:\sicherung_webserver_h10__072008\berti-golf.de\public_html\bertichile\losmolles\_vti_cnf\lanchasdelospescadores2.jpg <-- www.berti-golf.de /public_html/bertichile/losmolles/_vti_cnf lanchasdelospescadores2.jpg
2008.06.27 16:22 B K:\sicherung_webserver_h10__072008\berti-golf.de\public_html\bertichile\losmolles\_vti_cnf\lanchasdelospescadores2_tn.jpg <-- www.berti-golf.de /public_html/bertichile/losmolles/_vti_cnf lanchasdelospescadores2_tn.jpg
2008.06.27 16:22 B K:\sicherung_webserver_h10__072008\berti-golf.de\public_html\bertichile\losmolles\_vti_cnf\loboenlaaqua.jpg <-- www.berti-golf.de /public_html/bertichile/losmolles/_vti_cnf loboenlaaqua.jpg
2008.06.27 16:22 B K:\sicherung_webserver_h10__072008\berti-golf.de\public_html\bertichile\losmolles\_vti_cnf\loboenlaaqua_tn.jpg <-- www.berti-golf.de /public_html/bertichile/losmolles/_vti_cnf loboenlaaqua_tn.jpg
2008.06.27 16:22 B K:\sicherung_webserver_h10__072008\berti-golf.de\public_html\bertichile\losmolles\_vti_cnf\losmolles.html <-- www.berti-golf.de /public_html/bertichile/losmolles/_vti_cnf losmolles.html
2008.06.27 16:22 B K:\sicherung_webserver_h10__072008\berti-golf.de\public_html\bertichile\losmolles\_vti_cnf\losmolles1.jpg <-- www.berti-golf.de /public_html/bertichile/losmolles/_vti_cnf losmolles1.jpg
2008.06.27 16:22 B K:\sicherung_webserver_h10__072008\berti-golf.de\public_html\bertichile\losmolles\_vti_cnf\losmolles1_tn.jpg <-- www.berti-golf.de /public_html/bertichile/losmolles/_vti_cnf losmolles1_tn.jpg
2008.06.27 16:22 B K:\sicherung_webserver_h10__072008\berti-golf.de\public_html\bertichile\losmolles\_vti_cnf\losrobos.jpg <-- www.berti-golf.de /public_html/bertichile/losmolles/_vti_cnf losrobos.jpg
2008.06.27 16:22 B K:\sicherung_webserver_h10__072008\berti-golf.de\public_html\bertichile\losmolles\_vti_cnf\losrobos_tn.jpg <-- www.berti-golf.de /public_html/bertichile/losmolles/_vti_cnf losrobos_tn.jpg
2008.06.27 16:22 B K:\sicherung_webserver_h10__072008\berti-golf.de\public_html\bertichile\losmolles\_vti_cnf\papudo1.jpg <-- www.berti-golf.de /public_html/bertichile/losmolles/_vti_cnf papudo1.jpg
2008.06.27 16:22 B K:\sicherung_webserver_h10__072008\berti-golf.de\public_html\bertichile\losmolles\_vti_cnf\papudo1_tn.jpg <-- www.berti-golf.de /public_html/bertichile/losmolles/_vti_cnf papudo1_tn.jpg
2008.06.27 16:22 B K:\sicherung_webserver_h10__072008\berti-golf.de\public_html\bertichile\losmolles\_vti_cnf\papudo2.jpg <-- www.berti-golf.de /public_html/bertichile/losmolles/_vti_cnf papudo2.jpg
2008.06.27 16:22 B K:\sicherung_webserver_h10__072008\berti-golf.de\public_html\bertichile\losmolles\_vti_cnf\papudo2_tn.jpg <-- www.berti-golf.de /public_html/bertichile/losmolles/_vti_cnf papudo2_tn.jpg
2008.06.27 16:22 B K:\sicherung_webserver_h10__072008\berti-golf.de\public_html\bertichile\losmolles\_vti_cnf\papudo3.jpg <-- www.berti-golf.de /public_html/bertichile/losmolles/_vti_cnf papudo3.jpg
2008.06.27 16:22 B K:\sicherung_webserver_h10__072008\berti-golf.de\public_html\bertichile\losmolles\_vti_cnf\papudo3_tn.jpg <-- www.berti-golf.de /public_html/bertichile/losmolles/_vti_cnf papudo3_tn.jpg
2008.06.27 16:22 B K:\sicherung_webserver_h10__072008\berti-golf.de\public_html\bertichile\losmolles\_vti_cnf\rocaconave.jpg <-- www.berti-golf.de /public_html/bertichile/losmolles/_vti_cnf rocaconave.jpg
2008.06.27 16:22 B K:\sicherung_webserver_h10__072008\berti-golf.de\public_html\bertichile\losmolles\_vti_cnf\rocaconave_tn.jpg <-- www.berti-golf.de /public_html/bertichile/losmolles/_vti_cnf rocaconave_tn.jpg
2008.06.27 16:22 B K:\sicherung_webserver_h10__072008\berti-golf.de\public_html\bertichile\losmolles\_vti_cnf\rocadelosrobos1.jpg <-- www.berti-golf.de /public_html/bertichile/losmolles/_vti_cnf rocadelosrobos1.jpg
2008.06.27 16:22 B K:\sicherung_webserver_h10__072008\berti-golf.de\public_html\bertichile\losmolles\_vti_cnf\rocadelosrobos1_tn.jpg <-- www.berti-golf.de /public_html/bertichile/losmolles/_vti_cnf rocadelosrobos1_tn.jpg
2008.06.27 16:22 B K:\sicherung_webserver_h10__072008\berti-golf.de\public_html\bertichile\losmolles\_vti_cnf\rocadelosrobos2.jpg <-- www.berti-golf.de /public_html/bertichile/losmolles/_vti_cnf rocadelosrobos2.jpg
2008.06.27 16:22 B K:\sicherung_webserver_h10__072008\berti-golf.de\public_html\bertichile\losmolles\_vti_cnf\rocadelosrobos2_tn.jpg <-- www.berti-golf.de /public_html/bertichile/losmolles/_vti_cnf rocadelosrobos2_tn.jpg
2008.06.27 16:22 B K:\sicherung_webserver_h10__072008\berti-golf.de\public_html\bertichile\losmolles\_vti_cnf\vistadelaventana1.jpg <-- www.berti-golf.de /public_html/bertichile/losmolles/_vti_cnf vistadelaventana1.jpg
2008.06.27 16:22 B K:\sicherung_webserver_h10__072008\berti-golf.de\public_html\bertichile\losmolles\_vti_cnf\vistadelaventana1_tn.jpg <-- www.berti-golf.de /public_html/bertichile/losmolles/_vti_cnf vistadelaventana1_tn.jpg
2008.06.27 16:22 B K:\sicherung_webserver_h10__072008\berti-golf.de\public_html\bertichile\losmolles\_vti_cnf\vistadelaventana2.jpg <-- www.berti-golf.de /public_html/bertichile/losmolles/_vti_cnf vistadelaventana2.jpg
2008.06.27 16:22 B K:\sicherung_webserver_h10__072008\berti-golf.de\public_html\bertichile\losmolles\_vti_cnf\vistadelaventana2_tn.jpg <-- www.berti-golf.de /public_html/bertichile/losmolles/_vti_cnf vistadelaventana2_tn.jpg
2008.06.27 16:22 B K:\sicherung_webserver_h10__072008\berti-golf.de\public_html\bertichile\losmolles\_vti_cnf\vistaenlamar.jpg <-- www.berti-golf.de /public_html/bertichile/losmolles/_vti_cnf vistaenlamar.jpg
2008.06.27 16:22 B K:\sicherung_webserver_h10__072008\berti-golf.de\public_html\bertichile\losmolles\_vti_cnf\vistaenlamar_tn.jpg <-- www.berti-golf.de /public_html/bertichile/losmolles/_vti_cnf vistaenlamar_tn.jpg
2008.06.27 16:22 B K:\sicherung_webserver_h10__072008\berti-golf.de\public_html\bertichile\losmolles\_vti_cnf\vistalosmolles.jpg <-- www.berti-golf.de /public_html/bertichile/losmolles/_vti_cnf vistalosmolles.jpg
2008.06.27 16:22 B K:\sicherung_webserver_h10__072008\berti-golf.de\public_html\bertichile\losmolles\_vti_cnf\vistalosmolles_tn.jpg <-- www.berti-golf.de /public_html/bertichile/losmolles/_vti_cnf vistalosmolles_tn.jpg
2008.06.27 16:22 B K:\sicherung_webserver_h10__072008\berti-golf.de\public_html\bertichile\losmolles\_vti_cnf\vorlage.html <-- www.berti-golf.de /public_html/bertichile/losmolles/_vti_cnf vorlage.html
2008.06.27 19:17 B K:\sicherung_webserver_h10__072008\berti-golf.de\public_html\bertichile\losmolles\_vti_cnf\agujeroderoca1.jpg --> bertigolfde.h1403220.stratoserver.net /public_html/bertichile/losmolles/_vti_cnf agujeroderoca1.jpg
2008.06.27 19:17 B K:\sicherung_webserver_h10__072008\berti-golf.de\public_html\bertichile\losmolles\_vti_cnf\agujeroderoca1_tn.jpg --> bertigolfde.h1403220.stratoserver.net /public_html/bertichile/losmolles/_vti_cnf agujeroderoca1_tn.jpg
2008.06.27 19:17 B K:\sicherung_webserver_h10__072008\berti-golf.de\public_html\bertichile\losmolles\_vti_cnf\agujeroderoca2.jpg --> bertigolfde.h1403220.stratoserver.net /public_html/bertichile/losmolles/_vti_cnf agujeroderoca2.jpg
2008.06.27 19:17 B K:\sicherung_webserver_h10__072008\berti-golf.de\public_html\bertichile\losmolles\_vti_cnf\agujeroderoca2_tn.jpg --> bertigolfde.h1403220.stratoserver.net /public_html/bertichile/losmolles/_vti_cnf agujeroderoca2_tn.jpg
2008.06.27 19:17 B K:\sicherung_webserver_h10__072008\berti-golf.de\public_html\bertichile\losmolles\_vti_cnf\agujeroderoca3.jpg --> bertigolfde.h1403220.stratoserver.net /public_html/bertichile/losmolles/_vti_cnf agujeroderoca3.jpg
2008.06.27 19:17 B K:\sicherung_webserver_h10__072008\berti-golf.de\public_html\bertichile\losmolles\_vti_cnf\agujeroderoca3_tn.jpg --> bertigolfde.h1403220.stratoserver.net /public_html/bertichile/losmolles/_vti_cnf agujeroderoca3_tn.jpg
2008.06.27 19:17 B K:\sicherung_webserver_h10__072008\berti-golf.de\public_html\bertichile\losmolles\_vti_cnf\agujeroderoca4.jpg --> bertigolfde.h1403220.stratoserver.net /public_html/bertichile/losmolles/_vti_cnf agujeroderoca4.jpg
2008.06.27 19:17 B K:\sicherung_webserver_h10__072008\berti-golf.de\public_html\bertichile\losmolles\_vti_cnf\agujeroderoca4_tn.jpg --> bertigolfde.h1403220.stratoserver.net /public_html/bertichile/losmolles/_vti_cnf agujeroderoca4_tn.jpg
2008.06.27 19:17 B K:\sicherung_webserver_h10__072008\berti-golf.de\public_html\bertichile\losmolles\_vti_cnf\ave.jpg --> bertigolfde.h1403220.stratoserver.net /public_html/bertichile/losmolles/_vti_cnf ave.jpg
2008.06.27 19:17 B K:\sicherung_webserver_h10__072008\berti-golf.de\public_html\bertichile\losmolles\_vti_cnf\ave_tn.jpg --> bertigolfde.h1403220.stratoserver.net /public_html/bertichile/losmolles/_vti_cnf ave_tn.jpg
2008.06.27 19:17 B K:\sicherung_webserver_h10__072008\berti-golf.de\public_html\bertichile\losmolles\_vti_cnf\aves.jpg --> bertigolfde.h1403220.stratoserver.net /public_html/bertichile/losmolles/_vti_cnf aves.jpg
2008.06.27 19:17 B K:\sicherung_webserver_h10__072008\berti-golf.de\public_html\bertichile\losmolles\_vti_cnf\aves_tn.jpg --> bertigolfde.h1403220.stratoserver.net /public_html/bertichile/losmolles/_vti_cnf aves_tn.jpg
2008.06.27 19:17 B K:\sicherung_webserver_h10__072008\berti-golf.de\public_html\bertichile\losmolles\_vti_cnf\lanchasdelospesadores.jpg --> bertigolfde.h1403220.stratoserver.net /public_html/bertichile/losmolles/_vti_cnf lanchasdelospesadores.jpg
2008.06.27 19:17 B K:\sicherung_webserver_h10__072008\berti-golf.de\public_html\bertichile\losmolles\_vti_cnf\lanchasdelospesadores_tn.jpg --> bertigolfde.h1403220.stratoserver.net /public_html/bertichile/losmolles/_vti_cnf lanchasdelospesadores_tn.jpg
2008.06.27 19:17 B K:\sicherung_webserver_h10__072008\berti-golf.de\public_html\bertichile\losmolles\_vti_cnf\lanchasdelospescadores2.jpg --> bertigolfde.h1403220.stratoserver.net /public_html/bertichile/losmolles/_vti_cnf lanchasdelospescadores2.jpg
2008.06.27 19:17 B K:\sicherung_webserver_h10__072008\berti-golf.de\public_html\bertichile\losmolles\_vti_cnf\lanchasdelospescadores2_tn.jpg --> bertigolfde.h1403220.stratoserver.net /public_html/bertichile/losmolles/_vti_cnf lanchasdelospescadores2_tn.jpg
2008.06.27 19:17 B K:\sicherung_webserver_h10__072008\berti-golf.de\public_html\bertichile\losmolles\_vti_cnf\loboenlaaqua.jpg --> bertigolfde.h1403220.stratoserver.net /public_html/bertichile/losmolles/_vti_cnf loboenlaaqua.jpg
2008.06.27 19:17 B K:\sicherung_webserver_h10__072008\berti-golf.de\public_html\bertichile\losmolles\_vti_cnf\loboenlaaqua_tn.jpg --> bertigolfde.h1403220.stratoserver.net /public_html/bertichile/losmolles/_vti_cnf loboenlaaqua_tn.jpg
2008.06.27 19:17 B K:\sicherung_webserver_h10__072008\berti-golf.de\public_html\bertichile\losmolles\_vti_cnf\losmolles.html --> bertigolfde.h1403220.stratoserver.net /public_html/bertichile/losmolles/_vti_cnf losmolles.html
2008.06.27 19:17 B K:\sicherung_webserver_h10__072008\berti-golf.de\public_html\bertichile\losmolles\_vti_cnf\losmolles1.jpg --> bertigolfde.h1403220.stratoserver.net /public_html/bertichile/losmolles/_vti_cnf losmolles1.jpg
2008.06.27 19:17 B K:\sicherung_webserver_h10__072008\berti-golf.de\public_html\bertichile\losmolles\_vti_cnf\losmolles1_tn.jpg --> bertigolfde.h1403220.stratoserver.net /public_html/bertichile/losmolles/_vti_cnf losmolles1_tn.jpg
2008.06.27 19:17 B K:\sicherung_webserver_h10__072008\berti-golf.de\public_html\bertichile\losmolles\_vti_cnf\losrobos.jpg --> bertigolfde.h1403220.stratoserver.net /public_html/bertichile/losmolles/_vti_cnf losrobos.jpg
2008.06.27 19:17 B K:\sicherung_webserver_h10__072008\berti-golf.de\public_html\bertichile\losmolles\_vti_cnf\losrobos_tn.jpg --> bertigolfde.h1403220.stratoserver.net /public_html/bertichile/losmolles/_vti_cnf losrobos_tn.jpg
2008.06.27 19:17 B K:\sicherung_webserver_h10__072008\berti-golf.de\public_html\bertichile\losmolles\_vti_cnf\papudo1.jpg --> bertigolfde.h1403220.stratoserver.net /public_html/bertichile/losmolles/_vti_cnf papudo1.jpg
2008.06.27 19:17 B K:\sicherung_webserver_h10__072008\berti-golf.de\public_html\bertichile\losmolles\_vti_cnf\papudo1_tn.jpg --> bertigolfde.h1403220.stratoserver.net /public_html/bertichile/losmolles/_vti_cnf papudo1_tn.jpg
2008.06.27 19:17 B K:\sicherung_webserver_h10__072008\berti-golf.de\public_html\bertichile\losmolles\_vti_cnf\papudo2.jpg --> bertigolfde.h1403220.stratoserver.net /public_html/bertichile/losmolles/_vti_cnf papudo2.jpg
2008.06.27 19:17 B K:\sicherung_webserver_h10__072008\berti-golf.de\public_html\bertichile\losmolles\_vti_cnf\papudo2_tn.jpg --> bertigolfde.h1403220.stratoserver.net /public_html/bertichile/losmolles/_vti_cnf papudo2_tn.jpg
2008.06.27 19:17 B K:\sicherung_webserver_h10__072008\berti-golf.de\public_html\bertichile\losmolles\_vti_cnf\papudo3.jpg --> bertigolfde.h1403220.stratoserver.net /public_html/bertichile/losmolles/_vti_cnf papudo3.jpg
2008.06.27 19:17 B K:\sicherung_webserver_h10__072008\berti-golf.de\public_html\bertichile\losmolles\_vti_cnf\papudo3_tn.jpg --> bertigolfde.h1403220.stratoserver.net /public_html/bertichile/losmolles/_vti_cnf papudo3_tn.jpg
2008.06.27 19:17 B K:\sicherung_webserver_h10__072008\berti-golf.de\public_html\bertichile\losmolles\_vti_cnf\rocaconave.jpg --> bertigolfde.h1403220.stratoserver.net /public_html/bertichile/losmolles/_vti_cnf rocaconave.jpg
2008.06.27 19:17 B K:\sicherung_webserver_h10__072008\berti-golf.de\public_html\bertichile\losmolles\_vti_cnf\rocaconave_tn.jpg --> bertigolfde.h1403220.stratoserver.net /public_html/bertichile/losmolles/_vti_cnf rocaconave_tn.jpg
2008.06.27 19:17 B K:\sicherung_webserver_h10__072008\berti-golf.de\public_html\bertichile\losmolles\_vti_cnf\rocadelosrobos1.jpg --> bertigolfde.h1403220.stratoserver.net /public_html/bertichile/losmolles/_vti_cnf rocadelosrobos1.jpg
2008.06.27 19:17 B K:\sicherung_webserver_h10__072008\berti-golf.de\public_html\bertichile\losmolles\_vti_cnf\rocadelosrobos1_tn.jpg --> bertigolfde.h1403220.stratoserver.net /public_html/bertichile/losmolles/_vti_cnf rocadelosrobos1_tn.jpg
2008.06.27 19:17 B K:\sicherung_webserver_h10__072008\berti-golf.de\public_html\bertichile\losmolles\_vti_cnf\rocadelosrobos2.jpg --> bertigolfde.h1403220.stratoserver.net /public_html/bertichile/losmolles/_vti_cnf rocadelosrobos2.jpg
2008.06.27 19:17 B K:\sicherung_webserver_h10__072008\berti-golf.de\public_html\bertichile\losmolles\_vti_cnf\rocadelosrobos2_tn.jpg --> bertigolfde.h1403220.stratoserver.net /public_html/bertichile/losmolles/_vti_cnf rocadelosrobos2_tn.jpg
2008.06.27 19:17 B K:\sicherung_webserver_h10__072008\berti-golf.de\public_html\bertichile\losmolles\_vti_cnf\vistadelaventana1.jpg --> bertigolfde.h1403220.stratoserver.net /public_html/bertichile/losmolles/_vti_cnf vistadelaventana1.jpg
2008.06.27 19:17 B K:\sicherung_webserver_h10__072008\berti-golf.de\public_html\bertichile\losmolles\_vti_cnf\vistadelaventana1_tn.jpg --> bertigolfde.h1403220.stratoserver.net /public_html/bertichile/losmolles/_vti_cnf vistadelaventana1_tn.jpg
2008.06.27 19:17 B K:\sicherung_webserver_h10__072008\berti-golf.de\public_html\bertichile\losmolles\_vti_cnf\vistadelaventana2.jpg --> bertigolfde.h1403220.stratoserver.net /public_html/bertichile/losmolles/_vti_cnf vistadelaventana2.jpg
2008.06.27 19:17 B K:\sicherung_webserver_h10__072008\berti-golf.de\public_html\bertichile\losmolles\_vti_cnf\vistadelaventana2_tn.jpg --> bertigolfde.h1403220.stratoserver.net /public_html/bertichile/losmolles/_vti_cnf vistadelaventana2_tn.jpg
2008.06.27 19:17 B K:\sicherung_webserver_h10__072008\berti-golf.de\public_html\bertichile\losmolles\_vti_cnf\vistaenlamar.jpg --> bertigolfde.h1403220.stratoserver.net /public_html/bertichile/losmolles/_vti_cnf vistaenlamar.jpg
2008.06.27 19:17 B K:\sicherung_webserver_h10__072008\berti-golf.de\public_html\bertichile\losmolles\_vti_cnf\vistaenlamar_tn.jpg --> bertigolfde.h1403220.stratoserver.net /public_html/bertichile/losmolles/_vti_cnf vistaenlamar_tn.jpg
2008.06.27 19:17 B K:\sicherung_webserver_h10__072008\berti-golf.de\public_html\bertichile\losmolles\_vti_cnf\vistalosmolles.jpg --> bertigolfde.h1403220.stratoserver.net /public_html/bertichile/losmolles/_vti_cnf vistalosmolles.jpg
2008.06.27 19:17 B K:\sicherung_webserver_h10__072008\berti-golf.de\public_html\bertichile\losmolles\_vti_cnf\vistalosmolles_tn.jpg --> bertigolfde.h1403220.stratoserver.net /public_html/bertichile/losmolles/_vti_cnf vistalosmolles_tn.jpg
2008.06.27 19:17 B K:\sicherung_webserver_h10__072008\berti-golf.de\public_html\bertichile\losmolles\_vti_cnf\vorlage.html --> bertigolfde.h1403220.stratoserver.net /public_html/bertichile/losmolles/_vti_cnf vorlage.html
2009.05.01 07:15 B Z:\home\Berti\public_html\www.berti-golf.de\bertichile\losmolles\_vti_cnf\WS_FTP.LOG <-- bertigolfde.h1403220.stratoserver.net /public_html/bertichile/losmolles/_vti_cnf WS_FTP.LOG
2009.12.08 18:00 B Z:\home\Berti\public_html\www.berti-golf.de\bertichile\losmolles\_vti_cnf\agujeroderoca1.jpg --> h1667152.stratoserver.net /httpdocs/bertichile/losmolles/_vti_cnf agujeroderoca1.jpg
2009.12.08 18:00 B Z:\home\Berti\public_html\www.berti-golf.de\bertichile\losmolles\_vti_cnf\agujeroderoca1_tn.jpg --> h1667152.stratoserver.net /httpdocs/bertichile/losmolles/_vti_cnf agujeroderoca1_tn.jpg
2009.12.08 18:00 B Z:\home\Berti\public_html\www.berti-golf.de\bertichile\losmolles\_vti_cnf\agujeroderoca2.jpg --> h1667152.stratoserver.net /httpdocs/bertichile/losmolles/_vti_cnf agujeroderoca2.jpg
2009.12.08 18:00 B Z:\home\Berti\public_html\www.berti-golf.de\bertichile\losmolles\_vti_cnf\agujeroderoca2_tn.jpg --> h1667152.stratoserver.net /httpdocs/bertichile/losmolles/_vti_cnf agujeroderoca2_tn.jpg
2009.12.08 18:00 B Z:\home\Berti\public_html\www.berti-golf.de\bertichile\losmolles\_vti_cnf\agujeroderoca3.jpg --> h1667152.stratoserver.net /httpdocs/bertichile/losmolles/_vti_cnf agujeroderoca3.jpg
2009.12.08 18:00 B Z:\home\Berti\public_html\www.berti-golf.de\bertichile\losmolles\_vti_cnf\agujeroderoca3_tn.jpg --> h1667152.stratoserver.net /httpdocs/bertichile/losmolles/_vti_cnf agujeroderoca3_tn.jpg
2009.12.08 18:00 B Z:\home\Berti\public_html\www.berti-golf.de\bertichile\losmolles\_vti_cnf\agujeroderoca4.jpg --> h1667152.stratoserver.net /httpdocs/bertichile/losmolles/_vti_cnf agujeroderoca4.jpg
2009.12.08 18:00 B Z:\home\Berti\public_html\www.berti-golf.de\bertichile\losmolles\_vti_cnf\agujeroderoca4_tn.jpg --> h1667152.stratoserver.net /httpdocs/bertichile/losmolles/_vti_cnf agujeroderoca4_tn.jpg
2009.12.08 18:00 B Z:\home\Berti\public_html\www.berti-golf.de\bertichile\losmolles\_vti_cnf\ave.jpg --> h1667152.stratoserver.net /httpdocs/bertichile/losmolles/_vti_cnf ave.jpg
2009.12.08 18:00 B Z:\home\Berti\public_html\www.berti-golf.de\bertichile\losmolles\_vti_cnf\ave_tn.jpg --> h1667152.stratoserver.net /httpdocs/bertichile/losmolles/_vti_cnf ave_tn.jpg
2009.12.08 18:00 B Z:\home\Berti\public_html\www.berti-golf.de\bertichile\losmolles\_vti_cnf\aves.jpg --> h1667152.stratoserver.net /httpdocs/bertichile/losmolles/_vti_cnf aves.jpg
2009.12.08 18:00 B Z:\home\Berti\public_html\www.berti-golf.de\bertichile\losmolles\_vti_cnf\aves_tn.jpg --> h1667152.stratoserver.net /httpdocs/bertichile/losmolles/_vti_cnf aves_tn.jpg
2009.12.08 18:00 B Z:\home\Berti\public_html\www.berti-golf.de\bertichile\losmolles\_vti_cnf\lanchasdelospesadores.jpg --> h1667152.stratoserver.net /httpdocs/bertichile/losmolles/_vti_cnf lanchasdelospesadores.jpg
2009.12.08 18:00 B Z:\home\Berti\public_html\www.berti-golf.de\bertichile\losmolles\_vti_cnf\lanchasdelospesadores_tn.jpg --> h1667152.stratoserver.net /httpdocs/bertichile/losmolles/_vti_cnf lanchasdelospesadores_tn.jpg
2009.12.08 18:00 B Z:\home\Berti\public_html\www.berti-golf.de\bertichile\losmolles\_vti_cnf\lanchasdelospescadores2.jpg --> h1667152.stratoserver.net /httpdocs/bertichile/losmolles/_vti_cnf lanchasdelospescadores2.jpg
2009.12.08 18:00 B Z:\home\Berti\public_html\www.berti-golf.de\bertichile\losmolles\_vti_cnf\lanchasdelospescadores2_tn.jpg --> h1667152.stratoserver.net /httpdocs/bertichile/losmolles/_vti_cnf lanchasdelospescadores2_tn.jpg
2009.12.08 18:00 B Z:\home\Berti\public_html\www.berti-golf.de\bertichile\losmolles\_vti_cnf\loboenlaaqua.jpg --> h1667152.stratoserver.net /httpdocs/bertichile/losmolles/_vti_cnf loboenlaaqua.jpg
2009.12.08 18:00 B Z:\home\Berti\public_html\www.berti-golf.de\bertichile\losmolles\_vti_cnf\loboenlaaqua_tn.jpg --> h1667152.stratoserver.net /httpdocs/bertichile/losmolles/_vti_cnf loboenlaaqua_tn.jpg
2009.12.08 18:00 B Z:\home\Berti\public_html\www.berti-golf.de\bertichile\losmolles\_vti_cnf\losmolles.html --> h1667152.stratoserver.net /httpdocs/bertichile/losmolles/_vti_cnf losmolles.html
2009.12.08 18:00 B Z:\home\Berti\public_html\www.berti-golf.de\bertichile\losmolles\_vti_cnf\losmolles1.jpg --> h1667152.stratoserver.net /httpdocs/bertichile/losmolles/_vti_cnf losmolles1.jpg
2009.12.08 18:00 B Z:\home\Berti\public_html\www.berti-golf.de\bertichile\losmolles\_vti_cnf\losmolles1_tn.jpg --> h1667152.stratoserver.net /httpdocs/bertichile/losmolles/_vti_cnf losmolles1_tn.jpg
2009.12.08 18:00 B Z:\home\Berti\public_html\www.berti-golf.de\bertichile\losmolles\_vti_cnf\losrobos.jpg --> h1667152.stratoserver.net /httpdocs/bertichile/losmolles/_vti_cnf losrobos.jpg
2009.12.08 18:00 B Z:\home\Berti\public_html\www.berti-golf.de\bertichile\losmolles\_vti_cnf\losrobos_tn.jpg --> h1667152.stratoserver.net /httpdocs/bertichile/losmolles/_vti_cnf losrobos_tn.jpg
2009.12.08 18:00 B Z:\home\Berti\public_html\www.berti-golf.de\bertichile\losmolles\_vti_cnf\papudo1.jpg --> h1667152.stratoserver.net /httpdocs/bertichile/losmolles/_vti_cnf papudo1.jpg
2009.12.08 18:00 B Z:\home\Berti\public_html\www.berti-golf.de\bertichile\losmolles\_vti_cnf\papudo1_tn.jpg --> h1667152.stratoserver.net /httpdocs/bertichile/losmolles/_vti_cnf papudo1_tn.jpg
2009.12.08 18:00 B Z:\home\Berti\public_html\www.berti-golf.de\bertichile\losmolles\_vti_cnf\papudo2.jpg --> h1667152.stratoserver.net /httpdocs/bertichile/losmolles/_vti_cnf papudo2.jpg
2009.12.08 18:00 B Z:\home\Berti\public_html\www.berti-golf.de\bertichile\losmolles\_vti_cnf\papudo2_tn.jpg --> h1667152.stratoserver.net /httpdocs/bertichile/losmolles/_vti_cnf papudo2_tn.jpg
2009.12.08 18:00 B Z:\home\Berti\public_html\www.berti-golf.de\bertichile\losmolles\_vti_cnf\papudo3.jpg --> h1667152.stratoserver.net /httpdocs/bertichile/losmolles/_vti_cnf papudo3.jpg
2009.12.08 18:00 B Z:\home\Berti\public_html\www.berti-golf.de\bertichile\losmolles\_vti_cnf\papudo3_tn.jpg --> h1667152.stratoserver.net /httpdocs/bertichile/losmolles/_vti_cnf papudo3_tn.jpg
2009.12.08 18:00 B Z:\home\Berti\public_html\www.berti-golf.de\bertichile\losmolles\_vti_cnf\rocaconave.jpg --> h1667152.stratoserver.net /httpdocs/bertichile/losmolles/_vti_cnf rocaconave.jpg
2009.12.08 18:00 B Z:\home\Berti\public_html\www.berti-golf.de\bertichile\losmolles\_vti_cnf\rocaconave_tn.jpg --> h1667152.stratoserver.net /httpdocs/bertichile/losmolles/_vti_cnf rocaconave_tn.jpg
2009.12.08 18:00 B Z:\home\Berti\public_html\www.berti-golf.de\bertichile\losmolles\_vti_cnf\rocadelosrobos1.jpg --> h1667152.stratoserver.net /httpdocs/bertichile/losmolles/_vti_cnf rocadelosrobos1.jpg
2009.12.08 18:00 B Z:\home\Berti\public_html\www.berti-golf.de\bertichile\losmolles\_vti_cnf\rocadelosrobos1_tn.jpg --> h1667152.stratoserver.net /httpdocs/bertichile/losmolles/_vti_cnf rocadelosrobos1_tn.jpg
2009.12.08 18:00 B Z:\home\Berti\public_html\www.berti-golf.de\bertichile\losmolles\_vti_cnf\rocadelosrobos2.jpg --> h1667152.stratoserver.net /httpdocs/bertichile/losmolles/_vti_cnf rocadelosrobos2.jpg
2009.12.08 18:00 B Z:\home\Berti\public_html\www.berti-golf.de\bertichile\losmolles\_vti_cnf\rocadelosrobos2_tn.jpg --> h1667152.stratoserver.net /httpdocs/bertichile/losmolles/_vti_cnf rocadelosrobos2_tn.jpg
2009.12.08 18:00 B Z:\home\Berti\public_html\www.berti-golf.de\bertichile\losmolles\_vti_cnf\vistadelaventana1.jpg --> h1667152.stratoserver.net /httpdocs/bertichile/losmolles/_vti_cnf vistadelaventana1.jpg
2009.12.08 18:00 B Z:\home\Berti\public_html\www.berti-golf.de\bertichile\losmolles\_vti_cnf\vistadelaventana1_tn.jpg --> h1667152.stratoserver.net /httpdocs/bertichile/losmolles/_vti_cnf vistadelaventana1_tn.jpg
2009.12.08 18:00 B Z:\home\Berti\public_html\www.berti-golf.de\bertichile\losmolles\_vti_cnf\vistadelaventana2.jpg --> h1667152.stratoserver.net /httpdocs/bertichile/losmolles/_vti_cnf vistadelaventana2.jpg
2009.12.08 18:00 B Z:\home\Berti\public_html\www.berti-golf.de\bertichile\losmolles\_vti_cnf\vistadelaventana2_tn.jpg --> h1667152.stratoserver.net /httpdocs/bertichile/losmolles/_vti_cnf vistadelaventana2_tn.jpg
2009.12.08 18:00 B Z:\home\Berti\public_html\www.berti-golf.de\bertichile\losmolles\_vti_cnf\vistaenlamar.jpg --> h1667152.stratoserver.net /httpdocs/bertichile/losmolles/_vti_cnf vistaenlamar.jpg
2009.12.08 18:00 B Z:\home\Berti\public_html\www.berti-golf.de\bertichile\losmolles\_vti_cnf\vistaenlamar_tn.jpg --> h1667152.stratoserver.net /httpdocs/bertichile/losmolles/_vti_cnf vistaenlamar_tn.jpg
2009.12.08 18:00 B Z:\home\Berti\public_html\www.berti-golf.de\bertichile\losmolles\_vti_cnf\vistalosmolles.jpg --> h1667152.stratoserver.net /httpdocs/bertichile/losmolles/_vti_cnf vistalosmolles.jpg
2009.12.08 18:00 B Z:\home\Berti\public_html\www.berti-golf.de\bertichile\losmolles\_vti_cnf\vistalosmolles_tn.jpg --> h1667152.stratoserver.net /httpdocs/bertichile/losmolles/_vti_cnf vistalosmolles_tn.jpg
2009.12.08 18:00 B Z:\home\Berti\public_html\www.berti-golf.de\bertichile\losmolles\_vti_cnf\vorlage.html --> h1667152.stratoserver.net /httpdocs/bertichile/losmolles/_vti_cnf vorlage.html
