2008.06.27 16:16 B K:\sicherung_webserver_h10__072008\berti-golf.de\public_html\bertichile\fonda0900\dsc00002.jpg <-- www.berti-golf.de /public_html/bertichile/fonda0900 dsc00002.jpg
2008.06.27 16:16 B K:\sicherung_webserver_h10__072008\berti-golf.de\public_html\bertichile\fonda0900\dsc00002_tn.jpg <-- www.berti-golf.de /public_html/bertichile/fonda0900 dsc00002_tn.jpg
2008.06.27 16:16 B K:\sicherung_webserver_h10__072008\berti-golf.de\public_html\bertichile\fonda0900\dsc00003.jpg <-- www.berti-golf.de /public_html/bertichile/fonda0900 dsc00003.jpg
2008.06.27 16:16 B K:\sicherung_webserver_h10__072008\berti-golf.de\public_html\bertichile\fonda0900\dsc00003_tn.jpg <-- www.berti-golf.de /public_html/bertichile/fonda0900 dsc00003_tn.jpg
2008.06.27 16:16 B K:\sicherung_webserver_h10__072008\berti-golf.de\public_html\bertichile\fonda0900\dsc00005.jpg <-- www.berti-golf.de /public_html/bertichile/fonda0900 dsc00005.jpg
2008.06.27 16:16 B K:\sicherung_webserver_h10__072008\berti-golf.de\public_html\bertichile\fonda0900\dsc00005_tn.jpg <-- www.berti-golf.de /public_html/bertichile/fonda0900 dsc00005_tn.jpg
2008.06.27 16:16 B K:\sicherung_webserver_h10__072008\berti-golf.de\public_html\bertichile\fonda0900\dsc00006.jpg <-- www.berti-golf.de /public_html/bertichile/fonda0900 dsc00006.jpg
2008.06.27 16:16 B K:\sicherung_webserver_h10__072008\berti-golf.de\public_html\bertichile\fonda0900\dsc00006_tn.jpg <-- www.berti-golf.de /public_html/bertichile/fonda0900 dsc00006_tn.jpg
2008.06.27 16:16 B K:\sicherung_webserver_h10__072008\berti-golf.de\public_html\bertichile\fonda0900\dsc00009.jpg <-- www.berti-golf.de /public_html/bertichile/fonda0900 dsc00009.jpg
2008.06.27 16:16 B K:\sicherung_webserver_h10__072008\berti-golf.de\public_html\bertichile\fonda0900\dsc00009_tn.jpg <-- www.berti-golf.de /public_html/bertichile/fonda0900 dsc00009_tn.jpg
2008.06.27 16:16 B K:\sicherung_webserver_h10__072008\berti-golf.de\public_html\bertichile\fonda0900\dsc00010.jpg <-- www.berti-golf.de /public_html/bertichile/fonda0900 dsc00010.jpg
2008.06.27 16:16 B K:\sicherung_webserver_h10__072008\berti-golf.de\public_html\bertichile\fonda0900\dsc00010_tn.jpg <-- www.berti-golf.de /public_html/bertichile/fonda0900 dsc00010_tn.jpg
2008.06.27 16:16 B K:\sicherung_webserver_h10__072008\berti-golf.de\public_html\bertichile\fonda0900\dsc00011.jpg <-- www.berti-golf.de /public_html/bertichile/fonda0900 dsc00011.jpg
2008.06.27 16:16 B K:\sicherung_webserver_h10__072008\berti-golf.de\public_html\bertichile\fonda0900\dsc00011_tn.jpg <-- www.berti-golf.de /public_html/bertichile/fonda0900 dsc00011_tn.jpg
2008.06.27 16:16 B K:\sicherung_webserver_h10__072008\berti-golf.de\public_html\bertichile\fonda0900\dsc00012.jpg <-- www.berti-golf.de /public_html/bertichile/fonda0900 dsc00012.jpg
2008.06.27 16:16 B K:\sicherung_webserver_h10__072008\berti-golf.de\public_html\bertichile\fonda0900\dsc00012_tn.jpg <-- www.berti-golf.de /public_html/bertichile/fonda0900 dsc00012_tn.jpg
2008.06.27 16:16 B K:\sicherung_webserver_h10__072008\berti-golf.de\public_html\bertichile\fonda0900\dsc00016.jpg <-- www.berti-golf.de /public_html/bertichile/fonda0900 dsc00016.jpg
2008.06.27 16:16 B K:\sicherung_webserver_h10__072008\berti-golf.de\public_html\bertichile\fonda0900\dsc00016_tn.jpg <-- www.berti-golf.de /public_html/bertichile/fonda0900 dsc00016_tn.jpg
2008.06.27 16:16 B K:\sicherung_webserver_h10__072008\berti-golf.de\public_html\bertichile\fonda0900\dsc00017.jpg <-- www.berti-golf.de /public_html/bertichile/fonda0900 dsc00017.jpg
2008.06.27 16:16 B K:\sicherung_webserver_h10__072008\berti-golf.de\public_html\bertichile\fonda0900\dsc00017_tn.jpg <-- www.berti-golf.de /public_html/bertichile/fonda0900 dsc00017_tn.jpg
2008.06.27 16:16 B K:\sicherung_webserver_h10__072008\berti-golf.de\public_html\bertichile\fonda0900\dsc00019.jpg <-- www.berti-golf.de /public_html/bertichile/fonda0900 dsc00019.jpg
2008.06.27 16:16 B K:\sicherung_webserver_h10__072008\berti-golf.de\public_html\bertichile\fonda0900\dsc00019_tn.jpg <-- www.berti-golf.de /public_html/bertichile/fonda0900 dsc00019_tn.jpg
2008.06.27 16:16 B K:\sicherung_webserver_h10__072008\berti-golf.de\public_html\bertichile\fonda0900\dsc00020.jpg <-- www.berti-golf.de /public_html/bertichile/fonda0900 dsc00020.jpg
2008.06.27 16:16 B K:\sicherung_webserver_h10__072008\berti-golf.de\public_html\bertichile\fonda0900\dsc00020_tn.jpg <-- www.berti-golf.de /public_html/bertichile/fonda0900 dsc00020_tn.jpg
2008.06.27 16:17 B K:\sicherung_webserver_h10__072008\berti-golf.de\public_html\bertichile\fonda0900\dsc00025.jpg <-- www.berti-golf.de /public_html/bertichile/fonda0900 dsc00025.jpg
2008.06.27 16:17 B K:\sicherung_webserver_h10__072008\berti-golf.de\public_html\bertichile\fonda0900\dsc00025_tn.jpg <-- www.berti-golf.de /public_html/bertichile/fonda0900 dsc00025_tn.jpg
2008.06.27 16:17 B K:\sicherung_webserver_h10__072008\berti-golf.de\public_html\bertichile\fonda0900\dsc00026.jpg <-- www.berti-golf.de /public_html/bertichile/fonda0900 dsc00026.jpg
2008.06.27 16:17 B K:\sicherung_webserver_h10__072008\berti-golf.de\public_html\bertichile\fonda0900\dsc00026_tn.jpg <-- www.berti-golf.de /public_html/bertichile/fonda0900 dsc00026_tn.jpg
2008.06.27 16:17 B K:\sicherung_webserver_h10__072008\berti-golf.de\public_html\bertichile\fonda0900\dsc00027.jpg <-- www.berti-golf.de /public_html/bertichile/fonda0900 dsc00027.jpg
2008.06.27 16:17 B K:\sicherung_webserver_h10__072008\berti-golf.de\public_html\bertichile\fonda0900\dsc00027_tn.jpg <-- www.berti-golf.de /public_html/bertichile/fonda0900 dsc00027_tn.jpg
2008.06.27 16:17 B K:\sicherung_webserver_h10__072008\berti-golf.de\public_html\bertichile\fonda0900\dsc00028.jpg <-- www.berti-golf.de /public_html/bertichile/fonda0900 dsc00028.jpg
2008.06.27 16:17 B K:\sicherung_webserver_h10__072008\berti-golf.de\public_html\bertichile\fonda0900\dsc00028_tn.jpg <-- www.berti-golf.de /public_html/bertichile/fonda0900 dsc00028_tn.jpg
2008.06.27 16:17 B K:\sicherung_webserver_h10__072008\berti-golf.de\public_html\bertichile\fonda0900\dsc00029.jpg <-- www.berti-golf.de /public_html/bertichile/fonda0900 dsc00029.jpg
2008.06.27 16:17 B K:\sicherung_webserver_h10__072008\berti-golf.de\public_html\bertichile\fonda0900\dsc00029_tn.jpg <-- www.berti-golf.de /public_html/bertichile/fonda0900 dsc00029_tn.jpg
2008.06.27 16:17 B K:\sicherung_webserver_h10__072008\berti-golf.de\public_html\bertichile\fonda0900\dsc00030.jpg <-- www.berti-golf.de /public_html/bertichile/fonda0900 dsc00030.jpg
2008.06.27 16:17 B K:\sicherung_webserver_h10__072008\berti-golf.de\public_html\bertichile\fonda0900\dsc00030_tn.jpg <-- www.berti-golf.de /public_html/bertichile/fonda0900 dsc00030_tn.jpg
2008.06.27 16:17 B K:\sicherung_webserver_h10__072008\berti-golf.de\public_html\bertichile\fonda0900\dsc00031.jpg <-- www.berti-golf.de /public_html/bertichile/fonda0900 dsc00031.jpg
2008.06.27 16:17 B K:\sicherung_webserver_h10__072008\berti-golf.de\public_html\bertichile\fonda0900\dsc00031_tn.jpg <-- www.berti-golf.de /public_html/bertichile/fonda0900 dsc00031_tn.jpg
2008.06.27 16:17 B K:\sicherung_webserver_h10__072008\berti-golf.de\public_html\bertichile\fonda0900\dsc00032.jpg <-- www.berti-golf.de /public_html/bertichile/fonda0900 dsc00032.jpg
2008.06.27 16:17 B K:\sicherung_webserver_h10__072008\berti-golf.de\public_html\bertichile\fonda0900\dsc00032_tn.jpg <-- www.berti-golf.de /public_html/bertichile/fonda0900 dsc00032_tn.jpg
2008.06.27 16:17 B K:\sicherung_webserver_h10__072008\berti-golf.de\public_html\bertichile\fonda0900\dsc00034.jpg <-- www.berti-golf.de /public_html/bertichile/fonda0900 dsc00034.jpg
2008.06.27 16:17 B K:\sicherung_webserver_h10__072008\berti-golf.de\public_html\bertichile\fonda0900\dsc00034_tn.jpg <-- www.berti-golf.de /public_html/bertichile/fonda0900 dsc00034_tn.jpg
2008.06.27 16:17 B K:\sicherung_webserver_h10__072008\berti-golf.de\public_html\bertichile\fonda0900\dsc00035.jpg <-- www.berti-golf.de /public_html/bertichile/fonda0900 dsc00035.jpg
2008.06.27 16:17 B K:\sicherung_webserver_h10__072008\berti-golf.de\public_html\bertichile\fonda0900\dsc00035_tn.jpg <-- www.berti-golf.de /public_html/bertichile/fonda0900 dsc00035_tn.jpg
2008.06.27 16:17 B K:\sicherung_webserver_h10__072008\berti-golf.de\public_html\bertichile\fonda0900\dsc00037.jpg <-- www.berti-golf.de /public_html/bertichile/fonda0900 dsc00037.jpg
2008.06.27 16:17 B K:\sicherung_webserver_h10__072008\berti-golf.de\public_html\bertichile\fonda0900\dsc00037_tn.jpg <-- www.berti-golf.de /public_html/bertichile/fonda0900 dsc00037_tn.jpg
2008.06.27 16:17 B K:\sicherung_webserver_h10__072008\berti-golf.de\public_html\bertichile\fonda0900\dsc00039.jpg <-- www.berti-golf.de /public_html/bertichile/fonda0900 dsc00039.jpg
2008.06.27 16:17 B K:\sicherung_webserver_h10__072008\berti-golf.de\public_html\bertichile\fonda0900\dsc00039_tn.jpg <-- www.berti-golf.de /public_html/bertichile/fonda0900 dsc00039_tn.jpg
2008.06.27 16:17 B K:\sicherung_webserver_h10__072008\berti-golf.de\public_html\bertichile\fonda0900\dsc00040.jpg <-- www.berti-golf.de /public_html/bertichile/fonda0900 dsc00040.jpg
2008.06.27 16:17 B K:\sicherung_webserver_h10__072008\berti-golf.de\public_html\bertichile\fonda0900\dsc00040_tn.jpg <-- www.berti-golf.de /public_html/bertichile/fonda0900 dsc00040_tn.jpg
2008.06.27 16:17 B K:\sicherung_webserver_h10__072008\berti-golf.de\public_html\bertichile\fonda0900\dsc00041.jpg <-- www.berti-golf.de /public_html/bertichile/fonda0900 dsc00041.jpg
2008.06.27 16:17 B K:\sicherung_webserver_h10__072008\berti-golf.de\public_html\bertichile\fonda0900\dsc00041_tn.jpg <-- www.berti-golf.de /public_html/bertichile/fonda0900 dsc00041_tn.jpg
2008.06.27 16:17 B K:\sicherung_webserver_h10__072008\berti-golf.de\public_html\bertichile\fonda0900\dsc00042.jpg <-- www.berti-golf.de /public_html/bertichile/fonda0900 dsc00042.jpg
2008.06.27 16:17 B K:\sicherung_webserver_h10__072008\berti-golf.de\public_html\bertichile\fonda0900\dsc00042_tn.jpg <-- www.berti-golf.de /public_html/bertichile/fonda0900 dsc00042_tn.jpg
2008.06.27 16:17 B K:\sicherung_webserver_h10__072008\berti-golf.de\public_html\bertichile\fonda0900\dsc00043.jpg <-- www.berti-golf.de /public_html/bertichile/fonda0900 dsc00043.jpg
2008.06.27 16:17 B K:\sicherung_webserver_h10__072008\berti-golf.de\public_html\bertichile\fonda0900\dsc00043_tn.jpg <-- www.berti-golf.de /public_html/bertichile/fonda0900 dsc00043_tn.jpg
2008.06.27 16:17 B K:\sicherung_webserver_h10__072008\berti-golf.de\public_html\bertichile\fonda0900\fonda.html <-- www.berti-golf.de /public_html/bertichile/fonda0900 fonda.html
2008.06.27 19:13 B K:\sicherung_webserver_h10__072008\berti-golf.de\public_html\bertichile\fonda0900\dsc00002.jpg --> bertigolfde.h1403220.stratoserver.net /public_html/bertichile/fonda0900 dsc00002.jpg
2008.06.27 19:13 B K:\sicherung_webserver_h10__072008\berti-golf.de\public_html\bertichile\fonda0900\dsc00002_tn.jpg --> bertigolfde.h1403220.stratoserver.net /public_html/bertichile/fonda0900 dsc00002_tn.jpg
2008.06.27 19:13 B K:\sicherung_webserver_h10__072008\berti-golf.de\public_html\bertichile\fonda0900\dsc00003.jpg --> bertigolfde.h1403220.stratoserver.net /public_html/bertichile/fonda0900 dsc00003.jpg
2008.06.27 19:13 B K:\sicherung_webserver_h10__072008\berti-golf.de\public_html\bertichile\fonda0900\dsc00003_tn.jpg --> bertigolfde.h1403220.stratoserver.net /public_html/bertichile/fonda0900 dsc00003_tn.jpg
2008.06.27 19:13 B K:\sicherung_webserver_h10__072008\berti-golf.de\public_html\bertichile\fonda0900\dsc00005.jpg --> bertigolfde.h1403220.stratoserver.net /public_html/bertichile/fonda0900 dsc00005.jpg
2008.06.27 19:13 B K:\sicherung_webserver_h10__072008\berti-golf.de\public_html\bertichile\fonda0900\dsc00005_tn.jpg --> bertigolfde.h1403220.stratoserver.net /public_html/bertichile/fonda0900 dsc00005_tn.jpg
2008.06.27 19:13 B K:\sicherung_webserver_h10__072008\berti-golf.de\public_html\bertichile\fonda0900\dsc00006.jpg --> bertigolfde.h1403220.stratoserver.net /public_html/bertichile/fonda0900 dsc00006.jpg
2008.06.27 19:13 B K:\sicherung_webserver_h10__072008\berti-golf.de\public_html\bertichile\fonda0900\dsc00006_tn.jpg --> bertigolfde.h1403220.stratoserver.net /public_html/bertichile/fonda0900 dsc00006_tn.jpg
2008.06.27 19:13 B K:\sicherung_webserver_h10__072008\berti-golf.de\public_html\bertichile\fonda0900\dsc00009.jpg --> bertigolfde.h1403220.stratoserver.net /public_html/bertichile/fonda0900 dsc00009.jpg
2008.06.27 19:13 B K:\sicherung_webserver_h10__072008\berti-golf.de\public_html\bertichile\fonda0900\dsc00009_tn.jpg --> bertigolfde.h1403220.stratoserver.net /public_html/bertichile/fonda0900 dsc00009_tn.jpg
2008.06.27 19:13 B K:\sicherung_webserver_h10__072008\berti-golf.de\public_html\bertichile\fonda0900\dsc00010.jpg --> bertigolfde.h1403220.stratoserver.net /public_html/bertichile/fonda0900 dsc00010.jpg
2008.06.27 19:13 B K:\sicherung_webserver_h10__072008\berti-golf.de\public_html\bertichile\fonda0900\dsc00010_tn.jpg --> bertigolfde.h1403220.stratoserver.net /public_html/bertichile/fonda0900 dsc00010_tn.jpg
2008.06.27 19:13 B K:\sicherung_webserver_h10__072008\berti-golf.de\public_html\bertichile\fonda0900\dsc00011.jpg --> bertigolfde.h1403220.stratoserver.net /public_html/bertichile/fonda0900 dsc00011.jpg
2008.06.27 19:13 B K:\sicherung_webserver_h10__072008\berti-golf.de\public_html\bertichile\fonda0900\dsc00011_tn.jpg --> bertigolfde.h1403220.stratoserver.net /public_html/bertichile/fonda0900 dsc00011_tn.jpg
2008.06.27 19:13 B K:\sicherung_webserver_h10__072008\berti-golf.de\public_html\bertichile\fonda0900\dsc00012.jpg --> bertigolfde.h1403220.stratoserver.net /public_html/bertichile/fonda0900 dsc00012.jpg
2008.06.27 19:13 B K:\sicherung_webserver_h10__072008\berti-golf.de\public_html\bertichile\fonda0900\dsc00012_tn.jpg --> bertigolfde.h1403220.stratoserver.net /public_html/bertichile/fonda0900 dsc00012_tn.jpg
2008.06.27 19:13 B K:\sicherung_webserver_h10__072008\berti-golf.de\public_html\bertichile\fonda0900\dsc00016.jpg --> bertigolfde.h1403220.stratoserver.net /public_html/bertichile/fonda0900 dsc00016.jpg
2008.06.27 19:13 B K:\sicherung_webserver_h10__072008\berti-golf.de\public_html\bertichile\fonda0900\dsc00016_tn.jpg --> bertigolfde.h1403220.stratoserver.net /public_html/bertichile/fonda0900 dsc00016_tn.jpg
2008.06.27 19:13 B K:\sicherung_webserver_h10__072008\berti-golf.de\public_html\bertichile\fonda0900\dsc00017.jpg --> bertigolfde.h1403220.stratoserver.net /public_html/bertichile/fonda0900 dsc00017.jpg
2008.06.27 19:13 B K:\sicherung_webserver_h10__072008\berti-golf.de\public_html\bertichile\fonda0900\dsc00017_tn.jpg --> bertigolfde.h1403220.stratoserver.net /public_html/bertichile/fonda0900 dsc00017_tn.jpg
2008.06.27 19:13 B K:\sicherung_webserver_h10__072008\berti-golf.de\public_html\bertichile\fonda0900\dsc00019.jpg --> bertigolfde.h1403220.stratoserver.net /public_html/bertichile/fonda0900 dsc00019.jpg
2008.06.27 19:13 B K:\sicherung_webserver_h10__072008\berti-golf.de\public_html\bertichile\fonda0900\dsc00019_tn.jpg --> bertigolfde.h1403220.stratoserver.net /public_html/bertichile/fonda0900 dsc00019_tn.jpg
2008.06.27 19:13 B K:\sicherung_webserver_h10__072008\berti-golf.de\public_html\bertichile\fonda0900\dsc00020.jpg --> bertigolfde.h1403220.stratoserver.net /public_html/bertichile/fonda0900 dsc00020.jpg
2008.06.27 19:13 B K:\sicherung_webserver_h10__072008\berti-golf.de\public_html\bertichile\fonda0900\dsc00020_tn.jpg --> bertigolfde.h1403220.stratoserver.net /public_html/bertichile/fonda0900 dsc00020_tn.jpg
2008.06.27 19:13 B K:\sicherung_webserver_h10__072008\berti-golf.de\public_html\bertichile\fonda0900\dsc00025.jpg --> bertigolfde.h1403220.stratoserver.net /public_html/bertichile/fonda0900 dsc00025.jpg
2008.06.27 19:13 B K:\sicherung_webserver_h10__072008\berti-golf.de\public_html\bertichile\fonda0900\dsc00025_tn.jpg --> bertigolfde.h1403220.stratoserver.net /public_html/bertichile/fonda0900 dsc00025_tn.jpg
2008.06.27 19:13 B K:\sicherung_webserver_h10__072008\berti-golf.de\public_html\bertichile\fonda0900\dsc00026.jpg --> bertigolfde.h1403220.stratoserver.net /public_html/bertichile/fonda0900 dsc00026.jpg
2008.06.27 19:13 B K:\sicherung_webserver_h10__072008\berti-golf.de\public_html\bertichile\fonda0900\dsc00026_tn.jpg --> bertigolfde.h1403220.stratoserver.net /public_html/bertichile/fonda0900 dsc00026_tn.jpg
2008.06.27 19:13 B K:\sicherung_webserver_h10__072008\berti-golf.de\public_html\bertichile\fonda0900\dsc00027.jpg --> bertigolfde.h1403220.stratoserver.net /public_html/bertichile/fonda0900 dsc00027.jpg
2008.06.27 19:13 B K:\sicherung_webserver_h10__072008\berti-golf.de\public_html\bertichile\fonda0900\dsc00027_tn.jpg --> bertigolfde.h1403220.stratoserver.net /public_html/bertichile/fonda0900 dsc00027_tn.jpg
2008.06.27 19:13 B K:\sicherung_webserver_h10__072008\berti-golf.de\public_html\bertichile\fonda0900\dsc00028.jpg --> bertigolfde.h1403220.stratoserver.net /public_html/bertichile/fonda0900 dsc00028.jpg
2008.06.27 19:13 B K:\sicherung_webserver_h10__072008\berti-golf.de\public_html\bertichile\fonda0900\dsc00028_tn.jpg --> bertigolfde.h1403220.stratoserver.net /public_html/bertichile/fonda0900 dsc00028_tn.jpg
2008.06.27 19:13 B K:\sicherung_webserver_h10__072008\berti-golf.de\public_html\bertichile\fonda0900\dsc00029.jpg --> bertigolfde.h1403220.stratoserver.net /public_html/bertichile/fonda0900 dsc00029.jpg
2008.06.27 19:13 B K:\sicherung_webserver_h10__072008\berti-golf.de\public_html\bertichile\fonda0900\dsc00029_tn.jpg --> bertigolfde.h1403220.stratoserver.net /public_html/bertichile/fonda0900 dsc00029_tn.jpg
2008.06.27 19:13 B K:\sicherung_webserver_h10__072008\berti-golf.de\public_html\bertichile\fonda0900\dsc00030.jpg --> bertigolfde.h1403220.stratoserver.net /public_html/bertichile/fonda0900 dsc00030.jpg
2008.06.27 19:13 B K:\sicherung_webserver_h10__072008\berti-golf.de\public_html\bertichile\fonda0900\dsc00030_tn.jpg --> bertigolfde.h1403220.stratoserver.net /public_html/bertichile/fonda0900 dsc00030_tn.jpg
2008.06.27 19:13 B K:\sicherung_webserver_h10__072008\berti-golf.de\public_html\bertichile\fonda0900\dsc00031.jpg --> bertigolfde.h1403220.stratoserver.net /public_html/bertichile/fonda0900 dsc00031.jpg
2008.06.27 19:13 B K:\sicherung_webserver_h10__072008\berti-golf.de\public_html\bertichile\fonda0900\dsc00031_tn.jpg --> bertigolfde.h1403220.stratoserver.net /public_html/bertichile/fonda0900 dsc00031_tn.jpg
2008.06.27 19:13 B K:\sicherung_webserver_h10__072008\berti-golf.de\public_html\bertichile\fonda0900\dsc00032.jpg --> bertigolfde.h1403220.stratoserver.net /public_html/bertichile/fonda0900 dsc00032.jpg
2008.06.27 19:13 B K:\sicherung_webserver_h10__072008\berti-golf.de\public_html\bertichile\fonda0900\dsc00032_tn.jpg --> bertigolfde.h1403220.stratoserver.net /public_html/bertichile/fonda0900 dsc00032_tn.jpg
2008.06.27 19:13 B K:\sicherung_webserver_h10__072008\berti-golf.de\public_html\bertichile\fonda0900\dsc00034.jpg --> bertigolfde.h1403220.stratoserver.net /public_html/bertichile/fonda0900 dsc00034.jpg
2008.06.27 19:13 B K:\sicherung_webserver_h10__072008\berti-golf.de\public_html\bertichile\fonda0900\dsc00034_tn.jpg --> bertigolfde.h1403220.stratoserver.net /public_html/bertichile/fonda0900 dsc00034_tn.jpg
2008.06.27 19:13 B K:\sicherung_webserver_h10__072008\berti-golf.de\public_html\bertichile\fonda0900\dsc00035.jpg --> bertigolfde.h1403220.stratoserver.net /public_html/bertichile/fonda0900 dsc00035.jpg
2008.06.27 19:13 B K:\sicherung_webserver_h10__072008\berti-golf.de\public_html\bertichile\fonda0900\dsc00035_tn.jpg --> bertigolfde.h1403220.stratoserver.net /public_html/bertichile/fonda0900 dsc00035_tn.jpg
2008.06.27 19:14 B K:\sicherung_webserver_h10__072008\berti-golf.de\public_html\bertichile\fonda0900\dsc00037.jpg --> bertigolfde.h1403220.stratoserver.net /public_html/bertichile/fonda0900 dsc00037.jpg
2008.06.27 19:14 B K:\sicherung_webserver_h10__072008\berti-golf.de\public_html\bertichile\fonda0900\dsc00037_tn.jpg --> bertigolfde.h1403220.stratoserver.net /public_html/bertichile/fonda0900 dsc00037_tn.jpg
2008.06.27 19:14 B K:\sicherung_webserver_h10__072008\berti-golf.de\public_html\bertichile\fonda0900\dsc00039.jpg --> bertigolfde.h1403220.stratoserver.net /public_html/bertichile/fonda0900 dsc00039.jpg
2008.06.27 19:14 B K:\sicherung_webserver_h10__072008\berti-golf.de\public_html\bertichile\fonda0900\dsc00039_tn.jpg --> bertigolfde.h1403220.stratoserver.net /public_html/bertichile/fonda0900 dsc00039_tn.jpg
2008.06.27 19:14 B K:\sicherung_webserver_h10__072008\berti-golf.de\public_html\bertichile\fonda0900\dsc00040.jpg --> bertigolfde.h1403220.stratoserver.net /public_html/bertichile/fonda0900 dsc00040.jpg
2008.06.27 19:14 B K:\sicherung_webserver_h10__072008\berti-golf.de\public_html\bertichile\fonda0900\dsc00040_tn.jpg --> bertigolfde.h1403220.stratoserver.net /public_html/bertichile/fonda0900 dsc00040_tn.jpg
2008.06.27 19:14 B K:\sicherung_webserver_h10__072008\berti-golf.de\public_html\bertichile\fonda0900\dsc00041.jpg --> bertigolfde.h1403220.stratoserver.net /public_html/bertichile/fonda0900 dsc00041.jpg
2008.06.27 19:14 B K:\sicherung_webserver_h10__072008\berti-golf.de\public_html\bertichile\fonda0900\dsc00041_tn.jpg --> bertigolfde.h1403220.stratoserver.net /public_html/bertichile/fonda0900 dsc00041_tn.jpg
2008.06.27 19:14 B K:\sicherung_webserver_h10__072008\berti-golf.de\public_html\bertichile\fonda0900\dsc00042.jpg --> bertigolfde.h1403220.stratoserver.net /public_html/bertichile/fonda0900 dsc00042.jpg
2008.06.27 19:14 B K:\sicherung_webserver_h10__072008\berti-golf.de\public_html\bertichile\fonda0900\dsc00042_tn.jpg --> bertigolfde.h1403220.stratoserver.net /public_html/bertichile/fonda0900 dsc00042_tn.jpg
2008.06.27 19:14 B K:\sicherung_webserver_h10__072008\berti-golf.de\public_html\bertichile\fonda0900\dsc00043.jpg --> bertigolfde.h1403220.stratoserver.net /public_html/bertichile/fonda0900 dsc00043.jpg
2008.06.27 19:14 B K:\sicherung_webserver_h10__072008\berti-golf.de\public_html\bertichile\fonda0900\dsc00043_tn.jpg --> bertigolfde.h1403220.stratoserver.net /public_html/bertichile/fonda0900 dsc00043_tn.jpg
2008.06.27 19:14 B K:\sicherung_webserver_h10__072008\berti-golf.de\public_html\bertichile\fonda0900\fonda.html --> bertigolfde.h1403220.stratoserver.net /public_html/bertichile/fonda0900 fonda.html
2009.05.01 07:13 B Z:\home\Berti\public_html\www.berti-golf.de\bertichile\fonda0900\WS_FTP.LOG <-- bertigolfde.h1403220.stratoserver.net /public_html/bertichile/fonda0900 WS_FTP.LOG
2009.12.08 17:58 B Z:\home\Berti\public_html\www.berti-golf.de\bertichile\fonda0900\dsc00002.jpg --> h1667152.stratoserver.net /httpdocs/bertichile/fonda0900 dsc00002.jpg
2009.12.08 17:58 B Z:\home\Berti\public_html\www.berti-golf.de\bertichile\fonda0900\dsc00002_tn.jpg --> h1667152.stratoserver.net /httpdocs/bertichile/fonda0900 dsc00002_tn.jpg
2009.12.08 17:58 B Z:\home\Berti\public_html\www.berti-golf.de\bertichile\fonda0900\dsc00003.jpg --> h1667152.stratoserver.net /httpdocs/bertichile/fonda0900 dsc00003.jpg
2009.12.08 17:58 B Z:\home\Berti\public_html\www.berti-golf.de\bertichile\fonda0900\dsc00003_tn.jpg --> h1667152.stratoserver.net /httpdocs/bertichile/fonda0900 dsc00003_tn.jpg
2009.12.08 17:58 B Z:\home\Berti\public_html\www.berti-golf.de\bertichile\fonda0900\dsc00005.jpg --> h1667152.stratoserver.net /httpdocs/bertichile/fonda0900 dsc00005.jpg
2009.12.08 17:58 B Z:\home\Berti\public_html\www.berti-golf.de\bertichile\fonda0900\dsc00005_tn.jpg --> h1667152.stratoserver.net /httpdocs/bertichile/fonda0900 dsc00005_tn.jpg
2009.12.08 17:58 B Z:\home\Berti\public_html\www.berti-golf.de\bertichile\fonda0900\dsc00006.jpg --> h1667152.stratoserver.net /httpdocs/bertichile/fonda0900 dsc00006.jpg
2009.12.08 17:58 B Z:\home\Berti\public_html\www.berti-golf.de\bertichile\fonda0900\dsc00006_tn.jpg --> h1667152.stratoserver.net /httpdocs/bertichile/fonda0900 dsc00006_tn.jpg
2009.12.08 17:58 B Z:\home\Berti\public_html\www.berti-golf.de\bertichile\fonda0900\dsc00009.jpg --> h1667152.stratoserver.net /httpdocs/bertichile/fonda0900 dsc00009.jpg
2009.12.08 17:58 B Z:\home\Berti\public_html\www.berti-golf.de\bertichile\fonda0900\dsc00009_tn.jpg --> h1667152.stratoserver.net /httpdocs/bertichile/fonda0900 dsc00009_tn.jpg
2009.12.08 17:58 B Z:\home\Berti\public_html\www.berti-golf.de\bertichile\fonda0900\dsc00010.jpg --> h1667152.stratoserver.net /httpdocs/bertichile/fonda0900 dsc00010.jpg
2009.12.08 17:58 B Z:\home\Berti\public_html\www.berti-golf.de\bertichile\fonda0900\dsc00010_tn.jpg --> h1667152.stratoserver.net /httpdocs/bertichile/fonda0900 dsc00010_tn.jpg
2009.12.08 17:58 B Z:\home\Berti\public_html\www.berti-golf.de\bertichile\fonda0900\dsc00011.jpg --> h1667152.stratoserver.net /httpdocs/bertichile/fonda0900 dsc00011.jpg
2009.12.08 17:58 B Z:\home\Berti\public_html\www.berti-golf.de\bertichile\fonda0900\dsc00011_tn.jpg --> h1667152.stratoserver.net /httpdocs/bertichile/fonda0900 dsc00011_tn.jpg
2009.12.08 17:58 B Z:\home\Berti\public_html\www.berti-golf.de\bertichile\fonda0900\dsc00012.jpg --> h1667152.stratoserver.net /httpdocs/bertichile/fonda0900 dsc00012.jpg
2009.12.08 17:58 B Z:\home\Berti\public_html\www.berti-golf.de\bertichile\fonda0900\dsc00012_tn.jpg --> h1667152.stratoserver.net /httpdocs/bertichile/fonda0900 dsc00012_tn.jpg
2009.12.08 17:58 B Z:\home\Berti\public_html\www.berti-golf.de\bertichile\fonda0900\dsc00016.jpg --> h1667152.stratoserver.net /httpdocs/bertichile/fonda0900 dsc00016.jpg
2009.12.08 17:58 B Z:\home\Berti\public_html\www.berti-golf.de\bertichile\fonda0900\dsc00016_tn.jpg --> h1667152.stratoserver.net /httpdocs/bertichile/fonda0900 dsc00016_tn.jpg
2009.12.08 17:58 B Z:\home\Berti\public_html\www.berti-golf.de\bertichile\fonda0900\dsc00017.jpg --> h1667152.stratoserver.net /httpdocs/bertichile/fonda0900 dsc00017.jpg
2009.12.08 17:58 B Z:\home\Berti\public_html\www.berti-golf.de\bertichile\fonda0900\dsc00017_tn.jpg --> h1667152.stratoserver.net /httpdocs/bertichile/fonda0900 dsc00017_tn.jpg
2009.12.08 17:58 B Z:\home\Berti\public_html\www.berti-golf.de\bertichile\fonda0900\dsc00019.jpg --> h1667152.stratoserver.net /httpdocs/bertichile/fonda0900 dsc00019.jpg
2009.12.08 17:58 B Z:\home\Berti\public_html\www.berti-golf.de\bertichile\fonda0900\dsc00019_tn.jpg --> h1667152.stratoserver.net /httpdocs/bertichile/fonda0900 dsc00019_tn.jpg
2009.12.08 17:58 B Z:\home\Berti\public_html\www.berti-golf.de\bertichile\fonda0900\dsc00020.jpg --> h1667152.stratoserver.net /httpdocs/bertichile/fonda0900 dsc00020.jpg
2009.12.08 17:58 B Z:\home\Berti\public_html\www.berti-golf.de\bertichile\fonda0900\dsc00020_tn.jpg --> h1667152.stratoserver.net /httpdocs/bertichile/fonda0900 dsc00020_tn.jpg
2009.12.08 17:58 B Z:\home\Berti\public_html\www.berti-golf.de\bertichile\fonda0900\dsc00025.jpg --> h1667152.stratoserver.net /httpdocs/bertichile/fonda0900 dsc00025.jpg
2009.12.08 17:58 B Z:\home\Berti\public_html\www.berti-golf.de\bertichile\fonda0900\dsc00025_tn.jpg --> h1667152.stratoserver.net /httpdocs/bertichile/fonda0900 dsc00025_tn.jpg
2009.12.08 17:58 B Z:\home\Berti\public_html\www.berti-golf.de\bertichile\fonda0900\dsc00026.jpg --> h1667152.stratoserver.net /httpdocs/bertichile/fonda0900 dsc00026.jpg
2009.12.08 17:58 B Z:\home\Berti\public_html\www.berti-golf.de\bertichile\fonda0900\dsc00026_tn.jpg --> h1667152.stratoserver.net /httpdocs/bertichile/fonda0900 dsc00026_tn.jpg
2009.12.08 17:58 B Z:\home\Berti\public_html\www.berti-golf.de\bertichile\fonda0900\dsc00027.jpg --> h1667152.stratoserver.net /httpdocs/bertichile/fonda0900 dsc00027.jpg
2009.12.08 17:58 B Z:\home\Berti\public_html\www.berti-golf.de\bertichile\fonda0900\dsc00027_tn.jpg --> h1667152.stratoserver.net /httpdocs/bertichile/fonda0900 dsc00027_tn.jpg
2009.12.08 17:58 B Z:\home\Berti\public_html\www.berti-golf.de\bertichile\fonda0900\dsc00028.jpg --> h1667152.stratoserver.net /httpdocs/bertichile/fonda0900 dsc00028.jpg
2009.12.08 17:58 B Z:\home\Berti\public_html\www.berti-golf.de\bertichile\fonda0900\dsc00028_tn.jpg --> h1667152.stratoserver.net /httpdocs/bertichile/fonda0900 dsc00028_tn.jpg
2009.12.08 17:58 B Z:\home\Berti\public_html\www.berti-golf.de\bertichile\fonda0900\dsc00029.jpg --> h1667152.stratoserver.net /httpdocs/bertichile/fonda0900 dsc00029.jpg
2009.12.08 17:58 B Z:\home\Berti\public_html\www.berti-golf.de\bertichile\fonda0900\dsc00029_tn.jpg --> h1667152.stratoserver.net /httpdocs/bertichile/fonda0900 dsc00029_tn.jpg
2009.12.08 17:58 B Z:\home\Berti\public_html\www.berti-golf.de\bertichile\fonda0900\dsc00030.jpg --> h1667152.stratoserver.net /httpdocs/bertichile/fonda0900 dsc00030.jpg
2009.12.08 17:58 B Z:\home\Berti\public_html\www.berti-golf.de\bertichile\fonda0900\dsc00030_tn.jpg --> h1667152.stratoserver.net /httpdocs/bertichile/fonda0900 dsc00030_tn.jpg
2009.12.08 17:58 B Z:\home\Berti\public_html\www.berti-golf.de\bertichile\fonda0900\dsc00031.jpg --> h1667152.stratoserver.net /httpdocs/bertichile/fonda0900 dsc00031.jpg
2009.12.08 17:58 B Z:\home\Berti\public_html\www.berti-golf.de\bertichile\fonda0900\dsc00031_tn.jpg --> h1667152.stratoserver.net /httpdocs/bertichile/fonda0900 dsc00031_tn.jpg
2009.12.08 17:58 B Z:\home\Berti\public_html\www.berti-golf.de\bertichile\fonda0900\dsc00032.jpg --> h1667152.stratoserver.net /httpdocs/bertichile/fonda0900 dsc00032.jpg
2009.12.08 17:58 B Z:\home\Berti\public_html\www.berti-golf.de\bertichile\fonda0900\dsc00032_tn.jpg --> h1667152.stratoserver.net /httpdocs/bertichile/fonda0900 dsc00032_tn.jpg
2009.12.08 17:58 B Z:\home\Berti\public_html\www.berti-golf.de\bertichile\fonda0900\dsc00034.jpg --> h1667152.stratoserver.net /httpdocs/bertichile/fonda0900 dsc00034.jpg
2009.12.08 17:58 B Z:\home\Berti\public_html\www.berti-golf.de\bertichile\fonda0900\dsc00034_tn.jpg --> h1667152.stratoserver.net /httpdocs/bertichile/fonda0900 dsc00034_tn.jpg
2009.12.08 17:58 B Z:\home\Berti\public_html\www.berti-golf.de\bertichile\fonda0900\dsc00035.jpg --> h1667152.stratoserver.net /httpdocs/bertichile/fonda0900 dsc00035.jpg
2009.12.08 17:58 B Z:\home\Berti\public_html\www.berti-golf.de\bertichile\fonda0900\dsc00035_tn.jpg --> h1667152.stratoserver.net /httpdocs/bertichile/fonda0900 dsc00035_tn.jpg
2009.12.08 17:58 B Z:\home\Berti\public_html\www.berti-golf.de\bertichile\fonda0900\dsc00037.jpg --> h1667152.stratoserver.net /httpdocs/bertichile/fonda0900 dsc00037.jpg
2009.12.08 17:58 B Z:\home\Berti\public_html\www.berti-golf.de\bertichile\fonda0900\dsc00037_tn.jpg --> h1667152.stratoserver.net /httpdocs/bertichile/fonda0900 dsc00037_tn.jpg
2009.12.08 17:58 B Z:\home\Berti\public_html\www.berti-golf.de\bertichile\fonda0900\dsc00039.jpg --> h1667152.stratoserver.net /httpdocs/bertichile/fonda0900 dsc00039.jpg
2009.12.08 17:58 B Z:\home\Berti\public_html\www.berti-golf.de\bertichile\fonda0900\dsc00039_tn.jpg --> h1667152.stratoserver.net /httpdocs/bertichile/fonda0900 dsc00039_tn.jpg
2009.12.08 17:58 B Z:\home\Berti\public_html\www.berti-golf.de\bertichile\fonda0900\dsc00040.jpg --> h1667152.stratoserver.net /httpdocs/bertichile/fonda0900 dsc00040.jpg
2009.12.08 17:58 B Z:\home\Berti\public_html\www.berti-golf.de\bertichile\fonda0900\dsc00040_tn.jpg --> h1667152.stratoserver.net /httpdocs/bertichile/fonda0900 dsc00040_tn.jpg
2009.12.08 17:58 B Z:\home\Berti\public_html\www.berti-golf.de\bertichile\fonda0900\dsc00041.jpg --> h1667152.stratoserver.net /httpdocs/bertichile/fonda0900 dsc00041.jpg
2009.12.08 17:58 B Z:\home\Berti\public_html\www.berti-golf.de\bertichile\fonda0900\dsc00041_tn.jpg --> h1667152.stratoserver.net /httpdocs/bertichile/fonda0900 dsc00041_tn.jpg
2009.12.08 17:58 B Z:\home\Berti\public_html\www.berti-golf.de\bertichile\fonda0900\dsc00042.jpg --> h1667152.stratoserver.net /httpdocs/bertichile/fonda0900 dsc00042.jpg
2009.12.08 17:58 B Z:\home\Berti\public_html\www.berti-golf.de\bertichile\fonda0900\dsc00042_tn.jpg --> h1667152.stratoserver.net /httpdocs/bertichile/fonda0900 dsc00042_tn.jpg
2009.12.08 17:58 B Z:\home\Berti\public_html\www.berti-golf.de\bertichile\fonda0900\dsc00043.jpg --> h1667152.stratoserver.net /httpdocs/bertichile/fonda0900 dsc00043.jpg
2009.12.08 17:58 B Z:\home\Berti\public_html\www.berti-golf.de\bertichile\fonda0900\dsc00043_tn.jpg --> h1667152.stratoserver.net /httpdocs/bertichile/fonda0900 dsc00043_tn.jpg
2009.12.08 17:58 B Z:\home\Berti\public_html\www.berti-golf.de\bertichile\fonda0900\fonda.html --> h1667152.stratoserver.net /httpdocs/bertichile/fonda0900 fonda.html
