2008.06.27 16:03 B K:\sicherung_webserver_h10__072008\berti-golf.de\public_html\bertichile\berge\auto1.jpg <-- www.berti-golf.de /public_html/bertichile/berge auto1.jpg
2008.06.27 16:03 B K:\sicherung_webserver_h10__072008\berti-golf.de\public_html\bertichile\berge\auto1_tn.jpg <-- www.berti-golf.de /public_html/bertichile/berge auto1_tn.jpg
2008.06.27 16:03 B K:\sicherung_webserver_h10__072008\berti-golf.de\public_html\bertichile\berge\auto2.jpg <-- www.berti-golf.de /public_html/bertichile/berge auto2.jpg
2008.06.27 16:03 B K:\sicherung_webserver_h10__072008\berti-golf.de\public_html\bertichile\berge\auto2_tn.jpg <-- www.berti-golf.de /public_html/bertichile/berge auto2_tn.jpg
2008.06.27 16:03 B K:\sicherung_webserver_h10__072008\berti-golf.de\public_html\bertichile\berge\berge.html <-- www.berti-golf.de /public_html/bertichile/berge berge.html
2008.06.27 16:03 B K:\sicherung_webserver_h10__072008\berti-golf.de\public_html\bertichile\berge\blick-st.jpg <-- www.berti-golf.de /public_html/bertichile/berge blick-st.jpg
2008.06.27 16:03 B K:\sicherung_webserver_h10__072008\berti-golf.de\public_html\bertichile\berge\blick-st_tn.jpg <-- www.berti-golf.de /public_html/bertichile/berge blick-st_tn.jpg
2008.06.27 16:03 B K:\sicherung_webserver_h10__072008\berti-golf.de\public_html\bertichile\berge\farellones.jpg <-- www.berti-golf.de /public_html/bertichile/berge farellones.jpg
2008.06.27 16:03 B K:\sicherung_webserver_h10__072008\berti-golf.de\public_html\bertichile\berge\farellones_tn.jpg <-- www.berti-golf.de /public_html/bertichile/berge farellones_tn.jpg
2008.06.27 16:03 B K:\sicherung_webserver_h10__072008\berti-golf.de\public_html\bertichile\berge\farellonesdeabajo1.jpg <-- www.berti-golf.de /public_html/bertichile/berge farellonesdeabajo1.jpg
2008.06.27 16:03 B K:\sicherung_webserver_h10__072008\berti-golf.de\public_html\bertichile\berge\farellonesdeabajo1_tn.jpg <-- www.berti-golf.de /public_html/bertichile/berge farellonesdeabajo1_tn.jpg
2008.06.27 16:03 B K:\sicherung_webserver_h10__072008\berti-golf.de\public_html\bertichile\berge\farellonesdeabajo2.jpg <-- www.berti-golf.de /public_html/bertichile/berge farellonesdeabajo2.jpg
2008.06.27 16:03 B K:\sicherung_webserver_h10__072008\berti-golf.de\public_html\bertichile\berge\farellonesdeabajo2_tn.jpg <-- www.berti-golf.de /public_html/bertichile/berge farellonesdeabajo2_tn.jpg
2008.06.27 16:03 B K:\sicherung_webserver_h10__072008\berti-golf.de\public_html\bertichile\berge\laparva.jpg <-- www.berti-golf.de /public_html/bertichile/berge laparva.jpg
2008.06.27 16:03 B K:\sicherung_webserver_h10__072008\berti-golf.de\public_html\bertichile\berge\laparva_tn.jpg <-- www.berti-golf.de /public_html/bertichile/berge laparva_tn.jpg
2008.06.27 16:03 B K:\sicherung_webserver_h10__072008\berti-golf.de\public_html\bertichile\berge\montana.jpg <-- www.berti-golf.de /public_html/bertichile/berge montana.jpg
2008.06.27 16:03 B K:\sicherung_webserver_h10__072008\berti-golf.de\public_html\bertichile\berge\montana_tn.jpg <-- www.berti-golf.de /public_html/bertichile/berge montana_tn.jpg
2008.06.27 16:03 B K:\sicherung_webserver_h10__072008\berti-golf.de\public_html\bertichile\berge\schlucht.jpg <-- www.berti-golf.de /public_html/bertichile/berge schlucht.jpg
2008.06.27 16:03 B K:\sicherung_webserver_h10__072008\berti-golf.de\public_html\bertichile\berge\schlucht_tn.jpg <-- www.berti-golf.de /public_html/bertichile/berge schlucht_tn.jpg
2008.06.27 16:03 B K:\sicherung_webserver_h10__072008\berti-golf.de\public_html\bertichile\berge\schneeberge1.jpg <-- www.berti-golf.de /public_html/bertichile/berge schneeberge1.jpg
2008.06.27 16:03 B K:\sicherung_webserver_h10__072008\berti-golf.de\public_html\bertichile\berge\schneeberge1_tn.jpg <-- www.berti-golf.de /public_html/bertichile/berge schneeberge1_tn.jpg
2008.06.27 16:03 B K:\sicherung_webserver_h10__072008\berti-golf.de\public_html\bertichile\berge\strasse.jpg <-- www.berti-golf.de /public_html/bertichile/berge strasse.jpg
2008.06.27 16:03 B K:\sicherung_webserver_h10__072008\berti-golf.de\public_html\bertichile\berge\strasse_tn.jpg <-- www.berti-golf.de /public_html/bertichile/berge strasse_tn.jpg
2008.06.27 16:03 B K:\sicherung_webserver_h10__072008\berti-golf.de\public_html\bertichile\berge\wasserfall.jpg <-- www.berti-golf.de /public_html/bertichile/berge wasserfall.jpg
2008.06.27 16:03 B K:\sicherung_webserver_h10__072008\berti-golf.de\public_html\bertichile\berge\wasserfall_tn.jpg <-- www.berti-golf.de /public_html/bertichile/berge wasserfall_tn.jpg
2008.06.27 19:01 B K:\sicherung_webserver_h10__072008\berti-golf.de\public_html\bertichile\berge\auto1.jpg --> bertigolfde.h1403220.stratoserver.net /public_html/bertichile/berge auto1.jpg
2008.06.27 19:01 B K:\sicherung_webserver_h10__072008\berti-golf.de\public_html\bertichile\berge\auto1_tn.jpg --> bertigolfde.h1403220.stratoserver.net /public_html/bertichile/berge auto1_tn.jpg
2008.06.27 19:01 B K:\sicherung_webserver_h10__072008\berti-golf.de\public_html\bertichile\berge\auto2.jpg --> bertigolfde.h1403220.stratoserver.net /public_html/bertichile/berge auto2.jpg
2008.06.27 19:01 B K:\sicherung_webserver_h10__072008\berti-golf.de\public_html\bertichile\berge\auto2_tn.jpg --> bertigolfde.h1403220.stratoserver.net /public_html/bertichile/berge auto2_tn.jpg
2008.06.27 19:01 B K:\sicherung_webserver_h10__072008\berti-golf.de\public_html\bertichile\berge\berge.html --> bertigolfde.h1403220.stratoserver.net /public_html/bertichile/berge berge.html
2008.06.27 19:01 B K:\sicherung_webserver_h10__072008\berti-golf.de\public_html\bertichile\berge\blick-st.jpg --> bertigolfde.h1403220.stratoserver.net /public_html/bertichile/berge blick-st.jpg
2008.06.27 19:01 B K:\sicherung_webserver_h10__072008\berti-golf.de\public_html\bertichile\berge\blick-st_tn.jpg --> bertigolfde.h1403220.stratoserver.net /public_html/bertichile/berge blick-st_tn.jpg
2008.06.27 19:01 B K:\sicherung_webserver_h10__072008\berti-golf.de\public_html\bertichile\berge\farellones.jpg --> bertigolfde.h1403220.stratoserver.net /public_html/bertichile/berge farellones.jpg
2008.06.27 19:01 B K:\sicherung_webserver_h10__072008\berti-golf.de\public_html\bertichile\berge\farellones_tn.jpg --> bertigolfde.h1403220.stratoserver.net /public_html/bertichile/berge farellones_tn.jpg
2008.06.27 19:01 B K:\sicherung_webserver_h10__072008\berti-golf.de\public_html\bertichile\berge\farellonesdeabajo1.jpg --> bertigolfde.h1403220.stratoserver.net /public_html/bertichile/berge farellonesdeabajo1.jpg
2008.06.27 19:01 B K:\sicherung_webserver_h10__072008\berti-golf.de\public_html\bertichile\berge\farellonesdeabajo1_tn.jpg --> bertigolfde.h1403220.stratoserver.net /public_html/bertichile/berge farellonesdeabajo1_tn.jpg
2008.06.27 19:01 B K:\sicherung_webserver_h10__072008\berti-golf.de\public_html\bertichile\berge\farellonesdeabajo2.jpg --> bertigolfde.h1403220.stratoserver.net /public_html/bertichile/berge farellonesdeabajo2.jpg
2008.06.27 19:01 B K:\sicherung_webserver_h10__072008\berti-golf.de\public_html\bertichile\berge\farellonesdeabajo2_tn.jpg --> bertigolfde.h1403220.stratoserver.net /public_html/bertichile/berge farellonesdeabajo2_tn.jpg
2008.06.27 19:01 B K:\sicherung_webserver_h10__072008\berti-golf.de\public_html\bertichile\berge\laparva.jpg --> bertigolfde.h1403220.stratoserver.net /public_html/bertichile/berge laparva.jpg
2008.06.27 19:01 B K:\sicherung_webserver_h10__072008\berti-golf.de\public_html\bertichile\berge\laparva_tn.jpg --> bertigolfde.h1403220.stratoserver.net /public_html/bertichile/berge laparva_tn.jpg
2008.06.27 19:01 B K:\sicherung_webserver_h10__072008\berti-golf.de\public_html\bertichile\berge\montana.jpg --> bertigolfde.h1403220.stratoserver.net /public_html/bertichile/berge montana.jpg
2008.06.27 19:01 B K:\sicherung_webserver_h10__072008\berti-golf.de\public_html\bertichile\berge\montana_tn.jpg --> bertigolfde.h1403220.stratoserver.net /public_html/bertichile/berge montana_tn.jpg
2008.06.27 19:01 B K:\sicherung_webserver_h10__072008\berti-golf.de\public_html\bertichile\berge\schlucht.jpg --> bertigolfde.h1403220.stratoserver.net /public_html/bertichile/berge schlucht.jpg
2008.06.27 19:01 B K:\sicherung_webserver_h10__072008\berti-golf.de\public_html\bertichile\berge\schlucht_tn.jpg --> bertigolfde.h1403220.stratoserver.net /public_html/bertichile/berge schlucht_tn.jpg
2008.06.27 19:01 B K:\sicherung_webserver_h10__072008\berti-golf.de\public_html\bertichile\berge\schneeberge1.jpg --> bertigolfde.h1403220.stratoserver.net /public_html/bertichile/berge schneeberge1.jpg
2008.06.27 19:01 B K:\sicherung_webserver_h10__072008\berti-golf.de\public_html\bertichile\berge\schneeberge1_tn.jpg --> bertigolfde.h1403220.stratoserver.net /public_html/bertichile/berge schneeberge1_tn.jpg
2008.06.27 19:01 B K:\sicherung_webserver_h10__072008\berti-golf.de\public_html\bertichile\berge\strasse.jpg --> bertigolfde.h1403220.stratoserver.net /public_html/bertichile/berge strasse.jpg
2008.06.27 19:01 B K:\sicherung_webserver_h10__072008\berti-golf.de\public_html\bertichile\berge\strasse_tn.jpg --> bertigolfde.h1403220.stratoserver.net /public_html/bertichile/berge strasse_tn.jpg
2008.06.27 19:01 B K:\sicherung_webserver_h10__072008\berti-golf.de\public_html\bertichile\berge\wasserfall.jpg --> bertigolfde.h1403220.stratoserver.net /public_html/bertichile/berge wasserfall.jpg
2008.06.27 19:01 B K:\sicherung_webserver_h10__072008\berti-golf.de\public_html\bertichile\berge\wasserfall_tn.jpg --> bertigolfde.h1403220.stratoserver.net /public_html/bertichile/berge wasserfall_tn.jpg
2009.05.01 07:09 B Z:\home\Berti\public_html\www.berti-golf.de\bertichile\berge\WS_FTP.LOG <-- bertigolfde.h1403220.stratoserver.net /public_html/bertichile/berge WS_FTP.LOG
2009.12.08 17:52 B Z:\home\Berti\public_html\www.berti-golf.de\bertichile\berge\auto1.jpg --> h1667152.stratoserver.net /httpdocs/bertichile/berge auto1.jpg
2009.12.08 17:52 B Z:\home\Berti\public_html\www.berti-golf.de\bertichile\berge\auto1_tn.jpg --> h1667152.stratoserver.net /httpdocs/bertichile/berge auto1_tn.jpg
2009.12.08 17:52 B Z:\home\Berti\public_html\www.berti-golf.de\bertichile\berge\auto2.jpg --> h1667152.stratoserver.net /httpdocs/bertichile/berge auto2.jpg
2009.12.08 17:52 B Z:\home\Berti\public_html\www.berti-golf.de\bertichile\berge\auto2_tn.jpg --> h1667152.stratoserver.net /httpdocs/bertichile/berge auto2_tn.jpg
2009.12.08 17:52 B Z:\home\Berti\public_html\www.berti-golf.de\bertichile\berge\berge.html --> h1667152.stratoserver.net /httpdocs/bertichile/berge berge.html
2009.12.08 17:52 B Z:\home\Berti\public_html\www.berti-golf.de\bertichile\berge\blick-st.jpg --> h1667152.stratoserver.net /httpdocs/bertichile/berge blick-st.jpg
2009.12.08 17:52 B Z:\home\Berti\public_html\www.berti-golf.de\bertichile\berge\blick-st_tn.jpg --> h1667152.stratoserver.net /httpdocs/bertichile/berge blick-st_tn.jpg
2009.12.08 17:52 B Z:\home\Berti\public_html\www.berti-golf.de\bertichile\berge\farellones.jpg --> h1667152.stratoserver.net /httpdocs/bertichile/berge farellones.jpg
2009.12.08 17:52 B Z:\home\Berti\public_html\www.berti-golf.de\bertichile\berge\farellones_tn.jpg --> h1667152.stratoserver.net /httpdocs/bertichile/berge farellones_tn.jpg
2009.12.08 17:52 B Z:\home\Berti\public_html\www.berti-golf.de\bertichile\berge\farellonesdeabajo1.jpg --> h1667152.stratoserver.net /httpdocs/bertichile/berge farellonesdeabajo1.jpg
2009.12.08 17:52 B Z:\home\Berti\public_html\www.berti-golf.de\bertichile\berge\farellonesdeabajo1_tn.jpg --> h1667152.stratoserver.net /httpdocs/bertichile/berge farellonesdeabajo1_tn.jpg
2009.12.08 17:52 B Z:\home\Berti\public_html\www.berti-golf.de\bertichile\berge\farellonesdeabajo2.jpg --> h1667152.stratoserver.net /httpdocs/bertichile/berge farellonesdeabajo2.jpg
2009.12.08 17:52 B Z:\home\Berti\public_html\www.berti-golf.de\bertichile\berge\farellonesdeabajo2_tn.jpg --> h1667152.stratoserver.net /httpdocs/bertichile/berge farellonesdeabajo2_tn.jpg
2009.12.08 17:52 B Z:\home\Berti\public_html\www.berti-golf.de\bertichile\berge\laparva.jpg --> h1667152.stratoserver.net /httpdocs/bertichile/berge laparva.jpg
2009.12.08 17:52 B Z:\home\Berti\public_html\www.berti-golf.de\bertichile\berge\laparva_tn.jpg --> h1667152.stratoserver.net /httpdocs/bertichile/berge laparva_tn.jpg
2009.12.08 17:52 B Z:\home\Berti\public_html\www.berti-golf.de\bertichile\berge\montana.jpg --> h1667152.stratoserver.net /httpdocs/bertichile/berge montana.jpg
2009.12.08 17:52 B Z:\home\Berti\public_html\www.berti-golf.de\bertichile\berge\montana_tn.jpg --> h1667152.stratoserver.net /httpdocs/bertichile/berge montana_tn.jpg
2009.12.08 17:52 B Z:\home\Berti\public_html\www.berti-golf.de\bertichile\berge\schlucht.jpg --> h1667152.stratoserver.net /httpdocs/bertichile/berge schlucht.jpg
2009.12.08 17:53 B Z:\home\Berti\public_html\www.berti-golf.de\bertichile\berge\schlucht_tn.jpg --> h1667152.stratoserver.net /httpdocs/bertichile/berge schlucht_tn.jpg
2009.12.08 17:53 B Z:\home\Berti\public_html\www.berti-golf.de\bertichile\berge\schneeberge1.jpg --> h1667152.stratoserver.net /httpdocs/bertichile/berge schneeberge1.jpg
2009.12.08 17:53 B Z:\home\Berti\public_html\www.berti-golf.de\bertichile\berge\schneeberge1_tn.jpg --> h1667152.stratoserver.net /httpdocs/bertichile/berge schneeberge1_tn.jpg
2009.12.08 17:53 B Z:\home\Berti\public_html\www.berti-golf.de\bertichile\berge\strasse.jpg --> h1667152.stratoserver.net /httpdocs/bertichile/berge strasse.jpg
2009.12.08 17:53 B Z:\home\Berti\public_html\www.berti-golf.de\bertichile\berge\strasse_tn.jpg --> h1667152.stratoserver.net /httpdocs/bertichile/berge strasse_tn.jpg
2009.12.08 17:53 B Z:\home\Berti\public_html\www.berti-golf.de\bertichile\berge\wasserfall.jpg --> h1667152.stratoserver.net /httpdocs/bertichile/berge wasserfall.jpg
2009.12.08 17:53 B Z:\home\Berti\public_html\www.berti-golf.de\bertichile\berge\wasserfall_tn.jpg --> h1667152.stratoserver.net /httpdocs/bertichile/berge wasserfall_tn.jpg
