2000.06.11 14:40 B c:\FrontPage Webs\Content\bertichile\buenosaires\av9dejulio.jpg --> www.golf-net.de /bertichile/buenosaires av9dejulio.jpg
2000.06.11 14:41 B c:\FrontPage Webs\Content\bertichile\buenosaires\av9dejulio2_tn.jpg --> www.golf-net.de /bertichile/buenosaires av9dejulio2_tn.jpg
2000.06.11 14:42 B c:\FrontPage Webs\Content\bertichile\buenosaires\av9dejulio3_tn.jpg --> www.golf-net.de /bertichile/buenosaires av9dejulio3_tn.jpg
2000.06.11 14:42 B c:\FrontPage Webs\Content\bertichile\buenosaires\av9dejulio_tn.jpg --> www.golf-net.de /bertichile/buenosaires av9dejulio_tn.jpg
2000.06.11 14:42 B c:\FrontPage Webs\Content\bertichile\buenosaires\baneras_tn.jpg --> www.golf-net.de /bertichile/buenosaires baneras_tn.jpg
2000.06.11 14:42 B c:\FrontPage Webs\Content\bertichile\buenosaires\casarosa_tn.jpg --> www.golf-net.de /bertichile/buenosaires casarosa_tn.jpg
2000.06.11 14:42 B c:\FrontPage Webs\Content\bertichile\buenosaires\catedral1_tn.jpg --> www.golf-net.de /bertichile/buenosaires catedral1_tn.jpg
2000.06.11 14:42 B c:\FrontPage Webs\Content\bertichile\buenosaires\catedral4_tn.jpg --> www.golf-net.de /bertichile/buenosaires catedral4_tn.jpg
2000.06.11 14:42 B c:\FrontPage Webs\Content\bertichile\buenosaires\clocktower1_tn.jpg --> www.golf-net.de /bertichile/buenosaires clocktower1_tn.jpg
2000.06.11 14:43 B c:\FrontPage Webs\Content\bertichile\buenosaires\congreso2_tn.jpg --> www.golf-net.de /bertichile/buenosaires congreso2_tn.jpg
2000.06.11 14:43 B c:\FrontPage Webs\Content\bertichile\buenosaires\congreso5_tn.jpg --> www.golf-net.de /bertichile/buenosaires congreso5_tn.jpg
2000.06.11 14:43 B c:\FrontPage Webs\Content\bertichile\buenosaires\congreso8_tn.jpg --> www.golf-net.de /bertichile/buenosaires congreso8_tn.jpg
2000.06.11 14:43 B c:\FrontPage Webs\Content\bertichile\buenosaires\danquijote_tn.jpg --> www.golf-net.de /bertichile/buenosaires danquijote_tn.jpg
2000.06.11 14:43 B c:\FrontPage Webs\Content\bertichile\buenosaires\metro_tn.jpg --> www.golf-net.de /bertichile/buenosaires metro_tn.jpg
2000.06.11 14:43 B c:\FrontPage Webs\Content\bertichile\buenosaires\orgel_tn.jpg --> www.golf-net.de /bertichile/buenosaires orgel_tn.jpg
2000.06.11 14:43 B c:\FrontPage Webs\Content\bertichile\buenosaires\park10_tn.jpg --> www.golf-net.de /bertichile/buenosaires park10_tn.jpg
2000.06.11 14:44 B c:\FrontPage Webs\Content\bertichile\buenosaires\park2_tn.jpg --> www.golf-net.de /bertichile/buenosaires park2_tn.jpg
2000.06.11 14:44 B c:\FrontPage Webs\Content\bertichile\buenosaires\park5_tn.jpg --> www.golf-net.de /bertichile/buenosaires park5_tn.jpg
2000.06.11 14:44 B c:\FrontPage Webs\Content\bertichile\buenosaires\park7_tn.jpg --> www.golf-net.de /bertichile/buenosaires park7_tn.jpg
2000.06.11 14:44 B c:\FrontPage Webs\Content\bertichile\buenosaires\park9_tn.jpg --> www.golf-net.de /bertichile/buenosaires park9_tn.jpg
2000.06.11 14:44 B c:\FrontPage Webs\Content\bertichile\buenosaires\puerto1_tn.jpg --> www.golf-net.de /bertichile/buenosaires puerto1_tn.jpg
2000.06.11 14:44 B c:\FrontPage Webs\Content\bertichile\buenosaires\puerto5_tn.jpg --> www.golf-net.de /bertichile/buenosaires puerto5_tn.jpg
2000.06.11 14:44 B c:\FrontPage Webs\Content\bertichile\buenosaires\puerto6_tn.jpg --> www.golf-net.de /bertichile/buenosaires puerto6_tn.jpg
2000.06.11 14:45 B c:\FrontPage Webs\Content\bertichile\buenosaires\puerto7_tn.jpg --> www.golf-net.de /bertichile/buenosaires puerto7_tn.jpg
2000.06.11 14:45 B c:\FrontPage Webs\Content\bertichile\buenosaires\statue2_tn.jpg --> www.golf-net.de /bertichile/buenosaires statue2_tn.jpg
2000.06.11 14:45 B c:\FrontPage Webs\Content\bertichile\buenosaires\statue_tn.jpg --> www.golf-net.de /bertichile/buenosaires statue_tn.jpg
2000.06.11 14:46 B c:\FrontPage Webs\Content\bertichile\buenosaires\villa2_tn.jpg --> www.golf-net.de /bertichile/buenosaires villa2_tn.jpg
2000.06.11 14:46 B c:\FrontPage Webs\Content\bertichile\buenosaires\wolkenkratzer3_tn.jpg --> www.golf-net.de /bertichile/buenosaires wolkenkratzer3_tn.jpg
2000.06.11 14:46 B c:\FrontPage Webs\Content\bertichile\buenosaires\wolkenkratzer_tn.jpg --> www.golf-net.de /bertichile/buenosaires wolkenkratzer_tn.jpg
2000.06.11 14:46 A c:\FrontPage Webs\Content\bertichile\buenosaires\ba.html --> www.golf-net.de /bertichile/buenosaires ba.html
2000.06.11 14:48 B c:\FrontPage Webs\Content\bertichile\buenosaires\park5.jpg --> www.golf-net.de /bertichile/buenosaires park5.jpg
2000.06.12 07:14 B c:\FrontPage Webs\Content\bertichile\buenosaires\catedral1.jpg --> www.golf-net.de /bertichile/buenosaires catedral1.jpg
2000.06.12 07:17 B c:\FrontPage Webs\Content\bertichile\buenosaires\av9dejulio2.jpg --> www.golf-net.de /bertichile/buenosaires av9dejulio2.jpg
2000.06.12 07:17 B c:\FrontPage Webs\Content\bertichile\buenosaires\av9dejulio3.jpg --> www.golf-net.de /bertichile/buenosaires av9dejulio3.jpg
2000.06.12 07:17 A c:\FrontPage Webs\Content\bertichile\buenosaires\vorlage.html --> www.golf-net.de /bertichile/buenosaires vorlage.html
2008.06.27 16:04 B K:\sicherung_webserver_h10__072008\berti-golf.de\public_html\bertichile\buenosaires\WS_FTP.LOG <-- www.berti-golf.de /public_html/bertichile/buenosaires WS_FTP.LOG
2008.06.27 19:03 B K:\sicherung_webserver_h10__072008\berti-golf.de\public_html\bertichile\buenosaires\av9dejulio.jpg --> bertigolfde.h1403220.stratoserver.net /public_html/bertichile/buenosaires av9dejulio.jpg
2008.06.27 19:03 B K:\sicherung_webserver_h10__072008\berti-golf.de\public_html\bertichile\buenosaires\av9dejulio2.jpg --> bertigolfde.h1403220.stratoserver.net /public_html/bertichile/buenosaires av9dejulio2.jpg
2008.06.27 19:03 B K:\sicherung_webserver_h10__072008\berti-golf.de\public_html\bertichile\buenosaires\av9dejulio2_tn.jpg --> bertigolfde.h1403220.stratoserver.net /public_html/bertichile/buenosaires av9dejulio2_tn.jpg
2008.06.27 19:03 B K:\sicherung_webserver_h10__072008\berti-golf.de\public_html\bertichile\buenosaires\av9dejulio3.jpg --> bertigolfde.h1403220.stratoserver.net /public_html/bertichile/buenosaires av9dejulio3.jpg
2008.06.27 19:03 B K:\sicherung_webserver_h10__072008\berti-golf.de\public_html\bertichile\buenosaires\av9dejulio3_tn.jpg --> bertigolfde.h1403220.stratoserver.net /public_html/bertichile/buenosaires av9dejulio3_tn.jpg
2008.06.27 19:03 B K:\sicherung_webserver_h10__072008\berti-golf.de\public_html\bertichile\buenosaires\av9dejulio_tn.jpg --> bertigolfde.h1403220.stratoserver.net /public_html/bertichile/buenosaires av9dejulio_tn.jpg
2008.06.27 19:03 B K:\sicherung_webserver_h10__072008\berti-golf.de\public_html\bertichile\buenosaires\ba.html --> bertigolfde.h1403220.stratoserver.net /public_html/bertichile/buenosaires ba.html
2008.06.27 19:03 B K:\sicherung_webserver_h10__072008\berti-golf.de\public_html\bertichile\buenosaires\baneras.jpg --> bertigolfde.h1403220.stratoserver.net /public_html/bertichile/buenosaires baneras.jpg
2008.06.27 19:03 B K:\sicherung_webserver_h10__072008\berti-golf.de\public_html\bertichile\buenosaires\baneras_tn.jpg --> bertigolfde.h1403220.stratoserver.net /public_html/bertichile/buenosaires baneras_tn.jpg
2008.06.27 19:03 B K:\sicherung_webserver_h10__072008\berti-golf.de\public_html\bertichile\buenosaires\casarosa.jpg --> bertigolfde.h1403220.stratoserver.net /public_html/bertichile/buenosaires casarosa.jpg
2008.06.27 19:03 B K:\sicherung_webserver_h10__072008\berti-golf.de\public_html\bertichile\buenosaires\casarosa_tn.jpg --> bertigolfde.h1403220.stratoserver.net /public_html/bertichile/buenosaires casarosa_tn.jpg
2008.06.27 19:03 B K:\sicherung_webserver_h10__072008\berti-golf.de\public_html\bertichile\buenosaires\catedral1.jpg --> bertigolfde.h1403220.stratoserver.net /public_html/bertichile/buenosaires catedral1.jpg
2008.06.27 19:03 B K:\sicherung_webserver_h10__072008\berti-golf.de\public_html\bertichile\buenosaires\catedral1_tn.jpg --> bertigolfde.h1403220.stratoserver.net /public_html/bertichile/buenosaires catedral1_tn.jpg
2008.06.27 19:03 B K:\sicherung_webserver_h10__072008\berti-golf.de\public_html\bertichile\buenosaires\catedral4.jpg --> bertigolfde.h1403220.stratoserver.net /public_html/bertichile/buenosaires catedral4.jpg
2008.06.27 19:03 B K:\sicherung_webserver_h10__072008\berti-golf.de\public_html\bertichile\buenosaires\catedral4_tn.jpg --> bertigolfde.h1403220.stratoserver.net /public_html/bertichile/buenosaires catedral4_tn.jpg
2008.06.27 19:03 B K:\sicherung_webserver_h10__072008\berti-golf.de\public_html\bertichile\buenosaires\clocktower1.jpg --> bertigolfde.h1403220.stratoserver.net /public_html/bertichile/buenosaires clocktower1.jpg
2008.06.27 19:03 B K:\sicherung_webserver_h10__072008\berti-golf.de\public_html\bertichile\buenosaires\clocktower1_tn.jpg --> bertigolfde.h1403220.stratoserver.net /public_html/bertichile/buenosaires clocktower1_tn.jpg
2008.06.27 19:03 B K:\sicherung_webserver_h10__072008\berti-golf.de\public_html\bertichile\buenosaires\congreso2.jpg --> bertigolfde.h1403220.stratoserver.net /public_html/bertichile/buenosaires congreso2.jpg
2008.06.27 19:03 B K:\sicherung_webserver_h10__072008\berti-golf.de\public_html\bertichile\buenosaires\congreso2_tn.jpg --> bertigolfde.h1403220.stratoserver.net /public_html/bertichile/buenosaires congreso2_tn.jpg
2008.06.27 19:03 B K:\sicherung_webserver_h10__072008\berti-golf.de\public_html\bertichile\buenosaires\congreso5.jpg --> bertigolfde.h1403220.stratoserver.net /public_html/bertichile/buenosaires congreso5.jpg
2008.06.27 19:03 B K:\sicherung_webserver_h10__072008\berti-golf.de\public_html\bertichile\buenosaires\congreso5_tn.jpg --> bertigolfde.h1403220.stratoserver.net /public_html/bertichile/buenosaires congreso5_tn.jpg
2008.06.27 19:03 B K:\sicherung_webserver_h10__072008\berti-golf.de\public_html\bertichile\buenosaires\congreso8.jpg --> bertigolfde.h1403220.stratoserver.net /public_html/bertichile/buenosaires congreso8.jpg
2008.06.27 19:03 B K:\sicherung_webserver_h10__072008\berti-golf.de\public_html\bertichile\buenosaires\congreso8_tn.jpg --> bertigolfde.h1403220.stratoserver.net /public_html/bertichile/buenosaires congreso8_tn.jpg
2008.06.27 19:03 B K:\sicherung_webserver_h10__072008\berti-golf.de\public_html\bertichile\buenosaires\danquijote.jpg --> bertigolfde.h1403220.stratoserver.net /public_html/bertichile/buenosaires danquijote.jpg
2008.06.27 19:03 B K:\sicherung_webserver_h10__072008\berti-golf.de\public_html\bertichile\buenosaires\danquijote_tn.jpg --> bertigolfde.h1403220.stratoserver.net /public_html/bertichile/buenosaires danquijote_tn.jpg
2008.06.27 19:03 B K:\sicherung_webserver_h10__072008\berti-golf.de\public_html\bertichile\buenosaires\metro.jpg --> bertigolfde.h1403220.stratoserver.net /public_html/bertichile/buenosaires metro.jpg
2008.06.27 19:03 B K:\sicherung_webserver_h10__072008\berti-golf.de\public_html\bertichile\buenosaires\metro_tn.jpg --> bertigolfde.h1403220.stratoserver.net /public_html/bertichile/buenosaires metro_tn.jpg
2008.06.27 19:03 B K:\sicherung_webserver_h10__072008\berti-golf.de\public_html\bertichile\buenosaires\orgel.jpg --> bertigolfde.h1403220.stratoserver.net /public_html/bertichile/buenosaires orgel.jpg
2008.06.27 19:03 B K:\sicherung_webserver_h10__072008\berti-golf.de\public_html\bertichile\buenosaires\orgel_tn.jpg --> bertigolfde.h1403220.stratoserver.net /public_html/bertichile/buenosaires orgel_tn.jpg
2008.06.27 19:03 B K:\sicherung_webserver_h10__072008\berti-golf.de\public_html\bertichile\buenosaires\park10.jpg --> bertigolfde.h1403220.stratoserver.net /public_html/bertichile/buenosaires park10.jpg
2008.06.27 19:03 B K:\sicherung_webserver_h10__072008\berti-golf.de\public_html\bertichile\buenosaires\park10_tn.jpg --> bertigolfde.h1403220.stratoserver.net /public_html/bertichile/buenosaires park10_tn.jpg
2008.06.27 19:03 B K:\sicherung_webserver_h10__072008\berti-golf.de\public_html\bertichile\buenosaires\park2.jpg --> bertigolfde.h1403220.stratoserver.net /public_html/bertichile/buenosaires park2.jpg
2008.06.27 19:03 B K:\sicherung_webserver_h10__072008\berti-golf.de\public_html\bertichile\buenosaires\park2_tn.jpg --> bertigolfde.h1403220.stratoserver.net /public_html/bertichile/buenosaires park2_tn.jpg
2008.06.27 19:03 B K:\sicherung_webserver_h10__072008\berti-golf.de\public_html\bertichile\buenosaires\park5.jpg --> bertigolfde.h1403220.stratoserver.net /public_html/bertichile/buenosaires park5.jpg
2008.06.27 19:03 B K:\sicherung_webserver_h10__072008\berti-golf.de\public_html\bertichile\buenosaires\park5_tn.jpg --> bertigolfde.h1403220.stratoserver.net /public_html/bertichile/buenosaires park5_tn.jpg
2008.06.27 19:03 B K:\sicherung_webserver_h10__072008\berti-golf.de\public_html\bertichile\buenosaires\park7.jpg --> bertigolfde.h1403220.stratoserver.net /public_html/bertichile/buenosaires park7.jpg
2008.06.27 19:03 B K:\sicherung_webserver_h10__072008\berti-golf.de\public_html\bertichile\buenosaires\park7_tn.jpg --> bertigolfde.h1403220.stratoserver.net /public_html/bertichile/buenosaires park7_tn.jpg
2008.06.27 19:03 B K:\sicherung_webserver_h10__072008\berti-golf.de\public_html\bertichile\buenosaires\park9.jpg --> bertigolfde.h1403220.stratoserver.net /public_html/bertichile/buenosaires park9.jpg
2008.06.27 19:03 B K:\sicherung_webserver_h10__072008\berti-golf.de\public_html\bertichile\buenosaires\park9_tn.jpg --> bertigolfde.h1403220.stratoserver.net /public_html/bertichile/buenosaires park9_tn.jpg
2008.06.27 19:03 B K:\sicherung_webserver_h10__072008\berti-golf.de\public_html\bertichile\buenosaires\puerto1.jpg --> bertigolfde.h1403220.stratoserver.net /public_html/bertichile/buenosaires puerto1.jpg
2008.06.27 19:03 B K:\sicherung_webserver_h10__072008\berti-golf.de\public_html\bertichile\buenosaires\puerto1_tn.jpg --> bertigolfde.h1403220.stratoserver.net /public_html/bertichile/buenosaires puerto1_tn.jpg
2008.06.27 19:03 B K:\sicherung_webserver_h10__072008\berti-golf.de\public_html\bertichile\buenosaires\puerto5.jpg --> bertigolfde.h1403220.stratoserver.net /public_html/bertichile/buenosaires puerto5.jpg
2008.06.27 19:03 B K:\sicherung_webserver_h10__072008\berti-golf.de\public_html\bertichile\buenosaires\puerto5_tn.jpg --> bertigolfde.h1403220.stratoserver.net /public_html/bertichile/buenosaires puerto5_tn.jpg
2008.06.27 19:03 B K:\sicherung_webserver_h10__072008\berti-golf.de\public_html\bertichile\buenosaires\puerto6.jpg --> bertigolfde.h1403220.stratoserver.net /public_html/bertichile/buenosaires puerto6.jpg
2008.06.27 19:03 B K:\sicherung_webserver_h10__072008\berti-golf.de\public_html\bertichile\buenosaires\puerto6_tn.jpg --> bertigolfde.h1403220.stratoserver.net /public_html/bertichile/buenosaires puerto6_tn.jpg
2008.06.27 19:03 B K:\sicherung_webserver_h10__072008\berti-golf.de\public_html\bertichile\buenosaires\puerto7.jpg --> bertigolfde.h1403220.stratoserver.net /public_html/bertichile/buenosaires puerto7.jpg
2008.06.27 19:03 B K:\sicherung_webserver_h10__072008\berti-golf.de\public_html\bertichile\buenosaires\puerto7_tn.jpg --> bertigolfde.h1403220.stratoserver.net /public_html/bertichile/buenosaires puerto7_tn.jpg
2008.06.27 19:03 B K:\sicherung_webserver_h10__072008\berti-golf.de\public_html\bertichile\buenosaires\statue.jpg --> bertigolfde.h1403220.stratoserver.net /public_html/bertichile/buenosaires statue.jpg
2008.06.27 19:03 B K:\sicherung_webserver_h10__072008\berti-golf.de\public_html\bertichile\buenosaires\statue2.jpg --> bertigolfde.h1403220.stratoserver.net /public_html/bertichile/buenosaires statue2.jpg
2008.06.27 19:03 B K:\sicherung_webserver_h10__072008\berti-golf.de\public_html\bertichile\buenosaires\statue2_tn.jpg --> bertigolfde.h1403220.stratoserver.net /public_html/bertichile/buenosaires statue2_tn.jpg
2008.06.27 19:03 B K:\sicherung_webserver_h10__072008\berti-golf.de\public_html\bertichile\buenosaires\statue_tn.jpg --> bertigolfde.h1403220.stratoserver.net /public_html/bertichile/buenosaires statue_tn.jpg
2008.06.27 19:04 B K:\sicherung_webserver_h10__072008\berti-golf.de\public_html\bertichile\buenosaires\villa2.jpg --> bertigolfde.h1403220.stratoserver.net /public_html/bertichile/buenosaires villa2.jpg
2008.06.27 19:04 B K:\sicherung_webserver_h10__072008\berti-golf.de\public_html\bertichile\buenosaires\villa2_tn.jpg --> bertigolfde.h1403220.stratoserver.net /public_html/bertichile/buenosaires villa2_tn.jpg
2008.06.27 19:04 B K:\sicherung_webserver_h10__072008\berti-golf.de\public_html\bertichile\buenosaires\vorlage.html --> bertigolfde.h1403220.stratoserver.net /public_html/bertichile/buenosaires vorlage.html
2008.06.27 19:04 B K:\sicherung_webserver_h10__072008\berti-golf.de\public_html\bertichile\buenosaires\wolkenkratzer.jpg --> bertigolfde.h1403220.stratoserver.net /public_html/bertichile/buenosaires wolkenkratzer.jpg
2008.06.27 19:04 B K:\sicherung_webserver_h10__072008\berti-golf.de\public_html\bertichile\buenosaires\wolkenkratzer3.jpg --> bertigolfde.h1403220.stratoserver.net /public_html/bertichile/buenosaires wolkenkratzer3.jpg
2008.06.27 19:04 B K:\sicherung_webserver_h10__072008\berti-golf.de\public_html\bertichile\buenosaires\wolkenkratzer3_tn.jpg --> bertigolfde.h1403220.stratoserver.net /public_html/bertichile/buenosaires wolkenkratzer3_tn.jpg
2008.06.27 19:04 B K:\sicherung_webserver_h10__072008\berti-golf.de\public_html\bertichile\buenosaires\wolkenkratzer_tn.jpg --> bertigolfde.h1403220.stratoserver.net /public_html/bertichile/buenosaires wolkenkratzer_tn.jpg
2009.05.01 07:10 B Z:\home\Berti\public_html\www.berti-golf.de\bertichile\buenosaires\WS_FTP.LOG <-- bertigolfde.h1403220.stratoserver.net /public_html/bertichile/buenosaires WS_FTP.LOG
2009.12.08 17:53 B Z:\home\Berti\public_html\www.berti-golf.de\bertichile\buenosaires\av9dejulio.jpg --> h1667152.stratoserver.net /httpdocs/bertichile/buenosaires av9dejulio.jpg
2009.12.08 17:53 B Z:\home\Berti\public_html\www.berti-golf.de\bertichile\buenosaires\av9dejulio2.jpg --> h1667152.stratoserver.net /httpdocs/bertichile/buenosaires av9dejulio2.jpg
2009.12.08 17:53 B Z:\home\Berti\public_html\www.berti-golf.de\bertichile\buenosaires\av9dejulio2_tn.jpg --> h1667152.stratoserver.net /httpdocs/bertichile/buenosaires av9dejulio2_tn.jpg
2009.12.08 17:53 B Z:\home\Berti\public_html\www.berti-golf.de\bertichile\buenosaires\av9dejulio3.jpg --> h1667152.stratoserver.net /httpdocs/bertichile/buenosaires av9dejulio3.jpg
2009.12.08 17:53 B Z:\home\Berti\public_html\www.berti-golf.de\bertichile\buenosaires\av9dejulio3_tn.jpg --> h1667152.stratoserver.net /httpdocs/bertichile/buenosaires av9dejulio3_tn.jpg
2009.12.08 17:53 B Z:\home\Berti\public_html\www.berti-golf.de\bertichile\buenosaires\av9dejulio_tn.jpg --> h1667152.stratoserver.net /httpdocs/bertichile/buenosaires av9dejulio_tn.jpg
2009.12.08 17:53 B Z:\home\Berti\public_html\www.berti-golf.de\bertichile\buenosaires\ba.html --> h1667152.stratoserver.net /httpdocs/bertichile/buenosaires ba.html
2009.12.08 17:53 B Z:\home\Berti\public_html\www.berti-golf.de\bertichile\buenosaires\baneras.jpg --> h1667152.stratoserver.net /httpdocs/bertichile/buenosaires baneras.jpg
2009.12.08 17:53 B Z:\home\Berti\public_html\www.berti-golf.de\bertichile\buenosaires\baneras_tn.jpg --> h1667152.stratoserver.net /httpdocs/bertichile/buenosaires baneras_tn.jpg
2009.12.08 17:53 B Z:\home\Berti\public_html\www.berti-golf.de\bertichile\buenosaires\casarosa.jpg --> h1667152.stratoserver.net /httpdocs/bertichile/buenosaires casarosa.jpg
2009.12.08 17:53 B Z:\home\Berti\public_html\www.berti-golf.de\bertichile\buenosaires\casarosa_tn.jpg --> h1667152.stratoserver.net /httpdocs/bertichile/buenosaires casarosa_tn.jpg
2009.12.08 17:53 B Z:\home\Berti\public_html\www.berti-golf.de\bertichile\buenosaires\catedral1.jpg --> h1667152.stratoserver.net /httpdocs/bertichile/buenosaires catedral1.jpg
2009.12.08 17:53 B Z:\home\Berti\public_html\www.berti-golf.de\bertichile\buenosaires\catedral1_tn.jpg --> h1667152.stratoserver.net /httpdocs/bertichile/buenosaires catedral1_tn.jpg
2009.12.08 17:53 B Z:\home\Berti\public_html\www.berti-golf.de\bertichile\buenosaires\catedral4.jpg --> h1667152.stratoserver.net /httpdocs/bertichile/buenosaires catedral4.jpg
2009.12.08 17:53 B Z:\home\Berti\public_html\www.berti-golf.de\bertichile\buenosaires\catedral4_tn.jpg --> h1667152.stratoserver.net /httpdocs/bertichile/buenosaires catedral4_tn.jpg
2009.12.08 17:53 B Z:\home\Berti\public_html\www.berti-golf.de\bertichile\buenosaires\clocktower1.jpg --> h1667152.stratoserver.net /httpdocs/bertichile/buenosaires clocktower1.jpg
2009.12.08 17:53 B Z:\home\Berti\public_html\www.berti-golf.de\bertichile\buenosaires\clocktower1_tn.jpg --> h1667152.stratoserver.net /httpdocs/bertichile/buenosaires clocktower1_tn.jpg
2009.12.08 17:53 B Z:\home\Berti\public_html\www.berti-golf.de\bertichile\buenosaires\congreso2.jpg --> h1667152.stratoserver.net /httpdocs/bertichile/buenosaires congreso2.jpg
2009.12.08 17:53 B Z:\home\Berti\public_html\www.berti-golf.de\bertichile\buenosaires\congreso2_tn.jpg --> h1667152.stratoserver.net /httpdocs/bertichile/buenosaires congreso2_tn.jpg
2009.12.08 17:53 B Z:\home\Berti\public_html\www.berti-golf.de\bertichile\buenosaires\congreso5.jpg --> h1667152.stratoserver.net /httpdocs/bertichile/buenosaires congreso5.jpg
2009.12.08 17:53 B Z:\home\Berti\public_html\www.berti-golf.de\bertichile\buenosaires\congreso5_tn.jpg --> h1667152.stratoserver.net /httpdocs/bertichile/buenosaires congreso5_tn.jpg
2009.12.08 17:53 B Z:\home\Berti\public_html\www.berti-golf.de\bertichile\buenosaires\congreso8.jpg --> h1667152.stratoserver.net /httpdocs/bertichile/buenosaires congreso8.jpg
2009.12.08 17:53 B Z:\home\Berti\public_html\www.berti-golf.de\bertichile\buenosaires\congreso8_tn.jpg --> h1667152.stratoserver.net /httpdocs/bertichile/buenosaires congreso8_tn.jpg
2009.12.08 17:53 B Z:\home\Berti\public_html\www.berti-golf.de\bertichile\buenosaires\danquijote.jpg --> h1667152.stratoserver.net /httpdocs/bertichile/buenosaires danquijote.jpg
2009.12.08 17:53 B Z:\home\Berti\public_html\www.berti-golf.de\bertichile\buenosaires\danquijote_tn.jpg --> h1667152.stratoserver.net /httpdocs/bertichile/buenosaires danquijote_tn.jpg
2009.12.08 17:53 B Z:\home\Berti\public_html\www.berti-golf.de\bertichile\buenosaires\metro.jpg --> h1667152.stratoserver.net /httpdocs/bertichile/buenosaires metro.jpg
2009.12.08 17:53 B Z:\home\Berti\public_html\www.berti-golf.de\bertichile\buenosaires\metro_tn.jpg --> h1667152.stratoserver.net /httpdocs/bertichile/buenosaires metro_tn.jpg
2009.12.08 17:53 B Z:\home\Berti\public_html\www.berti-golf.de\bertichile\buenosaires\orgel.jpg --> h1667152.stratoserver.net /httpdocs/bertichile/buenosaires orgel.jpg
2009.12.08 17:53 B Z:\home\Berti\public_html\www.berti-golf.de\bertichile\buenosaires\orgel_tn.jpg --> h1667152.stratoserver.net /httpdocs/bertichile/buenosaires orgel_tn.jpg
2009.12.08 17:53 B Z:\home\Berti\public_html\www.berti-golf.de\bertichile\buenosaires\park10.jpg --> h1667152.stratoserver.net /httpdocs/bertichile/buenosaires park10.jpg
2009.12.08 17:53 B Z:\home\Berti\public_html\www.berti-golf.de\bertichile\buenosaires\park10_tn.jpg --> h1667152.stratoserver.net /httpdocs/bertichile/buenosaires park10_tn.jpg
2009.12.08 17:53 B Z:\home\Berti\public_html\www.berti-golf.de\bertichile\buenosaires\park2.jpg --> h1667152.stratoserver.net /httpdocs/bertichile/buenosaires park2.jpg
2009.12.08 17:53 B Z:\home\Berti\public_html\www.berti-golf.de\bertichile\buenosaires\park2_tn.jpg --> h1667152.stratoserver.net /httpdocs/bertichile/buenosaires park2_tn.jpg
2009.12.08 17:53 B Z:\home\Berti\public_html\www.berti-golf.de\bertichile\buenosaires\park5.jpg --> h1667152.stratoserver.net /httpdocs/bertichile/buenosaires park5.jpg
2009.12.08 17:53 B Z:\home\Berti\public_html\www.berti-golf.de\bertichile\buenosaires\park5_tn.jpg --> h1667152.stratoserver.net /httpdocs/bertichile/buenosaires park5_tn.jpg
2009.12.08 17:54 B Z:\home\Berti\public_html\www.berti-golf.de\bertichile\buenosaires\park7.jpg --> h1667152.stratoserver.net /httpdocs/bertichile/buenosaires park7.jpg
2009.12.08 17:54 B Z:\home\Berti\public_html\www.berti-golf.de\bertichile\buenosaires\park7_tn.jpg --> h1667152.stratoserver.net /httpdocs/bertichile/buenosaires park7_tn.jpg
2009.12.08 17:54 B Z:\home\Berti\public_html\www.berti-golf.de\bertichile\buenosaires\park9.jpg --> h1667152.stratoserver.net /httpdocs/bertichile/buenosaires park9.jpg
2009.12.08 17:54 B Z:\home\Berti\public_html\www.berti-golf.de\bertichile\buenosaires\park9_tn.jpg --> h1667152.stratoserver.net /httpdocs/bertichile/buenosaires park9_tn.jpg
2009.12.08 17:54 B Z:\home\Berti\public_html\www.berti-golf.de\bertichile\buenosaires\puerto1.jpg --> h1667152.stratoserver.net /httpdocs/bertichile/buenosaires puerto1.jpg
2009.12.08 17:54 B Z:\home\Berti\public_html\www.berti-golf.de\bertichile\buenosaires\puerto1_tn.jpg --> h1667152.stratoserver.net /httpdocs/bertichile/buenosaires puerto1_tn.jpg
2009.12.08 17:54 B Z:\home\Berti\public_html\www.berti-golf.de\bertichile\buenosaires\puerto5.jpg --> h1667152.stratoserver.net /httpdocs/bertichile/buenosaires puerto5.jpg
2009.12.08 17:54 B Z:\home\Berti\public_html\www.berti-golf.de\bertichile\buenosaires\puerto5_tn.jpg --> h1667152.stratoserver.net /httpdocs/bertichile/buenosaires puerto5_tn.jpg
2009.12.08 17:54 B Z:\home\Berti\public_html\www.berti-golf.de\bertichile\buenosaires\puerto6.jpg --> h1667152.stratoserver.net /httpdocs/bertichile/buenosaires puerto6.jpg
2009.12.08 17:54 B Z:\home\Berti\public_html\www.berti-golf.de\bertichile\buenosaires\puerto6_tn.jpg --> h1667152.stratoserver.net /httpdocs/bertichile/buenosaires puerto6_tn.jpg
2009.12.08 17:54 B Z:\home\Berti\public_html\www.berti-golf.de\bertichile\buenosaires\puerto7.jpg --> h1667152.stratoserver.net /httpdocs/bertichile/buenosaires puerto7.jpg
2009.12.08 17:54 B Z:\home\Berti\public_html\www.berti-golf.de\bertichile\buenosaires\puerto7_tn.jpg --> h1667152.stratoserver.net /httpdocs/bertichile/buenosaires puerto7_tn.jpg
2009.12.08 17:54 B Z:\home\Berti\public_html\www.berti-golf.de\bertichile\buenosaires\statue.jpg --> h1667152.stratoserver.net /httpdocs/bertichile/buenosaires statue.jpg
2009.12.08 17:54 B Z:\home\Berti\public_html\www.berti-golf.de\bertichile\buenosaires\statue2.jpg --> h1667152.stratoserver.net /httpdocs/bertichile/buenosaires statue2.jpg
2009.12.08 17:54 B Z:\home\Berti\public_html\www.berti-golf.de\bertichile\buenosaires\statue2_tn.jpg --> h1667152.stratoserver.net /httpdocs/bertichile/buenosaires statue2_tn.jpg
2009.12.08 17:54 B Z:\home\Berti\public_html\www.berti-golf.de\bertichile\buenosaires\statue_tn.jpg --> h1667152.stratoserver.net /httpdocs/bertichile/buenosaires statue_tn.jpg
2009.12.08 17:54 B Z:\home\Berti\public_html\www.berti-golf.de\bertichile\buenosaires\villa2.jpg --> h1667152.stratoserver.net /httpdocs/bertichile/buenosaires villa2.jpg
2009.12.08 17:54 B Z:\home\Berti\public_html\www.berti-golf.de\bertichile\buenosaires\villa2_tn.jpg --> h1667152.stratoserver.net /httpdocs/bertichile/buenosaires villa2_tn.jpg
2009.12.08 17:54 B Z:\home\Berti\public_html\www.berti-golf.de\bertichile\buenosaires\vorlage.html --> h1667152.stratoserver.net /httpdocs/bertichile/buenosaires vorlage.html
2009.12.08 17:54 B Z:\home\Berti\public_html\www.berti-golf.de\bertichile\buenosaires\wolkenkratzer.jpg --> h1667152.stratoserver.net /httpdocs/bertichile/buenosaires wolkenkratzer.jpg
2009.12.08 17:54 B Z:\home\Berti\public_html\www.berti-golf.de\bertichile\buenosaires\wolkenkratzer3.jpg --> h1667152.stratoserver.net /httpdocs/bertichile/buenosaires wolkenkratzer3.jpg
2009.12.08 17:54 B Z:\home\Berti\public_html\www.berti-golf.de\bertichile\buenosaires\wolkenkratzer3_tn.jpg --> h1667152.stratoserver.net /httpdocs/bertichile/buenosaires wolkenkratzer3_tn.jpg
2009.12.08 17:54 B Z:\home\Berti\public_html\www.berti-golf.de\bertichile\buenosaires\wolkenkratzer_tn.jpg --> h1667152.stratoserver.net /httpdocs/bertichile/buenosaires wolkenkratzer_tn.jpg
