2008.06.27 16:39 B K:\sicherung_webserver_h10__072008\berti-golf.de\public_html\bertichile\villarica0201\_vti_cnf\villarica.html <-- www.berti-golf.de /public_html/bertichile/villarica0201/_vti_cnf villarica.html
2008.06.27 16:39 B K:\sicherung_webserver_h10__072008\berti-golf.de\public_html\bertichile\villarica0201\_vti_cnf\villarica01.jpg <-- www.berti-golf.de /public_html/bertichile/villarica0201/_vti_cnf villarica01.jpg
2008.06.27 16:39 B K:\sicherung_webserver_h10__072008\berti-golf.de\public_html\bertichile\villarica0201\_vti_cnf\villarica01_tn.jpg <-- www.berti-golf.de /public_html/bertichile/villarica0201/_vti_cnf villarica01_tn.jpg
2008.06.27 16:39 B K:\sicherung_webserver_h10__072008\berti-golf.de\public_html\bertichile\villarica0201\_vti_cnf\villarica02.jpg <-- www.berti-golf.de /public_html/bertichile/villarica0201/_vti_cnf villarica02.jpg
2008.06.27 16:39 B K:\sicherung_webserver_h10__072008\berti-golf.de\public_html\bertichile\villarica0201\_vti_cnf\villarica02_tn.jpg <-- www.berti-golf.de /public_html/bertichile/villarica0201/_vti_cnf villarica02_tn.jpg
2008.06.27 16:39 B K:\sicherung_webserver_h10__072008\berti-golf.de\public_html\bertichile\villarica0201\_vti_cnf\villarica03.jpg <-- www.berti-golf.de /public_html/bertichile/villarica0201/_vti_cnf villarica03.jpg
2008.06.27 16:39 B K:\sicherung_webserver_h10__072008\berti-golf.de\public_html\bertichile\villarica0201\_vti_cnf\villarica04.jpg <-- www.berti-golf.de /public_html/bertichile/villarica0201/_vti_cnf villarica04.jpg
2008.06.27 16:39 B K:\sicherung_webserver_h10__072008\berti-golf.de\public_html\bertichile\villarica0201\_vti_cnf\villarica04_tn.jpg <-- www.berti-golf.de /public_html/bertichile/villarica0201/_vti_cnf villarica04_tn.jpg
2008.06.27 16:39 B K:\sicherung_webserver_h10__072008\berti-golf.de\public_html\bertichile\villarica0201\_vti_cnf\villarica05.jpg <-- www.berti-golf.de /public_html/bertichile/villarica0201/_vti_cnf villarica05.jpg
2008.06.27 16:39 B K:\sicherung_webserver_h10__072008\berti-golf.de\public_html\bertichile\villarica0201\_vti_cnf\villarica05_tn.jpg <-- www.berti-golf.de /public_html/bertichile/villarica0201/_vti_cnf villarica05_tn.jpg
2008.06.27 16:39 B K:\sicherung_webserver_h10__072008\berti-golf.de\public_html\bertichile\villarica0201\_vti_cnf\villarica06.jpg <-- www.berti-golf.de /public_html/bertichile/villarica0201/_vti_cnf villarica06.jpg
2008.06.27 16:39 B K:\sicherung_webserver_h10__072008\berti-golf.de\public_html\bertichile\villarica0201\_vti_cnf\villarica07.jpg <-- www.berti-golf.de /public_html/bertichile/villarica0201/_vti_cnf villarica07.jpg
2008.06.27 16:39 B K:\sicherung_webserver_h10__072008\berti-golf.de\public_html\bertichile\villarica0201\_vti_cnf\villarica08.jpg <-- www.berti-golf.de /public_html/bertichile/villarica0201/_vti_cnf villarica08.jpg
2008.06.27 16:39 B K:\sicherung_webserver_h10__072008\berti-golf.de\public_html\bertichile\villarica0201\_vti_cnf\villarica08_tn.jpg <-- www.berti-golf.de /public_html/bertichile/villarica0201/_vti_cnf villarica08_tn.jpg
2008.06.27 16:39 B K:\sicherung_webserver_h10__072008\berti-golf.de\public_html\bertichile\villarica0201\_vti_cnf\villarica09.jpg <-- www.berti-golf.de /public_html/bertichile/villarica0201/_vti_cnf villarica09.jpg
2008.06.27 16:39 B K:\sicherung_webserver_h10__072008\berti-golf.de\public_html\bertichile\villarica0201\_vti_cnf\villarica10.jpg <-- www.berti-golf.de /public_html/bertichile/villarica0201/_vti_cnf villarica10.jpg
2008.06.27 16:39 B K:\sicherung_webserver_h10__072008\berti-golf.de\public_html\bertichile\villarica0201\_vti_cnf\villarica11.jpg <-- www.berti-golf.de /public_html/bertichile/villarica0201/_vti_cnf villarica11.jpg
2008.06.27 16:39 B K:\sicherung_webserver_h10__072008\berti-golf.de\public_html\bertichile\villarica0201\_vti_cnf\villarica11_tn.jpg <-- www.berti-golf.de /public_html/bertichile/villarica0201/_vti_cnf villarica11_tn.jpg
2008.06.27 16:39 B K:\sicherung_webserver_h10__072008\berti-golf.de\public_html\bertichile\villarica0201\_vti_cnf\villarica12.jpg <-- www.berti-golf.de /public_html/bertichile/villarica0201/_vti_cnf villarica12.jpg
2008.06.27 16:39 B K:\sicherung_webserver_h10__072008\berti-golf.de\public_html\bertichile\villarica0201\_vti_cnf\villarica12_tn.jpg <-- www.berti-golf.de /public_html/bertichile/villarica0201/_vti_cnf villarica12_tn.jpg
2008.06.27 16:39 B K:\sicherung_webserver_h10__072008\berti-golf.de\public_html\bertichile\villarica0201\_vti_cnf\villarica13.jpg <-- www.berti-golf.de /public_html/bertichile/villarica0201/_vti_cnf villarica13.jpg
2008.06.27 16:39 B K:\sicherung_webserver_h10__072008\berti-golf.de\public_html\bertichile\villarica0201\_vti_cnf\villarica14.jpg <-- www.berti-golf.de /public_html/bertichile/villarica0201/_vti_cnf villarica14.jpg
2008.06.27 16:39 B K:\sicherung_webserver_h10__072008\berti-golf.de\public_html\bertichile\villarica0201\_vti_cnf\villarica15.jpg <-- www.berti-golf.de /public_html/bertichile/villarica0201/_vti_cnf villarica15.jpg
2008.06.27 16:39 B K:\sicherung_webserver_h10__072008\berti-golf.de\public_html\bertichile\villarica0201\_vti_cnf\villarica15_tn.jpg <-- www.berti-golf.de /public_html/bertichile/villarica0201/_vti_cnf villarica15_tn.jpg
2008.06.27 16:39 B K:\sicherung_webserver_h10__072008\berti-golf.de\public_html\bertichile\villarica0201\_vti_cnf\villarica16.jpg <-- www.berti-golf.de /public_html/bertichile/villarica0201/_vti_cnf villarica16.jpg
2008.06.27 16:39 B K:\sicherung_webserver_h10__072008\berti-golf.de\public_html\bertichile\villarica0201\_vti_cnf\villarica16_tn.jpg <-- www.berti-golf.de /public_html/bertichile/villarica0201/_vti_cnf villarica16_tn.jpg
2008.06.27 16:40 B K:\sicherung_webserver_h10__072008\berti-golf.de\public_html\bertichile\villarica0201\_vti_cnf\villarica17.jpg <-- www.berti-golf.de /public_html/bertichile/villarica0201/_vti_cnf villarica17.jpg
2008.06.27 16:40 B K:\sicherung_webserver_h10__072008\berti-golf.de\public_html\bertichile\villarica0201\_vti_cnf\villarica18.jpg <-- www.berti-golf.de /public_html/bertichile/villarica0201/_vti_cnf villarica18.jpg
2008.06.27 16:40 B K:\sicherung_webserver_h10__072008\berti-golf.de\public_html\bertichile\villarica0201\_vti_cnf\villarica19.jpg <-- www.berti-golf.de /public_html/bertichile/villarica0201/_vti_cnf villarica19.jpg
2008.06.27 16:40 B K:\sicherung_webserver_h10__072008\berti-golf.de\public_html\bertichile\villarica0201\_vti_cnf\villarica19_tn.jpg <-- www.berti-golf.de /public_html/bertichile/villarica0201/_vti_cnf villarica19_tn.jpg
2008.06.27 16:40 B K:\sicherung_webserver_h10__072008\berti-golf.de\public_html\bertichile\villarica0201\_vti_cnf\villarica20.jpg <-- www.berti-golf.de /public_html/bertichile/villarica0201/_vti_cnf villarica20.jpg
2008.06.27 16:40 B K:\sicherung_webserver_h10__072008\berti-golf.de\public_html\bertichile\villarica0201\_vti_cnf\villarica21.jpg <-- www.berti-golf.de /public_html/bertichile/villarica0201/_vti_cnf villarica21.jpg
2008.06.27 16:40 B K:\sicherung_webserver_h10__072008\berti-golf.de\public_html\bertichile\villarica0201\_vti_cnf\villarica22.jpg <-- www.berti-golf.de /public_html/bertichile/villarica0201/_vti_cnf villarica22.jpg
2008.06.27 16:40 B K:\sicherung_webserver_h10__072008\berti-golf.de\public_html\bertichile\villarica0201\_vti_cnf\villarica22_tn.jpg <-- www.berti-golf.de /public_html/bertichile/villarica0201/_vti_cnf villarica22_tn.jpg
2008.06.27 16:40 B K:\sicherung_webserver_h10__072008\berti-golf.de\public_html\bertichile\villarica0201\_vti_cnf\villarica23.jpg <-- www.berti-golf.de /public_html/bertichile/villarica0201/_vti_cnf villarica23.jpg
2008.06.27 16:40 B K:\sicherung_webserver_h10__072008\berti-golf.de\public_html\bertichile\villarica0201\_vti_cnf\villarica23_tn.jpg <-- www.berti-golf.de /public_html/bertichile/villarica0201/_vti_cnf villarica23_tn.jpg
2008.06.27 16:40 B K:\sicherung_webserver_h10__072008\berti-golf.de\public_html\bertichile\villarica0201\_vti_cnf\villarica24.jpg <-- www.berti-golf.de /public_html/bertichile/villarica0201/_vti_cnf villarica24.jpg
2008.06.27 16:40 B K:\sicherung_webserver_h10__072008\berti-golf.de\public_html\bertichile\villarica0201\_vti_cnf\villarica25.jpg <-- www.berti-golf.de /public_html/bertichile/villarica0201/_vti_cnf villarica25.jpg
2008.06.27 16:40 B K:\sicherung_webserver_h10__072008\berti-golf.de\public_html\bertichile\villarica0201\_vti_cnf\villarica25_tn.jpg <-- www.berti-golf.de /public_html/bertichile/villarica0201/_vti_cnf villarica25_tn.jpg
2008.06.27 16:40 B K:\sicherung_webserver_h10__072008\berti-golf.de\public_html\bertichile\villarica0201\_vti_cnf\villarica26.jpg <-- www.berti-golf.de /public_html/bertichile/villarica0201/_vti_cnf villarica26.jpg
2008.06.27 16:40 B K:\sicherung_webserver_h10__072008\berti-golf.de\public_html\bertichile\villarica0201\_vti_cnf\villarica26_tn.jpg <-- www.berti-golf.de /public_html/bertichile/villarica0201/_vti_cnf villarica26_tn.jpg
2008.06.27 16:40 B K:\sicherung_webserver_h10__072008\berti-golf.de\public_html\bertichile\villarica0201\_vti_cnf\villarica27.jpg <-- www.berti-golf.de /public_html/bertichile/villarica0201/_vti_cnf villarica27.jpg
2008.06.27 16:40 B K:\sicherung_webserver_h10__072008\berti-golf.de\public_html\bertichile\villarica0201\_vti_cnf\villarica28.jpg <-- www.berti-golf.de /public_html/bertichile/villarica0201/_vti_cnf villarica28.jpg
2008.06.27 16:40 B K:\sicherung_webserver_h10__072008\berti-golf.de\public_html\bertichile\villarica0201\_vti_cnf\villarica28_tn.jpg <-- www.berti-golf.de /public_html/bertichile/villarica0201/_vti_cnf villarica28_tn.jpg
2008.06.27 16:40 B K:\sicherung_webserver_h10__072008\berti-golf.de\public_html\bertichile\villarica0201\_vti_cnf\villarica29.jpg <-- www.berti-golf.de /public_html/bertichile/villarica0201/_vti_cnf villarica29.jpg
2008.06.27 16:40 B K:\sicherung_webserver_h10__072008\berti-golf.de\public_html\bertichile\villarica0201\_vti_cnf\villarica30.jpg <-- www.berti-golf.de /public_html/bertichile/villarica0201/_vti_cnf villarica30.jpg
2008.06.27 16:40 B K:\sicherung_webserver_h10__072008\berti-golf.de\public_html\bertichile\villarica0201\_vti_cnf\villarica30_tn.jpg <-- www.berti-golf.de /public_html/bertichile/villarica0201/_vti_cnf villarica30_tn.jpg
2008.06.27 16:40 B K:\sicherung_webserver_h10__072008\berti-golf.de\public_html\bertichile\villarica0201\_vti_cnf\villarica31.jpg <-- www.berti-golf.de /public_html/bertichile/villarica0201/_vti_cnf villarica31.jpg
2008.06.27 16:40 B K:\sicherung_webserver_h10__072008\berti-golf.de\public_html\bertichile\villarica0201\_vti_cnf\villarica31_tn.jpg <-- www.berti-golf.de /public_html/bertichile/villarica0201/_vti_cnf villarica31_tn.jpg
2008.06.27 16:40 B K:\sicherung_webserver_h10__072008\berti-golf.de\public_html\bertichile\villarica0201\_vti_cnf\villarica32.jpg <-- www.berti-golf.de /public_html/bertichile/villarica0201/_vti_cnf villarica32.jpg
2008.06.27 16:40 B K:\sicherung_webserver_h10__072008\berti-golf.de\public_html\bertichile\villarica0201\_vti_cnf\villarica33.jpg <-- www.berti-golf.de /public_html/bertichile/villarica0201/_vti_cnf villarica33.jpg
2008.06.27 16:40 B K:\sicherung_webserver_h10__072008\berti-golf.de\public_html\bertichile\villarica0201\_vti_cnf\villarica34.jpg <-- www.berti-golf.de /public_html/bertichile/villarica0201/_vti_cnf villarica34.jpg
2008.06.27 16:40 B K:\sicherung_webserver_h10__072008\berti-golf.de\public_html\bertichile\villarica0201\_vti_cnf\villarica34_tn.jpg <-- www.berti-golf.de /public_html/bertichile/villarica0201/_vti_cnf villarica34_tn.jpg
2008.06.27 16:40 B K:\sicherung_webserver_h10__072008\berti-golf.de\public_html\bertichile\villarica0201\_vti_cnf\villarica35.jpg <-- www.berti-golf.de /public_html/bertichile/villarica0201/_vti_cnf villarica35.jpg
2008.06.27 16:40 B K:\sicherung_webserver_h10__072008\berti-golf.de\public_html\bertichile\villarica0201\_vti_cnf\villarica35_tn.jpg <-- www.berti-golf.de /public_html/bertichile/villarica0201/_vti_cnf villarica35_tn.jpg
2008.06.27 16:40 B K:\sicherung_webserver_h10__072008\berti-golf.de\public_html\bertichile\villarica0201\_vti_cnf\villarica36.jpg <-- www.berti-golf.de /public_html/bertichile/villarica0201/_vti_cnf villarica36.jpg
2008.06.27 16:40 B K:\sicherung_webserver_h10__072008\berti-golf.de\public_html\bertichile\villarica0201\_vti_cnf\villarica36_tn.jpg <-- www.berti-golf.de /public_html/bertichile/villarica0201/_vti_cnf villarica36_tn.jpg
2008.06.27 16:40 B K:\sicherung_webserver_h10__072008\berti-golf.de\public_html\bertichile\villarica0201\_vti_cnf\villarica37.jpg <-- www.berti-golf.de /public_html/bertichile/villarica0201/_vti_cnf villarica37.jpg
2008.06.27 16:40 B K:\sicherung_webserver_h10__072008\berti-golf.de\public_html\bertichile\villarica0201\_vti_cnf\villarica37_tn.jpg <-- www.berti-golf.de /public_html/bertichile/villarica0201/_vti_cnf villarica37_tn.jpg
2008.06.27 16:40 B K:\sicherung_webserver_h10__072008\berti-golf.de\public_html\bertichile\villarica0201\_vti_cnf\villarica38.jpg <-- www.berti-golf.de /public_html/bertichile/villarica0201/_vti_cnf villarica38.jpg
2008.06.27 16:40 B K:\sicherung_webserver_h10__072008\berti-golf.de\public_html\bertichile\villarica0201\_vti_cnf\villarica39.jpg <-- www.berti-golf.de /public_html/bertichile/villarica0201/_vti_cnf villarica39.jpg
2008.06.27 16:40 B K:\sicherung_webserver_h10__072008\berti-golf.de\public_html\bertichile\villarica0201\_vti_cnf\villarica39_tn.jpg <-- www.berti-golf.de /public_html/bertichile/villarica0201/_vti_cnf villarica39_tn.jpg
2008.06.27 16:40 B K:\sicherung_webserver_h10__072008\berti-golf.de\public_html\bertichile\villarica0201\_vti_cnf\villarica40.jpg <-- www.berti-golf.de /public_html/bertichile/villarica0201/_vti_cnf villarica40.jpg
2008.06.27 16:40 B K:\sicherung_webserver_h10__072008\berti-golf.de\public_html\bertichile\villarica0201\_vti_cnf\villarica40_tn.jpg <-- www.berti-golf.de /public_html/bertichile/villarica0201/_vti_cnf villarica40_tn.jpg
2008.06.27 16:40 B K:\sicherung_webserver_h10__072008\berti-golf.de\public_html\bertichile\villarica0201\_vti_cnf\villarica41.jpg <-- www.berti-golf.de /public_html/bertichile/villarica0201/_vti_cnf villarica41.jpg
2008.06.27 16:40 B K:\sicherung_webserver_h10__072008\berti-golf.de\public_html\bertichile\villarica0201\_vti_cnf\villarica41_tn.jpg <-- www.berti-golf.de /public_html/bertichile/villarica0201/_vti_cnf villarica41_tn.jpg
2008.06.27 16:40 B K:\sicherung_webserver_h10__072008\berti-golf.de\public_html\bertichile\villarica0201\_vti_cnf\villarica42.jpg <-- www.berti-golf.de /public_html/bertichile/villarica0201/_vti_cnf villarica42.jpg
2008.06.27 16:40 B K:\sicherung_webserver_h10__072008\berti-golf.de\public_html\bertichile\villarica0201\_vti_cnf\villarica42_tn.jpg <-- www.berti-golf.de /public_html/bertichile/villarica0201/_vti_cnf villarica42_tn.jpg
2008.06.27 16:40 B K:\sicherung_webserver_h10__072008\berti-golf.de\public_html\bertichile\villarica0201\_vti_cnf\villarica43.jpg <-- www.berti-golf.de /public_html/bertichile/villarica0201/_vti_cnf villarica43.jpg
2008.06.27 16:40 B K:\sicherung_webserver_h10__072008\berti-golf.de\public_html\bertichile\villarica0201\_vti_cnf\villarica43_tn.jpg <-- www.berti-golf.de /public_html/bertichile/villarica0201/_vti_cnf villarica43_tn.jpg
2008.06.27 16:40 B K:\sicherung_webserver_h10__072008\berti-golf.de\public_html\bertichile\villarica0201\_vti_cnf\villarica44.jpg <-- www.berti-golf.de /public_html/bertichile/villarica0201/_vti_cnf villarica44.jpg
2008.06.27 16:40 B K:\sicherung_webserver_h10__072008\berti-golf.de\public_html\bertichile\villarica0201\_vti_cnf\villarica44_tn.jpg <-- www.berti-golf.de /public_html/bertichile/villarica0201/_vti_cnf villarica44_tn.jpg
2008.06.27 16:40 B K:\sicherung_webserver_h10__072008\berti-golf.de\public_html\bertichile\villarica0201\_vti_cnf\villarica45.jpg <-- www.berti-golf.de /public_html/bertichile/villarica0201/_vti_cnf villarica45.jpg
2008.06.27 16:40 B K:\sicherung_webserver_h10__072008\berti-golf.de\public_html\bertichile\villarica0201\_vti_cnf\villarica45_tn.jpg <-- www.berti-golf.de /public_html/bertichile/villarica0201/_vti_cnf villarica45_tn.jpg
2008.06.27 16:40 B K:\sicherung_webserver_h10__072008\berti-golf.de\public_html\bertichile\villarica0201\_vti_cnf\villarica46.jpg <-- www.berti-golf.de /public_html/bertichile/villarica0201/_vti_cnf villarica46.jpg
2008.06.27 16:40 B K:\sicherung_webserver_h10__072008\berti-golf.de\public_html\bertichile\villarica0201\_vti_cnf\villarica46_tn.jpg <-- www.berti-golf.de /public_html/bertichile/villarica0201/_vti_cnf villarica46_tn.jpg
2008.06.27 16:40 B K:\sicherung_webserver_h10__072008\berti-golf.de\public_html\bertichile\villarica0201\_vti_cnf\villarica47.jpg <-- www.berti-golf.de /public_html/bertichile/villarica0201/_vti_cnf villarica47.jpg
2008.06.27 16:40 B K:\sicherung_webserver_h10__072008\berti-golf.de\public_html\bertichile\villarica0201\_vti_cnf\villarica48.jpg <-- www.berti-golf.de /public_html/bertichile/villarica0201/_vti_cnf villarica48.jpg
2008.06.27 16:40 B K:\sicherung_webserver_h10__072008\berti-golf.de\public_html\bertichile\villarica0201\_vti_cnf\villarica48_tn.jpg <-- www.berti-golf.de /public_html/bertichile/villarica0201/_vti_cnf villarica48_tn.jpg
2008.06.27 16:40 B K:\sicherung_webserver_h10__072008\berti-golf.de\public_html\bertichile\villarica0201\_vti_cnf\villarica49.jpg <-- www.berti-golf.de /public_html/bertichile/villarica0201/_vti_cnf villarica49.jpg
2008.06.27 16:40 B K:\sicherung_webserver_h10__072008\berti-golf.de\public_html\bertichile\villarica0201\_vti_cnf\villarica49_tn.jpg <-- www.berti-golf.de /public_html/bertichile/villarica0201/_vti_cnf villarica49_tn.jpg
2008.06.27 16:40 B K:\sicherung_webserver_h10__072008\berti-golf.de\public_html\bertichile\villarica0201\_vti_cnf\villarica50.jpg <-- www.berti-golf.de /public_html/bertichile/villarica0201/_vti_cnf villarica50.jpg
2008.06.27 16:40 B K:\sicherung_webserver_h10__072008\berti-golf.de\public_html\bertichile\villarica0201\_vti_cnf\villarica50_tn.jpg <-- www.berti-golf.de /public_html/bertichile/villarica0201/_vti_cnf villarica50_tn.jpg
2008.06.27 16:40 B K:\sicherung_webserver_h10__072008\berti-golf.de\public_html\bertichile\villarica0201\_vti_cnf\villarica51.jpg <-- www.berti-golf.de /public_html/bertichile/villarica0201/_vti_cnf villarica51.jpg
2008.06.27 16:40 B K:\sicherung_webserver_h10__072008\berti-golf.de\public_html\bertichile\villarica0201\_vti_cnf\villarica51_tn.jpg <-- www.berti-golf.de /public_html/bertichile/villarica0201/_vti_cnf villarica51_tn.jpg
2008.06.27 16:40 B K:\sicherung_webserver_h10__072008\berti-golf.de\public_html\bertichile\villarica0201\_vti_cnf\villarica52.jpg <-- www.berti-golf.de /public_html/bertichile/villarica0201/_vti_cnf villarica52.jpg
2008.06.27 16:40 B K:\sicherung_webserver_h10__072008\berti-golf.de\public_html\bertichile\villarica0201\_vti_cnf\villarica52_tn.jpg <-- www.berti-golf.de /public_html/bertichile/villarica0201/_vti_cnf villarica52_tn.jpg
2008.06.27 16:40 B K:\sicherung_webserver_h10__072008\berti-golf.de\public_html\bertichile\villarica0201\_vti_cnf\villarica53.jpg <-- www.berti-golf.de /public_html/bertichile/villarica0201/_vti_cnf villarica53.jpg
2008.06.27 16:40 B K:\sicherung_webserver_h10__072008\berti-golf.de\public_html\bertichile\villarica0201\_vti_cnf\villarica54.jpg <-- www.berti-golf.de /public_html/bertichile/villarica0201/_vti_cnf villarica54.jpg
2008.06.27 16:40 B K:\sicherung_webserver_h10__072008\berti-golf.de\public_html\bertichile\villarica0201\_vti_cnf\villarica55.jpg <-- www.berti-golf.de /public_html/bertichile/villarica0201/_vti_cnf villarica55.jpg
2008.06.27 16:40 B K:\sicherung_webserver_h10__072008\berti-golf.de\public_html\bertichile\villarica0201\_vti_cnf\villarica55_tn.jpg <-- www.berti-golf.de /public_html/bertichile/villarica0201/_vti_cnf villarica55_tn.jpg
2008.06.27 16:40 B K:\sicherung_webserver_h10__072008\berti-golf.de\public_html\bertichile\villarica0201\_vti_cnf\villarica56.jpg <-- www.berti-golf.de /public_html/bertichile/villarica0201/_vti_cnf villarica56.jpg
2008.06.27 16:40 B K:\sicherung_webserver_h10__072008\berti-golf.de\public_html\bertichile\villarica0201\_vti_cnf\villarica57.jpg <-- www.berti-golf.de /public_html/bertichile/villarica0201/_vti_cnf villarica57.jpg
2008.06.27 16:40 B K:\sicherung_webserver_h10__072008\berti-golf.de\public_html\bertichile\villarica0201\_vti_cnf\villarica58.jpg <-- www.berti-golf.de /public_html/bertichile/villarica0201/_vti_cnf villarica58.jpg
2008.06.27 16:40 B K:\sicherung_webserver_h10__072008\berti-golf.de\public_html\bertichile\villarica0201\_vti_cnf\villarica59.jpg <-- www.berti-golf.de /public_html/bertichile/villarica0201/_vti_cnf villarica59.jpg
2008.06.27 16:40 B K:\sicherung_webserver_h10__072008\berti-golf.de\public_html\bertichile\villarica0201\_vti_cnf\villarica59_tn.jpg <-- www.berti-golf.de /public_html/bertichile/villarica0201/_vti_cnf villarica59_tn.jpg
2008.06.27 16:40 B K:\sicherung_webserver_h10__072008\berti-golf.de\public_html\bertichile\villarica0201\_vti_cnf\villarica60.jpg <-- www.berti-golf.de /public_html/bertichile/villarica0201/_vti_cnf villarica60.jpg
2008.06.27 16:40 B K:\sicherung_webserver_h10__072008\berti-golf.de\public_html\bertichile\villarica0201\_vti_cnf\villarica60_tn.jpg <-- www.berti-golf.de /public_html/bertichile/villarica0201/_vti_cnf villarica60_tn.jpg
2008.06.27 16:40 B K:\sicherung_webserver_h10__072008\berti-golf.de\public_html\bertichile\villarica0201\_vti_cnf\villarica61.jpg <-- www.berti-golf.de /public_html/bertichile/villarica0201/_vti_cnf villarica61.jpg
2008.06.27 16:40 B K:\sicherung_webserver_h10__072008\berti-golf.de\public_html\bertichile\villarica0201\_vti_cnf\villarica61_tn.jpg <-- www.berti-golf.de /public_html/bertichile/villarica0201/_vti_cnf villarica61_tn.jpg
2008.06.27 16:40 B K:\sicherung_webserver_h10__072008\berti-golf.de\public_html\bertichile\villarica0201\_vti_cnf\villarica62.jpg <-- www.berti-golf.de /public_html/bertichile/villarica0201/_vti_cnf villarica62.jpg
2008.06.27 16:40 B K:\sicherung_webserver_h10__072008\berti-golf.de\public_html\bertichile\villarica0201\_vti_cnf\villarica62_tn.jpg <-- www.berti-golf.de /public_html/bertichile/villarica0201/_vti_cnf villarica62_tn.jpg
2008.06.27 16:40 B K:\sicherung_webserver_h10__072008\berti-golf.de\public_html\bertichile\villarica0201\_vti_cnf\villarica63.jpg <-- www.berti-golf.de /public_html/bertichile/villarica0201/_vti_cnf villarica63.jpg
2008.06.27 16:40 B K:\sicherung_webserver_h10__072008\berti-golf.de\public_html\bertichile\villarica0201\_vti_cnf\villarica64.jpg <-- www.berti-golf.de /public_html/bertichile/villarica0201/_vti_cnf villarica64.jpg
2008.06.27 16:40 B K:\sicherung_webserver_h10__072008\berti-golf.de\public_html\bertichile\villarica0201\_vti_cnf\villarica64_tn.jpg <-- www.berti-golf.de /public_html/bertichile/villarica0201/_vti_cnf villarica64_tn.jpg
2008.06.27 16:40 B K:\sicherung_webserver_h10__072008\berti-golf.de\public_html\bertichile\villarica0201\_vti_cnf\villarica65.jpg <-- www.berti-golf.de /public_html/bertichile/villarica0201/_vti_cnf villarica65.jpg
2008.06.27 16:40 B K:\sicherung_webserver_h10__072008\berti-golf.de\public_html\bertichile\villarica0201\_vti_cnf\villarica65_tn.jpg <-- www.berti-golf.de /public_html/bertichile/villarica0201/_vti_cnf villarica65_tn.jpg
2008.06.27 16:40 B K:\sicherung_webserver_h10__072008\berti-golf.de\public_html\bertichile\villarica0201\_vti_cnf\villarica66.jpg <-- www.berti-golf.de /public_html/bertichile/villarica0201/_vti_cnf villarica66.jpg
2008.06.27 16:40 B K:\sicherung_webserver_h10__072008\berti-golf.de\public_html\bertichile\villarica0201\_vti_cnf\villarica66_tn.jpg <-- www.berti-golf.de /public_html/bertichile/villarica0201/_vti_cnf villarica66_tn.jpg
2008.06.27 16:40 B K:\sicherung_webserver_h10__072008\berti-golf.de\public_html\bertichile\villarica0201\_vti_cnf\villarica67.jpg <-- www.berti-golf.de /public_html/bertichile/villarica0201/_vti_cnf villarica67.jpg
2008.06.27 16:40 B K:\sicherung_webserver_h10__072008\berti-golf.de\public_html\bertichile\villarica0201\_vti_cnf\villarica67_tn.jpg <-- www.berti-golf.de /public_html/bertichile/villarica0201/_vti_cnf villarica67_tn.jpg
2008.06.27 16:40 B K:\sicherung_webserver_h10__072008\berti-golf.de\public_html\bertichile\villarica0201\_vti_cnf\villarica68.jpg <-- www.berti-golf.de /public_html/bertichile/villarica0201/_vti_cnf villarica68.jpg
2008.06.27 16:40 B K:\sicherung_webserver_h10__072008\berti-golf.de\public_html\bertichile\villarica0201\_vti_cnf\villarica69.jpg <-- www.berti-golf.de /public_html/bertichile/villarica0201/_vti_cnf villarica69.jpg
2008.06.27 16:40 B K:\sicherung_webserver_h10__072008\berti-golf.de\public_html\bertichile\villarica0201\_vti_cnf\villarica69_tn.jpg <-- www.berti-golf.de /public_html/bertichile/villarica0201/_vti_cnf villarica69_tn.jpg
2008.06.27 16:40 B K:\sicherung_webserver_h10__072008\berti-golf.de\public_html\bertichile\villarica0201\_vti_cnf\villarica70.jpg <-- www.berti-golf.de /public_html/bertichile/villarica0201/_vti_cnf villarica70.jpg
2008.06.27 16:40 B K:\sicherung_webserver_h10__072008\berti-golf.de\public_html\bertichile\villarica0201\_vti_cnf\villarica70_tn.jpg <-- www.berti-golf.de /public_html/bertichile/villarica0201/_vti_cnf villarica70_tn.jpg
2008.06.27 16:40 B K:\sicherung_webserver_h10__072008\berti-golf.de\public_html\bertichile\villarica0201\_vti_cnf\villarica71.jpg <-- www.berti-golf.de /public_html/bertichile/villarica0201/_vti_cnf villarica71.jpg
2008.06.27 16:40 B K:\sicherung_webserver_h10__072008\berti-golf.de\public_html\bertichile\villarica0201\_vti_cnf\villarica71_tn.jpg <-- www.berti-golf.de /public_html/bertichile/villarica0201/_vti_cnf villarica71_tn.jpg
2008.06.27 16:40 B K:\sicherung_webserver_h10__072008\berti-golf.de\public_html\bertichile\villarica0201\_vti_cnf\villarica72.jpg <-- www.berti-golf.de /public_html/bertichile/villarica0201/_vti_cnf villarica72.jpg
2008.06.27 16:41 B K:\sicherung_webserver_h10__072008\berti-golf.de\public_html\bertichile\villarica0201\_vti_cnf\villarica72_tn.jpg <-- www.berti-golf.de /public_html/bertichile/villarica0201/_vti_cnf villarica72_tn.jpg
2008.06.27 16:41 B K:\sicherung_webserver_h10__072008\berti-golf.de\public_html\bertichile\villarica0201\_vti_cnf\villarica73.jpg <-- www.berti-golf.de /public_html/bertichile/villarica0201/_vti_cnf villarica73.jpg
2008.06.27 16:41 B K:\sicherung_webserver_h10__072008\berti-golf.de\public_html\bertichile\villarica0201\_vti_cnf\villarica74.jpg <-- www.berti-golf.de /public_html/bertichile/villarica0201/_vti_cnf villarica74.jpg
2008.06.27 16:41 B K:\sicherung_webserver_h10__072008\berti-golf.de\public_html\bertichile\villarica0201\_vti_cnf\villarica74_tn.jpg <-- www.berti-golf.de /public_html/bertichile/villarica0201/_vti_cnf villarica74_tn.jpg
2008.06.27 16:41 B K:\sicherung_webserver_h10__072008\berti-golf.de\public_html\bertichile\villarica0201\_vti_cnf\villarica75.jpg <-- www.berti-golf.de /public_html/bertichile/villarica0201/_vti_cnf villarica75.jpg
2008.06.27 16:41 B K:\sicherung_webserver_h10__072008\berti-golf.de\public_html\bertichile\villarica0201\_vti_cnf\villarica75_tn.jpg <-- www.berti-golf.de /public_html/bertichile/villarica0201/_vti_cnf villarica75_tn.jpg
2008.06.27 16:41 B K:\sicherung_webserver_h10__072008\berti-golf.de\public_html\bertichile\villarica0201\_vti_cnf\villarica76.jpg <-- www.berti-golf.de /public_html/bertichile/villarica0201/_vti_cnf villarica76.jpg
2008.06.27 16:41 B K:\sicherung_webserver_h10__072008\berti-golf.de\public_html\bertichile\villarica0201\_vti_cnf\villarica76_tn.jpg <-- www.berti-golf.de /public_html/bertichile/villarica0201/_vti_cnf villarica76_tn.jpg
2008.06.27 16:41 B K:\sicherung_webserver_h10__072008\berti-golf.de\public_html\bertichile\villarica0201\_vti_cnf\villarica77.jpg <-- www.berti-golf.de /public_html/bertichile/villarica0201/_vti_cnf villarica77.jpg
2008.06.27 16:41 B K:\sicherung_webserver_h10__072008\berti-golf.de\public_html\bertichile\villarica0201\_vti_cnf\villarica77_tn.jpg <-- www.berti-golf.de /public_html/bertichile/villarica0201/_vti_cnf villarica77_tn.jpg
2008.06.27 16:41 B K:\sicherung_webserver_h10__072008\berti-golf.de\public_html\bertichile\villarica0201\_vti_cnf\villarica78.jpg <-- www.berti-golf.de /public_html/bertichile/villarica0201/_vti_cnf villarica78.jpg
2008.06.27 16:41 B K:\sicherung_webserver_h10__072008\berti-golf.de\public_html\bertichile\villarica0201\_vti_cnf\villarica79.jpg <-- www.berti-golf.de /public_html/bertichile/villarica0201/_vti_cnf villarica79.jpg
2008.06.27 16:41 B K:\sicherung_webserver_h10__072008\berti-golf.de\public_html\bertichile\villarica0201\_vti_cnf\villarica80.jpg <-- www.berti-golf.de /public_html/bertichile/villarica0201/_vti_cnf villarica80.jpg
2008.06.27 16:41 B K:\sicherung_webserver_h10__072008\berti-golf.de\public_html\bertichile\villarica0201\_vti_cnf\villarica80_tn.jpg <-- www.berti-golf.de /public_html/bertichile/villarica0201/_vti_cnf villarica80_tn.jpg
2008.06.27 16:41 B K:\sicherung_webserver_h10__072008\berti-golf.de\public_html\bertichile\villarica0201\_vti_cnf\villarica81.jpg <-- www.berti-golf.de /public_html/bertichile/villarica0201/_vti_cnf villarica81.jpg
2008.06.27 16:41 B K:\sicherung_webserver_h10__072008\berti-golf.de\public_html\bertichile\villarica0201\_vti_cnf\villarica81_tn.jpg <-- www.berti-golf.de /public_html/bertichile/villarica0201/_vti_cnf villarica81_tn.jpg
2008.06.27 16:41 B K:\sicherung_webserver_h10__072008\berti-golf.de\public_html\bertichile\villarica0201\_vti_cnf\villarica82.jpg <-- www.berti-golf.de /public_html/bertichile/villarica0201/_vti_cnf villarica82.jpg
2008.06.27 16:41 B K:\sicherung_webserver_h10__072008\berti-golf.de\public_html\bertichile\villarica0201\_vti_cnf\villarica83.jpg <-- www.berti-golf.de /public_html/bertichile/villarica0201/_vti_cnf villarica83.jpg
2008.06.27 16:41 B K:\sicherung_webserver_h10__072008\berti-golf.de\public_html\bertichile\villarica0201\_vti_cnf\villarica83_tn.jpg <-- www.berti-golf.de /public_html/bertichile/villarica0201/_vti_cnf villarica83_tn.jpg
2008.06.27 16:41 B K:\sicherung_webserver_h10__072008\berti-golf.de\public_html\bertichile\villarica0201\_vti_cnf\villarica84.jpg <-- www.berti-golf.de /public_html/bertichile/villarica0201/_vti_cnf villarica84.jpg
2008.06.27 16:41 B K:\sicherung_webserver_h10__072008\berti-golf.de\public_html\bertichile\villarica0201\_vti_cnf\villarica84_tn.jpg <-- www.berti-golf.de /public_html/bertichile/villarica0201/_vti_cnf villarica84_tn.jpg
2008.06.27 16:41 B K:\sicherung_webserver_h10__072008\berti-golf.de\public_html\bertichile\villarica0201\_vti_cnf\villarica85.jpg <-- www.berti-golf.de /public_html/bertichile/villarica0201/_vti_cnf villarica85.jpg
2008.06.27 16:41 B K:\sicherung_webserver_h10__072008\berti-golf.de\public_html\bertichile\villarica0201\_vti_cnf\villarica85_tn.jpg <-- www.berti-golf.de /public_html/bertichile/villarica0201/_vti_cnf villarica85_tn.jpg
2008.06.27 16:41 B K:\sicherung_webserver_h10__072008\berti-golf.de\public_html\bertichile\villarica0201\_vti_cnf\villarica86.jpg <-- www.berti-golf.de /public_html/bertichile/villarica0201/_vti_cnf villarica86.jpg
2008.06.27 16:41 B K:\sicherung_webserver_h10__072008\berti-golf.de\public_html\bertichile\villarica0201\_vti_cnf\villarica86_tn.jpg <-- www.berti-golf.de /public_html/bertichile/villarica0201/_vti_cnf villarica86_tn.jpg
2008.06.27 16:41 B K:\sicherung_webserver_h10__072008\berti-golf.de\public_html\bertichile\villarica0201\_vti_cnf\villarica87.jpg <-- www.berti-golf.de /public_html/bertichile/villarica0201/_vti_cnf villarica87.jpg
2008.06.27 16:41 B K:\sicherung_webserver_h10__072008\berti-golf.de\public_html\bertichile\villarica0201\_vti_cnf\villarica87_tn.jpg <-- www.berti-golf.de /public_html/bertichile/villarica0201/_vti_cnf villarica87_tn.jpg
2008.06.27 16:41 B K:\sicherung_webserver_h10__072008\berti-golf.de\public_html\bertichile\villarica0201\_vti_cnf\villarica88.jpg <-- www.berti-golf.de /public_html/bertichile/villarica0201/_vti_cnf villarica88.jpg
2008.06.27 16:41 B K:\sicherung_webserver_h10__072008\berti-golf.de\public_html\bertichile\villarica0201\_vti_cnf\villarica89.jpg <-- www.berti-golf.de /public_html/bertichile/villarica0201/_vti_cnf villarica89.jpg
2008.06.27 16:41 B K:\sicherung_webserver_h10__072008\berti-golf.de\public_html\bertichile\villarica0201\_vti_cnf\villarica90.jpg <-- www.berti-golf.de /public_html/bertichile/villarica0201/_vti_cnf villarica90.jpg
2008.06.27 16:41 B K:\sicherung_webserver_h10__072008\berti-golf.de\public_html\bertichile\villarica0201\_vti_cnf\villarica90_tn.jpg <-- www.berti-golf.de /public_html/bertichile/villarica0201/_vti_cnf villarica90_tn.jpg
2008.06.27 19:34 B K:\sicherung_webserver_h10__072008\berti-golf.de\public_html\bertichile\villarica0201\_vti_cnf\villarica.html --> bertigolfde.h1403220.stratoserver.net /public_html/bertichile/villarica0201/_vti_cnf villarica.html
2008.06.27 19:34 B K:\sicherung_webserver_h10__072008\berti-golf.de\public_html\bertichile\villarica0201\_vti_cnf\villarica01.jpg --> bertigolfde.h1403220.stratoserver.net /public_html/bertichile/villarica0201/_vti_cnf villarica01.jpg
2008.06.27 19:34 B K:\sicherung_webserver_h10__072008\berti-golf.de\public_html\bertichile\villarica0201\_vti_cnf\villarica01_tn.jpg --> bertigolfde.h1403220.stratoserver.net /public_html/bertichile/villarica0201/_vti_cnf villarica01_tn.jpg
2008.06.27 19:34 B K:\sicherung_webserver_h10__072008\berti-golf.de\public_html\bertichile\villarica0201\_vti_cnf\villarica02.jpg --> bertigolfde.h1403220.stratoserver.net /public_html/bertichile/villarica0201/_vti_cnf villarica02.jpg
2008.06.27 19:34 B K:\sicherung_webserver_h10__072008\berti-golf.de\public_html\bertichile\villarica0201\_vti_cnf\villarica02_tn.jpg --> bertigolfde.h1403220.stratoserver.net /public_html/bertichile/villarica0201/_vti_cnf villarica02_tn.jpg
2008.06.27 19:34 B K:\sicherung_webserver_h10__072008\berti-golf.de\public_html\bertichile\villarica0201\_vti_cnf\villarica03.jpg --> bertigolfde.h1403220.stratoserver.net /public_html/bertichile/villarica0201/_vti_cnf villarica03.jpg
2008.06.27 19:34 B K:\sicherung_webserver_h10__072008\berti-golf.de\public_html\bertichile\villarica0201\_vti_cnf\villarica04.jpg --> bertigolfde.h1403220.stratoserver.net /public_html/bertichile/villarica0201/_vti_cnf villarica04.jpg
2008.06.27 19:34 B K:\sicherung_webserver_h10__072008\berti-golf.de\public_html\bertichile\villarica0201\_vti_cnf\villarica04_tn.jpg --> bertigolfde.h1403220.stratoserver.net /public_html/bertichile/villarica0201/_vti_cnf villarica04_tn.jpg
2008.06.27 19:34 B K:\sicherung_webserver_h10__072008\berti-golf.de\public_html\bertichile\villarica0201\_vti_cnf\villarica05.jpg --> bertigolfde.h1403220.stratoserver.net /public_html/bertichile/villarica0201/_vti_cnf villarica05.jpg
2008.06.27 19:34 B K:\sicherung_webserver_h10__072008\berti-golf.de\public_html\bertichile\villarica0201\_vti_cnf\villarica05_tn.jpg --> bertigolfde.h1403220.stratoserver.net /public_html/bertichile/villarica0201/_vti_cnf villarica05_tn.jpg
2008.06.27 19:34 B K:\sicherung_webserver_h10__072008\berti-golf.de\public_html\bertichile\villarica0201\_vti_cnf\villarica06.jpg --> bertigolfde.h1403220.stratoserver.net /public_html/bertichile/villarica0201/_vti_cnf villarica06.jpg
2008.06.27 19:34 B K:\sicherung_webserver_h10__072008\berti-golf.de\public_html\bertichile\villarica0201\_vti_cnf\villarica07.jpg --> bertigolfde.h1403220.stratoserver.net /public_html/bertichile/villarica0201/_vti_cnf villarica07.jpg
2008.06.27 19:34 B K:\sicherung_webserver_h10__072008\berti-golf.de\public_html\bertichile\villarica0201\_vti_cnf\villarica08.jpg --> bertigolfde.h1403220.stratoserver.net /public_html/bertichile/villarica0201/_vti_cnf villarica08.jpg
2008.06.27 19:34 B K:\sicherung_webserver_h10__072008\berti-golf.de\public_html\bertichile\villarica0201\_vti_cnf\villarica08_tn.jpg --> bertigolfde.h1403220.stratoserver.net /public_html/bertichile/villarica0201/_vti_cnf villarica08_tn.jpg
2008.06.27 19:34 B K:\sicherung_webserver_h10__072008\berti-golf.de\public_html\bertichile\villarica0201\_vti_cnf\villarica09.jpg --> bertigolfde.h1403220.stratoserver.net /public_html/bertichile/villarica0201/_vti_cnf villarica09.jpg
2008.06.27 19:34 B K:\sicherung_webserver_h10__072008\berti-golf.de\public_html\bertichile\villarica0201\_vti_cnf\villarica10.jpg --> bertigolfde.h1403220.stratoserver.net /public_html/bertichile/villarica0201/_vti_cnf villarica10.jpg
2008.06.27 19:34 B K:\sicherung_webserver_h10__072008\berti-golf.de\public_html\bertichile\villarica0201\_vti_cnf\villarica11.jpg --> bertigolfde.h1403220.stratoserver.net /public_html/bertichile/villarica0201/_vti_cnf villarica11.jpg
2008.06.27 19:34 B K:\sicherung_webserver_h10__072008\berti-golf.de\public_html\bertichile\villarica0201\_vti_cnf\villarica11_tn.jpg --> bertigolfde.h1403220.stratoserver.net /public_html/bertichile/villarica0201/_vti_cnf villarica11_tn.jpg
2008.06.27 19:34 B K:\sicherung_webserver_h10__072008\berti-golf.de\public_html\bertichile\villarica0201\_vti_cnf\villarica12.jpg --> bertigolfde.h1403220.stratoserver.net /public_html/bertichile/villarica0201/_vti_cnf villarica12.jpg
2008.06.27 19:34 B K:\sicherung_webserver_h10__072008\berti-golf.de\public_html\bertichile\villarica0201\_vti_cnf\villarica12_tn.jpg --> bertigolfde.h1403220.stratoserver.net /public_html/bertichile/villarica0201/_vti_cnf villarica12_tn.jpg
2008.06.27 19:34 B K:\sicherung_webserver_h10__072008\berti-golf.de\public_html\bertichile\villarica0201\_vti_cnf\villarica13.jpg --> bertigolfde.h1403220.stratoserver.net /public_html/bertichile/villarica0201/_vti_cnf villarica13.jpg
2008.06.27 19:34 B K:\sicherung_webserver_h10__072008\berti-golf.de\public_html\bertichile\villarica0201\_vti_cnf\villarica14.jpg --> bertigolfde.h1403220.stratoserver.net /public_html/bertichile/villarica0201/_vti_cnf villarica14.jpg
2008.06.27 19:34 B K:\sicherung_webserver_h10__072008\berti-golf.de\public_html\bertichile\villarica0201\_vti_cnf\villarica15.jpg --> bertigolfde.h1403220.stratoserver.net /public_html/bertichile/villarica0201/_vti_cnf villarica15.jpg
2008.06.27 19:34 B K:\sicherung_webserver_h10__072008\berti-golf.de\public_html\bertichile\villarica0201\_vti_cnf\villarica15_tn.jpg --> bertigolfde.h1403220.stratoserver.net /public_html/bertichile/villarica0201/_vti_cnf villarica15_tn.jpg
2008.06.27 19:34 B K:\sicherung_webserver_h10__072008\berti-golf.de\public_html\bertichile\villarica0201\_vti_cnf\villarica16.jpg --> bertigolfde.h1403220.stratoserver.net /public_html/bertichile/villarica0201/_vti_cnf villarica16.jpg
2008.06.27 19:34 B K:\sicherung_webserver_h10__072008\berti-golf.de\public_html\bertichile\villarica0201\_vti_cnf\villarica16_tn.jpg --> bertigolfde.h1403220.stratoserver.net /public_html/bertichile/villarica0201/_vti_cnf villarica16_tn.jpg
2008.06.27 19:34 B K:\sicherung_webserver_h10__072008\berti-golf.de\public_html\bertichile\villarica0201\_vti_cnf\villarica17.jpg --> bertigolfde.h1403220.stratoserver.net /public_html/bertichile/villarica0201/_vti_cnf villarica17.jpg
2008.06.27 19:34 B K:\sicherung_webserver_h10__072008\berti-golf.de\public_html\bertichile\villarica0201\_vti_cnf\villarica18.jpg --> bertigolfde.h1403220.stratoserver.net /public_html/bertichile/villarica0201/_vti_cnf villarica18.jpg
2008.06.27 19:34 B K:\sicherung_webserver_h10__072008\berti-golf.de\public_html\bertichile\villarica0201\_vti_cnf\villarica19.jpg --> bertigolfde.h1403220.stratoserver.net /public_html/bertichile/villarica0201/_vti_cnf villarica19.jpg
2008.06.27 19:34 B K:\sicherung_webserver_h10__072008\berti-golf.de\public_html\bertichile\villarica0201\_vti_cnf\villarica19_tn.jpg --> bertigolfde.h1403220.stratoserver.net /public_html/bertichile/villarica0201/_vti_cnf villarica19_tn.jpg
2008.06.27 19:34 B K:\sicherung_webserver_h10__072008\berti-golf.de\public_html\bertichile\villarica0201\_vti_cnf\villarica20.jpg --> bertigolfde.h1403220.stratoserver.net /public_html/bertichile/villarica0201/_vti_cnf villarica20.jpg
2008.06.27 19:34 B K:\sicherung_webserver_h10__072008\berti-golf.de\public_html\bertichile\villarica0201\_vti_cnf\villarica21.jpg --> bertigolfde.h1403220.stratoserver.net /public_html/bertichile/villarica0201/_vti_cnf villarica21.jpg
2008.06.27 19:34 B K:\sicherung_webserver_h10__072008\berti-golf.de\public_html\bertichile\villarica0201\_vti_cnf\villarica22.jpg --> bertigolfde.h1403220.stratoserver.net /public_html/bertichile/villarica0201/_vti_cnf villarica22.jpg
2008.06.27 19:34 B K:\sicherung_webserver_h10__072008\berti-golf.de\public_html\bertichile\villarica0201\_vti_cnf\villarica22_tn.jpg --> bertigolfde.h1403220.stratoserver.net /public_html/bertichile/villarica0201/_vti_cnf villarica22_tn.jpg
2008.06.27 19:34 B K:\sicherung_webserver_h10__072008\berti-golf.de\public_html\bertichile\villarica0201\_vti_cnf\villarica23.jpg --> bertigolfde.h1403220.stratoserver.net /public_html/bertichile/villarica0201/_vti_cnf villarica23.jpg
2008.06.27 19:34 B K:\sicherung_webserver_h10__072008\berti-golf.de\public_html\bertichile\villarica0201\_vti_cnf\villarica23_tn.jpg --> bertigolfde.h1403220.stratoserver.net /public_html/bertichile/villarica0201/_vti_cnf villarica23_tn.jpg
2008.06.27 19:34 B K:\sicherung_webserver_h10__072008\berti-golf.de\public_html\bertichile\villarica0201\_vti_cnf\villarica24.jpg --> bertigolfde.h1403220.stratoserver.net /public_html/bertichile/villarica0201/_vti_cnf villarica24.jpg
2008.06.27 19:34 B K:\sicherung_webserver_h10__072008\berti-golf.de\public_html\bertichile\villarica0201\_vti_cnf\villarica25.jpg --> bertigolfde.h1403220.stratoserver.net /public_html/bertichile/villarica0201/_vti_cnf villarica25.jpg
2008.06.27 19:34 B K:\sicherung_webserver_h10__072008\berti-golf.de\public_html\bertichile\villarica0201\_vti_cnf\villarica25_tn.jpg --> bertigolfde.h1403220.stratoserver.net /public_html/bertichile/villarica0201/_vti_cnf villarica25_tn.jpg
2008.06.27 19:34 B K:\sicherung_webserver_h10__072008\berti-golf.de\public_html\bertichile\villarica0201\_vti_cnf\villarica26.jpg --> bertigolfde.h1403220.stratoserver.net /public_html/bertichile/villarica0201/_vti_cnf villarica26.jpg
2008.06.27 19:34 B K:\sicherung_webserver_h10__072008\berti-golf.de\public_html\bertichile\villarica0201\_vti_cnf\villarica26_tn.jpg --> bertigolfde.h1403220.stratoserver.net /public_html/bertichile/villarica0201/_vti_cnf villarica26_tn.jpg
2008.06.27 19:34 B K:\sicherung_webserver_h10__072008\berti-golf.de\public_html\bertichile\villarica0201\_vti_cnf\villarica27.jpg --> bertigolfde.h1403220.stratoserver.net /public_html/bertichile/villarica0201/_vti_cnf villarica27.jpg
2008.06.27 19:34 B K:\sicherung_webserver_h10__072008\berti-golf.de\public_html\bertichile\villarica0201\_vti_cnf\villarica28.jpg --> bertigolfde.h1403220.stratoserver.net /public_html/bertichile/villarica0201/_vti_cnf villarica28.jpg
2008.06.27 19:34 B K:\sicherung_webserver_h10__072008\berti-golf.de\public_html\bertichile\villarica0201\_vti_cnf\villarica28_tn.jpg --> bertigolfde.h1403220.stratoserver.net /public_html/bertichile/villarica0201/_vti_cnf villarica28_tn.jpg
2008.06.27 19:34 B K:\sicherung_webserver_h10__072008\berti-golf.de\public_html\bertichile\villarica0201\_vti_cnf\villarica29.jpg --> bertigolfde.h1403220.stratoserver.net /public_html/bertichile/villarica0201/_vti_cnf villarica29.jpg
2008.06.27 19:34 B K:\sicherung_webserver_h10__072008\berti-golf.de\public_html\bertichile\villarica0201\_vti_cnf\villarica30.jpg --> bertigolfde.h1403220.stratoserver.net /public_html/bertichile/villarica0201/_vti_cnf villarica30.jpg
2008.06.27 19:34 B K:\sicherung_webserver_h10__072008\berti-golf.de\public_html\bertichile\villarica0201\_vti_cnf\villarica30_tn.jpg --> bertigolfde.h1403220.stratoserver.net /public_html/bertichile/villarica0201/_vti_cnf villarica30_tn.jpg
2008.06.27 19:34 B K:\sicherung_webserver_h10__072008\berti-golf.de\public_html\bertichile\villarica0201\_vti_cnf\villarica31.jpg --> bertigolfde.h1403220.stratoserver.net /public_html/bertichile/villarica0201/_vti_cnf villarica31.jpg
2008.06.27 19:34 B K:\sicherung_webserver_h10__072008\berti-golf.de\public_html\bertichile\villarica0201\_vti_cnf\villarica31_tn.jpg --> bertigolfde.h1403220.stratoserver.net /public_html/bertichile/villarica0201/_vti_cnf villarica31_tn.jpg
2008.06.27 19:34 B K:\sicherung_webserver_h10__072008\berti-golf.de\public_html\bertichile\villarica0201\_vti_cnf\villarica32.jpg --> bertigolfde.h1403220.stratoserver.net /public_html/bertichile/villarica0201/_vti_cnf villarica32.jpg
2008.06.27 19:34 B K:\sicherung_webserver_h10__072008\berti-golf.de\public_html\bertichile\villarica0201\_vti_cnf\villarica33.jpg --> bertigolfde.h1403220.stratoserver.net /public_html/bertichile/villarica0201/_vti_cnf villarica33.jpg
2008.06.27 19:34 B K:\sicherung_webserver_h10__072008\berti-golf.de\public_html\bertichile\villarica0201\_vti_cnf\villarica34.jpg --> bertigolfde.h1403220.stratoserver.net /public_html/bertichile/villarica0201/_vti_cnf villarica34.jpg
2008.06.27 19:34 B K:\sicherung_webserver_h10__072008\berti-golf.de\public_html\bertichile\villarica0201\_vti_cnf\villarica34_tn.jpg --> bertigolfde.h1403220.stratoserver.net /public_html/bertichile/villarica0201/_vti_cnf villarica34_tn.jpg
2008.06.27 19:34 B K:\sicherung_webserver_h10__072008\berti-golf.de\public_html\bertichile\villarica0201\_vti_cnf\villarica35.jpg --> bertigolfde.h1403220.stratoserver.net /public_html/bertichile/villarica0201/_vti_cnf villarica35.jpg
2008.06.27 19:34 B K:\sicherung_webserver_h10__072008\berti-golf.de\public_html\bertichile\villarica0201\_vti_cnf\villarica35_tn.jpg --> bertigolfde.h1403220.stratoserver.net /public_html/bertichile/villarica0201/_vti_cnf villarica35_tn.jpg
2008.06.27 19:34 B K:\sicherung_webserver_h10__072008\berti-golf.de\public_html\bertichile\villarica0201\_vti_cnf\villarica36.jpg --> bertigolfde.h1403220.stratoserver.net /public_html/bertichile/villarica0201/_vti_cnf villarica36.jpg
2008.06.27 19:34 B K:\sicherung_webserver_h10__072008\berti-golf.de\public_html\bertichile\villarica0201\_vti_cnf\villarica36_tn.jpg --> bertigolfde.h1403220.stratoserver.net /public_html/bertichile/villarica0201/_vti_cnf villarica36_tn.jpg
2008.06.27 19:34 B K:\sicherung_webserver_h10__072008\berti-golf.de\public_html\bertichile\villarica0201\_vti_cnf\villarica37.jpg --> bertigolfde.h1403220.stratoserver.net /public_html/bertichile/villarica0201/_vti_cnf villarica37.jpg
2008.06.27 19:34 B K:\sicherung_webserver_h10__072008\berti-golf.de\public_html\bertichile\villarica0201\_vti_cnf\villarica37_tn.jpg --> bertigolfde.h1403220.stratoserver.net /public_html/bertichile/villarica0201/_vti_cnf villarica37_tn.jpg
2008.06.27 19:34 B K:\sicherung_webserver_h10__072008\berti-golf.de\public_html\bertichile\villarica0201\_vti_cnf\villarica38.jpg --> bertigolfde.h1403220.stratoserver.net /public_html/bertichile/villarica0201/_vti_cnf villarica38.jpg
2008.06.27 19:34 B K:\sicherung_webserver_h10__072008\berti-golf.de\public_html\bertichile\villarica0201\_vti_cnf\villarica39.jpg --> bertigolfde.h1403220.stratoserver.net /public_html/bertichile/villarica0201/_vti_cnf villarica39.jpg
2008.06.27 19:34 B K:\sicherung_webserver_h10__072008\berti-golf.de\public_html\bertichile\villarica0201\_vti_cnf\villarica39_tn.jpg --> bertigolfde.h1403220.stratoserver.net /public_html/bertichile/villarica0201/_vti_cnf villarica39_tn.jpg
2008.06.27 19:34 B K:\sicherung_webserver_h10__072008\berti-golf.de\public_html\bertichile\villarica0201\_vti_cnf\villarica40.jpg --> bertigolfde.h1403220.stratoserver.net /public_html/bertichile/villarica0201/_vti_cnf villarica40.jpg
2008.06.27 19:34 B K:\sicherung_webserver_h10__072008\berti-golf.de\public_html\bertichile\villarica0201\_vti_cnf\villarica40_tn.jpg --> bertigolfde.h1403220.stratoserver.net /public_html/bertichile/villarica0201/_vti_cnf villarica40_tn.jpg
2008.06.27 19:34 B K:\sicherung_webserver_h10__072008\berti-golf.de\public_html\bertichile\villarica0201\_vti_cnf\villarica41.jpg --> bertigolfde.h1403220.stratoserver.net /public_html/bertichile/villarica0201/_vti_cnf villarica41.jpg
2008.06.27 19:34 B K:\sicherung_webserver_h10__072008\berti-golf.de\public_html\bertichile\villarica0201\_vti_cnf\villarica41_tn.jpg --> bertigolfde.h1403220.stratoserver.net /public_html/bertichile/villarica0201/_vti_cnf villarica41_tn.jpg
2008.06.27 19:34 B K:\sicherung_webserver_h10__072008\berti-golf.de\public_html\bertichile\villarica0201\_vti_cnf\villarica42.jpg --> bertigolfde.h1403220.stratoserver.net /public_html/bertichile/villarica0201/_vti_cnf villarica42.jpg
2008.06.27 19:34 B K:\sicherung_webserver_h10__072008\berti-golf.de\public_html\bertichile\villarica0201\_vti_cnf\villarica42_tn.jpg --> bertigolfde.h1403220.stratoserver.net /public_html/bertichile/villarica0201/_vti_cnf villarica42_tn.jpg
2008.06.27 19:34 B K:\sicherung_webserver_h10__072008\berti-golf.de\public_html\bertichile\villarica0201\_vti_cnf\villarica43.jpg --> bertigolfde.h1403220.stratoserver.net /public_html/bertichile/villarica0201/_vti_cnf villarica43.jpg
2008.06.27 19:34 B K:\sicherung_webserver_h10__072008\berti-golf.de\public_html\bertichile\villarica0201\_vti_cnf\villarica43_tn.jpg --> bertigolfde.h1403220.stratoserver.net /public_html/bertichile/villarica0201/_vti_cnf villarica43_tn.jpg
2008.06.27 19:34 B K:\sicherung_webserver_h10__072008\berti-golf.de\public_html\bertichile\villarica0201\_vti_cnf\villarica44.jpg --> bertigolfde.h1403220.stratoserver.net /public_html/bertichile/villarica0201/_vti_cnf villarica44.jpg
2008.06.27 19:34 B K:\sicherung_webserver_h10__072008\berti-golf.de\public_html\bertichile\villarica0201\_vti_cnf\villarica44_tn.jpg --> bertigolfde.h1403220.stratoserver.net /public_html/bertichile/villarica0201/_vti_cnf villarica44_tn.jpg
2008.06.27 19:35 B K:\sicherung_webserver_h10__072008\berti-golf.de\public_html\bertichile\villarica0201\_vti_cnf\villarica45.jpg --> bertigolfde.h1403220.stratoserver.net /public_html/bertichile/villarica0201/_vti_cnf villarica45.jpg
2008.06.27 19:35 B K:\sicherung_webserver_h10__072008\berti-golf.de\public_html\bertichile\villarica0201\_vti_cnf\villarica45_tn.jpg --> bertigolfde.h1403220.stratoserver.net /public_html/bertichile/villarica0201/_vti_cnf villarica45_tn.jpg
2008.06.27 19:35 B K:\sicherung_webserver_h10__072008\berti-golf.de\public_html\bertichile\villarica0201\_vti_cnf\villarica46.jpg --> bertigolfde.h1403220.stratoserver.net /public_html/bertichile/villarica0201/_vti_cnf villarica46.jpg
2008.06.27 19:35 B K:\sicherung_webserver_h10__072008\berti-golf.de\public_html\bertichile\villarica0201\_vti_cnf\villarica46_tn.jpg --> bertigolfde.h1403220.stratoserver.net /public_html/bertichile/villarica0201/_vti_cnf villarica46_tn.jpg
2008.06.27 19:35 B K:\sicherung_webserver_h10__072008\berti-golf.de\public_html\bertichile\villarica0201\_vti_cnf\villarica47.jpg --> bertigolfde.h1403220.stratoserver.net /public_html/bertichile/villarica0201/_vti_cnf villarica47.jpg
2008.06.27 19:35 B K:\sicherung_webserver_h10__072008\berti-golf.de\public_html\bertichile\villarica0201\_vti_cnf\villarica48.jpg --> bertigolfde.h1403220.stratoserver.net /public_html/bertichile/villarica0201/_vti_cnf villarica48.jpg
2008.06.27 19:35 B K:\sicherung_webserver_h10__072008\berti-golf.de\public_html\bertichile\villarica0201\_vti_cnf\villarica48_tn.jpg --> bertigolfde.h1403220.stratoserver.net /public_html/bertichile/villarica0201/_vti_cnf villarica48_tn.jpg
2008.06.27 19:35 B K:\sicherung_webserver_h10__072008\berti-golf.de\public_html\bertichile\villarica0201\_vti_cnf\villarica49.jpg --> bertigolfde.h1403220.stratoserver.net /public_html/bertichile/villarica0201/_vti_cnf villarica49.jpg
2008.06.27 19:35 B K:\sicherung_webserver_h10__072008\berti-golf.de\public_html\bertichile\villarica0201\_vti_cnf\villarica49_tn.jpg --> bertigolfde.h1403220.stratoserver.net /public_html/bertichile/villarica0201/_vti_cnf villarica49_tn.jpg
2008.06.27 19:35 B K:\sicherung_webserver_h10__072008\berti-golf.de\public_html\bertichile\villarica0201\_vti_cnf\villarica50.jpg --> bertigolfde.h1403220.stratoserver.net /public_html/bertichile/villarica0201/_vti_cnf villarica50.jpg
2008.06.27 19:35 B K:\sicherung_webserver_h10__072008\berti-golf.de\public_html\bertichile\villarica0201\_vti_cnf\villarica50_tn.jpg --> bertigolfde.h1403220.stratoserver.net /public_html/bertichile/villarica0201/_vti_cnf villarica50_tn.jpg
2008.06.27 19:35 B K:\sicherung_webserver_h10__072008\berti-golf.de\public_html\bertichile\villarica0201\_vti_cnf\villarica51.jpg --> bertigolfde.h1403220.stratoserver.net /public_html/bertichile/villarica0201/_vti_cnf villarica51.jpg
2008.06.27 19:35 B K:\sicherung_webserver_h10__072008\berti-golf.de\public_html\bertichile\villarica0201\_vti_cnf\villarica51_tn.jpg --> bertigolfde.h1403220.stratoserver.net /public_html/bertichile/villarica0201/_vti_cnf villarica51_tn.jpg
2008.06.27 19:35 B K:\sicherung_webserver_h10__072008\berti-golf.de\public_html\bertichile\villarica0201\_vti_cnf\villarica52.jpg --> bertigolfde.h1403220.stratoserver.net /public_html/bertichile/villarica0201/_vti_cnf villarica52.jpg
2008.06.27 19:35 B K:\sicherung_webserver_h10__072008\berti-golf.de\public_html\bertichile\villarica0201\_vti_cnf\villarica52_tn.jpg --> bertigolfde.h1403220.stratoserver.net /public_html/bertichile/villarica0201/_vti_cnf villarica52_tn.jpg
2008.06.27 19:35 B K:\sicherung_webserver_h10__072008\berti-golf.de\public_html\bertichile\villarica0201\_vti_cnf\villarica53.jpg --> bertigolfde.h1403220.stratoserver.net /public_html/bertichile/villarica0201/_vti_cnf villarica53.jpg
2008.06.27 19:35 B K:\sicherung_webserver_h10__072008\berti-golf.de\public_html\bertichile\villarica0201\_vti_cnf\villarica54.jpg --> bertigolfde.h1403220.stratoserver.net /public_html/bertichile/villarica0201/_vti_cnf villarica54.jpg
2008.06.27 19:35 B K:\sicherung_webserver_h10__072008\berti-golf.de\public_html\bertichile\villarica0201\_vti_cnf\villarica55.jpg --> bertigolfde.h1403220.stratoserver.net /public_html/bertichile/villarica0201/_vti_cnf villarica55.jpg
2008.06.27 19:35 B K:\sicherung_webserver_h10__072008\berti-golf.de\public_html\bertichile\villarica0201\_vti_cnf\villarica55_tn.jpg --> bertigolfde.h1403220.stratoserver.net /public_html/bertichile/villarica0201/_vti_cnf villarica55_tn.jpg
2008.06.27 19:35 B K:\sicherung_webserver_h10__072008\berti-golf.de\public_html\bertichile\villarica0201\_vti_cnf\villarica56.jpg --> bertigolfde.h1403220.stratoserver.net /public_html/bertichile/villarica0201/_vti_cnf villarica56.jpg
2008.06.27 19:35 B K:\sicherung_webserver_h10__072008\berti-golf.de\public_html\bertichile\villarica0201\_vti_cnf\villarica57.jpg --> bertigolfde.h1403220.stratoserver.net /public_html/bertichile/villarica0201/_vti_cnf villarica57.jpg
2008.06.27 19:35 B K:\sicherung_webserver_h10__072008\berti-golf.de\public_html\bertichile\villarica0201\_vti_cnf\villarica58.jpg --> bertigolfde.h1403220.stratoserver.net /public_html/bertichile/villarica0201/_vti_cnf villarica58.jpg
2008.06.27 19:35 B K:\sicherung_webserver_h10__072008\berti-golf.de\public_html\bertichile\villarica0201\_vti_cnf\villarica59.jpg --> bertigolfde.h1403220.stratoserver.net /public_html/bertichile/villarica0201/_vti_cnf villarica59.jpg
2008.06.27 19:35 B K:\sicherung_webserver_h10__072008\berti-golf.de\public_html\bertichile\villarica0201\_vti_cnf\villarica59_tn.jpg --> bertigolfde.h1403220.stratoserver.net /public_html/bertichile/villarica0201/_vti_cnf villarica59_tn.jpg
2008.06.27 19:35 B K:\sicherung_webserver_h10__072008\berti-golf.de\public_html\bertichile\villarica0201\_vti_cnf\villarica60.jpg --> bertigolfde.h1403220.stratoserver.net /public_html/bertichile/villarica0201/_vti_cnf villarica60.jpg
2008.06.27 19:35 B K:\sicherung_webserver_h10__072008\berti-golf.de\public_html\bertichile\villarica0201\_vti_cnf\villarica60_tn.jpg --> bertigolfde.h1403220.stratoserver.net /public_html/bertichile/villarica0201/_vti_cnf villarica60_tn.jpg
2008.06.27 19:35 B K:\sicherung_webserver_h10__072008\berti-golf.de\public_html\bertichile\villarica0201\_vti_cnf\villarica61.jpg --> bertigolfde.h1403220.stratoserver.net /public_html/bertichile/villarica0201/_vti_cnf villarica61.jpg
2008.06.27 19:35 B K:\sicherung_webserver_h10__072008\berti-golf.de\public_html\bertichile\villarica0201\_vti_cnf\villarica61_tn.jpg --> bertigolfde.h1403220.stratoserver.net /public_html/bertichile/villarica0201/_vti_cnf villarica61_tn.jpg
2008.06.27 19:35 B K:\sicherung_webserver_h10__072008\berti-golf.de\public_html\bertichile\villarica0201\_vti_cnf\villarica62.jpg --> bertigolfde.h1403220.stratoserver.net /public_html/bertichile/villarica0201/_vti_cnf villarica62.jpg
2008.06.27 19:35 B K:\sicherung_webserver_h10__072008\berti-golf.de\public_html\bertichile\villarica0201\_vti_cnf\villarica62_tn.jpg --> bertigolfde.h1403220.stratoserver.net /public_html/bertichile/villarica0201/_vti_cnf villarica62_tn.jpg
2008.06.27 19:35 B K:\sicherung_webserver_h10__072008\berti-golf.de\public_html\bertichile\villarica0201\_vti_cnf\villarica63.jpg --> bertigolfde.h1403220.stratoserver.net /public_html/bertichile/villarica0201/_vti_cnf villarica63.jpg
2008.06.27 19:35 B K:\sicherung_webserver_h10__072008\berti-golf.de\public_html\bertichile\villarica0201\_vti_cnf\villarica64.jpg --> bertigolfde.h1403220.stratoserver.net /public_html/bertichile/villarica0201/_vti_cnf villarica64.jpg
2008.06.27 19:35 B K:\sicherung_webserver_h10__072008\berti-golf.de\public_html\bertichile\villarica0201\_vti_cnf\villarica64_tn.jpg --> bertigolfde.h1403220.stratoserver.net /public_html/bertichile/villarica0201/_vti_cnf villarica64_tn.jpg
2008.06.27 19:35 B K:\sicherung_webserver_h10__072008\berti-golf.de\public_html\bertichile\villarica0201\_vti_cnf\villarica65.jpg --> bertigolfde.h1403220.stratoserver.net /public_html/bertichile/villarica0201/_vti_cnf villarica65.jpg
2008.06.27 19:35 B K:\sicherung_webserver_h10__072008\berti-golf.de\public_html\bertichile\villarica0201\_vti_cnf\villarica65_tn.jpg --> bertigolfde.h1403220.stratoserver.net /public_html/bertichile/villarica0201/_vti_cnf villarica65_tn.jpg
2008.06.27 19:35 B K:\sicherung_webserver_h10__072008\berti-golf.de\public_html\bertichile\villarica0201\_vti_cnf\villarica66.jpg --> bertigolfde.h1403220.stratoserver.net /public_html/bertichile/villarica0201/_vti_cnf villarica66.jpg
2008.06.27 19:35 B K:\sicherung_webserver_h10__072008\berti-golf.de\public_html\bertichile\villarica0201\_vti_cnf\villarica66_tn.jpg --> bertigolfde.h1403220.stratoserver.net /public_html/bertichile/villarica0201/_vti_cnf villarica66_tn.jpg
2008.06.27 19:35 B K:\sicherung_webserver_h10__072008\berti-golf.de\public_html\bertichile\villarica0201\_vti_cnf\villarica67.jpg --> bertigolfde.h1403220.stratoserver.net /public_html/bertichile/villarica0201/_vti_cnf villarica67.jpg
2008.06.27 19:35 B K:\sicherung_webserver_h10__072008\berti-golf.de\public_html\bertichile\villarica0201\_vti_cnf\villarica67_tn.jpg --> bertigolfde.h1403220.stratoserver.net /public_html/bertichile/villarica0201/_vti_cnf villarica67_tn.jpg
2008.06.27 19:35 B K:\sicherung_webserver_h10__072008\berti-golf.de\public_html\bertichile\villarica0201\_vti_cnf\villarica68.jpg --> bertigolfde.h1403220.stratoserver.net /public_html/bertichile/villarica0201/_vti_cnf villarica68.jpg
2008.06.27 19:35 B K:\sicherung_webserver_h10__072008\berti-golf.de\public_html\bertichile\villarica0201\_vti_cnf\villarica69.jpg --> bertigolfde.h1403220.stratoserver.net /public_html/bertichile/villarica0201/_vti_cnf villarica69.jpg
2008.06.27 19:35 B K:\sicherung_webserver_h10__072008\berti-golf.de\public_html\bertichile\villarica0201\_vti_cnf\villarica69_tn.jpg --> bertigolfde.h1403220.stratoserver.net /public_html/bertichile/villarica0201/_vti_cnf villarica69_tn.jpg
2008.06.27 19:35 B K:\sicherung_webserver_h10__072008\berti-golf.de\public_html\bertichile\villarica0201\_vti_cnf\villarica70.jpg --> bertigolfde.h1403220.stratoserver.net /public_html/bertichile/villarica0201/_vti_cnf villarica70.jpg
2008.06.27 19:35 B K:\sicherung_webserver_h10__072008\berti-golf.de\public_html\bertichile\villarica0201\_vti_cnf\villarica70_tn.jpg --> bertigolfde.h1403220.stratoserver.net /public_html/bertichile/villarica0201/_vti_cnf villarica70_tn.jpg
2008.06.27 19:35 B K:\sicherung_webserver_h10__072008\berti-golf.de\public_html\bertichile\villarica0201\_vti_cnf\villarica71.jpg --> bertigolfde.h1403220.stratoserver.net /public_html/bertichile/villarica0201/_vti_cnf villarica71.jpg
2008.06.27 19:35 B K:\sicherung_webserver_h10__072008\berti-golf.de\public_html\bertichile\villarica0201\_vti_cnf\villarica71_tn.jpg --> bertigolfde.h1403220.stratoserver.net /public_html/bertichile/villarica0201/_vti_cnf villarica71_tn.jpg
2008.06.27 19:35 B K:\sicherung_webserver_h10__072008\berti-golf.de\public_html\bertichile\villarica0201\_vti_cnf\villarica72.jpg --> bertigolfde.h1403220.stratoserver.net /public_html/bertichile/villarica0201/_vti_cnf villarica72.jpg
2008.06.27 19:35 B K:\sicherung_webserver_h10__072008\berti-golf.de\public_html\bertichile\villarica0201\_vti_cnf\villarica72_tn.jpg --> bertigolfde.h1403220.stratoserver.net /public_html/bertichile/villarica0201/_vti_cnf villarica72_tn.jpg
2008.06.27 19:35 B K:\sicherung_webserver_h10__072008\berti-golf.de\public_html\bertichile\villarica0201\_vti_cnf\villarica73.jpg --> bertigolfde.h1403220.stratoserver.net /public_html/bertichile/villarica0201/_vti_cnf villarica73.jpg
2008.06.27 19:35 B K:\sicherung_webserver_h10__072008\berti-golf.de\public_html\bertichile\villarica0201\_vti_cnf\villarica74.jpg --> bertigolfde.h1403220.stratoserver.net /public_html/bertichile/villarica0201/_vti_cnf villarica74.jpg
2008.06.27 19:35 B K:\sicherung_webserver_h10__072008\berti-golf.de\public_html\bertichile\villarica0201\_vti_cnf\villarica74_tn.jpg --> bertigolfde.h1403220.stratoserver.net /public_html/bertichile/villarica0201/_vti_cnf villarica74_tn.jpg
2008.06.27 19:35 B K:\sicherung_webserver_h10__072008\berti-golf.de\public_html\bertichile\villarica0201\_vti_cnf\villarica75.jpg --> bertigolfde.h1403220.stratoserver.net /public_html/bertichile/villarica0201/_vti_cnf villarica75.jpg
2008.06.27 19:35 B K:\sicherung_webserver_h10__072008\berti-golf.de\public_html\bertichile\villarica0201\_vti_cnf\villarica75_tn.jpg --> bertigolfde.h1403220.stratoserver.net /public_html/bertichile/villarica0201/_vti_cnf villarica75_tn.jpg
2008.06.27 19:35 B K:\sicherung_webserver_h10__072008\berti-golf.de\public_html\bertichile\villarica0201\_vti_cnf\villarica76.jpg --> bertigolfde.h1403220.stratoserver.net /public_html/bertichile/villarica0201/_vti_cnf villarica76.jpg
2008.06.27 19:35 B K:\sicherung_webserver_h10__072008\berti-golf.de\public_html\bertichile\villarica0201\_vti_cnf\villarica76_tn.jpg --> bertigolfde.h1403220.stratoserver.net /public_html/bertichile/villarica0201/_vti_cnf villarica76_tn.jpg
2008.06.27 19:35 B K:\sicherung_webserver_h10__072008\berti-golf.de\public_html\bertichile\villarica0201\_vti_cnf\villarica77.jpg --> bertigolfde.h1403220.stratoserver.net /public_html/bertichile/villarica0201/_vti_cnf villarica77.jpg
2008.06.27 19:35 B K:\sicherung_webserver_h10__072008\berti-golf.de\public_html\bertichile\villarica0201\_vti_cnf\villarica77_tn.jpg --> bertigolfde.h1403220.stratoserver.net /public_html/bertichile/villarica0201/_vti_cnf villarica77_tn.jpg
2008.06.27 19:35 B K:\sicherung_webserver_h10__072008\berti-golf.de\public_html\bertichile\villarica0201\_vti_cnf\villarica78.jpg --> bertigolfde.h1403220.stratoserver.net /public_html/bertichile/villarica0201/_vti_cnf villarica78.jpg
2008.06.27 19:35 B K:\sicherung_webserver_h10__072008\berti-golf.de\public_html\bertichile\villarica0201\_vti_cnf\villarica79.jpg --> bertigolfde.h1403220.stratoserver.net /public_html/bertichile/villarica0201/_vti_cnf villarica79.jpg
2008.06.27 19:35 B K:\sicherung_webserver_h10__072008\berti-golf.de\public_html\bertichile\villarica0201\_vti_cnf\villarica80.jpg --> bertigolfde.h1403220.stratoserver.net /public_html/bertichile/villarica0201/_vti_cnf villarica80.jpg
2008.06.27 19:35 B K:\sicherung_webserver_h10__072008\berti-golf.de\public_html\bertichile\villarica0201\_vti_cnf\villarica80_tn.jpg --> bertigolfde.h1403220.stratoserver.net /public_html/bertichile/villarica0201/_vti_cnf villarica80_tn.jpg
2008.06.27 19:35 B K:\sicherung_webserver_h10__072008\berti-golf.de\public_html\bertichile\villarica0201\_vti_cnf\villarica81.jpg --> bertigolfde.h1403220.stratoserver.net /public_html/bertichile/villarica0201/_vti_cnf villarica81.jpg
2008.06.27 19:35 B K:\sicherung_webserver_h10__072008\berti-golf.de\public_html\bertichile\villarica0201\_vti_cnf\villarica81_tn.jpg --> bertigolfde.h1403220.stratoserver.net /public_html/bertichile/villarica0201/_vti_cnf villarica81_tn.jpg
2008.06.27 19:35 B K:\sicherung_webserver_h10__072008\berti-golf.de\public_html\bertichile\villarica0201\_vti_cnf\villarica82.jpg --> bertigolfde.h1403220.stratoserver.net /public_html/bertichile/villarica0201/_vti_cnf villarica82.jpg
2008.06.27 19:35 B K:\sicherung_webserver_h10__072008\berti-golf.de\public_html\bertichile\villarica0201\_vti_cnf\villarica83.jpg --> bertigolfde.h1403220.stratoserver.net /public_html/bertichile/villarica0201/_vti_cnf villarica83.jpg
2008.06.27 19:35 B K:\sicherung_webserver_h10__072008\berti-golf.de\public_html\bertichile\villarica0201\_vti_cnf\villarica83_tn.jpg --> bertigolfde.h1403220.stratoserver.net /public_html/bertichile/villarica0201/_vti_cnf villarica83_tn.jpg
2008.06.27 19:35 B K:\sicherung_webserver_h10__072008\berti-golf.de\public_html\bertichile\villarica0201\_vti_cnf\villarica84.jpg --> bertigolfde.h1403220.stratoserver.net /public_html/bertichile/villarica0201/_vti_cnf villarica84.jpg
2008.06.27 19:35 B K:\sicherung_webserver_h10__072008\berti-golf.de\public_html\bertichile\villarica0201\_vti_cnf\villarica84_tn.jpg --> bertigolfde.h1403220.stratoserver.net /public_html/bertichile/villarica0201/_vti_cnf villarica84_tn.jpg
2008.06.27 19:35 B K:\sicherung_webserver_h10__072008\berti-golf.de\public_html\bertichile\villarica0201\_vti_cnf\villarica85.jpg --> bertigolfde.h1403220.stratoserver.net /public_html/bertichile/villarica0201/_vti_cnf villarica85.jpg
2008.06.27 19:35 B K:\sicherung_webserver_h10__072008\berti-golf.de\public_html\bertichile\villarica0201\_vti_cnf\villarica85_tn.jpg --> bertigolfde.h1403220.stratoserver.net /public_html/bertichile/villarica0201/_vti_cnf villarica85_tn.jpg
2008.06.27 19:35 B K:\sicherung_webserver_h10__072008\berti-golf.de\public_html\bertichile\villarica0201\_vti_cnf\villarica86.jpg --> bertigolfde.h1403220.stratoserver.net /public_html/bertichile/villarica0201/_vti_cnf villarica86.jpg
2008.06.27 19:35 B K:\sicherung_webserver_h10__072008\berti-golf.de\public_html\bertichile\villarica0201\_vti_cnf\villarica86_tn.jpg --> bertigolfde.h1403220.stratoserver.net /public_html/bertichile/villarica0201/_vti_cnf villarica86_tn.jpg
2008.06.27 19:35 B K:\sicherung_webserver_h10__072008\berti-golf.de\public_html\bertichile\villarica0201\_vti_cnf\villarica87.jpg --> bertigolfde.h1403220.stratoserver.net /public_html/bertichile/villarica0201/_vti_cnf villarica87.jpg
2008.06.27 19:35 B K:\sicherung_webserver_h10__072008\berti-golf.de\public_html\bertichile\villarica0201\_vti_cnf\villarica87_tn.jpg --> bertigolfde.h1403220.stratoserver.net /public_html/bertichile/villarica0201/_vti_cnf villarica87_tn.jpg
2008.06.27 19:35 B K:\sicherung_webserver_h10__072008\berti-golf.de\public_html\bertichile\villarica0201\_vti_cnf\villarica88.jpg --> bertigolfde.h1403220.stratoserver.net /public_html/bertichile/villarica0201/_vti_cnf villarica88.jpg
2008.06.27 19:35 B K:\sicherung_webserver_h10__072008\berti-golf.de\public_html\bertichile\villarica0201\_vti_cnf\villarica89.jpg --> bertigolfde.h1403220.stratoserver.net /public_html/bertichile/villarica0201/_vti_cnf villarica89.jpg
2008.06.27 19:35 B K:\sicherung_webserver_h10__072008\berti-golf.de\public_html\bertichile\villarica0201\_vti_cnf\villarica90.jpg --> bertigolfde.h1403220.stratoserver.net /public_html/bertichile/villarica0201/_vti_cnf villarica90.jpg
2008.06.27 19:35 B K:\sicherung_webserver_h10__072008\berti-golf.de\public_html\bertichile\villarica0201\_vti_cnf\villarica90_tn.jpg --> bertigolfde.h1403220.stratoserver.net /public_html/bertichile/villarica0201/_vti_cnf villarica90_tn.jpg
2009.05.01 07:24 B Z:\home\Berti\public_html\www.berti-golf.de\bertichile\villarica0201\_vti_cnf\WS_FTP.LOG <-- bertigolfde.h1403220.stratoserver.net /public_html/bertichile/villarica0201/_vti_cnf WS_FTP.LOG
2009.12.08 18:08 B Z:\home\Berti\public_html\www.berti-golf.de\bertichile\villarica0201\_vti_cnf\villarica.html --> h1667152.stratoserver.net /httpdocs/bertichile/villarica0201/_vti_cnf villarica.html
2009.12.08 18:08 B Z:\home\Berti\public_html\www.berti-golf.de\bertichile\villarica0201\_vti_cnf\villarica01.jpg --> h1667152.stratoserver.net /httpdocs/bertichile/villarica0201/_vti_cnf villarica01.jpg
2009.12.08 18:08 B Z:\home\Berti\public_html\www.berti-golf.de\bertichile\villarica0201\_vti_cnf\villarica01_tn.jpg --> h1667152.stratoserver.net /httpdocs/bertichile/villarica0201/_vti_cnf villarica01_tn.jpg
2009.12.08 18:08 B Z:\home\Berti\public_html\www.berti-golf.de\bertichile\villarica0201\_vti_cnf\villarica02.jpg --> h1667152.stratoserver.net /httpdocs/bertichile/villarica0201/_vti_cnf villarica02.jpg
2009.12.08 18:08 B Z:\home\Berti\public_html\www.berti-golf.de\bertichile\villarica0201\_vti_cnf\villarica02_tn.jpg --> h1667152.stratoserver.net /httpdocs/bertichile/villarica0201/_vti_cnf villarica02_tn.jpg
2009.12.08 18:08 B Z:\home\Berti\public_html\www.berti-golf.de\bertichile\villarica0201\_vti_cnf\villarica03.jpg --> h1667152.stratoserver.net /httpdocs/bertichile/villarica0201/_vti_cnf villarica03.jpg
2009.12.08 18:08 B Z:\home\Berti\public_html\www.berti-golf.de\bertichile\villarica0201\_vti_cnf\villarica04.jpg --> h1667152.stratoserver.net /httpdocs/bertichile/villarica0201/_vti_cnf villarica04.jpg
2009.12.08 18:08 B Z:\home\Berti\public_html\www.berti-golf.de\bertichile\villarica0201\_vti_cnf\villarica04_tn.jpg --> h1667152.stratoserver.net /httpdocs/bertichile/villarica0201/_vti_cnf villarica04_tn.jpg
2009.12.08 18:08 B Z:\home\Berti\public_html\www.berti-golf.de\bertichile\villarica0201\_vti_cnf\villarica05.jpg --> h1667152.stratoserver.net /httpdocs/bertichile/villarica0201/_vti_cnf villarica05.jpg
2009.12.08 18:08 B Z:\home\Berti\public_html\www.berti-golf.de\bertichile\villarica0201\_vti_cnf\villarica05_tn.jpg --> h1667152.stratoserver.net /httpdocs/bertichile/villarica0201/_vti_cnf villarica05_tn.jpg
2009.12.08 18:08 B Z:\home\Berti\public_html\www.berti-golf.de\bertichile\villarica0201\_vti_cnf\villarica06.jpg --> h1667152.stratoserver.net /httpdocs/bertichile/villarica0201/_vti_cnf villarica06.jpg
2009.12.08 18:08 B Z:\home\Berti\public_html\www.berti-golf.de\bertichile\villarica0201\_vti_cnf\villarica07.jpg --> h1667152.stratoserver.net /httpdocs/bertichile/villarica0201/_vti_cnf villarica07.jpg
2009.12.08 18:08 B Z:\home\Berti\public_html\www.berti-golf.de\bertichile\villarica0201\_vti_cnf\villarica08.jpg --> h1667152.stratoserver.net /httpdocs/bertichile/villarica0201/_vti_cnf villarica08.jpg
2009.12.08 18:08 B Z:\home\Berti\public_html\www.berti-golf.de\bertichile\villarica0201\_vti_cnf\villarica08_tn.jpg --> h1667152.stratoserver.net /httpdocs/bertichile/villarica0201/_vti_cnf villarica08_tn.jpg
2009.12.08 18:08 B Z:\home\Berti\public_html\www.berti-golf.de\bertichile\villarica0201\_vti_cnf\villarica09.jpg --> h1667152.stratoserver.net /httpdocs/bertichile/villarica0201/_vti_cnf villarica09.jpg
2009.12.08 18:08 B Z:\home\Berti\public_html\www.berti-golf.de\bertichile\villarica0201\_vti_cnf\villarica10.jpg --> h1667152.stratoserver.net /httpdocs/bertichile/villarica0201/_vti_cnf villarica10.jpg
2009.12.08 18:08 B Z:\home\Berti\public_html\www.berti-golf.de\bertichile\villarica0201\_vti_cnf\villarica11.jpg --> h1667152.stratoserver.net /httpdocs/bertichile/villarica0201/_vti_cnf villarica11.jpg
2009.12.08 18:08 B Z:\home\Berti\public_html\www.berti-golf.de\bertichile\villarica0201\_vti_cnf\villarica11_tn.jpg --> h1667152.stratoserver.net /httpdocs/bertichile/villarica0201/_vti_cnf villarica11_tn.jpg
2009.12.08 18:08 B Z:\home\Berti\public_html\www.berti-golf.de\bertichile\villarica0201\_vti_cnf\villarica12.jpg --> h1667152.stratoserver.net /httpdocs/bertichile/villarica0201/_vti_cnf villarica12.jpg
2009.12.08 18:08 B Z:\home\Berti\public_html\www.berti-golf.de\bertichile\villarica0201\_vti_cnf\villarica12_tn.jpg --> h1667152.stratoserver.net /httpdocs/bertichile/villarica0201/_vti_cnf villarica12_tn.jpg
2009.12.08 18:08 B Z:\home\Berti\public_html\www.berti-golf.de\bertichile\villarica0201\_vti_cnf\villarica13.jpg --> h1667152.stratoserver.net /httpdocs/bertichile/villarica0201/_vti_cnf villarica13.jpg
2009.12.08 18:08 B Z:\home\Berti\public_html\www.berti-golf.de\bertichile\villarica0201\_vti_cnf\villarica14.jpg --> h1667152.stratoserver.net /httpdocs/bertichile/villarica0201/_vti_cnf villarica14.jpg
2009.12.08 18:08 B Z:\home\Berti\public_html\www.berti-golf.de\bertichile\villarica0201\_vti_cnf\villarica15.jpg --> h1667152.stratoserver.net /httpdocs/bertichile/villarica0201/_vti_cnf villarica15.jpg
2009.12.08 18:08 B Z:\home\Berti\public_html\www.berti-golf.de\bertichile\villarica0201\_vti_cnf\villarica15_tn.jpg --> h1667152.stratoserver.net /httpdocs/bertichile/villarica0201/_vti_cnf villarica15_tn.jpg
2009.12.08 18:08 B Z:\home\Berti\public_html\www.berti-golf.de\bertichile\villarica0201\_vti_cnf\villarica16.jpg --> h1667152.stratoserver.net /httpdocs/bertichile/villarica0201/_vti_cnf villarica16.jpg
2009.12.08 18:09 B Z:\home\Berti\public_html\www.berti-golf.de\bertichile\villarica0201\_vti_cnf\villarica16_tn.jpg --> h1667152.stratoserver.net /httpdocs/bertichile/villarica0201/_vti_cnf villarica16_tn.jpg
2009.12.08 18:09 B Z:\home\Berti\public_html\www.berti-golf.de\bertichile\villarica0201\_vti_cnf\villarica17.jpg --> h1667152.stratoserver.net /httpdocs/bertichile/villarica0201/_vti_cnf villarica17.jpg
2009.12.08 18:09 B Z:\home\Berti\public_html\www.berti-golf.de\bertichile\villarica0201\_vti_cnf\villarica18.jpg --> h1667152.stratoserver.net /httpdocs/bertichile/villarica0201/_vti_cnf villarica18.jpg
2009.12.08 18:09 B Z:\home\Berti\public_html\www.berti-golf.de\bertichile\villarica0201\_vti_cnf\villarica19.jpg --> h1667152.stratoserver.net /httpdocs/bertichile/villarica0201/_vti_cnf villarica19.jpg
2009.12.08 18:09 B Z:\home\Berti\public_html\www.berti-golf.de\bertichile\villarica0201\_vti_cnf\villarica19_tn.jpg --> h1667152.stratoserver.net /httpdocs/bertichile/villarica0201/_vti_cnf villarica19_tn.jpg
2009.12.08 18:09 B Z:\home\Berti\public_html\www.berti-golf.de\bertichile\villarica0201\_vti_cnf\villarica20.jpg --> h1667152.stratoserver.net /httpdocs/bertichile/villarica0201/_vti_cnf villarica20.jpg
2009.12.08 18:09 B Z:\home\Berti\public_html\www.berti-golf.de\bertichile\villarica0201\_vti_cnf\villarica21.jpg --> h1667152.stratoserver.net /httpdocs/bertichile/villarica0201/_vti_cnf villarica21.jpg
2009.12.08 18:09 B Z:\home\Berti\public_html\www.berti-golf.de\bertichile\villarica0201\_vti_cnf\villarica22.jpg --> h1667152.stratoserver.net /httpdocs/bertichile/villarica0201/_vti_cnf villarica22.jpg
2009.12.08 18:09 B Z:\home\Berti\public_html\www.berti-golf.de\bertichile\villarica0201\_vti_cnf\villarica22_tn.jpg --> h1667152.stratoserver.net /httpdocs/bertichile/villarica0201/_vti_cnf villarica22_tn.jpg
2009.12.08 18:09 B Z:\home\Berti\public_html\www.berti-golf.de\bertichile\villarica0201\_vti_cnf\villarica23.jpg --> h1667152.stratoserver.net /httpdocs/bertichile/villarica0201/_vti_cnf villarica23.jpg
2009.12.08 18:09 B Z:\home\Berti\public_html\www.berti-golf.de\bertichile\villarica0201\_vti_cnf\villarica23_tn.jpg --> h1667152.stratoserver.net /httpdocs/bertichile/villarica0201/_vti_cnf villarica23_tn.jpg
2009.12.08 18:09 B Z:\home\Berti\public_html\www.berti-golf.de\bertichile\villarica0201\_vti_cnf\villarica24.jpg --> h1667152.stratoserver.net /httpdocs/bertichile/villarica0201/_vti_cnf villarica24.jpg
2009.12.08 18:09 B Z:\home\Berti\public_html\www.berti-golf.de\bertichile\villarica0201\_vti_cnf\villarica25.jpg --> h1667152.stratoserver.net /httpdocs/bertichile/villarica0201/_vti_cnf villarica25.jpg
2009.12.08 18:09 B Z:\home\Berti\public_html\www.berti-golf.de\bertichile\villarica0201\_vti_cnf\villarica25_tn.jpg --> h1667152.stratoserver.net /httpdocs/bertichile/villarica0201/_vti_cnf villarica25_tn.jpg
2009.12.08 18:09 B Z:\home\Berti\public_html\www.berti-golf.de\bertichile\villarica0201\_vti_cnf\villarica26.jpg --> h1667152.stratoserver.net /httpdocs/bertichile/villarica0201/_vti_cnf villarica26.jpg
2009.12.08 18:09 B Z:\home\Berti\public_html\www.berti-golf.de\bertichile\villarica0201\_vti_cnf\villarica26_tn.jpg --> h1667152.stratoserver.net /httpdocs/bertichile/villarica0201/_vti_cnf villarica26_tn.jpg
2009.12.08 18:09 B Z:\home\Berti\public_html\www.berti-golf.de\bertichile\villarica0201\_vti_cnf\villarica27.jpg --> h1667152.stratoserver.net /httpdocs/bertichile/villarica0201/_vti_cnf villarica27.jpg
2009.12.08 18:09 B Z:\home\Berti\public_html\www.berti-golf.de\bertichile\villarica0201\_vti_cnf\villarica28.jpg --> h1667152.stratoserver.net /httpdocs/bertichile/villarica0201/_vti_cnf villarica28.jpg
2009.12.08 18:09 B Z:\home\Berti\public_html\www.berti-golf.de\bertichile\villarica0201\_vti_cnf\villarica28_tn.jpg --> h1667152.stratoserver.net /httpdocs/bertichile/villarica0201/_vti_cnf villarica28_tn.jpg
2009.12.08 18:09 B Z:\home\Berti\public_html\www.berti-golf.de\bertichile\villarica0201\_vti_cnf\villarica29.jpg --> h1667152.stratoserver.net /httpdocs/bertichile/villarica0201/_vti_cnf villarica29.jpg
2009.12.08 18:09 B Z:\home\Berti\public_html\www.berti-golf.de\bertichile\villarica0201\_vti_cnf\villarica30.jpg --> h1667152.stratoserver.net /httpdocs/bertichile/villarica0201/_vti_cnf villarica30.jpg
2009.12.08 18:09 B Z:\home\Berti\public_html\www.berti-golf.de\bertichile\villarica0201\_vti_cnf\villarica30_tn.jpg --> h1667152.stratoserver.net /httpdocs/bertichile/villarica0201/_vti_cnf villarica30_tn.jpg
2009.12.08 18:09 B Z:\home\Berti\public_html\www.berti-golf.de\bertichile\villarica0201\_vti_cnf\villarica31.jpg --> h1667152.stratoserver.net /httpdocs/bertichile/villarica0201/_vti_cnf villarica31.jpg
2009.12.08 18:09 B Z:\home\Berti\public_html\www.berti-golf.de\bertichile\villarica0201\_vti_cnf\villarica31_tn.jpg --> h1667152.stratoserver.net /httpdocs/bertichile/villarica0201/_vti_cnf villarica31_tn.jpg
2009.12.08 18:09 B Z:\home\Berti\public_html\www.berti-golf.de\bertichile\villarica0201\_vti_cnf\villarica32.jpg --> h1667152.stratoserver.net /httpdocs/bertichile/villarica0201/_vti_cnf villarica32.jpg
2009.12.08 18:09 B Z:\home\Berti\public_html\www.berti-golf.de\bertichile\villarica0201\_vti_cnf\villarica33.jpg --> h1667152.stratoserver.net /httpdocs/bertichile/villarica0201/_vti_cnf villarica33.jpg
2009.12.08 18:09 B Z:\home\Berti\public_html\www.berti-golf.de\bertichile\villarica0201\_vti_cnf\villarica34.jpg --> h1667152.stratoserver.net /httpdocs/bertichile/villarica0201/_vti_cnf villarica34.jpg
2009.12.08 18:09 B Z:\home\Berti\public_html\www.berti-golf.de\bertichile\villarica0201\_vti_cnf\villarica34_tn.jpg --> h1667152.stratoserver.net /httpdocs/bertichile/villarica0201/_vti_cnf villarica34_tn.jpg
2009.12.08 18:09 B Z:\home\Berti\public_html\www.berti-golf.de\bertichile\villarica0201\_vti_cnf\villarica35.jpg --> h1667152.stratoserver.net /httpdocs/bertichile/villarica0201/_vti_cnf villarica35.jpg
2009.12.08 18:09 B Z:\home\Berti\public_html\www.berti-golf.de\bertichile\villarica0201\_vti_cnf\villarica35_tn.jpg --> h1667152.stratoserver.net /httpdocs/bertichile/villarica0201/_vti_cnf villarica35_tn.jpg
2009.12.08 18:09 B Z:\home\Berti\public_html\www.berti-golf.de\bertichile\villarica0201\_vti_cnf\villarica36.jpg --> h1667152.stratoserver.net /httpdocs/bertichile/villarica0201/_vti_cnf villarica36.jpg
2009.12.08 18:09 B Z:\home\Berti\public_html\www.berti-golf.de\bertichile\villarica0201\_vti_cnf\villarica36_tn.jpg --> h1667152.stratoserver.net /httpdocs/bertichile/villarica0201/_vti_cnf villarica36_tn.jpg
2009.12.08 18:09 B Z:\home\Berti\public_html\www.berti-golf.de\bertichile\villarica0201\_vti_cnf\villarica37.jpg --> h1667152.stratoserver.net /httpdocs/bertichile/villarica0201/_vti_cnf villarica37.jpg
2009.12.08 18:09 B Z:\home\Berti\public_html\www.berti-golf.de\bertichile\villarica0201\_vti_cnf\villarica37_tn.jpg --> h1667152.stratoserver.net /httpdocs/bertichile/villarica0201/_vti_cnf villarica37_tn.jpg
2009.12.08 18:09 B Z:\home\Berti\public_html\www.berti-golf.de\bertichile\villarica0201\_vti_cnf\villarica38.jpg --> h1667152.stratoserver.net /httpdocs/bertichile/villarica0201/_vti_cnf villarica38.jpg
2009.12.08 18:09 B Z:\home\Berti\public_html\www.berti-golf.de\bertichile\villarica0201\_vti_cnf\villarica39.jpg --> h1667152.stratoserver.net /httpdocs/bertichile/villarica0201/_vti_cnf villarica39.jpg
2009.12.08 18:09 B Z:\home\Berti\public_html\www.berti-golf.de\bertichile\villarica0201\_vti_cnf\villarica39_tn.jpg --> h1667152.stratoserver.net /httpdocs/bertichile/villarica0201/_vti_cnf villarica39_tn.jpg
2009.12.08 18:09 B Z:\home\Berti\public_html\www.berti-golf.de\bertichile\villarica0201\_vti_cnf\villarica40.jpg --> h1667152.stratoserver.net /httpdocs/bertichile/villarica0201/_vti_cnf villarica40.jpg
2009.12.08 18:09 B Z:\home\Berti\public_html\www.berti-golf.de\bertichile\villarica0201\_vti_cnf\villarica40_tn.jpg --> h1667152.stratoserver.net /httpdocs/bertichile/villarica0201/_vti_cnf villarica40_tn.jpg
2009.12.08 18:09 B Z:\home\Berti\public_html\www.berti-golf.de\bertichile\villarica0201\_vti_cnf\villarica41.jpg --> h1667152.stratoserver.net /httpdocs/bertichile/villarica0201/_vti_cnf villarica41.jpg
2009.12.08 18:09 B Z:\home\Berti\public_html\www.berti-golf.de\bertichile\villarica0201\_vti_cnf\villarica41_tn.jpg --> h1667152.stratoserver.net /httpdocs/bertichile/villarica0201/_vti_cnf villarica41_tn.jpg
2009.12.08 18:09 B Z:\home\Berti\public_html\www.berti-golf.de\bertichile\villarica0201\_vti_cnf\villarica42.jpg --> h1667152.stratoserver.net /httpdocs/bertichile/villarica0201/_vti_cnf villarica42.jpg
2009.12.08 18:09 B Z:\home\Berti\public_html\www.berti-golf.de\bertichile\villarica0201\_vti_cnf\villarica42_tn.jpg --> h1667152.stratoserver.net /httpdocs/bertichile/villarica0201/_vti_cnf villarica42_tn.jpg
2009.12.08 18:09 B Z:\home\Berti\public_html\www.berti-golf.de\bertichile\villarica0201\_vti_cnf\villarica43.jpg --> h1667152.stratoserver.net /httpdocs/bertichile/villarica0201/_vti_cnf villarica43.jpg
2009.12.08 18:09 B Z:\home\Berti\public_html\www.berti-golf.de\bertichile\villarica0201\_vti_cnf\villarica43_tn.jpg --> h1667152.stratoserver.net /httpdocs/bertichile/villarica0201/_vti_cnf villarica43_tn.jpg
2009.12.08 18:09 B Z:\home\Berti\public_html\www.berti-golf.de\bertichile\villarica0201\_vti_cnf\villarica44.jpg --> h1667152.stratoserver.net /httpdocs/bertichile/villarica0201/_vti_cnf villarica44.jpg
2009.12.08 18:09 B Z:\home\Berti\public_html\www.berti-golf.de\bertichile\villarica0201\_vti_cnf\villarica44_tn.jpg --> h1667152.stratoserver.net /httpdocs/bertichile/villarica0201/_vti_cnf villarica44_tn.jpg
2009.12.08 18:09 B Z:\home\Berti\public_html\www.berti-golf.de\bertichile\villarica0201\_vti_cnf\villarica45.jpg --> h1667152.stratoserver.net /httpdocs/bertichile/villarica0201/_vti_cnf villarica45.jpg
2009.12.08 18:09 B Z:\home\Berti\public_html\www.berti-golf.de\bertichile\villarica0201\_vti_cnf\villarica45_tn.jpg --> h1667152.stratoserver.net /httpdocs/bertichile/villarica0201/_vti_cnf villarica45_tn.jpg
2009.12.08 18:09 B Z:\home\Berti\public_html\www.berti-golf.de\bertichile\villarica0201\_vti_cnf\villarica46.jpg --> h1667152.stratoserver.net /httpdocs/bertichile/villarica0201/_vti_cnf villarica46.jpg
2009.12.08 18:09 B Z:\home\Berti\public_html\www.berti-golf.de\bertichile\villarica0201\_vti_cnf\villarica46_tn.jpg --> h1667152.stratoserver.net /httpdocs/bertichile/villarica0201/_vti_cnf villarica46_tn.jpg
2009.12.08 18:09 B Z:\home\Berti\public_html\www.berti-golf.de\bertichile\villarica0201\_vti_cnf\villarica47.jpg --> h1667152.stratoserver.net /httpdocs/bertichile/villarica0201/_vti_cnf villarica47.jpg
2009.12.08 18:09 B Z:\home\Berti\public_html\www.berti-golf.de\bertichile\villarica0201\_vti_cnf\villarica48.jpg --> h1667152.stratoserver.net /httpdocs/bertichile/villarica0201/_vti_cnf villarica48.jpg
2009.12.08 18:09 B Z:\home\Berti\public_html\www.berti-golf.de\bertichile\villarica0201\_vti_cnf\villarica48_tn.jpg --> h1667152.stratoserver.net /httpdocs/bertichile/villarica0201/_vti_cnf villarica48_tn.jpg
2009.12.08 18:09 B Z:\home\Berti\public_html\www.berti-golf.de\bertichile\villarica0201\_vti_cnf\villarica49.jpg --> h1667152.stratoserver.net /httpdocs/bertichile/villarica0201/_vti_cnf villarica49.jpg
2009.12.08 18:09 B Z:\home\Berti\public_html\www.berti-golf.de\bertichile\villarica0201\_vti_cnf\villarica49_tn.jpg --> h1667152.stratoserver.net /httpdocs/bertichile/villarica0201/_vti_cnf villarica49_tn.jpg
2009.12.08 18:09 B Z:\home\Berti\public_html\www.berti-golf.de\bertichile\villarica0201\_vti_cnf\villarica50.jpg --> h1667152.stratoserver.net /httpdocs/bertichile/villarica0201/_vti_cnf villarica50.jpg
2009.12.08 18:09 B Z:\home\Berti\public_html\www.berti-golf.de\bertichile\villarica0201\_vti_cnf\villarica50_tn.jpg --> h1667152.stratoserver.net /httpdocs/bertichile/villarica0201/_vti_cnf villarica50_tn.jpg
2009.12.08 18:09 B Z:\home\Berti\public_html\www.berti-golf.de\bertichile\villarica0201\_vti_cnf\villarica51.jpg --> h1667152.stratoserver.net /httpdocs/bertichile/villarica0201/_vti_cnf villarica51.jpg
2009.12.08 18:09 B Z:\home\Berti\public_html\www.berti-golf.de\bertichile\villarica0201\_vti_cnf\villarica51_tn.jpg --> h1667152.stratoserver.net /httpdocs/bertichile/villarica0201/_vti_cnf villarica51_tn.jpg
2009.12.08 18:09 B Z:\home\Berti\public_html\www.berti-golf.de\bertichile\villarica0201\_vti_cnf\villarica52.jpg --> h1667152.stratoserver.net /httpdocs/bertichile/villarica0201/_vti_cnf villarica52.jpg
2009.12.08 18:09 B Z:\home\Berti\public_html\www.berti-golf.de\bertichile\villarica0201\_vti_cnf\villarica52_tn.jpg --> h1667152.stratoserver.net /httpdocs/bertichile/villarica0201/_vti_cnf villarica52_tn.jpg
2009.12.08 18:09 B Z:\home\Berti\public_html\www.berti-golf.de\bertichile\villarica0201\_vti_cnf\villarica53.jpg --> h1667152.stratoserver.net /httpdocs/bertichile/villarica0201/_vti_cnf villarica53.jpg
2009.12.08 18:09 B Z:\home\Berti\public_html\www.berti-golf.de\bertichile\villarica0201\_vti_cnf\villarica54.jpg --> h1667152.stratoserver.net /httpdocs/bertichile/villarica0201/_vti_cnf villarica54.jpg
2009.12.08 18:09 B Z:\home\Berti\public_html\www.berti-golf.de\bertichile\villarica0201\_vti_cnf\villarica55.jpg --> h1667152.stratoserver.net /httpdocs/bertichile/villarica0201/_vti_cnf villarica55.jpg
2009.12.08 18:09 B Z:\home\Berti\public_html\www.berti-golf.de\bertichile\villarica0201\_vti_cnf\villarica55_tn.jpg --> h1667152.stratoserver.net /httpdocs/bertichile/villarica0201/_vti_cnf villarica55_tn.jpg
2009.12.08 18:09 B Z:\home\Berti\public_html\www.berti-golf.de\bertichile\villarica0201\_vti_cnf\villarica56.jpg --> h1667152.stratoserver.net /httpdocs/bertichile/villarica0201/_vti_cnf villarica56.jpg
2009.12.08 18:09 B Z:\home\Berti\public_html\www.berti-golf.de\bertichile\villarica0201\_vti_cnf\villarica57.jpg --> h1667152.stratoserver.net /httpdocs/bertichile/villarica0201/_vti_cnf villarica57.jpg
2009.12.08 18:09 B Z:\home\Berti\public_html\www.berti-golf.de\bertichile\villarica0201\_vti_cnf\villarica58.jpg --> h1667152.stratoserver.net /httpdocs/bertichile/villarica0201/_vti_cnf villarica58.jpg
2009.12.08 18:09 B Z:\home\Berti\public_html\www.berti-golf.de\bertichile\villarica0201\_vti_cnf\villarica59.jpg --> h1667152.stratoserver.net /httpdocs/bertichile/villarica0201/_vti_cnf villarica59.jpg
2009.12.08 18:09 B Z:\home\Berti\public_html\www.berti-golf.de\bertichile\villarica0201\_vti_cnf\villarica59_tn.jpg --> h1667152.stratoserver.net /httpdocs/bertichile/villarica0201/_vti_cnf villarica59_tn.jpg
2009.12.08 18:09 B Z:\home\Berti\public_html\www.berti-golf.de\bertichile\villarica0201\_vti_cnf\villarica60.jpg --> h1667152.stratoserver.net /httpdocs/bertichile/villarica0201/_vti_cnf villarica60.jpg
2009.12.08 18:09 B Z:\home\Berti\public_html\www.berti-golf.de\bertichile\villarica0201\_vti_cnf\villarica60_tn.jpg --> h1667152.stratoserver.net /httpdocs/bertichile/villarica0201/_vti_cnf villarica60_tn.jpg
2009.12.08 18:09 B Z:\home\Berti\public_html\www.berti-golf.de\bertichile\villarica0201\_vti_cnf\villarica61.jpg --> h1667152.stratoserver.net /httpdocs/bertichile/villarica0201/_vti_cnf villarica61.jpg
2009.12.08 18:09 B Z:\home\Berti\public_html\www.berti-golf.de\bertichile\villarica0201\_vti_cnf\villarica61_tn.jpg --> h1667152.stratoserver.net /httpdocs/bertichile/villarica0201/_vti_cnf villarica61_tn.jpg
2009.12.08 18:09 B Z:\home\Berti\public_html\www.berti-golf.de\bertichile\villarica0201\_vti_cnf\villarica62.jpg --> h1667152.stratoserver.net /httpdocs/bertichile/villarica0201/_vti_cnf villarica62.jpg
2009.12.08 18:09 B Z:\home\Berti\public_html\www.berti-golf.de\bertichile\villarica0201\_vti_cnf\villarica62_tn.jpg --> h1667152.stratoserver.net /httpdocs/bertichile/villarica0201/_vti_cnf villarica62_tn.jpg
2009.12.08 18:09 B Z:\home\Berti\public_html\www.berti-golf.de\bertichile\villarica0201\_vti_cnf\villarica63.jpg --> h1667152.stratoserver.net /httpdocs/bertichile/villarica0201/_vti_cnf villarica63.jpg
2009.12.08 18:09 B Z:\home\Berti\public_html\www.berti-golf.de\bertichile\villarica0201\_vti_cnf\villarica64.jpg --> h1667152.stratoserver.net /httpdocs/bertichile/villarica0201/_vti_cnf villarica64.jpg
2009.12.08 18:09 B Z:\home\Berti\public_html\www.berti-golf.de\bertichile\villarica0201\_vti_cnf\villarica64_tn.jpg --> h1667152.stratoserver.net /httpdocs/bertichile/villarica0201/_vti_cnf villarica64_tn.jpg
2009.12.08 18:09 B Z:\home\Berti\public_html\www.berti-golf.de\bertichile\villarica0201\_vti_cnf\villarica65.jpg --> h1667152.stratoserver.net /httpdocs/bertichile/villarica0201/_vti_cnf villarica65.jpg
2009.12.08 18:09 B Z:\home\Berti\public_html\www.berti-golf.de\bertichile\villarica0201\_vti_cnf\villarica65_tn.jpg --> h1667152.stratoserver.net /httpdocs/bertichile/villarica0201/_vti_cnf villarica65_tn.jpg
2009.12.08 18:09 B Z:\home\Berti\public_html\www.berti-golf.de\bertichile\villarica0201\_vti_cnf\villarica66.jpg --> h1667152.stratoserver.net /httpdocs/bertichile/villarica0201/_vti_cnf villarica66.jpg
2009.12.08 18:09 B Z:\home\Berti\public_html\www.berti-golf.de\bertichile\villarica0201\_vti_cnf\villarica66_tn.jpg --> h1667152.stratoserver.net /httpdocs/bertichile/villarica0201/_vti_cnf villarica66_tn.jpg
2009.12.08 18:09 B Z:\home\Berti\public_html\www.berti-golf.de\bertichile\villarica0201\_vti_cnf\villarica67.jpg --> h1667152.stratoserver.net /httpdocs/bertichile/villarica0201/_vti_cnf villarica67.jpg
2009.12.08 18:09 B Z:\home\Berti\public_html\www.berti-golf.de\bertichile\villarica0201\_vti_cnf\villarica67_tn.jpg --> h1667152.stratoserver.net /httpdocs/bertichile/villarica0201/_vti_cnf villarica67_tn.jpg
2009.12.08 18:09 B Z:\home\Berti\public_html\www.berti-golf.de\bertichile\villarica0201\_vti_cnf\villarica68.jpg --> h1667152.stratoserver.net /httpdocs/bertichile/villarica0201/_vti_cnf villarica68.jpg
2009.12.08 18:09 B Z:\home\Berti\public_html\www.berti-golf.de\bertichile\villarica0201\_vti_cnf\villarica69.jpg --> h1667152.stratoserver.net /httpdocs/bertichile/villarica0201/_vti_cnf villarica69.jpg
2009.12.08 18:09 B Z:\home\Berti\public_html\www.berti-golf.de\bertichile\villarica0201\_vti_cnf\villarica69_tn.jpg --> h1667152.stratoserver.net /httpdocs/bertichile/villarica0201/_vti_cnf villarica69_tn.jpg
2009.12.08 18:09 B Z:\home\Berti\public_html\www.berti-golf.de\bertichile\villarica0201\_vti_cnf\villarica70.jpg --> h1667152.stratoserver.net /httpdocs/bertichile/villarica0201/_vti_cnf villarica70.jpg
2009.12.08 18:09 B Z:\home\Berti\public_html\www.berti-golf.de\bertichile\villarica0201\_vti_cnf\villarica70_tn.jpg --> h1667152.stratoserver.net /httpdocs/bertichile/villarica0201/_vti_cnf villarica70_tn.jpg
2009.12.08 18:09 B Z:\home\Berti\public_html\www.berti-golf.de\bertichile\villarica0201\_vti_cnf\villarica71.jpg --> h1667152.stratoserver.net /httpdocs/bertichile/villarica0201/_vti_cnf villarica71.jpg
2009.12.08 18:09 B Z:\home\Berti\public_html\www.berti-golf.de\bertichile\villarica0201\_vti_cnf\villarica71_tn.jpg --> h1667152.stratoserver.net /httpdocs/bertichile/villarica0201/_vti_cnf villarica71_tn.jpg
2009.12.08 18:09 B Z:\home\Berti\public_html\www.berti-golf.de\bertichile\villarica0201\_vti_cnf\villarica72.jpg --> h1667152.stratoserver.net /httpdocs/bertichile/villarica0201/_vti_cnf villarica72.jpg
2009.12.08 18:09 B Z:\home\Berti\public_html\www.berti-golf.de\bertichile\villarica0201\_vti_cnf\villarica72_tn.jpg --> h1667152.stratoserver.net /httpdocs/bertichile/villarica0201/_vti_cnf villarica72_tn.jpg
2009.12.08 18:09 B Z:\home\Berti\public_html\www.berti-golf.de\bertichile\villarica0201\_vti_cnf\villarica73.jpg --> h1667152.stratoserver.net /httpdocs/bertichile/villarica0201/_vti_cnf villarica73.jpg
2009.12.08 18:09 B Z:\home\Berti\public_html\www.berti-golf.de\bertichile\villarica0201\_vti_cnf\villarica74.jpg --> h1667152.stratoserver.net /httpdocs/bertichile/villarica0201/_vti_cnf villarica74.jpg
2009.12.08 18:09 B Z:\home\Berti\public_html\www.berti-golf.de\bertichile\villarica0201\_vti_cnf\villarica74_tn.jpg --> h1667152.stratoserver.net /httpdocs/bertichile/villarica0201/_vti_cnf villarica74_tn.jpg
2009.12.08 18:09 B Z:\home\Berti\public_html\www.berti-golf.de\bertichile\villarica0201\_vti_cnf\villarica75.jpg --> h1667152.stratoserver.net /httpdocs/bertichile/villarica0201/_vti_cnf villarica75.jpg
2009.12.08 18:09 B Z:\home\Berti\public_html\www.berti-golf.de\bertichile\villarica0201\_vti_cnf\villarica75_tn.jpg --> h1667152.stratoserver.net /httpdocs/bertichile/villarica0201/_vti_cnf villarica75_tn.jpg
2009.12.08 18:09 B Z:\home\Berti\public_html\www.berti-golf.de\bertichile\villarica0201\_vti_cnf\villarica76.jpg --> h1667152.stratoserver.net /httpdocs/bertichile/villarica0201/_vti_cnf villarica76.jpg
2009.12.08 18:09 B Z:\home\Berti\public_html\www.berti-golf.de\bertichile\villarica0201\_vti_cnf\villarica76_tn.jpg --> h1667152.stratoserver.net /httpdocs/bertichile/villarica0201/_vti_cnf villarica76_tn.jpg
2009.12.08 18:09 B Z:\home\Berti\public_html\www.berti-golf.de\bertichile\villarica0201\_vti_cnf\villarica77.jpg --> h1667152.stratoserver.net /httpdocs/bertichile/villarica0201/_vti_cnf villarica77.jpg
2009.12.08 18:09 B Z:\home\Berti\public_html\www.berti-golf.de\bertichile\villarica0201\_vti_cnf\villarica77_tn.jpg --> h1667152.stratoserver.net /httpdocs/bertichile/villarica0201/_vti_cnf villarica77_tn.jpg
2009.12.08 18:09 B Z:\home\Berti\public_html\www.berti-golf.de\bertichile\villarica0201\_vti_cnf\villarica78.jpg --> h1667152.stratoserver.net /httpdocs/bertichile/villarica0201/_vti_cnf villarica78.jpg
2009.12.08 18:09 B Z:\home\Berti\public_html\www.berti-golf.de\bertichile\villarica0201\_vti_cnf\villarica79.jpg --> h1667152.stratoserver.net /httpdocs/bertichile/villarica0201/_vti_cnf villarica79.jpg
2009.12.08 18:09 B Z:\home\Berti\public_html\www.berti-golf.de\bertichile\villarica0201\_vti_cnf\villarica80.jpg --> h1667152.stratoserver.net /httpdocs/bertichile/villarica0201/_vti_cnf villarica80.jpg
2009.12.08 18:09 B Z:\home\Berti\public_html\www.berti-golf.de\bertichile\villarica0201\_vti_cnf\villarica80_tn.jpg --> h1667152.stratoserver.net /httpdocs/bertichile/villarica0201/_vti_cnf villarica80_tn.jpg
2009.12.08 18:09 B Z:\home\Berti\public_html\www.berti-golf.de\bertichile\villarica0201\_vti_cnf\villarica81.jpg --> h1667152.stratoserver.net /httpdocs/bertichile/villarica0201/_vti_cnf villarica81.jpg
2009.12.08 18:09 B Z:\home\Berti\public_html\www.berti-golf.de\bertichile\villarica0201\_vti_cnf\villarica81_tn.jpg --> h1667152.stratoserver.net /httpdocs/bertichile/villarica0201/_vti_cnf villarica81_tn.jpg
2009.12.08 18:09 B Z:\home\Berti\public_html\www.berti-golf.de\bertichile\villarica0201\_vti_cnf\villarica82.jpg --> h1667152.stratoserver.net /httpdocs/bertichile/villarica0201/_vti_cnf villarica82.jpg
2009.12.08 18:09 B Z:\home\Berti\public_html\www.berti-golf.de\bertichile\villarica0201\_vti_cnf\villarica83.jpg --> h1667152.stratoserver.net /httpdocs/bertichile/villarica0201/_vti_cnf villarica83.jpg
2009.12.08 18:09 B Z:\home\Berti\public_html\www.berti-golf.de\bertichile\villarica0201\_vti_cnf\villarica83_tn.jpg --> h1667152.stratoserver.net /httpdocs/bertichile/villarica0201/_vti_cnf villarica83_tn.jpg
2009.12.08 18:09 B Z:\home\Berti\public_html\www.berti-golf.de\bertichile\villarica0201\_vti_cnf\villarica84.jpg --> h1667152.stratoserver.net /httpdocs/bertichile/villarica0201/_vti_cnf villarica84.jpg
2009.12.08 18:09 B Z:\home\Berti\public_html\www.berti-golf.de\bertichile\villarica0201\_vti_cnf\villarica84_tn.jpg --> h1667152.stratoserver.net /httpdocs/bertichile/villarica0201/_vti_cnf villarica84_tn.jpg
2009.12.08 18:09 B Z:\home\Berti\public_html\www.berti-golf.de\bertichile\villarica0201\_vti_cnf\villarica85.jpg --> h1667152.stratoserver.net /httpdocs/bertichile/villarica0201/_vti_cnf villarica85.jpg
2009.12.08 18:09 B Z:\home\Berti\public_html\www.berti-golf.de\bertichile\villarica0201\_vti_cnf\villarica85_tn.jpg --> h1667152.stratoserver.net /httpdocs/bertichile/villarica0201/_vti_cnf villarica85_tn.jpg
2009.12.08 18:09 B Z:\home\Berti\public_html\www.berti-golf.de\bertichile\villarica0201\_vti_cnf\villarica86.jpg --> h1667152.stratoserver.net /httpdocs/bertichile/villarica0201/_vti_cnf villarica86.jpg
2009.12.08 18:09 B Z:\home\Berti\public_html\www.berti-golf.de\bertichile\villarica0201\_vti_cnf\villarica86_tn.jpg --> h1667152.stratoserver.net /httpdocs/bertichile/villarica0201/_vti_cnf villarica86_tn.jpg
2009.12.08 18:09 B Z:\home\Berti\public_html\www.berti-golf.de\bertichile\villarica0201\_vti_cnf\villarica87.jpg --> h1667152.stratoserver.net /httpdocs/bertichile/villarica0201/_vti_cnf villarica87.jpg
2009.12.08 18:09 B Z:\home\Berti\public_html\www.berti-golf.de\bertichile\villarica0201\_vti_cnf\villarica87_tn.jpg --> h1667152.stratoserver.net /httpdocs/bertichile/villarica0201/_vti_cnf villarica87_tn.jpg
2009.12.08 18:09 B Z:\home\Berti\public_html\www.berti-golf.de\bertichile\villarica0201\_vti_cnf\villarica88.jpg --> h1667152.stratoserver.net /httpdocs/bertichile/villarica0201/_vti_cnf villarica88.jpg
2009.12.08 18:09 B Z:\home\Berti\public_html\www.berti-golf.de\bertichile\villarica0201\_vti_cnf\villarica89.jpg --> h1667152.stratoserver.net /httpdocs/bertichile/villarica0201/_vti_cnf villarica89.jpg
2009.12.08 18:09 B Z:\home\Berti\public_html\www.berti-golf.de\bertichile\villarica0201\_vti_cnf\villarica90.jpg --> h1667152.stratoserver.net /httpdocs/bertichile/villarica0201/_vti_cnf villarica90.jpg
2009.12.08 18:09 B Z:\home\Berti\public_html\www.berti-golf.de\bertichile\villarica0201\_vti_cnf\villarica90_tn.jpg --> h1667152.stratoserver.net /httpdocs/bertichile/villarica0201/_vti_cnf villarica90_tn.jpg
