2008.06.27 16:05 B K:\sicherung_webserver_h10__072008\berti-golf.de\public_html\bertichile\chiloe0201\chiloe.html <-- www.berti-golf.de /public_html/bertichile/chiloe0201 chiloe.html
2008.06.27 16:05 B K:\sicherung_webserver_h10__072008\berti-golf.de\public_html\bertichile\chiloe0201\chiloe02.jpg <-- www.berti-golf.de /public_html/bertichile/chiloe0201 chiloe02.jpg
2008.06.27 16:05 B K:\sicherung_webserver_h10__072008\berti-golf.de\public_html\bertichile\chiloe0201\chiloe02_tn.jpg <-- www.berti-golf.de /public_html/bertichile/chiloe0201 chiloe02_tn.jpg
2008.06.27 16:05 B K:\sicherung_webserver_h10__072008\berti-golf.de\public_html\bertichile\chiloe0201\chiloe03.jpg <-- www.berti-golf.de /public_html/bertichile/chiloe0201 chiloe03.jpg
2008.06.27 16:05 B K:\sicherung_webserver_h10__072008\berti-golf.de\public_html\bertichile\chiloe0201\chiloe03_tn.jpg <-- www.berti-golf.de /public_html/bertichile/chiloe0201 chiloe03_tn.jpg
2008.06.27 16:05 B K:\sicherung_webserver_h10__072008\berti-golf.de\public_html\bertichile\chiloe0201\chiloe04.jpg <-- www.berti-golf.de /public_html/bertichile/chiloe0201 chiloe04.jpg
2008.06.27 16:05 B K:\sicherung_webserver_h10__072008\berti-golf.de\public_html\bertichile\chiloe0201\chiloe04_tn.jpg <-- www.berti-golf.de /public_html/bertichile/chiloe0201 chiloe04_tn.jpg
2008.06.27 16:05 B K:\sicherung_webserver_h10__072008\berti-golf.de\public_html\bertichile\chiloe0201\chiloe05.jpg <-- www.berti-golf.de /public_html/bertichile/chiloe0201 chiloe05.jpg
2008.06.27 16:05 B K:\sicherung_webserver_h10__072008\berti-golf.de\public_html\bertichile\chiloe0201\chiloe05_tn.jpg <-- www.berti-golf.de /public_html/bertichile/chiloe0201 chiloe05_tn.jpg
2008.06.27 16:05 B K:\sicherung_webserver_h10__072008\berti-golf.de\public_html\bertichile\chiloe0201\chiloe08.jpg <-- www.berti-golf.de /public_html/bertichile/chiloe0201 chiloe08.jpg
2008.06.27 16:05 B K:\sicherung_webserver_h10__072008\berti-golf.de\public_html\bertichile\chiloe0201\chiloe08_tn.jpg <-- www.berti-golf.de /public_html/bertichile/chiloe0201 chiloe08_tn.jpg
2008.06.27 16:05 B K:\sicherung_webserver_h10__072008\berti-golf.de\public_html\bertichile\chiloe0201\chiloe09.jpg <-- www.berti-golf.de /public_html/bertichile/chiloe0201 chiloe09.jpg
2008.06.27 16:05 B K:\sicherung_webserver_h10__072008\berti-golf.de\public_html\bertichile\chiloe0201\chiloe09_tn.jpg <-- www.berti-golf.de /public_html/bertichile/chiloe0201 chiloe09_tn.jpg
2008.06.27 16:05 B K:\sicherung_webserver_h10__072008\berti-golf.de\public_html\bertichile\chiloe0201\chiloe11.jpg <-- www.berti-golf.de /public_html/bertichile/chiloe0201 chiloe11.jpg
2008.06.27 16:05 B K:\sicherung_webserver_h10__072008\berti-golf.de\public_html\bertichile\chiloe0201\chiloe11_tn.jpg <-- www.berti-golf.de /public_html/bertichile/chiloe0201 chiloe11_tn.jpg
2008.06.27 16:05 B K:\sicherung_webserver_h10__072008\berti-golf.de\public_html\bertichile\chiloe0201\chiloe13.jpg <-- www.berti-golf.de /public_html/bertichile/chiloe0201 chiloe13.jpg
2008.06.27 16:05 B K:\sicherung_webserver_h10__072008\berti-golf.de\public_html\bertichile\chiloe0201\chiloe13_tn.jpg <-- www.berti-golf.de /public_html/bertichile/chiloe0201 chiloe13_tn.jpg
2008.06.27 16:05 B K:\sicherung_webserver_h10__072008\berti-golf.de\public_html\bertichile\chiloe0201\chiloe15.jpg <-- www.berti-golf.de /public_html/bertichile/chiloe0201 chiloe15.jpg
2008.06.27 16:05 B K:\sicherung_webserver_h10__072008\berti-golf.de\public_html\bertichile\chiloe0201\chiloe15_tn.jpg <-- www.berti-golf.de /public_html/bertichile/chiloe0201 chiloe15_tn.jpg
2008.06.27 16:05 B K:\sicherung_webserver_h10__072008\berti-golf.de\public_html\bertichile\chiloe0201\chiloe16.jpg <-- www.berti-golf.de /public_html/bertichile/chiloe0201 chiloe16.jpg
2008.06.27 16:05 B K:\sicherung_webserver_h10__072008\berti-golf.de\public_html\bertichile\chiloe0201\chiloe16_tn.jpg <-- www.berti-golf.de /public_html/bertichile/chiloe0201 chiloe16_tn.jpg
2008.06.27 16:05 B K:\sicherung_webserver_h10__072008\berti-golf.de\public_html\bertichile\chiloe0201\chiloe17.jpg <-- www.berti-golf.de /public_html/bertichile/chiloe0201 chiloe17.jpg
2008.06.27 16:05 B K:\sicherung_webserver_h10__072008\berti-golf.de\public_html\bertichile\chiloe0201\chiloe17_tn.jpg <-- www.berti-golf.de /public_html/bertichile/chiloe0201 chiloe17_tn.jpg
2008.06.27 16:05 B K:\sicherung_webserver_h10__072008\berti-golf.de\public_html\bertichile\chiloe0201\chiloe18.jpg <-- www.berti-golf.de /public_html/bertichile/chiloe0201 chiloe18.jpg
2008.06.27 16:05 B K:\sicherung_webserver_h10__072008\berti-golf.de\public_html\bertichile\chiloe0201\chiloe18_tn.jpg <-- www.berti-golf.de /public_html/bertichile/chiloe0201 chiloe18_tn.jpg
2008.06.27 16:05 B K:\sicherung_webserver_h10__072008\berti-golf.de\public_html\bertichile\chiloe0201\chiloe20.jpg <-- www.berti-golf.de /public_html/bertichile/chiloe0201 chiloe20.jpg
2008.06.27 16:05 B K:\sicherung_webserver_h10__072008\berti-golf.de\public_html\bertichile\chiloe0201\chiloe20_tn.jpg <-- www.berti-golf.de /public_html/bertichile/chiloe0201 chiloe20_tn.jpg
2008.06.27 16:05 B K:\sicherung_webserver_h10__072008\berti-golf.de\public_html\bertichile\chiloe0201\chiloe22.jpg <-- www.berti-golf.de /public_html/bertichile/chiloe0201 chiloe22.jpg
2008.06.27 16:05 B K:\sicherung_webserver_h10__072008\berti-golf.de\public_html\bertichile\chiloe0201\chiloe22_tn.jpg <-- www.berti-golf.de /public_html/bertichile/chiloe0201 chiloe22_tn.jpg
2008.06.27 16:05 B K:\sicherung_webserver_h10__072008\berti-golf.de\public_html\bertichile\chiloe0201\chiloe24.jpg <-- www.berti-golf.de /public_html/bertichile/chiloe0201 chiloe24.jpg
2008.06.27 16:05 B K:\sicherung_webserver_h10__072008\berti-golf.de\public_html\bertichile\chiloe0201\chiloe24_tn.jpg <-- www.berti-golf.de /public_html/bertichile/chiloe0201 chiloe24_tn.jpg
2008.06.27 16:05 B K:\sicherung_webserver_h10__072008\berti-golf.de\public_html\bertichile\chiloe0201\chiloe25.jpg <-- www.berti-golf.de /public_html/bertichile/chiloe0201 chiloe25.jpg
2008.06.27 16:05 B K:\sicherung_webserver_h10__072008\berti-golf.de\public_html\bertichile\chiloe0201\chiloe25_tn.jpg <-- www.berti-golf.de /public_html/bertichile/chiloe0201 chiloe25_tn.jpg
2008.06.27 16:05 B K:\sicherung_webserver_h10__072008\berti-golf.de\public_html\bertichile\chiloe0201\chiloe28.jpg <-- www.berti-golf.de /public_html/bertichile/chiloe0201 chiloe28.jpg
2008.06.27 16:05 B K:\sicherung_webserver_h10__072008\berti-golf.de\public_html\bertichile\chiloe0201\chiloe28_tn.jpg <-- www.berti-golf.de /public_html/bertichile/chiloe0201 chiloe28_tn.jpg
2008.06.27 16:05 B K:\sicherung_webserver_h10__072008\berti-golf.de\public_html\bertichile\chiloe0201\chiloe29.jpg <-- www.berti-golf.de /public_html/bertichile/chiloe0201 chiloe29.jpg
2008.06.27 16:05 B K:\sicherung_webserver_h10__072008\berti-golf.de\public_html\bertichile\chiloe0201\chiloe29_tn.jpg <-- www.berti-golf.de /public_html/bertichile/chiloe0201 chiloe29_tn.jpg
2008.06.27 16:05 B K:\sicherung_webserver_h10__072008\berti-golf.de\public_html\bertichile\chiloe0201\chiloe32.jpg <-- www.berti-golf.de /public_html/bertichile/chiloe0201 chiloe32.jpg
2008.06.27 16:06 B K:\sicherung_webserver_h10__072008\berti-golf.de\public_html\bertichile\chiloe0201\chiloe32_tn.jpg <-- www.berti-golf.de /public_html/bertichile/chiloe0201 chiloe32_tn.jpg
2008.06.27 16:06 B K:\sicherung_webserver_h10__072008\berti-golf.de\public_html\bertichile\chiloe0201\chiloe33.jpg <-- www.berti-golf.de /public_html/bertichile/chiloe0201 chiloe33.jpg
2008.06.27 16:06 B K:\sicherung_webserver_h10__072008\berti-golf.de\public_html\bertichile\chiloe0201\chiloe33_tn.jpg <-- www.berti-golf.de /public_html/bertichile/chiloe0201 chiloe33_tn.jpg
2008.06.27 16:06 B K:\sicherung_webserver_h10__072008\berti-golf.de\public_html\bertichile\chiloe0201\chiloe34.jpg <-- www.berti-golf.de /public_html/bertichile/chiloe0201 chiloe34.jpg
2008.06.27 16:06 B K:\sicherung_webserver_h10__072008\berti-golf.de\public_html\bertichile\chiloe0201\chiloe34_tn.jpg <-- www.berti-golf.de /public_html/bertichile/chiloe0201 chiloe34_tn.jpg
2008.06.27 16:06 B K:\sicherung_webserver_h10__072008\berti-golf.de\public_html\bertichile\chiloe0201\chiloe35.jpg <-- www.berti-golf.de /public_html/bertichile/chiloe0201 chiloe35.jpg
2008.06.27 16:06 B K:\sicherung_webserver_h10__072008\berti-golf.de\public_html\bertichile\chiloe0201\chiloe35_tn.jpg <-- www.berti-golf.de /public_html/bertichile/chiloe0201 chiloe35_tn.jpg
2008.06.27 16:06 B K:\sicherung_webserver_h10__072008\berti-golf.de\public_html\bertichile\chiloe0201\chiloe37.jpg <-- www.berti-golf.de /public_html/bertichile/chiloe0201 chiloe37.jpg
2008.06.27 16:06 B K:\sicherung_webserver_h10__072008\berti-golf.de\public_html\bertichile\chiloe0201\chiloe37_tn.jpg <-- www.berti-golf.de /public_html/bertichile/chiloe0201 chiloe37_tn.jpg
2008.06.27 16:06 B K:\sicherung_webserver_h10__072008\berti-golf.de\public_html\bertichile\chiloe0201\chiloe39.jpg <-- www.berti-golf.de /public_html/bertichile/chiloe0201 chiloe39.jpg
2008.06.27 16:06 B K:\sicherung_webserver_h10__072008\berti-golf.de\public_html\bertichile\chiloe0201\chiloe39_tn.jpg <-- www.berti-golf.de /public_html/bertichile/chiloe0201 chiloe39_tn.jpg
2008.06.27 19:04 B K:\sicherung_webserver_h10__072008\berti-golf.de\public_html\bertichile\chiloe0201\chiloe.html --> bertigolfde.h1403220.stratoserver.net /public_html/bertichile/chiloe0201 chiloe.html
2008.06.27 19:04 B K:\sicherung_webserver_h10__072008\berti-golf.de\public_html\bertichile\chiloe0201\chiloe02.jpg --> bertigolfde.h1403220.stratoserver.net /public_html/bertichile/chiloe0201 chiloe02.jpg
2008.06.27 19:04 B K:\sicherung_webserver_h10__072008\berti-golf.de\public_html\bertichile\chiloe0201\chiloe02_tn.jpg --> bertigolfde.h1403220.stratoserver.net /public_html/bertichile/chiloe0201 chiloe02_tn.jpg
2008.06.27 19:04 B K:\sicherung_webserver_h10__072008\berti-golf.de\public_html\bertichile\chiloe0201\chiloe03.jpg --> bertigolfde.h1403220.stratoserver.net /public_html/bertichile/chiloe0201 chiloe03.jpg
2008.06.27 19:04 B K:\sicherung_webserver_h10__072008\berti-golf.de\public_html\bertichile\chiloe0201\chiloe03_tn.jpg --> bertigolfde.h1403220.stratoserver.net /public_html/bertichile/chiloe0201 chiloe03_tn.jpg
2008.06.27 19:04 B K:\sicherung_webserver_h10__072008\berti-golf.de\public_html\bertichile\chiloe0201\chiloe04.jpg --> bertigolfde.h1403220.stratoserver.net /public_html/bertichile/chiloe0201 chiloe04.jpg
2008.06.27 19:04 B K:\sicherung_webserver_h10__072008\berti-golf.de\public_html\bertichile\chiloe0201\chiloe04_tn.jpg --> bertigolfde.h1403220.stratoserver.net /public_html/bertichile/chiloe0201 chiloe04_tn.jpg
2008.06.27 19:04 B K:\sicherung_webserver_h10__072008\berti-golf.de\public_html\bertichile\chiloe0201\chiloe05.jpg --> bertigolfde.h1403220.stratoserver.net /public_html/bertichile/chiloe0201 chiloe05.jpg
2008.06.27 19:04 B K:\sicherung_webserver_h10__072008\berti-golf.de\public_html\bertichile\chiloe0201\chiloe05_tn.jpg --> bertigolfde.h1403220.stratoserver.net /public_html/bertichile/chiloe0201 chiloe05_tn.jpg
2008.06.27 19:04 B K:\sicherung_webserver_h10__072008\berti-golf.de\public_html\bertichile\chiloe0201\chiloe08.jpg --> bertigolfde.h1403220.stratoserver.net /public_html/bertichile/chiloe0201 chiloe08.jpg
2008.06.27 19:04 B K:\sicherung_webserver_h10__072008\berti-golf.de\public_html\bertichile\chiloe0201\chiloe08_tn.jpg --> bertigolfde.h1403220.stratoserver.net /public_html/bertichile/chiloe0201 chiloe08_tn.jpg
2008.06.27 19:04 B K:\sicherung_webserver_h10__072008\berti-golf.de\public_html\bertichile\chiloe0201\chiloe09.jpg --> bertigolfde.h1403220.stratoserver.net /public_html/bertichile/chiloe0201 chiloe09.jpg
2008.06.27 19:04 B K:\sicherung_webserver_h10__072008\berti-golf.de\public_html\bertichile\chiloe0201\chiloe09_tn.jpg --> bertigolfde.h1403220.stratoserver.net /public_html/bertichile/chiloe0201 chiloe09_tn.jpg
2008.06.27 19:04 B K:\sicherung_webserver_h10__072008\berti-golf.de\public_html\bertichile\chiloe0201\chiloe11.jpg --> bertigolfde.h1403220.stratoserver.net /public_html/bertichile/chiloe0201 chiloe11.jpg
2008.06.27 19:04 B K:\sicherung_webserver_h10__072008\berti-golf.de\public_html\bertichile\chiloe0201\chiloe11_tn.jpg --> bertigolfde.h1403220.stratoserver.net /public_html/bertichile/chiloe0201 chiloe11_tn.jpg
2008.06.27 19:04 B K:\sicherung_webserver_h10__072008\berti-golf.de\public_html\bertichile\chiloe0201\chiloe13.jpg --> bertigolfde.h1403220.stratoserver.net /public_html/bertichile/chiloe0201 chiloe13.jpg
2008.06.27 19:04 B K:\sicherung_webserver_h10__072008\berti-golf.de\public_html\bertichile\chiloe0201\chiloe13_tn.jpg --> bertigolfde.h1403220.stratoserver.net /public_html/bertichile/chiloe0201 chiloe13_tn.jpg
2008.06.27 19:04 B K:\sicherung_webserver_h10__072008\berti-golf.de\public_html\bertichile\chiloe0201\chiloe15.jpg --> bertigolfde.h1403220.stratoserver.net /public_html/bertichile/chiloe0201 chiloe15.jpg
2008.06.27 19:04 B K:\sicherung_webserver_h10__072008\berti-golf.de\public_html\bertichile\chiloe0201\chiloe15_tn.jpg --> bertigolfde.h1403220.stratoserver.net /public_html/bertichile/chiloe0201 chiloe15_tn.jpg
2008.06.27 19:05 B K:\sicherung_webserver_h10__072008\berti-golf.de\public_html\bertichile\chiloe0201\chiloe16.jpg --> bertigolfde.h1403220.stratoserver.net /public_html/bertichile/chiloe0201 chiloe16.jpg
2008.06.27 19:05 B K:\sicherung_webserver_h10__072008\berti-golf.de\public_html\bertichile\chiloe0201\chiloe16_tn.jpg --> bertigolfde.h1403220.stratoserver.net /public_html/bertichile/chiloe0201 chiloe16_tn.jpg
2008.06.27 19:05 B K:\sicherung_webserver_h10__072008\berti-golf.de\public_html\bertichile\chiloe0201\chiloe17.jpg --> bertigolfde.h1403220.stratoserver.net /public_html/bertichile/chiloe0201 chiloe17.jpg
2008.06.27 19:05 B K:\sicherung_webserver_h10__072008\berti-golf.de\public_html\bertichile\chiloe0201\chiloe17_tn.jpg --> bertigolfde.h1403220.stratoserver.net /public_html/bertichile/chiloe0201 chiloe17_tn.jpg
2008.06.27 19:05 B K:\sicherung_webserver_h10__072008\berti-golf.de\public_html\bertichile\chiloe0201\chiloe18.jpg --> bertigolfde.h1403220.stratoserver.net /public_html/bertichile/chiloe0201 chiloe18.jpg
2008.06.27 19:05 B K:\sicherung_webserver_h10__072008\berti-golf.de\public_html\bertichile\chiloe0201\chiloe18_tn.jpg --> bertigolfde.h1403220.stratoserver.net /public_html/bertichile/chiloe0201 chiloe18_tn.jpg
2008.06.27 19:05 B K:\sicherung_webserver_h10__072008\berti-golf.de\public_html\bertichile\chiloe0201\chiloe20.jpg --> bertigolfde.h1403220.stratoserver.net /public_html/bertichile/chiloe0201 chiloe20.jpg
2008.06.27 19:05 B K:\sicherung_webserver_h10__072008\berti-golf.de\public_html\bertichile\chiloe0201\chiloe20_tn.jpg --> bertigolfde.h1403220.stratoserver.net /public_html/bertichile/chiloe0201 chiloe20_tn.jpg
2008.06.27 19:05 B K:\sicherung_webserver_h10__072008\berti-golf.de\public_html\bertichile\chiloe0201\chiloe22.jpg --> bertigolfde.h1403220.stratoserver.net /public_html/bertichile/chiloe0201 chiloe22.jpg
2008.06.27 19:05 B K:\sicherung_webserver_h10__072008\berti-golf.de\public_html\bertichile\chiloe0201\chiloe22_tn.jpg --> bertigolfde.h1403220.stratoserver.net /public_html/bertichile/chiloe0201 chiloe22_tn.jpg
2008.06.27 19:05 B K:\sicherung_webserver_h10__072008\berti-golf.de\public_html\bertichile\chiloe0201\chiloe24.jpg --> bertigolfde.h1403220.stratoserver.net /public_html/bertichile/chiloe0201 chiloe24.jpg
2008.06.27 19:05 B K:\sicherung_webserver_h10__072008\berti-golf.de\public_html\bertichile\chiloe0201\chiloe24_tn.jpg --> bertigolfde.h1403220.stratoserver.net /public_html/bertichile/chiloe0201 chiloe24_tn.jpg
2008.06.27 19:05 B K:\sicherung_webserver_h10__072008\berti-golf.de\public_html\bertichile\chiloe0201\chiloe25.jpg --> bertigolfde.h1403220.stratoserver.net /public_html/bertichile/chiloe0201 chiloe25.jpg
2008.06.27 19:05 B K:\sicherung_webserver_h10__072008\berti-golf.de\public_html\bertichile\chiloe0201\chiloe25_tn.jpg --> bertigolfde.h1403220.stratoserver.net /public_html/bertichile/chiloe0201 chiloe25_tn.jpg
2008.06.27 19:05 B K:\sicherung_webserver_h10__072008\berti-golf.de\public_html\bertichile\chiloe0201\chiloe28.jpg --> bertigolfde.h1403220.stratoserver.net /public_html/bertichile/chiloe0201 chiloe28.jpg
2008.06.27 19:05 B K:\sicherung_webserver_h10__072008\berti-golf.de\public_html\bertichile\chiloe0201\chiloe28_tn.jpg --> bertigolfde.h1403220.stratoserver.net /public_html/bertichile/chiloe0201 chiloe28_tn.jpg
2008.06.27 19:05 B K:\sicherung_webserver_h10__072008\berti-golf.de\public_html\bertichile\chiloe0201\chiloe29.jpg --> bertigolfde.h1403220.stratoserver.net /public_html/bertichile/chiloe0201 chiloe29.jpg
2008.06.27 19:05 B K:\sicherung_webserver_h10__072008\berti-golf.de\public_html\bertichile\chiloe0201\chiloe29_tn.jpg --> bertigolfde.h1403220.stratoserver.net /public_html/bertichile/chiloe0201 chiloe29_tn.jpg
2008.06.27 19:05 B K:\sicherung_webserver_h10__072008\berti-golf.de\public_html\bertichile\chiloe0201\chiloe32.jpg --> bertigolfde.h1403220.stratoserver.net /public_html/bertichile/chiloe0201 chiloe32.jpg
2008.06.27 19:05 B K:\sicherung_webserver_h10__072008\berti-golf.de\public_html\bertichile\chiloe0201\chiloe32_tn.jpg --> bertigolfde.h1403220.stratoserver.net /public_html/bertichile/chiloe0201 chiloe32_tn.jpg
2008.06.27 19:05 B K:\sicherung_webserver_h10__072008\berti-golf.de\public_html\bertichile\chiloe0201\chiloe33.jpg --> bertigolfde.h1403220.stratoserver.net /public_html/bertichile/chiloe0201 chiloe33.jpg
2008.06.27 19:05 B K:\sicherung_webserver_h10__072008\berti-golf.de\public_html\bertichile\chiloe0201\chiloe33_tn.jpg --> bertigolfde.h1403220.stratoserver.net /public_html/bertichile/chiloe0201 chiloe33_tn.jpg
2008.06.27 19:05 B K:\sicherung_webserver_h10__072008\berti-golf.de\public_html\bertichile\chiloe0201\chiloe34.jpg --> bertigolfde.h1403220.stratoserver.net /public_html/bertichile/chiloe0201 chiloe34.jpg
2008.06.27 19:05 B K:\sicherung_webserver_h10__072008\berti-golf.de\public_html\bertichile\chiloe0201\chiloe34_tn.jpg --> bertigolfde.h1403220.stratoserver.net /public_html/bertichile/chiloe0201 chiloe34_tn.jpg
2008.06.27 19:05 B K:\sicherung_webserver_h10__072008\berti-golf.de\public_html\bertichile\chiloe0201\chiloe35.jpg --> bertigolfde.h1403220.stratoserver.net /public_html/bertichile/chiloe0201 chiloe35.jpg
2008.06.27 19:05 B K:\sicherung_webserver_h10__072008\berti-golf.de\public_html\bertichile\chiloe0201\chiloe35_tn.jpg --> bertigolfde.h1403220.stratoserver.net /public_html/bertichile/chiloe0201 chiloe35_tn.jpg
2008.06.27 19:05 B K:\sicherung_webserver_h10__072008\berti-golf.de\public_html\bertichile\chiloe0201\chiloe37.jpg --> bertigolfde.h1403220.stratoserver.net /public_html/bertichile/chiloe0201 chiloe37.jpg
2008.06.27 19:05 B K:\sicherung_webserver_h10__072008\berti-golf.de\public_html\bertichile\chiloe0201\chiloe37_tn.jpg --> bertigolfde.h1403220.stratoserver.net /public_html/bertichile/chiloe0201 chiloe37_tn.jpg
2008.06.27 19:05 B K:\sicherung_webserver_h10__072008\berti-golf.de\public_html\bertichile\chiloe0201\chiloe39.jpg --> bertigolfde.h1403220.stratoserver.net /public_html/bertichile/chiloe0201 chiloe39.jpg
2008.06.27 19:05 B K:\sicherung_webserver_h10__072008\berti-golf.de\public_html\bertichile\chiloe0201\chiloe39_tn.jpg --> bertigolfde.h1403220.stratoserver.net /public_html/bertichile/chiloe0201 chiloe39_tn.jpg
2009.05.01 07:10 B Z:\home\Berti\public_html\www.berti-golf.de\bertichile\chiloe0201\WS_FTP.LOG <-- bertigolfde.h1403220.stratoserver.net /public_html/bertichile/chiloe0201 WS_FTP.LOG
2009.12.08 17:54 B Z:\home\Berti\public_html\www.berti-golf.de\bertichile\chiloe0201\chiloe.html --> h1667152.stratoserver.net /httpdocs/bertichile/chiloe0201 chiloe.html
2009.12.08 17:54 B Z:\home\Berti\public_html\www.berti-golf.de\bertichile\chiloe0201\chiloe02.jpg --> h1667152.stratoserver.net /httpdocs/bertichile/chiloe0201 chiloe02.jpg
2009.12.08 17:54 B Z:\home\Berti\public_html\www.berti-golf.de\bertichile\chiloe0201\chiloe02_tn.jpg --> h1667152.stratoserver.net /httpdocs/bertichile/chiloe0201 chiloe02_tn.jpg
2009.12.08 17:54 B Z:\home\Berti\public_html\www.berti-golf.de\bertichile\chiloe0201\chiloe03.jpg --> h1667152.stratoserver.net /httpdocs/bertichile/chiloe0201 chiloe03.jpg
2009.12.08 17:54 B Z:\home\Berti\public_html\www.berti-golf.de\bertichile\chiloe0201\chiloe03_tn.jpg --> h1667152.stratoserver.net /httpdocs/bertichile/chiloe0201 chiloe03_tn.jpg
2009.12.08 17:54 B Z:\home\Berti\public_html\www.berti-golf.de\bertichile\chiloe0201\chiloe04.jpg --> h1667152.stratoserver.net /httpdocs/bertichile/chiloe0201 chiloe04.jpg
2009.12.08 17:54 B Z:\home\Berti\public_html\www.berti-golf.de\bertichile\chiloe0201\chiloe04_tn.jpg --> h1667152.stratoserver.net /httpdocs/bertichile/chiloe0201 chiloe04_tn.jpg
2009.12.08 17:54 B Z:\home\Berti\public_html\www.berti-golf.de\bertichile\chiloe0201\chiloe05.jpg --> h1667152.stratoserver.net /httpdocs/bertichile/chiloe0201 chiloe05.jpg
2009.12.08 17:54 B Z:\home\Berti\public_html\www.berti-golf.de\bertichile\chiloe0201\chiloe05_tn.jpg --> h1667152.stratoserver.net /httpdocs/bertichile/chiloe0201 chiloe05_tn.jpg
2009.12.08 17:54 B Z:\home\Berti\public_html\www.berti-golf.de\bertichile\chiloe0201\chiloe08.jpg --> h1667152.stratoserver.net /httpdocs/bertichile/chiloe0201 chiloe08.jpg
2009.12.08 17:54 B Z:\home\Berti\public_html\www.berti-golf.de\bertichile\chiloe0201\chiloe08_tn.jpg --> h1667152.stratoserver.net /httpdocs/bertichile/chiloe0201 chiloe08_tn.jpg
2009.12.08 17:54 B Z:\home\Berti\public_html\www.berti-golf.de\bertichile\chiloe0201\chiloe09.jpg --> h1667152.stratoserver.net /httpdocs/bertichile/chiloe0201 chiloe09.jpg
2009.12.08 17:54 B Z:\home\Berti\public_html\www.berti-golf.de\bertichile\chiloe0201\chiloe09_tn.jpg --> h1667152.stratoserver.net /httpdocs/bertichile/chiloe0201 chiloe09_tn.jpg
2009.12.08 17:54 B Z:\home\Berti\public_html\www.berti-golf.de\bertichile\chiloe0201\chiloe11.jpg --> h1667152.stratoserver.net /httpdocs/bertichile/chiloe0201 chiloe11.jpg
2009.12.08 17:54 B Z:\home\Berti\public_html\www.berti-golf.de\bertichile\chiloe0201\chiloe11_tn.jpg --> h1667152.stratoserver.net /httpdocs/bertichile/chiloe0201 chiloe11_tn.jpg
2009.12.08 17:54 B Z:\home\Berti\public_html\www.berti-golf.de\bertichile\chiloe0201\chiloe13.jpg --> h1667152.stratoserver.net /httpdocs/bertichile/chiloe0201 chiloe13.jpg
2009.12.08 17:54 B Z:\home\Berti\public_html\www.berti-golf.de\bertichile\chiloe0201\chiloe13_tn.jpg --> h1667152.stratoserver.net /httpdocs/bertichile/chiloe0201 chiloe13_tn.jpg
2009.12.08 17:54 B Z:\home\Berti\public_html\www.berti-golf.de\bertichile\chiloe0201\chiloe15.jpg --> h1667152.stratoserver.net /httpdocs/bertichile/chiloe0201 chiloe15.jpg
2009.12.08 17:54 B Z:\home\Berti\public_html\www.berti-golf.de\bertichile\chiloe0201\chiloe15_tn.jpg --> h1667152.stratoserver.net /httpdocs/bertichile/chiloe0201 chiloe15_tn.jpg
2009.12.08 17:54 B Z:\home\Berti\public_html\www.berti-golf.de\bertichile\chiloe0201\chiloe16.jpg --> h1667152.stratoserver.net /httpdocs/bertichile/chiloe0201 chiloe16.jpg
2009.12.08 17:54 B Z:\home\Berti\public_html\www.berti-golf.de\bertichile\chiloe0201\chiloe16_tn.jpg --> h1667152.stratoserver.net /httpdocs/bertichile/chiloe0201 chiloe16_tn.jpg
2009.12.08 17:54 B Z:\home\Berti\public_html\www.berti-golf.de\bertichile\chiloe0201\chiloe17.jpg --> h1667152.stratoserver.net /httpdocs/bertichile/chiloe0201 chiloe17.jpg
2009.12.08 17:54 B Z:\home\Berti\public_html\www.berti-golf.de\bertichile\chiloe0201\chiloe17_tn.jpg --> h1667152.stratoserver.net /httpdocs/bertichile/chiloe0201 chiloe17_tn.jpg
2009.12.08 17:54 B Z:\home\Berti\public_html\www.berti-golf.de\bertichile\chiloe0201\chiloe18.jpg --> h1667152.stratoserver.net /httpdocs/bertichile/chiloe0201 chiloe18.jpg
2009.12.08 17:54 B Z:\home\Berti\public_html\www.berti-golf.de\bertichile\chiloe0201\chiloe18_tn.jpg --> h1667152.stratoserver.net /httpdocs/bertichile/chiloe0201 chiloe18_tn.jpg
2009.12.08 17:54 B Z:\home\Berti\public_html\www.berti-golf.de\bertichile\chiloe0201\chiloe20.jpg --> h1667152.stratoserver.net /httpdocs/bertichile/chiloe0201 chiloe20.jpg
2009.12.08 17:54 B Z:\home\Berti\public_html\www.berti-golf.de\bertichile\chiloe0201\chiloe20_tn.jpg --> h1667152.stratoserver.net /httpdocs/bertichile/chiloe0201 chiloe20_tn.jpg
2009.12.08 17:54 B Z:\home\Berti\public_html\www.berti-golf.de\bertichile\chiloe0201\chiloe22.jpg --> h1667152.stratoserver.net /httpdocs/bertichile/chiloe0201 chiloe22.jpg
2009.12.08 17:54 B Z:\home\Berti\public_html\www.berti-golf.de\bertichile\chiloe0201\chiloe22_tn.jpg --> h1667152.stratoserver.net /httpdocs/bertichile/chiloe0201 chiloe22_tn.jpg
2009.12.08 17:54 B Z:\home\Berti\public_html\www.berti-golf.de\bertichile\chiloe0201\chiloe24.jpg --> h1667152.stratoserver.net /httpdocs/bertichile/chiloe0201 chiloe24.jpg
2009.12.08 17:54 B Z:\home\Berti\public_html\www.berti-golf.de\bertichile\chiloe0201\chiloe24_tn.jpg --> h1667152.stratoserver.net /httpdocs/bertichile/chiloe0201 chiloe24_tn.jpg
2009.12.08 17:54 B Z:\home\Berti\public_html\www.berti-golf.de\bertichile\chiloe0201\chiloe25.jpg --> h1667152.stratoserver.net /httpdocs/bertichile/chiloe0201 chiloe25.jpg
2009.12.08 17:54 B Z:\home\Berti\public_html\www.berti-golf.de\bertichile\chiloe0201\chiloe25_tn.jpg --> h1667152.stratoserver.net /httpdocs/bertichile/chiloe0201 chiloe25_tn.jpg
2009.12.08 17:54 B Z:\home\Berti\public_html\www.berti-golf.de\bertichile\chiloe0201\chiloe28.jpg --> h1667152.stratoserver.net /httpdocs/bertichile/chiloe0201 chiloe28.jpg
2009.12.08 17:54 B Z:\home\Berti\public_html\www.berti-golf.de\bertichile\chiloe0201\chiloe28_tn.jpg --> h1667152.stratoserver.net /httpdocs/bertichile/chiloe0201 chiloe28_tn.jpg
2009.12.08 17:54 B Z:\home\Berti\public_html\www.berti-golf.de\bertichile\chiloe0201\chiloe29.jpg --> h1667152.stratoserver.net /httpdocs/bertichile/chiloe0201 chiloe29.jpg
2009.12.08 17:54 B Z:\home\Berti\public_html\www.berti-golf.de\bertichile\chiloe0201\chiloe29_tn.jpg --> h1667152.stratoserver.net /httpdocs/bertichile/chiloe0201 chiloe29_tn.jpg
2009.12.08 17:54 B Z:\home\Berti\public_html\www.berti-golf.de\bertichile\chiloe0201\chiloe32.jpg --> h1667152.stratoserver.net /httpdocs/bertichile/chiloe0201 chiloe32.jpg
2009.12.08 17:54 B Z:\home\Berti\public_html\www.berti-golf.de\bertichile\chiloe0201\chiloe32_tn.jpg --> h1667152.stratoserver.net /httpdocs/bertichile/chiloe0201 chiloe32_tn.jpg
2009.12.08 17:54 B Z:\home\Berti\public_html\www.berti-golf.de\bertichile\chiloe0201\chiloe33.jpg --> h1667152.stratoserver.net /httpdocs/bertichile/chiloe0201 chiloe33.jpg
2009.12.08 17:54 B Z:\home\Berti\public_html\www.berti-golf.de\bertichile\chiloe0201\chiloe33_tn.jpg --> h1667152.stratoserver.net /httpdocs/bertichile/chiloe0201 chiloe33_tn.jpg
2009.12.08 17:54 B Z:\home\Berti\public_html\www.berti-golf.de\bertichile\chiloe0201\chiloe34.jpg --> h1667152.stratoserver.net /httpdocs/bertichile/chiloe0201 chiloe34.jpg
2009.12.08 17:54 B Z:\home\Berti\public_html\www.berti-golf.de\bertichile\chiloe0201\chiloe34_tn.jpg --> h1667152.stratoserver.net /httpdocs/bertichile/chiloe0201 chiloe34_tn.jpg
2009.12.08 17:54 B Z:\home\Berti\public_html\www.berti-golf.de\bertichile\chiloe0201\chiloe35.jpg --> h1667152.stratoserver.net /httpdocs/bertichile/chiloe0201 chiloe35.jpg
2009.12.08 17:54 B Z:\home\Berti\public_html\www.berti-golf.de\bertichile\chiloe0201\chiloe35_tn.jpg --> h1667152.stratoserver.net /httpdocs/bertichile/chiloe0201 chiloe35_tn.jpg
2009.12.08 17:54 B Z:\home\Berti\public_html\www.berti-golf.de\bertichile\chiloe0201\chiloe37.jpg --> h1667152.stratoserver.net /httpdocs/bertichile/chiloe0201 chiloe37.jpg
2009.12.08 17:54 B Z:\home\Berti\public_html\www.berti-golf.de\bertichile\chiloe0201\chiloe37_tn.jpg --> h1667152.stratoserver.net /httpdocs/bertichile/chiloe0201 chiloe37_tn.jpg
2009.12.08 17:54 B Z:\home\Berti\public_html\www.berti-golf.de\bertichile\chiloe0201\chiloe39.jpg --> h1667152.stratoserver.net /httpdocs/bertichile/chiloe0201 chiloe39.jpg
2009.12.08 17:54 B Z:\home\Berti\public_html\www.berti-golf.de\bertichile\chiloe0201\chiloe39_tn.jpg --> h1667152.stratoserver.net /httpdocs/bertichile/chiloe0201 chiloe39_tn.jpg
