2008.06.27 16:39 B K:\sicherung_webserver_h10__072008\berti-golf.de\public_html\bertichile\vallenevado0900\elcamino1.jpg <-- www.berti-golf.de /public_html/bertichile/vallenevado0900 elcamino1.jpg
2008.06.27 16:39 B K:\sicherung_webserver_h10__072008\berti-golf.de\public_html\bertichile\vallenevado0900\elcamino1_tn.jpg <-- www.berti-golf.de /public_html/bertichile/vallenevado0900 elcamino1_tn.jpg
2008.06.27 16:39 B K:\sicherung_webserver_h10__072008\berti-golf.de\public_html\bertichile\vallenevado0900\elcamino2.jpg <-- www.berti-golf.de /public_html/bertichile/vallenevado0900 elcamino2.jpg
2008.06.27 16:39 B K:\sicherung_webserver_h10__072008\berti-golf.de\public_html\bertichile\vallenevado0900\elcamino2_tn.jpg <-- www.berti-golf.de /public_html/bertichile/vallenevado0900 elcamino2_tn.jpg
2008.06.27 16:39 B K:\sicherung_webserver_h10__072008\berti-golf.de\public_html\bertichile\vallenevado0900\elplomo1.jpg <-- www.berti-golf.de /public_html/bertichile/vallenevado0900 elplomo1.jpg
2008.06.27 16:39 B K:\sicherung_webserver_h10__072008\berti-golf.de\public_html\bertichile\vallenevado0900\elplomo1_tn.jpg <-- www.berti-golf.de /public_html/bertichile/vallenevado0900 elplomo1_tn.jpg
2008.06.27 16:39 B K:\sicherung_webserver_h10__072008\berti-golf.de\public_html\bertichile\vallenevado0900\elplomo2.jpg <-- www.berti-golf.de /public_html/bertichile/vallenevado0900 elplomo2.jpg
2008.06.27 16:39 B K:\sicherung_webserver_h10__072008\berti-golf.de\public_html\bertichile\vallenevado0900\elplomo2_tn.jpg <-- www.berti-golf.de /public_html/bertichile/vallenevado0900 elplomo2_tn.jpg
2008.06.27 16:39 B K:\sicherung_webserver_h10__072008\berti-golf.de\public_html\bertichile\vallenevado0900\lamanana.jpg <-- www.berti-golf.de /public_html/bertichile/vallenevado0900 lamanana.jpg
2008.06.27 16:39 B K:\sicherung_webserver_h10__072008\berti-golf.de\public_html\bertichile\vallenevado0900\lamanana_tn.jpg <-- www.berti-golf.de /public_html/bertichile/vallenevado0900 lamanana_tn.jpg
2008.06.27 16:39 B K:\sicherung_webserver_h10__072008\berti-golf.de\public_html\bertichile\vallenevado0900\polvo1.jpg <-- www.berti-golf.de /public_html/bertichile/vallenevado0900 polvo1.jpg
2008.06.27 16:39 B K:\sicherung_webserver_h10__072008\berti-golf.de\public_html\bertichile\vallenevado0900\polvo1_tn.jpg <-- www.berti-golf.de /public_html/bertichile/vallenevado0900 polvo1_tn.jpg
2008.06.27 16:39 B K:\sicherung_webserver_h10__072008\berti-golf.de\public_html\bertichile\vallenevado0900\polvo2.jpg <-- www.berti-golf.de /public_html/bertichile/vallenevado0900 polvo2.jpg
2008.06.27 16:39 B K:\sicherung_webserver_h10__072008\berti-golf.de\public_html\bertichile\vallenevado0900\polvo2_tn.jpg <-- www.berti-golf.de /public_html/bertichile/vallenevado0900 polvo2_tn.jpg
2008.06.27 16:39 B K:\sicherung_webserver_h10__072008\berti-golf.de\public_html\bertichile\vallenevado0900\polvo3.jpg <-- www.berti-golf.de /public_html/bertichile/vallenevado0900 polvo3.jpg
2008.06.27 16:39 B K:\sicherung_webserver_h10__072008\berti-golf.de\public_html\bertichile\vallenevado0900\polvo3_tn.jpg <-- www.berti-golf.de /public_html/bertichile/vallenevado0900 polvo3_tn.jpg
2008.06.27 16:39 B K:\sicherung_webserver_h10__072008\berti-golf.de\public_html\bertichile\vallenevado0900\tarde1.jpg <-- www.berti-golf.de /public_html/bertichile/vallenevado0900 tarde1.jpg
2008.06.27 16:39 B K:\sicherung_webserver_h10__072008\berti-golf.de\public_html\bertichile\vallenevado0900\tarde1_tn.jpg <-- www.berti-golf.de /public_html/bertichile/vallenevado0900 tarde1_tn.jpg
2008.06.27 16:39 B K:\sicherung_webserver_h10__072008\berti-golf.de\public_html\bertichile\vallenevado0900\tarde2.jpg <-- www.berti-golf.de /public_html/bertichile/vallenevado0900 tarde2.jpg
2008.06.27 16:39 B K:\sicherung_webserver_h10__072008\berti-golf.de\public_html\bertichile\vallenevado0900\tarde2_tn.jpg <-- www.berti-golf.de /public_html/bertichile/vallenevado0900 tarde2_tn.jpg
2008.06.27 16:39 B K:\sicherung_webserver_h10__072008\berti-golf.de\public_html\bertichile\vallenevado0900\tarde3.jpg <-- www.berti-golf.de /public_html/bertichile/vallenevado0900 tarde3.jpg
2008.06.27 16:39 B K:\sicherung_webserver_h10__072008\berti-golf.de\public_html\bertichile\vallenevado0900\tarde3_tn.jpg <-- www.berti-golf.de /public_html/bertichile/vallenevado0900 tarde3_tn.jpg
2008.06.27 16:39 B K:\sicherung_webserver_h10__072008\berti-golf.de\public_html\bertichile\vallenevado0900\tarde4.jpg <-- www.berti-golf.de /public_html/bertichile/vallenevado0900 tarde4.jpg
2008.06.27 16:39 B K:\sicherung_webserver_h10__072008\berti-golf.de\public_html\bertichile\vallenevado0900\tarde4_tn.jpg <-- www.berti-golf.de /public_html/bertichile/vallenevado0900 tarde4_tn.jpg
2008.06.27 16:39 B K:\sicherung_webserver_h10__072008\berti-golf.de\public_html\bertichile\vallenevado0900\tarde5.jpg <-- www.berti-golf.de /public_html/bertichile/vallenevado0900 tarde5.jpg
2008.06.27 16:39 B K:\sicherung_webserver_h10__072008\berti-golf.de\public_html\bertichile\vallenevado0900\tarde5_tn.jpg <-- www.berti-golf.de /public_html/bertichile/vallenevado0900 tarde5_tn.jpg
2008.06.27 16:39 B K:\sicherung_webserver_h10__072008\berti-golf.de\public_html\bertichile\vallenevado0900\tarde6.jpg <-- www.berti-golf.de /public_html/bertichile/vallenevado0900 tarde6.jpg
2008.06.27 16:39 B K:\sicherung_webserver_h10__072008\berti-golf.de\public_html\bertichile\vallenevado0900\tarde6_tn.jpg <-- www.berti-golf.de /public_html/bertichile/vallenevado0900 tarde6_tn.jpg
2008.06.27 16:39 B K:\sicherung_webserver_h10__072008\berti-golf.de\public_html\bertichile\vallenevado0900\vn.html <-- www.berti-golf.de /public_html/bertichile/vallenevado0900 vn.html
2008.06.27 19:34 B K:\sicherung_webserver_h10__072008\berti-golf.de\public_html\bertichile\vallenevado0900\elcamino1.jpg --> bertigolfde.h1403220.stratoserver.net /public_html/bertichile/vallenevado0900 elcamino1.jpg
2008.06.27 19:34 B K:\sicherung_webserver_h10__072008\berti-golf.de\public_html\bertichile\vallenevado0900\elcamino1_tn.jpg --> bertigolfde.h1403220.stratoserver.net /public_html/bertichile/vallenevado0900 elcamino1_tn.jpg
2008.06.27 19:34 B K:\sicherung_webserver_h10__072008\berti-golf.de\public_html\bertichile\vallenevado0900\elcamino2.jpg --> bertigolfde.h1403220.stratoserver.net /public_html/bertichile/vallenevado0900 elcamino2.jpg
2008.06.27 19:34 B K:\sicherung_webserver_h10__072008\berti-golf.de\public_html\bertichile\vallenevado0900\elcamino2_tn.jpg --> bertigolfde.h1403220.stratoserver.net /public_html/bertichile/vallenevado0900 elcamino2_tn.jpg
2008.06.27 19:34 B K:\sicherung_webserver_h10__072008\berti-golf.de\public_html\bertichile\vallenevado0900\elplomo1.jpg --> bertigolfde.h1403220.stratoserver.net /public_html/bertichile/vallenevado0900 elplomo1.jpg
2008.06.27 19:34 B K:\sicherung_webserver_h10__072008\berti-golf.de\public_html\bertichile\vallenevado0900\elplomo1_tn.jpg --> bertigolfde.h1403220.stratoserver.net /public_html/bertichile/vallenevado0900 elplomo1_tn.jpg
2008.06.27 19:34 B K:\sicherung_webserver_h10__072008\berti-golf.de\public_html\bertichile\vallenevado0900\elplomo2.jpg --> bertigolfde.h1403220.stratoserver.net /public_html/bertichile/vallenevado0900 elplomo2.jpg
2008.06.27 19:34 B K:\sicherung_webserver_h10__072008\berti-golf.de\public_html\bertichile\vallenevado0900\elplomo2_tn.jpg --> bertigolfde.h1403220.stratoserver.net /public_html/bertichile/vallenevado0900 elplomo2_tn.jpg
2008.06.27 19:34 B K:\sicherung_webserver_h10__072008\berti-golf.de\public_html\bertichile\vallenevado0900\lamanana.jpg --> bertigolfde.h1403220.stratoserver.net /public_html/bertichile/vallenevado0900 lamanana.jpg
2008.06.27 19:34 B K:\sicherung_webserver_h10__072008\berti-golf.de\public_html\bertichile\vallenevado0900\lamanana_tn.jpg --> bertigolfde.h1403220.stratoserver.net /public_html/bertichile/vallenevado0900 lamanana_tn.jpg
2008.06.27 19:34 B K:\sicherung_webserver_h10__072008\berti-golf.de\public_html\bertichile\vallenevado0900\polvo1.jpg --> bertigolfde.h1403220.stratoserver.net /public_html/bertichile/vallenevado0900 polvo1.jpg
2008.06.27 19:34 B K:\sicherung_webserver_h10__072008\berti-golf.de\public_html\bertichile\vallenevado0900\polvo1_tn.jpg --> bertigolfde.h1403220.stratoserver.net /public_html/bertichile/vallenevado0900 polvo1_tn.jpg
2008.06.27 19:34 B K:\sicherung_webserver_h10__072008\berti-golf.de\public_html\bertichile\vallenevado0900\polvo2.jpg --> bertigolfde.h1403220.stratoserver.net /public_html/bertichile/vallenevado0900 polvo2.jpg
2008.06.27 19:34 B K:\sicherung_webserver_h10__072008\berti-golf.de\public_html\bertichile\vallenevado0900\polvo2_tn.jpg --> bertigolfde.h1403220.stratoserver.net /public_html/bertichile/vallenevado0900 polvo2_tn.jpg
2008.06.27 19:34 B K:\sicherung_webserver_h10__072008\berti-golf.de\public_html\bertichile\vallenevado0900\polvo3.jpg --> bertigolfde.h1403220.stratoserver.net /public_html/bertichile/vallenevado0900 polvo3.jpg
2008.06.27 19:34 B K:\sicherung_webserver_h10__072008\berti-golf.de\public_html\bertichile\vallenevado0900\polvo3_tn.jpg --> bertigolfde.h1403220.stratoserver.net /public_html/bertichile/vallenevado0900 polvo3_tn.jpg
2008.06.27 19:34 B K:\sicherung_webserver_h10__072008\berti-golf.de\public_html\bertichile\vallenevado0900\tarde1.jpg --> bertigolfde.h1403220.stratoserver.net /public_html/bertichile/vallenevado0900 tarde1.jpg
2008.06.27 19:34 B K:\sicherung_webserver_h10__072008\berti-golf.de\public_html\bertichile\vallenevado0900\tarde1_tn.jpg --> bertigolfde.h1403220.stratoserver.net /public_html/bertichile/vallenevado0900 tarde1_tn.jpg
2008.06.27 19:34 B K:\sicherung_webserver_h10__072008\berti-golf.de\public_html\bertichile\vallenevado0900\tarde2.jpg --> bertigolfde.h1403220.stratoserver.net /public_html/bertichile/vallenevado0900 tarde2.jpg
2008.06.27 19:34 B K:\sicherung_webserver_h10__072008\berti-golf.de\public_html\bertichile\vallenevado0900\tarde2_tn.jpg --> bertigolfde.h1403220.stratoserver.net /public_html/bertichile/vallenevado0900 tarde2_tn.jpg
2008.06.27 19:34 B K:\sicherung_webserver_h10__072008\berti-golf.de\public_html\bertichile\vallenevado0900\tarde3.jpg --> bertigolfde.h1403220.stratoserver.net /public_html/bertichile/vallenevado0900 tarde3.jpg
2008.06.27 19:34 B K:\sicherung_webserver_h10__072008\berti-golf.de\public_html\bertichile\vallenevado0900\tarde3_tn.jpg --> bertigolfde.h1403220.stratoserver.net /public_html/bertichile/vallenevado0900 tarde3_tn.jpg
2008.06.27 19:34 B K:\sicherung_webserver_h10__072008\berti-golf.de\public_html\bertichile\vallenevado0900\tarde4.jpg --> bertigolfde.h1403220.stratoserver.net /public_html/bertichile/vallenevado0900 tarde4.jpg
2008.06.27 19:34 B K:\sicherung_webserver_h10__072008\berti-golf.de\public_html\bertichile\vallenevado0900\tarde4_tn.jpg --> bertigolfde.h1403220.stratoserver.net /public_html/bertichile/vallenevado0900 tarde4_tn.jpg
2008.06.27 19:34 B K:\sicherung_webserver_h10__072008\berti-golf.de\public_html\bertichile\vallenevado0900\tarde5.jpg --> bertigolfde.h1403220.stratoserver.net /public_html/bertichile/vallenevado0900 tarde5.jpg
2008.06.27 19:34 B K:\sicherung_webserver_h10__072008\berti-golf.de\public_html\bertichile\vallenevado0900\tarde5_tn.jpg --> bertigolfde.h1403220.stratoserver.net /public_html/bertichile/vallenevado0900 tarde5_tn.jpg
2008.06.27 19:34 B K:\sicherung_webserver_h10__072008\berti-golf.de\public_html\bertichile\vallenevado0900\tarde6.jpg --> bertigolfde.h1403220.stratoserver.net /public_html/bertichile/vallenevado0900 tarde6.jpg
2008.06.27 19:34 B K:\sicherung_webserver_h10__072008\berti-golf.de\public_html\bertichile\vallenevado0900\tarde6_tn.jpg --> bertigolfde.h1403220.stratoserver.net /public_html/bertichile/vallenevado0900 tarde6_tn.jpg
2008.06.27 19:34 B K:\sicherung_webserver_h10__072008\berti-golf.de\public_html\bertichile\vallenevado0900\vn.html --> bertigolfde.h1403220.stratoserver.net /public_html/bertichile/vallenevado0900 vn.html
2009.05.01 07:23 B Z:\home\Berti\public_html\www.berti-golf.de\bertichile\vallenevado0900\WS_FTP.LOG <-- bertigolfde.h1403220.stratoserver.net /public_html/bertichile/vallenevado0900 WS_FTP.LOG
2009.12.08 18:08 B Z:\home\Berti\public_html\www.berti-golf.de\bertichile\vallenevado0900\elcamino1.jpg --> h1667152.stratoserver.net /httpdocs/bertichile/vallenevado0900 elcamino1.jpg
2009.12.08 18:08 B Z:\home\Berti\public_html\www.berti-golf.de\bertichile\vallenevado0900\elcamino1_tn.jpg --> h1667152.stratoserver.net /httpdocs/bertichile/vallenevado0900 elcamino1_tn.jpg
2009.12.08 18:08 B Z:\home\Berti\public_html\www.berti-golf.de\bertichile\vallenevado0900\elcamino2.jpg --> h1667152.stratoserver.net /httpdocs/bertichile/vallenevado0900 elcamino2.jpg
2009.12.08 18:08 B Z:\home\Berti\public_html\www.berti-golf.de\bertichile\vallenevado0900\elcamino2_tn.jpg --> h1667152.stratoserver.net /httpdocs/bertichile/vallenevado0900 elcamino2_tn.jpg
2009.12.08 18:08 B Z:\home\Berti\public_html\www.berti-golf.de\bertichile\vallenevado0900\elplomo1.jpg --> h1667152.stratoserver.net /httpdocs/bertichile/vallenevado0900 elplomo1.jpg
2009.12.08 18:08 B Z:\home\Berti\public_html\www.berti-golf.de\bertichile\vallenevado0900\elplomo1_tn.jpg --> h1667152.stratoserver.net /httpdocs/bertichile/vallenevado0900 elplomo1_tn.jpg
2009.12.08 18:08 B Z:\home\Berti\public_html\www.berti-golf.de\bertichile\vallenevado0900\elplomo2.jpg --> h1667152.stratoserver.net /httpdocs/bertichile/vallenevado0900 elplomo2.jpg
2009.12.08 18:08 B Z:\home\Berti\public_html\www.berti-golf.de\bertichile\vallenevado0900\elplomo2_tn.jpg --> h1667152.stratoserver.net /httpdocs/bertichile/vallenevado0900 elplomo2_tn.jpg
2009.12.08 18:08 B Z:\home\Berti\public_html\www.berti-golf.de\bertichile\vallenevado0900\lamanana.jpg --> h1667152.stratoserver.net /httpdocs/bertichile/vallenevado0900 lamanana.jpg
2009.12.08 18:08 B Z:\home\Berti\public_html\www.berti-golf.de\bertichile\vallenevado0900\lamanana_tn.jpg --> h1667152.stratoserver.net /httpdocs/bertichile/vallenevado0900 lamanana_tn.jpg
2009.12.08 18:08 B Z:\home\Berti\public_html\www.berti-golf.de\bertichile\vallenevado0900\polvo1.jpg --> h1667152.stratoserver.net /httpdocs/bertichile/vallenevado0900 polvo1.jpg
2009.12.08 18:08 B Z:\home\Berti\public_html\www.berti-golf.de\bertichile\vallenevado0900\polvo1_tn.jpg --> h1667152.stratoserver.net /httpdocs/bertichile/vallenevado0900 polvo1_tn.jpg
2009.12.08 18:08 B Z:\home\Berti\public_html\www.berti-golf.de\bertichile\vallenevado0900\polvo2.jpg --> h1667152.stratoserver.net /httpdocs/bertichile/vallenevado0900 polvo2.jpg
2009.12.08 18:08 B Z:\home\Berti\public_html\www.berti-golf.de\bertichile\vallenevado0900\polvo2_tn.jpg --> h1667152.stratoserver.net /httpdocs/bertichile/vallenevado0900 polvo2_tn.jpg
2009.12.08 18:08 B Z:\home\Berti\public_html\www.berti-golf.de\bertichile\vallenevado0900\polvo3.jpg --> h1667152.stratoserver.net /httpdocs/bertichile/vallenevado0900 polvo3.jpg
2009.12.08 18:08 B Z:\home\Berti\public_html\www.berti-golf.de\bertichile\vallenevado0900\polvo3_tn.jpg --> h1667152.stratoserver.net /httpdocs/bertichile/vallenevado0900 polvo3_tn.jpg
2009.12.08 18:08 B Z:\home\Berti\public_html\www.berti-golf.de\bertichile\vallenevado0900\tarde1.jpg --> h1667152.stratoserver.net /httpdocs/bertichile/vallenevado0900 tarde1.jpg
2009.12.08 18:08 B Z:\home\Berti\public_html\www.berti-golf.de\bertichile\vallenevado0900\tarde1_tn.jpg --> h1667152.stratoserver.net /httpdocs/bertichile/vallenevado0900 tarde1_tn.jpg
2009.12.08 18:08 B Z:\home\Berti\public_html\www.berti-golf.de\bertichile\vallenevado0900\tarde2.jpg --> h1667152.stratoserver.net /httpdocs/bertichile/vallenevado0900 tarde2.jpg
2009.12.08 18:08 B Z:\home\Berti\public_html\www.berti-golf.de\bertichile\vallenevado0900\tarde2_tn.jpg --> h1667152.stratoserver.net /httpdocs/bertichile/vallenevado0900 tarde2_tn.jpg
2009.12.08 18:08 B Z:\home\Berti\public_html\www.berti-golf.de\bertichile\vallenevado0900\tarde3.jpg --> h1667152.stratoserver.net /httpdocs/bertichile/vallenevado0900 tarde3.jpg
2009.12.08 18:08 B Z:\home\Berti\public_html\www.berti-golf.de\bertichile\vallenevado0900\tarde3_tn.jpg --> h1667152.stratoserver.net /httpdocs/bertichile/vallenevado0900 tarde3_tn.jpg
2009.12.08 18:08 B Z:\home\Berti\public_html\www.berti-golf.de\bertichile\vallenevado0900\tarde4.jpg --> h1667152.stratoserver.net /httpdocs/bertichile/vallenevado0900 tarde4.jpg
2009.12.08 18:08 B Z:\home\Berti\public_html\www.berti-golf.de\bertichile\vallenevado0900\tarde4_tn.jpg --> h1667152.stratoserver.net /httpdocs/bertichile/vallenevado0900 tarde4_tn.jpg
2009.12.08 18:08 B Z:\home\Berti\public_html\www.berti-golf.de\bertichile\vallenevado0900\tarde5.jpg --> h1667152.stratoserver.net /httpdocs/bertichile/vallenevado0900 tarde5.jpg
2009.12.08 18:08 B Z:\home\Berti\public_html\www.berti-golf.de\bertichile\vallenevado0900\tarde5_tn.jpg --> h1667152.stratoserver.net /httpdocs/bertichile/vallenevado0900 tarde5_tn.jpg
2009.12.08 18:08 B Z:\home\Berti\public_html\www.berti-golf.de\bertichile\vallenevado0900\tarde6.jpg --> h1667152.stratoserver.net /httpdocs/bertichile/vallenevado0900 tarde6.jpg
2009.12.08 18:08 B Z:\home\Berti\public_html\www.berti-golf.de\bertichile\vallenevado0900\tarde6_tn.jpg --> h1667152.stratoserver.net /httpdocs/bertichile/vallenevado0900 tarde6_tn.jpg
2009.12.08 18:08 B Z:\home\Berti\public_html\www.berti-golf.de\bertichile\vallenevado0900\vn.html --> h1667152.stratoserver.net /httpdocs/bertichile/vallenevado0900 vn.html
