2008.06.27 16:29 B K:\sicherung_webserver_h10__072008\berti-golf.de\public_html\bertichile\pichicui\_vti_cnf\aco-lagunadeinkas2.jpg <-- www.berti-golf.de /public_html/bertichile/pichicui/_vti_cnf aco-lagunadeinkas2.jpg
2008.06.27 16:29 B K:\sicherung_webserver_h10__072008\berti-golf.de\public_html\bertichile\pichicui\_vti_cnf\aco-padres-puente1.jpg <-- www.berti-golf.de /public_html/bertichile/pichicui/_vti_cnf aco-padres-puente1.jpg
2008.06.27 16:29 B K:\sicherung_webserver_h10__072008\berti-golf.de\public_html\bertichile\pichicui\_vti_cnf\aco-padres-puente2.jpg <-- www.berti-golf.de /public_html/bertichile/pichicui/_vti_cnf aco-padres-puente2.jpg
2008.06.27 16:29 B K:\sicherung_webserver_h10__072008\berti-golf.de\public_html\bertichile\pichicui\_vti_cnf\aco-papel1.jpg <-- www.berti-golf.de /public_html/bertichile/pichicui/_vti_cnf aco-papel1.jpg
2008.06.27 16:29 B K:\sicherung_webserver_h10__072008\berti-golf.de\public_html\bertichile\pichicui\_vti_cnf\aco-papel2.jpg <-- www.berti-golf.de /public_html/bertichile/pichicui/_vti_cnf aco-papel2.jpg
2008.06.27 16:29 B K:\sicherung_webserver_h10__072008\berti-golf.de\public_html\bertichile\pichicui\_vti_cnf\aco-puente1.jpg <-- www.berti-golf.de /public_html/bertichile/pichicui/_vti_cnf aco-puente1.jpg
2008.06.27 16:29 B K:\sicherung_webserver_h10__072008\berti-golf.de\public_html\bertichile\pichicui\_vti_cnf\aco-puente3.jpg <-- www.berti-golf.de /public_html/bertichile/pichicui/_vti_cnf aco-puente3.jpg
2008.06.27 16:29 B K:\sicherung_webserver_h10__072008\berti-golf.de\public_html\bertichile\pichicui\_vti_cnf\aco-puentedeinkas1.jpg <-- www.berti-golf.de /public_html/bertichile/pichicui/_vti_cnf aco-puentedeinkas1.jpg
2008.06.27 16:29 B K:\sicherung_webserver_h10__072008\berti-golf.de\public_html\bertichile\pichicui\_vti_cnf\aco-puentedeinkas11.jpg <-- www.berti-golf.de /public_html/bertichile/pichicui/_vti_cnf aco-puentedeinkas11.jpg
2008.06.27 16:29 B K:\sicherung_webserver_h10__072008\berti-golf.de\public_html\bertichile\pichicui\_vti_cnf\aco-puentedeinkas14.jpg <-- www.berti-golf.de /public_html/bertichile/pichicui/_vti_cnf aco-puentedeinkas14.jpg
2008.06.27 16:29 B K:\sicherung_webserver_h10__072008\berti-golf.de\public_html\bertichile\pichicui\_vti_cnf\aco-puentedeinkas16.jpg <-- www.berti-golf.de /public_html/bertichile/pichicui/_vti_cnf aco-puentedeinkas16.jpg
2008.06.27 16:29 B K:\sicherung_webserver_h10__072008\berti-golf.de\public_html\bertichile\pichicui\_vti_cnf\aco-puentedeinkas19.jpg <-- www.berti-golf.de /public_html/bertichile/pichicui/_vti_cnf aco-puentedeinkas19.jpg
2008.06.27 16:29 B K:\sicherung_webserver_h10__072008\berti-golf.de\public_html\bertichile\pichicui\_vti_cnf\aco-puentedeinkas3.jpg <-- www.berti-golf.de /public_html/bertichile/pichicui/_vti_cnf aco-puentedeinkas3.jpg
2008.06.27 16:29 B K:\sicherung_webserver_h10__072008\berti-golf.de\public_html\bertichile\pichicui\_vti_cnf\aco-puentedeinkas6.jpg <-- www.berti-golf.de /public_html/bertichile/pichicui/_vti_cnf aco-puentedeinkas6.jpg
2008.06.27 16:29 B K:\sicherung_webserver_h10__072008\berti-golf.de\public_html\bertichile\pichicui\_vti_cnf\aco-puentedeinkas8.jpg <-- www.berti-golf.de /public_html/bertichile/pichicui/_vti_cnf aco-puentedeinkas8.jpg
2008.06.27 16:29 B K:\sicherung_webserver_h10__072008\berti-golf.de\public_html\bertichile\pichicui\_vti_cnf\berticonpadres.jpg <-- www.berti-golf.de /public_html/bertichile/pichicui/_vti_cnf berticonpadres.jpg
2008.06.27 16:29 B K:\sicherung_webserver_h10__072008\berti-golf.de\public_html\bertichile\pichicui\_vti_cnf\berticonpadres2.jpg <-- www.berti-golf.de /public_html/bertichile/pichicui/_vti_cnf berticonpadres2.jpg
2008.06.27 16:29 B K:\sicherung_webserver_h10__072008\berti-golf.de\public_html\bertichile\pichicui\_vti_cnf\berticonpadres_tn.jpg <-- www.berti-golf.de /public_html/bertichile/pichicui/_vti_cnf berticonpadres_tn.jpg
2008.06.27 16:29 B K:\sicherung_webserver_h10__072008\berti-golf.de\public_html\bertichile\pichicui\_vti_cnf\blowhole.jpg <-- www.berti-golf.de /public_html/bertichile/pichicui/_vti_cnf blowhole.jpg
2008.06.27 16:29 B K:\sicherung_webserver_h10__072008\berti-golf.de\public_html\bertichile\pichicui\_vti_cnf\blowhole_tn.jpg <-- www.berti-golf.de /public_html/bertichile/pichicui/_vti_cnf blowhole_tn.jpg
2008.06.27 16:29 B K:\sicherung_webserver_h10__072008\berti-golf.de\public_html\bertichile\pichicui\_vti_cnf\caballos-playa.jpg <-- www.berti-golf.de /public_html/bertichile/pichicui/_vti_cnf caballos-playa.jpg
2008.06.27 16:29 B K:\sicherung_webserver_h10__072008\berti-golf.de\public_html\bertichile\pichicui\_vti_cnf\caballos-playa_tn.jpg <-- www.berti-golf.de /public_html/bertichile/pichicui/_vti_cnf caballos-playa_tn.jpg
2008.06.27 16:29 B K:\sicherung_webserver_h10__072008\berti-golf.de\public_html\bertichile\pichicui\_vti_cnf\erdi-trotar.jpg <-- www.berti-golf.de /public_html/bertichile/pichicui/_vti_cnf erdi-trotar.jpg
2008.06.27 16:29 B K:\sicherung_webserver_h10__072008\berti-golf.de\public_html\bertichile\pichicui\_vti_cnf\iglesia-interior.jpg <-- www.berti-golf.de /public_html/bertichile/pichicui/_vti_cnf iglesia-interior.jpg
2008.06.27 16:29 B K:\sicherung_webserver_h10__072008\berti-golf.de\public_html\bertichile\pichicui\_vti_cnf\iglesia-interior2.jpg <-- www.berti-golf.de /public_html/bertichile/pichicui/_vti_cnf iglesia-interior2.jpg
2008.06.27 16:29 B K:\sicherung_webserver_h10__072008\berti-golf.de\public_html\bertichile\pichicui\_vti_cnf\iglesia-interior2_tn.jpg <-- www.berti-golf.de /public_html/bertichile/pichicui/_vti_cnf iglesia-interior2_tn.jpg
2008.06.27 16:29 B K:\sicherung_webserver_h10__072008\berti-golf.de\public_html\bertichile\pichicui\_vti_cnf\iglesia-interior3.jpg <-- www.berti-golf.de /public_html/bertichile/pichicui/_vti_cnf iglesia-interior3.jpg
2008.06.27 16:29 B K:\sicherung_webserver_h10__072008\berti-golf.de\public_html\bertichile\pichicui\_vti_cnf\iglesia-interior4.jpg <-- www.berti-golf.de /public_html/bertichile/pichicui/_vti_cnf iglesia-interior4.jpg
2008.06.27 16:29 B K:\sicherung_webserver_h10__072008\berti-golf.de\public_html\bertichile\pichicui\_vti_cnf\iglesia-interior_tn.jpg <-- www.berti-golf.de /public_html/bertichile/pichicui/_vti_cnf iglesia-interior_tn.jpg
2008.06.27 16:29 B K:\sicherung_webserver_h10__072008\berti-golf.de\public_html\bertichile\pichicui\_vti_cnf\iglesia.jpg <-- www.berti-golf.de /public_html/bertichile/pichicui/_vti_cnf iglesia.jpg
2008.06.27 16:29 B K:\sicherung_webserver_h10__072008\berti-golf.de\public_html\bertichile\pichicui\_vti_cnf\iglesia_tn.jpg <-- www.berti-golf.de /public_html/bertichile/pichicui/_vti_cnf iglesia_tn.jpg
2008.06.27 16:29 B K:\sicherung_webserver_h10__072008\berti-golf.de\public_html\bertichile\pichicui\_vti_cnf\inglesia2.jpg <-- www.berti-golf.de /public_html/bertichile/pichicui/_vti_cnf inglesia2.jpg
2008.06.27 16:29 B K:\sicherung_webserver_h10__072008\berti-golf.de\public_html\bertichile\pichicui\_vti_cnf\isladelosrobos.jpg <-- www.berti-golf.de /public_html/bertichile/pichicui/_vti_cnf isladelosrobos.jpg
2008.06.27 16:29 B K:\sicherung_webserver_h10__072008\berti-golf.de\public_html\bertichile\pichicui\_vti_cnf\isladelosrobos_tn.jpg <-- www.berti-golf.de /public_html/bertichile/pichicui/_vti_cnf isladelosrobos_tn.jpg
2008.06.27 16:29 B K:\sicherung_webserver_h10__072008\berti-golf.de\public_html\bertichile\pichicui\_vti_cnf\jeep-playa1.jpg <-- www.berti-golf.de /public_html/bertichile/pichicui/_vti_cnf jeep-playa1.jpg
2008.06.27 16:29 B K:\sicherung_webserver_h10__072008\berti-golf.de\public_html\bertichile\pichicui\_vti_cnf\jeep-playa1_tn.jpg <-- www.berti-golf.de /public_html/bertichile/pichicui/_vti_cnf jeep-playa1_tn.jpg
2008.06.27 16:29 B K:\sicherung_webserver_h10__072008\berti-golf.de\public_html\bertichile\pichicui\_vti_cnf\jeep-playa2.jpg <-- www.berti-golf.de /public_html/bertichile/pichicui/_vti_cnf jeep-playa2.jpg
2008.06.27 16:29 B K:\sicherung_webserver_h10__072008\berti-golf.de\public_html\bertichile\pichicui\_vti_cnf\jeep-playa3.jpg <-- www.berti-golf.de /public_html/bertichile/pichicui/_vti_cnf jeep-playa3.jpg
2008.06.27 16:29 B K:\sicherung_webserver_h10__072008\berti-golf.de\public_html\bertichile\pichicui\_vti_cnf\jeep-playa3_tn.jpg <-- www.berti-golf.de /public_html/bertichile/pichicui/_vti_cnf jeep-playa3_tn.jpg
2008.06.27 16:29 B K:\sicherung_webserver_h10__072008\berti-golf.de\public_html\bertichile\pichicui\_vti_cnf\losrobos1.jpg <-- www.berti-golf.de /public_html/bertichile/pichicui/_vti_cnf losrobos1.jpg
2008.06.27 16:29 B K:\sicherung_webserver_h10__072008\berti-golf.de\public_html\bertichile\pichicui\_vti_cnf\losrobos2.jpg <-- www.berti-golf.de /public_html/bertichile/pichicui/_vti_cnf losrobos2.jpg
2008.06.27 16:29 B K:\sicherung_webserver_h10__072008\berti-golf.de\public_html\bertichile\pichicui\_vti_cnf\losrobos3.jpg <-- www.berti-golf.de /public_html/bertichile/pichicui/_vti_cnf losrobos3.jpg
2008.06.27 16:29 B K:\sicherung_webserver_h10__072008\berti-golf.de\public_html\bertichile\pichicui\_vti_cnf\losrobos3_tn.jpg <-- www.berti-golf.de /public_html/bertichile/pichicui/_vti_cnf losrobos3_tn.jpg
2008.06.27 16:29 B K:\sicherung_webserver_h10__072008\berti-golf.de\public_html\bertichile\pichicui\_vti_cnf\losrobos4.jpg <-- www.berti-golf.de /public_html/bertichile/pichicui/_vti_cnf losrobos4.jpg
2008.06.27 16:29 B K:\sicherung_webserver_h10__072008\berti-golf.de\public_html\bertichile\pichicui\_vti_cnf\losrobos5.jpg <-- www.berti-golf.de /public_html/bertichile/pichicui/_vti_cnf losrobos5.jpg
2008.06.27 16:29 B K:\sicherung_webserver_h10__072008\berti-golf.de\public_html\bertichile\pichicui\_vti_cnf\losrobos6.jpg <-- www.berti-golf.de /public_html/bertichile/pichicui/_vti_cnf losrobos6.jpg
2008.06.27 16:29 B K:\sicherung_webserver_h10__072008\berti-golf.de\public_html\bertichile\pichicui\_vti_cnf\losrobos7.jpg <-- www.berti-golf.de /public_html/bertichile/pichicui/_vti_cnf losrobos7.jpg
2008.06.27 16:29 B K:\sicherung_webserver_h10__072008\berti-golf.de\public_html\bertichile\pichicui\_vti_cnf\papaenjeep.jpg <-- www.berti-golf.de /public_html/bertichile/pichicui/_vti_cnf papaenjeep.jpg
2008.06.27 16:29 B K:\sicherung_webserver_h10__072008\berti-golf.de\public_html\bertichile\pichicui\_vti_cnf\papaenjeep_tn.jpg <-- www.berti-golf.de /public_html/bertichile/pichicui/_vti_cnf papaenjeep_tn.jpg
2008.06.27 16:29 B K:\sicherung_webserver_h10__072008\berti-golf.de\public_html\bertichile\pichicui\_vti_cnf\pelicano2.jpg <-- www.berti-golf.de /public_html/bertichile/pichicui/_vti_cnf pelicano2.jpg
2008.06.27 16:29 B K:\sicherung_webserver_h10__072008\berti-golf.de\public_html\bertichile\pichicui\_vti_cnf\pelicano2_tn.jpg <-- www.berti-golf.de /public_html/bertichile/pichicui/_vti_cnf pelicano2_tn.jpg
2008.06.27 16:29 B K:\sicherung_webserver_h10__072008\berti-golf.de\public_html\bertichile\pichicui\_vti_cnf\pelicanos.jpg <-- www.berti-golf.de /public_html/bertichile/pichicui/_vti_cnf pelicanos.jpg
2008.06.27 16:29 B K:\sicherung_webserver_h10__072008\berti-golf.de\public_html\bertichile\pichicui\_vti_cnf\pelicanos3.jpg <-- www.berti-golf.de /public_html/bertichile/pichicui/_vti_cnf pelicanos3.jpg
2008.06.27 16:29 B K:\sicherung_webserver_h10__072008\berti-golf.de\public_html\bertichile\pichicui\_vti_cnf\pelicanos3_tn.jpg <-- www.berti-golf.de /public_html/bertichile/pichicui/_vti_cnf pelicanos3_tn.jpg
2008.06.27 16:29 B K:\sicherung_webserver_h10__072008\berti-golf.de\public_html\bertichile\pichicui\_vti_cnf\pelicanos5.jpg <-- www.berti-golf.de /public_html/bertichile/pichicui/_vti_cnf pelicanos5.jpg
2008.06.27 16:29 B K:\sicherung_webserver_h10__072008\berti-golf.de\public_html\bertichile\pichicui\_vti_cnf\pelicanos_tn.jpg <-- www.berti-golf.de /public_html/bertichile/pichicui/_vti_cnf pelicanos_tn.jpg
2008.06.27 16:29 B K:\sicherung_webserver_h10__072008\berti-golf.de\public_html\bertichile\pichicui\_vti_cnf\pichi.html <-- www.berti-golf.de /public_html/bertichile/pichicui/_vti_cnf pichi.html
2008.06.27 16:29 B K:\sicherung_webserver_h10__072008\berti-golf.de\public_html\bertichile\pichicui\_vti_cnf\pichicuy-papa.jpg <-- www.berti-golf.de /public_html/bertichile/pichicui/_vti_cnf pichicuy-papa.jpg
2008.06.27 16:29 B K:\sicherung_webserver_h10__072008\berti-golf.de\public_html\bertichile\pichicui\_vti_cnf\pichicuy-papa_tn.jpg <-- www.berti-golf.de /public_html/bertichile/pichicui/_vti_cnf pichicuy-papa_tn.jpg
2008.06.27 16:29 B K:\sicherung_webserver_h10__072008\berti-golf.de\public_html\bertichile\pichicui\_vti_cnf\pichicuy.jpg <-- www.berti-golf.de /public_html/bertichile/pichicui/_vti_cnf pichicuy.jpg
2008.06.27 16:29 B K:\sicherung_webserver_h10__072008\berti-golf.de\public_html\bertichile\pichicui\_vti_cnf\pichicuy1.jpg <-- www.berti-golf.de /public_html/bertichile/pichicui/_vti_cnf pichicuy1.jpg
2008.06.27 16:29 B K:\sicherung_webserver_h10__072008\berti-golf.de\public_html\bertichile\pichicui\_vti_cnf\pichicuy1_tn.jpg <-- www.berti-golf.de /public_html/bertichile/pichicui/_vti_cnf pichicuy1_tn.jpg
2008.06.27 16:29 B K:\sicherung_webserver_h10__072008\berti-golf.de\public_html\bertichile\pichicui\_vti_cnf\pichicuy2.jpg <-- www.berti-golf.de /public_html/bertichile/pichicui/_vti_cnf pichicuy2.jpg
2008.06.27 16:29 B K:\sicherung_webserver_h10__072008\berti-golf.de\public_html\bertichile\pichicui\_vti_cnf\pichicuy2_tn.jpg <-- www.berti-golf.de /public_html/bertichile/pichicui/_vti_cnf pichicuy2_tn.jpg
2008.06.27 16:29 B K:\sicherung_webserver_h10__072008\berti-golf.de\public_html\bertichile\pichicui\_vti_cnf\pichicuy3.jpg <-- www.berti-golf.de /public_html/bertichile/pichicui/_vti_cnf pichicuy3.jpg
2008.06.27 16:29 B K:\sicherung_webserver_h10__072008\berti-golf.de\public_html\bertichile\pichicui\_vti_cnf\pichicuy3_tn.jpg <-- www.berti-golf.de /public_html/bertichile/pichicui/_vti_cnf pichicuy3_tn.jpg
2008.06.27 16:29 B K:\sicherung_webserver_h10__072008\berti-golf.de\public_html\bertichile\pichicui\_vti_cnf\pichicuy4.jpg <-- www.berti-golf.de /public_html/bertichile/pichicui/_vti_cnf pichicuy4.jpg
2008.06.27 16:29 B K:\sicherung_webserver_h10__072008\berti-golf.de\public_html\bertichile\pichicui\_vti_cnf\pichicuy5.jpg <-- www.berti-golf.de /public_html/bertichile/pichicui/_vti_cnf pichicuy5.jpg
2008.06.27 16:29 B K:\sicherung_webserver_h10__072008\berti-golf.de\public_html\bertichile\pichicui\_vti_cnf\pichicuy5_tn.jpg <-- www.berti-golf.de /public_html/bertichile/pichicui/_vti_cnf pichicuy5_tn.jpg
2008.06.27 16:29 B K:\sicherung_webserver_h10__072008\berti-golf.de\public_html\bertichile\pichicui\_vti_cnf\pinguin1.jpg <-- www.berti-golf.de /public_html/bertichile/pichicui/_vti_cnf pinguin1.jpg
2008.06.27 16:29 B K:\sicherung_webserver_h10__072008\berti-golf.de\public_html\bertichile\pichicui\_vti_cnf\pinguin1_tn.jpg <-- www.berti-golf.de /public_html/bertichile/pichicui/_vti_cnf pinguin1_tn.jpg
2008.06.27 16:30 B K:\sicherung_webserver_h10__072008\berti-golf.de\public_html\bertichile\pichicui\_vti_cnf\pinguin2.jpg <-- www.berti-golf.de /public_html/bertichile/pichicui/_vti_cnf pinguin2.jpg
2008.06.27 16:30 B K:\sicherung_webserver_h10__072008\berti-golf.de\public_html\bertichile\pichicui\_vti_cnf\puguen.mpg <-- www.berti-golf.de /public_html/bertichile/pichicui/_vti_cnf puguen.mpg
2008.06.27 16:30 B K:\sicherung_webserver_h10__072008\berti-golf.de\public_html\bertichile\pichicui\_vti_cnf\scl-padres-chico.jpg <-- www.berti-golf.de /public_html/bertichile/pichicui/_vti_cnf scl-padres-chico.jpg
2008.06.27 16:30 B K:\sicherung_webserver_h10__072008\berti-golf.de\public_html\bertichile\pichicui\_vti_cnf\vorlage.html <-- www.berti-golf.de /public_html/bertichile/pichicui/_vti_cnf vorlage.html
2008.06.27 19:24 B K:\sicherung_webserver_h10__072008\berti-golf.de\public_html\bertichile\pichicui\_vti_cnf\aco-lagunadeinkas2.jpg --> bertigolfde.h1403220.stratoserver.net /public_html/bertichile/pichicui/_vti_cnf aco-lagunadeinkas2.jpg
2008.06.27 19:24 B K:\sicherung_webserver_h10__072008\berti-golf.de\public_html\bertichile\pichicui\_vti_cnf\aco-padres-puente1.jpg --> bertigolfde.h1403220.stratoserver.net /public_html/bertichile/pichicui/_vti_cnf aco-padres-puente1.jpg
2008.06.27 19:24 B K:\sicherung_webserver_h10__072008\berti-golf.de\public_html\bertichile\pichicui\_vti_cnf\aco-padres-puente2.jpg --> bertigolfde.h1403220.stratoserver.net /public_html/bertichile/pichicui/_vti_cnf aco-padres-puente2.jpg
2008.06.27 19:24 B K:\sicherung_webserver_h10__072008\berti-golf.de\public_html\bertichile\pichicui\_vti_cnf\aco-papel1.jpg --> bertigolfde.h1403220.stratoserver.net /public_html/bertichile/pichicui/_vti_cnf aco-papel1.jpg
2008.06.27 19:24 B K:\sicherung_webserver_h10__072008\berti-golf.de\public_html\bertichile\pichicui\_vti_cnf\aco-papel2.jpg --> bertigolfde.h1403220.stratoserver.net /public_html/bertichile/pichicui/_vti_cnf aco-papel2.jpg
2008.06.27 19:24 B K:\sicherung_webserver_h10__072008\berti-golf.de\public_html\bertichile\pichicui\_vti_cnf\aco-puente1.jpg --> bertigolfde.h1403220.stratoserver.net /public_html/bertichile/pichicui/_vti_cnf aco-puente1.jpg
2008.06.27 19:24 B K:\sicherung_webserver_h10__072008\berti-golf.de\public_html\bertichile\pichicui\_vti_cnf\aco-puente3.jpg --> bertigolfde.h1403220.stratoserver.net /public_html/bertichile/pichicui/_vti_cnf aco-puente3.jpg
2008.06.27 19:24 B K:\sicherung_webserver_h10__072008\berti-golf.de\public_html\bertichile\pichicui\_vti_cnf\aco-puentedeinkas1.jpg --> bertigolfde.h1403220.stratoserver.net /public_html/bertichile/pichicui/_vti_cnf aco-puentedeinkas1.jpg
2008.06.27 19:24 B K:\sicherung_webserver_h10__072008\berti-golf.de\public_html\bertichile\pichicui\_vti_cnf\aco-puentedeinkas11.jpg --> bertigolfde.h1403220.stratoserver.net /public_html/bertichile/pichicui/_vti_cnf aco-puentedeinkas11.jpg
2008.06.27 19:24 B K:\sicherung_webserver_h10__072008\berti-golf.de\public_html\bertichile\pichicui\_vti_cnf\aco-puentedeinkas14.jpg --> bertigolfde.h1403220.stratoserver.net /public_html/bertichile/pichicui/_vti_cnf aco-puentedeinkas14.jpg
2008.06.27 19:24 B K:\sicherung_webserver_h10__072008\berti-golf.de\public_html\bertichile\pichicui\_vti_cnf\aco-puentedeinkas16.jpg --> bertigolfde.h1403220.stratoserver.net /public_html/bertichile/pichicui/_vti_cnf aco-puentedeinkas16.jpg
2008.06.27 19:24 B K:\sicherung_webserver_h10__072008\berti-golf.de\public_html\bertichile\pichicui\_vti_cnf\aco-puentedeinkas19.jpg --> bertigolfde.h1403220.stratoserver.net /public_html/bertichile/pichicui/_vti_cnf aco-puentedeinkas19.jpg
2008.06.27 19:24 B K:\sicherung_webserver_h10__072008\berti-golf.de\public_html\bertichile\pichicui\_vti_cnf\aco-puentedeinkas3.jpg --> bertigolfde.h1403220.stratoserver.net /public_html/bertichile/pichicui/_vti_cnf aco-puentedeinkas3.jpg
2008.06.27 19:24 B K:\sicherung_webserver_h10__072008\berti-golf.de\public_html\bertichile\pichicui\_vti_cnf\aco-puentedeinkas6.jpg --> bertigolfde.h1403220.stratoserver.net /public_html/bertichile/pichicui/_vti_cnf aco-puentedeinkas6.jpg
2008.06.27 19:24 B K:\sicherung_webserver_h10__072008\berti-golf.de\public_html\bertichile\pichicui\_vti_cnf\aco-puentedeinkas8.jpg --> bertigolfde.h1403220.stratoserver.net /public_html/bertichile/pichicui/_vti_cnf aco-puentedeinkas8.jpg
2008.06.27 19:24 B K:\sicherung_webserver_h10__072008\berti-golf.de\public_html\bertichile\pichicui\_vti_cnf\berticonpadres.jpg --> bertigolfde.h1403220.stratoserver.net /public_html/bertichile/pichicui/_vti_cnf berticonpadres.jpg
2008.06.27 19:24 B K:\sicherung_webserver_h10__072008\berti-golf.de\public_html\bertichile\pichicui\_vti_cnf\berticonpadres2.jpg --> bertigolfde.h1403220.stratoserver.net /public_html/bertichile/pichicui/_vti_cnf berticonpadres2.jpg
2008.06.27 19:24 B K:\sicherung_webserver_h10__072008\berti-golf.de\public_html\bertichile\pichicui\_vti_cnf\berticonpadres_tn.jpg --> bertigolfde.h1403220.stratoserver.net /public_html/bertichile/pichicui/_vti_cnf berticonpadres_tn.jpg
2008.06.27 19:24 B K:\sicherung_webserver_h10__072008\berti-golf.de\public_html\bertichile\pichicui\_vti_cnf\blowhole.jpg --> bertigolfde.h1403220.stratoserver.net /public_html/bertichile/pichicui/_vti_cnf blowhole.jpg
2008.06.27 19:24 B K:\sicherung_webserver_h10__072008\berti-golf.de\public_html\bertichile\pichicui\_vti_cnf\blowhole_tn.jpg --> bertigolfde.h1403220.stratoserver.net /public_html/bertichile/pichicui/_vti_cnf blowhole_tn.jpg
2008.06.27 19:24 B K:\sicherung_webserver_h10__072008\berti-golf.de\public_html\bertichile\pichicui\_vti_cnf\caballos-playa.jpg --> bertigolfde.h1403220.stratoserver.net /public_html/bertichile/pichicui/_vti_cnf caballos-playa.jpg
2008.06.27 19:24 B K:\sicherung_webserver_h10__072008\berti-golf.de\public_html\bertichile\pichicui\_vti_cnf\caballos-playa_tn.jpg --> bertigolfde.h1403220.stratoserver.net /public_html/bertichile/pichicui/_vti_cnf caballos-playa_tn.jpg
2008.06.27 19:24 B K:\sicherung_webserver_h10__072008\berti-golf.de\public_html\bertichile\pichicui\_vti_cnf\erdi-trotar.jpg --> bertigolfde.h1403220.stratoserver.net /public_html/bertichile/pichicui/_vti_cnf erdi-trotar.jpg
2008.06.27 19:24 B K:\sicherung_webserver_h10__072008\berti-golf.de\public_html\bertichile\pichicui\_vti_cnf\iglesia-interior.jpg --> bertigolfde.h1403220.stratoserver.net /public_html/bertichile/pichicui/_vti_cnf iglesia-interior.jpg
2008.06.27 19:24 B K:\sicherung_webserver_h10__072008\berti-golf.de\public_html\bertichile\pichicui\_vti_cnf\iglesia-interior2.jpg --> bertigolfde.h1403220.stratoserver.net /public_html/bertichile/pichicui/_vti_cnf iglesia-interior2.jpg
2008.06.27 19:24 B K:\sicherung_webserver_h10__072008\berti-golf.de\public_html\bertichile\pichicui\_vti_cnf\iglesia-interior2_tn.jpg --> bertigolfde.h1403220.stratoserver.net /public_html/bertichile/pichicui/_vti_cnf iglesia-interior2_tn.jpg
2008.06.27 19:24 B K:\sicherung_webserver_h10__072008\berti-golf.de\public_html\bertichile\pichicui\_vti_cnf\iglesia-interior3.jpg --> bertigolfde.h1403220.stratoserver.net /public_html/bertichile/pichicui/_vti_cnf iglesia-interior3.jpg
2008.06.27 19:24 B K:\sicherung_webserver_h10__072008\berti-golf.de\public_html\bertichile\pichicui\_vti_cnf\iglesia-interior4.jpg --> bertigolfde.h1403220.stratoserver.net /public_html/bertichile/pichicui/_vti_cnf iglesia-interior4.jpg
2008.06.27 19:24 B K:\sicherung_webserver_h10__072008\berti-golf.de\public_html\bertichile\pichicui\_vti_cnf\iglesia-interior_tn.jpg --> bertigolfde.h1403220.stratoserver.net /public_html/bertichile/pichicui/_vti_cnf iglesia-interior_tn.jpg
2008.06.27 19:24 B K:\sicherung_webserver_h10__072008\berti-golf.de\public_html\bertichile\pichicui\_vti_cnf\iglesia.jpg --> bertigolfde.h1403220.stratoserver.net /public_html/bertichile/pichicui/_vti_cnf iglesia.jpg
2008.06.27 19:24 B K:\sicherung_webserver_h10__072008\berti-golf.de\public_html\bertichile\pichicui\_vti_cnf\iglesia_tn.jpg --> bertigolfde.h1403220.stratoserver.net /public_html/bertichile/pichicui/_vti_cnf iglesia_tn.jpg
2008.06.27 19:24 B K:\sicherung_webserver_h10__072008\berti-golf.de\public_html\bertichile\pichicui\_vti_cnf\inglesia2.jpg --> bertigolfde.h1403220.stratoserver.net /public_html/bertichile/pichicui/_vti_cnf inglesia2.jpg
2008.06.27 19:24 B K:\sicherung_webserver_h10__072008\berti-golf.de\public_html\bertichile\pichicui\_vti_cnf\isladelosrobos.jpg --> bertigolfde.h1403220.stratoserver.net /public_html/bertichile/pichicui/_vti_cnf isladelosrobos.jpg
2008.06.27 19:24 B K:\sicherung_webserver_h10__072008\berti-golf.de\public_html\bertichile\pichicui\_vti_cnf\isladelosrobos_tn.jpg --> bertigolfde.h1403220.stratoserver.net /public_html/bertichile/pichicui/_vti_cnf isladelosrobos_tn.jpg
2008.06.27 19:24 B K:\sicherung_webserver_h10__072008\berti-golf.de\public_html\bertichile\pichicui\_vti_cnf\jeep-playa1.jpg --> bertigolfde.h1403220.stratoserver.net /public_html/bertichile/pichicui/_vti_cnf jeep-playa1.jpg
2008.06.27 19:24 B K:\sicherung_webserver_h10__072008\berti-golf.de\public_html\bertichile\pichicui\_vti_cnf\jeep-playa1_tn.jpg --> bertigolfde.h1403220.stratoserver.net /public_html/bertichile/pichicui/_vti_cnf jeep-playa1_tn.jpg
2008.06.27 19:24 B K:\sicherung_webserver_h10__072008\berti-golf.de\public_html\bertichile\pichicui\_vti_cnf\jeep-playa2.jpg --> bertigolfde.h1403220.stratoserver.net /public_html/bertichile/pichicui/_vti_cnf jeep-playa2.jpg
2008.06.27 19:24 B K:\sicherung_webserver_h10__072008\berti-golf.de\public_html\bertichile\pichicui\_vti_cnf\jeep-playa3.jpg --> bertigolfde.h1403220.stratoserver.net /public_html/bertichile/pichicui/_vti_cnf jeep-playa3.jpg
2008.06.27 19:24 B K:\sicherung_webserver_h10__072008\berti-golf.de\public_html\bertichile\pichicui\_vti_cnf\jeep-playa3_tn.jpg --> bertigolfde.h1403220.stratoserver.net /public_html/bertichile/pichicui/_vti_cnf jeep-playa3_tn.jpg
2008.06.27 19:24 B K:\sicherung_webserver_h10__072008\berti-golf.de\public_html\bertichile\pichicui\_vti_cnf\losrobos1.jpg --> bertigolfde.h1403220.stratoserver.net /public_html/bertichile/pichicui/_vti_cnf losrobos1.jpg
2008.06.27 19:24 B K:\sicherung_webserver_h10__072008\berti-golf.de\public_html\bertichile\pichicui\_vti_cnf\losrobos2.jpg --> bertigolfde.h1403220.stratoserver.net /public_html/bertichile/pichicui/_vti_cnf losrobos2.jpg
2008.06.27 19:24 B K:\sicherung_webserver_h10__072008\berti-golf.de\public_html\bertichile\pichicui\_vti_cnf\losrobos3.jpg --> bertigolfde.h1403220.stratoserver.net /public_html/bertichile/pichicui/_vti_cnf losrobos3.jpg
2008.06.27 19:24 B K:\sicherung_webserver_h10__072008\berti-golf.de\public_html\bertichile\pichicui\_vti_cnf\losrobos3_tn.jpg --> bertigolfde.h1403220.stratoserver.net /public_html/bertichile/pichicui/_vti_cnf losrobos3_tn.jpg
2008.06.27 19:24 B K:\sicherung_webserver_h10__072008\berti-golf.de\public_html\bertichile\pichicui\_vti_cnf\losrobos4.jpg --> bertigolfde.h1403220.stratoserver.net /public_html/bertichile/pichicui/_vti_cnf losrobos4.jpg
2008.06.27 19:24 B K:\sicherung_webserver_h10__072008\berti-golf.de\public_html\bertichile\pichicui\_vti_cnf\losrobos5.jpg --> bertigolfde.h1403220.stratoserver.net /public_html/bertichile/pichicui/_vti_cnf losrobos5.jpg
2008.06.27 19:24 B K:\sicherung_webserver_h10__072008\berti-golf.de\public_html\bertichile\pichicui\_vti_cnf\losrobos6.jpg --> bertigolfde.h1403220.stratoserver.net /public_html/bertichile/pichicui/_vti_cnf losrobos6.jpg
2008.06.27 19:24 B K:\sicherung_webserver_h10__072008\berti-golf.de\public_html\bertichile\pichicui\_vti_cnf\losrobos7.jpg --> bertigolfde.h1403220.stratoserver.net /public_html/bertichile/pichicui/_vti_cnf losrobos7.jpg
2008.06.27 19:24 B K:\sicherung_webserver_h10__072008\berti-golf.de\public_html\bertichile\pichicui\_vti_cnf\papaenjeep.jpg --> bertigolfde.h1403220.stratoserver.net /public_html/bertichile/pichicui/_vti_cnf papaenjeep.jpg
2008.06.27 19:24 B K:\sicherung_webserver_h10__072008\berti-golf.de\public_html\bertichile\pichicui\_vti_cnf\papaenjeep_tn.jpg --> bertigolfde.h1403220.stratoserver.net /public_html/bertichile/pichicui/_vti_cnf papaenjeep_tn.jpg
2008.06.27 19:24 B K:\sicherung_webserver_h10__072008\berti-golf.de\public_html\bertichile\pichicui\_vti_cnf\pelicano2.jpg --> bertigolfde.h1403220.stratoserver.net /public_html/bertichile/pichicui/_vti_cnf pelicano2.jpg
2008.06.27 19:24 B K:\sicherung_webserver_h10__072008\berti-golf.de\public_html\bertichile\pichicui\_vti_cnf\pelicano2_tn.jpg --> bertigolfde.h1403220.stratoserver.net /public_html/bertichile/pichicui/_vti_cnf pelicano2_tn.jpg
2008.06.27 19:24 B K:\sicherung_webserver_h10__072008\berti-golf.de\public_html\bertichile\pichicui\_vti_cnf\pelicanos.jpg --> bertigolfde.h1403220.stratoserver.net /public_html/bertichile/pichicui/_vti_cnf pelicanos.jpg
2008.06.27 19:24 B K:\sicherung_webserver_h10__072008\berti-golf.de\public_html\bertichile\pichicui\_vti_cnf\pelicanos3.jpg --> bertigolfde.h1403220.stratoserver.net /public_html/bertichile/pichicui/_vti_cnf pelicanos3.jpg
2008.06.27 19:24 B K:\sicherung_webserver_h10__072008\berti-golf.de\public_html\bertichile\pichicui\_vti_cnf\pelicanos3_tn.jpg --> bertigolfde.h1403220.stratoserver.net /public_html/bertichile/pichicui/_vti_cnf pelicanos3_tn.jpg
2008.06.27 19:24 B K:\sicherung_webserver_h10__072008\berti-golf.de\public_html\bertichile\pichicui\_vti_cnf\pelicanos5.jpg --> bertigolfde.h1403220.stratoserver.net /public_html/bertichile/pichicui/_vti_cnf pelicanos5.jpg
2008.06.27 19:24 B K:\sicherung_webserver_h10__072008\berti-golf.de\public_html\bertichile\pichicui\_vti_cnf\pelicanos_tn.jpg --> bertigolfde.h1403220.stratoserver.net /public_html/bertichile/pichicui/_vti_cnf pelicanos_tn.jpg
2008.06.27 19:24 B K:\sicherung_webserver_h10__072008\berti-golf.de\public_html\bertichile\pichicui\_vti_cnf\pichi.html --> bertigolfde.h1403220.stratoserver.net /public_html/bertichile/pichicui/_vti_cnf pichi.html
2008.06.27 19:24 B K:\sicherung_webserver_h10__072008\berti-golf.de\public_html\bertichile\pichicui\_vti_cnf\pichicuy-papa.jpg --> bertigolfde.h1403220.stratoserver.net /public_html/bertichile/pichicui/_vti_cnf pichicuy-papa.jpg
2008.06.27 19:24 B K:\sicherung_webserver_h10__072008\berti-golf.de\public_html\bertichile\pichicui\_vti_cnf\pichicuy-papa_tn.jpg --> bertigolfde.h1403220.stratoserver.net /public_html/bertichile/pichicui/_vti_cnf pichicuy-papa_tn.jpg
2008.06.27 19:24 B K:\sicherung_webserver_h10__072008\berti-golf.de\public_html\bertichile\pichicui\_vti_cnf\pichicuy.jpg --> bertigolfde.h1403220.stratoserver.net /public_html/bertichile/pichicui/_vti_cnf pichicuy.jpg
2008.06.27 19:24 B K:\sicherung_webserver_h10__072008\berti-golf.de\public_html\bertichile\pichicui\_vti_cnf\pichicuy1.jpg --> bertigolfde.h1403220.stratoserver.net /public_html/bertichile/pichicui/_vti_cnf pichicuy1.jpg
2008.06.27 19:24 B K:\sicherung_webserver_h10__072008\berti-golf.de\public_html\bertichile\pichicui\_vti_cnf\pichicuy1_tn.jpg --> bertigolfde.h1403220.stratoserver.net /public_html/bertichile/pichicui/_vti_cnf pichicuy1_tn.jpg
2008.06.27 19:24 B K:\sicherung_webserver_h10__072008\berti-golf.de\public_html\bertichile\pichicui\_vti_cnf\pichicuy2.jpg --> bertigolfde.h1403220.stratoserver.net /public_html/bertichile/pichicui/_vti_cnf pichicuy2.jpg
2008.06.27 19:24 B K:\sicherung_webserver_h10__072008\berti-golf.de\public_html\bertichile\pichicui\_vti_cnf\pichicuy2_tn.jpg --> bertigolfde.h1403220.stratoserver.net /public_html/bertichile/pichicui/_vti_cnf pichicuy2_tn.jpg
2008.06.27 19:24 B K:\sicherung_webserver_h10__072008\berti-golf.de\public_html\bertichile\pichicui\_vti_cnf\pichicuy3.jpg --> bertigolfde.h1403220.stratoserver.net /public_html/bertichile/pichicui/_vti_cnf pichicuy3.jpg
2008.06.27 19:24 B K:\sicherung_webserver_h10__072008\berti-golf.de\public_html\bertichile\pichicui\_vti_cnf\pichicuy3_tn.jpg --> bertigolfde.h1403220.stratoserver.net /public_html/bertichile/pichicui/_vti_cnf pichicuy3_tn.jpg
2008.06.27 19:24 B K:\sicherung_webserver_h10__072008\berti-golf.de\public_html\bertichile\pichicui\_vti_cnf\pichicuy4.jpg --> bertigolfde.h1403220.stratoserver.net /public_html/bertichile/pichicui/_vti_cnf pichicuy4.jpg
2008.06.27 19:25 B K:\sicherung_webserver_h10__072008\berti-golf.de\public_html\bertichile\pichicui\_vti_cnf\pichicuy5.jpg --> bertigolfde.h1403220.stratoserver.net /public_html/bertichile/pichicui/_vti_cnf pichicuy5.jpg
2008.06.27 19:25 B K:\sicherung_webserver_h10__072008\berti-golf.de\public_html\bertichile\pichicui\_vti_cnf\pichicuy5_tn.jpg --> bertigolfde.h1403220.stratoserver.net /public_html/bertichile/pichicui/_vti_cnf pichicuy5_tn.jpg
2008.06.27 19:25 B K:\sicherung_webserver_h10__072008\berti-golf.de\public_html\bertichile\pichicui\_vti_cnf\pinguin1.jpg --> bertigolfde.h1403220.stratoserver.net /public_html/bertichile/pichicui/_vti_cnf pinguin1.jpg
2008.06.27 19:25 B K:\sicherung_webserver_h10__072008\berti-golf.de\public_html\bertichile\pichicui\_vti_cnf\pinguin1_tn.jpg --> bertigolfde.h1403220.stratoserver.net /public_html/bertichile/pichicui/_vti_cnf pinguin1_tn.jpg
2008.06.27 19:25 B K:\sicherung_webserver_h10__072008\berti-golf.de\public_html\bertichile\pichicui\_vti_cnf\pinguin2.jpg --> bertigolfde.h1403220.stratoserver.net /public_html/bertichile/pichicui/_vti_cnf pinguin2.jpg
2008.06.27 19:25 B K:\sicherung_webserver_h10__072008\berti-golf.de\public_html\bertichile\pichicui\_vti_cnf\puguen.mpg --> bertigolfde.h1403220.stratoserver.net /public_html/bertichile/pichicui/_vti_cnf puguen.mpg
2008.06.27 19:25 B K:\sicherung_webserver_h10__072008\berti-golf.de\public_html\bertichile\pichicui\_vti_cnf\scl-padres-chico.jpg --> bertigolfde.h1403220.stratoserver.net /public_html/bertichile/pichicui/_vti_cnf scl-padres-chico.jpg
2008.06.27 19:25 B K:\sicherung_webserver_h10__072008\berti-golf.de\public_html\bertichile\pichicui\_vti_cnf\vorlage.html --> bertigolfde.h1403220.stratoserver.net /public_html/bertichile/pichicui/_vti_cnf vorlage.html
2009.05.01 07:19 B Z:\home\Berti\public_html\www.berti-golf.de\bertichile\pichicui\_vti_cnf\WS_FTP.LOG <-- bertigolfde.h1403220.stratoserver.net /public_html/bertichile/pichicui/_vti_cnf WS_FTP.LOG
2009.12.08 18:03 B Z:\home\Berti\public_html\www.berti-golf.de\bertichile\pichicui\_vti_cnf\aco-lagunadeinkas2.jpg --> h1667152.stratoserver.net /httpdocs/bertichile/pichicui/_vti_cnf aco-lagunadeinkas2.jpg
2009.12.08 18:03 B Z:\home\Berti\public_html\www.berti-golf.de\bertichile\pichicui\_vti_cnf\aco-padres-puente1.jpg --> h1667152.stratoserver.net /httpdocs/bertichile/pichicui/_vti_cnf aco-padres-puente1.jpg
2009.12.08 18:04 B Z:\home\Berti\public_html\www.berti-golf.de\bertichile\pichicui\_vti_cnf\aco-padres-puente2.jpg --> h1667152.stratoserver.net /httpdocs/bertichile/pichicui/_vti_cnf aco-padres-puente2.jpg
2009.12.08 18:04 B Z:\home\Berti\public_html\www.berti-golf.de\bertichile\pichicui\_vti_cnf\aco-papel1.jpg --> h1667152.stratoserver.net /httpdocs/bertichile/pichicui/_vti_cnf aco-papel1.jpg
2009.12.08 18:04 B Z:\home\Berti\public_html\www.berti-golf.de\bertichile\pichicui\_vti_cnf\aco-papel2.jpg --> h1667152.stratoserver.net /httpdocs/bertichile/pichicui/_vti_cnf aco-papel2.jpg
2009.12.08 18:04 B Z:\home\Berti\public_html\www.berti-golf.de\bertichile\pichicui\_vti_cnf\aco-puente1.jpg --> h1667152.stratoserver.net /httpdocs/bertichile/pichicui/_vti_cnf aco-puente1.jpg
2009.12.08 18:04 B Z:\home\Berti\public_html\www.berti-golf.de\bertichile\pichicui\_vti_cnf\aco-puente3.jpg --> h1667152.stratoserver.net /httpdocs/bertichile/pichicui/_vti_cnf aco-puente3.jpg
2009.12.08 18:04 B Z:\home\Berti\public_html\www.berti-golf.de\bertichile\pichicui\_vti_cnf\aco-puentedeinkas1.jpg --> h1667152.stratoserver.net /httpdocs/bertichile/pichicui/_vti_cnf aco-puentedeinkas1.jpg
2009.12.08 18:04 B Z:\home\Berti\public_html\www.berti-golf.de\bertichile\pichicui\_vti_cnf\aco-puentedeinkas11.jpg --> h1667152.stratoserver.net /httpdocs/bertichile/pichicui/_vti_cnf aco-puentedeinkas11.jpg
2009.12.08 18:04 B Z:\home\Berti\public_html\www.berti-golf.de\bertichile\pichicui\_vti_cnf\aco-puentedeinkas14.jpg --> h1667152.stratoserver.net /httpdocs/bertichile/pichicui/_vti_cnf aco-puentedeinkas14.jpg
2009.12.08 18:04 B Z:\home\Berti\public_html\www.berti-golf.de\bertichile\pichicui\_vti_cnf\aco-puentedeinkas16.jpg --> h1667152.stratoserver.net /httpdocs/bertichile/pichicui/_vti_cnf aco-puentedeinkas16.jpg
2009.12.08 18:04 B Z:\home\Berti\public_html\www.berti-golf.de\bertichile\pichicui\_vti_cnf\aco-puentedeinkas19.jpg --> h1667152.stratoserver.net /httpdocs/bertichile/pichicui/_vti_cnf aco-puentedeinkas19.jpg
2009.12.08 18:04 B Z:\home\Berti\public_html\www.berti-golf.de\bertichile\pichicui\_vti_cnf\aco-puentedeinkas3.jpg --> h1667152.stratoserver.net /httpdocs/bertichile/pichicui/_vti_cnf aco-puentedeinkas3.jpg
2009.12.08 18:04 B Z:\home\Berti\public_html\www.berti-golf.de\bertichile\pichicui\_vti_cnf\aco-puentedeinkas6.jpg --> h1667152.stratoserver.net /httpdocs/bertichile/pichicui/_vti_cnf aco-puentedeinkas6.jpg
2009.12.08 18:04 B Z:\home\Berti\public_html\www.berti-golf.de\bertichile\pichicui\_vti_cnf\aco-puentedeinkas8.jpg --> h1667152.stratoserver.net /httpdocs/bertichile/pichicui/_vti_cnf aco-puentedeinkas8.jpg
2009.12.08 18:04 B Z:\home\Berti\public_html\www.berti-golf.de\bertichile\pichicui\_vti_cnf\berticonpadres.jpg --> h1667152.stratoserver.net /httpdocs/bertichile/pichicui/_vti_cnf berticonpadres.jpg
2009.12.08 18:04 B Z:\home\Berti\public_html\www.berti-golf.de\bertichile\pichicui\_vti_cnf\berticonpadres2.jpg --> h1667152.stratoserver.net /httpdocs/bertichile/pichicui/_vti_cnf berticonpadres2.jpg
2009.12.08 18:04 B Z:\home\Berti\public_html\www.berti-golf.de\bertichile\pichicui\_vti_cnf\berticonpadres_tn.jpg --> h1667152.stratoserver.net /httpdocs/bertichile/pichicui/_vti_cnf berticonpadres_tn.jpg
2009.12.08 18:04 B Z:\home\Berti\public_html\www.berti-golf.de\bertichile\pichicui\_vti_cnf\blowhole.jpg --> h1667152.stratoserver.net /httpdocs/bertichile/pichicui/_vti_cnf blowhole.jpg
2009.12.08 18:04 B Z:\home\Berti\public_html\www.berti-golf.de\bertichile\pichicui\_vti_cnf\blowhole_tn.jpg --> h1667152.stratoserver.net /httpdocs/bertichile/pichicui/_vti_cnf blowhole_tn.jpg
2009.12.08 18:04 B Z:\home\Berti\public_html\www.berti-golf.de\bertichile\pichicui\_vti_cnf\caballos-playa.jpg --> h1667152.stratoserver.net /httpdocs/bertichile/pichicui/_vti_cnf caballos-playa.jpg
2009.12.08 18:04 B Z:\home\Berti\public_html\www.berti-golf.de\bertichile\pichicui\_vti_cnf\caballos-playa_tn.jpg --> h1667152.stratoserver.net /httpdocs/bertichile/pichicui/_vti_cnf caballos-playa_tn.jpg
2009.12.08 18:04 B Z:\home\Berti\public_html\www.berti-golf.de\bertichile\pichicui\_vti_cnf\erdi-trotar.jpg --> h1667152.stratoserver.net /httpdocs/bertichile/pichicui/_vti_cnf erdi-trotar.jpg
2009.12.08 18:04 B Z:\home\Berti\public_html\www.berti-golf.de\bertichile\pichicui\_vti_cnf\iglesia-interior.jpg --> h1667152.stratoserver.net /httpdocs/bertichile/pichicui/_vti_cnf iglesia-interior.jpg
2009.12.08 18:04 B Z:\home\Berti\public_html\www.berti-golf.de\bertichile\pichicui\_vti_cnf\iglesia-interior2.jpg --> h1667152.stratoserver.net /httpdocs/bertichile/pichicui/_vti_cnf iglesia-interior2.jpg
2009.12.08 18:04 B Z:\home\Berti\public_html\www.berti-golf.de\bertichile\pichicui\_vti_cnf\iglesia-interior2_tn.jpg --> h1667152.stratoserver.net /httpdocs/bertichile/pichicui/_vti_cnf iglesia-interior2_tn.jpg
2009.12.08 18:04 B Z:\home\Berti\public_html\www.berti-golf.de\bertichile\pichicui\_vti_cnf\iglesia-interior3.jpg --> h1667152.stratoserver.net /httpdocs/bertichile/pichicui/_vti_cnf iglesia-interior3.jpg
2009.12.08 18:04 B Z:\home\Berti\public_html\www.berti-golf.de\bertichile\pichicui\_vti_cnf\iglesia-interior4.jpg --> h1667152.stratoserver.net /httpdocs/bertichile/pichicui/_vti_cnf iglesia-interior4.jpg
2009.12.08 18:04 B Z:\home\Berti\public_html\www.berti-golf.de\bertichile\pichicui\_vti_cnf\iglesia-interior_tn.jpg --> h1667152.stratoserver.net /httpdocs/bertichile/pichicui/_vti_cnf iglesia-interior_tn.jpg
2009.12.08 18:04 B Z:\home\Berti\public_html\www.berti-golf.de\bertichile\pichicui\_vti_cnf\iglesia.jpg --> h1667152.stratoserver.net /httpdocs/bertichile/pichicui/_vti_cnf iglesia.jpg
2009.12.08 18:04 B Z:\home\Berti\public_html\www.berti-golf.de\bertichile\pichicui\_vti_cnf\iglesia_tn.jpg --> h1667152.stratoserver.net /httpdocs/bertichile/pichicui/_vti_cnf iglesia_tn.jpg
2009.12.08 18:04 B Z:\home\Berti\public_html\www.berti-golf.de\bertichile\pichicui\_vti_cnf\inglesia2.jpg --> h1667152.stratoserver.net /httpdocs/bertichile/pichicui/_vti_cnf inglesia2.jpg
2009.12.08 18:04 B Z:\home\Berti\public_html\www.berti-golf.de\bertichile\pichicui\_vti_cnf\isladelosrobos.jpg --> h1667152.stratoserver.net /httpdocs/bertichile/pichicui/_vti_cnf isladelosrobos.jpg
2009.12.08 18:04 B Z:\home\Berti\public_html\www.berti-golf.de\bertichile\pichicui\_vti_cnf\isladelosrobos_tn.jpg --> h1667152.stratoserver.net /httpdocs/bertichile/pichicui/_vti_cnf isladelosrobos_tn.jpg
2009.12.08 18:04 B Z:\home\Berti\public_html\www.berti-golf.de\bertichile\pichicui\_vti_cnf\jeep-playa1.jpg --> h1667152.stratoserver.net /httpdocs/bertichile/pichicui/_vti_cnf jeep-playa1.jpg
2009.12.08 18:04 B Z:\home\Berti\public_html\www.berti-golf.de\bertichile\pichicui\_vti_cnf\jeep-playa1_tn.jpg --> h1667152.stratoserver.net /httpdocs/bertichile/pichicui/_vti_cnf jeep-playa1_tn.jpg
2009.12.08 18:04 B Z:\home\Berti\public_html\www.berti-golf.de\bertichile\pichicui\_vti_cnf\jeep-playa2.jpg --> h1667152.stratoserver.net /httpdocs/bertichile/pichicui/_vti_cnf jeep-playa2.jpg
2009.12.08 18:04 B Z:\home\Berti\public_html\www.berti-golf.de\bertichile\pichicui\_vti_cnf\jeep-playa3.jpg --> h1667152.stratoserver.net /httpdocs/bertichile/pichicui/_vti_cnf jeep-playa3.jpg
2009.12.08 18:04 B Z:\home\Berti\public_html\www.berti-golf.de\bertichile\pichicui\_vti_cnf\jeep-playa3_tn.jpg --> h1667152.stratoserver.net /httpdocs/bertichile/pichicui/_vti_cnf jeep-playa3_tn.jpg
2009.12.08 18:04 B Z:\home\Berti\public_html\www.berti-golf.de\bertichile\pichicui\_vti_cnf\losrobos1.jpg --> h1667152.stratoserver.net /httpdocs/bertichile/pichicui/_vti_cnf losrobos1.jpg
2009.12.08 18:04 B Z:\home\Berti\public_html\www.berti-golf.de\bertichile\pichicui\_vti_cnf\losrobos2.jpg --> h1667152.stratoserver.net /httpdocs/bertichile/pichicui/_vti_cnf losrobos2.jpg
2009.12.08 18:04 B Z:\home\Berti\public_html\www.berti-golf.de\bertichile\pichicui\_vti_cnf\losrobos3.jpg --> h1667152.stratoserver.net /httpdocs/bertichile/pichicui/_vti_cnf losrobos3.jpg
2009.12.08 18:04 B Z:\home\Berti\public_html\www.berti-golf.de\bertichile\pichicui\_vti_cnf\losrobos3_tn.jpg --> h1667152.stratoserver.net /httpdocs/bertichile/pichicui/_vti_cnf losrobos3_tn.jpg
2009.12.08 18:04 B Z:\home\Berti\public_html\www.berti-golf.de\bertichile\pichicui\_vti_cnf\losrobos4.jpg --> h1667152.stratoserver.net /httpdocs/bertichile/pichicui/_vti_cnf losrobos4.jpg
2009.12.08 18:04 B Z:\home\Berti\public_html\www.berti-golf.de\bertichile\pichicui\_vti_cnf\losrobos5.jpg --> h1667152.stratoserver.net /httpdocs/bertichile/pichicui/_vti_cnf losrobos5.jpg
2009.12.08 18:04 B Z:\home\Berti\public_html\www.berti-golf.de\bertichile\pichicui\_vti_cnf\losrobos6.jpg --> h1667152.stratoserver.net /httpdocs/bertichile/pichicui/_vti_cnf losrobos6.jpg
2009.12.08 18:04 B Z:\home\Berti\public_html\www.berti-golf.de\bertichile\pichicui\_vti_cnf\losrobos7.jpg --> h1667152.stratoserver.net /httpdocs/bertichile/pichicui/_vti_cnf losrobos7.jpg
2009.12.08 18:04 B Z:\home\Berti\public_html\www.berti-golf.de\bertichile\pichicui\_vti_cnf\papaenjeep.jpg --> h1667152.stratoserver.net /httpdocs/bertichile/pichicui/_vti_cnf papaenjeep.jpg
2009.12.08 18:04 B Z:\home\Berti\public_html\www.berti-golf.de\bertichile\pichicui\_vti_cnf\papaenjeep_tn.jpg --> h1667152.stratoserver.net /httpdocs/bertichile/pichicui/_vti_cnf papaenjeep_tn.jpg
2009.12.08 18:04 B Z:\home\Berti\public_html\www.berti-golf.de\bertichile\pichicui\_vti_cnf\pelicano2.jpg --> h1667152.stratoserver.net /httpdocs/bertichile/pichicui/_vti_cnf pelicano2.jpg
2009.12.08 18:04 B Z:\home\Berti\public_html\www.berti-golf.de\bertichile\pichicui\_vti_cnf\pelicano2_tn.jpg --> h1667152.stratoserver.net /httpdocs/bertichile/pichicui/_vti_cnf pelicano2_tn.jpg
2009.12.08 18:04 B Z:\home\Berti\public_html\www.berti-golf.de\bertichile\pichicui\_vti_cnf\pelicanos.jpg --> h1667152.stratoserver.net /httpdocs/bertichile/pichicui/_vti_cnf pelicanos.jpg
2009.12.08 18:04 B Z:\home\Berti\public_html\www.berti-golf.de\bertichile\pichicui\_vti_cnf\pelicanos3.jpg --> h1667152.stratoserver.net /httpdocs/bertichile/pichicui/_vti_cnf pelicanos3.jpg
2009.12.08 18:04 B Z:\home\Berti\public_html\www.berti-golf.de\bertichile\pichicui\_vti_cnf\pelicanos3_tn.jpg --> h1667152.stratoserver.net /httpdocs/bertichile/pichicui/_vti_cnf pelicanos3_tn.jpg
2009.12.08 18:04 B Z:\home\Berti\public_html\www.berti-golf.de\bertichile\pichicui\_vti_cnf\pelicanos5.jpg --> h1667152.stratoserver.net /httpdocs/bertichile/pichicui/_vti_cnf pelicanos5.jpg
2009.12.08 18:04 B Z:\home\Berti\public_html\www.berti-golf.de\bertichile\pichicui\_vti_cnf\pelicanos_tn.jpg --> h1667152.stratoserver.net /httpdocs/bertichile/pichicui/_vti_cnf pelicanos_tn.jpg
2009.12.08 18:04 B Z:\home\Berti\public_html\www.berti-golf.de\bertichile\pichicui\_vti_cnf\pichi.html --> h1667152.stratoserver.net /httpdocs/bertichile/pichicui/_vti_cnf pichi.html
2009.12.08 18:04 B Z:\home\Berti\public_html\www.berti-golf.de\bertichile\pichicui\_vti_cnf\pichicuy-papa.jpg --> h1667152.stratoserver.net /httpdocs/bertichile/pichicui/_vti_cnf pichicuy-papa.jpg
2009.12.08 18:04 B Z:\home\Berti\public_html\www.berti-golf.de\bertichile\pichicui\_vti_cnf\pichicuy-papa_tn.jpg --> h1667152.stratoserver.net /httpdocs/bertichile/pichicui/_vti_cnf pichicuy-papa_tn.jpg
2009.12.08 18:04 B Z:\home\Berti\public_html\www.berti-golf.de\bertichile\pichicui\_vti_cnf\pichicuy.jpg --> h1667152.stratoserver.net /httpdocs/bertichile/pichicui/_vti_cnf pichicuy.jpg
2009.12.08 18:04 B Z:\home\Berti\public_html\www.berti-golf.de\bertichile\pichicui\_vti_cnf\pichicuy1.jpg --> h1667152.stratoserver.net /httpdocs/bertichile/pichicui/_vti_cnf pichicuy1.jpg
2009.12.08 18:04 B Z:\home\Berti\public_html\www.berti-golf.de\bertichile\pichicui\_vti_cnf\pichicuy1_tn.jpg --> h1667152.stratoserver.net /httpdocs/bertichile/pichicui/_vti_cnf pichicuy1_tn.jpg
2009.12.08 18:04 B Z:\home\Berti\public_html\www.berti-golf.de\bertichile\pichicui\_vti_cnf\pichicuy2.jpg --> h1667152.stratoserver.net /httpdocs/bertichile/pichicui/_vti_cnf pichicuy2.jpg
2009.12.08 18:04 B Z:\home\Berti\public_html\www.berti-golf.de\bertichile\pichicui\_vti_cnf\pichicuy2_tn.jpg --> h1667152.stratoserver.net /httpdocs/bertichile/pichicui/_vti_cnf pichicuy2_tn.jpg
2009.12.08 18:04 B Z:\home\Berti\public_html\www.berti-golf.de\bertichile\pichicui\_vti_cnf\pichicuy3.jpg --> h1667152.stratoserver.net /httpdocs/bertichile/pichicui/_vti_cnf pichicuy3.jpg
2009.12.08 18:04 B Z:\home\Berti\public_html\www.berti-golf.de\bertichile\pichicui\_vti_cnf\pichicuy3_tn.jpg --> h1667152.stratoserver.net /httpdocs/bertichile/pichicui/_vti_cnf pichicuy3_tn.jpg
2009.12.08 18:04 B Z:\home\Berti\public_html\www.berti-golf.de\bertichile\pichicui\_vti_cnf\pichicuy4.jpg --> h1667152.stratoserver.net /httpdocs/bertichile/pichicui/_vti_cnf pichicuy4.jpg
2009.12.08 18:04 B Z:\home\Berti\public_html\www.berti-golf.de\bertichile\pichicui\_vti_cnf\pichicuy5.jpg --> h1667152.stratoserver.net /httpdocs/bertichile/pichicui/_vti_cnf pichicuy5.jpg
2009.12.08 18:04 B Z:\home\Berti\public_html\www.berti-golf.de\bertichile\pichicui\_vti_cnf\pichicuy5_tn.jpg --> h1667152.stratoserver.net /httpdocs/bertichile/pichicui/_vti_cnf pichicuy5_tn.jpg
2009.12.08 18:04 B Z:\home\Berti\public_html\www.berti-golf.de\bertichile\pichicui\_vti_cnf\pinguin1.jpg --> h1667152.stratoserver.net /httpdocs/bertichile/pichicui/_vti_cnf pinguin1.jpg
2009.12.08 18:04 B Z:\home\Berti\public_html\www.berti-golf.de\bertichile\pichicui\_vti_cnf\pinguin1_tn.jpg --> h1667152.stratoserver.net /httpdocs/bertichile/pichicui/_vti_cnf pinguin1_tn.jpg
2009.12.08 18:04 B Z:\home\Berti\public_html\www.berti-golf.de\bertichile\pichicui\_vti_cnf\pinguin2.jpg --> h1667152.stratoserver.net /httpdocs/bertichile/pichicui/_vti_cnf pinguin2.jpg
2009.12.08 18:04 B Z:\home\Berti\public_html\www.berti-golf.de\bertichile\pichicui\_vti_cnf\puguen.mpg --> h1667152.stratoserver.net /httpdocs/bertichile/pichicui/_vti_cnf puguen.mpg
2009.12.08 18:04 B Z:\home\Berti\public_html\www.berti-golf.de\bertichile\pichicui\_vti_cnf\scl-padres-chico.jpg --> h1667152.stratoserver.net /httpdocs/bertichile/pichicui/_vti_cnf scl-padres-chico.jpg
2009.12.08 18:04 B Z:\home\Berti\public_html\www.berti-golf.de\bertichile\pichicui\_vti_cnf\vorlage.html --> h1667152.stratoserver.net /httpdocs/bertichile/pichicui/_vti_cnf vorlage.html
