2008.06.27 16:43 B K:\sicherung_webserver_h10__072008\berti-golf.de\public_html\bertichile\vina\berti-haimo1.jpg <-- www.berti-golf.de /public_html/bertichile/vina berti-haimo1.jpg
2008.06.27 16:43 B K:\sicherung_webserver_h10__072008\berti-golf.de\public_html\bertichile\vina\berti-haimo1_tn.jpg <-- www.berti-golf.de /public_html/bertichile/vina berti-haimo1_tn.jpg
2008.06.27 16:44 B K:\sicherung_webserver_h10__072008\berti-golf.de\public_html\bertichile\vina\berti2.jpg <-- www.berti-golf.de /public_html/bertichile/vina berti2.jpg
2008.06.27 16:44 B K:\sicherung_webserver_h10__072008\berti-golf.de\public_html\bertichile\vina\berti2_tn.jpg <-- www.berti-golf.de /public_html/bertichile/vina berti2_tn.jpg
2008.06.27 16:44 B K:\sicherung_webserver_h10__072008\berti-golf.de\public_html\bertichile\vina\bier1.jpg <-- www.berti-golf.de /public_html/bertichile/vina bier1.jpg
2008.06.27 16:44 B K:\sicherung_webserver_h10__072008\berti-golf.de\public_html\bertichile\vina\bier1_tn.jpg <-- www.berti-golf.de /public_html/bertichile/vina bier1_tn.jpg
2008.06.27 16:44 B K:\sicherung_webserver_h10__072008\berti-golf.de\public_html\bertichile\vina\gruppe1.jpg <-- www.berti-golf.de /public_html/bertichile/vina gruppe1.jpg
2008.06.27 16:44 B K:\sicherung_webserver_h10__072008\berti-golf.de\public_html\bertichile\vina\gruppe1_tn.jpg <-- www.berti-golf.de /public_html/bertichile/vina gruppe1_tn.jpg
2008.06.27 16:44 B K:\sicherung_webserver_h10__072008\berti-golf.de\public_html\bertichile\vina\gruppe3.jpg <-- www.berti-golf.de /public_html/bertichile/vina gruppe3.jpg
2008.06.27 16:44 B K:\sicherung_webserver_h10__072008\berti-golf.de\public_html\bertichile\vina\gruppe3_tn.jpg <-- www.berti-golf.de /public_html/bertichile/vina gruppe3_tn.jpg
2008.06.27 16:44 B K:\sicherung_webserver_h10__072008\berti-golf.de\public_html\bertichile\vina\haimo2.jpg <-- www.berti-golf.de /public_html/bertichile/vina haimo2.jpg
2008.06.27 16:44 B K:\sicherung_webserver_h10__072008\berti-golf.de\public_html\bertichile\vina\haimo2_tn.jpg <-- www.berti-golf.de /public_html/bertichile/vina haimo2_tn.jpg
2008.06.27 16:44 B K:\sicherung_webserver_h10__072008\berti-golf.de\public_html\bertichile\vina\strand1.jpg <-- www.berti-golf.de /public_html/bertichile/vina strand1.jpg
2008.06.27 16:44 B K:\sicherung_webserver_h10__072008\berti-golf.de\public_html\bertichile\vina\strand1_tn.jpg <-- www.berti-golf.de /public_html/bertichile/vina strand1_tn.jpg
2008.06.27 16:44 B K:\sicherung_webserver_h10__072008\berti-golf.de\public_html\bertichile\vina\strand2.jpg <-- www.berti-golf.de /public_html/bertichile/vina strand2.jpg
2008.06.27 16:44 B K:\sicherung_webserver_h10__072008\berti-golf.de\public_html\bertichile\vina\strand2_tn.jpg <-- www.berti-golf.de /public_html/bertichile/vina strand2_tn.jpg
2008.06.27 16:44 B K:\sicherung_webserver_h10__072008\berti-golf.de\public_html\bertichile\vina\vina.html <-- www.berti-golf.de /public_html/bertichile/vina vina.html
2008.06.27 19:37 B K:\sicherung_webserver_h10__072008\berti-golf.de\public_html\bertichile\vina\berti-haimo1.jpg --> bertigolfde.h1403220.stratoserver.net /public_html/bertichile/vina berti-haimo1.jpg
2008.06.27 19:37 B K:\sicherung_webserver_h10__072008\berti-golf.de\public_html\bertichile\vina\berti-haimo1_tn.jpg --> bertigolfde.h1403220.stratoserver.net /public_html/bertichile/vina berti-haimo1_tn.jpg
2008.06.27 19:37 B K:\sicherung_webserver_h10__072008\berti-golf.de\public_html\bertichile\vina\berti2.jpg --> bertigolfde.h1403220.stratoserver.net /public_html/bertichile/vina berti2.jpg
2008.06.27 19:37 B K:\sicherung_webserver_h10__072008\berti-golf.de\public_html\bertichile\vina\berti2_tn.jpg --> bertigolfde.h1403220.stratoserver.net /public_html/bertichile/vina berti2_tn.jpg
2008.06.27 19:37 B K:\sicherung_webserver_h10__072008\berti-golf.de\public_html\bertichile\vina\bier1.jpg --> bertigolfde.h1403220.stratoserver.net /public_html/bertichile/vina bier1.jpg
2008.06.27 19:37 B K:\sicherung_webserver_h10__072008\berti-golf.de\public_html\bertichile\vina\bier1_tn.jpg --> bertigolfde.h1403220.stratoserver.net /public_html/bertichile/vina bier1_tn.jpg
2008.06.27 19:37 B K:\sicherung_webserver_h10__072008\berti-golf.de\public_html\bertichile\vina\gruppe1.jpg --> bertigolfde.h1403220.stratoserver.net /public_html/bertichile/vina gruppe1.jpg
2008.06.27 19:37 B K:\sicherung_webserver_h10__072008\berti-golf.de\public_html\bertichile\vina\gruppe1_tn.jpg --> bertigolfde.h1403220.stratoserver.net /public_html/bertichile/vina gruppe1_tn.jpg
2008.06.27 19:37 B K:\sicherung_webserver_h10__072008\berti-golf.de\public_html\bertichile\vina\gruppe3.jpg --> bertigolfde.h1403220.stratoserver.net /public_html/bertichile/vina gruppe3.jpg
2008.06.27 19:37 B K:\sicherung_webserver_h10__072008\berti-golf.de\public_html\bertichile\vina\gruppe3_tn.jpg --> bertigolfde.h1403220.stratoserver.net /public_html/bertichile/vina gruppe3_tn.jpg
2008.06.27 19:37 B K:\sicherung_webserver_h10__072008\berti-golf.de\public_html\bertichile\vina\haimo2.jpg --> bertigolfde.h1403220.stratoserver.net /public_html/bertichile/vina haimo2.jpg
2008.06.27 19:37 B K:\sicherung_webserver_h10__072008\berti-golf.de\public_html\bertichile\vina\haimo2_tn.jpg --> bertigolfde.h1403220.stratoserver.net /public_html/bertichile/vina haimo2_tn.jpg
2008.06.27 19:37 B K:\sicherung_webserver_h10__072008\berti-golf.de\public_html\bertichile\vina\strand1.jpg --> bertigolfde.h1403220.stratoserver.net /public_html/bertichile/vina strand1.jpg
2008.06.27 19:37 B K:\sicherung_webserver_h10__072008\berti-golf.de\public_html\bertichile\vina\strand1_tn.jpg --> bertigolfde.h1403220.stratoserver.net /public_html/bertichile/vina strand1_tn.jpg
2008.06.27 19:38 B K:\sicherung_webserver_h10__072008\berti-golf.de\public_html\bertichile\vina\strand2.jpg --> bertigolfde.h1403220.stratoserver.net /public_html/bertichile/vina strand2.jpg
2008.06.27 19:38 B K:\sicherung_webserver_h10__072008\berti-golf.de\public_html\bertichile\vina\strand2_tn.jpg --> bertigolfde.h1403220.stratoserver.net /public_html/bertichile/vina strand2_tn.jpg
2008.06.27 19:38 B K:\sicherung_webserver_h10__072008\berti-golf.de\public_html\bertichile\vina\vina.html --> bertigolfde.h1403220.stratoserver.net /public_html/bertichile/vina vina.html
2009.05.01 07:25 B Z:\home\Berti\public_html\www.berti-golf.de\bertichile\vina\WS_FTP.LOG <-- bertigolfde.h1403220.stratoserver.net /public_html/bertichile/vina WS_FTP.LOG
2009.12.08 18:10 B Z:\home\Berti\public_html\www.berti-golf.de\bertichile\vina\berti-haimo1.jpg --> h1667152.stratoserver.net /httpdocs/bertichile/vina berti-haimo1.jpg
2009.12.08 18:10 B Z:\home\Berti\public_html\www.berti-golf.de\bertichile\vina\berti-haimo1_tn.jpg --> h1667152.stratoserver.net /httpdocs/bertichile/vina berti-haimo1_tn.jpg
2009.12.08 18:10 B Z:\home\Berti\public_html\www.berti-golf.de\bertichile\vina\berti2.jpg --> h1667152.stratoserver.net /httpdocs/bertichile/vina berti2.jpg
2009.12.08 18:10 B Z:\home\Berti\public_html\www.berti-golf.de\bertichile\vina\berti2_tn.jpg --> h1667152.stratoserver.net /httpdocs/bertichile/vina berti2_tn.jpg
2009.12.08 18:10 B Z:\home\Berti\public_html\www.berti-golf.de\bertichile\vina\bier1.jpg --> h1667152.stratoserver.net /httpdocs/bertichile/vina bier1.jpg
2009.12.08 18:10 B Z:\home\Berti\public_html\www.berti-golf.de\bertichile\vina\bier1_tn.jpg --> h1667152.stratoserver.net /httpdocs/bertichile/vina bier1_tn.jpg
2009.12.08 18:10 B Z:\home\Berti\public_html\www.berti-golf.de\bertichile\vina\gruppe1.jpg --> h1667152.stratoserver.net /httpdocs/bertichile/vina gruppe1.jpg
2009.12.08 18:10 B Z:\home\Berti\public_html\www.berti-golf.de\bertichile\vina\gruppe1_tn.jpg --> h1667152.stratoserver.net /httpdocs/bertichile/vina gruppe1_tn.jpg
2009.12.08 18:10 B Z:\home\Berti\public_html\www.berti-golf.de\bertichile\vina\gruppe3.jpg --> h1667152.stratoserver.net /httpdocs/bertichile/vina gruppe3.jpg
2009.12.08 18:10 B Z:\home\Berti\public_html\www.berti-golf.de\bertichile\vina\gruppe3_tn.jpg --> h1667152.stratoserver.net /httpdocs/bertichile/vina gruppe3_tn.jpg
2009.12.08 18:10 B Z:\home\Berti\public_html\www.berti-golf.de\bertichile\vina\haimo2.jpg --> h1667152.stratoserver.net /httpdocs/bertichile/vina haimo2.jpg
2009.12.08 18:10 B Z:\home\Berti\public_html\www.berti-golf.de\bertichile\vina\haimo2_tn.jpg --> h1667152.stratoserver.net /httpdocs/bertichile/vina haimo2_tn.jpg
2009.12.08 18:10 B Z:\home\Berti\public_html\www.berti-golf.de\bertichile\vina\strand1.jpg --> h1667152.stratoserver.net /httpdocs/bertichile/vina strand1.jpg
2009.12.08 18:10 B Z:\home\Berti\public_html\www.berti-golf.de\bertichile\vina\strand1_tn.jpg --> h1667152.stratoserver.net /httpdocs/bertichile/vina strand1_tn.jpg
2009.12.08 18:10 B Z:\home\Berti\public_html\www.berti-golf.de\bertichile\vina\strand2.jpg --> h1667152.stratoserver.net /httpdocs/bertichile/vina strand2.jpg
2009.12.08 18:10 B Z:\home\Berti\public_html\www.berti-golf.de\bertichile\vina\strand2_tn.jpg --> h1667152.stratoserver.net /httpdocs/bertichile/vina strand2_tn.jpg
2009.12.08 18:10 B Z:\home\Berti\public_html\www.berti-golf.de\bertichile\vina\vina.html --> h1667152.stratoserver.net /httpdocs/bertichile/vina vina.html
