2008.06.27 16:24 B K:\sicherung_webserver_h10__072008\berti-golf.de\public_html\bertichile\macul\botellas1.jpg <-- www.berti-golf.de /public_html/bertichile/macul botellas1.jpg
2008.06.27 16:24 B K:\sicherung_webserver_h10__072008\berti-golf.de\public_html\bertichile\macul\botellas1_tn.jpg <-- www.berti-golf.de /public_html/bertichile/macul botellas1_tn.jpg
2008.06.27 16:24 B K:\sicherung_webserver_h10__072008\berti-golf.de\public_html\bertichile\macul\e-g-fass.jpg <-- www.berti-golf.de /public_html/bertichile/macul e-g-fass.jpg
2008.06.27 16:24 B K:\sicherung_webserver_h10__072008\berti-golf.de\public_html\bertichile\macul\e-g-fass_tn.jpg <-- www.berti-golf.de /public_html/bertichile/macul e-g-fass_tn.jpg
2008.06.27 16:24 B K:\sicherung_webserver_h10__072008\berti-golf.de\public_html\bertichile\macul\e-g-velas.jpg <-- www.berti-golf.de /public_html/bertichile/macul e-g-velas.jpg
2008.06.27 16:24 B K:\sicherung_webserver_h10__072008\berti-golf.de\public_html\bertichile\macul\e-g-velas_tn.jpg <-- www.berti-golf.de /public_html/bertichile/macul e-g-velas_tn.jpg
2008.06.27 16:24 B K:\sicherung_webserver_h10__072008\berti-golf.de\public_html\bertichile\macul\faesser2.jpg <-- www.berti-golf.de /public_html/bertichile/macul faesser2.jpg
2008.06.27 16:24 B K:\sicherung_webserver_h10__072008\berti-golf.de\public_html\bertichile\macul\faesser2_tn.jpg <-- www.berti-golf.de /public_html/bertichile/macul faesser2_tn.jpg
2008.06.27 16:24 B K:\sicherung_webserver_h10__072008\berti-golf.de\public_html\bertichile\macul\guni-berti.jpg <-- www.berti-golf.de /public_html/bertichile/macul guni-berti.jpg
2008.06.27 16:24 B K:\sicherung_webserver_h10__072008\berti-golf.de\public_html\bertichile\macul\guni-berti_tn.jpg <-- www.berti-golf.de /public_html/bertichile/macul guni-berti_tn.jpg
2008.06.27 16:24 B K:\sicherung_webserver_h10__072008\berti-golf.de\public_html\bertichile\macul\korken.jpg <-- www.berti-golf.de /public_html/bertichile/macul korken.jpg
2008.06.27 16:24 B K:\sicherung_webserver_h10__072008\berti-golf.de\public_html\bertichile\macul\korken_tn.jpg <-- www.berti-golf.de /public_html/bertichile/macul korken_tn.jpg
2008.06.27 16:24 B K:\sicherung_webserver_h10__072008\berti-golf.de\public_html\bertichile\macul\macul.html <-- www.berti-golf.de /public_html/bertichile/macul macul.html
2008.06.27 16:24 B K:\sicherung_webserver_h10__072008\berti-golf.de\public_html\bertichile\macul\padr-korken.jpg <-- www.berti-golf.de /public_html/bertichile/macul padr-korken.jpg
2008.06.27 16:24 B K:\sicherung_webserver_h10__072008\berti-golf.de\public_html\bertichile\macul\padr-korken_tn.jpg <-- www.berti-golf.de /public_html/bertichile/macul padr-korken_tn.jpg
2008.06.27 16:24 B K:\sicherung_webserver_h10__072008\berti-golf.de\public_html\bertichile\macul\pflanzen.jpg <-- www.berti-golf.de /public_html/bertichile/macul pflanzen.jpg
2008.06.27 16:24 B K:\sicherung_webserver_h10__072008\berti-golf.de\public_html\bertichile\macul\pflanzen_tn.jpg <-- www.berti-golf.de /public_html/bertichile/macul pflanzen_tn.jpg
2008.06.27 16:24 B K:\sicherung_webserver_h10__072008\berti-golf.de\public_html\bertichile\macul\vorlage.html <-- www.berti-golf.de /public_html/bertichile/macul vorlage.html
2008.06.27 19:19 B K:\sicherung_webserver_h10__072008\berti-golf.de\public_html\bertichile\macul\botellas1.jpg --> bertigolfde.h1403220.stratoserver.net /public_html/bertichile/macul botellas1.jpg
2008.06.27 19:19 B K:\sicherung_webserver_h10__072008\berti-golf.de\public_html\bertichile\macul\botellas1_tn.jpg --> bertigolfde.h1403220.stratoserver.net /public_html/bertichile/macul botellas1_tn.jpg
2008.06.27 19:19 B K:\sicherung_webserver_h10__072008\berti-golf.de\public_html\bertichile\macul\e-g-fass.jpg --> bertigolfde.h1403220.stratoserver.net /public_html/bertichile/macul e-g-fass.jpg
2008.06.27 19:19 B K:\sicherung_webserver_h10__072008\berti-golf.de\public_html\bertichile\macul\e-g-fass_tn.jpg --> bertigolfde.h1403220.stratoserver.net /public_html/bertichile/macul e-g-fass_tn.jpg
2008.06.27 19:19 B K:\sicherung_webserver_h10__072008\berti-golf.de\public_html\bertichile\macul\e-g-velas.jpg --> bertigolfde.h1403220.stratoserver.net /public_html/bertichile/macul e-g-velas.jpg
2008.06.27 19:19 B K:\sicherung_webserver_h10__072008\berti-golf.de\public_html\bertichile\macul\e-g-velas_tn.jpg --> bertigolfde.h1403220.stratoserver.net /public_html/bertichile/macul e-g-velas_tn.jpg
2008.06.27 19:19 B K:\sicherung_webserver_h10__072008\berti-golf.de\public_html\bertichile\macul\faesser2.jpg --> bertigolfde.h1403220.stratoserver.net /public_html/bertichile/macul faesser2.jpg
2008.06.27 19:19 B K:\sicherung_webserver_h10__072008\berti-golf.de\public_html\bertichile\macul\faesser2_tn.jpg --> bertigolfde.h1403220.stratoserver.net /public_html/bertichile/macul faesser2_tn.jpg
2008.06.27 19:19 B K:\sicherung_webserver_h10__072008\berti-golf.de\public_html\bertichile\macul\guni-berti.jpg --> bertigolfde.h1403220.stratoserver.net /public_html/bertichile/macul guni-berti.jpg
2008.06.27 19:19 B K:\sicherung_webserver_h10__072008\berti-golf.de\public_html\bertichile\macul\guni-berti_tn.jpg --> bertigolfde.h1403220.stratoserver.net /public_html/bertichile/macul guni-berti_tn.jpg
2008.06.27 19:19 B K:\sicherung_webserver_h10__072008\berti-golf.de\public_html\bertichile\macul\korken.jpg --> bertigolfde.h1403220.stratoserver.net /public_html/bertichile/macul korken.jpg
2008.06.27 19:19 B K:\sicherung_webserver_h10__072008\berti-golf.de\public_html\bertichile\macul\korken_tn.jpg --> bertigolfde.h1403220.stratoserver.net /public_html/bertichile/macul korken_tn.jpg
2008.06.27 19:19 B K:\sicherung_webserver_h10__072008\berti-golf.de\public_html\bertichile\macul\macul.html --> bertigolfde.h1403220.stratoserver.net /public_html/bertichile/macul macul.html
2008.06.27 19:19 B K:\sicherung_webserver_h10__072008\berti-golf.de\public_html\bertichile\macul\padr-korken.jpg --> bertigolfde.h1403220.stratoserver.net /public_html/bertichile/macul padr-korken.jpg
2008.06.27 19:19 B K:\sicherung_webserver_h10__072008\berti-golf.de\public_html\bertichile\macul\padr-korken_tn.jpg --> bertigolfde.h1403220.stratoserver.net /public_html/bertichile/macul padr-korken_tn.jpg
2008.06.27 19:19 B K:\sicherung_webserver_h10__072008\berti-golf.de\public_html\bertichile\macul\pflanzen.jpg --> bertigolfde.h1403220.stratoserver.net /public_html/bertichile/macul pflanzen.jpg
2008.06.27 19:19 B K:\sicherung_webserver_h10__072008\berti-golf.de\public_html\bertichile\macul\pflanzen_tn.jpg --> bertigolfde.h1403220.stratoserver.net /public_html/bertichile/macul pflanzen_tn.jpg
2008.06.27 19:19 B K:\sicherung_webserver_h10__072008\berti-golf.de\public_html\bertichile\macul\vorlage.html --> bertigolfde.h1403220.stratoserver.net /public_html/bertichile/macul vorlage.html
2009.05.01 07:15 B Z:\home\Berti\public_html\www.berti-golf.de\bertichile\macul\WS_FTP.LOG <-- bertigolfde.h1403220.stratoserver.net /public_html/bertichile/macul WS_FTP.LOG
2009.12.08 18:01 B Z:\home\Berti\public_html\www.berti-golf.de\bertichile\macul\botellas1.jpg --> h1667152.stratoserver.net /httpdocs/bertichile/macul botellas1.jpg
2009.12.08 18:01 B Z:\home\Berti\public_html\www.berti-golf.de\bertichile\macul\botellas1_tn.jpg --> h1667152.stratoserver.net /httpdocs/bertichile/macul botellas1_tn.jpg
2009.12.08 18:01 B Z:\home\Berti\public_html\www.berti-golf.de\bertichile\macul\e-g-fass.jpg --> h1667152.stratoserver.net /httpdocs/bertichile/macul e-g-fass.jpg
2009.12.08 18:01 B Z:\home\Berti\public_html\www.berti-golf.de\bertichile\macul\e-g-fass_tn.jpg --> h1667152.stratoserver.net /httpdocs/bertichile/macul e-g-fass_tn.jpg
2009.12.08 18:01 B Z:\home\Berti\public_html\www.berti-golf.de\bertichile\macul\e-g-velas.jpg --> h1667152.stratoserver.net /httpdocs/bertichile/macul e-g-velas.jpg
2009.12.08 18:01 B Z:\home\Berti\public_html\www.berti-golf.de\bertichile\macul\e-g-velas_tn.jpg --> h1667152.stratoserver.net /httpdocs/bertichile/macul e-g-velas_tn.jpg
2009.12.08 18:01 B Z:\home\Berti\public_html\www.berti-golf.de\bertichile\macul\faesser2.jpg --> h1667152.stratoserver.net /httpdocs/bertichile/macul faesser2.jpg
2009.12.08 18:01 B Z:\home\Berti\public_html\www.berti-golf.de\bertichile\macul\faesser2_tn.jpg --> h1667152.stratoserver.net /httpdocs/bertichile/macul faesser2_tn.jpg
2009.12.08 18:01 B Z:\home\Berti\public_html\www.berti-golf.de\bertichile\macul\guni-berti.jpg --> h1667152.stratoserver.net /httpdocs/bertichile/macul guni-berti.jpg
2009.12.08 18:01 B Z:\home\Berti\public_html\www.berti-golf.de\bertichile\macul\guni-berti_tn.jpg --> h1667152.stratoserver.net /httpdocs/bertichile/macul guni-berti_tn.jpg
2009.12.08 18:01 B Z:\home\Berti\public_html\www.berti-golf.de\bertichile\macul\korken.jpg --> h1667152.stratoserver.net /httpdocs/bertichile/macul korken.jpg
2009.12.08 18:01 B Z:\home\Berti\public_html\www.berti-golf.de\bertichile\macul\korken_tn.jpg --> h1667152.stratoserver.net /httpdocs/bertichile/macul korken_tn.jpg
2009.12.08 18:01 B Z:\home\Berti\public_html\www.berti-golf.de\bertichile\macul\macul.html --> h1667152.stratoserver.net /httpdocs/bertichile/macul macul.html
2009.12.08 18:01 B Z:\home\Berti\public_html\www.berti-golf.de\bertichile\macul\padr-korken.jpg --> h1667152.stratoserver.net /httpdocs/bertichile/macul padr-korken.jpg
2009.12.08 18:01 B Z:\home\Berti\public_html\www.berti-golf.de\bertichile\macul\padr-korken_tn.jpg --> h1667152.stratoserver.net /httpdocs/bertichile/macul padr-korken_tn.jpg
2009.12.08 18:01 B Z:\home\Berti\public_html\www.berti-golf.de\bertichile\macul\pflanzen.jpg --> h1667152.stratoserver.net /httpdocs/bertichile/macul pflanzen.jpg
2009.12.08 18:01 B Z:\home\Berti\public_html\www.berti-golf.de\bertichile\macul\pflanzen_tn.jpg --> h1667152.stratoserver.net /httpdocs/bertichile/macul pflanzen_tn.jpg
2009.12.08 18:01 B Z:\home\Berti\public_html\www.berti-golf.de\bertichile\macul\vorlage.html --> h1667152.stratoserver.net /httpdocs/bertichile/macul vorlage.html
