2008.06.27 16:46 B K:\sicherung_webserver_h10__072008\berti-golf.de\public_html\bertichile\wohnung\_vti_cnf\bad2.jpg <-- www.berti-golf.de /public_html/bertichile/wohnung/_vti_cnf bad2.jpg
2008.06.27 16:46 B K:\sicherung_webserver_h10__072008\berti-golf.de\public_html\bertichile\wohnung\_vti_cnf\bad2_tn.jpg <-- www.berti-golf.de /public_html/bertichile/wohnung/_vti_cnf bad2_tn.jpg
2008.06.27 16:46 B K:\sicherung_webserver_h10__072008\berti-golf.de\public_html\bertichile\wohnung\_vti_cnf\blick02.jpg <-- www.berti-golf.de /public_html/bertichile/wohnung/_vti_cnf blick02.jpg
2008.06.27 16:46 B K:\sicherung_webserver_h10__072008\berti-golf.de\public_html\bertichile\wohnung\_vti_cnf\blick02_tn.jpg <-- www.berti-golf.de /public_html/bertichile/wohnung/_vti_cnf blick02_tn.jpg
2008.06.27 16:46 B K:\sicherung_webserver_h10__072008\berti-golf.de\public_html\bertichile\wohnung\_vti_cnf\blick1.jpg <-- www.berti-golf.de /public_html/bertichile/wohnung/_vti_cnf blick1.jpg
2008.06.27 16:46 B K:\sicherung_webserver_h10__072008\berti-golf.de\public_html\bertichile\wohnung\_vti_cnf\blick1_tn.jpg <-- www.berti-golf.de /public_html/bertichile/wohnung/_vti_cnf blick1_tn.jpg
2008.06.27 16:46 B K:\sicherung_webserver_h10__072008\berti-golf.de\public_html\bertichile\wohnung\_vti_cnf\cerro-st-cristubal.jpg <-- www.berti-golf.de /public_html/bertichile/wohnung/_vti_cnf cerro-st-cristubal.jpg
2008.06.27 16:46 B K:\sicherung_webserver_h10__072008\berti-golf.de\public_html\bertichile\wohnung\_vti_cnf\cerro-st-cristubal_tn.jpg <-- www.berti-golf.de /public_html/bertichile/wohnung/_vti_cnf cerro-st-cristubal_tn.jpg
2008.06.27 16:46 B K:\sicherung_webserver_h10__072008\berti-golf.de\public_html\bertichile\wohnung\_vti_cnf\cordillere1.jpg <-- www.berti-golf.de /public_html/bertichile/wohnung/_vti_cnf cordillere1.jpg
2008.06.27 16:46 B K:\sicherung_webserver_h10__072008\berti-golf.de\public_html\bertichile\wohnung\_vti_cnf\cordillere1_tn.jpg <-- www.berti-golf.de /public_html/bertichile/wohnung/_vti_cnf cordillere1_tn.jpg
2008.06.27 16:46 B K:\sicherung_webserver_h10__072008\berti-golf.de\public_html\bertichile\wohnung\_vti_cnf\cordillere2.jpg <-- www.berti-golf.de /public_html/bertichile/wohnung/_vti_cnf cordillere2.jpg
2008.06.27 16:46 B K:\sicherung_webserver_h10__072008\berti-golf.de\public_html\bertichile\wohnung\_vti_cnf\cordillere2_tn.jpg <-- www.berti-golf.de /public_html/bertichile/wohnung/_vti_cnf cordillere2_tn.jpg
2008.06.27 16:46 B K:\sicherung_webserver_h10__072008\berti-golf.de\public_html\bertichile\wohnung\_vti_cnf\cordillere3.jpg <-- www.berti-golf.de /public_html/bertichile/wohnung/_vti_cnf cordillere3.jpg
2008.06.27 16:46 B K:\sicherung_webserver_h10__072008\berti-golf.de\public_html\bertichile\wohnung\_vti_cnf\cordillere3_tn.jpg <-- www.berti-golf.de /public_html/bertichile/wohnung/_vti_cnf cordillere3_tn.jpg
2008.06.27 16:46 B K:\sicherung_webserver_h10__072008\berti-golf.de\public_html\bertichile\wohnung\_vti_cnf\cordillere4.jpg <-- www.berti-golf.de /public_html/bertichile/wohnung/_vti_cnf cordillere4.jpg
2008.06.27 16:46 B K:\sicherung_webserver_h10__072008\berti-golf.de\public_html\bertichile\wohnung\_vti_cnf\cordillere4_tn.jpg <-- www.berti-golf.de /public_html/bertichile/wohnung/_vti_cnf cordillere4_tn.jpg
2008.06.27 16:46 B K:\sicherung_webserver_h10__072008\berti-golf.de\public_html\bertichile\wohnung\_vti_cnf\cordillere5.jpg <-- www.berti-golf.de /public_html/bertichile/wohnung/_vti_cnf cordillere5.jpg
2008.06.27 16:46 B K:\sicherung_webserver_h10__072008\berti-golf.de\public_html\bertichile\wohnung\_vti_cnf\cordillere5_tn.jpg <-- www.berti-golf.de /public_html/bertichile/wohnung/_vti_cnf cordillere5_tn.jpg
2008.06.27 16:46 B K:\sicherung_webserver_h10__072008\berti-golf.de\public_html\bertichile\wohnung\_vti_cnf\jardeneria.jpg <-- www.berti-golf.de /public_html/bertichile/wohnung/_vti_cnf jardeneria.jpg
2008.06.27 16:46 B K:\sicherung_webserver_h10__072008\berti-golf.de\public_html\bertichile\wohnung\_vti_cnf\jardeneria_tn.jpg <-- www.berti-golf.de /public_html/bertichile/wohnung/_vti_cnf jardeneria_tn.jpg
2008.06.27 16:46 B K:\sicherung_webserver_h10__072008\berti-golf.de\public_html\bertichile\wohnung\_vti_cnf\kueche1.jpg <-- www.berti-golf.de /public_html/bertichile/wohnung/_vti_cnf kueche1.jpg
2008.06.27 16:46 B K:\sicherung_webserver_h10__072008\berti-golf.de\public_html\bertichile\wohnung\_vti_cnf\kueche1_tn.jpg <-- www.berti-golf.de /public_html/bertichile/wohnung/_vti_cnf kueche1_tn.jpg
2008.06.27 16:46 B K:\sicherung_webserver_h10__072008\berti-golf.de\public_html\bertichile\wohnung\_vti_cnf\kueche2.jpg <-- www.berti-golf.de /public_html/bertichile/wohnung/_vti_cnf kueche2.jpg
2008.06.27 16:46 B K:\sicherung_webserver_h10__072008\berti-golf.de\public_html\bertichile\wohnung\_vti_cnf\kueche2_tn.jpg <-- www.berti-golf.de /public_html/bertichile/wohnung/_vti_cnf kueche2_tn.jpg
2008.06.27 16:46 B K:\sicherung_webserver_h10__072008\berti-golf.de\public_html\bertichile\wohnung\_vti_cnf\schlaf1.jpg <-- www.berti-golf.de /public_html/bertichile/wohnung/_vti_cnf schlaf1.jpg
2008.06.27 16:46 B K:\sicherung_webserver_h10__072008\berti-golf.de\public_html\bertichile\wohnung\_vti_cnf\schlaf1_tn.jpg <-- www.berti-golf.de /public_html/bertichile/wohnung/_vti_cnf schlaf1_tn.jpg
2008.06.27 16:46 B K:\sicherung_webserver_h10__072008\berti-golf.de\public_html\bertichile\wohnung\_vti_cnf\schlaf5.jpg <-- www.berti-golf.de /public_html/bertichile/wohnung/_vti_cnf schlaf5.jpg
2008.06.27 16:46 B K:\sicherung_webserver_h10__072008\berti-golf.de\public_html\bertichile\wohnung\_vti_cnf\schlaf5_tn.jpg <-- www.berti-golf.de /public_html/bertichile/wohnung/_vti_cnf schlaf5_tn.jpg
2008.06.27 16:46 B K:\sicherung_webserver_h10__072008\berti-golf.de\public_html\bertichile\wohnung\_vti_cnf\sonnenuntergang01.jpg <-- www.berti-golf.de /public_html/bertichile/wohnung/_vti_cnf sonnenuntergang01.jpg
2008.06.27 16:46 B K:\sicherung_webserver_h10__072008\berti-golf.de\public_html\bertichile\wohnung\_vti_cnf\sonnenuntergang01_tn.jpg <-- www.berti-golf.de /public_html/bertichile/wohnung/_vti_cnf sonnenuntergang01_tn.jpg
2008.06.27 16:46 B K:\sicherung_webserver_h10__072008\berti-golf.de\public_html\bertichile\wohnung\_vti_cnf\sonnenuntergang02.jpg <-- www.berti-golf.de /public_html/bertichile/wohnung/_vti_cnf sonnenuntergang02.jpg
2008.06.27 16:46 B K:\sicherung_webserver_h10__072008\berti-golf.de\public_html\bertichile\wohnung\_vti_cnf\sonnenuntergang02_tn.jpg <-- www.berti-golf.de /public_html/bertichile/wohnung/_vti_cnf sonnenuntergang02_tn.jpg
2008.06.27 16:46 B K:\sicherung_webserver_h10__072008\berti-golf.de\public_html\bertichile\wohnung\_vti_cnf\sonnenuntergang03.jpg <-- www.berti-golf.de /public_html/bertichile/wohnung/_vti_cnf sonnenuntergang03.jpg
2008.06.27 16:46 B K:\sicherung_webserver_h10__072008\berti-golf.de\public_html\bertichile\wohnung\_vti_cnf\sonnenuntergang03_tn.jpg <-- www.berti-golf.de /public_html/bertichile/wohnung/_vti_cnf sonnenuntergang03_tn.jpg
2008.06.27 16:46 B K:\sicherung_webserver_h10__072008\berti-golf.de\public_html\bertichile\wohnung\_vti_cnf\sonnenuntergang04.jpg <-- www.berti-golf.de /public_html/bertichile/wohnung/_vti_cnf sonnenuntergang04.jpg
2008.06.27 16:46 B K:\sicherung_webserver_h10__072008\berti-golf.de\public_html\bertichile\wohnung\_vti_cnf\sonnenuntergang04_tn.jpg <-- www.berti-golf.de /public_html/bertichile/wohnung/_vti_cnf sonnenuntergang04_tn.jpg
2008.06.27 16:46 B K:\sicherung_webserver_h10__072008\berti-golf.de\public_html\bertichile\wohnung\_vti_cnf\sonnenuntergang05.jpg <-- www.berti-golf.de /public_html/bertichile/wohnung/_vti_cnf sonnenuntergang05.jpg
2008.06.27 16:46 B K:\sicherung_webserver_h10__072008\berti-golf.de\public_html\bertichile\wohnung\_vti_cnf\sonnenuntergang05_tn.jpg <-- www.berti-golf.de /public_html/bertichile/wohnung/_vti_cnf sonnenuntergang05_tn.jpg
2008.06.27 16:46 B K:\sicherung_webserver_h10__072008\berti-golf.de\public_html\bertichile\wohnung\_vti_cnf\sonnenuntergang06.jpg <-- www.berti-golf.de /public_html/bertichile/wohnung/_vti_cnf sonnenuntergang06.jpg
2008.06.27 16:46 B K:\sicherung_webserver_h10__072008\berti-golf.de\public_html\bertichile\wohnung\_vti_cnf\sonnenuntergang06_tn.jpg <-- www.berti-golf.de /public_html/bertichile/wohnung/_vti_cnf sonnenuntergang06_tn.jpg
2008.06.27 16:46 B K:\sicherung_webserver_h10__072008\berti-golf.de\public_html\bertichile\wohnung\_vti_cnf\vorlage.html <-- www.berti-golf.de /public_html/bertichile/wohnung/_vti_cnf vorlage.html
2008.06.27 16:46 B K:\sicherung_webserver_h10__072008\berti-golf.de\public_html\bertichile\wohnung\_vti_cnf\wohn1.jpg <-- www.berti-golf.de /public_html/bertichile/wohnung/_vti_cnf wohn1.jpg
2008.06.27 16:46 B K:\sicherung_webserver_h10__072008\berti-golf.de\public_html\bertichile\wohnung\_vti_cnf\wohn1_tn.jpg <-- www.berti-golf.de /public_html/bertichile/wohnung/_vti_cnf wohn1_tn.jpg
2008.06.27 16:46 B K:\sicherung_webserver_h10__072008\berti-golf.de\public_html\bertichile\wohnung\_vti_cnf\wohn3.jpg <-- www.berti-golf.de /public_html/bertichile/wohnung/_vti_cnf wohn3.jpg
2008.06.27 16:46 B K:\sicherung_webserver_h10__072008\berti-golf.de\public_html\bertichile\wohnung\_vti_cnf\wohn3_tn.jpg <-- www.berti-golf.de /public_html/bertichile/wohnung/_vti_cnf wohn3_tn.jpg
2008.06.27 16:46 B K:\sicherung_webserver_h10__072008\berti-golf.de\public_html\bertichile\wohnung\_vti_cnf\wohnung.html <-- www.berti-golf.de /public_html/bertichile/wohnung/_vti_cnf wohnung.html
2008.06.27 19:40 B K:\sicherung_webserver_h10__072008\berti-golf.de\public_html\bertichile\wohnung\_vti_cnf\bad2.jpg --> bertigolfde.h1403220.stratoserver.net /public_html/bertichile/wohnung/_vti_cnf bad2.jpg
2008.06.27 19:40 B K:\sicherung_webserver_h10__072008\berti-golf.de\public_html\bertichile\wohnung\_vti_cnf\bad2_tn.jpg --> bertigolfde.h1403220.stratoserver.net /public_html/bertichile/wohnung/_vti_cnf bad2_tn.jpg
2008.06.27 19:40 B K:\sicherung_webserver_h10__072008\berti-golf.de\public_html\bertichile\wohnung\_vti_cnf\blick02.jpg --> bertigolfde.h1403220.stratoserver.net /public_html/bertichile/wohnung/_vti_cnf blick02.jpg
2008.06.27 19:40 B K:\sicherung_webserver_h10__072008\berti-golf.de\public_html\bertichile\wohnung\_vti_cnf\blick02_tn.jpg --> bertigolfde.h1403220.stratoserver.net /public_html/bertichile/wohnung/_vti_cnf blick02_tn.jpg
2008.06.27 19:40 B K:\sicherung_webserver_h10__072008\berti-golf.de\public_html\bertichile\wohnung\_vti_cnf\blick1.jpg --> bertigolfde.h1403220.stratoserver.net /public_html/bertichile/wohnung/_vti_cnf blick1.jpg
2008.06.27 19:40 B K:\sicherung_webserver_h10__072008\berti-golf.de\public_html\bertichile\wohnung\_vti_cnf\blick1_tn.jpg --> bertigolfde.h1403220.stratoserver.net /public_html/bertichile/wohnung/_vti_cnf blick1_tn.jpg
2008.06.27 19:40 B K:\sicherung_webserver_h10__072008\berti-golf.de\public_html\bertichile\wohnung\_vti_cnf\cerro-st-cristubal.jpg --> bertigolfde.h1403220.stratoserver.net /public_html/bertichile/wohnung/_vti_cnf cerro-st-cristubal.jpg
2008.06.27 19:40 B K:\sicherung_webserver_h10__072008\berti-golf.de\public_html\bertichile\wohnung\_vti_cnf\cerro-st-cristubal_tn.jpg --> bertigolfde.h1403220.stratoserver.net /public_html/bertichile/wohnung/_vti_cnf cerro-st-cristubal_tn.jpg
2008.06.27 19:40 B K:\sicherung_webserver_h10__072008\berti-golf.de\public_html\bertichile\wohnung\_vti_cnf\cordillere1.jpg --> bertigolfde.h1403220.stratoserver.net /public_html/bertichile/wohnung/_vti_cnf cordillere1.jpg
2008.06.27 19:40 B K:\sicherung_webserver_h10__072008\berti-golf.de\public_html\bertichile\wohnung\_vti_cnf\cordillere1_tn.jpg --> bertigolfde.h1403220.stratoserver.net /public_html/bertichile/wohnung/_vti_cnf cordillere1_tn.jpg
2008.06.27 19:40 B K:\sicherung_webserver_h10__072008\berti-golf.de\public_html\bertichile\wohnung\_vti_cnf\cordillere2.jpg --> bertigolfde.h1403220.stratoserver.net /public_html/bertichile/wohnung/_vti_cnf cordillere2.jpg
2008.06.27 19:40 B K:\sicherung_webserver_h10__072008\berti-golf.de\public_html\bertichile\wohnung\_vti_cnf\cordillere2_tn.jpg --> bertigolfde.h1403220.stratoserver.net /public_html/bertichile/wohnung/_vti_cnf cordillere2_tn.jpg
2008.06.27 19:40 B K:\sicherung_webserver_h10__072008\berti-golf.de\public_html\bertichile\wohnung\_vti_cnf\cordillere3.jpg --> bertigolfde.h1403220.stratoserver.net /public_html/bertichile/wohnung/_vti_cnf cordillere3.jpg
2008.06.27 19:40 B K:\sicherung_webserver_h10__072008\berti-golf.de\public_html\bertichile\wohnung\_vti_cnf\cordillere3_tn.jpg --> bertigolfde.h1403220.stratoserver.net /public_html/bertichile/wohnung/_vti_cnf cordillere3_tn.jpg
2008.06.27 19:40 B K:\sicherung_webserver_h10__072008\berti-golf.de\public_html\bertichile\wohnung\_vti_cnf\cordillere4.jpg --> bertigolfde.h1403220.stratoserver.net /public_html/bertichile/wohnung/_vti_cnf cordillere4.jpg
2008.06.27 19:40 B K:\sicherung_webserver_h10__072008\berti-golf.de\public_html\bertichile\wohnung\_vti_cnf\cordillere4_tn.jpg --> bertigolfde.h1403220.stratoserver.net /public_html/bertichile/wohnung/_vti_cnf cordillere4_tn.jpg
2008.06.27 19:40 B K:\sicherung_webserver_h10__072008\berti-golf.de\public_html\bertichile\wohnung\_vti_cnf\cordillere5.jpg --> bertigolfde.h1403220.stratoserver.net /public_html/bertichile/wohnung/_vti_cnf cordillere5.jpg
2008.06.27 19:40 B K:\sicherung_webserver_h10__072008\berti-golf.de\public_html\bertichile\wohnung\_vti_cnf\cordillere5_tn.jpg --> bertigolfde.h1403220.stratoserver.net /public_html/bertichile/wohnung/_vti_cnf cordillere5_tn.jpg
2008.06.27 19:40 B K:\sicherung_webserver_h10__072008\berti-golf.de\public_html\bertichile\wohnung\_vti_cnf\jardeneria.jpg --> bertigolfde.h1403220.stratoserver.net /public_html/bertichile/wohnung/_vti_cnf jardeneria.jpg
2008.06.27 19:40 B K:\sicherung_webserver_h10__072008\berti-golf.de\public_html\bertichile\wohnung\_vti_cnf\jardeneria_tn.jpg --> bertigolfde.h1403220.stratoserver.net /public_html/bertichile/wohnung/_vti_cnf jardeneria_tn.jpg
2008.06.27 19:40 B K:\sicherung_webserver_h10__072008\berti-golf.de\public_html\bertichile\wohnung\_vti_cnf\kueche1.jpg --> bertigolfde.h1403220.stratoserver.net /public_html/bertichile/wohnung/_vti_cnf kueche1.jpg
2008.06.27 19:40 B K:\sicherung_webserver_h10__072008\berti-golf.de\public_html\bertichile\wohnung\_vti_cnf\kueche1_tn.jpg --> bertigolfde.h1403220.stratoserver.net /public_html/bertichile/wohnung/_vti_cnf kueche1_tn.jpg
2008.06.27 19:40 B K:\sicherung_webserver_h10__072008\berti-golf.de\public_html\bertichile\wohnung\_vti_cnf\kueche2.jpg --> bertigolfde.h1403220.stratoserver.net /public_html/bertichile/wohnung/_vti_cnf kueche2.jpg
2008.06.27 19:40 B K:\sicherung_webserver_h10__072008\berti-golf.de\public_html\bertichile\wohnung\_vti_cnf\kueche2_tn.jpg --> bertigolfde.h1403220.stratoserver.net /public_html/bertichile/wohnung/_vti_cnf kueche2_tn.jpg
2008.06.27 19:40 B K:\sicherung_webserver_h10__072008\berti-golf.de\public_html\bertichile\wohnung\_vti_cnf\schlaf1.jpg --> bertigolfde.h1403220.stratoserver.net /public_html/bertichile/wohnung/_vti_cnf schlaf1.jpg
2008.06.27 19:40 B K:\sicherung_webserver_h10__072008\berti-golf.de\public_html\bertichile\wohnung\_vti_cnf\schlaf1_tn.jpg --> bertigolfde.h1403220.stratoserver.net /public_html/bertichile/wohnung/_vti_cnf schlaf1_tn.jpg
2008.06.27 19:40 B K:\sicherung_webserver_h10__072008\berti-golf.de\public_html\bertichile\wohnung\_vti_cnf\schlaf5.jpg --> bertigolfde.h1403220.stratoserver.net /public_html/bertichile/wohnung/_vti_cnf schlaf5.jpg
2008.06.27 19:40 B K:\sicherung_webserver_h10__072008\berti-golf.de\public_html\bertichile\wohnung\_vti_cnf\schlaf5_tn.jpg --> bertigolfde.h1403220.stratoserver.net /public_html/bertichile/wohnung/_vti_cnf schlaf5_tn.jpg
2008.06.27 19:40 B K:\sicherung_webserver_h10__072008\berti-golf.de\public_html\bertichile\wohnung\_vti_cnf\sonnenuntergang01.jpg --> bertigolfde.h1403220.stratoserver.net /public_html/bertichile/wohnung/_vti_cnf sonnenuntergang01.jpg
2008.06.27 19:40 B K:\sicherung_webserver_h10__072008\berti-golf.de\public_html\bertichile\wohnung\_vti_cnf\sonnenuntergang01_tn.jpg --> bertigolfde.h1403220.stratoserver.net /public_html/bertichile/wohnung/_vti_cnf sonnenuntergang01_tn.jpg
2008.06.27 19:40 B K:\sicherung_webserver_h10__072008\berti-golf.de\public_html\bertichile\wohnung\_vti_cnf\sonnenuntergang02.jpg --> bertigolfde.h1403220.stratoserver.net /public_html/bertichile/wohnung/_vti_cnf sonnenuntergang02.jpg
2008.06.27 19:40 B K:\sicherung_webserver_h10__072008\berti-golf.de\public_html\bertichile\wohnung\_vti_cnf\sonnenuntergang02_tn.jpg --> bertigolfde.h1403220.stratoserver.net /public_html/bertichile/wohnung/_vti_cnf sonnenuntergang02_tn.jpg
2008.06.27 19:40 B K:\sicherung_webserver_h10__072008\berti-golf.de\public_html\bertichile\wohnung\_vti_cnf\sonnenuntergang03.jpg --> bertigolfde.h1403220.stratoserver.net /public_html/bertichile/wohnung/_vti_cnf sonnenuntergang03.jpg
2008.06.27 19:40 B K:\sicherung_webserver_h10__072008\berti-golf.de\public_html\bertichile\wohnung\_vti_cnf\sonnenuntergang03_tn.jpg --> bertigolfde.h1403220.stratoserver.net /public_html/bertichile/wohnung/_vti_cnf sonnenuntergang03_tn.jpg
2008.06.27 19:40 B K:\sicherung_webserver_h10__072008\berti-golf.de\public_html\bertichile\wohnung\_vti_cnf\sonnenuntergang04.jpg --> bertigolfde.h1403220.stratoserver.net /public_html/bertichile/wohnung/_vti_cnf sonnenuntergang04.jpg
2008.06.27 19:40 B K:\sicherung_webserver_h10__072008\berti-golf.de\public_html\bertichile\wohnung\_vti_cnf\sonnenuntergang04_tn.jpg --> bertigolfde.h1403220.stratoserver.net /public_html/bertichile/wohnung/_vti_cnf sonnenuntergang04_tn.jpg
2008.06.27 19:40 B K:\sicherung_webserver_h10__072008\berti-golf.de\public_html\bertichile\wohnung\_vti_cnf\sonnenuntergang05.jpg --> bertigolfde.h1403220.stratoserver.net /public_html/bertichile/wohnung/_vti_cnf sonnenuntergang05.jpg
2008.06.27 19:40 B K:\sicherung_webserver_h10__072008\berti-golf.de\public_html\bertichile\wohnung\_vti_cnf\sonnenuntergang05_tn.jpg --> bertigolfde.h1403220.stratoserver.net /public_html/bertichile/wohnung/_vti_cnf sonnenuntergang05_tn.jpg
2008.06.27 19:40 B K:\sicherung_webserver_h10__072008\berti-golf.de\public_html\bertichile\wohnung\_vti_cnf\sonnenuntergang06.jpg --> bertigolfde.h1403220.stratoserver.net /public_html/bertichile/wohnung/_vti_cnf sonnenuntergang06.jpg
2008.06.27 19:40 B K:\sicherung_webserver_h10__072008\berti-golf.de\public_html\bertichile\wohnung\_vti_cnf\sonnenuntergang06_tn.jpg --> bertigolfde.h1403220.stratoserver.net /public_html/bertichile/wohnung/_vti_cnf sonnenuntergang06_tn.jpg
2008.06.27 19:40 B K:\sicherung_webserver_h10__072008\berti-golf.de\public_html\bertichile\wohnung\_vti_cnf\vorlage.html --> bertigolfde.h1403220.stratoserver.net /public_html/bertichile/wohnung/_vti_cnf vorlage.html
2008.06.27 19:40 B K:\sicherung_webserver_h10__072008\berti-golf.de\public_html\bertichile\wohnung\_vti_cnf\wohn1.jpg --> bertigolfde.h1403220.stratoserver.net /public_html/bertichile/wohnung/_vti_cnf wohn1.jpg
2008.06.27 19:40 B K:\sicherung_webserver_h10__072008\berti-golf.de\public_html\bertichile\wohnung\_vti_cnf\wohn1_tn.jpg --> bertigolfde.h1403220.stratoserver.net /public_html/bertichile/wohnung/_vti_cnf wohn1_tn.jpg
2008.06.27 19:40 B K:\sicherung_webserver_h10__072008\berti-golf.de\public_html\bertichile\wohnung\_vti_cnf\wohn3.jpg --> bertigolfde.h1403220.stratoserver.net /public_html/bertichile/wohnung/_vti_cnf wohn3.jpg
2008.06.27 19:40 B K:\sicherung_webserver_h10__072008\berti-golf.de\public_html\bertichile\wohnung\_vti_cnf\wohn3_tn.jpg --> bertigolfde.h1403220.stratoserver.net /public_html/bertichile/wohnung/_vti_cnf wohn3_tn.jpg
2008.06.27 19:40 B K:\sicherung_webserver_h10__072008\berti-golf.de\public_html\bertichile\wohnung\_vti_cnf\wohnung.html --> bertigolfde.h1403220.stratoserver.net /public_html/bertichile/wohnung/_vti_cnf wohnung.html
2009.05.01 07:26 B Z:\home\Berti\public_html\www.berti-golf.de\bertichile\wohnung\_vti_cnf\WS_FTP.LOG <-- bertigolfde.h1403220.stratoserver.net /public_html/bertichile/wohnung/_vti_cnf WS_FTP.LOG
2009.12.08 18:11 B Z:\home\Berti\public_html\www.berti-golf.de\bertichile\wohnung\_vti_cnf\bad2.jpg --> h1667152.stratoserver.net /httpdocs/bertichile/wohnung/_vti_cnf bad2.jpg
2009.12.08 18:11 B Z:\home\Berti\public_html\www.berti-golf.de\bertichile\wohnung\_vti_cnf\bad2_tn.jpg --> h1667152.stratoserver.net /httpdocs/bertichile/wohnung/_vti_cnf bad2_tn.jpg
2009.12.08 18:11 B Z:\home\Berti\public_html\www.berti-golf.de\bertichile\wohnung\_vti_cnf\blick02.jpg --> h1667152.stratoserver.net /httpdocs/bertichile/wohnung/_vti_cnf blick02.jpg
2009.12.08 18:11 B Z:\home\Berti\public_html\www.berti-golf.de\bertichile\wohnung\_vti_cnf\blick02_tn.jpg --> h1667152.stratoserver.net /httpdocs/bertichile/wohnung/_vti_cnf blick02_tn.jpg
2009.12.08 18:11 B Z:\home\Berti\public_html\www.berti-golf.de\bertichile\wohnung\_vti_cnf\blick1.jpg --> h1667152.stratoserver.net /httpdocs/bertichile/wohnung/_vti_cnf blick1.jpg
2009.12.08 18:11 B Z:\home\Berti\public_html\www.berti-golf.de\bertichile\wohnung\_vti_cnf\blick1_tn.jpg --> h1667152.stratoserver.net /httpdocs/bertichile/wohnung/_vti_cnf blick1_tn.jpg
2009.12.08 18:11 B Z:\home\Berti\public_html\www.berti-golf.de\bertichile\wohnung\_vti_cnf\cerro-st-cristubal.jpg --> h1667152.stratoserver.net /httpdocs/bertichile/wohnung/_vti_cnf cerro-st-cristubal.jpg
2009.12.08 18:11 B Z:\home\Berti\public_html\www.berti-golf.de\bertichile\wohnung\_vti_cnf\cerro-st-cristubal_tn.jpg --> h1667152.stratoserver.net /httpdocs/bertichile/wohnung/_vti_cnf cerro-st-cristubal_tn.jpg
2009.12.08 18:11 B Z:\home\Berti\public_html\www.berti-golf.de\bertichile\wohnung\_vti_cnf\cordillere1.jpg --> h1667152.stratoserver.net /httpdocs/bertichile/wohnung/_vti_cnf cordillere1.jpg
2009.12.08 18:11 B Z:\home\Berti\public_html\www.berti-golf.de\bertichile\wohnung\_vti_cnf\cordillere1_tn.jpg --> h1667152.stratoserver.net /httpdocs/bertichile/wohnung/_vti_cnf cordillere1_tn.jpg
2009.12.08 18:11 B Z:\home\Berti\public_html\www.berti-golf.de\bertichile\wohnung\_vti_cnf\cordillere2.jpg --> h1667152.stratoserver.net /httpdocs/bertichile/wohnung/_vti_cnf cordillere2.jpg
2009.12.08 18:11 B Z:\home\Berti\public_html\www.berti-golf.de\bertichile\wohnung\_vti_cnf\cordillere2_tn.jpg --> h1667152.stratoserver.net /httpdocs/bertichile/wohnung/_vti_cnf cordillere2_tn.jpg
2009.12.08 18:11 B Z:\home\Berti\public_html\www.berti-golf.de\bertichile\wohnung\_vti_cnf\cordillere3.jpg --> h1667152.stratoserver.net /httpdocs/bertichile/wohnung/_vti_cnf cordillere3.jpg
2009.12.08 18:11 B Z:\home\Berti\public_html\www.berti-golf.de\bertichile\wohnung\_vti_cnf\cordillere3_tn.jpg --> h1667152.stratoserver.net /httpdocs/bertichile/wohnung/_vti_cnf cordillere3_tn.jpg
2009.12.08 18:11 B Z:\home\Berti\public_html\www.berti-golf.de\bertichile\wohnung\_vti_cnf\cordillere4.jpg --> h1667152.stratoserver.net /httpdocs/bertichile/wohnung/_vti_cnf cordillere4.jpg
2009.12.08 18:12 B Z:\home\Berti\public_html\www.berti-golf.de\bertichile\wohnung\_vti_cnf\cordillere4_tn.jpg --> h1667152.stratoserver.net /httpdocs/bertichile/wohnung/_vti_cnf cordillere4_tn.jpg
2009.12.08 18:12 B Z:\home\Berti\public_html\www.berti-golf.de\bertichile\wohnung\_vti_cnf\cordillere5.jpg --> h1667152.stratoserver.net /httpdocs/bertichile/wohnung/_vti_cnf cordillere5.jpg
2009.12.08 18:12 B Z:\home\Berti\public_html\www.berti-golf.de\bertichile\wohnung\_vti_cnf\cordillere5_tn.jpg --> h1667152.stratoserver.net /httpdocs/bertichile/wohnung/_vti_cnf cordillere5_tn.jpg
2009.12.08 18:12 B Z:\home\Berti\public_html\www.berti-golf.de\bertichile\wohnung\_vti_cnf\jardeneria.jpg --> h1667152.stratoserver.net /httpdocs/bertichile/wohnung/_vti_cnf jardeneria.jpg
2009.12.08 18:12 B Z:\home\Berti\public_html\www.berti-golf.de\bertichile\wohnung\_vti_cnf\jardeneria_tn.jpg --> h1667152.stratoserver.net /httpdocs/bertichile/wohnung/_vti_cnf jardeneria_tn.jpg
2009.12.08 18:12 B Z:\home\Berti\public_html\www.berti-golf.de\bertichile\wohnung\_vti_cnf\kueche1.jpg --> h1667152.stratoserver.net /httpdocs/bertichile/wohnung/_vti_cnf kueche1.jpg
2009.12.08 18:12 B Z:\home\Berti\public_html\www.berti-golf.de\bertichile\wohnung\_vti_cnf\kueche1_tn.jpg --> h1667152.stratoserver.net /httpdocs/bertichile/wohnung/_vti_cnf kueche1_tn.jpg
2009.12.08 18:12 B Z:\home\Berti\public_html\www.berti-golf.de\bertichile\wohnung\_vti_cnf\kueche2.jpg --> h1667152.stratoserver.net /httpdocs/bertichile/wohnung/_vti_cnf kueche2.jpg
2009.12.08 18:12 B Z:\home\Berti\public_html\www.berti-golf.de\bertichile\wohnung\_vti_cnf\kueche2_tn.jpg --> h1667152.stratoserver.net /httpdocs/bertichile/wohnung/_vti_cnf kueche2_tn.jpg
2009.12.08 18:12 B Z:\home\Berti\public_html\www.berti-golf.de\bertichile\wohnung\_vti_cnf\schlaf1.jpg --> h1667152.stratoserver.net /httpdocs/bertichile/wohnung/_vti_cnf schlaf1.jpg
2009.12.08 18:12 B Z:\home\Berti\public_html\www.berti-golf.de\bertichile\wohnung\_vti_cnf\schlaf1_tn.jpg --> h1667152.stratoserver.net /httpdocs/bertichile/wohnung/_vti_cnf schlaf1_tn.jpg
2009.12.08 18:12 B Z:\home\Berti\public_html\www.berti-golf.de\bertichile\wohnung\_vti_cnf\schlaf5.jpg --> h1667152.stratoserver.net /httpdocs/bertichile/wohnung/_vti_cnf schlaf5.jpg
2009.12.08 18:12 B Z:\home\Berti\public_html\www.berti-golf.de\bertichile\wohnung\_vti_cnf\schlaf5_tn.jpg --> h1667152.stratoserver.net /httpdocs/bertichile/wohnung/_vti_cnf schlaf5_tn.jpg
2009.12.08 18:12 B Z:\home\Berti\public_html\www.berti-golf.de\bertichile\wohnung\_vti_cnf\sonnenuntergang01.jpg --> h1667152.stratoserver.net /httpdocs/bertichile/wohnung/_vti_cnf sonnenuntergang01.jpg
2009.12.08 18:12 B Z:\home\Berti\public_html\www.berti-golf.de\bertichile\wohnung\_vti_cnf\sonnenuntergang01_tn.jpg --> h1667152.stratoserver.net /httpdocs/bertichile/wohnung/_vti_cnf sonnenuntergang01_tn.jpg
2009.12.08 18:12 B Z:\home\Berti\public_html\www.berti-golf.de\bertichile\wohnung\_vti_cnf\sonnenuntergang02.jpg --> h1667152.stratoserver.net /httpdocs/bertichile/wohnung/_vti_cnf sonnenuntergang02.jpg
2009.12.08 18:12 B Z:\home\Berti\public_html\www.berti-golf.de\bertichile\wohnung\_vti_cnf\sonnenuntergang02_tn.jpg --> h1667152.stratoserver.net /httpdocs/bertichile/wohnung/_vti_cnf sonnenuntergang02_tn.jpg
2009.12.08 18:12 B Z:\home\Berti\public_html\www.berti-golf.de\bertichile\wohnung\_vti_cnf\sonnenuntergang03.jpg --> h1667152.stratoserver.net /httpdocs/bertichile/wohnung/_vti_cnf sonnenuntergang03.jpg
2009.12.08 18:12 B Z:\home\Berti\public_html\www.berti-golf.de\bertichile\wohnung\_vti_cnf\sonnenuntergang03_tn.jpg --> h1667152.stratoserver.net /httpdocs/bertichile/wohnung/_vti_cnf sonnenuntergang03_tn.jpg
2009.12.08 18:12 B Z:\home\Berti\public_html\www.berti-golf.de\bertichile\wohnung\_vti_cnf\sonnenuntergang04.jpg --> h1667152.stratoserver.net /httpdocs/bertichile/wohnung/_vti_cnf sonnenuntergang04.jpg
2009.12.08 18:12 B Z:\home\Berti\public_html\www.berti-golf.de\bertichile\wohnung\_vti_cnf\sonnenuntergang04_tn.jpg --> h1667152.stratoserver.net /httpdocs/bertichile/wohnung/_vti_cnf sonnenuntergang04_tn.jpg
2009.12.08 18:12 B Z:\home\Berti\public_html\www.berti-golf.de\bertichile\wohnung\_vti_cnf\sonnenuntergang05.jpg --> h1667152.stratoserver.net /httpdocs/bertichile/wohnung/_vti_cnf sonnenuntergang05.jpg
2009.12.08 18:12 B Z:\home\Berti\public_html\www.berti-golf.de\bertichile\wohnung\_vti_cnf\sonnenuntergang05_tn.jpg --> h1667152.stratoserver.net /httpdocs/bertichile/wohnung/_vti_cnf sonnenuntergang05_tn.jpg
2009.12.08 18:12 B Z:\home\Berti\public_html\www.berti-golf.de\bertichile\wohnung\_vti_cnf\sonnenuntergang06.jpg --> h1667152.stratoserver.net /httpdocs/bertichile/wohnung/_vti_cnf sonnenuntergang06.jpg
2009.12.08 18:12 B Z:\home\Berti\public_html\www.berti-golf.de\bertichile\wohnung\_vti_cnf\sonnenuntergang06_tn.jpg --> h1667152.stratoserver.net /httpdocs/bertichile/wohnung/_vti_cnf sonnenuntergang06_tn.jpg
2009.12.08 18:12 B Z:\home\Berti\public_html\www.berti-golf.de\bertichile\wohnung\_vti_cnf\vorlage.html --> h1667152.stratoserver.net /httpdocs/bertichile/wohnung/_vti_cnf vorlage.html
2009.12.08 18:12 B Z:\home\Berti\public_html\www.berti-golf.de\bertichile\wohnung\_vti_cnf\wohn1.jpg --> h1667152.stratoserver.net /httpdocs/bertichile/wohnung/_vti_cnf wohn1.jpg
2009.12.08 18:12 B Z:\home\Berti\public_html\www.berti-golf.de\bertichile\wohnung\_vti_cnf\wohn1_tn.jpg --> h1667152.stratoserver.net /httpdocs/bertichile/wohnung/_vti_cnf wohn1_tn.jpg
2009.12.08 18:12 B Z:\home\Berti\public_html\www.berti-golf.de\bertichile\wohnung\_vti_cnf\wohn3.jpg --> h1667152.stratoserver.net /httpdocs/bertichile/wohnung/_vti_cnf wohn3.jpg
2009.12.08 18:12 B Z:\home\Berti\public_html\www.berti-golf.de\bertichile\wohnung\_vti_cnf\wohn3_tn.jpg --> h1667152.stratoserver.net /httpdocs/bertichile/wohnung/_vti_cnf wohn3_tn.jpg
2009.12.08 18:12 B Z:\home\Berti\public_html\www.berti-golf.de\bertichile\wohnung\_vti_cnf\wohnung.html --> h1667152.stratoserver.net /httpdocs/bertichile/wohnung/_vti_cnf wohnung.html
