2011.09.17 07:27 B C:\Users\Berti\workspace\www.dvl-ticker.de\iPhone\dvl-ticker.css --> www.berti-golf.de /www.berti-golf.de/dvl-ticker/iPhone dvl-ticker.css
2011.09.17 07:27 B C:\Users\Berti\workspace\www.dvl-ticker.de\iPhone\dvl-ticker.js --> www.berti-golf.de /www.berti-golf.de/dvl-ticker/iPhone dvl-ticker.js
2011.09.17 07:27 B C:\Users\Berti\workspace\www.dvl-ticker.de\iPhone\dvl_95.png --> www.berti-golf.de /www.berti-golf.de/dvl-ticker/iPhone dvl_95.png
2011.09.17 07:27 B C:\Users\Berti\workspace\www.dvl-ticker.de\iPhone\DVL_iphone_v1.jpg --> www.berti-golf.de /www.berti-golf.de/dvl-ticker/iPhone DVL_iphone_v1.jpg
2011.09.17 07:27 B C:\Users\Berti\workspace\www.dvl-ticker.de\iPhone\DVL_loading_screen.png --> www.berti-golf.de /www.berti-golf.de/dvl-ticker/iPhone DVL_loading_screen.png
2011.09.17 07:27 B C:\Users\Berti\workspace\www.dvl-ticker.de\iPhone\DVL_loading_screen@2x.png --> www.berti-golf.de /www.berti-golf.de/dvl-ticker/iPhone DVL_loading_screen@2x.png
2011.09.17 07:27 B C:\Users\Berti\workspace\www.dvl-ticker.de\iPhone\icons_vereine.png --> www.berti-golf.de /www.berti-golf.de/dvl-ticker/iPhone icons_vereine.png
2011.09.17 07:27 B C:\Users\Berti\workspace\www.dvl-ticker.de\iPhone\icons_vereine_50.png --> www.berti-golf.de /www.berti-golf.de/dvl-ticker/iPhone icons_vereine_50.png
2011.09.17 07:27 B C:\Users\Berti\workspace\www.dvl-ticker.de\iPhone\index.html --> www.berti-golf.de /www.berti-golf.de/dvl-ticker/iPhone index.html
2011.09.17 07:27 B C:\Users\Berti\workspace\www.dvl-ticker.de\iPhone\jquery-1.6.2.min.js --> www.berti-golf.de /www.berti-golf.de/dvl-ticker/iPhone jquery-1.6.2.min.js
2011.09.17 07:27 B C:\Users\Berti\workspace\www.dvl-ticker.de\iPhone\jquery.mobile-1.0b1.css --> www.berti-golf.de /www.berti-golf.de/dvl-ticker/iPhone jquery.mobile-1.0b1.css
2011.09.17 07:27 B C:\Users\Berti\workspace\www.dvl-ticker.de\iPhone\jquery.mobile-1.0b1.js --> www.berti-golf.de /www.berti-golf.de/dvl-ticker/iPhone jquery.mobile-1.0b1.js
2011.09.17 07:27 B C:\Users\Berti\workspace\www.dvl-ticker.de\iPhone\jquery.mobile-1.0b1.min.css --> www.berti-golf.de /www.berti-golf.de/dvl-ticker/iPhone jquery.mobile-1.0b1.min.css
2011.09.17 07:27 B C:\Users\Berti\workspace\www.dvl-ticker.de\iPhone\jquery.mobile-1.0b1.min.js --> www.berti-golf.de /www.berti-golf.de/dvl-ticker/iPhone jquery.mobile-1.0b1.min.js
2011.09.17 07:27 B C:\Users\Berti\workspace\www.dvl-ticker.de\iPhone\jquery.mobile-1.0b3.css --> www.berti-golf.de /www.berti-golf.de/dvl-ticker/iPhone jquery.mobile-1.0b3.css
2011.09.17 07:27 B C:\Users\Berti\workspace\www.dvl-ticker.de\iPhone\jquery.mobile-1.0b3.js --> www.berti-golf.de /www.berti-golf.de/dvl-ticker/iPhone jquery.mobile-1.0b3.js
2011.09.17 07:27 B C:\Users\Berti\workspace\www.dvl-ticker.de\iPhone\jquery.mobile-1.0b3.min.css --> www.berti-golf.de /www.berti-golf.de/dvl-ticker/iPhone jquery.mobile-1.0b3.min.css
2011.09.17 07:27 B C:\Users\Berti\workspace\www.dvl-ticker.de\iPhone\jquery.mobile-1.0b3.min.js --> www.berti-golf.de /www.berti-golf.de/dvl-ticker/iPhone jquery.mobile-1.0b3.min.js
2011.09.17 07:27 B C:\Users\Berti\workspace\www.dvl-ticker.de\iPhone\tabelle.html --> www.berti-golf.de /www.berti-golf.de/dvl-ticker/iPhone tabelle.html
2011.09.17 08:17 B C:\Users\Berti\workspace\www.dvl-ticker.de\iPhone\dvl-ticker.css --> www.berti-golf.de /www.berti-golf.de/dvl-ticker/iPhone dvl-ticker.css
2011.09.17 08:17 B C:\Users\Berti\workspace\www.dvl-ticker.de\iPhone\tabelle.html --> www.berti-golf.de /www.berti-golf.de/dvl-ticker/iPhone tabelle.html
2011.09.17 09:17 B C:\Users\Berti\workspace\www.dvl-ticker.de\iPhone\dvl-ticker.css --> www.berti-golf.de /www.berti-golf.de/dvl-ticker/iPhone dvl-ticker.css
2011.09.17 09:17 B C:\Users\Berti\workspace\www.dvl-ticker.de\iPhone\dvl-ticker.js --> www.berti-golf.de /www.berti-golf.de/dvl-ticker/iPhone dvl-ticker.js
2011.09.17 09:17 B C:\Users\Berti\workspace\www.dvl-ticker.de\iPhone\index.html --> www.berti-golf.de /www.berti-golf.de/dvl-ticker/iPhone index.html
2011.09.17 09:17 B C:\Users\Berti\workspace\www.dvl-ticker.de\iPhone\tabelle.html --> www.berti-golf.de /www.berti-golf.de/dvl-ticker/iPhone tabelle.html
