2008.06.27 16:44 B K:\sicherung_webserver_h10__072008\berti-golf.de\public_html\bertichile\vuelo0201\vuelo.html <-- www.berti-golf.de /public_html/bertichile/vuelo0201 vuelo.html
2008.06.27 16:44 B K:\sicherung_webserver_h10__072008\berti-golf.de\public_html\bertichile\vuelo0201\vuelo01.jpg <-- www.berti-golf.de /public_html/bertichile/vuelo0201 vuelo01.jpg
2008.06.27 16:44 B K:\sicherung_webserver_h10__072008\berti-golf.de\public_html\bertichile\vuelo0201\vuelo01_tn.jpg <-- www.berti-golf.de /public_html/bertichile/vuelo0201 vuelo01_tn.jpg
2008.06.27 16:44 B K:\sicherung_webserver_h10__072008\berti-golf.de\public_html\bertichile\vuelo0201\vuelo02.jpg <-- www.berti-golf.de /public_html/bertichile/vuelo0201 vuelo02.jpg
2008.06.27 16:44 B K:\sicherung_webserver_h10__072008\berti-golf.de\public_html\bertichile\vuelo0201\vuelo02_tn.jpg <-- www.berti-golf.de /public_html/bertichile/vuelo0201 vuelo02_tn.jpg
2008.06.27 16:44 B K:\sicherung_webserver_h10__072008\berti-golf.de\public_html\bertichile\vuelo0201\vuelo03.jpg <-- www.berti-golf.de /public_html/bertichile/vuelo0201 vuelo03.jpg
2008.06.27 16:44 B K:\sicherung_webserver_h10__072008\berti-golf.de\public_html\bertichile\vuelo0201\vuelo03_tn.jpg <-- www.berti-golf.de /public_html/bertichile/vuelo0201 vuelo03_tn.jpg
2008.06.27 16:44 B K:\sicherung_webserver_h10__072008\berti-golf.de\public_html\bertichile\vuelo0201\vuelo04.jpg <-- www.berti-golf.de /public_html/bertichile/vuelo0201 vuelo04.jpg
2008.06.27 16:44 B K:\sicherung_webserver_h10__072008\berti-golf.de\public_html\bertichile\vuelo0201\vuelo04_tn.jpg <-- www.berti-golf.de /public_html/bertichile/vuelo0201 vuelo04_tn.jpg
2008.06.27 16:44 B K:\sicherung_webserver_h10__072008\berti-golf.de\public_html\bertichile\vuelo0201\vuelo05.jpg <-- www.berti-golf.de /public_html/bertichile/vuelo0201 vuelo05.jpg
2008.06.27 16:44 B K:\sicherung_webserver_h10__072008\berti-golf.de\public_html\bertichile\vuelo0201\vuelo05_tn.jpg <-- www.berti-golf.de /public_html/bertichile/vuelo0201 vuelo05_tn.jpg
2008.06.27 16:44 B K:\sicherung_webserver_h10__072008\berti-golf.de\public_html\bertichile\vuelo0201\vuelo06.jpg <-- www.berti-golf.de /public_html/bertichile/vuelo0201 vuelo06.jpg
2008.06.27 16:44 B K:\sicherung_webserver_h10__072008\berti-golf.de\public_html\bertichile\vuelo0201\vuelo06_tn.jpg <-- www.berti-golf.de /public_html/bertichile/vuelo0201 vuelo06_tn.jpg
2008.06.27 16:44 B K:\sicherung_webserver_h10__072008\berti-golf.de\public_html\bertichile\vuelo0201\vuelo07.jpg <-- www.berti-golf.de /public_html/bertichile/vuelo0201 vuelo07.jpg
2008.06.27 16:44 B K:\sicherung_webserver_h10__072008\berti-golf.de\public_html\bertichile\vuelo0201\vuelo07_tn.jpg <-- www.berti-golf.de /public_html/bertichile/vuelo0201 vuelo07_tn.jpg
2008.06.27 16:44 B K:\sicherung_webserver_h10__072008\berti-golf.de\public_html\bertichile\vuelo0201\vuelo08.jpg <-- www.berti-golf.de /public_html/bertichile/vuelo0201 vuelo08.jpg
2008.06.27 16:44 B K:\sicherung_webserver_h10__072008\berti-golf.de\public_html\bertichile\vuelo0201\vuelo08_tn.jpg <-- www.berti-golf.de /public_html/bertichile/vuelo0201 vuelo08_tn.jpg
2008.06.27 16:44 B K:\sicherung_webserver_h10__072008\berti-golf.de\public_html\bertichile\vuelo0201\vuelo09.jpg <-- www.berti-golf.de /public_html/bertichile/vuelo0201 vuelo09.jpg
2008.06.27 16:44 B K:\sicherung_webserver_h10__072008\berti-golf.de\public_html\bertichile\vuelo0201\vuelo09_tn.jpg <-- www.berti-golf.de /public_html/bertichile/vuelo0201 vuelo09_tn.jpg
2008.06.27 16:44 B K:\sicherung_webserver_h10__072008\berti-golf.de\public_html\bertichile\vuelo0201\vuelo10.jpg <-- www.berti-golf.de /public_html/bertichile/vuelo0201 vuelo10.jpg
2008.06.27 16:44 B K:\sicherung_webserver_h10__072008\berti-golf.de\public_html\bertichile\vuelo0201\vuelo10_tn.jpg <-- www.berti-golf.de /public_html/bertichile/vuelo0201 vuelo10_tn.jpg
2008.06.27 16:44 B K:\sicherung_webserver_h10__072008\berti-golf.de\public_html\bertichile\vuelo0201\vuelo11.jpg <-- www.berti-golf.de /public_html/bertichile/vuelo0201 vuelo11.jpg
2008.06.27 16:44 B K:\sicherung_webserver_h10__072008\berti-golf.de\public_html\bertichile\vuelo0201\vuelo11_tn.jpg <-- www.berti-golf.de /public_html/bertichile/vuelo0201 vuelo11_tn.jpg
2008.06.27 19:38 B K:\sicherung_webserver_h10__072008\berti-golf.de\public_html\bertichile\vuelo0201\vuelo.html --> bertigolfde.h1403220.stratoserver.net /public_html/bertichile/vuelo0201 vuelo.html
2008.06.27 19:38 B K:\sicherung_webserver_h10__072008\berti-golf.de\public_html\bertichile\vuelo0201\vuelo01.jpg --> bertigolfde.h1403220.stratoserver.net /public_html/bertichile/vuelo0201 vuelo01.jpg
2008.06.27 19:38 B K:\sicherung_webserver_h10__072008\berti-golf.de\public_html\bertichile\vuelo0201\vuelo01_tn.jpg --> bertigolfde.h1403220.stratoserver.net /public_html/bertichile/vuelo0201 vuelo01_tn.jpg
2008.06.27 19:38 B K:\sicherung_webserver_h10__072008\berti-golf.de\public_html\bertichile\vuelo0201\vuelo02.jpg --> bertigolfde.h1403220.stratoserver.net /public_html/bertichile/vuelo0201 vuelo02.jpg
2008.06.27 19:38 B K:\sicherung_webserver_h10__072008\berti-golf.de\public_html\bertichile\vuelo0201\vuelo02_tn.jpg --> bertigolfde.h1403220.stratoserver.net /public_html/bertichile/vuelo0201 vuelo02_tn.jpg
2008.06.27 19:38 B K:\sicherung_webserver_h10__072008\berti-golf.de\public_html\bertichile\vuelo0201\vuelo03.jpg --> bertigolfde.h1403220.stratoserver.net /public_html/bertichile/vuelo0201 vuelo03.jpg
2008.06.27 19:38 B K:\sicherung_webserver_h10__072008\berti-golf.de\public_html\bertichile\vuelo0201\vuelo03_tn.jpg --> bertigolfde.h1403220.stratoserver.net /public_html/bertichile/vuelo0201 vuelo03_tn.jpg
2008.06.27 19:38 B K:\sicherung_webserver_h10__072008\berti-golf.de\public_html\bertichile\vuelo0201\vuelo04.jpg --> bertigolfde.h1403220.stratoserver.net /public_html/bertichile/vuelo0201 vuelo04.jpg
2008.06.27 19:38 B K:\sicherung_webserver_h10__072008\berti-golf.de\public_html\bertichile\vuelo0201\vuelo04_tn.jpg --> bertigolfde.h1403220.stratoserver.net /public_html/bertichile/vuelo0201 vuelo04_tn.jpg
2008.06.27 19:38 B K:\sicherung_webserver_h10__072008\berti-golf.de\public_html\bertichile\vuelo0201\vuelo05.jpg --> bertigolfde.h1403220.stratoserver.net /public_html/bertichile/vuelo0201 vuelo05.jpg
2008.06.27 19:38 B K:\sicherung_webserver_h10__072008\berti-golf.de\public_html\bertichile\vuelo0201\vuelo05_tn.jpg --> bertigolfde.h1403220.stratoserver.net /public_html/bertichile/vuelo0201 vuelo05_tn.jpg
2008.06.27 19:38 B K:\sicherung_webserver_h10__072008\berti-golf.de\public_html\bertichile\vuelo0201\vuelo06.jpg --> bertigolfde.h1403220.stratoserver.net /public_html/bertichile/vuelo0201 vuelo06.jpg
2008.06.27 19:38 B K:\sicherung_webserver_h10__072008\berti-golf.de\public_html\bertichile\vuelo0201\vuelo06_tn.jpg --> bertigolfde.h1403220.stratoserver.net /public_html/bertichile/vuelo0201 vuelo06_tn.jpg
2008.06.27 19:38 B K:\sicherung_webserver_h10__072008\berti-golf.de\public_html\bertichile\vuelo0201\vuelo07.jpg --> bertigolfde.h1403220.stratoserver.net /public_html/bertichile/vuelo0201 vuelo07.jpg
2008.06.27 19:38 B K:\sicherung_webserver_h10__072008\berti-golf.de\public_html\bertichile\vuelo0201\vuelo07_tn.jpg --> bertigolfde.h1403220.stratoserver.net /public_html/bertichile/vuelo0201 vuelo07_tn.jpg
2008.06.27 19:38 B K:\sicherung_webserver_h10__072008\berti-golf.de\public_html\bertichile\vuelo0201\vuelo08.jpg --> bertigolfde.h1403220.stratoserver.net /public_html/bertichile/vuelo0201 vuelo08.jpg
2008.06.27 19:38 B K:\sicherung_webserver_h10__072008\berti-golf.de\public_html\bertichile\vuelo0201\vuelo08_tn.jpg --> bertigolfde.h1403220.stratoserver.net /public_html/bertichile/vuelo0201 vuelo08_tn.jpg
2008.06.27 19:38 B K:\sicherung_webserver_h10__072008\berti-golf.de\public_html\bertichile\vuelo0201\vuelo09.jpg --> bertigolfde.h1403220.stratoserver.net /public_html/bertichile/vuelo0201 vuelo09.jpg
2008.06.27 19:38 B K:\sicherung_webserver_h10__072008\berti-golf.de\public_html\bertichile\vuelo0201\vuelo09_tn.jpg --> bertigolfde.h1403220.stratoserver.net /public_html/bertichile/vuelo0201 vuelo09_tn.jpg
2008.06.27 19:38 B K:\sicherung_webserver_h10__072008\berti-golf.de\public_html\bertichile\vuelo0201\vuelo10.jpg --> bertigolfde.h1403220.stratoserver.net /public_html/bertichile/vuelo0201 vuelo10.jpg
2008.06.27 19:38 B K:\sicherung_webserver_h10__072008\berti-golf.de\public_html\bertichile\vuelo0201\vuelo10_tn.jpg --> bertigolfde.h1403220.stratoserver.net /public_html/bertichile/vuelo0201 vuelo10_tn.jpg
2008.06.27 19:38 B K:\sicherung_webserver_h10__072008\berti-golf.de\public_html\bertichile\vuelo0201\vuelo11.jpg --> bertigolfde.h1403220.stratoserver.net /public_html/bertichile/vuelo0201 vuelo11.jpg
2008.06.27 19:38 B K:\sicherung_webserver_h10__072008\berti-golf.de\public_html\bertichile\vuelo0201\vuelo11_tn.jpg --> bertigolfde.h1403220.stratoserver.net /public_html/bertichile/vuelo0201 vuelo11_tn.jpg
2009.05.01 07:25 B Z:\home\Berti\public_html\www.berti-golf.de\bertichile\vuelo0201\WS_FTP.LOG <-- bertigolfde.h1403220.stratoserver.net /public_html/bertichile/vuelo0201 WS_FTP.LOG
2009.12.08 18:10 B Z:\home\Berti\public_html\www.berti-golf.de\bertichile\vuelo0201\vuelo.html --> h1667152.stratoserver.net /httpdocs/bertichile/vuelo0201 vuelo.html
2009.12.08 18:10 B Z:\home\Berti\public_html\www.berti-golf.de\bertichile\vuelo0201\vuelo01.jpg --> h1667152.stratoserver.net /httpdocs/bertichile/vuelo0201 vuelo01.jpg
2009.12.08 18:10 B Z:\home\Berti\public_html\www.berti-golf.de\bertichile\vuelo0201\vuelo01_tn.jpg --> h1667152.stratoserver.net /httpdocs/bertichile/vuelo0201 vuelo01_tn.jpg
2009.12.08 18:10 B Z:\home\Berti\public_html\www.berti-golf.de\bertichile\vuelo0201\vuelo02.jpg --> h1667152.stratoserver.net /httpdocs/bertichile/vuelo0201 vuelo02.jpg
2009.12.08 18:10 B Z:\home\Berti\public_html\www.berti-golf.de\bertichile\vuelo0201\vuelo02_tn.jpg --> h1667152.stratoserver.net /httpdocs/bertichile/vuelo0201 vuelo02_tn.jpg
2009.12.08 18:10 B Z:\home\Berti\public_html\www.berti-golf.de\bertichile\vuelo0201\vuelo03.jpg --> h1667152.stratoserver.net /httpdocs/bertichile/vuelo0201 vuelo03.jpg
2009.12.08 18:10 B Z:\home\Berti\public_html\www.berti-golf.de\bertichile\vuelo0201\vuelo03_tn.jpg --> h1667152.stratoserver.net /httpdocs/bertichile/vuelo0201 vuelo03_tn.jpg
2009.12.08 18:10 B Z:\home\Berti\public_html\www.berti-golf.de\bertichile\vuelo0201\vuelo04.jpg --> h1667152.stratoserver.net /httpdocs/bertichile/vuelo0201 vuelo04.jpg
2009.12.08 18:10 B Z:\home\Berti\public_html\www.berti-golf.de\bertichile\vuelo0201\vuelo04_tn.jpg --> h1667152.stratoserver.net /httpdocs/bertichile/vuelo0201 vuelo04_tn.jpg
2009.12.08 18:10 B Z:\home\Berti\public_html\www.berti-golf.de\bertichile\vuelo0201\vuelo05.jpg --> h1667152.stratoserver.net /httpdocs/bertichile/vuelo0201 vuelo05.jpg
2009.12.08 18:10 B Z:\home\Berti\public_html\www.berti-golf.de\bertichile\vuelo0201\vuelo05_tn.jpg --> h1667152.stratoserver.net /httpdocs/bertichile/vuelo0201 vuelo05_tn.jpg
2009.12.08 18:10 B Z:\home\Berti\public_html\www.berti-golf.de\bertichile\vuelo0201\vuelo06.jpg --> h1667152.stratoserver.net /httpdocs/bertichile/vuelo0201 vuelo06.jpg
2009.12.08 18:10 B Z:\home\Berti\public_html\www.berti-golf.de\bertichile\vuelo0201\vuelo06_tn.jpg --> h1667152.stratoserver.net /httpdocs/bertichile/vuelo0201 vuelo06_tn.jpg
2009.12.08 18:10 B Z:\home\Berti\public_html\www.berti-golf.de\bertichile\vuelo0201\vuelo07.jpg --> h1667152.stratoserver.net /httpdocs/bertichile/vuelo0201 vuelo07.jpg
2009.12.08 18:10 B Z:\home\Berti\public_html\www.berti-golf.de\bertichile\vuelo0201\vuelo07_tn.jpg --> h1667152.stratoserver.net /httpdocs/bertichile/vuelo0201 vuelo07_tn.jpg
2009.12.08 18:10 B Z:\home\Berti\public_html\www.berti-golf.de\bertichile\vuelo0201\vuelo08.jpg --> h1667152.stratoserver.net /httpdocs/bertichile/vuelo0201 vuelo08.jpg
2009.12.08 18:10 B Z:\home\Berti\public_html\www.berti-golf.de\bertichile\vuelo0201\vuelo08_tn.jpg --> h1667152.stratoserver.net /httpdocs/bertichile/vuelo0201 vuelo08_tn.jpg
2009.12.08 18:10 B Z:\home\Berti\public_html\www.berti-golf.de\bertichile\vuelo0201\vuelo09.jpg --> h1667152.stratoserver.net /httpdocs/bertichile/vuelo0201 vuelo09.jpg
2009.12.08 18:10 B Z:\home\Berti\public_html\www.berti-golf.de\bertichile\vuelo0201\vuelo09_tn.jpg --> h1667152.stratoserver.net /httpdocs/bertichile/vuelo0201 vuelo09_tn.jpg
2009.12.08 18:10 B Z:\home\Berti\public_html\www.berti-golf.de\bertichile\vuelo0201\vuelo10.jpg --> h1667152.stratoserver.net /httpdocs/bertichile/vuelo0201 vuelo10.jpg
2009.12.08 18:10 B Z:\home\Berti\public_html\www.berti-golf.de\bertichile\vuelo0201\vuelo10_tn.jpg --> h1667152.stratoserver.net /httpdocs/bertichile/vuelo0201 vuelo10_tn.jpg
2009.12.08 18:10 B Z:\home\Berti\public_html\www.berti-golf.de\bertichile\vuelo0201\vuelo11.jpg --> h1667152.stratoserver.net /httpdocs/bertichile/vuelo0201 vuelo11.jpg
2009.12.08 18:10 B Z:\home\Berti\public_html\www.berti-golf.de\bertichile\vuelo0201\vuelo11_tn.jpg --> h1667152.stratoserver.net /httpdocs/bertichile/vuelo0201 vuelo11_tn.jpg
