2011.08.19 16:41 B C:\Users\Berti\workspace\www.dvl-ticker.de\WebContent\icons\Aachen-100px.png --> www.berti-golf.de /www.berti-golf.de/dvl-ticker/php/icons Aachen-100px.png
2011.08.19 16:41 B C:\Users\Berti\workspace\www.dvl-ticker.de\WebContent\icons\Dresden-100px.png --> www.berti-golf.de /www.berti-golf.de/dvl-ticker/php/icons Dresden-100px.png
2011.08.19 16:41 B C:\Users\Berti\workspace\www.dvl-ticker.de\WebContent\icons\Hamburg-100px.png --> www.berti-golf.de /www.berti-golf.de/dvl-ticker/php/icons Hamburg-100px.png
2011.08.19 16:41 B C:\Users\Berti\workspace\www.dvl-ticker.de\WebContent\icons\logos 2. liga.zip --> www.berti-golf.de /www.berti-golf.de/dvl-ticker/php/icons logos 2. liga.zip
2011.08.19 16:41 B C:\Users\Berti\workspace\www.dvl-ticker.de\WebContent\icons\Münster-100px.png --> www.berti-golf.de /www.berti-golf.de/dvl-ticker/php/icons Münster-100px.png
2011.08.19 16:41 B C:\Users\Berti\workspace\www.dvl-ticker.de\WebContent\icons\Schwerin-100px.png --> www.berti-golf.de /www.berti-golf.de/dvl-ticker/php/icons Schwerin-100px.png
2011.08.19 16:41 B C:\Users\Berti\workspace\www.dvl-ticker.de\WebContent\icons\solingen.png --> www.berti-golf.de /www.berti-golf.de/dvl-ticker/php/icons solingen.png
2011.08.19 16:41 B C:\Users\Berti\workspace\www.dvl-ticker.de\WebContent\icons\Stuttgart-100px.png --> www.berti-golf.de /www.berti-golf.de/dvl-ticker/php/icons Stuttgart-100px.png
2011.08.19 16:41 B C:\Users\Berti\workspace\www.dvl-ticker.de\WebContent\icons\Suhl-100px.png --> www.berti-golf.de /www.berti-golf.de/dvl-ticker/php/icons Suhl-100px.png
2011.08.19 16:41 B C:\Users\Berti\workspace\www.dvl-ticker.de\WebContent\icons\Vilsbiburg-100px.png --> www.berti-golf.de /www.berti-golf.de/dvl-ticker/php/icons Vilsbiburg-100px.png
2011.08.19 16:41 B C:\Users\Berti\workspace\www.dvl-ticker.de\WebContent\icons\Wiesbaden-100px.png --> www.berti-golf.de /www.berti-golf.de/dvl-ticker/php/icons Wiesbaden-100px.png
2011.09.13 07:48 B C:\Users\Berti\workspace\www.dvl-ticker.de\WebContent\icons\Aachen-100px.png --> www.berti-golf.de /www.berti-golf.de/dvl-ticker/icons Aachen-100px.png
2011.09.13 07:48 B C:\Users\Berti\workspace\www.dvl-ticker.de\WebContent\icons\Dresden-100px.png --> www.berti-golf.de /www.berti-golf.de/dvl-ticker/icons Dresden-100px.png
2011.09.13 07:48 B C:\Users\Berti\workspace\www.dvl-ticker.de\WebContent\icons\Hamburg-100px.png --> www.berti-golf.de /www.berti-golf.de/dvl-ticker/icons Hamburg-100px.png
2011.09.13 07:48 B C:\Users\Berti\workspace\www.dvl-ticker.de\WebContent\icons\logos 2. liga.zip --> www.berti-golf.de /www.berti-golf.de/dvl-ticker/icons logos 2. liga.zip
2011.09.13 07:48 B C:\Users\Berti\workspace\www.dvl-ticker.de\WebContent\icons\Münster-100px.png --> www.berti-golf.de /www.berti-golf.de/dvl-ticker/icons Münster-100px.png
2011.09.13 07:48 B C:\Users\Berti\workspace\www.dvl-ticker.de\WebContent\icons\Schwerin-100px.png --> www.berti-golf.de /www.berti-golf.de/dvl-ticker/icons Schwerin-100px.png
2011.09.13 07:48 B C:\Users\Berti\workspace\www.dvl-ticker.de\WebContent\icons\solingen.png --> www.berti-golf.de /www.berti-golf.de/dvl-ticker/icons solingen.png
2011.09.13 07:48 B C:\Users\Berti\workspace\www.dvl-ticker.de\WebContent\icons\Stuttgart-100px.png --> www.berti-golf.de /www.berti-golf.de/dvl-ticker/icons Stuttgart-100px.png
2011.09.13 07:48 B C:\Users\Berti\workspace\www.dvl-ticker.de\WebContent\icons\Suhl-100px.png --> www.berti-golf.de /www.berti-golf.de/dvl-ticker/icons Suhl-100px.png
2011.09.13 07:48 B C:\Users\Berti\workspace\www.dvl-ticker.de\WebContent\icons\Vilsbiburg-100px.png --> www.berti-golf.de /www.berti-golf.de/dvl-ticker/icons Vilsbiburg-100px.png
2011.09.13 07:48 B C:\Users\Berti\workspace\www.dvl-ticker.de\WebContent\icons\Wiesbaden-100px.png --> www.berti-golf.de /www.berti-golf.de/dvl-ticker/icons Wiesbaden-100px.png
