2008.06.27 16:28 B K:\sicherung_webserver_h10__072008\berti-golf.de\public_html\bertichile\pescarmar\abendsonne.jpg <-- www.berti-golf.de /public_html/bertichile/pescarmar abendsonne.jpg
2008.06.27 16:28 B K:\sicherung_webserver_h10__072008\berti-golf.de\public_html\bertichile\pescarmar\abendsonne_tn.jpg <-- www.berti-golf.de /public_html/bertichile/pescarmar abendsonne_tn.jpg
2008.06.27 16:28 B K:\sicherung_webserver_h10__072008\berti-golf.de\public_html\bertichile\pescarmar\autoconroca.jpg <-- www.berti-golf.de /public_html/bertichile/pescarmar autoconroca.jpg
2008.06.27 16:28 B K:\sicherung_webserver_h10__072008\berti-golf.de\public_html\bertichile\pescarmar\autoconroca_tn.jpg <-- www.berti-golf.de /public_html/bertichile/pescarmar autoconroca_tn.jpg
2008.06.27 16:28 B K:\sicherung_webserver_h10__072008\berti-golf.de\public_html\bertichile\pescarmar\berti-alex-fisch_tn.jpg <-- www.berti-golf.de /public_html/bertichile/pescarmar berti-alex-fisch_tn.jpg
2008.06.27 16:28 B K:\sicherung_webserver_h10__072008\berti-golf.de\public_html\bertichile\pescarmar\berti-mauricio-pescados.jpg <-- www.berti-golf.de /public_html/bertichile/pescarmar berti-mauricio-pescados.jpg
2008.06.27 16:28 B K:\sicherung_webserver_h10__072008\berti-golf.de\public_html\bertichile\pescarmar\berti-mauricio-pescados_tn.jpg <-- www.berti-golf.de /public_html/bertichile/pescarmar berti-mauricio-pescados_tn.jpg
2008.06.27 16:28 B K:\sicherung_webserver_h10__072008\berti-golf.de\public_html\bertichile\pescarmar\berti-pescado.jpg <-- www.berti-golf.de /public_html/bertichile/pescarmar berti-pescado.jpg
2008.06.27 16:28 B K:\sicherung_webserver_h10__072008\berti-golf.de\public_html\bertichile\pescarmar\berti-pescado_tn.jpg <-- www.berti-golf.de /public_html/bertichile/pescarmar berti-pescado_tn.jpg
2008.06.27 16:28 B K:\sicherung_webserver_h10__072008\berti-golf.de\public_html\bertichile\pescarmar\bertideatras.jpg <-- www.berti-golf.de /public_html/bertichile/pescarmar bertideatras.jpg
2008.06.27 16:28 B K:\sicherung_webserver_h10__072008\berti-golf.de\public_html\bertichile\pescarmar\bertideatras_tn.jpg <-- www.berti-golf.de /public_html/bertichile/pescarmar bertideatras_tn.jpg
2008.06.27 16:28 B K:\sicherung_webserver_h10__072008\berti-golf.de\public_html\bertichile\pescarmar\bertipesca.jpg <-- www.berti-golf.de /public_html/bertichile/pescarmar bertipesca.jpg
2008.06.27 16:28 B K:\sicherung_webserver_h10__072008\berti-golf.de\public_html\bertichile\pescarmar\bertipesca_tn.jpg <-- www.berti-golf.de /public_html/bertichile/pescarmar bertipesca_tn.jpg
2008.06.27 16:28 B K:\sicherung_webserver_h10__072008\berti-golf.de\public_html\bertichile\pescarmar\desayuno.jpg <-- www.berti-golf.de /public_html/bertichile/pescarmar desayuno.jpg
2008.06.27 16:28 B K:\sicherung_webserver_h10__072008\berti-golf.de\public_html\bertichile\pescarmar\desayuno_tn.jpg <-- www.berti-golf.de /public_html/bertichile/pescarmar desayuno_tn.jpg
2008.06.27 16:28 B K:\sicherung_webserver_h10__072008\berti-golf.de\public_html\bertichile\pescarmar\entrada.jpg <-- www.berti-golf.de /public_html/bertichile/pescarmar entrada.jpg
2008.06.27 16:28 B K:\sicherung_webserver_h10__072008\berti-golf.de\public_html\bertichile\pescarmar\entrada_tn.jpg <-- www.berti-golf.de /public_html/bertichile/pescarmar entrada_tn.jpg
2008.06.27 16:28 B K:\sicherung_webserver_h10__072008\berti-golf.de\public_html\bertichile\pescarmar\jeep.jpg <-- www.berti-golf.de /public_html/bertichile/pescarmar jeep.jpg
2008.06.27 16:28 B K:\sicherung_webserver_h10__072008\berti-golf.de\public_html\bertichile\pescarmar\jeep_tn.jpg <-- www.berti-golf.de /public_html/bertichile/pescarmar jeep_tn.jpg
2008.06.27 16:28 B K:\sicherung_webserver_h10__072008\berti-golf.de\public_html\bertichile\pescarmar\laplaya.jpg <-- www.berti-golf.de /public_html/bertichile/pescarmar laplaya.jpg
2008.06.27 16:28 B K:\sicherung_webserver_h10__072008\berti-golf.de\public_html\bertichile\pescarmar\laplaya_tn.jpg <-- www.berti-golf.de /public_html/bertichile/pescarmar laplaya_tn.jpg
2008.06.27 16:28 B K:\sicherung_webserver_h10__072008\berti-golf.de\public_html\bertichile\pescarmar\marco-fisch.jpg <-- www.berti-golf.de /public_html/bertichile/pescarmar marco-fisch.jpg
2008.06.27 16:28 B K:\sicherung_webserver_h10__072008\berti-golf.de\public_html\bertichile\pescarmar\marco-fisch_tn.jpg <-- www.berti-golf.de /public_html/bertichile/pescarmar marco-fisch_tn.jpg
2008.06.27 16:28 B K:\sicherung_webserver_h10__072008\berti-golf.de\public_html\bertichile\pescarmar\pescadillo.jpg <-- www.berti-golf.de /public_html/bertichile/pescarmar pescadillo.jpg
2008.06.27 16:28 B K:\sicherung_webserver_h10__072008\berti-golf.de\public_html\bertichile\pescarmar\pescadillo_tn.jpg <-- www.berti-golf.de /public_html/bertichile/pescarmar pescadillo_tn.jpg
2008.06.27 16:28 B K:\sicherung_webserver_h10__072008\berti-golf.de\public_html\bertichile\pescarmar\pescado.jpg <-- www.berti-golf.de /public_html/bertichile/pescarmar pescado.jpg
2008.06.27 16:28 B K:\sicherung_webserver_h10__072008\berti-golf.de\public_html\bertichile\pescarmar\pescado_tn.jpg <-- www.berti-golf.de /public_html/bertichile/pescarmar pescado_tn.jpg
2008.06.27 16:28 B K:\sicherung_webserver_h10__072008\berti-golf.de\public_html\bertichile\pescarmar\pescadoenauto.jpg <-- www.berti-golf.de /public_html/bertichile/pescarmar pescadoenauto.jpg
2008.06.27 16:29 B K:\sicherung_webserver_h10__072008\berti-golf.de\public_html\bertichile\pescarmar\pescadoenauto_tn.jpg <-- www.berti-golf.de /public_html/bertichile/pescarmar pescadoenauto_tn.jpg
2008.06.27 16:29 B K:\sicherung_webserver_h10__072008\berti-golf.de\public_html\bertichile\pescarmar\pescadoreconauto.jpg <-- www.berti-golf.de /public_html/bertichile/pescarmar pescadoreconauto.jpg
2008.06.27 16:29 B K:\sicherung_webserver_h10__072008\berti-golf.de\public_html\bertichile\pescarmar\pescadoreconauto_tn.jpg <-- www.berti-golf.de /public_html/bertichile/pescarmar pescadoreconauto_tn.jpg
2008.06.27 16:29 B K:\sicherung_webserver_h10__072008\berti-golf.de\public_html\bertichile\pescarmar\pescarmar.html <-- www.berti-golf.de /public_html/bertichile/pescarmar pescarmar.html
2008.06.27 16:29 B K:\sicherung_webserver_h10__072008\berti-golf.de\public_html\bertichile\pescarmar\playa1conlancha.jpg <-- www.berti-golf.de /public_html/bertichile/pescarmar playa1conlancha.jpg
2008.06.27 16:29 B K:\sicherung_webserver_h10__072008\berti-golf.de\public_html\bertichile\pescarmar\playa1conlancha_tn.jpg <-- www.berti-golf.de /public_html/bertichile/pescarmar playa1conlancha_tn.jpg
2008.06.27 16:29 B K:\sicherung_webserver_h10__072008\berti-golf.de\public_html\bertichile\pescarmar\pspbrwse.jbf <-- www.berti-golf.de /public_html/bertichile/pescarmar pspbrwse.jbf
2008.06.27 16:29 B K:\sicherung_webserver_h10__072008\berti-golf.de\public_html\bertichile\pescarmar\rocadelobos1.jpg <-- www.berti-golf.de /public_html/bertichile/pescarmar rocadelobos1.jpg
2008.06.27 16:29 B K:\sicherung_webserver_h10__072008\berti-golf.de\public_html\bertichile\pescarmar\rocadelobos1_tn.jpg <-- www.berti-golf.de /public_html/bertichile/pescarmar rocadelobos1_tn.jpg
2008.06.27 16:29 B K:\sicherung_webserver_h10__072008\berti-golf.de\public_html\bertichile\pescarmar\rocadelobos2_tn.jpg <-- www.berti-golf.de /public_html/bertichile/pescarmar rocadelobos2_tn.jpg
2008.06.27 16:29 B K:\sicherung_webserver_h10__072008\berti-golf.de\public_html\bertichile\pescarmar\rocadelobos3.jpg <-- www.berti-golf.de /public_html/bertichile/pescarmar rocadelobos3.jpg
2008.06.27 16:29 B K:\sicherung_webserver_h10__072008\berti-golf.de\public_html\bertichile\pescarmar\rocadelobos3_tn.jpg <-- www.berti-golf.de /public_html/bertichile/pescarmar rocadelobos3_tn.jpg
2008.06.27 19:23 B K:\sicherung_webserver_h10__072008\berti-golf.de\public_html\bertichile\pescarmar\abendsonne.jpg --> bertigolfde.h1403220.stratoserver.net /public_html/bertichile/pescarmar abendsonne.jpg
2008.06.27 19:23 B K:\sicherung_webserver_h10__072008\berti-golf.de\public_html\bertichile\pescarmar\abendsonne_tn.jpg --> bertigolfde.h1403220.stratoserver.net /public_html/bertichile/pescarmar abendsonne_tn.jpg
2008.06.27 19:23 B K:\sicherung_webserver_h10__072008\berti-golf.de\public_html\bertichile\pescarmar\autoconroca.jpg --> bertigolfde.h1403220.stratoserver.net /public_html/bertichile/pescarmar autoconroca.jpg
2008.06.27 19:23 B K:\sicherung_webserver_h10__072008\berti-golf.de\public_html\bertichile\pescarmar\autoconroca_tn.jpg --> bertigolfde.h1403220.stratoserver.net /public_html/bertichile/pescarmar autoconroca_tn.jpg
2008.06.27 19:23 B K:\sicherung_webserver_h10__072008\berti-golf.de\public_html\bertichile\pescarmar\berti-alex-fisch.jpg --> bertigolfde.h1403220.stratoserver.net /public_html/bertichile/pescarmar berti-alex-fisch.jpg
2008.06.27 19:23 B K:\sicherung_webserver_h10__072008\berti-golf.de\public_html\bertichile\pescarmar\berti-alex-fisch_tn.jpg --> bertigolfde.h1403220.stratoserver.net /public_html/bertichile/pescarmar berti-alex-fisch_tn.jpg
2008.06.27 19:23 B K:\sicherung_webserver_h10__072008\berti-golf.de\public_html\bertichile\pescarmar\berti-mauricio-pescados.jpg --> bertigolfde.h1403220.stratoserver.net /public_html/bertichile/pescarmar berti-mauricio-pescados.jpg
2008.06.27 19:23 B K:\sicherung_webserver_h10__072008\berti-golf.de\public_html\bertichile\pescarmar\berti-mauricio-pescados_tn.jpg --> bertigolfde.h1403220.stratoserver.net /public_html/bertichile/pescarmar berti-mauricio-pescados_tn.jpg
2008.06.27 19:24 B K:\sicherung_webserver_h10__072008\berti-golf.de\public_html\bertichile\pescarmar\berti-pescado.jpg --> bertigolfde.h1403220.stratoserver.net /public_html/bertichile/pescarmar berti-pescado.jpg
2008.06.27 19:24 B K:\sicherung_webserver_h10__072008\berti-golf.de\public_html\bertichile\pescarmar\berti-pescado_tn.jpg --> bertigolfde.h1403220.stratoserver.net /public_html/bertichile/pescarmar berti-pescado_tn.jpg
2008.06.27 19:24 B K:\sicherung_webserver_h10__072008\berti-golf.de\public_html\bertichile\pescarmar\bertideatras.jpg --> bertigolfde.h1403220.stratoserver.net /public_html/bertichile/pescarmar bertideatras.jpg
2008.06.27 19:24 B K:\sicherung_webserver_h10__072008\berti-golf.de\public_html\bertichile\pescarmar\bertideatras_tn.jpg --> bertigolfde.h1403220.stratoserver.net /public_html/bertichile/pescarmar bertideatras_tn.jpg
2008.06.27 19:24 B K:\sicherung_webserver_h10__072008\berti-golf.de\public_html\bertichile\pescarmar\bertipesca.jpg --> bertigolfde.h1403220.stratoserver.net /public_html/bertichile/pescarmar bertipesca.jpg
2008.06.27 19:24 B K:\sicherung_webserver_h10__072008\berti-golf.de\public_html\bertichile\pescarmar\bertipesca_tn.jpg --> bertigolfde.h1403220.stratoserver.net /public_html/bertichile/pescarmar bertipesca_tn.jpg
2008.06.27 19:24 B K:\sicherung_webserver_h10__072008\berti-golf.de\public_html\bertichile\pescarmar\desayuno.jpg --> bertigolfde.h1403220.stratoserver.net /public_html/bertichile/pescarmar desayuno.jpg
2008.06.27 19:24 B K:\sicherung_webserver_h10__072008\berti-golf.de\public_html\bertichile\pescarmar\desayuno_tn.jpg --> bertigolfde.h1403220.stratoserver.net /public_html/bertichile/pescarmar desayuno_tn.jpg
2008.06.27 19:24 B K:\sicherung_webserver_h10__072008\berti-golf.de\public_html\bertichile\pescarmar\entrada.jpg --> bertigolfde.h1403220.stratoserver.net /public_html/bertichile/pescarmar entrada.jpg
2008.06.27 19:24 B K:\sicherung_webserver_h10__072008\berti-golf.de\public_html\bertichile\pescarmar\entrada_tn.jpg --> bertigolfde.h1403220.stratoserver.net /public_html/bertichile/pescarmar entrada_tn.jpg
2008.06.27 19:24 B K:\sicherung_webserver_h10__072008\berti-golf.de\public_html\bertichile\pescarmar\jeep.jpg --> bertigolfde.h1403220.stratoserver.net /public_html/bertichile/pescarmar jeep.jpg
2008.06.27 19:24 B K:\sicherung_webserver_h10__072008\berti-golf.de\public_html\bertichile\pescarmar\jeep_tn.jpg --> bertigolfde.h1403220.stratoserver.net /public_html/bertichile/pescarmar jeep_tn.jpg
2008.06.27 19:24 B K:\sicherung_webserver_h10__072008\berti-golf.de\public_html\bertichile\pescarmar\laplaya.jpg --> bertigolfde.h1403220.stratoserver.net /public_html/bertichile/pescarmar laplaya.jpg
2008.06.27 19:24 B K:\sicherung_webserver_h10__072008\berti-golf.de\public_html\bertichile\pescarmar\laplaya_tn.jpg --> bertigolfde.h1403220.stratoserver.net /public_html/bertichile/pescarmar laplaya_tn.jpg
2008.06.27 19:24 B K:\sicherung_webserver_h10__072008\berti-golf.de\public_html\bertichile\pescarmar\marco-fisch.jpg --> bertigolfde.h1403220.stratoserver.net /public_html/bertichile/pescarmar marco-fisch.jpg
2008.06.27 19:24 B K:\sicherung_webserver_h10__072008\berti-golf.de\public_html\bertichile\pescarmar\marco-fisch_tn.jpg --> bertigolfde.h1403220.stratoserver.net /public_html/bertichile/pescarmar marco-fisch_tn.jpg
2008.06.27 19:24 B K:\sicherung_webserver_h10__072008\berti-golf.de\public_html\bertichile\pescarmar\pescadillo.jpg --> bertigolfde.h1403220.stratoserver.net /public_html/bertichile/pescarmar pescadillo.jpg
2008.06.27 19:24 B K:\sicherung_webserver_h10__072008\berti-golf.de\public_html\bertichile\pescarmar\pescadillo_tn.jpg --> bertigolfde.h1403220.stratoserver.net /public_html/bertichile/pescarmar pescadillo_tn.jpg
2008.06.27 19:24 B K:\sicherung_webserver_h10__072008\berti-golf.de\public_html\bertichile\pescarmar\pescado.jpg --> bertigolfde.h1403220.stratoserver.net /public_html/bertichile/pescarmar pescado.jpg
2008.06.27 19:24 B K:\sicherung_webserver_h10__072008\berti-golf.de\public_html\bertichile\pescarmar\pescado_tn.jpg --> bertigolfde.h1403220.stratoserver.net /public_html/bertichile/pescarmar pescado_tn.jpg
2008.06.27 19:24 B K:\sicherung_webserver_h10__072008\berti-golf.de\public_html\bertichile\pescarmar\pescadoenauto.jpg --> bertigolfde.h1403220.stratoserver.net /public_html/bertichile/pescarmar pescadoenauto.jpg
2008.06.27 19:24 B K:\sicherung_webserver_h10__072008\berti-golf.de\public_html\bertichile\pescarmar\pescadoenauto_tn.jpg --> bertigolfde.h1403220.stratoserver.net /public_html/bertichile/pescarmar pescadoenauto_tn.jpg
2008.06.27 19:24 B K:\sicherung_webserver_h10__072008\berti-golf.de\public_html\bertichile\pescarmar\pescadoreconauto.jpg --> bertigolfde.h1403220.stratoserver.net /public_html/bertichile/pescarmar pescadoreconauto.jpg
2008.06.27 19:24 B K:\sicherung_webserver_h10__072008\berti-golf.de\public_html\bertichile\pescarmar\pescadoreconauto_tn.jpg --> bertigolfde.h1403220.stratoserver.net /public_html/bertichile/pescarmar pescadoreconauto_tn.jpg
2008.06.27 19:24 B K:\sicherung_webserver_h10__072008\berti-golf.de\public_html\bertichile\pescarmar\pescarmar.html --> bertigolfde.h1403220.stratoserver.net /public_html/bertichile/pescarmar pescarmar.html
2008.06.27 19:24 B K:\sicherung_webserver_h10__072008\berti-golf.de\public_html\bertichile\pescarmar\playa1conlancha.jpg --> bertigolfde.h1403220.stratoserver.net /public_html/bertichile/pescarmar playa1conlancha.jpg
2008.06.27 19:24 B K:\sicherung_webserver_h10__072008\berti-golf.de\public_html\bertichile\pescarmar\playa1conlancha_tn.jpg --> bertigolfde.h1403220.stratoserver.net /public_html/bertichile/pescarmar playa1conlancha_tn.jpg
2008.06.27 19:24 B K:\sicherung_webserver_h10__072008\berti-golf.de\public_html\bertichile\pescarmar\pspbrwse.jbf --> bertigolfde.h1403220.stratoserver.net /public_html/bertichile/pescarmar pspbrwse.jbf
2008.06.27 19:24 B K:\sicherung_webserver_h10__072008\berti-golf.de\public_html\bertichile\pescarmar\rocadelobos1.jpg --> bertigolfde.h1403220.stratoserver.net /public_html/bertichile/pescarmar rocadelobos1.jpg
2008.06.27 19:24 B K:\sicherung_webserver_h10__072008\berti-golf.de\public_html\bertichile\pescarmar\rocadelobos1_tn.jpg --> bertigolfde.h1403220.stratoserver.net /public_html/bertichile/pescarmar rocadelobos1_tn.jpg
2008.06.27 19:24 B K:\sicherung_webserver_h10__072008\berti-golf.de\public_html\bertichile\pescarmar\rocadelobos2.jpg --> bertigolfde.h1403220.stratoserver.net /public_html/bertichile/pescarmar rocadelobos2.jpg
2008.06.27 19:24 B K:\sicherung_webserver_h10__072008\berti-golf.de\public_html\bertichile\pescarmar\rocadelobos2_tn.jpg --> bertigolfde.h1403220.stratoserver.net /public_html/bertichile/pescarmar rocadelobos2_tn.jpg
2008.06.27 19:24 B K:\sicherung_webserver_h10__072008\berti-golf.de\public_html\bertichile\pescarmar\rocadelobos3.jpg --> bertigolfde.h1403220.stratoserver.net /public_html/bertichile/pescarmar rocadelobos3.jpg
2008.06.27 19:24 B K:\sicherung_webserver_h10__072008\berti-golf.de\public_html\bertichile\pescarmar\rocadelobos3_tn.jpg --> bertigolfde.h1403220.stratoserver.net /public_html/bertichile/pescarmar rocadelobos3_tn.jpg
2009.05.01 07:18 B Z:\home\Berti\public_html\www.berti-golf.de\bertichile\pescarmar\WS_FTP.LOG <-- bertigolfde.h1403220.stratoserver.net /public_html/bertichile/pescarmar WS_FTP.LOG
2009.12.08 18:03 B Z:\home\Berti\public_html\www.berti-golf.de\bertichile\pescarmar\abendsonne.jpg --> h1667152.stratoserver.net /httpdocs/bertichile/pescarmar abendsonne.jpg
2009.12.08 18:03 B Z:\home\Berti\public_html\www.berti-golf.de\bertichile\pescarmar\abendsonne_tn.jpg --> h1667152.stratoserver.net /httpdocs/bertichile/pescarmar abendsonne_tn.jpg
2009.12.08 18:03 B Z:\home\Berti\public_html\www.berti-golf.de\bertichile\pescarmar\autoconroca.jpg --> h1667152.stratoserver.net /httpdocs/bertichile/pescarmar autoconroca.jpg
2009.12.08 18:03 B Z:\home\Berti\public_html\www.berti-golf.de\bertichile\pescarmar\autoconroca_tn.jpg --> h1667152.stratoserver.net /httpdocs/bertichile/pescarmar autoconroca_tn.jpg
2009.12.08 18:03 B Z:\home\Berti\public_html\www.berti-golf.de\bertichile\pescarmar\berti-alex-fisch.jpg --> h1667152.stratoserver.net /httpdocs/bertichile/pescarmar berti-alex-fisch.jpg
2009.12.08 18:03 B Z:\home\Berti\public_html\www.berti-golf.de\bertichile\pescarmar\berti-alex-fisch_tn.jpg --> h1667152.stratoserver.net /httpdocs/bertichile/pescarmar berti-alex-fisch_tn.jpg
2009.12.08 18:03 B Z:\home\Berti\public_html\www.berti-golf.de\bertichile\pescarmar\berti-mauricio-pescados.jpg --> h1667152.stratoserver.net /httpdocs/bertichile/pescarmar berti-mauricio-pescados.jpg
2009.12.08 18:03 B Z:\home\Berti\public_html\www.berti-golf.de\bertichile\pescarmar\berti-mauricio-pescados_tn.jpg --> h1667152.stratoserver.net /httpdocs/bertichile/pescarmar berti-mauricio-pescados_tn.jpg
2009.12.08 18:03 B Z:\home\Berti\public_html\www.berti-golf.de\bertichile\pescarmar\berti-pescado.jpg --> h1667152.stratoserver.net /httpdocs/bertichile/pescarmar berti-pescado.jpg
2009.12.08 18:03 B Z:\home\Berti\public_html\www.berti-golf.de\bertichile\pescarmar\berti-pescado_tn.jpg --> h1667152.stratoserver.net /httpdocs/bertichile/pescarmar berti-pescado_tn.jpg
2009.12.08 18:03 B Z:\home\Berti\public_html\www.berti-golf.de\bertichile\pescarmar\bertideatras.jpg --> h1667152.stratoserver.net /httpdocs/bertichile/pescarmar bertideatras.jpg
2009.12.08 18:03 B Z:\home\Berti\public_html\www.berti-golf.de\bertichile\pescarmar\bertideatras_tn.jpg --> h1667152.stratoserver.net /httpdocs/bertichile/pescarmar bertideatras_tn.jpg
2009.12.08 18:03 B Z:\home\Berti\public_html\www.berti-golf.de\bertichile\pescarmar\bertipesca.jpg --> h1667152.stratoserver.net /httpdocs/bertichile/pescarmar bertipesca.jpg
2009.12.08 18:03 B Z:\home\Berti\public_html\www.berti-golf.de\bertichile\pescarmar\bertipesca_tn.jpg --> h1667152.stratoserver.net /httpdocs/bertichile/pescarmar bertipesca_tn.jpg
2009.12.08 18:03 B Z:\home\Berti\public_html\www.berti-golf.de\bertichile\pescarmar\desayuno.jpg --> h1667152.stratoserver.net /httpdocs/bertichile/pescarmar desayuno.jpg
2009.12.08 18:03 B Z:\home\Berti\public_html\www.berti-golf.de\bertichile\pescarmar\desayuno_tn.jpg --> h1667152.stratoserver.net /httpdocs/bertichile/pescarmar desayuno_tn.jpg
2009.12.08 18:03 B Z:\home\Berti\public_html\www.berti-golf.de\bertichile\pescarmar\entrada.jpg --> h1667152.stratoserver.net /httpdocs/bertichile/pescarmar entrada.jpg
2009.12.08 18:03 B Z:\home\Berti\public_html\www.berti-golf.de\bertichile\pescarmar\entrada_tn.jpg --> h1667152.stratoserver.net /httpdocs/bertichile/pescarmar entrada_tn.jpg
2009.12.08 18:03 B Z:\home\Berti\public_html\www.berti-golf.de\bertichile\pescarmar\jeep.jpg --> h1667152.stratoserver.net /httpdocs/bertichile/pescarmar jeep.jpg
2009.12.08 18:03 B Z:\home\Berti\public_html\www.berti-golf.de\bertichile\pescarmar\jeep_tn.jpg --> h1667152.stratoserver.net /httpdocs/bertichile/pescarmar jeep_tn.jpg
2009.12.08 18:03 B Z:\home\Berti\public_html\www.berti-golf.de\bertichile\pescarmar\laplaya.jpg --> h1667152.stratoserver.net /httpdocs/bertichile/pescarmar laplaya.jpg
2009.12.08 18:03 B Z:\home\Berti\public_html\www.berti-golf.de\bertichile\pescarmar\laplaya_tn.jpg --> h1667152.stratoserver.net /httpdocs/bertichile/pescarmar laplaya_tn.jpg
2009.12.08 18:03 B Z:\home\Berti\public_html\www.berti-golf.de\bertichile\pescarmar\marco-fisch.jpg --> h1667152.stratoserver.net /httpdocs/bertichile/pescarmar marco-fisch.jpg
2009.12.08 18:03 B Z:\home\Berti\public_html\www.berti-golf.de\bertichile\pescarmar\marco-fisch_tn.jpg --> h1667152.stratoserver.net /httpdocs/bertichile/pescarmar marco-fisch_tn.jpg
2009.12.08 18:03 B Z:\home\Berti\public_html\www.berti-golf.de\bertichile\pescarmar\pescadillo.jpg --> h1667152.stratoserver.net /httpdocs/bertichile/pescarmar pescadillo.jpg
2009.12.08 18:03 B Z:\home\Berti\public_html\www.berti-golf.de\bertichile\pescarmar\pescadillo_tn.jpg --> h1667152.stratoserver.net /httpdocs/bertichile/pescarmar pescadillo_tn.jpg
2009.12.08 18:03 B Z:\home\Berti\public_html\www.berti-golf.de\bertichile\pescarmar\pescado.jpg --> h1667152.stratoserver.net /httpdocs/bertichile/pescarmar pescado.jpg
2009.12.08 18:03 B Z:\home\Berti\public_html\www.berti-golf.de\bertichile\pescarmar\pescado_tn.jpg --> h1667152.stratoserver.net /httpdocs/bertichile/pescarmar pescado_tn.jpg
2009.12.08 18:03 B Z:\home\Berti\public_html\www.berti-golf.de\bertichile\pescarmar\pescadoenauto.jpg --> h1667152.stratoserver.net /httpdocs/bertichile/pescarmar pescadoenauto.jpg
2009.12.08 18:03 B Z:\home\Berti\public_html\www.berti-golf.de\bertichile\pescarmar\pescadoenauto_tn.jpg --> h1667152.stratoserver.net /httpdocs/bertichile/pescarmar pescadoenauto_tn.jpg
2009.12.08 18:03 B Z:\home\Berti\public_html\www.berti-golf.de\bertichile\pescarmar\pescadoreconauto.jpg --> h1667152.stratoserver.net /httpdocs/bertichile/pescarmar pescadoreconauto.jpg
2009.12.08 18:03 B Z:\home\Berti\public_html\www.berti-golf.de\bertichile\pescarmar\pescadoreconauto_tn.jpg --> h1667152.stratoserver.net /httpdocs/bertichile/pescarmar pescadoreconauto_tn.jpg
2009.12.08 18:03 B Z:\home\Berti\public_html\www.berti-golf.de\bertichile\pescarmar\pescarmar.html --> h1667152.stratoserver.net /httpdocs/bertichile/pescarmar pescarmar.html
2009.12.08 18:03 B Z:\home\Berti\public_html\www.berti-golf.de\bertichile\pescarmar\playa1conlancha.jpg --> h1667152.stratoserver.net /httpdocs/bertichile/pescarmar playa1conlancha.jpg
2009.12.08 18:03 B Z:\home\Berti\public_html\www.berti-golf.de\bertichile\pescarmar\playa1conlancha_tn.jpg --> h1667152.stratoserver.net /httpdocs/bertichile/pescarmar playa1conlancha_tn.jpg
2009.12.08 18:03 B Z:\home\Berti\public_html\www.berti-golf.de\bertichile\pescarmar\pspbrwse.jbf --> h1667152.stratoserver.net /httpdocs/bertichile/pescarmar pspbrwse.jbf
2009.12.08 18:03 B Z:\home\Berti\public_html\www.berti-golf.de\bertichile\pescarmar\rocadelobos1.jpg --> h1667152.stratoserver.net /httpdocs/bertichile/pescarmar rocadelobos1.jpg
2009.12.08 18:03 B Z:\home\Berti\public_html\www.berti-golf.de\bertichile\pescarmar\rocadelobos1_tn.jpg --> h1667152.stratoserver.net /httpdocs/bertichile/pescarmar rocadelobos1_tn.jpg
2009.12.08 18:03 B Z:\home\Berti\public_html\www.berti-golf.de\bertichile\pescarmar\rocadelobos2.jpg --> h1667152.stratoserver.net /httpdocs/bertichile/pescarmar rocadelobos2.jpg
2009.12.08 18:03 B Z:\home\Berti\public_html\www.berti-golf.de\bertichile\pescarmar\rocadelobos2_tn.jpg --> h1667152.stratoserver.net /httpdocs/bertichile/pescarmar rocadelobos2_tn.jpg
2009.12.08 18:03 B Z:\home\Berti\public_html\www.berti-golf.de\bertichile\pescarmar\rocadelobos3.jpg --> h1667152.stratoserver.net /httpdocs/bertichile/pescarmar rocadelobos3.jpg
2009.12.08 18:03 B Z:\home\Berti\public_html\www.berti-golf.de\bertichile\pescarmar\rocadelobos3_tn.jpg --> h1667152.stratoserver.net /httpdocs/bertichile/pescarmar rocadelobos3_tn.jpg
