2008.06.27 16:20 B K:\sicherung_webserver_h10__072008\berti-golf.de\public_html\bertichile\islanegra0800\cartagena.jpg <-- www.berti-golf.de /public_html/bertichile/islanegra0800 cartagena.jpg
2008.06.27 16:20 B K:\sicherung_webserver_h10__072008\berti-golf.de\public_html\bertichile\islanegra0800\cartagena_tn.jpg <-- www.berti-golf.de /public_html/bertichile/islanegra0800 cartagena_tn.jpg
2008.06.27 16:20 B K:\sicherung_webserver_h10__072008\berti-golf.de\public_html\bertichile\islanegra0800\dsc00002.jpg <-- www.berti-golf.de /public_html/bertichile/islanegra0800 dsc00002.jpg
2008.06.27 16:20 B K:\sicherung_webserver_h10__072008\berti-golf.de\public_html\bertichile\islanegra0800\dsc00002_tn.jpg <-- www.berti-golf.de /public_html/bertichile/islanegra0800 dsc00002_tn.jpg
2008.06.27 16:20 B K:\sicherung_webserver_h10__072008\berti-golf.de\public_html\bertichile\islanegra0800\dsc00004.jpg <-- www.berti-golf.de /public_html/bertichile/islanegra0800 dsc00004.jpg
2008.06.27 16:20 B K:\sicherung_webserver_h10__072008\berti-golf.de\public_html\bertichile\islanegra0800\dsc00004_tn.jpg <-- www.berti-golf.de /public_html/bertichile/islanegra0800 dsc00004_tn.jpg
2008.06.27 16:20 B K:\sicherung_webserver_h10__072008\berti-golf.de\public_html\bertichile\islanegra0800\dsc00005.jpg <-- www.berti-golf.de /public_html/bertichile/islanegra0800 dsc00005.jpg
2008.06.27 16:20 B K:\sicherung_webserver_h10__072008\berti-golf.de\public_html\bertichile\islanegra0800\dsc00005_tn.jpg <-- www.berti-golf.de /public_html/bertichile/islanegra0800 dsc00005_tn.jpg
2008.06.27 16:20 B K:\sicherung_webserver_h10__072008\berti-golf.de\public_html\bertichile\islanegra0800\dsc00006.jpg <-- www.berti-golf.de /public_html/bertichile/islanegra0800 dsc00006.jpg
2008.06.27 16:20 B K:\sicherung_webserver_h10__072008\berti-golf.de\public_html\bertichile\islanegra0800\dsc00006_tn.jpg <-- www.berti-golf.de /public_html/bertichile/islanegra0800 dsc00006_tn.jpg
2008.06.27 16:20 B K:\sicherung_webserver_h10__072008\berti-golf.de\public_html\bertichile\islanegra0800\dsc00007.jpg <-- www.berti-golf.de /public_html/bertichile/islanegra0800 dsc00007.jpg
2008.06.27 16:20 B K:\sicherung_webserver_h10__072008\berti-golf.de\public_html\bertichile\islanegra0800\dsc00007_tn.jpg <-- www.berti-golf.de /public_html/bertichile/islanegra0800 dsc00007_tn.jpg
2008.06.27 16:20 B K:\sicherung_webserver_h10__072008\berti-golf.de\public_html\bertichile\islanegra0800\dsc00008.jpg <-- www.berti-golf.de /public_html/bertichile/islanegra0800 dsc00008.jpg
2008.06.27 16:20 B K:\sicherung_webserver_h10__072008\berti-golf.de\public_html\bertichile\islanegra0800\dsc00008_tn.jpg <-- www.berti-golf.de /public_html/bertichile/islanegra0800 dsc00008_tn.jpg
2008.06.27 16:20 B K:\sicherung_webserver_h10__072008\berti-golf.de\public_html\bertichile\islanegra0800\dsc00009.jpg <-- www.berti-golf.de /public_html/bertichile/islanegra0800 dsc00009.jpg
2008.06.27 16:20 B K:\sicherung_webserver_h10__072008\berti-golf.de\public_html\bertichile\islanegra0800\dsc00009_tn.jpg <-- www.berti-golf.de /public_html/bertichile/islanegra0800 dsc00009_tn.jpg
2008.06.27 16:20 B K:\sicherung_webserver_h10__072008\berti-golf.de\public_html\bertichile\islanegra0800\dsc00010.jpg <-- www.berti-golf.de /public_html/bertichile/islanegra0800 dsc00010.jpg
2008.06.27 16:20 B K:\sicherung_webserver_h10__072008\berti-golf.de\public_html\bertichile\islanegra0800\dsc00010_tn.jpg <-- www.berti-golf.de /public_html/bertichile/islanegra0800 dsc00010_tn.jpg
2008.06.27 16:21 B K:\sicherung_webserver_h10__072008\berti-golf.de\public_html\bertichile\islanegra0800\dsc00012.jpg <-- www.berti-golf.de /public_html/bertichile/islanegra0800 dsc00012.jpg
2008.06.27 16:21 B K:\sicherung_webserver_h10__072008\berti-golf.de\public_html\bertichile\islanegra0800\dsc00012_tn.jpg <-- www.berti-golf.de /public_html/bertichile/islanegra0800 dsc00012_tn.jpg
2008.06.27 16:21 B K:\sicherung_webserver_h10__072008\berti-golf.de\public_html\bertichile\islanegra0800\dsc00013.jpg <-- www.berti-golf.de /public_html/bertichile/islanegra0800 dsc00013.jpg
2008.06.27 16:21 B K:\sicherung_webserver_h10__072008\berti-golf.de\public_html\bertichile\islanegra0800\dsc00013_tn.jpg <-- www.berti-golf.de /public_html/bertichile/islanegra0800 dsc00013_tn.jpg
2008.06.27 16:21 B K:\sicherung_webserver_h10__072008\berti-golf.de\public_html\bertichile\islanegra0800\dsc00014.jpg <-- www.berti-golf.de /public_html/bertichile/islanegra0800 dsc00014.jpg
2008.06.27 16:21 B K:\sicherung_webserver_h10__072008\berti-golf.de\public_html\bertichile\islanegra0800\dsc00014_tn.jpg <-- www.berti-golf.de /public_html/bertichile/islanegra0800 dsc00014_tn.jpg
2008.06.27 16:21 B K:\sicherung_webserver_h10__072008\berti-golf.de\public_html\bertichile\islanegra0800\dsc00018.jpg <-- www.berti-golf.de /public_html/bertichile/islanegra0800 dsc00018.jpg
2008.06.27 16:21 B K:\sicherung_webserver_h10__072008\berti-golf.de\public_html\bertichile\islanegra0800\dsc00018_tn.jpg <-- www.berti-golf.de /public_html/bertichile/islanegra0800 dsc00018_tn.jpg
2008.06.27 16:21 B K:\sicherung_webserver_h10__072008\berti-golf.de\public_html\bertichile\islanegra0800\dsc00019.jpg <-- www.berti-golf.de /public_html/bertichile/islanegra0800 dsc00019.jpg
2008.06.27 16:21 B K:\sicherung_webserver_h10__072008\berti-golf.de\public_html\bertichile\islanegra0800\dsc00019_tn.jpg <-- www.berti-golf.de /public_html/bertichile/islanegra0800 dsc00019_tn.jpg
2008.06.27 16:21 B K:\sicherung_webserver_h10__072008\berti-golf.de\public_html\bertichile\islanegra0800\dsc00023.jpg <-- www.berti-golf.de /public_html/bertichile/islanegra0800 dsc00023.jpg
2008.06.27 16:21 B K:\sicherung_webserver_h10__072008\berti-golf.de\public_html\bertichile\islanegra0800\dsc00023_tn.jpg <-- www.berti-golf.de /public_html/bertichile/islanegra0800 dsc00023_tn.jpg
2008.06.27 16:21 B K:\sicherung_webserver_h10__072008\berti-golf.de\public_html\bertichile\islanegra0800\dsc00026.jpg <-- www.berti-golf.de /public_html/bertichile/islanegra0800 dsc00026.jpg
2008.06.27 16:21 B K:\sicherung_webserver_h10__072008\berti-golf.de\public_html\bertichile\islanegra0800\dsc00026_tn.jpg <-- www.berti-golf.de /public_html/bertichile/islanegra0800 dsc00026_tn.jpg
2008.06.27 16:21 B K:\sicherung_webserver_h10__072008\berti-golf.de\public_html\bertichile\islanegra0800\dsc00028.jpg <-- www.berti-golf.de /public_html/bertichile/islanegra0800 dsc00028.jpg
2008.06.27 16:21 B K:\sicherung_webserver_h10__072008\berti-golf.de\public_html\bertichile\islanegra0800\dsc00028_tn.jpg <-- www.berti-golf.de /public_html/bertichile/islanegra0800 dsc00028_tn.jpg
2008.06.27 16:21 B K:\sicherung_webserver_h10__072008\berti-golf.de\public_html\bertichile\islanegra0800\dsc00030.jpg <-- www.berti-golf.de /public_html/bertichile/islanegra0800 dsc00030.jpg
2008.06.27 16:21 B K:\sicherung_webserver_h10__072008\berti-golf.de\public_html\bertichile\islanegra0800\dsc00030_tn.jpg <-- www.berti-golf.de /public_html/bertichile/islanegra0800 dsc00030_tn.jpg
2008.06.27 16:21 B K:\sicherung_webserver_h10__072008\berti-golf.de\public_html\bertichile\islanegra0800\dsc00032.jpg <-- www.berti-golf.de /public_html/bertichile/islanegra0800 dsc00032.jpg
2008.06.27 16:21 B K:\sicherung_webserver_h10__072008\berti-golf.de\public_html\bertichile\islanegra0800\dsc00032_tn.jpg <-- www.berti-golf.de /public_html/bertichile/islanegra0800 dsc00032_tn.jpg
2008.06.27 16:21 B K:\sicherung_webserver_h10__072008\berti-golf.de\public_html\bertichile\islanegra0800\dsc00033.jpg <-- www.berti-golf.de /public_html/bertichile/islanegra0800 dsc00033.jpg
2008.06.27 16:21 B K:\sicherung_webserver_h10__072008\berti-golf.de\public_html\bertichile\islanegra0800\dsc00033_tn.jpg <-- www.berti-golf.de /public_html/bertichile/islanegra0800 dsc00033_tn.jpg
2008.06.27 16:21 B K:\sicherung_webserver_h10__072008\berti-golf.de\public_html\bertichile\islanegra0800\dsc00035.jpg <-- www.berti-golf.de /public_html/bertichile/islanegra0800 dsc00035.jpg
2008.06.27 16:21 B K:\sicherung_webserver_h10__072008\berti-golf.de\public_html\bertichile\islanegra0800\dsc00035_tn.jpg <-- www.berti-golf.de /public_html/bertichile/islanegra0800 dsc00035_tn.jpg
2008.06.27 16:21 B K:\sicherung_webserver_h10__072008\berti-golf.de\public_html\bertichile\islanegra0800\dsc00042.jpg <-- www.berti-golf.de /public_html/bertichile/islanegra0800 dsc00042.jpg
2008.06.27 16:21 B K:\sicherung_webserver_h10__072008\berti-golf.de\public_html\bertichile\islanegra0800\dsc00042_tn.jpg <-- www.berti-golf.de /public_html/bertichile/islanegra0800 dsc00042_tn.jpg
2008.06.27 16:21 B K:\sicherung_webserver_h10__072008\berti-golf.de\public_html\bertichile\islanegra0800\dsc00047.jpg <-- www.berti-golf.de /public_html/bertichile/islanegra0800 dsc00047.jpg
2008.06.27 16:21 B K:\sicherung_webserver_h10__072008\berti-golf.de\public_html\bertichile\islanegra0800\dsc00047_tn.jpg <-- www.berti-golf.de /public_html/bertichile/islanegra0800 dsc00047_tn.jpg
2008.06.27 16:21 B K:\sicherung_webserver_h10__072008\berti-golf.de\public_html\bertichile\islanegra0800\dsc00048.jpg <-- www.berti-golf.de /public_html/bertichile/islanegra0800 dsc00048.jpg
2008.06.27 16:21 B K:\sicherung_webserver_h10__072008\berti-golf.de\public_html\bertichile\islanegra0800\dsc00048_tn.jpg <-- www.berti-golf.de /public_html/bertichile/islanegra0800 dsc00048_tn.jpg
2008.06.27 16:21 B K:\sicherung_webserver_h10__072008\berti-golf.de\public_html\bertichile\islanegra0800\dsc00050.jpg <-- www.berti-golf.de /public_html/bertichile/islanegra0800 dsc00050.jpg
2008.06.27 16:21 B K:\sicherung_webserver_h10__072008\berti-golf.de\public_html\bertichile\islanegra0800\dsc00050_tn.jpg <-- www.berti-golf.de /public_html/bertichile/islanegra0800 dsc00050_tn.jpg
2008.06.27 16:21 B K:\sicherung_webserver_h10__072008\berti-golf.de\public_html\bertichile\islanegra0800\dsc00052.jpg <-- www.berti-golf.de /public_html/bertichile/islanegra0800 dsc00052.jpg
2008.06.27 16:21 B K:\sicherung_webserver_h10__072008\berti-golf.de\public_html\bertichile\islanegra0800\dsc00052_tn.jpg <-- www.berti-golf.de /public_html/bertichile/islanegra0800 dsc00052_tn.jpg
2008.06.27 16:21 B K:\sicherung_webserver_h10__072008\berti-golf.de\public_html\bertichile\islanegra0800\in.html <-- www.berti-golf.de /public_html/bertichile/islanegra0800 in.html
2008.06.27 16:21 B K:\sicherung_webserver_h10__072008\berti-golf.de\public_html\bertichile\islanegra0800\lospoetas.jpg <-- www.berti-golf.de /public_html/bertichile/islanegra0800 lospoetas.jpg
2008.06.27 16:21 B K:\sicherung_webserver_h10__072008\berti-golf.de\public_html\bertichile\islanegra0800\lospoetas_tn.jpg <-- www.berti-golf.de /public_html/bertichile/islanegra0800 lospoetas_tn.jpg
2008.06.27 16:22 B K:\sicherung_webserver_h10__072008\berti-golf.de\public_html\bertichile\islanegra0800\mosaik.jpg <-- www.berti-golf.de /public_html/bertichile/islanegra0800 mosaik.jpg
2008.06.27 16:22 B K:\sicherung_webserver_h10__072008\berti-golf.de\public_html\bertichile\islanegra0800\mosaik_tn.jpg <-- www.berti-golf.de /public_html/bertichile/islanegra0800 mosaik_tn.jpg
2008.06.27 19:16 B K:\sicherung_webserver_h10__072008\berti-golf.de\public_html\bertichile\islanegra0800\cartagena.jpg --> bertigolfde.h1403220.stratoserver.net /public_html/bertichile/islanegra0800 cartagena.jpg
2008.06.27 19:16 B K:\sicherung_webserver_h10__072008\berti-golf.de\public_html\bertichile\islanegra0800\cartagena_tn.jpg --> bertigolfde.h1403220.stratoserver.net /public_html/bertichile/islanegra0800 cartagena_tn.jpg
2008.06.27 19:16 B K:\sicherung_webserver_h10__072008\berti-golf.de\public_html\bertichile\islanegra0800\dsc00002.jpg --> bertigolfde.h1403220.stratoserver.net /public_html/bertichile/islanegra0800 dsc00002.jpg
2008.06.27 19:16 B K:\sicherung_webserver_h10__072008\berti-golf.de\public_html\bertichile\islanegra0800\dsc00002_tn.jpg --> bertigolfde.h1403220.stratoserver.net /public_html/bertichile/islanegra0800 dsc00002_tn.jpg
2008.06.27 19:16 B K:\sicherung_webserver_h10__072008\berti-golf.de\public_html\bertichile\islanegra0800\dsc00004.jpg --> bertigolfde.h1403220.stratoserver.net /public_html/bertichile/islanegra0800 dsc00004.jpg
2008.06.27 19:16 B K:\sicherung_webserver_h10__072008\berti-golf.de\public_html\bertichile\islanegra0800\dsc00004_tn.jpg --> bertigolfde.h1403220.stratoserver.net /public_html/bertichile/islanegra0800 dsc00004_tn.jpg
2008.06.27 19:16 B K:\sicherung_webserver_h10__072008\berti-golf.de\public_html\bertichile\islanegra0800\dsc00005.jpg --> bertigolfde.h1403220.stratoserver.net /public_html/bertichile/islanegra0800 dsc00005.jpg
2008.06.27 19:16 B K:\sicherung_webserver_h10__072008\berti-golf.de\public_html\bertichile\islanegra0800\dsc00005_tn.jpg --> bertigolfde.h1403220.stratoserver.net /public_html/bertichile/islanegra0800 dsc00005_tn.jpg
2008.06.27 19:16 B K:\sicherung_webserver_h10__072008\berti-golf.de\public_html\bertichile\islanegra0800\dsc00006.jpg --> bertigolfde.h1403220.stratoserver.net /public_html/bertichile/islanegra0800 dsc00006.jpg
2008.06.27 19:16 B K:\sicherung_webserver_h10__072008\berti-golf.de\public_html\bertichile\islanegra0800\dsc00006_tn.jpg --> bertigolfde.h1403220.stratoserver.net /public_html/bertichile/islanegra0800 dsc00006_tn.jpg
2008.06.27 19:16 B K:\sicherung_webserver_h10__072008\berti-golf.de\public_html\bertichile\islanegra0800\dsc00007.jpg --> bertigolfde.h1403220.stratoserver.net /public_html/bertichile/islanegra0800 dsc00007.jpg
2008.06.27 19:16 B K:\sicherung_webserver_h10__072008\berti-golf.de\public_html\bertichile\islanegra0800\dsc00007_tn.jpg --> bertigolfde.h1403220.stratoserver.net /public_html/bertichile/islanegra0800 dsc00007_tn.jpg
2008.06.27 19:16 B K:\sicherung_webserver_h10__072008\berti-golf.de\public_html\bertichile\islanegra0800\dsc00008.jpg --> bertigolfde.h1403220.stratoserver.net /public_html/bertichile/islanegra0800 dsc00008.jpg
2008.06.27 19:16 B K:\sicherung_webserver_h10__072008\berti-golf.de\public_html\bertichile\islanegra0800\dsc00008_tn.jpg --> bertigolfde.h1403220.stratoserver.net /public_html/bertichile/islanegra0800 dsc00008_tn.jpg
2008.06.27 19:16 B K:\sicherung_webserver_h10__072008\berti-golf.de\public_html\bertichile\islanegra0800\dsc00009.jpg --> bertigolfde.h1403220.stratoserver.net /public_html/bertichile/islanegra0800 dsc00009.jpg
2008.06.27 19:16 B K:\sicherung_webserver_h10__072008\berti-golf.de\public_html\bertichile\islanegra0800\dsc00009_tn.jpg --> bertigolfde.h1403220.stratoserver.net /public_html/bertichile/islanegra0800 dsc00009_tn.jpg
2008.06.27 19:16 B K:\sicherung_webserver_h10__072008\berti-golf.de\public_html\bertichile\islanegra0800\dsc00010.jpg --> bertigolfde.h1403220.stratoserver.net /public_html/bertichile/islanegra0800 dsc00010.jpg
2008.06.27 19:16 B K:\sicherung_webserver_h10__072008\berti-golf.de\public_html\bertichile\islanegra0800\dsc00010_tn.jpg --> bertigolfde.h1403220.stratoserver.net /public_html/bertichile/islanegra0800 dsc00010_tn.jpg
2008.06.27 19:16 B K:\sicherung_webserver_h10__072008\berti-golf.de\public_html\bertichile\islanegra0800\dsc00012.jpg --> bertigolfde.h1403220.stratoserver.net /public_html/bertichile/islanegra0800 dsc00012.jpg
2008.06.27 19:16 B K:\sicherung_webserver_h10__072008\berti-golf.de\public_html\bertichile\islanegra0800\dsc00012_tn.jpg --> bertigolfde.h1403220.stratoserver.net /public_html/bertichile/islanegra0800 dsc00012_tn.jpg
2008.06.27 19:16 B K:\sicherung_webserver_h10__072008\berti-golf.de\public_html\bertichile\islanegra0800\dsc00013.jpg --> bertigolfde.h1403220.stratoserver.net /public_html/bertichile/islanegra0800 dsc00013.jpg
2008.06.27 19:16 B K:\sicherung_webserver_h10__072008\berti-golf.de\public_html\bertichile\islanegra0800\dsc00013_tn.jpg --> bertigolfde.h1403220.stratoserver.net /public_html/bertichile/islanegra0800 dsc00013_tn.jpg
2008.06.27 19:16 B K:\sicherung_webserver_h10__072008\berti-golf.de\public_html\bertichile\islanegra0800\dsc00014.jpg --> bertigolfde.h1403220.stratoserver.net /public_html/bertichile/islanegra0800 dsc00014.jpg
2008.06.27 19:16 B K:\sicherung_webserver_h10__072008\berti-golf.de\public_html\bertichile\islanegra0800\dsc00014_tn.jpg --> bertigolfde.h1403220.stratoserver.net /public_html/bertichile/islanegra0800 dsc00014_tn.jpg
2008.06.27 19:16 B K:\sicherung_webserver_h10__072008\berti-golf.de\public_html\bertichile\islanegra0800\dsc00018.jpg --> bertigolfde.h1403220.stratoserver.net /public_html/bertichile/islanegra0800 dsc00018.jpg
2008.06.27 19:16 B K:\sicherung_webserver_h10__072008\berti-golf.de\public_html\bertichile\islanegra0800\dsc00018_tn.jpg --> bertigolfde.h1403220.stratoserver.net /public_html/bertichile/islanegra0800 dsc00018_tn.jpg
2008.06.27 19:16 B K:\sicherung_webserver_h10__072008\berti-golf.de\public_html\bertichile\islanegra0800\dsc00019.jpg --> bertigolfde.h1403220.stratoserver.net /public_html/bertichile/islanegra0800 dsc00019.jpg
2008.06.27 19:16 B K:\sicherung_webserver_h10__072008\berti-golf.de\public_html\bertichile\islanegra0800\dsc00019_tn.jpg --> bertigolfde.h1403220.stratoserver.net /public_html/bertichile/islanegra0800 dsc00019_tn.jpg
2008.06.27 19:16 B K:\sicherung_webserver_h10__072008\berti-golf.de\public_html\bertichile\islanegra0800\dsc00023.jpg --> bertigolfde.h1403220.stratoserver.net /public_html/bertichile/islanegra0800 dsc00023.jpg
2008.06.27 19:16 B K:\sicherung_webserver_h10__072008\berti-golf.de\public_html\bertichile\islanegra0800\dsc00023_tn.jpg --> bertigolfde.h1403220.stratoserver.net /public_html/bertichile/islanegra0800 dsc00023_tn.jpg
2008.06.27 19:16 B K:\sicherung_webserver_h10__072008\berti-golf.de\public_html\bertichile\islanegra0800\dsc00026.jpg --> bertigolfde.h1403220.stratoserver.net /public_html/bertichile/islanegra0800 dsc00026.jpg
2008.06.27 19:17 B K:\sicherung_webserver_h10__072008\berti-golf.de\public_html\bertichile\islanegra0800\dsc00026_tn.jpg --> bertigolfde.h1403220.stratoserver.net /public_html/bertichile/islanegra0800 dsc00026_tn.jpg
2008.06.27 19:17 B K:\sicherung_webserver_h10__072008\berti-golf.de\public_html\bertichile\islanegra0800\dsc00028.jpg --> bertigolfde.h1403220.stratoserver.net /public_html/bertichile/islanegra0800 dsc00028.jpg
2008.06.27 19:17 B K:\sicherung_webserver_h10__072008\berti-golf.de\public_html\bertichile\islanegra0800\dsc00028_tn.jpg --> bertigolfde.h1403220.stratoserver.net /public_html/bertichile/islanegra0800 dsc00028_tn.jpg
2008.06.27 19:17 B K:\sicherung_webserver_h10__072008\berti-golf.de\public_html\bertichile\islanegra0800\dsc00030.jpg --> bertigolfde.h1403220.stratoserver.net /public_html/bertichile/islanegra0800 dsc00030.jpg
2008.06.27 19:17 B K:\sicherung_webserver_h10__072008\berti-golf.de\public_html\bertichile\islanegra0800\dsc00030_tn.jpg --> bertigolfde.h1403220.stratoserver.net /public_html/bertichile/islanegra0800 dsc00030_tn.jpg
2008.06.27 19:17 B K:\sicherung_webserver_h10__072008\berti-golf.de\public_html\bertichile\islanegra0800\dsc00032.jpg --> bertigolfde.h1403220.stratoserver.net /public_html/bertichile/islanegra0800 dsc00032.jpg
2008.06.27 19:17 B K:\sicherung_webserver_h10__072008\berti-golf.de\public_html\bertichile\islanegra0800\dsc00032_tn.jpg --> bertigolfde.h1403220.stratoserver.net /public_html/bertichile/islanegra0800 dsc00032_tn.jpg
2008.06.27 19:17 B K:\sicherung_webserver_h10__072008\berti-golf.de\public_html\bertichile\islanegra0800\dsc00033.jpg --> bertigolfde.h1403220.stratoserver.net /public_html/bertichile/islanegra0800 dsc00033.jpg
2008.06.27 19:17 B K:\sicherung_webserver_h10__072008\berti-golf.de\public_html\bertichile\islanegra0800\dsc00033_tn.jpg --> bertigolfde.h1403220.stratoserver.net /public_html/bertichile/islanegra0800 dsc00033_tn.jpg
2008.06.27 19:17 B K:\sicherung_webserver_h10__072008\berti-golf.de\public_html\bertichile\islanegra0800\dsc00035.jpg --> bertigolfde.h1403220.stratoserver.net /public_html/bertichile/islanegra0800 dsc00035.jpg
2008.06.27 19:17 B K:\sicherung_webserver_h10__072008\berti-golf.de\public_html\bertichile\islanegra0800\dsc00035_tn.jpg --> bertigolfde.h1403220.stratoserver.net /public_html/bertichile/islanegra0800 dsc00035_tn.jpg
2008.06.27 19:17 B K:\sicherung_webserver_h10__072008\berti-golf.de\public_html\bertichile\islanegra0800\dsc00042.jpg --> bertigolfde.h1403220.stratoserver.net /public_html/bertichile/islanegra0800 dsc00042.jpg
2008.06.27 19:17 B K:\sicherung_webserver_h10__072008\berti-golf.de\public_html\bertichile\islanegra0800\dsc00042_tn.jpg --> bertigolfde.h1403220.stratoserver.net /public_html/bertichile/islanegra0800 dsc00042_tn.jpg
2008.06.27 19:17 B K:\sicherung_webserver_h10__072008\berti-golf.de\public_html\bertichile\islanegra0800\dsc00047.jpg --> bertigolfde.h1403220.stratoserver.net /public_html/bertichile/islanegra0800 dsc00047.jpg
2008.06.27 19:17 B K:\sicherung_webserver_h10__072008\berti-golf.de\public_html\bertichile\islanegra0800\dsc00047_tn.jpg --> bertigolfde.h1403220.stratoserver.net /public_html/bertichile/islanegra0800 dsc00047_tn.jpg
2008.06.27 19:17 B K:\sicherung_webserver_h10__072008\berti-golf.de\public_html\bertichile\islanegra0800\dsc00048.jpg --> bertigolfde.h1403220.stratoserver.net /public_html/bertichile/islanegra0800 dsc00048.jpg
2008.06.27 19:17 B K:\sicherung_webserver_h10__072008\berti-golf.de\public_html\bertichile\islanegra0800\dsc00048_tn.jpg --> bertigolfde.h1403220.stratoserver.net /public_html/bertichile/islanegra0800 dsc00048_tn.jpg
2008.06.27 19:17 B K:\sicherung_webserver_h10__072008\berti-golf.de\public_html\bertichile\islanegra0800\dsc00050.jpg --> bertigolfde.h1403220.stratoserver.net /public_html/bertichile/islanegra0800 dsc00050.jpg
2008.06.27 19:17 B K:\sicherung_webserver_h10__072008\berti-golf.de\public_html\bertichile\islanegra0800\dsc00050_tn.jpg --> bertigolfde.h1403220.stratoserver.net /public_html/bertichile/islanegra0800 dsc00050_tn.jpg
2008.06.27 19:17 B K:\sicherung_webserver_h10__072008\berti-golf.de\public_html\bertichile\islanegra0800\dsc00052.jpg --> bertigolfde.h1403220.stratoserver.net /public_html/bertichile/islanegra0800 dsc00052.jpg
2008.06.27 19:17 B K:\sicherung_webserver_h10__072008\berti-golf.de\public_html\bertichile\islanegra0800\dsc00052_tn.jpg --> bertigolfde.h1403220.stratoserver.net /public_html/bertichile/islanegra0800 dsc00052_tn.jpg
2008.06.27 19:17 B K:\sicherung_webserver_h10__072008\berti-golf.de\public_html\bertichile\islanegra0800\in.html --> bertigolfde.h1403220.stratoserver.net /public_html/bertichile/islanegra0800 in.html
2008.06.27 19:17 B K:\sicherung_webserver_h10__072008\berti-golf.de\public_html\bertichile\islanegra0800\lospoetas.jpg --> bertigolfde.h1403220.stratoserver.net /public_html/bertichile/islanegra0800 lospoetas.jpg
2008.06.27 19:17 B K:\sicherung_webserver_h10__072008\berti-golf.de\public_html\bertichile\islanegra0800\lospoetas_tn.jpg --> bertigolfde.h1403220.stratoserver.net /public_html/bertichile/islanegra0800 lospoetas_tn.jpg
2008.06.27 19:17 B K:\sicherung_webserver_h10__072008\berti-golf.de\public_html\bertichile\islanegra0800\mosaik.jpg --> bertigolfde.h1403220.stratoserver.net /public_html/bertichile/islanegra0800 mosaik.jpg
2008.06.27 19:17 B K:\sicherung_webserver_h10__072008\berti-golf.de\public_html\bertichile\islanegra0800\mosaik_tn.jpg --> bertigolfde.h1403220.stratoserver.net /public_html/bertichile/islanegra0800 mosaik_tn.jpg
2009.05.01 07:14 B Z:\home\Berti\public_html\www.berti-golf.de\bertichile\islanegra0800\WS_FTP.LOG <-- bertigolfde.h1403220.stratoserver.net /public_html/bertichile/islanegra0800 WS_FTP.LOG
2009.12.08 18:00 B Z:\home\Berti\public_html\www.berti-golf.de\bertichile\islanegra0800\cartagena.jpg --> h1667152.stratoserver.net /httpdocs/bertichile/islanegra0800 cartagena.jpg
2009.12.08 18:00 B Z:\home\Berti\public_html\www.berti-golf.de\bertichile\islanegra0800\cartagena_tn.jpg --> h1667152.stratoserver.net /httpdocs/bertichile/islanegra0800 cartagena_tn.jpg
2009.12.08 18:00 B Z:\home\Berti\public_html\www.berti-golf.de\bertichile\islanegra0800\dsc00002.jpg --> h1667152.stratoserver.net /httpdocs/bertichile/islanegra0800 dsc00002.jpg
2009.12.08 18:00 B Z:\home\Berti\public_html\www.berti-golf.de\bertichile\islanegra0800\dsc00002_tn.jpg --> h1667152.stratoserver.net /httpdocs/bertichile/islanegra0800 dsc00002_tn.jpg
2009.12.08 18:00 B Z:\home\Berti\public_html\www.berti-golf.de\bertichile\islanegra0800\dsc00004.jpg --> h1667152.stratoserver.net /httpdocs/bertichile/islanegra0800 dsc00004.jpg
2009.12.08 18:00 B Z:\home\Berti\public_html\www.berti-golf.de\bertichile\islanegra0800\dsc00004_tn.jpg --> h1667152.stratoserver.net /httpdocs/bertichile/islanegra0800 dsc00004_tn.jpg
2009.12.08 18:00 B Z:\home\Berti\public_html\www.berti-golf.de\bertichile\islanegra0800\dsc00005.jpg --> h1667152.stratoserver.net /httpdocs/bertichile/islanegra0800 dsc00005.jpg
2009.12.08 18:00 B Z:\home\Berti\public_html\www.berti-golf.de\bertichile\islanegra0800\dsc00005_tn.jpg --> h1667152.stratoserver.net /httpdocs/bertichile/islanegra0800 dsc00005_tn.jpg
2009.12.08 18:00 B Z:\home\Berti\public_html\www.berti-golf.de\bertichile\islanegra0800\dsc00006.jpg --> h1667152.stratoserver.net /httpdocs/bertichile/islanegra0800 dsc00006.jpg
2009.12.08 18:00 B Z:\home\Berti\public_html\www.berti-golf.de\bertichile\islanegra0800\dsc00006_tn.jpg --> h1667152.stratoserver.net /httpdocs/bertichile/islanegra0800 dsc00006_tn.jpg
2009.12.08 18:00 B Z:\home\Berti\public_html\www.berti-golf.de\bertichile\islanegra0800\dsc00007.jpg --> h1667152.stratoserver.net /httpdocs/bertichile/islanegra0800 dsc00007.jpg
2009.12.08 18:00 B Z:\home\Berti\public_html\www.berti-golf.de\bertichile\islanegra0800\dsc00007_tn.jpg --> h1667152.stratoserver.net /httpdocs/bertichile/islanegra0800 dsc00007_tn.jpg
2009.12.08 18:00 B Z:\home\Berti\public_html\www.berti-golf.de\bertichile\islanegra0800\dsc00008.jpg --> h1667152.stratoserver.net /httpdocs/bertichile/islanegra0800 dsc00008.jpg
2009.12.08 18:00 B Z:\home\Berti\public_html\www.berti-golf.de\bertichile\islanegra0800\dsc00008_tn.jpg --> h1667152.stratoserver.net /httpdocs/bertichile/islanegra0800 dsc00008_tn.jpg
2009.12.08 18:00 B Z:\home\Berti\public_html\www.berti-golf.de\bertichile\islanegra0800\dsc00009.jpg --> h1667152.stratoserver.net /httpdocs/bertichile/islanegra0800 dsc00009.jpg
2009.12.08 18:00 B Z:\home\Berti\public_html\www.berti-golf.de\bertichile\islanegra0800\dsc00009_tn.jpg --> h1667152.stratoserver.net /httpdocs/bertichile/islanegra0800 dsc00009_tn.jpg
2009.12.08 18:00 B Z:\home\Berti\public_html\www.berti-golf.de\bertichile\islanegra0800\dsc00010.jpg --> h1667152.stratoserver.net /httpdocs/bertichile/islanegra0800 dsc00010.jpg
2009.12.08 18:00 B Z:\home\Berti\public_html\www.berti-golf.de\bertichile\islanegra0800\dsc00010_tn.jpg --> h1667152.stratoserver.net /httpdocs/bertichile/islanegra0800 dsc00010_tn.jpg
2009.12.08 18:00 B Z:\home\Berti\public_html\www.berti-golf.de\bertichile\islanegra0800\dsc00012.jpg --> h1667152.stratoserver.net /httpdocs/bertichile/islanegra0800 dsc00012.jpg
2009.12.08 18:00 B Z:\home\Berti\public_html\www.berti-golf.de\bertichile\islanegra0800\dsc00012_tn.jpg --> h1667152.stratoserver.net /httpdocs/bertichile/islanegra0800 dsc00012_tn.jpg
2009.12.08 18:00 B Z:\home\Berti\public_html\www.berti-golf.de\bertichile\islanegra0800\dsc00013.jpg --> h1667152.stratoserver.net /httpdocs/bertichile/islanegra0800 dsc00013.jpg
2009.12.08 18:00 B Z:\home\Berti\public_html\www.berti-golf.de\bertichile\islanegra0800\dsc00013_tn.jpg --> h1667152.stratoserver.net /httpdocs/bertichile/islanegra0800 dsc00013_tn.jpg
2009.12.08 18:00 B Z:\home\Berti\public_html\www.berti-golf.de\bertichile\islanegra0800\dsc00014.jpg --> h1667152.stratoserver.net /httpdocs/bertichile/islanegra0800 dsc00014.jpg
2009.12.08 18:00 B Z:\home\Berti\public_html\www.berti-golf.de\bertichile\islanegra0800\dsc00014_tn.jpg --> h1667152.stratoserver.net /httpdocs/bertichile/islanegra0800 dsc00014_tn.jpg
2009.12.08 18:00 B Z:\home\Berti\public_html\www.berti-golf.de\bertichile\islanegra0800\dsc00018.jpg --> h1667152.stratoserver.net /httpdocs/bertichile/islanegra0800 dsc00018.jpg
2009.12.08 18:00 B Z:\home\Berti\public_html\www.berti-golf.de\bertichile\islanegra0800\dsc00018_tn.jpg --> h1667152.stratoserver.net /httpdocs/bertichile/islanegra0800 dsc00018_tn.jpg
2009.12.08 18:00 B Z:\home\Berti\public_html\www.berti-golf.de\bertichile\islanegra0800\dsc00019.jpg --> h1667152.stratoserver.net /httpdocs/bertichile/islanegra0800 dsc00019.jpg
2009.12.08 18:00 B Z:\home\Berti\public_html\www.berti-golf.de\bertichile\islanegra0800\dsc00019_tn.jpg --> h1667152.stratoserver.net /httpdocs/bertichile/islanegra0800 dsc00019_tn.jpg
2009.12.08 18:00 B Z:\home\Berti\public_html\www.berti-golf.de\bertichile\islanegra0800\dsc00023.jpg --> h1667152.stratoserver.net /httpdocs/bertichile/islanegra0800 dsc00023.jpg
2009.12.08 18:00 B Z:\home\Berti\public_html\www.berti-golf.de\bertichile\islanegra0800\dsc00023_tn.jpg --> h1667152.stratoserver.net /httpdocs/bertichile/islanegra0800 dsc00023_tn.jpg
2009.12.08 18:00 B Z:\home\Berti\public_html\www.berti-golf.de\bertichile\islanegra0800\dsc00026.jpg --> h1667152.stratoserver.net /httpdocs/bertichile/islanegra0800 dsc00026.jpg
2009.12.08 18:00 B Z:\home\Berti\public_html\www.berti-golf.de\bertichile\islanegra0800\dsc00026_tn.jpg --> h1667152.stratoserver.net /httpdocs/bertichile/islanegra0800 dsc00026_tn.jpg
2009.12.08 18:00 B Z:\home\Berti\public_html\www.berti-golf.de\bertichile\islanegra0800\dsc00028.jpg --> h1667152.stratoserver.net /httpdocs/bertichile/islanegra0800 dsc00028.jpg
2009.12.08 18:00 B Z:\home\Berti\public_html\www.berti-golf.de\bertichile\islanegra0800\dsc00028_tn.jpg --> h1667152.stratoserver.net /httpdocs/bertichile/islanegra0800 dsc00028_tn.jpg
2009.12.08 18:00 B Z:\home\Berti\public_html\www.berti-golf.de\bertichile\islanegra0800\dsc00030.jpg --> h1667152.stratoserver.net /httpdocs/bertichile/islanegra0800 dsc00030.jpg
2009.12.08 18:00 B Z:\home\Berti\public_html\www.berti-golf.de\bertichile\islanegra0800\dsc00030_tn.jpg --> h1667152.stratoserver.net /httpdocs/bertichile/islanegra0800 dsc00030_tn.jpg
2009.12.08 18:00 B Z:\home\Berti\public_html\www.berti-golf.de\bertichile\islanegra0800\dsc00032.jpg --> h1667152.stratoserver.net /httpdocs/bertichile/islanegra0800 dsc00032.jpg
2009.12.08 18:00 B Z:\home\Berti\public_html\www.berti-golf.de\bertichile\islanegra0800\dsc00032_tn.jpg --> h1667152.stratoserver.net /httpdocs/bertichile/islanegra0800 dsc00032_tn.jpg
2009.12.08 18:00 B Z:\home\Berti\public_html\www.berti-golf.de\bertichile\islanegra0800\dsc00033.jpg --> h1667152.stratoserver.net /httpdocs/bertichile/islanegra0800 dsc00033.jpg
2009.12.08 18:00 B Z:\home\Berti\public_html\www.berti-golf.de\bertichile\islanegra0800\dsc00033_tn.jpg --> h1667152.stratoserver.net /httpdocs/bertichile/islanegra0800 dsc00033_tn.jpg
2009.12.08 18:00 B Z:\home\Berti\public_html\www.berti-golf.de\bertichile\islanegra0800\dsc00035.jpg --> h1667152.stratoserver.net /httpdocs/bertichile/islanegra0800 dsc00035.jpg
2009.12.08 18:00 B Z:\home\Berti\public_html\www.berti-golf.de\bertichile\islanegra0800\dsc00035_tn.jpg --> h1667152.stratoserver.net /httpdocs/bertichile/islanegra0800 dsc00035_tn.jpg
2009.12.08 18:00 B Z:\home\Berti\public_html\www.berti-golf.de\bertichile\islanegra0800\dsc00042.jpg --> h1667152.stratoserver.net /httpdocs/bertichile/islanegra0800 dsc00042.jpg
2009.12.08 18:00 B Z:\home\Berti\public_html\www.berti-golf.de\bertichile\islanegra0800\dsc00042_tn.jpg --> h1667152.stratoserver.net /httpdocs/bertichile/islanegra0800 dsc00042_tn.jpg
2009.12.08 18:00 B Z:\home\Berti\public_html\www.berti-golf.de\bertichile\islanegra0800\dsc00047.jpg --> h1667152.stratoserver.net /httpdocs/bertichile/islanegra0800 dsc00047.jpg
2009.12.08 18:00 B Z:\home\Berti\public_html\www.berti-golf.de\bertichile\islanegra0800\dsc00047_tn.jpg --> h1667152.stratoserver.net /httpdocs/bertichile/islanegra0800 dsc00047_tn.jpg
2009.12.08 18:00 B Z:\home\Berti\public_html\www.berti-golf.de\bertichile\islanegra0800\dsc00048.jpg --> h1667152.stratoserver.net /httpdocs/bertichile/islanegra0800 dsc00048.jpg
2009.12.08 18:00 B Z:\home\Berti\public_html\www.berti-golf.de\bertichile\islanegra0800\dsc00048_tn.jpg --> h1667152.stratoserver.net /httpdocs/bertichile/islanegra0800 dsc00048_tn.jpg
2009.12.08 18:00 B Z:\home\Berti\public_html\www.berti-golf.de\bertichile\islanegra0800\dsc00050.jpg --> h1667152.stratoserver.net /httpdocs/bertichile/islanegra0800 dsc00050.jpg
2009.12.08 18:00 B Z:\home\Berti\public_html\www.berti-golf.de\bertichile\islanegra0800\dsc00050_tn.jpg --> h1667152.stratoserver.net /httpdocs/bertichile/islanegra0800 dsc00050_tn.jpg
2009.12.08 18:00 B Z:\home\Berti\public_html\www.berti-golf.de\bertichile\islanegra0800\dsc00052.jpg --> h1667152.stratoserver.net /httpdocs/bertichile/islanegra0800 dsc00052.jpg
2009.12.08 18:00 B Z:\home\Berti\public_html\www.berti-golf.de\bertichile\islanegra0800\dsc00052_tn.jpg --> h1667152.stratoserver.net /httpdocs/bertichile/islanegra0800 dsc00052_tn.jpg
2009.12.08 18:00 B Z:\home\Berti\public_html\www.berti-golf.de\bertichile\islanegra0800\in.html --> h1667152.stratoserver.net /httpdocs/bertichile/islanegra0800 in.html
2009.12.08 18:00 B Z:\home\Berti\public_html\www.berti-golf.de\bertichile\islanegra0800\lospoetas.jpg --> h1667152.stratoserver.net /httpdocs/bertichile/islanegra0800 lospoetas.jpg
2009.12.08 18:00 B Z:\home\Berti\public_html\www.berti-golf.de\bertichile\islanegra0800\lospoetas_tn.jpg --> h1667152.stratoserver.net /httpdocs/bertichile/islanegra0800 lospoetas_tn.jpg
2009.12.08 18:00 B Z:\home\Berti\public_html\www.berti-golf.de\bertichile\islanegra0800\mosaik.jpg --> h1667152.stratoserver.net /httpdocs/bertichile/islanegra0800 mosaik.jpg
2009.12.08 18:00 B Z:\home\Berti\public_html\www.berti-golf.de\bertichile\islanegra0800\mosaik_tn.jpg --> h1667152.stratoserver.net /httpdocs/bertichile/islanegra0800 mosaik_tn.jpg
