2008.06.27 16:26 B K:\sicherung_webserver_h10__072008\berti-golf.de\public_html\bertichile\navidad00\auto.jpg <-- www.berti-golf.de /public_html/bertichile/navidad00 auto.jpg
2008.06.27 16:26 B K:\sicherung_webserver_h10__072008\berti-golf.de\public_html\bertichile\navidad00\auto_tn.jpg <-- www.berti-golf.de /public_html/bertichile/navidad00 auto_tn.jpg
2008.06.27 16:26 B K:\sicherung_webserver_h10__072008\berti-golf.de\public_html\bertichile\navidad00\caballero1.jpg <-- www.berti-golf.de /public_html/bertichile/navidad00 caballero1.jpg
2008.06.27 16:26 B K:\sicherung_webserver_h10__072008\berti-golf.de\public_html\bertichile\navidad00\caballero1_tn.jpg <-- www.berti-golf.de /public_html/bertichile/navidad00 caballero1_tn.jpg
2008.06.27 16:26 B K:\sicherung_webserver_h10__072008\berti-golf.de\public_html\bertichile\navidad00\caballero2.jpg <-- www.berti-golf.de /public_html/bertichile/navidad00 caballero2.jpg
2008.06.27 16:26 B K:\sicherung_webserver_h10__072008\berti-golf.de\public_html\bertichile\navidad00\caballero2_tn.jpg <-- www.berti-golf.de /public_html/bertichile/navidad00 caballero2_tn.jpg
2008.06.27 16:26 B K:\sicherung_webserver_h10__072008\berti-golf.de\public_html\bertichile\navidad00\camping1.jpg <-- www.berti-golf.de /public_html/bertichile/navidad00 camping1.jpg
2008.06.27 16:26 B K:\sicherung_webserver_h10__072008\berti-golf.de\public_html\bertichile\navidad00\camping1_tn.jpg <-- www.berti-golf.de /public_html/bertichile/navidad00 camping1_tn.jpg
2008.06.27 16:26 B K:\sicherung_webserver_h10__072008\berti-golf.de\public_html\bertichile\navidad00\camping2.jpg <-- www.berti-golf.de /public_html/bertichile/navidad00 camping2.jpg
2008.06.27 16:26 B K:\sicherung_webserver_h10__072008\berti-golf.de\public_html\bertichile\navidad00\camping2_tn.jpg <-- www.berti-golf.de /public_html/bertichile/navidad00 camping2_tn.jpg
2008.06.27 16:26 B K:\sicherung_webserver_h10__072008\berti-golf.de\public_html\bertichile\navidad00\camping3.jpg <-- www.berti-golf.de /public_html/bertichile/navidad00 camping3.jpg
2008.06.27 16:26 B K:\sicherung_webserver_h10__072008\berti-golf.de\public_html\bertichile\navidad00\camping3_tn.jpg <-- www.berti-golf.de /public_html/bertichile/navidad00 camping3_tn.jpg
2008.06.27 16:26 B K:\sicherung_webserver_h10__072008\berti-golf.de\public_html\bertichile\navidad00\camping4.jpg <-- www.berti-golf.de /public_html/bertichile/navidad00 camping4.jpg
2008.06.27 16:26 B K:\sicherung_webserver_h10__072008\berti-golf.de\public_html\bertichile\navidad00\camping4_tn.jpg <-- www.berti-golf.de /public_html/bertichile/navidad00 camping4_tn.jpg
2008.06.27 16:26 B K:\sicherung_webserver_h10__072008\berti-golf.de\public_html\bertichile\navidad00\camping5.jpg <-- www.berti-golf.de /public_html/bertichile/navidad00 camping5.jpg
2008.06.27 16:26 B K:\sicherung_webserver_h10__072008\berti-golf.de\public_html\bertichile\navidad00\camping5_tn.jpg <-- www.berti-golf.de /public_html/bertichile/navidad00 camping5_tn.jpg
2008.06.27 16:26 B K:\sicherung_webserver_h10__072008\berti-golf.de\public_html\bertichile\navidad00\camping6.jpg <-- www.berti-golf.de /public_html/bertichile/navidad00 camping6.jpg
2008.06.27 16:26 B K:\sicherung_webserver_h10__072008\berti-golf.de\public_html\bertichile\navidad00\camping6_tn.jpg <-- www.berti-golf.de /public_html/bertichile/navidad00 camping6_tn.jpg
2008.06.27 16:26 B K:\sicherung_webserver_h10__072008\berti-golf.de\public_html\bertichile\navidad00\camping7.jpg <-- www.berti-golf.de /public_html/bertichile/navidad00 camping7.jpg
2008.06.27 16:26 B K:\sicherung_webserver_h10__072008\berti-golf.de\public_html\bertichile\navidad00\camping7_tn.jpg <-- www.berti-golf.de /public_html/bertichile/navidad00 camping7_tn.jpg
2008.06.27 16:26 B K:\sicherung_webserver_h10__072008\berti-golf.de\public_html\bertichile\navidad00\camping8.jpg <-- www.berti-golf.de /public_html/bertichile/navidad00 camping8.jpg
2008.06.27 16:26 B K:\sicherung_webserver_h10__072008\berti-golf.de\public_html\bertichile\navidad00\camping8_tn.jpg <-- www.berti-golf.de /public_html/bertichile/navidad00 camping8_tn.jpg
2008.06.27 16:26 B K:\sicherung_webserver_h10__072008\berti-golf.de\public_html\bertichile\navidad00\camping9.jpg <-- www.berti-golf.de /public_html/bertichile/navidad00 camping9.jpg
2008.06.27 16:26 B K:\sicherung_webserver_h10__072008\berti-golf.de\public_html\bertichile\navidad00\camping9_tn.jpg <-- www.berti-golf.de /public_html/bertichile/navidad00 camping9_tn.jpg
2008.06.27 16:26 B K:\sicherung_webserver_h10__072008\berti-golf.de\public_html\bertichile\navidad00\campinga.jpg <-- www.berti-golf.de /public_html/bertichile/navidad00 campinga.jpg
2008.06.27 16:26 B K:\sicherung_webserver_h10__072008\berti-golf.de\public_html\bertichile\navidad00\campinga_tn.jpg <-- www.berti-golf.de /public_html/bertichile/navidad00 campinga_tn.jpg
2008.06.27 16:26 B K:\sicherung_webserver_h10__072008\berti-golf.de\public_html\bertichile\navidad00\campingb.jpg <-- www.berti-golf.de /public_html/bertichile/navidad00 campingb.jpg
2008.06.27 16:26 B K:\sicherung_webserver_h10__072008\berti-golf.de\public_html\bertichile\navidad00\campingb_tn.jpg <-- www.berti-golf.de /public_html/bertichile/navidad00 campingb_tn.jpg
2008.06.27 16:26 B K:\sicherung_webserver_h10__072008\berti-golf.de\public_html\bertichile\navidad00\campingc.jpg <-- www.berti-golf.de /public_html/bertichile/navidad00 campingc.jpg
2008.06.27 16:26 B K:\sicherung_webserver_h10__072008\berti-golf.de\public_html\bertichile\navidad00\campingc_tn.jpg <-- www.berti-golf.de /public_html/bertichile/navidad00 campingc_tn.jpg
2008.06.27 16:26 B K:\sicherung_webserver_h10__072008\berti-golf.de\public_html\bertichile\navidad00\campingd.jpg <-- www.berti-golf.de /public_html/bertichile/navidad00 campingd.jpg
2008.06.27 16:26 B K:\sicherung_webserver_h10__072008\berti-golf.de\public_html\bertichile\navidad00\campingd_tn.jpg <-- www.berti-golf.de /public_html/bertichile/navidad00 campingd_tn.jpg
2008.06.27 16:26 B K:\sicherung_webserver_h10__072008\berti-golf.de\public_html\bertichile\navidad00\gabrielamistral.jpg <-- www.berti-golf.de /public_html/bertichile/navidad00 gabrielamistral.jpg
2008.06.27 16:26 B K:\sicherung_webserver_h10__072008\berti-golf.de\public_html\bertichile\navidad00\gabrielamistral_tn.jpg <-- www.berti-golf.de /public_html/bertichile/navidad00 gabrielamistral_tn.jpg
2008.06.27 16:26 B K:\sicherung_webserver_h10__072008\berti-golf.de\public_html\bertichile\navidad00\laguna.jpg <-- www.berti-golf.de /public_html/bertichile/navidad00 laguna.jpg
2008.06.27 16:26 B K:\sicherung_webserver_h10__072008\berti-golf.de\public_html\bertichile\navidad00\laguna_tn.jpg <-- www.berti-golf.de /public_html/bertichile/navidad00 laguna_tn.jpg
2008.06.27 16:26 B K:\sicherung_webserver_h10__072008\berti-golf.de\public_html\bertichile\navidad00\montegrande.jpg <-- www.berti-golf.de /public_html/bertichile/navidad00 montegrande.jpg
2008.06.27 16:26 B K:\sicherung_webserver_h10__072008\berti-golf.de\public_html\bertichile\navidad00\montegrande_tn.jpg <-- www.berti-golf.de /public_html/bertichile/navidad00 montegrande_tn.jpg
2008.06.27 16:26 B K:\sicherung_webserver_h10__072008\berti-golf.de\public_html\bertichile\navidad00\navi.html <-- www.berti-golf.de /public_html/bertichile/navidad00 navi.html
2008.06.27 16:26 B K:\sicherung_webserver_h10__072008\berti-golf.de\public_html\bertichile\navidad00\piscoelqui1.jpg <-- www.berti-golf.de /public_html/bertichile/navidad00 piscoelqui1.jpg
2008.06.27 16:26 B K:\sicherung_webserver_h10__072008\berti-golf.de\public_html\bertichile\navidad00\piscoelqui1_tn.jpg <-- www.berti-golf.de /public_html/bertichile/navidad00 piscoelqui1_tn.jpg
2008.06.27 16:26 B K:\sicherung_webserver_h10__072008\berti-golf.de\public_html\bertichile\navidad00\piscoelqui2.jpg <-- www.berti-golf.de /public_html/bertichile/navidad00 piscoelqui2.jpg
2008.06.27 16:26 B K:\sicherung_webserver_h10__072008\berti-golf.de\public_html\bertichile\navidad00\piscoelqui2_tn.jpg <-- www.berti-golf.de /public_html/bertichile/navidad00 piscoelqui2_tn.jpg
2008.06.27 16:26 B K:\sicherung_webserver_h10__072008\berti-golf.de\public_html\bertichile\navidad00\piscoteria.jpg <-- www.berti-golf.de /public_html/bertichile/navidad00 piscoteria.jpg
2008.06.27 16:26 B K:\sicherung_webserver_h10__072008\berti-golf.de\public_html\bertichile\navidad00\piscoteria_tn.jpg <-- www.berti-golf.de /public_html/bertichile/navidad00 piscoteria_tn.jpg
2008.06.27 16:26 B K:\sicherung_webserver_h10__072008\berti-golf.de\public_html\bertichile\navidad00\serena01.jpg <-- www.berti-golf.de /public_html/bertichile/navidad00 serena01.jpg
2008.06.27 16:26 B K:\sicherung_webserver_h10__072008\berti-golf.de\public_html\bertichile\navidad00\serena01_tn.jpg <-- www.berti-golf.de /public_html/bertichile/navidad00 serena01_tn.jpg
2008.06.27 16:26 B K:\sicherung_webserver_h10__072008\berti-golf.de\public_html\bertichile\navidad00\serena02.jpg <-- www.berti-golf.de /public_html/bertichile/navidad00 serena02.jpg
2008.06.27 16:26 B K:\sicherung_webserver_h10__072008\berti-golf.de\public_html\bertichile\navidad00\serena02_tn.jpg <-- www.berti-golf.de /public_html/bertichile/navidad00 serena02_tn.jpg
2008.06.27 16:26 B K:\sicherung_webserver_h10__072008\berti-golf.de\public_html\bertichile\navidad00\serena03.jpg <-- www.berti-golf.de /public_html/bertichile/navidad00 serena03.jpg
2008.06.27 16:26 B K:\sicherung_webserver_h10__072008\berti-golf.de\public_html\bertichile\navidad00\serena03_tn.jpg <-- www.berti-golf.de /public_html/bertichile/navidad00 serena03_tn.jpg
2008.06.27 16:26 B K:\sicherung_webserver_h10__072008\berti-golf.de\public_html\bertichile\navidad00\serena04.jpg <-- www.berti-golf.de /public_html/bertichile/navidad00 serena04.jpg
2008.06.27 16:26 B K:\sicherung_webserver_h10__072008\berti-golf.de\public_html\bertichile\navidad00\serena04_tn.jpg <-- www.berti-golf.de /public_html/bertichile/navidad00 serena04_tn.jpg
2008.06.27 16:26 B K:\sicherung_webserver_h10__072008\berti-golf.de\public_html\bertichile\navidad00\serena05.jpg <-- www.berti-golf.de /public_html/bertichile/navidad00 serena05.jpg
2008.06.27 16:27 B K:\sicherung_webserver_h10__072008\berti-golf.de\public_html\bertichile\navidad00\serena05_tn.jpg <-- www.berti-golf.de /public_html/bertichile/navidad00 serena05_tn.jpg
2008.06.27 16:27 B K:\sicherung_webserver_h10__072008\berti-golf.de\public_html\bertichile\navidad00\serena06.jpg <-- www.berti-golf.de /public_html/bertichile/navidad00 serena06.jpg
2008.06.27 16:27 B K:\sicherung_webserver_h10__072008\berti-golf.de\public_html\bertichile\navidad00\serena06_tn.jpg <-- www.berti-golf.de /public_html/bertichile/navidad00 serena06_tn.jpg
2008.06.27 16:27 B K:\sicherung_webserver_h10__072008\berti-golf.de\public_html\bertichile\navidad00\serena07.jpg <-- www.berti-golf.de /public_html/bertichile/navidad00 serena07.jpg
2008.06.27 16:27 B K:\sicherung_webserver_h10__072008\berti-golf.de\public_html\bertichile\navidad00\serena07_tn.jpg <-- www.berti-golf.de /public_html/bertichile/navidad00 serena07_tn.jpg
2008.06.27 16:27 B K:\sicherung_webserver_h10__072008\berti-golf.de\public_html\bertichile\navidad00\serena08.jpg <-- www.berti-golf.de /public_html/bertichile/navidad00 serena08.jpg
2008.06.27 16:27 B K:\sicherung_webserver_h10__072008\berti-golf.de\public_html\bertichile\navidad00\serena08_tn.jpg <-- www.berti-golf.de /public_html/bertichile/navidad00 serena08_tn.jpg
2008.06.27 16:27 B K:\sicherung_webserver_h10__072008\berti-golf.de\public_html\bertichile\navidad00\serena09.jpg <-- www.berti-golf.de /public_html/bertichile/navidad00 serena09.jpg
2008.06.27 16:27 B K:\sicherung_webserver_h10__072008\berti-golf.de\public_html\bertichile\navidad00\serena09_tn.jpg <-- www.berti-golf.de /public_html/bertichile/navidad00 serena09_tn.jpg
2008.06.27 16:27 B K:\sicherung_webserver_h10__072008\berti-golf.de\public_html\bertichile\navidad00\serena11.jpg <-- www.berti-golf.de /public_html/bertichile/navidad00 serena11.jpg
2008.06.27 16:27 B K:\sicherung_webserver_h10__072008\berti-golf.de\public_html\bertichile\navidad00\serena11_tn.jpg <-- www.berti-golf.de /public_html/bertichile/navidad00 serena11_tn.jpg
2008.06.27 16:27 B K:\sicherung_webserver_h10__072008\berti-golf.de\public_html\bertichile\navidad00\serena12.jpg <-- www.berti-golf.de /public_html/bertichile/navidad00 serena12.jpg
2008.06.27 16:27 B K:\sicherung_webserver_h10__072008\berti-golf.de\public_html\bertichile\navidad00\serena12_tn.jpg <-- www.berti-golf.de /public_html/bertichile/navidad00 serena12_tn.jpg
2008.06.27 16:27 B K:\sicherung_webserver_h10__072008\berti-golf.de\public_html\bertichile\navidad00\serena13.jpg <-- www.berti-golf.de /public_html/bertichile/navidad00 serena13.jpg
2008.06.27 16:27 B K:\sicherung_webserver_h10__072008\berti-golf.de\public_html\bertichile\navidad00\serena13_tn.jpg <-- www.berti-golf.de /public_html/bertichile/navidad00 serena13_tn.jpg
2008.06.27 16:27 B K:\sicherung_webserver_h10__072008\berti-golf.de\public_html\bertichile\navidad00\serena14.jpg <-- www.berti-golf.de /public_html/bertichile/navidad00 serena14.jpg
2008.06.27 16:27 B K:\sicherung_webserver_h10__072008\berti-golf.de\public_html\bertichile\navidad00\serena14_tn.jpg <-- www.berti-golf.de /public_html/bertichile/navidad00 serena14_tn.jpg
2008.06.27 16:27 B K:\sicherung_webserver_h10__072008\berti-golf.de\public_html\bertichile\navidad00\serena15.jpg <-- www.berti-golf.de /public_html/bertichile/navidad00 serena15.jpg
2008.06.27 16:27 B K:\sicherung_webserver_h10__072008\berti-golf.de\public_html\bertichile\navidad00\serena15_tn.jpg <-- www.berti-golf.de /public_html/bertichile/navidad00 serena15_tn.jpg
2008.06.27 16:27 B K:\sicherung_webserver_h10__072008\berti-golf.de\public_html\bertichile\navidad00\serena16.jpg <-- www.berti-golf.de /public_html/bertichile/navidad00 serena16.jpg
2008.06.27 16:27 B K:\sicherung_webserver_h10__072008\berti-golf.de\public_html\bertichile\navidad00\serena16_tn.jpg <-- www.berti-golf.de /public_html/bertichile/navidad00 serena16_tn.jpg
2008.06.27 16:27 B K:\sicherung_webserver_h10__072008\berti-golf.de\public_html\bertichile\navidad00\serena17.jpg <-- www.berti-golf.de /public_html/bertichile/navidad00 serena17.jpg
2008.06.27 16:27 B K:\sicherung_webserver_h10__072008\berti-golf.de\public_html\bertichile\navidad00\serena17_tn.jpg <-- www.berti-golf.de /public_html/bertichile/navidad00 serena17_tn.jpg
2008.06.27 16:27 B K:\sicherung_webserver_h10__072008\berti-golf.de\public_html\bertichile\navidad00\serena18.jpg <-- www.berti-golf.de /public_html/bertichile/navidad00 serena18.jpg
2008.06.27 16:27 B K:\sicherung_webserver_h10__072008\berti-golf.de\public_html\bertichile\navidad00\serena18_tn.jpg <-- www.berti-golf.de /public_html/bertichile/navidad00 serena18_tn.jpg
2008.06.27 16:27 B K:\sicherung_webserver_h10__072008\berti-golf.de\public_html\bertichile\navidad00\serena19.jpg <-- www.berti-golf.de /public_html/bertichile/navidad00 serena19.jpg
2008.06.27 16:27 B K:\sicherung_webserver_h10__072008\berti-golf.de\public_html\bertichile\navidad00\serena19_tn.jpg <-- www.berti-golf.de /public_html/bertichile/navidad00 serena19_tn.jpg
2008.06.27 16:27 B K:\sicherung_webserver_h10__072008\berti-golf.de\public_html\bertichile\navidad00\valleelqui1.jpg <-- www.berti-golf.de /public_html/bertichile/navidad00 valleelqui1.jpg
2008.06.27 16:27 B K:\sicherung_webserver_h10__072008\berti-golf.de\public_html\bertichile\navidad00\valleelqui1_tn.jpg <-- www.berti-golf.de /public_html/bertichile/navidad00 valleelqui1_tn.jpg
2008.06.27 16:27 B K:\sicherung_webserver_h10__072008\berti-golf.de\public_html\bertichile\navidad00\vicuna1.jpg <-- www.berti-golf.de /public_html/bertichile/navidad00 vicuna1.jpg
2008.06.27 16:27 B K:\sicherung_webserver_h10__072008\berti-golf.de\public_html\bertichile\navidad00\vicuna1_tn.jpg <-- www.berti-golf.de /public_html/bertichile/navidad00 vicuna1_tn.jpg
2008.06.27 16:27 B K:\sicherung_webserver_h10__072008\berti-golf.de\public_html\bertichile\navidad00\vicuna2.jpg <-- www.berti-golf.de /public_html/bertichile/navidad00 vicuna2.jpg
2008.06.27 16:27 B K:\sicherung_webserver_h10__072008\berti-golf.de\public_html\bertichile\navidad00\vicuna2_tn.jpg <-- www.berti-golf.de /public_html/bertichile/navidad00 vicuna2_tn.jpg
2008.06.27 16:27 B K:\sicherung_webserver_h10__072008\berti-golf.de\public_html\bertichile\navidad00\vicuna3.jpg <-- www.berti-golf.de /public_html/bertichile/navidad00 vicuna3.jpg
2008.06.27 16:27 B K:\sicherung_webserver_h10__072008\berti-golf.de\public_html\bertichile\navidad00\vicuna3_tn.jpg <-- www.berti-golf.de /public_html/bertichile/navidad00 vicuna3_tn.jpg
2008.06.27 16:27 B K:\sicherung_webserver_h10__072008\berti-golf.de\public_html\bertichile\navidad00\vicuna4.jpg <-- www.berti-golf.de /public_html/bertichile/navidad00 vicuna4.jpg
2008.06.27 16:27 B K:\sicherung_webserver_h10__072008\berti-golf.de\public_html\bertichile\navidad00\vicuna4_tn.jpg <-- www.berti-golf.de /public_html/bertichile/navidad00 vicuna4_tn.jpg
2008.06.27 16:27 B K:\sicherung_webserver_h10__072008\berti-golf.de\public_html\bertichile\navidad00\vicuna5.jpg <-- www.berti-golf.de /public_html/bertichile/navidad00 vicuna5.jpg
2008.06.27 16:27 B K:\sicherung_webserver_h10__072008\berti-golf.de\public_html\bertichile\navidad00\vicuna5_tn.jpg <-- www.berti-golf.de /public_html/bertichile/navidad00 vicuna5_tn.jpg
2008.06.27 16:27 B K:\sicherung_webserver_h10__072008\berti-golf.de\public_html\bertichile\navidad00\vicuna6.jpg <-- www.berti-golf.de /public_html/bertichile/navidad00 vicuna6.jpg
2008.06.27 16:27 B K:\sicherung_webserver_h10__072008\berti-golf.de\public_html\bertichile\navidad00\vicuna6_tn.jpg <-- www.berti-golf.de /public_html/bertichile/navidad00 vicuna6_tn.jpg
2008.06.27 16:27 B K:\sicherung_webserver_h10__072008\berti-golf.de\public_html\bertichile\navidad00\vicuna7.jpg <-- www.berti-golf.de /public_html/bertichile/navidad00 vicuna7.jpg
2008.06.27 16:27 B K:\sicherung_webserver_h10__072008\berti-golf.de\public_html\bertichile\navidad00\vicuna7_tn.jpg <-- www.berti-golf.de /public_html/bertichile/navidad00 vicuna7_tn.jpg
2008.06.27 16:27 B K:\sicherung_webserver_h10__072008\berti-golf.de\public_html\bertichile\navidad00\vicuna8.jpg <-- www.berti-golf.de /public_html/bertichile/navidad00 vicuna8.jpg
2008.06.27 16:27 B K:\sicherung_webserver_h10__072008\berti-golf.de\public_html\bertichile\navidad00\vicuna8_tn.jpg <-- www.berti-golf.de /public_html/bertichile/navidad00 vicuna8_tn.jpg
2008.06.27 16:27 B K:\sicherung_webserver_h10__072008\berti-golf.de\public_html\bertichile\navidad00\vicuna9.jpg <-- www.berti-golf.de /public_html/bertichile/navidad00 vicuna9.jpg
2008.06.27 16:27 B K:\sicherung_webserver_h10__072008\berti-golf.de\public_html\bertichile\navidad00\vicuna9_tn.jpg <-- www.berti-golf.de /public_html/bertichile/navidad00 vicuna9_tn.jpg
2008.06.27 16:27 B K:\sicherung_webserver_h10__072008\berti-golf.de\public_html\bertichile\navidad00\vicunax.jpg <-- www.berti-golf.de /public_html/bertichile/navidad00 vicunax.jpg
2008.06.27 16:27 B K:\sicherung_webserver_h10__072008\berti-golf.de\public_html\bertichile\navidad00\vicunax_tn.jpg <-- www.berti-golf.de /public_html/bertichile/navidad00 vicunax_tn.jpg
2008.06.27 19:21 B K:\sicherung_webserver_h10__072008\berti-golf.de\public_html\bertichile\navidad00\auto.jpg --> bertigolfde.h1403220.stratoserver.net /public_html/bertichile/navidad00 auto.jpg
2008.06.27 19:21 B K:\sicherung_webserver_h10__072008\berti-golf.de\public_html\bertichile\navidad00\auto_tn.jpg --> bertigolfde.h1403220.stratoserver.net /public_html/bertichile/navidad00 auto_tn.jpg
2008.06.27 19:21 B K:\sicherung_webserver_h10__072008\berti-golf.de\public_html\bertichile\navidad00\caballero1.jpg --> bertigolfde.h1403220.stratoserver.net /public_html/bertichile/navidad00 caballero1.jpg
2008.06.27 19:21 B K:\sicherung_webserver_h10__072008\berti-golf.de\public_html\bertichile\navidad00\caballero1_tn.jpg --> bertigolfde.h1403220.stratoserver.net /public_html/bertichile/navidad00 caballero1_tn.jpg
2008.06.27 19:21 B K:\sicherung_webserver_h10__072008\berti-golf.de\public_html\bertichile\navidad00\caballero2.jpg --> bertigolfde.h1403220.stratoserver.net /public_html/bertichile/navidad00 caballero2.jpg
2008.06.27 19:21 B K:\sicherung_webserver_h10__072008\berti-golf.de\public_html\bertichile\navidad00\caballero2_tn.jpg --> bertigolfde.h1403220.stratoserver.net /public_html/bertichile/navidad00 caballero2_tn.jpg
2008.06.27 19:21 B K:\sicherung_webserver_h10__072008\berti-golf.de\public_html\bertichile\navidad00\camping1.jpg --> bertigolfde.h1403220.stratoserver.net /public_html/bertichile/navidad00 camping1.jpg
2008.06.27 19:21 B K:\sicherung_webserver_h10__072008\berti-golf.de\public_html\bertichile\navidad00\camping1_tn.jpg --> bertigolfde.h1403220.stratoserver.net /public_html/bertichile/navidad00 camping1_tn.jpg
2008.06.27 19:21 B K:\sicherung_webserver_h10__072008\berti-golf.de\public_html\bertichile\navidad00\camping2.jpg --> bertigolfde.h1403220.stratoserver.net /public_html/bertichile/navidad00 camping2.jpg
2008.06.27 19:21 B K:\sicherung_webserver_h10__072008\berti-golf.de\public_html\bertichile\navidad00\camping2_tn.jpg --> bertigolfde.h1403220.stratoserver.net /public_html/bertichile/navidad00 camping2_tn.jpg
2008.06.27 19:21 B K:\sicherung_webserver_h10__072008\berti-golf.de\public_html\bertichile\navidad00\camping3.jpg --> bertigolfde.h1403220.stratoserver.net /public_html/bertichile/navidad00 camping3.jpg
2008.06.27 19:21 B K:\sicherung_webserver_h10__072008\berti-golf.de\public_html\bertichile\navidad00\camping3_tn.jpg --> bertigolfde.h1403220.stratoserver.net /public_html/bertichile/navidad00 camping3_tn.jpg
2008.06.27 19:21 B K:\sicherung_webserver_h10__072008\berti-golf.de\public_html\bertichile\navidad00\camping4.jpg --> bertigolfde.h1403220.stratoserver.net /public_html/bertichile/navidad00 camping4.jpg
2008.06.27 19:21 B K:\sicherung_webserver_h10__072008\berti-golf.de\public_html\bertichile\navidad00\camping4_tn.jpg --> bertigolfde.h1403220.stratoserver.net /public_html/bertichile/navidad00 camping4_tn.jpg
2008.06.27 19:21 B K:\sicherung_webserver_h10__072008\berti-golf.de\public_html\bertichile\navidad00\camping5.jpg --> bertigolfde.h1403220.stratoserver.net /public_html/bertichile/navidad00 camping5.jpg
2008.06.27 19:21 B K:\sicherung_webserver_h10__072008\berti-golf.de\public_html\bertichile\navidad00\camping5_tn.jpg --> bertigolfde.h1403220.stratoserver.net /public_html/bertichile/navidad00 camping5_tn.jpg
2008.06.27 19:21 B K:\sicherung_webserver_h10__072008\berti-golf.de\public_html\bertichile\navidad00\camping6.jpg --> bertigolfde.h1403220.stratoserver.net /public_html/bertichile/navidad00 camping6.jpg
2008.06.27 19:21 B K:\sicherung_webserver_h10__072008\berti-golf.de\public_html\bertichile\navidad00\camping6_tn.jpg --> bertigolfde.h1403220.stratoserver.net /public_html/bertichile/navidad00 camping6_tn.jpg
2008.06.27 19:21 B K:\sicherung_webserver_h10__072008\berti-golf.de\public_html\bertichile\navidad00\camping7.jpg --> bertigolfde.h1403220.stratoserver.net /public_html/bertichile/navidad00 camping7.jpg
2008.06.27 19:21 B K:\sicherung_webserver_h10__072008\berti-golf.de\public_html\bertichile\navidad00\camping7_tn.jpg --> bertigolfde.h1403220.stratoserver.net /public_html/bertichile/navidad00 camping7_tn.jpg
2008.06.27 19:21 B K:\sicherung_webserver_h10__072008\berti-golf.de\public_html\bertichile\navidad00\camping8.jpg --> bertigolfde.h1403220.stratoserver.net /public_html/bertichile/navidad00 camping8.jpg
2008.06.27 19:21 B K:\sicherung_webserver_h10__072008\berti-golf.de\public_html\bertichile\navidad00\camping8_tn.jpg --> bertigolfde.h1403220.stratoserver.net /public_html/bertichile/navidad00 camping8_tn.jpg
2008.06.27 19:21 B K:\sicherung_webserver_h10__072008\berti-golf.de\public_html\bertichile\navidad00\camping9.jpg --> bertigolfde.h1403220.stratoserver.net /public_html/bertichile/navidad00 camping9.jpg
2008.06.27 19:21 B K:\sicherung_webserver_h10__072008\berti-golf.de\public_html\bertichile\navidad00\camping9_tn.jpg --> bertigolfde.h1403220.stratoserver.net /public_html/bertichile/navidad00 camping9_tn.jpg
2008.06.27 19:21 B K:\sicherung_webserver_h10__072008\berti-golf.de\public_html\bertichile\navidad00\campinga.jpg --> bertigolfde.h1403220.stratoserver.net /public_html/bertichile/navidad00 campinga.jpg
2008.06.27 19:21 B K:\sicherung_webserver_h10__072008\berti-golf.de\public_html\bertichile\navidad00\campinga_tn.jpg --> bertigolfde.h1403220.stratoserver.net /public_html/bertichile/navidad00 campinga_tn.jpg
2008.06.27 19:21 B K:\sicherung_webserver_h10__072008\berti-golf.de\public_html\bertichile\navidad00\campingb.jpg --> bertigolfde.h1403220.stratoserver.net /public_html/bertichile/navidad00 campingb.jpg
2008.06.27 19:21 B K:\sicherung_webserver_h10__072008\berti-golf.de\public_html\bertichile\navidad00\campingb_tn.jpg --> bertigolfde.h1403220.stratoserver.net /public_html/bertichile/navidad00 campingb_tn.jpg
2008.06.27 19:21 B K:\sicherung_webserver_h10__072008\berti-golf.de\public_html\bertichile\navidad00\campingc.jpg --> bertigolfde.h1403220.stratoserver.net /public_html/bertichile/navidad00 campingc.jpg
2008.06.27 19:21 B K:\sicherung_webserver_h10__072008\berti-golf.de\public_html\bertichile\navidad00\campingc_tn.jpg --> bertigolfde.h1403220.stratoserver.net /public_html/bertichile/navidad00 campingc_tn.jpg
2008.06.27 19:21 B K:\sicherung_webserver_h10__072008\berti-golf.de\public_html\bertichile\navidad00\campingd.jpg --> bertigolfde.h1403220.stratoserver.net /public_html/bertichile/navidad00 campingd.jpg
2008.06.27 19:21 B K:\sicherung_webserver_h10__072008\berti-golf.de\public_html\bertichile\navidad00\campingd_tn.jpg --> bertigolfde.h1403220.stratoserver.net /public_html/bertichile/navidad00 campingd_tn.jpg
2008.06.27 19:22 B K:\sicherung_webserver_h10__072008\berti-golf.de\public_html\bertichile\navidad00\gabrielamistral.jpg --> bertigolfde.h1403220.stratoserver.net /public_html/bertichile/navidad00 gabrielamistral.jpg
2008.06.27 19:22 B K:\sicherung_webserver_h10__072008\berti-golf.de\public_html\bertichile\navidad00\gabrielamistral_tn.jpg --> bertigolfde.h1403220.stratoserver.net /public_html/bertichile/navidad00 gabrielamistral_tn.jpg
2008.06.27 19:22 B K:\sicherung_webserver_h10__072008\berti-golf.de\public_html\bertichile\navidad00\laguna.jpg --> bertigolfde.h1403220.stratoserver.net /public_html/bertichile/navidad00 laguna.jpg
2008.06.27 19:22 B K:\sicherung_webserver_h10__072008\berti-golf.de\public_html\bertichile\navidad00\laguna_tn.jpg --> bertigolfde.h1403220.stratoserver.net /public_html/bertichile/navidad00 laguna_tn.jpg
2008.06.27 19:22 B K:\sicherung_webserver_h10__072008\berti-golf.de\public_html\bertichile\navidad00\montegrande.jpg --> bertigolfde.h1403220.stratoserver.net /public_html/bertichile/navidad00 montegrande.jpg
2008.06.27 19:22 B K:\sicherung_webserver_h10__072008\berti-golf.de\public_html\bertichile\navidad00\montegrande_tn.jpg --> bertigolfde.h1403220.stratoserver.net /public_html/bertichile/navidad00 montegrande_tn.jpg
2008.06.27 19:22 B K:\sicherung_webserver_h10__072008\berti-golf.de\public_html\bertichile\navidad00\navi.html --> bertigolfde.h1403220.stratoserver.net /public_html/bertichile/navidad00 navi.html
2008.06.27 19:22 B K:\sicherung_webserver_h10__072008\berti-golf.de\public_html\bertichile\navidad00\piscoelqui1.jpg --> bertigolfde.h1403220.stratoserver.net /public_html/bertichile/navidad00 piscoelqui1.jpg
2008.06.27 19:22 B K:\sicherung_webserver_h10__072008\berti-golf.de\public_html\bertichile\navidad00\piscoelqui1_tn.jpg --> bertigolfde.h1403220.stratoserver.net /public_html/bertichile/navidad00 piscoelqui1_tn.jpg
2008.06.27 19:22 B K:\sicherung_webserver_h10__072008\berti-golf.de\public_html\bertichile\navidad00\piscoelqui2.jpg --> bertigolfde.h1403220.stratoserver.net /public_html/bertichile/navidad00 piscoelqui2.jpg
2008.06.27 19:22 B K:\sicherung_webserver_h10__072008\berti-golf.de\public_html\bertichile\navidad00\piscoelqui2_tn.jpg --> bertigolfde.h1403220.stratoserver.net /public_html/bertichile/navidad00 piscoelqui2_tn.jpg
2008.06.27 19:22 B K:\sicherung_webserver_h10__072008\berti-golf.de\public_html\bertichile\navidad00\piscoteria.jpg --> bertigolfde.h1403220.stratoserver.net /public_html/bertichile/navidad00 piscoteria.jpg
2008.06.27 19:22 B K:\sicherung_webserver_h10__072008\berti-golf.de\public_html\bertichile\navidad00\piscoteria_tn.jpg --> bertigolfde.h1403220.stratoserver.net /public_html/bertichile/navidad00 piscoteria_tn.jpg
2008.06.27 19:22 B K:\sicherung_webserver_h10__072008\berti-golf.de\public_html\bertichile\navidad00\serena01.jpg --> bertigolfde.h1403220.stratoserver.net /public_html/bertichile/navidad00 serena01.jpg
2008.06.27 19:22 B K:\sicherung_webserver_h10__072008\berti-golf.de\public_html\bertichile\navidad00\serena01_tn.jpg --> bertigolfde.h1403220.stratoserver.net /public_html/bertichile/navidad00 serena01_tn.jpg
2008.06.27 19:22 B K:\sicherung_webserver_h10__072008\berti-golf.de\public_html\bertichile\navidad00\serena02.jpg --> bertigolfde.h1403220.stratoserver.net /public_html/bertichile/navidad00 serena02.jpg
2008.06.27 19:22 B K:\sicherung_webserver_h10__072008\berti-golf.de\public_html\bertichile\navidad00\serena02_tn.jpg --> bertigolfde.h1403220.stratoserver.net /public_html/bertichile/navidad00 serena02_tn.jpg
2008.06.27 19:22 B K:\sicherung_webserver_h10__072008\berti-golf.de\public_html\bertichile\navidad00\serena03.jpg --> bertigolfde.h1403220.stratoserver.net /public_html/bertichile/navidad00 serena03.jpg
2008.06.27 19:22 B K:\sicherung_webserver_h10__072008\berti-golf.de\public_html\bertichile\navidad00\serena03_tn.jpg --> bertigolfde.h1403220.stratoserver.net /public_html/bertichile/navidad00 serena03_tn.jpg
2008.06.27 19:22 B K:\sicherung_webserver_h10__072008\berti-golf.de\public_html\bertichile\navidad00\serena04.jpg --> bertigolfde.h1403220.stratoserver.net /public_html/bertichile/navidad00 serena04.jpg
2008.06.27 19:22 B K:\sicherung_webserver_h10__072008\berti-golf.de\public_html\bertichile\navidad00\serena04_tn.jpg --> bertigolfde.h1403220.stratoserver.net /public_html/bertichile/navidad00 serena04_tn.jpg
2008.06.27 19:22 B K:\sicherung_webserver_h10__072008\berti-golf.de\public_html\bertichile\navidad00\serena05.jpg --> bertigolfde.h1403220.stratoserver.net /public_html/bertichile/navidad00 serena05.jpg
2008.06.27 19:22 B K:\sicherung_webserver_h10__072008\berti-golf.de\public_html\bertichile\navidad00\serena05_tn.jpg --> bertigolfde.h1403220.stratoserver.net /public_html/bertichile/navidad00 serena05_tn.jpg
2008.06.27 19:22 B K:\sicherung_webserver_h10__072008\berti-golf.de\public_html\bertichile\navidad00\serena06.jpg --> bertigolfde.h1403220.stratoserver.net /public_html/bertichile/navidad00 serena06.jpg
2008.06.27 19:22 B K:\sicherung_webserver_h10__072008\berti-golf.de\public_html\bertichile\navidad00\serena06_tn.jpg --> bertigolfde.h1403220.stratoserver.net /public_html/bertichile/navidad00 serena06_tn.jpg
2008.06.27 19:22 B K:\sicherung_webserver_h10__072008\berti-golf.de\public_html\bertichile\navidad00\serena07.jpg --> bertigolfde.h1403220.stratoserver.net /public_html/bertichile/navidad00 serena07.jpg
2008.06.27 19:22 B K:\sicherung_webserver_h10__072008\berti-golf.de\public_html\bertichile\navidad00\serena07_tn.jpg --> bertigolfde.h1403220.stratoserver.net /public_html/bertichile/navidad00 serena07_tn.jpg
2008.06.27 19:22 B K:\sicherung_webserver_h10__072008\berti-golf.de\public_html\bertichile\navidad00\serena08.jpg --> bertigolfde.h1403220.stratoserver.net /public_html/bertichile/navidad00 serena08.jpg
2008.06.27 19:22 B K:\sicherung_webserver_h10__072008\berti-golf.de\public_html\bertichile\navidad00\serena08_tn.jpg --> bertigolfde.h1403220.stratoserver.net /public_html/bertichile/navidad00 serena08_tn.jpg
2008.06.27 19:22 B K:\sicherung_webserver_h10__072008\berti-golf.de\public_html\bertichile\navidad00\serena09.jpg --> bertigolfde.h1403220.stratoserver.net /public_html/bertichile/navidad00 serena09.jpg
2008.06.27 19:22 B K:\sicherung_webserver_h10__072008\berti-golf.de\public_html\bertichile\navidad00\serena09_tn.jpg --> bertigolfde.h1403220.stratoserver.net /public_html/bertichile/navidad00 serena09_tn.jpg
2008.06.27 19:22 B K:\sicherung_webserver_h10__072008\berti-golf.de\public_html\bertichile\navidad00\serena11.jpg --> bertigolfde.h1403220.stratoserver.net /public_html/bertichile/navidad00 serena11.jpg
2008.06.27 19:22 B K:\sicherung_webserver_h10__072008\berti-golf.de\public_html\bertichile\navidad00\serena11_tn.jpg --> bertigolfde.h1403220.stratoserver.net /public_html/bertichile/navidad00 serena11_tn.jpg
2008.06.27 19:22 B K:\sicherung_webserver_h10__072008\berti-golf.de\public_html\bertichile\navidad00\serena12.jpg --> bertigolfde.h1403220.stratoserver.net /public_html/bertichile/navidad00 serena12.jpg
2008.06.27 19:22 B K:\sicherung_webserver_h10__072008\berti-golf.de\public_html\bertichile\navidad00\serena12_tn.jpg --> bertigolfde.h1403220.stratoserver.net /public_html/bertichile/navidad00 serena12_tn.jpg
2008.06.27 19:22 B K:\sicherung_webserver_h10__072008\berti-golf.de\public_html\bertichile\navidad00\serena13.jpg --> bertigolfde.h1403220.stratoserver.net /public_html/bertichile/navidad00 serena13.jpg
2008.06.27 19:22 B K:\sicherung_webserver_h10__072008\berti-golf.de\public_html\bertichile\navidad00\serena13_tn.jpg --> bertigolfde.h1403220.stratoserver.net /public_html/bertichile/navidad00 serena13_tn.jpg
2008.06.27 19:22 B K:\sicherung_webserver_h10__072008\berti-golf.de\public_html\bertichile\navidad00\serena14.jpg --> bertigolfde.h1403220.stratoserver.net /public_html/bertichile/navidad00 serena14.jpg
2008.06.27 19:22 B K:\sicherung_webserver_h10__072008\berti-golf.de\public_html\bertichile\navidad00\serena14_tn.jpg --> bertigolfde.h1403220.stratoserver.net /public_html/bertichile/navidad00 serena14_tn.jpg
2008.06.27 19:22 B K:\sicherung_webserver_h10__072008\berti-golf.de\public_html\bertichile\navidad00\serena15.jpg --> bertigolfde.h1403220.stratoserver.net /public_html/bertichile/navidad00 serena15.jpg
2008.06.27 19:22 B K:\sicherung_webserver_h10__072008\berti-golf.de\public_html\bertichile\navidad00\serena15_tn.jpg --> bertigolfde.h1403220.stratoserver.net /public_html/bertichile/navidad00 serena15_tn.jpg
2008.06.27 19:22 B K:\sicherung_webserver_h10__072008\berti-golf.de\public_html\bertichile\navidad00\serena16.jpg --> bertigolfde.h1403220.stratoserver.net /public_html/bertichile/navidad00 serena16.jpg
2008.06.27 19:22 B K:\sicherung_webserver_h10__072008\berti-golf.de\public_html\bertichile\navidad00\serena16_tn.jpg --> bertigolfde.h1403220.stratoserver.net /public_html/bertichile/navidad00 serena16_tn.jpg
2008.06.27 19:22 B K:\sicherung_webserver_h10__072008\berti-golf.de\public_html\bertichile\navidad00\serena17.jpg --> bertigolfde.h1403220.stratoserver.net /public_html/bertichile/navidad00 serena17.jpg
2008.06.27 19:22 B K:\sicherung_webserver_h10__072008\berti-golf.de\public_html\bertichile\navidad00\serena17_tn.jpg --> bertigolfde.h1403220.stratoserver.net /public_html/bertichile/navidad00 serena17_tn.jpg
2008.06.27 19:22 B K:\sicherung_webserver_h10__072008\berti-golf.de\public_html\bertichile\navidad00\serena18.jpg --> bertigolfde.h1403220.stratoserver.net /public_html/bertichile/navidad00 serena18.jpg
2008.06.27 19:22 B K:\sicherung_webserver_h10__072008\berti-golf.de\public_html\bertichile\navidad00\serena18_tn.jpg --> bertigolfde.h1403220.stratoserver.net /public_html/bertichile/navidad00 serena18_tn.jpg
2008.06.27 19:22 B K:\sicherung_webserver_h10__072008\berti-golf.de\public_html\bertichile\navidad00\serena19.jpg --> bertigolfde.h1403220.stratoserver.net /public_html/bertichile/navidad00 serena19.jpg
2008.06.27 19:22 B K:\sicherung_webserver_h10__072008\berti-golf.de\public_html\bertichile\navidad00\serena19_tn.jpg --> bertigolfde.h1403220.stratoserver.net /public_html/bertichile/navidad00 serena19_tn.jpg
2008.06.27 19:22 B K:\sicherung_webserver_h10__072008\berti-golf.de\public_html\bertichile\navidad00\valleelqui1.jpg --> bertigolfde.h1403220.stratoserver.net /public_html/bertichile/navidad00 valleelqui1.jpg
2008.06.27 19:22 B K:\sicherung_webserver_h10__072008\berti-golf.de\public_html\bertichile\navidad00\valleelqui1_tn.jpg --> bertigolfde.h1403220.stratoserver.net /public_html/bertichile/navidad00 valleelqui1_tn.jpg
2008.06.27 19:22 B K:\sicherung_webserver_h10__072008\berti-golf.de\public_html\bertichile\navidad00\vicuna1.jpg --> bertigolfde.h1403220.stratoserver.net /public_html/bertichile/navidad00 vicuna1.jpg
2008.06.27 19:22 B K:\sicherung_webserver_h10__072008\berti-golf.de\public_html\bertichile\navidad00\vicuna1_tn.jpg --> bertigolfde.h1403220.stratoserver.net /public_html/bertichile/navidad00 vicuna1_tn.jpg
2008.06.27 19:22 B K:\sicherung_webserver_h10__072008\berti-golf.de\public_html\bertichile\navidad00\vicuna2.jpg --> bertigolfde.h1403220.stratoserver.net /public_html/bertichile/navidad00 vicuna2.jpg
2008.06.27 19:22 B K:\sicherung_webserver_h10__072008\berti-golf.de\public_html\bertichile\navidad00\vicuna2_tn.jpg --> bertigolfde.h1403220.stratoserver.net /public_html/bertichile/navidad00 vicuna2_tn.jpg
2008.06.27 19:22 B K:\sicherung_webserver_h10__072008\berti-golf.de\public_html\bertichile\navidad00\vicuna3.jpg --> bertigolfde.h1403220.stratoserver.net /public_html/bertichile/navidad00 vicuna3.jpg
2008.06.27 19:22 B K:\sicherung_webserver_h10__072008\berti-golf.de\public_html\bertichile\navidad00\vicuna3_tn.jpg --> bertigolfde.h1403220.stratoserver.net /public_html/bertichile/navidad00 vicuna3_tn.jpg
2008.06.27 19:22 B K:\sicherung_webserver_h10__072008\berti-golf.de\public_html\bertichile\navidad00\vicuna4.jpg --> bertigolfde.h1403220.stratoserver.net /public_html/bertichile/navidad00 vicuna4.jpg
2008.06.27 19:22 B K:\sicherung_webserver_h10__072008\berti-golf.de\public_html\bertichile\navidad00\vicuna4_tn.jpg --> bertigolfde.h1403220.stratoserver.net /public_html/bertichile/navidad00 vicuna4_tn.jpg
2008.06.27 19:22 B K:\sicherung_webserver_h10__072008\berti-golf.de\public_html\bertichile\navidad00\vicuna5.jpg --> bertigolfde.h1403220.stratoserver.net /public_html/bertichile/navidad00 vicuna5.jpg
2008.06.27 19:22 B K:\sicherung_webserver_h10__072008\berti-golf.de\public_html\bertichile\navidad00\vicuna5_tn.jpg --> bertigolfde.h1403220.stratoserver.net /public_html/bertichile/navidad00 vicuna5_tn.jpg
2008.06.27 19:22 B K:\sicherung_webserver_h10__072008\berti-golf.de\public_html\bertichile\navidad00\vicuna6.jpg --> bertigolfde.h1403220.stratoserver.net /public_html/bertichile/navidad00 vicuna6.jpg
2008.06.27 19:22 B K:\sicherung_webserver_h10__072008\berti-golf.de\public_html\bertichile\navidad00\vicuna6_tn.jpg --> bertigolfde.h1403220.stratoserver.net /public_html/bertichile/navidad00 vicuna6_tn.jpg
2008.06.27 19:22 B K:\sicherung_webserver_h10__072008\berti-golf.de\public_html\bertichile\navidad00\vicuna7.jpg --> bertigolfde.h1403220.stratoserver.net /public_html/bertichile/navidad00 vicuna7.jpg
2008.06.27 19:22 B K:\sicherung_webserver_h10__072008\berti-golf.de\public_html\bertichile\navidad00\vicuna7_tn.jpg --> bertigolfde.h1403220.stratoserver.net /public_html/bertichile/navidad00 vicuna7_tn.jpg
2008.06.27 19:23 B K:\sicherung_webserver_h10__072008\berti-golf.de\public_html\bertichile\navidad00\vicuna8.jpg --> bertigolfde.h1403220.stratoserver.net /public_html/bertichile/navidad00 vicuna8.jpg
2008.06.27 19:23 B K:\sicherung_webserver_h10__072008\berti-golf.de\public_html\bertichile\navidad00\vicuna8_tn.jpg --> bertigolfde.h1403220.stratoserver.net /public_html/bertichile/navidad00 vicuna8_tn.jpg
2008.06.27 19:23 B K:\sicherung_webserver_h10__072008\berti-golf.de\public_html\bertichile\navidad00\vicuna9.jpg --> bertigolfde.h1403220.stratoserver.net /public_html/bertichile/navidad00 vicuna9.jpg
2008.06.27 19:23 B K:\sicherung_webserver_h10__072008\berti-golf.de\public_html\bertichile\navidad00\vicuna9_tn.jpg --> bertigolfde.h1403220.stratoserver.net /public_html/bertichile/navidad00 vicuna9_tn.jpg
2008.06.27 19:23 B K:\sicherung_webserver_h10__072008\berti-golf.de\public_html\bertichile\navidad00\vicunax.jpg --> bertigolfde.h1403220.stratoserver.net /public_html/bertichile/navidad00 vicunax.jpg
2008.06.27 19:23 B K:\sicherung_webserver_h10__072008\berti-golf.de\public_html\bertichile\navidad00\vicunax_tn.jpg --> bertigolfde.h1403220.stratoserver.net /public_html/bertichile/navidad00 vicunax_tn.jpg
2009.05.01 07:17 B Z:\home\Berti\public_html\www.berti-golf.de\bertichile\navidad00\WS_FTP.LOG <-- bertigolfde.h1403220.stratoserver.net /public_html/bertichile/navidad00 WS_FTP.LOG
2009.12.08 18:02 B Z:\home\Berti\public_html\www.berti-golf.de\bertichile\navidad00\auto.jpg --> h1667152.stratoserver.net /httpdocs/bertichile/navidad00 auto.jpg
2009.12.08 18:02 B Z:\home\Berti\public_html\www.berti-golf.de\bertichile\navidad00\auto_tn.jpg --> h1667152.stratoserver.net /httpdocs/bertichile/navidad00 auto_tn.jpg
2009.12.08 18:02 B Z:\home\Berti\public_html\www.berti-golf.de\bertichile\navidad00\caballero1.jpg --> h1667152.stratoserver.net /httpdocs/bertichile/navidad00 caballero1.jpg
2009.12.08 18:02 B Z:\home\Berti\public_html\www.berti-golf.de\bertichile\navidad00\caballero1_tn.jpg --> h1667152.stratoserver.net /httpdocs/bertichile/navidad00 caballero1_tn.jpg
2009.12.08 18:02 B Z:\home\Berti\public_html\www.berti-golf.de\bertichile\navidad00\caballero2.jpg --> h1667152.stratoserver.net /httpdocs/bertichile/navidad00 caballero2.jpg
2009.12.08 18:02 B Z:\home\Berti\public_html\www.berti-golf.de\bertichile\navidad00\caballero2_tn.jpg --> h1667152.stratoserver.net /httpdocs/bertichile/navidad00 caballero2_tn.jpg
2009.12.08 18:02 B Z:\home\Berti\public_html\www.berti-golf.de\bertichile\navidad00\camping1.jpg --> h1667152.stratoserver.net /httpdocs/bertichile/navidad00 camping1.jpg
2009.12.08 18:02 B Z:\home\Berti\public_html\www.berti-golf.de\bertichile\navidad00\camping1_tn.jpg --> h1667152.stratoserver.net /httpdocs/bertichile/navidad00 camping1_tn.jpg
2009.12.08 18:02 B Z:\home\Berti\public_html\www.berti-golf.de\bertichile\navidad00\camping2.jpg --> h1667152.stratoserver.net /httpdocs/bertichile/navidad00 camping2.jpg
2009.12.08 18:02 B Z:\home\Berti\public_html\www.berti-golf.de\bertichile\navidad00\camping2_tn.jpg --> h1667152.stratoserver.net /httpdocs/bertichile/navidad00 camping2_tn.jpg
2009.12.08 18:02 B Z:\home\Berti\public_html\www.berti-golf.de\bertichile\navidad00\camping3.jpg --> h1667152.stratoserver.net /httpdocs/bertichile/navidad00 camping3.jpg
2009.12.08 18:02 B Z:\home\Berti\public_html\www.berti-golf.de\bertichile\navidad00\camping3_tn.jpg --> h1667152.stratoserver.net /httpdocs/bertichile/navidad00 camping3_tn.jpg
2009.12.08 18:02 B Z:\home\Berti\public_html\www.berti-golf.de\bertichile\navidad00\camping4.jpg --> h1667152.stratoserver.net /httpdocs/bertichile/navidad00 camping4.jpg
2009.12.08 18:02 B Z:\home\Berti\public_html\www.berti-golf.de\bertichile\navidad00\camping4_tn.jpg --> h1667152.stratoserver.net /httpdocs/bertichile/navidad00 camping4_tn.jpg
2009.12.08 18:02 B Z:\home\Berti\public_html\www.berti-golf.de\bertichile\navidad00\camping5.jpg --> h1667152.stratoserver.net /httpdocs/bertichile/navidad00 camping5.jpg
2009.12.08 18:02 B Z:\home\Berti\public_html\www.berti-golf.de\bertichile\navidad00\camping5_tn.jpg --> h1667152.stratoserver.net /httpdocs/bertichile/navidad00 camping5_tn.jpg
2009.12.08 18:02 B Z:\home\Berti\public_html\www.berti-golf.de\bertichile\navidad00\camping6.jpg --> h1667152.stratoserver.net /httpdocs/bertichile/navidad00 camping6.jpg
2009.12.08 18:02 B Z:\home\Berti\public_html\www.berti-golf.de\bertichile\navidad00\camping6_tn.jpg --> h1667152.stratoserver.net /httpdocs/bertichile/navidad00 camping6_tn.jpg
2009.12.08 18:02 B Z:\home\Berti\public_html\www.berti-golf.de\bertichile\navidad00\camping7.jpg --> h1667152.stratoserver.net /httpdocs/bertichile/navidad00 camping7.jpg
2009.12.08 18:02 B Z:\home\Berti\public_html\www.berti-golf.de\bertichile\navidad00\camping7_tn.jpg --> h1667152.stratoserver.net /httpdocs/bertichile/navidad00 camping7_tn.jpg
2009.12.08 18:02 B Z:\home\Berti\public_html\www.berti-golf.de\bertichile\navidad00\camping8.jpg --> h1667152.stratoserver.net /httpdocs/bertichile/navidad00 camping8.jpg
2009.12.08 18:02 B Z:\home\Berti\public_html\www.berti-golf.de\bertichile\navidad00\camping8_tn.jpg --> h1667152.stratoserver.net /httpdocs/bertichile/navidad00 camping8_tn.jpg
2009.12.08 18:02 B Z:\home\Berti\public_html\www.berti-golf.de\bertichile\navidad00\camping9.jpg --> h1667152.stratoserver.net /httpdocs/bertichile/navidad00 camping9.jpg
2009.12.08 18:02 B Z:\home\Berti\public_html\www.berti-golf.de\bertichile\navidad00\camping9_tn.jpg --> h1667152.stratoserver.net /httpdocs/bertichile/navidad00 camping9_tn.jpg
2009.12.08 18:02 B Z:\home\Berti\public_html\www.berti-golf.de\bertichile\navidad00\campinga.jpg --> h1667152.stratoserver.net /httpdocs/bertichile/navidad00 campinga.jpg
2009.12.08 18:02 B Z:\home\Berti\public_html\www.berti-golf.de\bertichile\navidad00\campinga_tn.jpg --> h1667152.stratoserver.net /httpdocs/bertichile/navidad00 campinga_tn.jpg
2009.12.08 18:02 B Z:\home\Berti\public_html\www.berti-golf.de\bertichile\navidad00\campingb.jpg --> h1667152.stratoserver.net /httpdocs/bertichile/navidad00 campingb.jpg
2009.12.08 18:02 B Z:\home\Berti\public_html\www.berti-golf.de\bertichile\navidad00\campingb_tn.jpg --> h1667152.stratoserver.net /httpdocs/bertichile/navidad00 campingb_tn.jpg
2009.12.08 18:02 B Z:\home\Berti\public_html\www.berti-golf.de\bertichile\navidad00\campingc.jpg --> h1667152.stratoserver.net /httpdocs/bertichile/navidad00 campingc.jpg
2009.12.08 18:02 B Z:\home\Berti\public_html\www.berti-golf.de\bertichile\navidad00\campingc_tn.jpg --> h1667152.stratoserver.net /httpdocs/bertichile/navidad00 campingc_tn.jpg
2009.12.08 18:02 B Z:\home\Berti\public_html\www.berti-golf.de\bertichile\navidad00\campingd.jpg --> h1667152.stratoserver.net /httpdocs/bertichile/navidad00 campingd.jpg
2009.12.08 18:02 B Z:\home\Berti\public_html\www.berti-golf.de\bertichile\navidad00\campingd_tn.jpg --> h1667152.stratoserver.net /httpdocs/bertichile/navidad00 campingd_tn.jpg
2009.12.08 18:02 B Z:\home\Berti\public_html\www.berti-golf.de\bertichile\navidad00\gabrielamistral.jpg --> h1667152.stratoserver.net /httpdocs/bertichile/navidad00 gabrielamistral.jpg
2009.12.08 18:02 B Z:\home\Berti\public_html\www.berti-golf.de\bertichile\navidad00\gabrielamistral_tn.jpg --> h1667152.stratoserver.net /httpdocs/bertichile/navidad00 gabrielamistral_tn.jpg
2009.12.08 18:02 B Z:\home\Berti\public_html\www.berti-golf.de\bertichile\navidad00\laguna.jpg --> h1667152.stratoserver.net /httpdocs/bertichile/navidad00 laguna.jpg
2009.12.08 18:02 B Z:\home\Berti\public_html\www.berti-golf.de\bertichile\navidad00\laguna_tn.jpg --> h1667152.stratoserver.net /httpdocs/bertichile/navidad00 laguna_tn.jpg
2009.12.08 18:02 B Z:\home\Berti\public_html\www.berti-golf.de\bertichile\navidad00\montegrande.jpg --> h1667152.stratoserver.net /httpdocs/bertichile/navidad00 montegrande.jpg
2009.12.08 18:02 B Z:\home\Berti\public_html\www.berti-golf.de\bertichile\navidad00\montegrande_tn.jpg --> h1667152.stratoserver.net /httpdocs/bertichile/navidad00 montegrande_tn.jpg
2009.12.08 18:02 B Z:\home\Berti\public_html\www.berti-golf.de\bertichile\navidad00\navi.html --> h1667152.stratoserver.net /httpdocs/bertichile/navidad00 navi.html
2009.12.08 18:02 B Z:\home\Berti\public_html\www.berti-golf.de\bertichile\navidad00\piscoelqui1.jpg --> h1667152.stratoserver.net /httpdocs/bertichile/navidad00 piscoelqui1.jpg
2009.12.08 18:02 B Z:\home\Berti\public_html\www.berti-golf.de\bertichile\navidad00\piscoelqui1_tn.jpg --> h1667152.stratoserver.net /httpdocs/bertichile/navidad00 piscoelqui1_tn.jpg
2009.12.08 18:02 B Z:\home\Berti\public_html\www.berti-golf.de\bertichile\navidad00\piscoelqui2.jpg --> h1667152.stratoserver.net /httpdocs/bertichile/navidad00 piscoelqui2.jpg
2009.12.08 18:02 B Z:\home\Berti\public_html\www.berti-golf.de\bertichile\navidad00\piscoelqui2_tn.jpg --> h1667152.stratoserver.net /httpdocs/bertichile/navidad00 piscoelqui2_tn.jpg
2009.12.08 18:02 B Z:\home\Berti\public_html\www.berti-golf.de\bertichile\navidad00\piscoteria.jpg --> h1667152.stratoserver.net /httpdocs/bertichile/navidad00 piscoteria.jpg
2009.12.08 18:02 B Z:\home\Berti\public_html\www.berti-golf.de\bertichile\navidad00\piscoteria_tn.jpg --> h1667152.stratoserver.net /httpdocs/bertichile/navidad00 piscoteria_tn.jpg
2009.12.08 18:02 B Z:\home\Berti\public_html\www.berti-golf.de\bertichile\navidad00\serena01.jpg --> h1667152.stratoserver.net /httpdocs/bertichile/navidad00 serena01.jpg
2009.12.08 18:02 B Z:\home\Berti\public_html\www.berti-golf.de\bertichile\navidad00\serena01_tn.jpg --> h1667152.stratoserver.net /httpdocs/bertichile/navidad00 serena01_tn.jpg
2009.12.08 18:02 B Z:\home\Berti\public_html\www.berti-golf.de\bertichile\navidad00\serena02.jpg --> h1667152.stratoserver.net /httpdocs/bertichile/navidad00 serena02.jpg
2009.12.08 18:02 B Z:\home\Berti\public_html\www.berti-golf.de\bertichile\navidad00\serena02_tn.jpg --> h1667152.stratoserver.net /httpdocs/bertichile/navidad00 serena02_tn.jpg
2009.12.08 18:02 B Z:\home\Berti\public_html\www.berti-golf.de\bertichile\navidad00\serena03.jpg --> h1667152.stratoserver.net /httpdocs/bertichile/navidad00 serena03.jpg
2009.12.08 18:02 B Z:\home\Berti\public_html\www.berti-golf.de\bertichile\navidad00\serena03_tn.jpg --> h1667152.stratoserver.net /httpdocs/bertichile/navidad00 serena03_tn.jpg
2009.12.08 18:02 B Z:\home\Berti\public_html\www.berti-golf.de\bertichile\navidad00\serena04.jpg --> h1667152.stratoserver.net /httpdocs/bertichile/navidad00 serena04.jpg
2009.12.08 18:02 B Z:\home\Berti\public_html\www.berti-golf.de\bertichile\navidad00\serena04_tn.jpg --> h1667152.stratoserver.net /httpdocs/bertichile/navidad00 serena04_tn.jpg
2009.12.08 18:02 B Z:\home\Berti\public_html\www.berti-golf.de\bertichile\navidad00\serena05.jpg --> h1667152.stratoserver.net /httpdocs/bertichile/navidad00 serena05.jpg
2009.12.08 18:02 B Z:\home\Berti\public_html\www.berti-golf.de\bertichile\navidad00\serena05_tn.jpg --> h1667152.stratoserver.net /httpdocs/bertichile/navidad00 serena05_tn.jpg
2009.12.08 18:02 B Z:\home\Berti\public_html\www.berti-golf.de\bertichile\navidad00\serena06.jpg --> h1667152.stratoserver.net /httpdocs/bertichile/navidad00 serena06.jpg
2009.12.08 18:02 B Z:\home\Berti\public_html\www.berti-golf.de\bertichile\navidad00\serena06_tn.jpg --> h1667152.stratoserver.net /httpdocs/bertichile/navidad00 serena06_tn.jpg
2009.12.08 18:02 B Z:\home\Berti\public_html\www.berti-golf.de\bertichile\navidad00\serena07.jpg --> h1667152.stratoserver.net /httpdocs/bertichile/navidad00 serena07.jpg
2009.12.08 18:02 B Z:\home\Berti\public_html\www.berti-golf.de\bertichile\navidad00\serena07_tn.jpg --> h1667152.stratoserver.net /httpdocs/bertichile/navidad00 serena07_tn.jpg
2009.12.08 18:02 B Z:\home\Berti\public_html\www.berti-golf.de\bertichile\navidad00\serena08.jpg --> h1667152.stratoserver.net /httpdocs/bertichile/navidad00 serena08.jpg
2009.12.08 18:02 B Z:\home\Berti\public_html\www.berti-golf.de\bertichile\navidad00\serena08_tn.jpg --> h1667152.stratoserver.net /httpdocs/bertichile/navidad00 serena08_tn.jpg
2009.12.08 18:02 B Z:\home\Berti\public_html\www.berti-golf.de\bertichile\navidad00\serena09.jpg --> h1667152.stratoserver.net /httpdocs/bertichile/navidad00 serena09.jpg
2009.12.08 18:02 B Z:\home\Berti\public_html\www.berti-golf.de\bertichile\navidad00\serena09_tn.jpg --> h1667152.stratoserver.net /httpdocs/bertichile/navidad00 serena09_tn.jpg
2009.12.08 18:02 B Z:\home\Berti\public_html\www.berti-golf.de\bertichile\navidad00\serena11.jpg --> h1667152.stratoserver.net /httpdocs/bertichile/navidad00 serena11.jpg
2009.12.08 18:02 B Z:\home\Berti\public_html\www.berti-golf.de\bertichile\navidad00\serena11_tn.jpg --> h1667152.stratoserver.net /httpdocs/bertichile/navidad00 serena11_tn.jpg
2009.12.08 18:02 B Z:\home\Berti\public_html\www.berti-golf.de\bertichile\navidad00\serena12.jpg --> h1667152.stratoserver.net /httpdocs/bertichile/navidad00 serena12.jpg
2009.12.08 18:02 B Z:\home\Berti\public_html\www.berti-golf.de\bertichile\navidad00\serena12_tn.jpg --> h1667152.stratoserver.net /httpdocs/bertichile/navidad00 serena12_tn.jpg
2009.12.08 18:02 B Z:\home\Berti\public_html\www.berti-golf.de\bertichile\navidad00\serena13.jpg --> h1667152.stratoserver.net /httpdocs/bertichile/navidad00 serena13.jpg
2009.12.08 18:02 B Z:\home\Berti\public_html\www.berti-golf.de\bertichile\navidad00\serena13_tn.jpg --> h1667152.stratoserver.net /httpdocs/bertichile/navidad00 serena13_tn.jpg
2009.12.08 18:02 B Z:\home\Berti\public_html\www.berti-golf.de\bertichile\navidad00\serena14.jpg --> h1667152.stratoserver.net /httpdocs/bertichile/navidad00 serena14.jpg
2009.12.08 18:02 B Z:\home\Berti\public_html\www.berti-golf.de\bertichile\navidad00\serena14_tn.jpg --> h1667152.stratoserver.net /httpdocs/bertichile/navidad00 serena14_tn.jpg
2009.12.08 18:02 B Z:\home\Berti\public_html\www.berti-golf.de\bertichile\navidad00\serena15.jpg --> h1667152.stratoserver.net /httpdocs/bertichile/navidad00 serena15.jpg
2009.12.08 18:03 B Z:\home\Berti\public_html\www.berti-golf.de\bertichile\navidad00\serena15_tn.jpg --> h1667152.stratoserver.net /httpdocs/bertichile/navidad00 serena15_tn.jpg
2009.12.08 18:03 B Z:\home\Berti\public_html\www.berti-golf.de\bertichile\navidad00\serena16.jpg --> h1667152.stratoserver.net /httpdocs/bertichile/navidad00 serena16.jpg
2009.12.08 18:03 B Z:\home\Berti\public_html\www.berti-golf.de\bertichile\navidad00\serena16_tn.jpg --> h1667152.stratoserver.net /httpdocs/bertichile/navidad00 serena16_tn.jpg
2009.12.08 18:03 B Z:\home\Berti\public_html\www.berti-golf.de\bertichile\navidad00\serena17.jpg --> h1667152.stratoserver.net /httpdocs/bertichile/navidad00 serena17.jpg
2009.12.08 18:03 B Z:\home\Berti\public_html\www.berti-golf.de\bertichile\navidad00\serena17_tn.jpg --> h1667152.stratoserver.net /httpdocs/bertichile/navidad00 serena17_tn.jpg
2009.12.08 18:03 B Z:\home\Berti\public_html\www.berti-golf.de\bertichile\navidad00\serena18.jpg --> h1667152.stratoserver.net /httpdocs/bertichile/navidad00 serena18.jpg
2009.12.08 18:03 B Z:\home\Berti\public_html\www.berti-golf.de\bertichile\navidad00\serena18_tn.jpg --> h1667152.stratoserver.net /httpdocs/bertichile/navidad00 serena18_tn.jpg
2009.12.08 18:03 B Z:\home\Berti\public_html\www.berti-golf.de\bertichile\navidad00\serena19.jpg --> h1667152.stratoserver.net /httpdocs/bertichile/navidad00 serena19.jpg
2009.12.08 18:03 B Z:\home\Berti\public_html\www.berti-golf.de\bertichile\navidad00\serena19_tn.jpg --> h1667152.stratoserver.net /httpdocs/bertichile/navidad00 serena19_tn.jpg
2009.12.08 18:03 B Z:\home\Berti\public_html\www.berti-golf.de\bertichile\navidad00\valleelqui1.jpg --> h1667152.stratoserver.net /httpdocs/bertichile/navidad00 valleelqui1.jpg
2009.12.08 18:03 B Z:\home\Berti\public_html\www.berti-golf.de\bertichile\navidad00\valleelqui1_tn.jpg --> h1667152.stratoserver.net /httpdocs/bertichile/navidad00 valleelqui1_tn.jpg
2009.12.08 18:03 B Z:\home\Berti\public_html\www.berti-golf.de\bertichile\navidad00\vicuna1.jpg --> h1667152.stratoserver.net /httpdocs/bertichile/navidad00 vicuna1.jpg
2009.12.08 18:03 B Z:\home\Berti\public_html\www.berti-golf.de\bertichile\navidad00\vicuna1_tn.jpg --> h1667152.stratoserver.net /httpdocs/bertichile/navidad00 vicuna1_tn.jpg
2009.12.08 18:03 B Z:\home\Berti\public_html\www.berti-golf.de\bertichile\navidad00\vicuna2.jpg --> h1667152.stratoserver.net /httpdocs/bertichile/navidad00 vicuna2.jpg
2009.12.08 18:03 B Z:\home\Berti\public_html\www.berti-golf.de\bertichile\navidad00\vicuna2_tn.jpg --> h1667152.stratoserver.net /httpdocs/bertichile/navidad00 vicuna2_tn.jpg
2009.12.08 18:03 B Z:\home\Berti\public_html\www.berti-golf.de\bertichile\navidad00\vicuna3.jpg --> h1667152.stratoserver.net /httpdocs/bertichile/navidad00 vicuna3.jpg
2009.12.08 18:03 B Z:\home\Berti\public_html\www.berti-golf.de\bertichile\navidad00\vicuna3_tn.jpg --> h1667152.stratoserver.net /httpdocs/bertichile/navidad00 vicuna3_tn.jpg
2009.12.08 18:03 B Z:\home\Berti\public_html\www.berti-golf.de\bertichile\navidad00\vicuna4.jpg --> h1667152.stratoserver.net /httpdocs/bertichile/navidad00 vicuna4.jpg
2009.12.08 18:03 B Z:\home\Berti\public_html\www.berti-golf.de\bertichile\navidad00\vicuna4_tn.jpg --> h1667152.stratoserver.net /httpdocs/bertichile/navidad00 vicuna4_tn.jpg
2009.12.08 18:03 B Z:\home\Berti\public_html\www.berti-golf.de\bertichile\navidad00\vicuna5.jpg --> h1667152.stratoserver.net /httpdocs/bertichile/navidad00 vicuna5.jpg
2009.12.08 18:03 B Z:\home\Berti\public_html\www.berti-golf.de\bertichile\navidad00\vicuna5_tn.jpg --> h1667152.stratoserver.net /httpdocs/bertichile/navidad00 vicuna5_tn.jpg
2009.12.08 18:03 B Z:\home\Berti\public_html\www.berti-golf.de\bertichile\navidad00\vicuna6.jpg --> h1667152.stratoserver.net /httpdocs/bertichile/navidad00 vicuna6.jpg
2009.12.08 18:03 B Z:\home\Berti\public_html\www.berti-golf.de\bertichile\navidad00\vicuna6_tn.jpg --> h1667152.stratoserver.net /httpdocs/bertichile/navidad00 vicuna6_tn.jpg
2009.12.08 18:03 B Z:\home\Berti\public_html\www.berti-golf.de\bertichile\navidad00\vicuna7.jpg --> h1667152.stratoserver.net /httpdocs/bertichile/navidad00 vicuna7.jpg
2009.12.08 18:03 B Z:\home\Berti\public_html\www.berti-golf.de\bertichile\navidad00\vicuna7_tn.jpg --> h1667152.stratoserver.net /httpdocs/bertichile/navidad00 vicuna7_tn.jpg
2009.12.08 18:03 B Z:\home\Berti\public_html\www.berti-golf.de\bertichile\navidad00\vicuna8.jpg --> h1667152.stratoserver.net /httpdocs/bertichile/navidad00 vicuna8.jpg
2009.12.08 18:03 B Z:\home\Berti\public_html\www.berti-golf.de\bertichile\navidad00\vicuna8_tn.jpg --> h1667152.stratoserver.net /httpdocs/bertichile/navidad00 vicuna8_tn.jpg
2009.12.08 18:03 B Z:\home\Berti\public_html\www.berti-golf.de\bertichile\navidad00\vicuna9.jpg --> h1667152.stratoserver.net /httpdocs/bertichile/navidad00 vicuna9.jpg
2009.12.08 18:03 B Z:\home\Berti\public_html\www.berti-golf.de\bertichile\navidad00\vicuna9_tn.jpg --> h1667152.stratoserver.net /httpdocs/bertichile/navidad00 vicuna9_tn.jpg
2009.12.08 18:03 B Z:\home\Berti\public_html\www.berti-golf.de\bertichile\navidad00\vicunax.jpg --> h1667152.stratoserver.net /httpdocs/bertichile/navidad00 vicunax.jpg
2009.12.08 18:03 B Z:\home\Berti\public_html\www.berti-golf.de\bertichile\navidad00\vicunax_tn.jpg --> h1667152.stratoserver.net /httpdocs/bertichile/navidad00 vicunax_tn.jpg
