2008.06.27 16:50 B K:\sicherung_webserver_h10__072008\berti-golf.de\public_html\images\1x1_476c8b.gif <-- www.berti-golf.de /public_html/images 1x1_476c8b.gif
2008.06.27 16:50 B K:\sicherung_webserver_h10__072008\berti-golf.de\public_html\images\1x1_ffffff.gif <-- www.berti-golf.de /public_html/images 1x1_ffffff.gif
2008.06.27 16:50 B K:\sicherung_webserver_h10__072008\berti-golf.de\public_html\images\1x1_trans.gif <-- www.berti-golf.de /public_html/images 1x1_trans.gif
2008.06.27 16:50 B K:\sicherung_webserver_h10__072008\berti-golf.de\public_html\images\elegant.gif <-- www.berti-golf.de /public_html/images elegant.gif
2008.06.27 16:50 B K:\sicherung_webserver_h10__072008\berti-golf.de\public_html\images\klassik.gif <-- www.berti-golf.de /public_html/images klassik.gif
2008.06.27 16:50 B K:\sicherung_webserver_h10__072008\berti-golf.de\public_html\images\logo.gif <-- www.berti-golf.de /public_html/images logo.gif
2008.06.27 16:50 B K:\sicherung_webserver_h10__072008\berti-golf.de\public_html\images\menu_kontakt-a.gif <-- www.berti-golf.de /public_html/images menu_kontakt-a.gif
2008.06.27 16:50 B K:\sicherung_webserver_h10__072008\berti-golf.de\public_html\images\menu_kontakt.gif <-- www.berti-golf.de /public_html/images menu_kontakt.gif
2008.06.27 16:50 B K:\sicherung_webserver_h10__072008\berti-golf.de\public_html\images\menu_leistungen-a.gif <-- www.berti-golf.de /public_html/images menu_leistungen-a.gif
2008.06.27 16:50 B K:\sicherung_webserver_h10__072008\berti-golf.de\public_html\images\menu_leistungen.gif <-- www.berti-golf.de /public_html/images menu_leistungen.gif
2008.06.27 16:50 B K:\sicherung_webserver_h10__072008\berti-golf.de\public_html\images\menu_login.gif <-- www.berti-golf.de /public_html/images menu_login.gif
2008.06.27 16:50 B K:\sicherung_webserver_h10__072008\berti-golf.de\public_html\images\menu_referenzen-a.gif <-- www.berti-golf.de /public_html/images menu_referenzen-a.gif
2008.06.27 16:50 B K:\sicherung_webserver_h10__072008\berti-golf.de\public_html\images\menu_referenzen.gif <-- www.berti-golf.de /public_html/images menu_referenzen.gif
2008.06.27 16:50 B K:\sicherung_webserver_h10__072008\berti-golf.de\public_html\images\menu_team_partner-a.gif <-- www.berti-golf.de /public_html/images menu_team_partner-a.gif
2008.06.27 16:50 B K:\sicherung_webserver_h10__072008\berti-golf.de\public_html\images\menu_team_partner.gif <-- www.berti-golf.de /public_html/images menu_team_partner.gif
2008.06.27 16:50 B K:\sicherung_webserver_h10__072008\berti-golf.de\public_html\images\modern.gif <-- www.berti-golf.de /public_html/images modern.gif
2008.06.27 16:50 B K:\sicherung_webserver_h10__072008\berti-golf.de\public_html\images\start_arms.gif <-- www.berti-golf.de /public_html/images start_arms.gif
2008.06.27 16:50 B K:\sicherung_webserver_h10__072008\berti-golf.de\public_html\images\start_bild.jpg <-- www.berti-golf.de /public_html/images start_bild.jpg
2008.06.27 16:50 B K:\sicherung_webserver_h10__072008\berti-golf.de\public_html\images\start_kontakt-a.gif <-- www.berti-golf.de /public_html/images start_kontakt-a.gif
2008.06.27 16:50 B K:\sicherung_webserver_h10__072008\berti-golf.de\public_html\images\start_kontakt.gif <-- www.berti-golf.de /public_html/images start_kontakt.gif
2008.06.27 16:50 B K:\sicherung_webserver_h10__072008\berti-golf.de\public_html\images\start_leistungen-a.gif <-- www.berti-golf.de /public_html/images start_leistungen-a.gif
2008.06.27 16:50 B K:\sicherung_webserver_h10__072008\berti-golf.de\public_html\images\start_leistungen.gif <-- www.berti-golf.de /public_html/images start_leistungen.gif
2008.06.27 16:50 B K:\sicherung_webserver_h10__072008\berti-golf.de\public_html\images\start_login.gif <-- www.berti-golf.de /public_html/images start_login.gif
2008.06.27 16:50 B K:\sicherung_webserver_h10__072008\berti-golf.de\public_html\images\start_logo.gif <-- www.berti-golf.de /public_html/images start_logo.gif
2008.06.27 16:50 B K:\sicherung_webserver_h10__072008\berti-golf.de\public_html\images\start_referenzen-a.gif <-- www.berti-golf.de /public_html/images start_referenzen-a.gif
2008.06.27 16:50 B K:\sicherung_webserver_h10__072008\berti-golf.de\public_html\images\start_referenzen.gif <-- www.berti-golf.de /public_html/images start_referenzen.gif
2008.06.27 16:50 B K:\sicherung_webserver_h10__072008\berti-golf.de\public_html\images\start_team_partner-a.gif <-- www.berti-golf.de /public_html/images start_team_partner-a.gif
2008.06.27 16:50 B K:\sicherung_webserver_h10__072008\berti-golf.de\public_html\images\start_team_partner.gif <-- www.berti-golf.de /public_html/images start_team_partner.gif
2008.06.27 16:50 B K:\sicherung_webserver_h10__072008\berti-golf.de\public_html\images\start_teaser.jpg <-- www.berti-golf.de /public_html/images start_teaser.jpg
2008.06.27 16:50 B K:\sicherung_webserver_h10__072008\berti-golf.de\public_html\images\Thumbs.db <-- www.berti-golf.de /public_html/images Thumbs.db
2008.06.27 16:50 B K:\sicherung_webserver_h10__072008\berti-golf.de\public_html\images\unterschrift.gif <-- www.berti-golf.de /public_html/images unterschrift.gif
2008.06.27 19:55 B K:\sicherung_webserver_h10__072008\berti-golf.de\public_html\images\WS_FTP.LOG --> berti-golf.de /public_html/images WS_FTP.LOG
2008.06.27 19:56 B K:\sicherung_webserver_h10__072008\berti-golf.de\public_html\images\1x1_476c8b.gif --> bertigolfde.h1403220.stratoserver.net /public_html/images 1x1_476c8b.gif
2008.06.27 19:56 B K:\sicherung_webserver_h10__072008\berti-golf.de\public_html\images\1x1_ffffff.gif --> bertigolfde.h1403220.stratoserver.net /public_html/images 1x1_ffffff.gif
2008.06.27 19:56 B K:\sicherung_webserver_h10__072008\berti-golf.de\public_html\images\1x1_trans.gif --> bertigolfde.h1403220.stratoserver.net /public_html/images 1x1_trans.gif
2008.06.27 19:56 B K:\sicherung_webserver_h10__072008\berti-golf.de\public_html\images\elegant.gif --> bertigolfde.h1403220.stratoserver.net /public_html/images elegant.gif
2008.06.27 19:56 B K:\sicherung_webserver_h10__072008\berti-golf.de\public_html\images\klassik.gif --> bertigolfde.h1403220.stratoserver.net /public_html/images klassik.gif
2008.06.27 19:56 B K:\sicherung_webserver_h10__072008\berti-golf.de\public_html\images\logo.gif --> bertigolfde.h1403220.stratoserver.net /public_html/images logo.gif
2008.06.27 19:56 B K:\sicherung_webserver_h10__072008\berti-golf.de\public_html\images\menu_kontakt-a.gif --> bertigolfde.h1403220.stratoserver.net /public_html/images menu_kontakt-a.gif
2008.06.27 19:56 B K:\sicherung_webserver_h10__072008\berti-golf.de\public_html\images\menu_kontakt.gif --> bertigolfde.h1403220.stratoserver.net /public_html/images menu_kontakt.gif
2008.06.27 19:56 B K:\sicherung_webserver_h10__072008\berti-golf.de\public_html\images\menu_leistungen-a.gif --> bertigolfde.h1403220.stratoserver.net /public_html/images menu_leistungen-a.gif
2008.06.27 19:56 B K:\sicherung_webserver_h10__072008\berti-golf.de\public_html\images\menu_leistungen.gif --> bertigolfde.h1403220.stratoserver.net /public_html/images menu_leistungen.gif
2008.06.27 19:56 B K:\sicherung_webserver_h10__072008\berti-golf.de\public_html\images\menu_login.gif --> bertigolfde.h1403220.stratoserver.net /public_html/images menu_login.gif
2008.06.27 19:56 B K:\sicherung_webserver_h10__072008\berti-golf.de\public_html\images\menu_referenzen-a.gif --> bertigolfde.h1403220.stratoserver.net /public_html/images menu_referenzen-a.gif
2008.06.27 19:56 B K:\sicherung_webserver_h10__072008\berti-golf.de\public_html\images\menu_referenzen.gif --> bertigolfde.h1403220.stratoserver.net /public_html/images menu_referenzen.gif
2008.06.27 19:56 B K:\sicherung_webserver_h10__072008\berti-golf.de\public_html\images\menu_team_partner-a.gif --> bertigolfde.h1403220.stratoserver.net /public_html/images menu_team_partner-a.gif
2008.06.27 19:56 B K:\sicherung_webserver_h10__072008\berti-golf.de\public_html\images\menu_team_partner.gif --> bertigolfde.h1403220.stratoserver.net /public_html/images menu_team_partner.gif
2008.06.27 19:56 B K:\sicherung_webserver_h10__072008\berti-golf.de\public_html\images\modern.gif --> bertigolfde.h1403220.stratoserver.net /public_html/images modern.gif
2008.06.27 19:56 B K:\sicherung_webserver_h10__072008\berti-golf.de\public_html\images\start_arms.gif --> bertigolfde.h1403220.stratoserver.net /public_html/images start_arms.gif
2008.06.27 19:56 B K:\sicherung_webserver_h10__072008\berti-golf.de\public_html\images\start_bild.jpg --> bertigolfde.h1403220.stratoserver.net /public_html/images start_bild.jpg
2008.06.27 19:56 B K:\sicherung_webserver_h10__072008\berti-golf.de\public_html\images\start_kontakt-a.gif --> bertigolfde.h1403220.stratoserver.net /public_html/images start_kontakt-a.gif
2008.06.27 19:56 B K:\sicherung_webserver_h10__072008\berti-golf.de\public_html\images\start_kontakt.gif --> bertigolfde.h1403220.stratoserver.net /public_html/images start_kontakt.gif
2008.06.27 19:56 B K:\sicherung_webserver_h10__072008\berti-golf.de\public_html\images\start_leistungen-a.gif --> bertigolfde.h1403220.stratoserver.net /public_html/images start_leistungen-a.gif
2008.06.27 19:56 B K:\sicherung_webserver_h10__072008\berti-golf.de\public_html\images\start_leistungen.gif --> bertigolfde.h1403220.stratoserver.net /public_html/images start_leistungen.gif
2008.06.27 19:56 B K:\sicherung_webserver_h10__072008\berti-golf.de\public_html\images\start_login.gif --> bertigolfde.h1403220.stratoserver.net /public_html/images start_login.gif
2008.06.27 19:56 B K:\sicherung_webserver_h10__072008\berti-golf.de\public_html\images\start_logo.gif --> bertigolfde.h1403220.stratoserver.net /public_html/images start_logo.gif
2008.06.27 19:56 B K:\sicherung_webserver_h10__072008\berti-golf.de\public_html\images\start_referenzen-a.gif --> bertigolfde.h1403220.stratoserver.net /public_html/images start_referenzen-a.gif
2008.06.27 19:56 B K:\sicherung_webserver_h10__072008\berti-golf.de\public_html\images\start_referenzen.gif --> bertigolfde.h1403220.stratoserver.net /public_html/images start_referenzen.gif
2008.06.27 19:56 B K:\sicherung_webserver_h10__072008\berti-golf.de\public_html\images\start_team_partner-a.gif --> bertigolfde.h1403220.stratoserver.net /public_html/images start_team_partner-a.gif
2008.06.27 19:56 B K:\sicherung_webserver_h10__072008\berti-golf.de\public_html\images\start_team_partner.gif --> bertigolfde.h1403220.stratoserver.net /public_html/images start_team_partner.gif
2008.06.27 19:56 B K:\sicherung_webserver_h10__072008\berti-golf.de\public_html\images\start_teaser.jpg --> bertigolfde.h1403220.stratoserver.net /public_html/images start_teaser.jpg
2008.06.27 19:56 B K:\sicherung_webserver_h10__072008\berti-golf.de\public_html\images\Thumbs.db --> bertigolfde.h1403220.stratoserver.net /public_html/images Thumbs.db
2008.06.27 19:56 B K:\sicherung_webserver_h10__072008\berti-golf.de\public_html\images\unterschrift.gif --> bertigolfde.h1403220.stratoserver.net /public_html/images unterschrift.gif
2009.05.01 07:26 B Z:\home\Berti\public_html\www.berti-golf.de\images\WS_FTP.LOG <-- bertigolfde.h1403220.stratoserver.net /public_html/images WS_FTP.LOG
2009.05.03 22:51 B Z:\home\Berti\public_html\www.berti-golf.de\images\WS_FTP.LOG --> www.berti-golf.de /httpdocs/images WS_FTP.LOG
2009.05.04 01:44 B Z:\home\Berti\public_html\www.berti-golf.de\images\1x1_476c8b.gif --> www.berti-golf.de /httpdocs/images 1x1_476c8b.gif
2009.05.04 01:44 B Z:\home\Berti\public_html\www.berti-golf.de\images\1x1_ffffff.gif --> www.berti-golf.de /httpdocs/images 1x1_ffffff.gif
2009.05.04 01:44 B Z:\home\Berti\public_html\www.berti-golf.de\images\1x1_trans.gif --> www.berti-golf.de /httpdocs/images 1x1_trans.gif
2009.05.04 01:44 B Z:\home\Berti\public_html\www.berti-golf.de\images\elegant.gif --> www.berti-golf.de /httpdocs/images elegant.gif
2009.05.04 01:44 B Z:\home\Berti\public_html\www.berti-golf.de\images\klassik.gif --> www.berti-golf.de /httpdocs/images klassik.gif
2009.05.04 01:44 B Z:\home\Berti\public_html\www.berti-golf.de\images\logo.gif --> www.berti-golf.de /httpdocs/images logo.gif
2009.05.04 01:44 B Z:\home\Berti\public_html\www.berti-golf.de\images\menu_kontakt-a.gif --> www.berti-golf.de /httpdocs/images menu_kontakt-a.gif
2009.05.04 01:44 B Z:\home\Berti\public_html\www.berti-golf.de\images\menu_kontakt.gif --> www.berti-golf.de /httpdocs/images menu_kontakt.gif
2009.05.04 01:44 B Z:\home\Berti\public_html\www.berti-golf.de\images\menu_leistungen-a.gif --> www.berti-golf.de /httpdocs/images menu_leistungen-a.gif
2009.05.04 01:44 B Z:\home\Berti\public_html\www.berti-golf.de\images\menu_leistungen.gif --> www.berti-golf.de /httpdocs/images menu_leistungen.gif
2009.05.04 01:44 B Z:\home\Berti\public_html\www.berti-golf.de\images\menu_login.gif --> www.berti-golf.de /httpdocs/images menu_login.gif
2009.05.04 01:44 B Z:\home\Berti\public_html\www.berti-golf.de\images\menu_referenzen-a.gif --> www.berti-golf.de /httpdocs/images menu_referenzen-a.gif
2009.05.04 01:44 B Z:\home\Berti\public_html\www.berti-golf.de\images\menu_referenzen.gif --> www.berti-golf.de /httpdocs/images menu_referenzen.gif
2009.05.04 01:44 B Z:\home\Berti\public_html\www.berti-golf.de\images\menu_team_partner-a.gif --> www.berti-golf.de /httpdocs/images menu_team_partner-a.gif
2009.05.04 01:44 B Z:\home\Berti\public_html\www.berti-golf.de\images\menu_team_partner.gif --> www.berti-golf.de /httpdocs/images menu_team_partner.gif
2009.05.04 01:44 B Z:\home\Berti\public_html\www.berti-golf.de\images\modern.gif --> www.berti-golf.de /httpdocs/images modern.gif
2009.05.04 01:44 B Z:\home\Berti\public_html\www.berti-golf.de\images\start_arms.gif --> www.berti-golf.de /httpdocs/images start_arms.gif
2009.05.04 01:44 B Z:\home\Berti\public_html\www.berti-golf.de\images\start_bild.jpg --> www.berti-golf.de /httpdocs/images start_bild.jpg
2009.05.04 01:44 B Z:\home\Berti\public_html\www.berti-golf.de\images\start_kontakt-a.gif --> www.berti-golf.de /httpdocs/images start_kontakt-a.gif
2009.05.04 01:44 B Z:\home\Berti\public_html\www.berti-golf.de\images\start_kontakt.gif --> www.berti-golf.de /httpdocs/images start_kontakt.gif
2009.05.04 01:44 B Z:\home\Berti\public_html\www.berti-golf.de\images\start_leistungen-a.gif --> www.berti-golf.de /httpdocs/images start_leistungen-a.gif
2009.05.04 01:44 B Z:\home\Berti\public_html\www.berti-golf.de\images\start_leistungen.gif --> www.berti-golf.de /httpdocs/images start_leistungen.gif
2009.05.04 01:44 B Z:\home\Berti\public_html\www.berti-golf.de\images\start_login.gif --> www.berti-golf.de /httpdocs/images start_login.gif
2009.05.04 01:44 B Z:\home\Berti\public_html\www.berti-golf.de\images\start_logo.gif --> www.berti-golf.de /httpdocs/images start_logo.gif
2009.05.04 01:44 B Z:\home\Berti\public_html\www.berti-golf.de\images\start_referenzen-a.gif --> www.berti-golf.de /httpdocs/images start_referenzen-a.gif
2009.05.04 01:44 B Z:\home\Berti\public_html\www.berti-golf.de\images\start_referenzen.gif --> www.berti-golf.de /httpdocs/images start_referenzen.gif
2009.05.04 01:44 B Z:\home\Berti\public_html\www.berti-golf.de\images\start_team_partner-a.gif --> www.berti-golf.de /httpdocs/images start_team_partner-a.gif
2009.05.04 01:44 B Z:\home\Berti\public_html\www.berti-golf.de\images\start_team_partner.gif --> www.berti-golf.de /httpdocs/images start_team_partner.gif
2009.05.04 01:44 B Z:\home\Berti\public_html\www.berti-golf.de\images\start_teaser.jpg --> www.berti-golf.de /httpdocs/images start_teaser.jpg
2009.05.04 01:44 B Z:\home\Berti\public_html\www.berti-golf.de\images\Thumbs.db --> www.berti-golf.de /httpdocs/images Thumbs.db
2009.05.04 01:44 B Z:\home\Berti\public_html\www.berti-golf.de\images\unterschrift.gif --> www.berti-golf.de /httpdocs/images unterschrift.gif
2009.05.04 01:44 B Z:\home\Berti\public_html\www.berti-golf.de\images\WS_FTP.LOG --> www.berti-golf.de /httpdocs/images WS_FTP.LOG
2009.12.08 18:13 B Z:\home\Berti\public_html\www.berti-golf.de\images\1x1_476c8b.gif --> h1667152.stratoserver.net /httpdocs/images 1x1_476c8b.gif
2009.12.08 18:13 B Z:\home\Berti\public_html\www.berti-golf.de\images\1x1_ffffff.gif --> h1667152.stratoserver.net /httpdocs/images 1x1_ffffff.gif
2009.12.08 18:13 B Z:\home\Berti\public_html\www.berti-golf.de\images\1x1_trans.gif --> h1667152.stratoserver.net /httpdocs/images 1x1_trans.gif
2009.12.08 18:13 B Z:\home\Berti\public_html\www.berti-golf.de\images\elegant.gif --> h1667152.stratoserver.net /httpdocs/images elegant.gif
2009.12.08 18:13 B Z:\home\Berti\public_html\www.berti-golf.de\images\klassik.gif --> h1667152.stratoserver.net /httpdocs/images klassik.gif
2009.12.08 18:13 B Z:\home\Berti\public_html\www.berti-golf.de\images\logo.gif --> h1667152.stratoserver.net /httpdocs/images logo.gif
2009.12.08 18:13 B Z:\home\Berti\public_html\www.berti-golf.de\images\menu_kontakt-a.gif --> h1667152.stratoserver.net /httpdocs/images menu_kontakt-a.gif
2009.12.08 18:13 B Z:\home\Berti\public_html\www.berti-golf.de\images\menu_kontakt.gif --> h1667152.stratoserver.net /httpdocs/images menu_kontakt.gif
2009.12.08 18:13 B Z:\home\Berti\public_html\www.berti-golf.de\images\menu_leistungen-a.gif --> h1667152.stratoserver.net /httpdocs/images menu_leistungen-a.gif
2009.12.08 18:13 B Z:\home\Berti\public_html\www.berti-golf.de\images\menu_leistungen.gif --> h1667152.stratoserver.net /httpdocs/images menu_leistungen.gif
2009.12.08 18:13 B Z:\home\Berti\public_html\www.berti-golf.de\images\menu_login.gif --> h1667152.stratoserver.net /httpdocs/images menu_login.gif
2009.12.08 18:13 B Z:\home\Berti\public_html\www.berti-golf.de\images\menu_referenzen-a.gif --> h1667152.stratoserver.net /httpdocs/images menu_referenzen-a.gif
2009.12.08 18:13 B Z:\home\Berti\public_html\www.berti-golf.de\images\menu_referenzen.gif --> h1667152.stratoserver.net /httpdocs/images menu_referenzen.gif
2009.12.08 18:13 B Z:\home\Berti\public_html\www.berti-golf.de\images\menu_team_partner-a.gif --> h1667152.stratoserver.net /httpdocs/images menu_team_partner-a.gif
2009.12.08 18:13 B Z:\home\Berti\public_html\www.berti-golf.de\images\menu_team_partner.gif --> h1667152.stratoserver.net /httpdocs/images menu_team_partner.gif
2009.12.08 18:13 B Z:\home\Berti\public_html\www.berti-golf.de\images\modern.gif --> h1667152.stratoserver.net /httpdocs/images modern.gif
2009.12.08 18:13 B Z:\home\Berti\public_html\www.berti-golf.de\images\start_arms.gif --> h1667152.stratoserver.net /httpdocs/images start_arms.gif
2009.12.08 18:13 B Z:\home\Berti\public_html\www.berti-golf.de\images\start_bild.jpg --> h1667152.stratoserver.net /httpdocs/images start_bild.jpg
2009.12.08 18:13 B Z:\home\Berti\public_html\www.berti-golf.de\images\start_kontakt-a.gif --> h1667152.stratoserver.net /httpdocs/images start_kontakt-a.gif
2009.12.08 18:13 B Z:\home\Berti\public_html\www.berti-golf.de\images\start_kontakt.gif --> h1667152.stratoserver.net /httpdocs/images start_kontakt.gif
2009.12.08 18:13 B Z:\home\Berti\public_html\www.berti-golf.de\images\start_leistungen-a.gif --> h1667152.stratoserver.net /httpdocs/images start_leistungen-a.gif
2009.12.08 18:13 B Z:\home\Berti\public_html\www.berti-golf.de\images\start_leistungen.gif --> h1667152.stratoserver.net /httpdocs/images start_leistungen.gif
2009.12.08 18:13 B Z:\home\Berti\public_html\www.berti-golf.de\images\start_login.gif --> h1667152.stratoserver.net /httpdocs/images start_login.gif
2009.12.08 18:13 B Z:\home\Berti\public_html\www.berti-golf.de\images\start_logo.gif --> h1667152.stratoserver.net /httpdocs/images start_logo.gif
2009.12.08 18:13 B Z:\home\Berti\public_html\www.berti-golf.de\images\start_referenzen-a.gif --> h1667152.stratoserver.net /httpdocs/images start_referenzen-a.gif
2009.12.08 18:13 B Z:\home\Berti\public_html\www.berti-golf.de\images\start_referenzen.gif --> h1667152.stratoserver.net /httpdocs/images start_referenzen.gif
2009.12.08 18:13 B Z:\home\Berti\public_html\www.berti-golf.de\images\start_team_partner-a.gif --> h1667152.stratoserver.net /httpdocs/images start_team_partner-a.gif
2009.12.08 18:13 B Z:\home\Berti\public_html\www.berti-golf.de\images\start_team_partner.gif --> h1667152.stratoserver.net /httpdocs/images start_team_partner.gif
2009.12.08 18:13 B Z:\home\Berti\public_html\www.berti-golf.de\images\start_teaser.jpg --> h1667152.stratoserver.net /httpdocs/images start_teaser.jpg
2009.12.08 18:13 B Z:\home\Berti\public_html\www.berti-golf.de\images\Thumbs.db --> h1667152.stratoserver.net /httpdocs/images Thumbs.db
2009.12.08 18:13 B Z:\home\Berti\public_html\www.berti-golf.de\images\unterschrift.gif --> h1667152.stratoserver.net /httpdocs/images unterschrift.gif
