2000.06.11 21:47 B c:\FrontPage Webs\Content\bertichile\weltliga\argentina1_tn.jpg --> www.golf-net.de /bertichile/weltliga argentina1_tn.jpg
2000.06.11 21:47 B c:\FrontPage Webs\Content\bertichile\weltliga\argentina_tn.jpg --> www.golf-net.de /bertichile/weltliga argentina_tn.jpg
2000.06.11 21:47 B c:\FrontPage Webs\Content\bertichile\weltliga\einspielen4_tn.jpg --> www.golf-net.de /bertichile/weltliga einspielen4_tn.jpg
2000.06.11 21:47 B c:\FrontPage Webs\Content\bertichile\weltliga\einspielen_tn.jpg --> www.golf-net.de /bertichile/weltliga einspielen_tn.jpg
2000.06.11 21:48 B c:\FrontPage Webs\Content\bertichile\weltliga\ita-a1_tn.jpg --> www.golf-net.de /bertichile/weltliga ita-a1_tn.jpg
2000.06.11 21:48 B c:\FrontPage Webs\Content\bertichile\weltliga\italia1_tn.jpg --> www.golf-net.de /bertichile/weltliga italia1_tn.jpg
2000.06.11 21:49 B c:\FrontPage Webs\Content\bertichile\weltliga\italia3_tn.jpg --> www.golf-net.de /bertichile/weltliga italia3_tn.jpg
2000.06.11 21:49 B c:\FrontPage Webs\Content\bertichile\weltliga\italia_tn.jpg --> www.golf-net.de /bertichile/weltliga italia_tn.jpg
2000.06.11 21:49 B c:\FrontPage Webs\Content\bertichile\weltliga\lunapark2_tn.jpg --> www.golf-net.de /bertichile/weltliga lunapark2_tn.jpg
2000.06.11 21:49 B c:\FrontPage Webs\Content\bertichile\weltliga\lunapark_tn.jpg --> www.golf-net.de /bertichile/weltliga lunapark_tn.jpg
2000.06.11 21:49 B c:\FrontPage Webs\Content\bertichile\weltliga\scene1_tn.jpg --> www.golf-net.de /bertichile/weltliga scene1_tn.jpg
2000.06.11 21:49 B c:\FrontPage Webs\Content\bertichile\weltliga\scene2_tn.jpg --> www.golf-net.de /bertichile/weltliga scene2_tn.jpg
2000.06.11 21:50 B c:\FrontPage Webs\Content\bertichile\weltliga\scene3_tn.jpg --> www.golf-net.de /bertichile/weltliga scene3_tn.jpg
2000.06.11 21:50 A c:\FrontPage Webs\Content\bertichile\weltliga\weltliga.html --> www.golf-net.de /bertichile/weltliga weltliga.html
2000.06.11 21:56 B c:\FrontPage Webs\Content\bertichile\weltliga\italia1.jpg --> www.golf-net.de /bertichile/weltliga italia1.jpg
2000.06.11 22:02 B c:\FrontPage Webs\Content\bertichile\weltliga\lunapark.jpg --> www.golf-net.de /bertichile/weltliga lunapark.jpg
2000.06.11 22:07 B c:\FrontPage Webs\Content\bertichile\weltliga\argentina1.jpg --> www.golf-net.de /bertichile/weltliga argentina1.jpg
2000.06.11 22:15 B c:\FrontPage Webs\Content\bertichile\weltliga\lunapark2.jpg --> www.golf-net.de /bertichile/weltliga lunapark2.jpg
2000.06.11 22:19 B c:\FrontPage Webs\Content\bertichile\weltliga\italia3.jpg --> www.golf-net.de /bertichile/weltliga italia3.jpg
2000.06.11 22:31 B c:\FrontPage Webs\Content\bertichile\weltliga\einspielen4.jpg --> www.golf-net.de /bertichile/weltliga einspielen4.jpg
2000.06.11 22:41 B c:\FrontPage Webs\Content\bertichile\weltliga\einspielen.jpg --> www.golf-net.de /bertichile/weltliga einspielen.jpg
2000.06.12 06:49 B c:\FrontPage Webs\Content\bertichile\weltliga\argentina.jpg --> www.golf-net.de /bertichile/weltliga argentina.jpg
2000.06.12 06:49 B c:\FrontPage Webs\Content\bertichile\weltliga\scene3.jpg --> www.golf-net.de /bertichile/weltliga scene3.jpg
2000.06.12 06:59 B c:\FrontPage Webs\Content\bertichile\weltliga\mov00042.mpg --> www.golf-net.de /bertichile/weltliga mov00042.mpg
2000.06.12 07:09 B c:\FrontPage Webs\Content\bertichile\weltliga\mov00043.mpg --> www.golf-net.de /bertichile/weltliga mov00043.mpg
2008.06.27 16:46 B K:\sicherung_webserver_h10__072008\berti-golf.de\public_html\bertichile\weltliga\WS_FTP.LOG <-- www.berti-golf.de /public_html/bertichile/weltliga WS_FTP.LOG
2008.06.27 19:38 B K:\sicherung_webserver_h10__072008\berti-golf.de\public_html\bertichile\weltliga\argentina.jpg --> bertigolfde.h1403220.stratoserver.net /public_html/bertichile/weltliga argentina.jpg
2008.06.27 19:38 B K:\sicherung_webserver_h10__072008\berti-golf.de\public_html\bertichile\weltliga\argentina1.jpg --> bertigolfde.h1403220.stratoserver.net /public_html/bertichile/weltliga argentina1.jpg
2008.06.27 19:38 B K:\sicherung_webserver_h10__072008\berti-golf.de\public_html\bertichile\weltliga\argentina1_tn.jpg --> bertigolfde.h1403220.stratoserver.net /public_html/bertichile/weltliga argentina1_tn.jpg
2008.06.27 19:38 B K:\sicherung_webserver_h10__072008\berti-golf.de\public_html\bertichile\weltliga\argentina_tn.jpg --> bertigolfde.h1403220.stratoserver.net /public_html/bertichile/weltliga argentina_tn.jpg
2008.06.27 19:38 B K:\sicherung_webserver_h10__072008\berti-golf.de\public_html\bertichile\weltliga\einspielen.jpg --> bertigolfde.h1403220.stratoserver.net /public_html/bertichile/weltliga einspielen.jpg
2008.06.27 19:38 B K:\sicherung_webserver_h10__072008\berti-golf.de\public_html\bertichile\weltliga\einspielen4.jpg --> bertigolfde.h1403220.stratoserver.net /public_html/bertichile/weltliga einspielen4.jpg
2008.06.27 19:38 B K:\sicherung_webserver_h10__072008\berti-golf.de\public_html\bertichile\weltliga\einspielen4_tn.jpg --> bertigolfde.h1403220.stratoserver.net /public_html/bertichile/weltliga einspielen4_tn.jpg
2008.06.27 19:38 B K:\sicherung_webserver_h10__072008\berti-golf.de\public_html\bertichile\weltliga\einspielen_tn.jpg --> bertigolfde.h1403220.stratoserver.net /public_html/bertichile/weltliga einspielen_tn.jpg
2008.06.27 19:39 B K:\sicherung_webserver_h10__072008\berti-golf.de\public_html\bertichile\weltliga\ita-a1.jpg --> bertigolfde.h1403220.stratoserver.net /public_html/bertichile/weltliga ita-a1.jpg
2008.06.27 19:39 B K:\sicherung_webserver_h10__072008\berti-golf.de\public_html\bertichile\weltliga\ita-a1_tn.jpg --> bertigolfde.h1403220.stratoserver.net /public_html/bertichile/weltliga ita-a1_tn.jpg
2008.06.27 19:39 B K:\sicherung_webserver_h10__072008\berti-golf.de\public_html\bertichile\weltliga\italia.jpg --> bertigolfde.h1403220.stratoserver.net /public_html/bertichile/weltliga italia.jpg
2008.06.27 19:39 B K:\sicherung_webserver_h10__072008\berti-golf.de\public_html\bertichile\weltliga\italia1.jpg --> bertigolfde.h1403220.stratoserver.net /public_html/bertichile/weltliga italia1.jpg
2008.06.27 19:39 B K:\sicherung_webserver_h10__072008\berti-golf.de\public_html\bertichile\weltliga\italia1_tn.jpg --> bertigolfde.h1403220.stratoserver.net /public_html/bertichile/weltliga italia1_tn.jpg
2008.06.27 19:39 B K:\sicherung_webserver_h10__072008\berti-golf.de\public_html\bertichile\weltliga\italia3.jpg --> bertigolfde.h1403220.stratoserver.net /public_html/bertichile/weltliga italia3.jpg
2008.06.27 19:39 B K:\sicherung_webserver_h10__072008\berti-golf.de\public_html\bertichile\weltliga\italia3_tn.jpg --> bertigolfde.h1403220.stratoserver.net /public_html/bertichile/weltliga italia3_tn.jpg
2008.06.27 19:39 B K:\sicherung_webserver_h10__072008\berti-golf.de\public_html\bertichile\weltliga\italia_tn.jpg --> bertigolfde.h1403220.stratoserver.net /public_html/bertichile/weltliga italia_tn.jpg
2008.06.27 19:39 B K:\sicherung_webserver_h10__072008\berti-golf.de\public_html\bertichile\weltliga\lunapark.jpg --> bertigolfde.h1403220.stratoserver.net /public_html/bertichile/weltliga lunapark.jpg
2008.06.27 19:39 B K:\sicherung_webserver_h10__072008\berti-golf.de\public_html\bertichile\weltliga\lunapark2.jpg --> bertigolfde.h1403220.stratoserver.net /public_html/bertichile/weltliga lunapark2.jpg
2008.06.27 19:39 B K:\sicherung_webserver_h10__072008\berti-golf.de\public_html\bertichile\weltliga\lunapark2_tn.jpg --> bertigolfde.h1403220.stratoserver.net /public_html/bertichile/weltliga lunapark2_tn.jpg
2008.06.27 19:39 B K:\sicherung_webserver_h10__072008\berti-golf.de\public_html\bertichile\weltliga\lunapark_tn.jpg --> bertigolfde.h1403220.stratoserver.net /public_html/bertichile/weltliga lunapark_tn.jpg
2008.06.27 19:39 B K:\sicherung_webserver_h10__072008\berti-golf.de\public_html\bertichile\weltliga\mov00042.mpg --> bertigolfde.h1403220.stratoserver.net /public_html/bertichile/weltliga mov00042.mpg
2008.06.27 19:40 B K:\sicherung_webserver_h10__072008\berti-golf.de\public_html\bertichile\weltliga\mov00043.mpg --> bertigolfde.h1403220.stratoserver.net /public_html/bertichile/weltliga mov00043.mpg
2008.06.27 19:40 B K:\sicherung_webserver_h10__072008\berti-golf.de\public_html\bertichile\weltliga\scene1.jpg --> bertigolfde.h1403220.stratoserver.net /public_html/bertichile/weltliga scene1.jpg
2008.06.27 19:40 B K:\sicherung_webserver_h10__072008\berti-golf.de\public_html\bertichile\weltliga\scene1_tn.jpg --> bertigolfde.h1403220.stratoserver.net /public_html/bertichile/weltliga scene1_tn.jpg
2008.06.27 19:40 B K:\sicherung_webserver_h10__072008\berti-golf.de\public_html\bertichile\weltliga\scene2.jpg --> bertigolfde.h1403220.stratoserver.net /public_html/bertichile/weltliga scene2.jpg
2008.06.27 19:40 B K:\sicherung_webserver_h10__072008\berti-golf.de\public_html\bertichile\weltliga\scene2_tn.jpg --> bertigolfde.h1403220.stratoserver.net /public_html/bertichile/weltliga scene2_tn.jpg
2008.06.27 19:40 B K:\sicherung_webserver_h10__072008\berti-golf.de\public_html\bertichile\weltliga\scene3.jpg --> bertigolfde.h1403220.stratoserver.net /public_html/bertichile/weltliga scene3.jpg
2008.06.27 19:40 B K:\sicherung_webserver_h10__072008\berti-golf.de\public_html\bertichile\weltliga\scene3_tn.jpg --> bertigolfde.h1403220.stratoserver.net /public_html/bertichile/weltliga scene3_tn.jpg
2008.06.27 19:40 B K:\sicherung_webserver_h10__072008\berti-golf.de\public_html\bertichile\weltliga\weltliga.html --> bertigolfde.h1403220.stratoserver.net /public_html/bertichile/weltliga weltliga.html
2009.05.01 07:25 B Z:\home\Berti\public_html\www.berti-golf.de\bertichile\weltliga\WS_FTP.LOG <-- bertigolfde.h1403220.stratoserver.net /public_html/bertichile/weltliga WS_FTP.LOG
2009.12.08 18:11 B Z:\home\Berti\public_html\www.berti-golf.de\bertichile\weltliga\argentina.jpg --> h1667152.stratoserver.net /httpdocs/bertichile/weltliga argentina.jpg
2009.12.08 18:11 B Z:\home\Berti\public_html\www.berti-golf.de\bertichile\weltliga\argentina1.jpg --> h1667152.stratoserver.net /httpdocs/bertichile/weltliga argentina1.jpg
2009.12.08 18:11 B Z:\home\Berti\public_html\www.berti-golf.de\bertichile\weltliga\argentina1_tn.jpg --> h1667152.stratoserver.net /httpdocs/bertichile/weltliga argentina1_tn.jpg
2009.12.08 18:11 B Z:\home\Berti\public_html\www.berti-golf.de\bertichile\weltliga\argentina_tn.jpg --> h1667152.stratoserver.net /httpdocs/bertichile/weltliga argentina_tn.jpg
2009.12.08 18:11 B Z:\home\Berti\public_html\www.berti-golf.de\bertichile\weltliga\einspielen.jpg --> h1667152.stratoserver.net /httpdocs/bertichile/weltliga einspielen.jpg
2009.12.08 18:11 B Z:\home\Berti\public_html\www.berti-golf.de\bertichile\weltliga\einspielen4.jpg --> h1667152.stratoserver.net /httpdocs/bertichile/weltliga einspielen4.jpg
2009.12.08 18:11 B Z:\home\Berti\public_html\www.berti-golf.de\bertichile\weltliga\einspielen4_tn.jpg --> h1667152.stratoserver.net /httpdocs/bertichile/weltliga einspielen4_tn.jpg
2009.12.08 18:11 B Z:\home\Berti\public_html\www.berti-golf.de\bertichile\weltliga\einspielen_tn.jpg --> h1667152.stratoserver.net /httpdocs/bertichile/weltliga einspielen_tn.jpg
2009.12.08 18:11 B Z:\home\Berti\public_html\www.berti-golf.de\bertichile\weltliga\ita-a1.jpg --> h1667152.stratoserver.net /httpdocs/bertichile/weltliga ita-a1.jpg
2009.12.08 18:11 B Z:\home\Berti\public_html\www.berti-golf.de\bertichile\weltliga\ita-a1_tn.jpg --> h1667152.stratoserver.net /httpdocs/bertichile/weltliga ita-a1_tn.jpg
2009.12.08 18:11 B Z:\home\Berti\public_html\www.berti-golf.de\bertichile\weltliga\italia.jpg --> h1667152.stratoserver.net /httpdocs/bertichile/weltliga italia.jpg
2009.12.08 18:11 B Z:\home\Berti\public_html\www.berti-golf.de\bertichile\weltliga\italia1.jpg --> h1667152.stratoserver.net /httpdocs/bertichile/weltliga italia1.jpg
2009.12.08 18:11 B Z:\home\Berti\public_html\www.berti-golf.de\bertichile\weltliga\italia1_tn.jpg --> h1667152.stratoserver.net /httpdocs/bertichile/weltliga italia1_tn.jpg
2009.12.08 18:11 B Z:\home\Berti\public_html\www.berti-golf.de\bertichile\weltliga\italia3.jpg --> h1667152.stratoserver.net /httpdocs/bertichile/weltliga italia3.jpg
2009.12.08 18:11 B Z:\home\Berti\public_html\www.berti-golf.de\bertichile\weltliga\italia3_tn.jpg --> h1667152.stratoserver.net /httpdocs/bertichile/weltliga italia3_tn.jpg
2009.12.08 18:11 B Z:\home\Berti\public_html\www.berti-golf.de\bertichile\weltliga\italia_tn.jpg --> h1667152.stratoserver.net /httpdocs/bertichile/weltliga italia_tn.jpg
2009.12.08 18:11 B Z:\home\Berti\public_html\www.berti-golf.de\bertichile\weltliga\lunapark.jpg --> h1667152.stratoserver.net /httpdocs/bertichile/weltliga lunapark.jpg
2009.12.08 18:11 B Z:\home\Berti\public_html\www.berti-golf.de\bertichile\weltliga\lunapark2.jpg --> h1667152.stratoserver.net /httpdocs/bertichile/weltliga lunapark2.jpg
2009.12.08 18:11 B Z:\home\Berti\public_html\www.berti-golf.de\bertichile\weltliga\lunapark2_tn.jpg --> h1667152.stratoserver.net /httpdocs/bertichile/weltliga lunapark2_tn.jpg
2009.12.08 18:11 B Z:\home\Berti\public_html\www.berti-golf.de\bertichile\weltliga\lunapark_tn.jpg --> h1667152.stratoserver.net /httpdocs/bertichile/weltliga lunapark_tn.jpg
2009.12.08 18:11 B Z:\home\Berti\public_html\www.berti-golf.de\bertichile\weltliga\mov00042.mpg --> h1667152.stratoserver.net /httpdocs/bertichile/weltliga mov00042.mpg
2009.12.08 18:11 B Z:\home\Berti\public_html\www.berti-golf.de\bertichile\weltliga\mov00043.mpg --> h1667152.stratoserver.net /httpdocs/bertichile/weltliga mov00043.mpg
2009.12.08 18:11 B Z:\home\Berti\public_html\www.berti-golf.de\bertichile\weltliga\scene1.jpg --> h1667152.stratoserver.net /httpdocs/bertichile/weltliga scene1.jpg
2009.12.08 18:11 B Z:\home\Berti\public_html\www.berti-golf.de\bertichile\weltliga\scene1_tn.jpg --> h1667152.stratoserver.net /httpdocs/bertichile/weltliga scene1_tn.jpg
2009.12.08 18:11 B Z:\home\Berti\public_html\www.berti-golf.de\bertichile\weltliga\scene2.jpg --> h1667152.stratoserver.net /httpdocs/bertichile/weltliga scene2.jpg
2009.12.08 18:11 B Z:\home\Berti\public_html\www.berti-golf.de\bertichile\weltliga\scene2_tn.jpg --> h1667152.stratoserver.net /httpdocs/bertichile/weltliga scene2_tn.jpg
2009.12.08 18:11 B Z:\home\Berti\public_html\www.berti-golf.de\bertichile\weltliga\scene3.jpg --> h1667152.stratoserver.net /httpdocs/bertichile/weltliga scene3.jpg
2009.12.08 18:11 B Z:\home\Berti\public_html\www.berti-golf.de\bertichile\weltliga\scene3_tn.jpg --> h1667152.stratoserver.net /httpdocs/bertichile/weltliga scene3_tn.jpg
2009.12.08 18:11 B Z:\home\Berti\public_html\www.berti-golf.de\bertichile\weltliga\weltliga.html --> h1667152.stratoserver.net /httpdocs/bertichile/weltliga weltliga.html
