2008.06.27 16:27 B K:\sicherung_webserver_h10__072008\berti-golf.de\public_html\bertichile\pescar\alejandro-pesca.jpg <-- www.berti-golf.de /public_html/bertichile/pescar alejandro-pesca.jpg
2008.06.27 16:27 B K:\sicherung_webserver_h10__072008\berti-golf.de\public_html\bertichile\pescar\alejandro-pesca_tn.jpg <-- www.berti-golf.de /public_html/bertichile/pescar alejandro-pesca_tn.jpg
2008.06.27 16:27 B K:\sicherung_webserver_h10__072008\berti-golf.de\public_html\bertichile\pescar\alex-pinte1.jpg <-- www.berti-golf.de /public_html/bertichile/pescar alex-pinte1.jpg
2008.06.27 16:27 B K:\sicherung_webserver_h10__072008\berti-golf.de\public_html\bertichile\pescar\alex-pinte1_tn.jpg <-- www.berti-golf.de /public_html/bertichile/pescar alex-pinte1_tn.jpg
2008.06.27 16:27 B K:\sicherung_webserver_h10__072008\berti-golf.de\public_html\bertichile\pescar\alex-pinte2.jpg <-- www.berti-golf.de /public_html/bertichile/pescar alex-pinte2.jpg
2008.06.27 16:27 B K:\sicherung_webserver_h10__072008\berti-golf.de\public_html\bertichile\pescar\alex-pinte2_tn.jpg <-- www.berti-golf.de /public_html/bertichile/pescar alex-pinte2_tn.jpg
2008.06.27 16:27 B K:\sicherung_webserver_h10__072008\berti-golf.de\public_html\bertichile\pescar\andres-duerme2.jpg <-- www.berti-golf.de /public_html/bertichile/pescar andres-duerme2.jpg
2008.06.27 16:27 B K:\sicherung_webserver_h10__072008\berti-golf.de\public_html\bertichile\pescar\andres-duerme2_tn.jpg <-- www.berti-golf.de /public_html/bertichile/pescar andres-duerme2_tn.jpg
2008.06.27 16:27 B K:\sicherung_webserver_h10__072008\berti-golf.de\public_html\bertichile\pescar\berti-auto.jpg <-- www.berti-golf.de /public_html/bertichile/pescar berti-auto.jpg
2008.06.27 16:27 B K:\sicherung_webserver_h10__072008\berti-golf.de\public_html\bertichile\pescar\berti-auto_tn.jpg <-- www.berti-golf.de /public_html/bertichile/pescar berti-auto_tn.jpg
2008.06.27 16:28 B K:\sicherung_webserver_h10__072008\berti-golf.de\public_html\bertichile\pescar\berti-con-pez.jpg <-- www.berti-golf.de /public_html/bertichile/pescar berti-con-pez.jpg
2008.06.27 16:28 B K:\sicherung_webserver_h10__072008\berti-golf.de\public_html\bertichile\pescar\berti-con-pez_tn.jpg <-- www.berti-golf.de /public_html/bertichile/pescar berti-con-pez_tn.jpg
2008.06.27 16:28 B K:\sicherung_webserver_h10__072008\berti-golf.de\public_html\bertichile\pescar\caballos1.jpg <-- www.berti-golf.de /public_html/bertichile/pescar caballos1.jpg
2008.06.27 16:28 B K:\sicherung_webserver_h10__072008\berti-golf.de\public_html\bertichile\pescar\caballos1_tn.jpg <-- www.berti-golf.de /public_html/bertichile/pescar caballos1_tn.jpg
2008.06.27 16:28 B K:\sicherung_webserver_h10__072008\berti-golf.de\public_html\bertichile\pescar\caballos2.jpg <-- www.berti-golf.de /public_html/bertichile/pescar caballos2.jpg
2008.06.27 16:28 B K:\sicherung_webserver_h10__072008\berti-golf.de\public_html\bertichile\pescar\caballos2_tn.jpg <-- www.berti-golf.de /public_html/bertichile/pescar caballos2_tn.jpg
2008.06.27 16:28 B K:\sicherung_webserver_h10__072008\berti-golf.de\public_html\bertichile\pescar\desayuno_tn.jpg <-- www.berti-golf.de /public_html/bertichile/pescar desayuno_tn.jpg
2008.06.27 16:28 B K:\sicherung_webserver_h10__072008\berti-golf.de\public_html\bertichile\pescar\jeep1.jpg <-- www.berti-golf.de /public_html/bertichile/pescar jeep1.jpg
2008.06.27 16:28 B K:\sicherung_webserver_h10__072008\berti-golf.de\public_html\bertichile\pescar\jeep1_tn.jpg <-- www.berti-golf.de /public_html/bertichile/pescar jeep1_tn.jpg
2008.06.27 16:28 B K:\sicherung_webserver_h10__072008\berti-golf.de\public_html\bertichile\pescar\jeep2.jpg <-- www.berti-golf.de /public_html/bertichile/pescar jeep2.jpg
2008.06.27 16:28 B K:\sicherung_webserver_h10__072008\berti-golf.de\public_html\bertichile\pescar\jeep2_tn.jpg <-- www.berti-golf.de /public_html/bertichile/pescar jeep2_tn.jpg
2008.06.27 16:28 B K:\sicherung_webserver_h10__072008\berti-golf.de\public_html\bertichile\pescar\papa-y-hijo.jpg <-- www.berti-golf.de /public_html/bertichile/pescar papa-y-hijo.jpg
2008.06.27 16:28 B K:\sicherung_webserver_h10__072008\berti-golf.de\public_html\bertichile\pescar\papa-y-hijo_tn.jpg <-- www.berti-golf.de /public_html/bertichile/pescar papa-y-hijo_tn.jpg
2008.06.27 16:28 B K:\sicherung_webserver_h10__072008\berti-golf.de\public_html\bertichile\pescar\pescar.html <-- www.berti-golf.de /public_html/bertichile/pescar pescar.html
2008.06.27 16:28 B K:\sicherung_webserver_h10__072008\berti-golf.de\public_html\bertichile\pescar\vista-con-pintura.jpg <-- www.berti-golf.de /public_html/bertichile/pescar vista-con-pintura.jpg
2008.06.27 16:28 B K:\sicherung_webserver_h10__072008\berti-golf.de\public_html\bertichile\pescar\vista-con-pintura_tn.jpg <-- www.berti-golf.de /public_html/bertichile/pescar vista-con-pintura_tn.jpg
2008.06.27 16:28 B K:\sicherung_webserver_h10__072008\berti-golf.de\public_html\bertichile\pescar\vista1.jpg <-- www.berti-golf.de /public_html/bertichile/pescar vista1.jpg
2008.06.27 16:28 B K:\sicherung_webserver_h10__072008\berti-golf.de\public_html\bertichile\pescar\vista1_tn.jpg <-- www.berti-golf.de /public_html/bertichile/pescar vista1_tn.jpg
2008.06.27 16:28 B K:\sicherung_webserver_h10__072008\berti-golf.de\public_html\bertichile\pescar\vista2.jpg <-- www.berti-golf.de /public_html/bertichile/pescar vista2.jpg
2008.06.27 16:28 B K:\sicherung_webserver_h10__072008\berti-golf.de\public_html\bertichile\pescar\vista2_tn.jpg <-- www.berti-golf.de /public_html/bertichile/pescar vista2_tn.jpg
2008.06.27 19:23 B K:\sicherung_webserver_h10__072008\berti-golf.de\public_html\bertichile\pescar\alejandro-pesca.jpg --> bertigolfde.h1403220.stratoserver.net /public_html/bertichile/pescar alejandro-pesca.jpg
2008.06.27 19:23 B K:\sicherung_webserver_h10__072008\berti-golf.de\public_html\bertichile\pescar\alejandro-pesca_tn.jpg --> bertigolfde.h1403220.stratoserver.net /public_html/bertichile/pescar alejandro-pesca_tn.jpg
2008.06.27 19:23 B K:\sicherung_webserver_h10__072008\berti-golf.de\public_html\bertichile\pescar\alex-pinte1.jpg --> bertigolfde.h1403220.stratoserver.net /public_html/bertichile/pescar alex-pinte1.jpg
2008.06.27 19:23 B K:\sicherung_webserver_h10__072008\berti-golf.de\public_html\bertichile\pescar\alex-pinte1_tn.jpg --> bertigolfde.h1403220.stratoserver.net /public_html/bertichile/pescar alex-pinte1_tn.jpg
2008.06.27 19:23 B K:\sicherung_webserver_h10__072008\berti-golf.de\public_html\bertichile\pescar\alex-pinte2.jpg --> bertigolfde.h1403220.stratoserver.net /public_html/bertichile/pescar alex-pinte2.jpg
2008.06.27 19:23 B K:\sicherung_webserver_h10__072008\berti-golf.de\public_html\bertichile\pescar\alex-pinte2_tn.jpg --> bertigolfde.h1403220.stratoserver.net /public_html/bertichile/pescar alex-pinte2_tn.jpg
2008.06.27 19:23 B K:\sicherung_webserver_h10__072008\berti-golf.de\public_html\bertichile\pescar\andres-duerme2.jpg --> bertigolfde.h1403220.stratoserver.net /public_html/bertichile/pescar andres-duerme2.jpg
2008.06.27 19:23 B K:\sicherung_webserver_h10__072008\berti-golf.de\public_html\bertichile\pescar\andres-duerme2_tn.jpg --> bertigolfde.h1403220.stratoserver.net /public_html/bertichile/pescar andres-duerme2_tn.jpg
2008.06.27 19:23 B K:\sicherung_webserver_h10__072008\berti-golf.de\public_html\bertichile\pescar\berti-auto.jpg --> bertigolfde.h1403220.stratoserver.net /public_html/bertichile/pescar berti-auto.jpg
2008.06.27 19:23 B K:\sicherung_webserver_h10__072008\berti-golf.de\public_html\bertichile\pescar\berti-auto_tn.jpg --> bertigolfde.h1403220.stratoserver.net /public_html/bertichile/pescar berti-auto_tn.jpg
2008.06.27 19:23 B K:\sicherung_webserver_h10__072008\berti-golf.de\public_html\bertichile\pescar\berti-con-pez.jpg --> bertigolfde.h1403220.stratoserver.net /public_html/bertichile/pescar berti-con-pez.jpg
2008.06.27 19:23 B K:\sicherung_webserver_h10__072008\berti-golf.de\public_html\bertichile\pescar\berti-con-pez_tn.jpg --> bertigolfde.h1403220.stratoserver.net /public_html/bertichile/pescar berti-con-pez_tn.jpg
2008.06.27 19:23 B K:\sicherung_webserver_h10__072008\berti-golf.de\public_html\bertichile\pescar\caballos1.jpg --> bertigolfde.h1403220.stratoserver.net /public_html/bertichile/pescar caballos1.jpg
2008.06.27 19:23 B K:\sicherung_webserver_h10__072008\berti-golf.de\public_html\bertichile\pescar\caballos1_tn.jpg --> bertigolfde.h1403220.stratoserver.net /public_html/bertichile/pescar caballos1_tn.jpg
2008.06.27 19:23 B K:\sicherung_webserver_h10__072008\berti-golf.de\public_html\bertichile\pescar\caballos2.jpg --> bertigolfde.h1403220.stratoserver.net /public_html/bertichile/pescar caballos2.jpg
2008.06.27 19:23 B K:\sicherung_webserver_h10__072008\berti-golf.de\public_html\bertichile\pescar\caballos2_tn.jpg --> bertigolfde.h1403220.stratoserver.net /public_html/bertichile/pescar caballos2_tn.jpg
2008.06.27 19:23 B K:\sicherung_webserver_h10__072008\berti-golf.de\public_html\bertichile\pescar\desayuno.jpg --> bertigolfde.h1403220.stratoserver.net /public_html/bertichile/pescar desayuno.jpg
2008.06.27 19:23 B K:\sicherung_webserver_h10__072008\berti-golf.de\public_html\bertichile\pescar\desayuno_tn.jpg --> bertigolfde.h1403220.stratoserver.net /public_html/bertichile/pescar desayuno_tn.jpg
2008.06.27 19:23 B K:\sicherung_webserver_h10__072008\berti-golf.de\public_html\bertichile\pescar\jeep1.jpg --> bertigolfde.h1403220.stratoserver.net /public_html/bertichile/pescar jeep1.jpg
2008.06.27 19:23 B K:\sicherung_webserver_h10__072008\berti-golf.de\public_html\bertichile\pescar\jeep1_tn.jpg --> bertigolfde.h1403220.stratoserver.net /public_html/bertichile/pescar jeep1_tn.jpg
2008.06.27 19:23 B K:\sicherung_webserver_h10__072008\berti-golf.de\public_html\bertichile\pescar\jeep2.jpg --> bertigolfde.h1403220.stratoserver.net /public_html/bertichile/pescar jeep2.jpg
2008.06.27 19:23 B K:\sicherung_webserver_h10__072008\berti-golf.de\public_html\bertichile\pescar\jeep2_tn.jpg --> bertigolfde.h1403220.stratoserver.net /public_html/bertichile/pescar jeep2_tn.jpg
2008.06.27 19:23 B K:\sicherung_webserver_h10__072008\berti-golf.de\public_html\bertichile\pescar\papa-y-hijo.jpg --> bertigolfde.h1403220.stratoserver.net /public_html/bertichile/pescar papa-y-hijo.jpg
2008.06.27 19:23 B K:\sicherung_webserver_h10__072008\berti-golf.de\public_html\bertichile\pescar\papa-y-hijo_tn.jpg --> bertigolfde.h1403220.stratoserver.net /public_html/bertichile/pescar papa-y-hijo_tn.jpg
2008.06.27 19:23 B K:\sicherung_webserver_h10__072008\berti-golf.de\public_html\bertichile\pescar\pescar.html --> bertigolfde.h1403220.stratoserver.net /public_html/bertichile/pescar pescar.html
2008.06.27 19:23 B K:\sicherung_webserver_h10__072008\berti-golf.de\public_html\bertichile\pescar\vista-con-pintura.jpg --> bertigolfde.h1403220.stratoserver.net /public_html/bertichile/pescar vista-con-pintura.jpg
2008.06.27 19:23 B K:\sicherung_webserver_h10__072008\berti-golf.de\public_html\bertichile\pescar\vista-con-pintura_tn.jpg --> bertigolfde.h1403220.stratoserver.net /public_html/bertichile/pescar vista-con-pintura_tn.jpg
2008.06.27 19:23 B K:\sicherung_webserver_h10__072008\berti-golf.de\public_html\bertichile\pescar\vista1.jpg --> bertigolfde.h1403220.stratoserver.net /public_html/bertichile/pescar vista1.jpg
2008.06.27 19:23 B K:\sicherung_webserver_h10__072008\berti-golf.de\public_html\bertichile\pescar\vista1_tn.jpg --> bertigolfde.h1403220.stratoserver.net /public_html/bertichile/pescar vista1_tn.jpg
2008.06.27 19:23 B K:\sicherung_webserver_h10__072008\berti-golf.de\public_html\bertichile\pescar\vista2.jpg --> bertigolfde.h1403220.stratoserver.net /public_html/bertichile/pescar vista2.jpg
2008.06.27 19:23 B K:\sicherung_webserver_h10__072008\berti-golf.de\public_html\bertichile\pescar\vista2_tn.jpg --> bertigolfde.h1403220.stratoserver.net /public_html/bertichile/pescar vista2_tn.jpg
2009.05.01 07:18 B Z:\home\Berti\public_html\www.berti-golf.de\bertichile\pescar\WS_FTP.LOG <-- bertigolfde.h1403220.stratoserver.net /public_html/bertichile/pescar WS_FTP.LOG
2009.12.08 18:03 B Z:\home\Berti\public_html\www.berti-golf.de\bertichile\pescar\alejandro-pesca.jpg --> h1667152.stratoserver.net /httpdocs/bertichile/pescar alejandro-pesca.jpg
2009.12.08 18:03 B Z:\home\Berti\public_html\www.berti-golf.de\bertichile\pescar\alejandro-pesca_tn.jpg --> h1667152.stratoserver.net /httpdocs/bertichile/pescar alejandro-pesca_tn.jpg
2009.12.08 18:03 B Z:\home\Berti\public_html\www.berti-golf.de\bertichile\pescar\alex-pinte1.jpg --> h1667152.stratoserver.net /httpdocs/bertichile/pescar alex-pinte1.jpg
2009.12.08 18:03 B Z:\home\Berti\public_html\www.berti-golf.de\bertichile\pescar\alex-pinte1_tn.jpg --> h1667152.stratoserver.net /httpdocs/bertichile/pescar alex-pinte1_tn.jpg
2009.12.08 18:03 B Z:\home\Berti\public_html\www.berti-golf.de\bertichile\pescar\alex-pinte2.jpg --> h1667152.stratoserver.net /httpdocs/bertichile/pescar alex-pinte2.jpg
2009.12.08 18:03 B Z:\home\Berti\public_html\www.berti-golf.de\bertichile\pescar\alex-pinte2_tn.jpg --> h1667152.stratoserver.net /httpdocs/bertichile/pescar alex-pinte2_tn.jpg
2009.12.08 18:03 B Z:\home\Berti\public_html\www.berti-golf.de\bertichile\pescar\andres-duerme2.jpg --> h1667152.stratoserver.net /httpdocs/bertichile/pescar andres-duerme2.jpg
2009.12.08 18:03 B Z:\home\Berti\public_html\www.berti-golf.de\bertichile\pescar\andres-duerme2_tn.jpg --> h1667152.stratoserver.net /httpdocs/bertichile/pescar andres-duerme2_tn.jpg
2009.12.08 18:03 B Z:\home\Berti\public_html\www.berti-golf.de\bertichile\pescar\berti-auto.jpg --> h1667152.stratoserver.net /httpdocs/bertichile/pescar berti-auto.jpg
2009.12.08 18:03 B Z:\home\Berti\public_html\www.berti-golf.de\bertichile\pescar\berti-auto_tn.jpg --> h1667152.stratoserver.net /httpdocs/bertichile/pescar berti-auto_tn.jpg
2009.12.08 18:03 B Z:\home\Berti\public_html\www.berti-golf.de\bertichile\pescar\berti-con-pez.jpg --> h1667152.stratoserver.net /httpdocs/bertichile/pescar berti-con-pez.jpg
2009.12.08 18:03 B Z:\home\Berti\public_html\www.berti-golf.de\bertichile\pescar\berti-con-pez_tn.jpg --> h1667152.stratoserver.net /httpdocs/bertichile/pescar berti-con-pez_tn.jpg
2009.12.08 18:03 B Z:\home\Berti\public_html\www.berti-golf.de\bertichile\pescar\caballos1.jpg --> h1667152.stratoserver.net /httpdocs/bertichile/pescar caballos1.jpg
2009.12.08 18:03 B Z:\home\Berti\public_html\www.berti-golf.de\bertichile\pescar\caballos1_tn.jpg --> h1667152.stratoserver.net /httpdocs/bertichile/pescar caballos1_tn.jpg
2009.12.08 18:03 B Z:\home\Berti\public_html\www.berti-golf.de\bertichile\pescar\caballos2.jpg --> h1667152.stratoserver.net /httpdocs/bertichile/pescar caballos2.jpg
2009.12.08 18:03 B Z:\home\Berti\public_html\www.berti-golf.de\bertichile\pescar\caballos2_tn.jpg --> h1667152.stratoserver.net /httpdocs/bertichile/pescar caballos2_tn.jpg
2009.12.08 18:03 B Z:\home\Berti\public_html\www.berti-golf.de\bertichile\pescar\desayuno.jpg --> h1667152.stratoserver.net /httpdocs/bertichile/pescar desayuno.jpg
2009.12.08 18:03 B Z:\home\Berti\public_html\www.berti-golf.de\bertichile\pescar\desayuno_tn.jpg --> h1667152.stratoserver.net /httpdocs/bertichile/pescar desayuno_tn.jpg
2009.12.08 18:03 B Z:\home\Berti\public_html\www.berti-golf.de\bertichile\pescar\jeep1.jpg --> h1667152.stratoserver.net /httpdocs/bertichile/pescar jeep1.jpg
2009.12.08 18:03 B Z:\home\Berti\public_html\www.berti-golf.de\bertichile\pescar\jeep1_tn.jpg --> h1667152.stratoserver.net /httpdocs/bertichile/pescar jeep1_tn.jpg
2009.12.08 18:03 B Z:\home\Berti\public_html\www.berti-golf.de\bertichile\pescar\jeep2.jpg --> h1667152.stratoserver.net /httpdocs/bertichile/pescar jeep2.jpg
2009.12.08 18:03 B Z:\home\Berti\public_html\www.berti-golf.de\bertichile\pescar\jeep2_tn.jpg --> h1667152.stratoserver.net /httpdocs/bertichile/pescar jeep2_tn.jpg
2009.12.08 18:03 B Z:\home\Berti\public_html\www.berti-golf.de\bertichile\pescar\papa-y-hijo.jpg --> h1667152.stratoserver.net /httpdocs/bertichile/pescar papa-y-hijo.jpg
2009.12.08 18:03 B Z:\home\Berti\public_html\www.berti-golf.de\bertichile\pescar\papa-y-hijo_tn.jpg --> h1667152.stratoserver.net /httpdocs/bertichile/pescar papa-y-hijo_tn.jpg
2009.12.08 18:03 B Z:\home\Berti\public_html\www.berti-golf.de\bertichile\pescar\pescar.html --> h1667152.stratoserver.net /httpdocs/bertichile/pescar pescar.html
2009.12.08 18:03 B Z:\home\Berti\public_html\www.berti-golf.de\bertichile\pescar\vista-con-pintura.jpg --> h1667152.stratoserver.net /httpdocs/bertichile/pescar vista-con-pintura.jpg
2009.12.08 18:03 B Z:\home\Berti\public_html\www.berti-golf.de\bertichile\pescar\vista-con-pintura_tn.jpg --> h1667152.stratoserver.net /httpdocs/bertichile/pescar vista-con-pintura_tn.jpg
2009.12.08 18:03 B Z:\home\Berti\public_html\www.berti-golf.de\bertichile\pescar\vista1.jpg --> h1667152.stratoserver.net /httpdocs/bertichile/pescar vista1.jpg
2009.12.08 18:03 B Z:\home\Berti\public_html\www.berti-golf.de\bertichile\pescar\vista1_tn.jpg --> h1667152.stratoserver.net /httpdocs/bertichile/pescar vista1_tn.jpg
2009.12.08 18:03 B Z:\home\Berti\public_html\www.berti-golf.de\bertichile\pescar\vista2.jpg --> h1667152.stratoserver.net /httpdocs/bertichile/pescar vista2.jpg
2009.12.08 18:03 B Z:\home\Berti\public_html\www.berti-golf.de\bertichile\pescar\vista2_tn.jpg --> h1667152.stratoserver.net /httpdocs/bertichile/pescar vista2_tn.jpg
