2008.06.27 16:41 B K:\sicherung_webserver_h10__072008\berti-golf.de\public_html\bertichile\villarica0201\villarica.html <-- www.berti-golf.de /public_html/bertichile/villarica0201 villarica.html
2008.06.27 16:41 B K:\sicherung_webserver_h10__072008\berti-golf.de\public_html\bertichile\villarica0201\villarica01.jpg <-- www.berti-golf.de /public_html/bertichile/villarica0201 villarica01.jpg
2008.06.27 16:41 B K:\sicherung_webserver_h10__072008\berti-golf.de\public_html\bertichile\villarica0201\villarica01_tn.jpg <-- www.berti-golf.de /public_html/bertichile/villarica0201 villarica01_tn.jpg
2008.06.27 16:41 B K:\sicherung_webserver_h10__072008\berti-golf.de\public_html\bertichile\villarica0201\villarica02.jpg <-- www.berti-golf.de /public_html/bertichile/villarica0201 villarica02.jpg
2008.06.27 16:41 B K:\sicherung_webserver_h10__072008\berti-golf.de\public_html\bertichile\villarica0201\villarica02_tn.jpg <-- www.berti-golf.de /public_html/bertichile/villarica0201 villarica02_tn.jpg
2008.06.27 16:41 B K:\sicherung_webserver_h10__072008\berti-golf.de\public_html\bertichile\villarica0201\villarica04.jpg <-- www.berti-golf.de /public_html/bertichile/villarica0201 villarica04.jpg
2008.06.27 16:41 B K:\sicherung_webserver_h10__072008\berti-golf.de\public_html\bertichile\villarica0201\villarica04_tn.jpg <-- www.berti-golf.de /public_html/bertichile/villarica0201 villarica04_tn.jpg
2008.06.27 16:41 B K:\sicherung_webserver_h10__072008\berti-golf.de\public_html\bertichile\villarica0201\villarica05.jpg <-- www.berti-golf.de /public_html/bertichile/villarica0201 villarica05.jpg
2008.06.27 16:41 B K:\sicherung_webserver_h10__072008\berti-golf.de\public_html\bertichile\villarica0201\villarica05_tn.jpg <-- www.berti-golf.de /public_html/bertichile/villarica0201 villarica05_tn.jpg
2008.06.27 16:41 B K:\sicherung_webserver_h10__072008\berti-golf.de\public_html\bertichile\villarica0201\villarica08.jpg <-- www.berti-golf.de /public_html/bertichile/villarica0201 villarica08.jpg
2008.06.27 16:41 B K:\sicherung_webserver_h10__072008\berti-golf.de\public_html\bertichile\villarica0201\villarica08_tn.jpg <-- www.berti-golf.de /public_html/bertichile/villarica0201 villarica08_tn.jpg
2008.06.27 16:41 B K:\sicherung_webserver_h10__072008\berti-golf.de\public_html\bertichile\villarica0201\villarica11.jpg <-- www.berti-golf.de /public_html/bertichile/villarica0201 villarica11.jpg
2008.06.27 16:41 B K:\sicherung_webserver_h10__072008\berti-golf.de\public_html\bertichile\villarica0201\villarica11_tn.jpg <-- www.berti-golf.de /public_html/bertichile/villarica0201 villarica11_tn.jpg
2008.06.27 16:41 B K:\sicherung_webserver_h10__072008\berti-golf.de\public_html\bertichile\villarica0201\villarica12.jpg <-- www.berti-golf.de /public_html/bertichile/villarica0201 villarica12.jpg
2008.06.27 16:41 B K:\sicherung_webserver_h10__072008\berti-golf.de\public_html\bertichile\villarica0201\villarica12_tn.jpg <-- www.berti-golf.de /public_html/bertichile/villarica0201 villarica12_tn.jpg
2008.06.27 16:41 B K:\sicherung_webserver_h10__072008\berti-golf.de\public_html\bertichile\villarica0201\villarica15.jpg <-- www.berti-golf.de /public_html/bertichile/villarica0201 villarica15.jpg
2008.06.27 16:41 B K:\sicherung_webserver_h10__072008\berti-golf.de\public_html\bertichile\villarica0201\villarica15_tn.jpg <-- www.berti-golf.de /public_html/bertichile/villarica0201 villarica15_tn.jpg
2008.06.27 16:41 B K:\sicherung_webserver_h10__072008\berti-golf.de\public_html\bertichile\villarica0201\villarica16.jpg <-- www.berti-golf.de /public_html/bertichile/villarica0201 villarica16.jpg
2008.06.27 16:41 B K:\sicherung_webserver_h10__072008\berti-golf.de\public_html\bertichile\villarica0201\villarica16_tn.jpg <-- www.berti-golf.de /public_html/bertichile/villarica0201 villarica16_tn.jpg
2008.06.27 16:41 B K:\sicherung_webserver_h10__072008\berti-golf.de\public_html\bertichile\villarica0201\villarica19.jpg <-- www.berti-golf.de /public_html/bertichile/villarica0201 villarica19.jpg
2008.06.27 16:41 B K:\sicherung_webserver_h10__072008\berti-golf.de\public_html\bertichile\villarica0201\villarica19_tn.jpg <-- www.berti-golf.de /public_html/bertichile/villarica0201 villarica19_tn.jpg
2008.06.27 16:41 B K:\sicherung_webserver_h10__072008\berti-golf.de\public_html\bertichile\villarica0201\villarica22.jpg <-- www.berti-golf.de /public_html/bertichile/villarica0201 villarica22.jpg
2008.06.27 16:42 B K:\sicherung_webserver_h10__072008\berti-golf.de\public_html\bertichile\villarica0201\villarica22_tn.jpg <-- www.berti-golf.de /public_html/bertichile/villarica0201 villarica22_tn.jpg
2008.06.27 16:42 B K:\sicherung_webserver_h10__072008\berti-golf.de\public_html\bertichile\villarica0201\villarica23.jpg <-- www.berti-golf.de /public_html/bertichile/villarica0201 villarica23.jpg
2008.06.27 16:42 B K:\sicherung_webserver_h10__072008\berti-golf.de\public_html\bertichile\villarica0201\villarica23_tn.jpg <-- www.berti-golf.de /public_html/bertichile/villarica0201 villarica23_tn.jpg
2008.06.27 16:42 B K:\sicherung_webserver_h10__072008\berti-golf.de\public_html\bertichile\villarica0201\villarica25.jpg <-- www.berti-golf.de /public_html/bertichile/villarica0201 villarica25.jpg
2008.06.27 16:42 B K:\sicherung_webserver_h10__072008\berti-golf.de\public_html\bertichile\villarica0201\villarica25_tn.jpg <-- www.berti-golf.de /public_html/bertichile/villarica0201 villarica25_tn.jpg
2008.06.27 16:42 B K:\sicherung_webserver_h10__072008\berti-golf.de\public_html\bertichile\villarica0201\villarica26.jpg <-- www.berti-golf.de /public_html/bertichile/villarica0201 villarica26.jpg
2008.06.27 16:42 B K:\sicherung_webserver_h10__072008\berti-golf.de\public_html\bertichile\villarica0201\villarica26_tn.jpg <-- www.berti-golf.de /public_html/bertichile/villarica0201 villarica26_tn.jpg
2008.06.27 16:42 B K:\sicherung_webserver_h10__072008\berti-golf.de\public_html\bertichile\villarica0201\villarica28.jpg <-- www.berti-golf.de /public_html/bertichile/villarica0201 villarica28.jpg
2008.06.27 16:42 B K:\sicherung_webserver_h10__072008\berti-golf.de\public_html\bertichile\villarica0201\villarica28_tn.jpg <-- www.berti-golf.de /public_html/bertichile/villarica0201 villarica28_tn.jpg
2008.06.27 16:42 B K:\sicherung_webserver_h10__072008\berti-golf.de\public_html\bertichile\villarica0201\villarica30.jpg <-- www.berti-golf.de /public_html/bertichile/villarica0201 villarica30.jpg
2008.06.27 16:42 B K:\sicherung_webserver_h10__072008\berti-golf.de\public_html\bertichile\villarica0201\villarica30_tn.jpg <-- www.berti-golf.de /public_html/bertichile/villarica0201 villarica30_tn.jpg
2008.06.27 16:42 B K:\sicherung_webserver_h10__072008\berti-golf.de\public_html\bertichile\villarica0201\villarica31.jpg <-- www.berti-golf.de /public_html/bertichile/villarica0201 villarica31.jpg
2008.06.27 16:42 B K:\sicherung_webserver_h10__072008\berti-golf.de\public_html\bertichile\villarica0201\villarica31_tn.jpg <-- www.berti-golf.de /public_html/bertichile/villarica0201 villarica31_tn.jpg
2008.06.27 16:42 B K:\sicherung_webserver_h10__072008\berti-golf.de\public_html\bertichile\villarica0201\villarica34.jpg <-- www.berti-golf.de /public_html/bertichile/villarica0201 villarica34.jpg
2008.06.27 16:42 B K:\sicherung_webserver_h10__072008\berti-golf.de\public_html\bertichile\villarica0201\villarica34_tn.jpg <-- www.berti-golf.de /public_html/bertichile/villarica0201 villarica34_tn.jpg
2008.06.27 16:42 B K:\sicherung_webserver_h10__072008\berti-golf.de\public_html\bertichile\villarica0201\villarica35.jpg <-- www.berti-golf.de /public_html/bertichile/villarica0201 villarica35.jpg
2008.06.27 16:42 B K:\sicherung_webserver_h10__072008\berti-golf.de\public_html\bertichile\villarica0201\villarica35_tn.jpg <-- www.berti-golf.de /public_html/bertichile/villarica0201 villarica35_tn.jpg
2008.06.27 16:42 B K:\sicherung_webserver_h10__072008\berti-golf.de\public_html\bertichile\villarica0201\villarica36.jpg <-- www.berti-golf.de /public_html/bertichile/villarica0201 villarica36.jpg
2008.06.27 16:42 B K:\sicherung_webserver_h10__072008\berti-golf.de\public_html\bertichile\villarica0201\villarica36_tn.jpg <-- www.berti-golf.de /public_html/bertichile/villarica0201 villarica36_tn.jpg
2008.06.27 16:42 B K:\sicherung_webserver_h10__072008\berti-golf.de\public_html\bertichile\villarica0201\villarica37.jpg <-- www.berti-golf.de /public_html/bertichile/villarica0201 villarica37.jpg
2008.06.27 16:42 B K:\sicherung_webserver_h10__072008\berti-golf.de\public_html\bertichile\villarica0201\villarica37_tn.jpg <-- www.berti-golf.de /public_html/bertichile/villarica0201 villarica37_tn.jpg
2008.06.27 16:42 B K:\sicherung_webserver_h10__072008\berti-golf.de\public_html\bertichile\villarica0201\villarica39.jpg <-- www.berti-golf.de /public_html/bertichile/villarica0201 villarica39.jpg
2008.06.27 16:42 B K:\sicherung_webserver_h10__072008\berti-golf.de\public_html\bertichile\villarica0201\villarica39_tn.jpg <-- www.berti-golf.de /public_html/bertichile/villarica0201 villarica39_tn.jpg
2008.06.27 16:42 B K:\sicherung_webserver_h10__072008\berti-golf.de\public_html\bertichile\villarica0201\villarica40.jpg <-- www.berti-golf.de /public_html/bertichile/villarica0201 villarica40.jpg
2008.06.27 16:42 B K:\sicherung_webserver_h10__072008\berti-golf.de\public_html\bertichile\villarica0201\villarica40_tn.jpg <-- www.berti-golf.de /public_html/bertichile/villarica0201 villarica40_tn.jpg
2008.06.27 16:42 B K:\sicherung_webserver_h10__072008\berti-golf.de\public_html\bertichile\villarica0201\villarica41.jpg <-- www.berti-golf.de /public_html/bertichile/villarica0201 villarica41.jpg
2008.06.27 16:42 B K:\sicherung_webserver_h10__072008\berti-golf.de\public_html\bertichile\villarica0201\villarica41_tn.jpg <-- www.berti-golf.de /public_html/bertichile/villarica0201 villarica41_tn.jpg
2008.06.27 16:42 B K:\sicherung_webserver_h10__072008\berti-golf.de\public_html\bertichile\villarica0201\villarica42.jpg <-- www.berti-golf.de /public_html/bertichile/villarica0201 villarica42.jpg
2008.06.27 16:42 B K:\sicherung_webserver_h10__072008\berti-golf.de\public_html\bertichile\villarica0201\villarica42_tn.jpg <-- www.berti-golf.de /public_html/bertichile/villarica0201 villarica42_tn.jpg
2008.06.27 16:42 B K:\sicherung_webserver_h10__072008\berti-golf.de\public_html\bertichile\villarica0201\villarica43.jpg <-- www.berti-golf.de /public_html/bertichile/villarica0201 villarica43.jpg
2008.06.27 16:42 B K:\sicherung_webserver_h10__072008\berti-golf.de\public_html\bertichile\villarica0201\villarica43_tn.jpg <-- www.berti-golf.de /public_html/bertichile/villarica0201 villarica43_tn.jpg
2008.06.27 16:42 B K:\sicherung_webserver_h10__072008\berti-golf.de\public_html\bertichile\villarica0201\villarica44.jpg <-- www.berti-golf.de /public_html/bertichile/villarica0201 villarica44.jpg
2008.06.27 16:42 B K:\sicherung_webserver_h10__072008\berti-golf.de\public_html\bertichile\villarica0201\villarica44_tn.jpg <-- www.berti-golf.de /public_html/bertichile/villarica0201 villarica44_tn.jpg
2008.06.27 16:42 B K:\sicherung_webserver_h10__072008\berti-golf.de\public_html\bertichile\villarica0201\villarica45.jpg <-- www.berti-golf.de /public_html/bertichile/villarica0201 villarica45.jpg
2008.06.27 16:42 B K:\sicherung_webserver_h10__072008\berti-golf.de\public_html\bertichile\villarica0201\villarica45_tn.jpg <-- www.berti-golf.de /public_html/bertichile/villarica0201 villarica45_tn.jpg
2008.06.27 16:42 B K:\sicherung_webserver_h10__072008\berti-golf.de\public_html\bertichile\villarica0201\villarica46.jpg <-- www.berti-golf.de /public_html/bertichile/villarica0201 villarica46.jpg
2008.06.27 16:42 B K:\sicherung_webserver_h10__072008\berti-golf.de\public_html\bertichile\villarica0201\villarica46_tn.jpg <-- www.berti-golf.de /public_html/bertichile/villarica0201 villarica46_tn.jpg
2008.06.27 16:42 B K:\sicherung_webserver_h10__072008\berti-golf.de\public_html\bertichile\villarica0201\villarica48.jpg <-- www.berti-golf.de /public_html/bertichile/villarica0201 villarica48.jpg
2008.06.27 16:42 B K:\sicherung_webserver_h10__072008\berti-golf.de\public_html\bertichile\villarica0201\villarica48_tn.jpg <-- www.berti-golf.de /public_html/bertichile/villarica0201 villarica48_tn.jpg
2008.06.27 16:42 B K:\sicherung_webserver_h10__072008\berti-golf.de\public_html\bertichile\villarica0201\villarica49.jpg <-- www.berti-golf.de /public_html/bertichile/villarica0201 villarica49.jpg
2008.06.27 16:42 B K:\sicherung_webserver_h10__072008\berti-golf.de\public_html\bertichile\villarica0201\villarica49_tn.jpg <-- www.berti-golf.de /public_html/bertichile/villarica0201 villarica49_tn.jpg
2008.06.27 16:42 B K:\sicherung_webserver_h10__072008\berti-golf.de\public_html\bertichile\villarica0201\villarica50.jpg <-- www.berti-golf.de /public_html/bertichile/villarica0201 villarica50.jpg
2008.06.27 16:42 B K:\sicherung_webserver_h10__072008\berti-golf.de\public_html\bertichile\villarica0201\villarica50_tn.jpg <-- www.berti-golf.de /public_html/bertichile/villarica0201 villarica50_tn.jpg
2008.06.27 16:42 B K:\sicherung_webserver_h10__072008\berti-golf.de\public_html\bertichile\villarica0201\villarica51.jpg <-- www.berti-golf.de /public_html/bertichile/villarica0201 villarica51.jpg
2008.06.27 16:42 B K:\sicherung_webserver_h10__072008\berti-golf.de\public_html\bertichile\villarica0201\villarica51_tn.jpg <-- www.berti-golf.de /public_html/bertichile/villarica0201 villarica51_tn.jpg
2008.06.27 16:42 B K:\sicherung_webserver_h10__072008\berti-golf.de\public_html\bertichile\villarica0201\villarica52.jpg <-- www.berti-golf.de /public_html/bertichile/villarica0201 villarica52.jpg
2008.06.27 16:42 B K:\sicherung_webserver_h10__072008\berti-golf.de\public_html\bertichile\villarica0201\villarica52_tn.jpg <-- www.berti-golf.de /public_html/bertichile/villarica0201 villarica52_tn.jpg
2008.06.27 16:42 B K:\sicherung_webserver_h10__072008\berti-golf.de\public_html\bertichile\villarica0201\villarica55.jpg <-- www.berti-golf.de /public_html/bertichile/villarica0201 villarica55.jpg
2008.06.27 16:42 B K:\sicherung_webserver_h10__072008\berti-golf.de\public_html\bertichile\villarica0201\villarica55_tn.jpg <-- www.berti-golf.de /public_html/bertichile/villarica0201 villarica55_tn.jpg
2008.06.27 16:42 B K:\sicherung_webserver_h10__072008\berti-golf.de\public_html\bertichile\villarica0201\villarica59.jpg <-- www.berti-golf.de /public_html/bertichile/villarica0201 villarica59.jpg
2008.06.27 16:42 B K:\sicherung_webserver_h10__072008\berti-golf.de\public_html\bertichile\villarica0201\villarica59_tn.jpg <-- www.berti-golf.de /public_html/bertichile/villarica0201 villarica59_tn.jpg
2008.06.27 16:42 B K:\sicherung_webserver_h10__072008\berti-golf.de\public_html\bertichile\villarica0201\villarica60.jpg <-- www.berti-golf.de /public_html/bertichile/villarica0201 villarica60.jpg
2008.06.27 16:42 B K:\sicherung_webserver_h10__072008\berti-golf.de\public_html\bertichile\villarica0201\villarica60_tn.jpg <-- www.berti-golf.de /public_html/bertichile/villarica0201 villarica60_tn.jpg
2008.06.27 16:42 B K:\sicherung_webserver_h10__072008\berti-golf.de\public_html\bertichile\villarica0201\villarica61.jpg <-- www.berti-golf.de /public_html/bertichile/villarica0201 villarica61.jpg
2008.06.27 16:42 B K:\sicherung_webserver_h10__072008\berti-golf.de\public_html\bertichile\villarica0201\villarica61_tn.jpg <-- www.berti-golf.de /public_html/bertichile/villarica0201 villarica61_tn.jpg
2008.06.27 16:43 B K:\sicherung_webserver_h10__072008\berti-golf.de\public_html\bertichile\villarica0201\villarica62.jpg <-- www.berti-golf.de /public_html/bertichile/villarica0201 villarica62.jpg
2008.06.27 16:43 B K:\sicherung_webserver_h10__072008\berti-golf.de\public_html\bertichile\villarica0201\villarica62_tn.jpg <-- www.berti-golf.de /public_html/bertichile/villarica0201 villarica62_tn.jpg
2008.06.27 16:43 B K:\sicherung_webserver_h10__072008\berti-golf.de\public_html\bertichile\villarica0201\villarica64.jpg <-- www.berti-golf.de /public_html/bertichile/villarica0201 villarica64.jpg
2008.06.27 16:43 B K:\sicherung_webserver_h10__072008\berti-golf.de\public_html\bertichile\villarica0201\villarica64_tn.jpg <-- www.berti-golf.de /public_html/bertichile/villarica0201 villarica64_tn.jpg
2008.06.27 16:43 B K:\sicherung_webserver_h10__072008\berti-golf.de\public_html\bertichile\villarica0201\villarica65.jpg <-- www.berti-golf.de /public_html/bertichile/villarica0201 villarica65.jpg
2008.06.27 16:43 B K:\sicherung_webserver_h10__072008\berti-golf.de\public_html\bertichile\villarica0201\villarica65_tn.jpg <-- www.berti-golf.de /public_html/bertichile/villarica0201 villarica65_tn.jpg
2008.06.27 16:43 B K:\sicherung_webserver_h10__072008\berti-golf.de\public_html\bertichile\villarica0201\villarica66.jpg <-- www.berti-golf.de /public_html/bertichile/villarica0201 villarica66.jpg
2008.06.27 16:43 B K:\sicherung_webserver_h10__072008\berti-golf.de\public_html\bertichile\villarica0201\villarica66_tn.jpg <-- www.berti-golf.de /public_html/bertichile/villarica0201 villarica66_tn.jpg
2008.06.27 16:43 B K:\sicherung_webserver_h10__072008\berti-golf.de\public_html\bertichile\villarica0201\villarica67.jpg <-- www.berti-golf.de /public_html/bertichile/villarica0201 villarica67.jpg
2008.06.27 16:43 B K:\sicherung_webserver_h10__072008\berti-golf.de\public_html\bertichile\villarica0201\villarica67_tn.jpg <-- www.berti-golf.de /public_html/bertichile/villarica0201 villarica67_tn.jpg
2008.06.27 16:43 B K:\sicherung_webserver_h10__072008\berti-golf.de\public_html\bertichile\villarica0201\villarica69.jpg <-- www.berti-golf.de /public_html/bertichile/villarica0201 villarica69.jpg
2008.06.27 16:43 B K:\sicherung_webserver_h10__072008\berti-golf.de\public_html\bertichile\villarica0201\villarica69_tn.jpg <-- www.berti-golf.de /public_html/bertichile/villarica0201 villarica69_tn.jpg
2008.06.27 16:43 B K:\sicherung_webserver_h10__072008\berti-golf.de\public_html\bertichile\villarica0201\villarica70.jpg <-- www.berti-golf.de /public_html/bertichile/villarica0201 villarica70.jpg
2008.06.27 16:43 B K:\sicherung_webserver_h10__072008\berti-golf.de\public_html\bertichile\villarica0201\villarica70_tn.jpg <-- www.berti-golf.de /public_html/bertichile/villarica0201 villarica70_tn.jpg
2008.06.27 16:43 B K:\sicherung_webserver_h10__072008\berti-golf.de\public_html\bertichile\villarica0201\villarica71.jpg <-- www.berti-golf.de /public_html/bertichile/villarica0201 villarica71.jpg
2008.06.27 16:43 B K:\sicherung_webserver_h10__072008\berti-golf.de\public_html\bertichile\villarica0201\villarica71_tn.jpg <-- www.berti-golf.de /public_html/bertichile/villarica0201 villarica71_tn.jpg
2008.06.27 16:43 B K:\sicherung_webserver_h10__072008\berti-golf.de\public_html\bertichile\villarica0201\villarica72.jpg <-- www.berti-golf.de /public_html/bertichile/villarica0201 villarica72.jpg
2008.06.27 16:43 B K:\sicherung_webserver_h10__072008\berti-golf.de\public_html\bertichile\villarica0201\villarica72_tn.jpg <-- www.berti-golf.de /public_html/bertichile/villarica0201 villarica72_tn.jpg
2008.06.27 16:43 B K:\sicherung_webserver_h10__072008\berti-golf.de\public_html\bertichile\villarica0201\villarica74.jpg <-- www.berti-golf.de /public_html/bertichile/villarica0201 villarica74.jpg
2008.06.27 16:43 B K:\sicherung_webserver_h10__072008\berti-golf.de\public_html\bertichile\villarica0201\villarica74_tn.jpg <-- www.berti-golf.de /public_html/bertichile/villarica0201 villarica74_tn.jpg
2008.06.27 16:43 B K:\sicherung_webserver_h10__072008\berti-golf.de\public_html\bertichile\villarica0201\villarica75.jpg <-- www.berti-golf.de /public_html/bertichile/villarica0201 villarica75.jpg
2008.06.27 16:43 B K:\sicherung_webserver_h10__072008\berti-golf.de\public_html\bertichile\villarica0201\villarica75_tn.jpg <-- www.berti-golf.de /public_html/bertichile/villarica0201 villarica75_tn.jpg
2008.06.27 16:43 B K:\sicherung_webserver_h10__072008\berti-golf.de\public_html\bertichile\villarica0201\villarica76.jpg <-- www.berti-golf.de /public_html/bertichile/villarica0201 villarica76.jpg
2008.06.27 16:43 B K:\sicherung_webserver_h10__072008\berti-golf.de\public_html\bertichile\villarica0201\villarica76_tn.jpg <-- www.berti-golf.de /public_html/bertichile/villarica0201 villarica76_tn.jpg
2008.06.27 16:43 B K:\sicherung_webserver_h10__072008\berti-golf.de\public_html\bertichile\villarica0201\villarica77.jpg <-- www.berti-golf.de /public_html/bertichile/villarica0201 villarica77.jpg
2008.06.27 16:43 B K:\sicherung_webserver_h10__072008\berti-golf.de\public_html\bertichile\villarica0201\villarica77_tn.jpg <-- www.berti-golf.de /public_html/bertichile/villarica0201 villarica77_tn.jpg
2008.06.27 16:43 B K:\sicherung_webserver_h10__072008\berti-golf.de\public_html\bertichile\villarica0201\villarica80.jpg <-- www.berti-golf.de /public_html/bertichile/villarica0201 villarica80.jpg
2008.06.27 16:43 B K:\sicherung_webserver_h10__072008\berti-golf.de\public_html\bertichile\villarica0201\villarica80_tn.jpg <-- www.berti-golf.de /public_html/bertichile/villarica0201 villarica80_tn.jpg
2008.06.27 16:43 B K:\sicherung_webserver_h10__072008\berti-golf.de\public_html\bertichile\villarica0201\villarica81.jpg <-- www.berti-golf.de /public_html/bertichile/villarica0201 villarica81.jpg
2008.06.27 16:43 B K:\sicherung_webserver_h10__072008\berti-golf.de\public_html\bertichile\villarica0201\villarica81_tn.jpg <-- www.berti-golf.de /public_html/bertichile/villarica0201 villarica81_tn.jpg
2008.06.27 16:43 B K:\sicherung_webserver_h10__072008\berti-golf.de\public_html\bertichile\villarica0201\villarica83.jpg <-- www.berti-golf.de /public_html/bertichile/villarica0201 villarica83.jpg
2008.06.27 16:43 B K:\sicherung_webserver_h10__072008\berti-golf.de\public_html\bertichile\villarica0201\villarica83_tn.jpg <-- www.berti-golf.de /public_html/bertichile/villarica0201 villarica83_tn.jpg
2008.06.27 16:43 B K:\sicherung_webserver_h10__072008\berti-golf.de\public_html\bertichile\villarica0201\villarica84.jpg <-- www.berti-golf.de /public_html/bertichile/villarica0201 villarica84.jpg
2008.06.27 16:43 B K:\sicherung_webserver_h10__072008\berti-golf.de\public_html\bertichile\villarica0201\villarica84_tn.jpg <-- www.berti-golf.de /public_html/bertichile/villarica0201 villarica84_tn.jpg
2008.06.27 16:43 B K:\sicherung_webserver_h10__072008\berti-golf.de\public_html\bertichile\villarica0201\villarica85.jpg <-- www.berti-golf.de /public_html/bertichile/villarica0201 villarica85.jpg
2008.06.27 16:43 B K:\sicherung_webserver_h10__072008\berti-golf.de\public_html\bertichile\villarica0201\villarica85_tn.jpg <-- www.berti-golf.de /public_html/bertichile/villarica0201 villarica85_tn.jpg
2008.06.27 16:43 B K:\sicherung_webserver_h10__072008\berti-golf.de\public_html\bertichile\villarica0201\villarica86.jpg <-- www.berti-golf.de /public_html/bertichile/villarica0201 villarica86.jpg
2008.06.27 16:43 B K:\sicherung_webserver_h10__072008\berti-golf.de\public_html\bertichile\villarica0201\villarica86_tn.jpg <-- www.berti-golf.de /public_html/bertichile/villarica0201 villarica86_tn.jpg
2008.06.27 16:43 B K:\sicherung_webserver_h10__072008\berti-golf.de\public_html\bertichile\villarica0201\villarica87.jpg <-- www.berti-golf.de /public_html/bertichile/villarica0201 villarica87.jpg
2008.06.27 16:43 B K:\sicherung_webserver_h10__072008\berti-golf.de\public_html\bertichile\villarica0201\villarica87_tn.jpg <-- www.berti-golf.de /public_html/bertichile/villarica0201 villarica87_tn.jpg
2008.06.27 16:43 B K:\sicherung_webserver_h10__072008\berti-golf.de\public_html\bertichile\villarica0201\villarica90.jpg <-- www.berti-golf.de /public_html/bertichile/villarica0201 villarica90.jpg
2008.06.27 16:43 B K:\sicherung_webserver_h10__072008\berti-golf.de\public_html\bertichile\villarica0201\villarica90_tn.jpg <-- www.berti-golf.de /public_html/bertichile/villarica0201 villarica90_tn.jpg
2008.06.27 19:35 B K:\sicherung_webserver_h10__072008\berti-golf.de\public_html\bertichile\villarica0201\villarica.html --> bertigolfde.h1403220.stratoserver.net /public_html/bertichile/villarica0201 villarica.html
2008.06.27 19:35 B K:\sicherung_webserver_h10__072008\berti-golf.de\public_html\bertichile\villarica0201\villarica01.jpg --> bertigolfde.h1403220.stratoserver.net /public_html/bertichile/villarica0201 villarica01.jpg
2008.06.27 19:35 B K:\sicherung_webserver_h10__072008\berti-golf.de\public_html\bertichile\villarica0201\villarica01_tn.jpg --> bertigolfde.h1403220.stratoserver.net /public_html/bertichile/villarica0201 villarica01_tn.jpg
2008.06.27 19:35 B K:\sicherung_webserver_h10__072008\berti-golf.de\public_html\bertichile\villarica0201\villarica02.jpg --> bertigolfde.h1403220.stratoserver.net /public_html/bertichile/villarica0201 villarica02.jpg
2008.06.27 19:35 B K:\sicherung_webserver_h10__072008\berti-golf.de\public_html\bertichile\villarica0201\villarica02_tn.jpg --> bertigolfde.h1403220.stratoserver.net /public_html/bertichile/villarica0201 villarica02_tn.jpg
2008.06.27 19:35 B K:\sicherung_webserver_h10__072008\berti-golf.de\public_html\bertichile\villarica0201\villarica04.jpg --> bertigolfde.h1403220.stratoserver.net /public_html/bertichile/villarica0201 villarica04.jpg
2008.06.27 19:35 B K:\sicherung_webserver_h10__072008\berti-golf.de\public_html\bertichile\villarica0201\villarica04_tn.jpg --> bertigolfde.h1403220.stratoserver.net /public_html/bertichile/villarica0201 villarica04_tn.jpg
2008.06.27 19:35 B K:\sicherung_webserver_h10__072008\berti-golf.de\public_html\bertichile\villarica0201\villarica05.jpg --> bertigolfde.h1403220.stratoserver.net /public_html/bertichile/villarica0201 villarica05.jpg
2008.06.27 19:35 B K:\sicherung_webserver_h10__072008\berti-golf.de\public_html\bertichile\villarica0201\villarica05_tn.jpg --> bertigolfde.h1403220.stratoserver.net /public_html/bertichile/villarica0201 villarica05_tn.jpg
2008.06.27 19:35 B K:\sicherung_webserver_h10__072008\berti-golf.de\public_html\bertichile\villarica0201\villarica08.jpg --> bertigolfde.h1403220.stratoserver.net /public_html/bertichile/villarica0201 villarica08.jpg
2008.06.27 19:35 B K:\sicherung_webserver_h10__072008\berti-golf.de\public_html\bertichile\villarica0201\villarica08_tn.jpg --> bertigolfde.h1403220.stratoserver.net /public_html/bertichile/villarica0201 villarica08_tn.jpg
2008.06.27 19:35 B K:\sicherung_webserver_h10__072008\berti-golf.de\public_html\bertichile\villarica0201\villarica11.jpg --> bertigolfde.h1403220.stratoserver.net /public_html/bertichile/villarica0201 villarica11.jpg
2008.06.27 19:35 B K:\sicherung_webserver_h10__072008\berti-golf.de\public_html\bertichile\villarica0201\villarica11_tn.jpg --> bertigolfde.h1403220.stratoserver.net /public_html/bertichile/villarica0201 villarica11_tn.jpg
2008.06.27 19:35 B K:\sicherung_webserver_h10__072008\berti-golf.de\public_html\bertichile\villarica0201\villarica12.jpg --> bertigolfde.h1403220.stratoserver.net /public_html/bertichile/villarica0201 villarica12.jpg
2008.06.27 19:35 B K:\sicherung_webserver_h10__072008\berti-golf.de\public_html\bertichile\villarica0201\villarica12_tn.jpg --> bertigolfde.h1403220.stratoserver.net /public_html/bertichile/villarica0201 villarica12_tn.jpg
2008.06.27 19:35 B K:\sicherung_webserver_h10__072008\berti-golf.de\public_html\bertichile\villarica0201\villarica15.jpg --> bertigolfde.h1403220.stratoserver.net /public_html/bertichile/villarica0201 villarica15.jpg
2008.06.27 19:35 B K:\sicherung_webserver_h10__072008\berti-golf.de\public_html\bertichile\villarica0201\villarica15_tn.jpg --> bertigolfde.h1403220.stratoserver.net /public_html/bertichile/villarica0201 villarica15_tn.jpg
2008.06.27 19:35 B K:\sicherung_webserver_h10__072008\berti-golf.de\public_html\bertichile\villarica0201\villarica16.jpg --> bertigolfde.h1403220.stratoserver.net /public_html/bertichile/villarica0201 villarica16.jpg
2008.06.27 19:35 B K:\sicherung_webserver_h10__072008\berti-golf.de\public_html\bertichile\villarica0201\villarica16_tn.jpg --> bertigolfde.h1403220.stratoserver.net /public_html/bertichile/villarica0201 villarica16_tn.jpg
2008.06.27 19:35 B K:\sicherung_webserver_h10__072008\berti-golf.de\public_html\bertichile\villarica0201\villarica19.jpg --> bertigolfde.h1403220.stratoserver.net /public_html/bertichile/villarica0201 villarica19.jpg
2008.06.27 19:35 B K:\sicherung_webserver_h10__072008\berti-golf.de\public_html\bertichile\villarica0201\villarica19_tn.jpg --> bertigolfde.h1403220.stratoserver.net /public_html/bertichile/villarica0201 villarica19_tn.jpg
2008.06.27 19:36 B K:\sicherung_webserver_h10__072008\berti-golf.de\public_html\bertichile\villarica0201\villarica22.jpg --> bertigolfde.h1403220.stratoserver.net /public_html/bertichile/villarica0201 villarica22.jpg
2008.06.27 19:36 B K:\sicherung_webserver_h10__072008\berti-golf.de\public_html\bertichile\villarica0201\villarica22_tn.jpg --> bertigolfde.h1403220.stratoserver.net /public_html/bertichile/villarica0201 villarica22_tn.jpg
2008.06.27 19:36 B K:\sicherung_webserver_h10__072008\berti-golf.de\public_html\bertichile\villarica0201\villarica23.jpg --> bertigolfde.h1403220.stratoserver.net /public_html/bertichile/villarica0201 villarica23.jpg
2008.06.27 19:36 B K:\sicherung_webserver_h10__072008\berti-golf.de\public_html\bertichile\villarica0201\villarica23_tn.jpg --> bertigolfde.h1403220.stratoserver.net /public_html/bertichile/villarica0201 villarica23_tn.jpg
2008.06.27 19:36 B K:\sicherung_webserver_h10__072008\berti-golf.de\public_html\bertichile\villarica0201\villarica25.jpg --> bertigolfde.h1403220.stratoserver.net /public_html/bertichile/villarica0201 villarica25.jpg
2008.06.27 19:36 B K:\sicherung_webserver_h10__072008\berti-golf.de\public_html\bertichile\villarica0201\villarica25_tn.jpg --> bertigolfde.h1403220.stratoserver.net /public_html/bertichile/villarica0201 villarica25_tn.jpg
2008.06.27 19:36 B K:\sicherung_webserver_h10__072008\berti-golf.de\public_html\bertichile\villarica0201\villarica26.jpg --> bertigolfde.h1403220.stratoserver.net /public_html/bertichile/villarica0201 villarica26.jpg
2008.06.27 19:36 B K:\sicherung_webserver_h10__072008\berti-golf.de\public_html\bertichile\villarica0201\villarica26_tn.jpg --> bertigolfde.h1403220.stratoserver.net /public_html/bertichile/villarica0201 villarica26_tn.jpg
2008.06.27 19:36 B K:\sicherung_webserver_h10__072008\berti-golf.de\public_html\bertichile\villarica0201\villarica28.jpg --> bertigolfde.h1403220.stratoserver.net /public_html/bertichile/villarica0201 villarica28.jpg
2008.06.27 19:36 B K:\sicherung_webserver_h10__072008\berti-golf.de\public_html\bertichile\villarica0201\villarica28_tn.jpg --> bertigolfde.h1403220.stratoserver.net /public_html/bertichile/villarica0201 villarica28_tn.jpg
2008.06.27 19:36 B K:\sicherung_webserver_h10__072008\berti-golf.de\public_html\bertichile\villarica0201\villarica30.jpg --> bertigolfde.h1403220.stratoserver.net /public_html/bertichile/villarica0201 villarica30.jpg
2008.06.27 19:36 B K:\sicherung_webserver_h10__072008\berti-golf.de\public_html\bertichile\villarica0201\villarica30_tn.jpg --> bertigolfde.h1403220.stratoserver.net /public_html/bertichile/villarica0201 villarica30_tn.jpg
2008.06.27 19:36 B K:\sicherung_webserver_h10__072008\berti-golf.de\public_html\bertichile\villarica0201\villarica31.jpg --> bertigolfde.h1403220.stratoserver.net /public_html/bertichile/villarica0201 villarica31.jpg
2008.06.27 19:36 B K:\sicherung_webserver_h10__072008\berti-golf.de\public_html\bertichile\villarica0201\villarica31_tn.jpg --> bertigolfde.h1403220.stratoserver.net /public_html/bertichile/villarica0201 villarica31_tn.jpg
2008.06.27 19:36 B K:\sicherung_webserver_h10__072008\berti-golf.de\public_html\bertichile\villarica0201\villarica34.jpg --> bertigolfde.h1403220.stratoserver.net /public_html/bertichile/villarica0201 villarica34.jpg
2008.06.27 19:36 B K:\sicherung_webserver_h10__072008\berti-golf.de\public_html\bertichile\villarica0201\villarica34_tn.jpg --> bertigolfde.h1403220.stratoserver.net /public_html/bertichile/villarica0201 villarica34_tn.jpg
2008.06.27 19:36 B K:\sicherung_webserver_h10__072008\berti-golf.de\public_html\bertichile\villarica0201\villarica35.jpg --> bertigolfde.h1403220.stratoserver.net /public_html/bertichile/villarica0201 villarica35.jpg
2008.06.27 19:36 B K:\sicherung_webserver_h10__072008\berti-golf.de\public_html\bertichile\villarica0201\villarica35_tn.jpg --> bertigolfde.h1403220.stratoserver.net /public_html/bertichile/villarica0201 villarica35_tn.jpg
2008.06.27 19:36 B K:\sicherung_webserver_h10__072008\berti-golf.de\public_html\bertichile\villarica0201\villarica36.jpg --> bertigolfde.h1403220.stratoserver.net /public_html/bertichile/villarica0201 villarica36.jpg
2008.06.27 19:36 B K:\sicherung_webserver_h10__072008\berti-golf.de\public_html\bertichile\villarica0201\villarica36_tn.jpg --> bertigolfde.h1403220.stratoserver.net /public_html/bertichile/villarica0201 villarica36_tn.jpg
2008.06.27 19:36 B K:\sicherung_webserver_h10__072008\berti-golf.de\public_html\bertichile\villarica0201\villarica37.jpg --> bertigolfde.h1403220.stratoserver.net /public_html/bertichile/villarica0201 villarica37.jpg
2008.06.27 19:36 B K:\sicherung_webserver_h10__072008\berti-golf.de\public_html\bertichile\villarica0201\villarica37_tn.jpg --> bertigolfde.h1403220.stratoserver.net /public_html/bertichile/villarica0201 villarica37_tn.jpg
2008.06.27 19:36 B K:\sicherung_webserver_h10__072008\berti-golf.de\public_html\bertichile\villarica0201\villarica39.jpg --> bertigolfde.h1403220.stratoserver.net /public_html/bertichile/villarica0201 villarica39.jpg
2008.06.27 19:36 B K:\sicherung_webserver_h10__072008\berti-golf.de\public_html\bertichile\villarica0201\villarica39_tn.jpg --> bertigolfde.h1403220.stratoserver.net /public_html/bertichile/villarica0201 villarica39_tn.jpg
2008.06.27 19:36 B K:\sicherung_webserver_h10__072008\berti-golf.de\public_html\bertichile\villarica0201\villarica40.jpg --> bertigolfde.h1403220.stratoserver.net /public_html/bertichile/villarica0201 villarica40.jpg
2008.06.27 19:36 B K:\sicherung_webserver_h10__072008\berti-golf.de\public_html\bertichile\villarica0201\villarica40_tn.jpg --> bertigolfde.h1403220.stratoserver.net /public_html/bertichile/villarica0201 villarica40_tn.jpg
2008.06.27 19:36 B K:\sicherung_webserver_h10__072008\berti-golf.de\public_html\bertichile\villarica0201\villarica41.jpg --> bertigolfde.h1403220.stratoserver.net /public_html/bertichile/villarica0201 villarica41.jpg
2008.06.27 19:36 B K:\sicherung_webserver_h10__072008\berti-golf.de\public_html\bertichile\villarica0201\villarica41_tn.jpg --> bertigolfde.h1403220.stratoserver.net /public_html/bertichile/villarica0201 villarica41_tn.jpg
2008.06.27 19:36 B K:\sicherung_webserver_h10__072008\berti-golf.de\public_html\bertichile\villarica0201\villarica42.jpg --> bertigolfde.h1403220.stratoserver.net /public_html/bertichile/villarica0201 villarica42.jpg
2008.06.27 19:36 B K:\sicherung_webserver_h10__072008\berti-golf.de\public_html\bertichile\villarica0201\villarica42_tn.jpg --> bertigolfde.h1403220.stratoserver.net /public_html/bertichile/villarica0201 villarica42_tn.jpg
2008.06.27 19:36 B K:\sicherung_webserver_h10__072008\berti-golf.de\public_html\bertichile\villarica0201\villarica43.jpg --> bertigolfde.h1403220.stratoserver.net /public_html/bertichile/villarica0201 villarica43.jpg
2008.06.27 19:36 B K:\sicherung_webserver_h10__072008\berti-golf.de\public_html\bertichile\villarica0201\villarica43_tn.jpg --> bertigolfde.h1403220.stratoserver.net /public_html/bertichile/villarica0201 villarica43_tn.jpg
2008.06.27 19:36 B K:\sicherung_webserver_h10__072008\berti-golf.de\public_html\bertichile\villarica0201\villarica44.jpg --> bertigolfde.h1403220.stratoserver.net /public_html/bertichile/villarica0201 villarica44.jpg
2008.06.27 19:36 B K:\sicherung_webserver_h10__072008\berti-golf.de\public_html\bertichile\villarica0201\villarica44_tn.jpg --> bertigolfde.h1403220.stratoserver.net /public_html/bertichile/villarica0201 villarica44_tn.jpg
2008.06.27 19:36 B K:\sicherung_webserver_h10__072008\berti-golf.de\public_html\bertichile\villarica0201\villarica45.jpg --> bertigolfde.h1403220.stratoserver.net /public_html/bertichile/villarica0201 villarica45.jpg
2008.06.27 19:36 B K:\sicherung_webserver_h10__072008\berti-golf.de\public_html\bertichile\villarica0201\villarica45_tn.jpg --> bertigolfde.h1403220.stratoserver.net /public_html/bertichile/villarica0201 villarica45_tn.jpg
2008.06.27 19:36 B K:\sicherung_webserver_h10__072008\berti-golf.de\public_html\bertichile\villarica0201\villarica46.jpg --> bertigolfde.h1403220.stratoserver.net /public_html/bertichile/villarica0201 villarica46.jpg
2008.06.27 19:36 B K:\sicherung_webserver_h10__072008\berti-golf.de\public_html\bertichile\villarica0201\villarica46_tn.jpg --> bertigolfde.h1403220.stratoserver.net /public_html/bertichile/villarica0201 villarica46_tn.jpg
2008.06.27 19:36 B K:\sicherung_webserver_h10__072008\berti-golf.de\public_html\bertichile\villarica0201\villarica48.jpg --> bertigolfde.h1403220.stratoserver.net /public_html/bertichile/villarica0201 villarica48.jpg
2008.06.27 19:36 B K:\sicherung_webserver_h10__072008\berti-golf.de\public_html\bertichile\villarica0201\villarica48_tn.jpg --> bertigolfde.h1403220.stratoserver.net /public_html/bertichile/villarica0201 villarica48_tn.jpg
2008.06.27 19:36 B K:\sicherung_webserver_h10__072008\berti-golf.de\public_html\bertichile\villarica0201\villarica49.jpg --> bertigolfde.h1403220.stratoserver.net /public_html/bertichile/villarica0201 villarica49.jpg
2008.06.27 19:36 B K:\sicherung_webserver_h10__072008\berti-golf.de\public_html\bertichile\villarica0201\villarica49_tn.jpg --> bertigolfde.h1403220.stratoserver.net /public_html/bertichile/villarica0201 villarica49_tn.jpg
2008.06.27 19:36 B K:\sicherung_webserver_h10__072008\berti-golf.de\public_html\bertichile\villarica0201\villarica50.jpg --> bertigolfde.h1403220.stratoserver.net /public_html/bertichile/villarica0201 villarica50.jpg
2008.06.27 19:36 B K:\sicherung_webserver_h10__072008\berti-golf.de\public_html\bertichile\villarica0201\villarica50_tn.jpg --> bertigolfde.h1403220.stratoserver.net /public_html/bertichile/villarica0201 villarica50_tn.jpg
2008.06.27 19:36 B K:\sicherung_webserver_h10__072008\berti-golf.de\public_html\bertichile\villarica0201\villarica51.jpg --> bertigolfde.h1403220.stratoserver.net /public_html/bertichile/villarica0201 villarica51.jpg
2008.06.27 19:36 B K:\sicherung_webserver_h10__072008\berti-golf.de\public_html\bertichile\villarica0201\villarica51_tn.jpg --> bertigolfde.h1403220.stratoserver.net /public_html/bertichile/villarica0201 villarica51_tn.jpg
2008.06.27 19:36 B K:\sicherung_webserver_h10__072008\berti-golf.de\public_html\bertichile\villarica0201\villarica52.jpg --> bertigolfde.h1403220.stratoserver.net /public_html/bertichile/villarica0201 villarica52.jpg
2008.06.27 19:36 B K:\sicherung_webserver_h10__072008\berti-golf.de\public_html\bertichile\villarica0201\villarica52_tn.jpg --> bertigolfde.h1403220.stratoserver.net /public_html/bertichile/villarica0201 villarica52_tn.jpg
2008.06.27 19:36 B K:\sicherung_webserver_h10__072008\berti-golf.de\public_html\bertichile\villarica0201\villarica55.jpg --> bertigolfde.h1403220.stratoserver.net /public_html/bertichile/villarica0201 villarica55.jpg
2008.06.27 19:36 B K:\sicherung_webserver_h10__072008\berti-golf.de\public_html\bertichile\villarica0201\villarica55_tn.jpg --> bertigolfde.h1403220.stratoserver.net /public_html/bertichile/villarica0201 villarica55_tn.jpg
2008.06.27 19:36 B K:\sicherung_webserver_h10__072008\berti-golf.de\public_html\bertichile\villarica0201\villarica59.jpg --> bertigolfde.h1403220.stratoserver.net /public_html/bertichile/villarica0201 villarica59.jpg
2008.06.27 19:36 B K:\sicherung_webserver_h10__072008\berti-golf.de\public_html\bertichile\villarica0201\villarica59_tn.jpg --> bertigolfde.h1403220.stratoserver.net /public_html/bertichile/villarica0201 villarica59_tn.jpg
2008.06.27 19:36 B K:\sicherung_webserver_h10__072008\berti-golf.de\public_html\bertichile\villarica0201\villarica60.jpg --> bertigolfde.h1403220.stratoserver.net /public_html/bertichile/villarica0201 villarica60.jpg
2008.06.27 19:36 B K:\sicherung_webserver_h10__072008\berti-golf.de\public_html\bertichile\villarica0201\villarica60_tn.jpg --> bertigolfde.h1403220.stratoserver.net /public_html/bertichile/villarica0201 villarica60_tn.jpg
2008.06.27 19:36 B K:\sicherung_webserver_h10__072008\berti-golf.de\public_html\bertichile\villarica0201\villarica61.jpg --> bertigolfde.h1403220.stratoserver.net /public_html/bertichile/villarica0201 villarica61.jpg
2008.06.27 19:36 B K:\sicherung_webserver_h10__072008\berti-golf.de\public_html\bertichile\villarica0201\villarica61_tn.jpg --> bertigolfde.h1403220.stratoserver.net /public_html/bertichile/villarica0201 villarica61_tn.jpg
2008.06.27 19:36 B K:\sicherung_webserver_h10__072008\berti-golf.de\public_html\bertichile\villarica0201\villarica62.jpg --> bertigolfde.h1403220.stratoserver.net /public_html/bertichile/villarica0201 villarica62.jpg
2008.06.27 19:36 B K:\sicherung_webserver_h10__072008\berti-golf.de\public_html\bertichile\villarica0201\villarica62_tn.jpg --> bertigolfde.h1403220.stratoserver.net /public_html/bertichile/villarica0201 villarica62_tn.jpg
2008.06.27 19:36 B K:\sicherung_webserver_h10__072008\berti-golf.de\public_html\bertichile\villarica0201\villarica64.jpg --> bertigolfde.h1403220.stratoserver.net /public_html/bertichile/villarica0201 villarica64.jpg
2008.06.27 19:36 B K:\sicherung_webserver_h10__072008\berti-golf.de\public_html\bertichile\villarica0201\villarica64_tn.jpg --> bertigolfde.h1403220.stratoserver.net /public_html/bertichile/villarica0201 villarica64_tn.jpg
2008.06.27 19:36 B K:\sicherung_webserver_h10__072008\berti-golf.de\public_html\bertichile\villarica0201\villarica65.jpg --> bertigolfde.h1403220.stratoserver.net /public_html/bertichile/villarica0201 villarica65.jpg
2008.06.27 19:36 B K:\sicherung_webserver_h10__072008\berti-golf.de\public_html\bertichile\villarica0201\villarica65_tn.jpg --> bertigolfde.h1403220.stratoserver.net /public_html/bertichile/villarica0201 villarica65_tn.jpg
2008.06.27 19:36 B K:\sicherung_webserver_h10__072008\berti-golf.de\public_html\bertichile\villarica0201\villarica66.jpg --> bertigolfde.h1403220.stratoserver.net /public_html/bertichile/villarica0201 villarica66.jpg
2008.06.27 19:36 B K:\sicherung_webserver_h10__072008\berti-golf.de\public_html\bertichile\villarica0201\villarica66_tn.jpg --> bertigolfde.h1403220.stratoserver.net /public_html/bertichile/villarica0201 villarica66_tn.jpg
2008.06.27 19:36 B K:\sicherung_webserver_h10__072008\berti-golf.de\public_html\bertichile\villarica0201\villarica67.jpg --> bertigolfde.h1403220.stratoserver.net /public_html/bertichile/villarica0201 villarica67.jpg
2008.06.27 19:36 B K:\sicherung_webserver_h10__072008\berti-golf.de\public_html\bertichile\villarica0201\villarica67_tn.jpg --> bertigolfde.h1403220.stratoserver.net /public_html/bertichile/villarica0201 villarica67_tn.jpg
2008.06.27 19:37 B K:\sicherung_webserver_h10__072008\berti-golf.de\public_html\bertichile\villarica0201\villarica69.jpg --> bertigolfde.h1403220.stratoserver.net /public_html/bertichile/villarica0201 villarica69.jpg
2008.06.27 19:37 B K:\sicherung_webserver_h10__072008\berti-golf.de\public_html\bertichile\villarica0201\villarica69_tn.jpg --> bertigolfde.h1403220.stratoserver.net /public_html/bertichile/villarica0201 villarica69_tn.jpg
2008.06.27 19:37 B K:\sicherung_webserver_h10__072008\berti-golf.de\public_html\bertichile\villarica0201\villarica70.jpg --> bertigolfde.h1403220.stratoserver.net /public_html/bertichile/villarica0201 villarica70.jpg
2008.06.27 19:37 B K:\sicherung_webserver_h10__072008\berti-golf.de\public_html\bertichile\villarica0201\villarica70_tn.jpg --> bertigolfde.h1403220.stratoserver.net /public_html/bertichile/villarica0201 villarica70_tn.jpg
2008.06.27 19:37 B K:\sicherung_webserver_h10__072008\berti-golf.de\public_html\bertichile\villarica0201\villarica71.jpg --> bertigolfde.h1403220.stratoserver.net /public_html/bertichile/villarica0201 villarica71.jpg
2008.06.27 19:37 B K:\sicherung_webserver_h10__072008\berti-golf.de\public_html\bertichile\villarica0201\villarica71_tn.jpg --> bertigolfde.h1403220.stratoserver.net /public_html/bertichile/villarica0201 villarica71_tn.jpg
2008.06.27 19:37 B K:\sicherung_webserver_h10__072008\berti-golf.de\public_html\bertichile\villarica0201\villarica72.jpg --> bertigolfde.h1403220.stratoserver.net /public_html/bertichile/villarica0201 villarica72.jpg
2008.06.27 19:37 B K:\sicherung_webserver_h10__072008\berti-golf.de\public_html\bertichile\villarica0201\villarica72_tn.jpg --> bertigolfde.h1403220.stratoserver.net /public_html/bertichile/villarica0201 villarica72_tn.jpg
2008.06.27 19:37 B K:\sicherung_webserver_h10__072008\berti-golf.de\public_html\bertichile\villarica0201\villarica74.jpg --> bertigolfde.h1403220.stratoserver.net /public_html/bertichile/villarica0201 villarica74.jpg
2008.06.27 19:37 B K:\sicherung_webserver_h10__072008\berti-golf.de\public_html\bertichile\villarica0201\villarica74_tn.jpg --> bertigolfde.h1403220.stratoserver.net /public_html/bertichile/villarica0201 villarica74_tn.jpg
2008.06.27 19:37 B K:\sicherung_webserver_h10__072008\berti-golf.de\public_html\bertichile\villarica0201\villarica75.jpg --> bertigolfde.h1403220.stratoserver.net /public_html/bertichile/villarica0201 villarica75.jpg
2008.06.27 19:37 B K:\sicherung_webserver_h10__072008\berti-golf.de\public_html\bertichile\villarica0201\villarica75_tn.jpg --> bertigolfde.h1403220.stratoserver.net /public_html/bertichile/villarica0201 villarica75_tn.jpg
2008.06.27 19:37 B K:\sicherung_webserver_h10__072008\berti-golf.de\public_html\bertichile\villarica0201\villarica76.jpg --> bertigolfde.h1403220.stratoserver.net /public_html/bertichile/villarica0201 villarica76.jpg
2008.06.27 19:37 B K:\sicherung_webserver_h10__072008\berti-golf.de\public_html\bertichile\villarica0201\villarica76_tn.jpg --> bertigolfde.h1403220.stratoserver.net /public_html/bertichile/villarica0201 villarica76_tn.jpg
2008.06.27 19:37 B K:\sicherung_webserver_h10__072008\berti-golf.de\public_html\bertichile\villarica0201\villarica77.jpg --> bertigolfde.h1403220.stratoserver.net /public_html/bertichile/villarica0201 villarica77.jpg
2008.06.27 19:37 B K:\sicherung_webserver_h10__072008\berti-golf.de\public_html\bertichile\villarica0201\villarica77_tn.jpg --> bertigolfde.h1403220.stratoserver.net /public_html/bertichile/villarica0201 villarica77_tn.jpg
2008.06.27 19:37 B K:\sicherung_webserver_h10__072008\berti-golf.de\public_html\bertichile\villarica0201\villarica80.jpg --> bertigolfde.h1403220.stratoserver.net /public_html/bertichile/villarica0201 villarica80.jpg
2008.06.27 19:37 B K:\sicherung_webserver_h10__072008\berti-golf.de\public_html\bertichile\villarica0201\villarica80_tn.jpg --> bertigolfde.h1403220.stratoserver.net /public_html/bertichile/villarica0201 villarica80_tn.jpg
2008.06.27 19:37 B K:\sicherung_webserver_h10__072008\berti-golf.de\public_html\bertichile\villarica0201\villarica81.jpg --> bertigolfde.h1403220.stratoserver.net /public_html/bertichile/villarica0201 villarica81.jpg
2008.06.27 19:37 B K:\sicherung_webserver_h10__072008\berti-golf.de\public_html\bertichile\villarica0201\villarica81_tn.jpg --> bertigolfde.h1403220.stratoserver.net /public_html/bertichile/villarica0201 villarica81_tn.jpg
2008.06.27 19:37 B K:\sicherung_webserver_h10__072008\berti-golf.de\public_html\bertichile\villarica0201\villarica83.jpg --> bertigolfde.h1403220.stratoserver.net /public_html/bertichile/villarica0201 villarica83.jpg
2008.06.27 19:37 B K:\sicherung_webserver_h10__072008\berti-golf.de\public_html\bertichile\villarica0201\villarica83_tn.jpg --> bertigolfde.h1403220.stratoserver.net /public_html/bertichile/villarica0201 villarica83_tn.jpg
2008.06.27 19:37 B K:\sicherung_webserver_h10__072008\berti-golf.de\public_html\bertichile\villarica0201\villarica84.jpg --> bertigolfde.h1403220.stratoserver.net /public_html/bertichile/villarica0201 villarica84.jpg
2008.06.27 19:37 B K:\sicherung_webserver_h10__072008\berti-golf.de\public_html\bertichile\villarica0201\villarica84_tn.jpg --> bertigolfde.h1403220.stratoserver.net /public_html/bertichile/villarica0201 villarica84_tn.jpg
2008.06.27 19:37 B K:\sicherung_webserver_h10__072008\berti-golf.de\public_html\bertichile\villarica0201\villarica85.jpg --> bertigolfde.h1403220.stratoserver.net /public_html/bertichile/villarica0201 villarica85.jpg
2008.06.27 19:37 B K:\sicherung_webserver_h10__072008\berti-golf.de\public_html\bertichile\villarica0201\villarica85_tn.jpg --> bertigolfde.h1403220.stratoserver.net /public_html/bertichile/villarica0201 villarica85_tn.jpg
2008.06.27 19:37 B K:\sicherung_webserver_h10__072008\berti-golf.de\public_html\bertichile\villarica0201\villarica86.jpg --> bertigolfde.h1403220.stratoserver.net /public_html/bertichile/villarica0201 villarica86.jpg
2008.06.27 19:37 B K:\sicherung_webserver_h10__072008\berti-golf.de\public_html\bertichile\villarica0201\villarica86_tn.jpg --> bertigolfde.h1403220.stratoserver.net /public_html/bertichile/villarica0201 villarica86_tn.jpg
2008.06.27 19:37 B K:\sicherung_webserver_h10__072008\berti-golf.de\public_html\bertichile\villarica0201\villarica87.jpg --> bertigolfde.h1403220.stratoserver.net /public_html/bertichile/villarica0201 villarica87.jpg
2008.06.27 19:37 B K:\sicherung_webserver_h10__072008\berti-golf.de\public_html\bertichile\villarica0201\villarica87_tn.jpg --> bertigolfde.h1403220.stratoserver.net /public_html/bertichile/villarica0201 villarica87_tn.jpg
2008.06.27 19:37 B K:\sicherung_webserver_h10__072008\berti-golf.de\public_html\bertichile\villarica0201\villarica90.jpg --> bertigolfde.h1403220.stratoserver.net /public_html/bertichile/villarica0201 villarica90.jpg
2008.06.27 19:37 B K:\sicherung_webserver_h10__072008\berti-golf.de\public_html\bertichile\villarica0201\villarica90_tn.jpg --> bertigolfde.h1403220.stratoserver.net /public_html/bertichile/villarica0201 villarica90_tn.jpg
2009.05.01 07:25 B Z:\home\Berti\public_html\www.berti-golf.de\bertichile\villarica0201\WS_FTP.LOG <-- bertigolfde.h1403220.stratoserver.net /public_html/bertichile/villarica0201 WS_FTP.LOG
2009.12.08 18:09 B Z:\home\Berti\public_html\www.berti-golf.de\bertichile\villarica0201\villarica.html --> h1667152.stratoserver.net /httpdocs/bertichile/villarica0201 villarica.html
2009.12.08 18:09 B Z:\home\Berti\public_html\www.berti-golf.de\bertichile\villarica0201\villarica01.jpg --> h1667152.stratoserver.net /httpdocs/bertichile/villarica0201 villarica01.jpg
2009.12.08 18:09 B Z:\home\Berti\public_html\www.berti-golf.de\bertichile\villarica0201\villarica01_tn.jpg --> h1667152.stratoserver.net /httpdocs/bertichile/villarica0201 villarica01_tn.jpg
2009.12.08 18:09 B Z:\home\Berti\public_html\www.berti-golf.de\bertichile\villarica0201\villarica02.jpg --> h1667152.stratoserver.net /httpdocs/bertichile/villarica0201 villarica02.jpg
2009.12.08 18:09 B Z:\home\Berti\public_html\www.berti-golf.de\bertichile\villarica0201\villarica02_tn.jpg --> h1667152.stratoserver.net /httpdocs/bertichile/villarica0201 villarica02_tn.jpg
2009.12.08 18:09 B Z:\home\Berti\public_html\www.berti-golf.de\bertichile\villarica0201\villarica04.jpg --> h1667152.stratoserver.net /httpdocs/bertichile/villarica0201 villarica04.jpg
2009.12.08 18:09 B Z:\home\Berti\public_html\www.berti-golf.de\bertichile\villarica0201\villarica04_tn.jpg --> h1667152.stratoserver.net /httpdocs/bertichile/villarica0201 villarica04_tn.jpg
2009.12.08 18:09 B Z:\home\Berti\public_html\www.berti-golf.de\bertichile\villarica0201\villarica05.jpg --> h1667152.stratoserver.net /httpdocs/bertichile/villarica0201 villarica05.jpg
2009.12.08 18:09 B Z:\home\Berti\public_html\www.berti-golf.de\bertichile\villarica0201\villarica05_tn.jpg --> h1667152.stratoserver.net /httpdocs/bertichile/villarica0201 villarica05_tn.jpg
2009.12.08 18:09 B Z:\home\Berti\public_html\www.berti-golf.de\bertichile\villarica0201\villarica08.jpg --> h1667152.stratoserver.net /httpdocs/bertichile/villarica0201 villarica08.jpg
2009.12.08 18:09 B Z:\home\Berti\public_html\www.berti-golf.de\bertichile\villarica0201\villarica08_tn.jpg --> h1667152.stratoserver.net /httpdocs/bertichile/villarica0201 villarica08_tn.jpg
2009.12.08 18:09 B Z:\home\Berti\public_html\www.berti-golf.de\bertichile\villarica0201\villarica11.jpg --> h1667152.stratoserver.net /httpdocs/bertichile/villarica0201 villarica11.jpg
2009.12.08 18:09 B Z:\home\Berti\public_html\www.berti-golf.de\bertichile\villarica0201\villarica11_tn.jpg --> h1667152.stratoserver.net /httpdocs/bertichile/villarica0201 villarica11_tn.jpg
2009.12.08 18:09 B Z:\home\Berti\public_html\www.berti-golf.de\bertichile\villarica0201\villarica12.jpg --> h1667152.stratoserver.net /httpdocs/bertichile/villarica0201 villarica12.jpg
2009.12.08 18:09 B Z:\home\Berti\public_html\www.berti-golf.de\bertichile\villarica0201\villarica12_tn.jpg --> h1667152.stratoserver.net /httpdocs/bertichile/villarica0201 villarica12_tn.jpg
2009.12.08 18:09 B Z:\home\Berti\public_html\www.berti-golf.de\bertichile\villarica0201\villarica15.jpg --> h1667152.stratoserver.net /httpdocs/bertichile/villarica0201 villarica15.jpg
2009.12.08 18:09 B Z:\home\Berti\public_html\www.berti-golf.de\bertichile\villarica0201\villarica15_tn.jpg --> h1667152.stratoserver.net /httpdocs/bertichile/villarica0201 villarica15_tn.jpg
2009.12.08 18:09 B Z:\home\Berti\public_html\www.berti-golf.de\bertichile\villarica0201\villarica16.jpg --> h1667152.stratoserver.net /httpdocs/bertichile/villarica0201 villarica16.jpg
2009.12.08 18:09 B Z:\home\Berti\public_html\www.berti-golf.de\bertichile\villarica0201\villarica16_tn.jpg --> h1667152.stratoserver.net /httpdocs/bertichile/villarica0201 villarica16_tn.jpg
2009.12.08 18:09 B Z:\home\Berti\public_html\www.berti-golf.de\bertichile\villarica0201\villarica19.jpg --> h1667152.stratoserver.net /httpdocs/bertichile/villarica0201 villarica19.jpg
2009.12.08 18:09 B Z:\home\Berti\public_html\www.berti-golf.de\bertichile\villarica0201\villarica19_tn.jpg --> h1667152.stratoserver.net /httpdocs/bertichile/villarica0201 villarica19_tn.jpg
2009.12.08 18:09 B Z:\home\Berti\public_html\www.berti-golf.de\bertichile\villarica0201\villarica22.jpg --> h1667152.stratoserver.net /httpdocs/bertichile/villarica0201 villarica22.jpg
2009.12.08 18:09 B Z:\home\Berti\public_html\www.berti-golf.de\bertichile\villarica0201\villarica22_tn.jpg --> h1667152.stratoserver.net /httpdocs/bertichile/villarica0201 villarica22_tn.jpg
2009.12.08 18:09 B Z:\home\Berti\public_html\www.berti-golf.de\bertichile\villarica0201\villarica23.jpg --> h1667152.stratoserver.net /httpdocs/bertichile/villarica0201 villarica23.jpg
2009.12.08 18:09 B Z:\home\Berti\public_html\www.berti-golf.de\bertichile\villarica0201\villarica23_tn.jpg --> h1667152.stratoserver.net /httpdocs/bertichile/villarica0201 villarica23_tn.jpg
2009.12.08 18:09 B Z:\home\Berti\public_html\www.berti-golf.de\bertichile\villarica0201\villarica25.jpg --> h1667152.stratoserver.net /httpdocs/bertichile/villarica0201 villarica25.jpg
2009.12.08 18:09 B Z:\home\Berti\public_html\www.berti-golf.de\bertichile\villarica0201\villarica25_tn.jpg --> h1667152.stratoserver.net /httpdocs/bertichile/villarica0201 villarica25_tn.jpg
2009.12.08 18:09 B Z:\home\Berti\public_html\www.berti-golf.de\bertichile\villarica0201\villarica26.jpg --> h1667152.stratoserver.net /httpdocs/bertichile/villarica0201 villarica26.jpg
2009.12.08 18:09 B Z:\home\Berti\public_html\www.berti-golf.de\bertichile\villarica0201\villarica26_tn.jpg --> h1667152.stratoserver.net /httpdocs/bertichile/villarica0201 villarica26_tn.jpg
2009.12.08 18:09 B Z:\home\Berti\public_html\www.berti-golf.de\bertichile\villarica0201\villarica28.jpg --> h1667152.stratoserver.net /httpdocs/bertichile/villarica0201 villarica28.jpg
2009.12.08 18:09 B Z:\home\Berti\public_html\www.berti-golf.de\bertichile\villarica0201\villarica28_tn.jpg --> h1667152.stratoserver.net /httpdocs/bertichile/villarica0201 villarica28_tn.jpg
2009.12.08 18:09 B Z:\home\Berti\public_html\www.berti-golf.de\bertichile\villarica0201\villarica30.jpg --> h1667152.stratoserver.net /httpdocs/bertichile/villarica0201 villarica30.jpg
2009.12.08 18:09 B Z:\home\Berti\public_html\www.berti-golf.de\bertichile\villarica0201\villarica30_tn.jpg --> h1667152.stratoserver.net /httpdocs/bertichile/villarica0201 villarica30_tn.jpg
2009.12.08 18:09 B Z:\home\Berti\public_html\www.berti-golf.de\bertichile\villarica0201\villarica31.jpg --> h1667152.stratoserver.net /httpdocs/bertichile/villarica0201 villarica31.jpg
2009.12.08 18:09 B Z:\home\Berti\public_html\www.berti-golf.de\bertichile\villarica0201\villarica31_tn.jpg --> h1667152.stratoserver.net /httpdocs/bertichile/villarica0201 villarica31_tn.jpg
2009.12.08 18:09 B Z:\home\Berti\public_html\www.berti-golf.de\bertichile\villarica0201\villarica34.jpg --> h1667152.stratoserver.net /httpdocs/bertichile/villarica0201 villarica34.jpg
2009.12.08 18:09 B Z:\home\Berti\public_html\www.berti-golf.de\bertichile\villarica0201\villarica34_tn.jpg --> h1667152.stratoserver.net /httpdocs/bertichile/villarica0201 villarica34_tn.jpg
2009.12.08 18:09 B Z:\home\Berti\public_html\www.berti-golf.de\bertichile\villarica0201\villarica35.jpg --> h1667152.stratoserver.net /httpdocs/bertichile/villarica0201 villarica35.jpg
2009.12.08 18:09 B Z:\home\Berti\public_html\www.berti-golf.de\bertichile\villarica0201\villarica35_tn.jpg --> h1667152.stratoserver.net /httpdocs/bertichile/villarica0201 villarica35_tn.jpg
2009.12.08 18:09 B Z:\home\Berti\public_html\www.berti-golf.de\bertichile\villarica0201\villarica36.jpg --> h1667152.stratoserver.net /httpdocs/bertichile/villarica0201 villarica36.jpg
2009.12.08 18:09 B Z:\home\Berti\public_html\www.berti-golf.de\bertichile\villarica0201\villarica36_tn.jpg --> h1667152.stratoserver.net /httpdocs/bertichile/villarica0201 villarica36_tn.jpg
2009.12.08 18:09 B Z:\home\Berti\public_html\www.berti-golf.de\bertichile\villarica0201\villarica37.jpg --> h1667152.stratoserver.net /httpdocs/bertichile/villarica0201 villarica37.jpg
2009.12.08 18:09 B Z:\home\Berti\public_html\www.berti-golf.de\bertichile\villarica0201\villarica37_tn.jpg --> h1667152.stratoserver.net /httpdocs/bertichile/villarica0201 villarica37_tn.jpg
2009.12.08 18:09 B Z:\home\Berti\public_html\www.berti-golf.de\bertichile\villarica0201\villarica39.jpg --> h1667152.stratoserver.net /httpdocs/bertichile/villarica0201 villarica39.jpg
2009.12.08 18:09 B Z:\home\Berti\public_html\www.berti-golf.de\bertichile\villarica0201\villarica39_tn.jpg --> h1667152.stratoserver.net /httpdocs/bertichile/villarica0201 villarica39_tn.jpg
2009.12.08 18:09 B Z:\home\Berti\public_html\www.berti-golf.de\bertichile\villarica0201\villarica40.jpg --> h1667152.stratoserver.net /httpdocs/bertichile/villarica0201 villarica40.jpg
2009.12.08 18:09 B Z:\home\Berti\public_html\www.berti-golf.de\bertichile\villarica0201\villarica40_tn.jpg --> h1667152.stratoserver.net /httpdocs/bertichile/villarica0201 villarica40_tn.jpg
2009.12.08 18:09 B Z:\home\Berti\public_html\www.berti-golf.de\bertichile\villarica0201\villarica41.jpg --> h1667152.stratoserver.net /httpdocs/bertichile/villarica0201 villarica41.jpg
2009.12.08 18:09 B Z:\home\Berti\public_html\www.berti-golf.de\bertichile\villarica0201\villarica41_tn.jpg --> h1667152.stratoserver.net /httpdocs/bertichile/villarica0201 villarica41_tn.jpg
2009.12.08 18:09 B Z:\home\Berti\public_html\www.berti-golf.de\bertichile\villarica0201\villarica42.jpg --> h1667152.stratoserver.net /httpdocs/bertichile/villarica0201 villarica42.jpg
2009.12.08 18:09 B Z:\home\Berti\public_html\www.berti-golf.de\bertichile\villarica0201\villarica42_tn.jpg --> h1667152.stratoserver.net /httpdocs/bertichile/villarica0201 villarica42_tn.jpg
2009.12.08 18:09 B Z:\home\Berti\public_html\www.berti-golf.de\bertichile\villarica0201\villarica43.jpg --> h1667152.stratoserver.net /httpdocs/bertichile/villarica0201 villarica43.jpg
2009.12.08 18:09 B Z:\home\Berti\public_html\www.berti-golf.de\bertichile\villarica0201\villarica43_tn.jpg --> h1667152.stratoserver.net /httpdocs/bertichile/villarica0201 villarica43_tn.jpg
2009.12.08 18:09 B Z:\home\Berti\public_html\www.berti-golf.de\bertichile\villarica0201\villarica44.jpg --> h1667152.stratoserver.net /httpdocs/bertichile/villarica0201 villarica44.jpg
2009.12.08 18:09 B Z:\home\Berti\public_html\www.berti-golf.de\bertichile\villarica0201\villarica44_tn.jpg --> h1667152.stratoserver.net /httpdocs/bertichile/villarica0201 villarica44_tn.jpg
2009.12.08 18:09 B Z:\home\Berti\public_html\www.berti-golf.de\bertichile\villarica0201\villarica45.jpg --> h1667152.stratoserver.net /httpdocs/bertichile/villarica0201 villarica45.jpg
2009.12.08 18:09 B Z:\home\Berti\public_html\www.berti-golf.de\bertichile\villarica0201\villarica45_tn.jpg --> h1667152.stratoserver.net /httpdocs/bertichile/villarica0201 villarica45_tn.jpg
2009.12.08 18:09 B Z:\home\Berti\public_html\www.berti-golf.de\bertichile\villarica0201\villarica46.jpg --> h1667152.stratoserver.net /httpdocs/bertichile/villarica0201 villarica46.jpg
2009.12.08 18:09 B Z:\home\Berti\public_html\www.berti-golf.de\bertichile\villarica0201\villarica46_tn.jpg --> h1667152.stratoserver.net /httpdocs/bertichile/villarica0201 villarica46_tn.jpg
2009.12.08 18:10 B Z:\home\Berti\public_html\www.berti-golf.de\bertichile\villarica0201\villarica48.jpg --> h1667152.stratoserver.net /httpdocs/bertichile/villarica0201 villarica48.jpg
2009.12.08 18:10 B Z:\home\Berti\public_html\www.berti-golf.de\bertichile\villarica0201\villarica48_tn.jpg --> h1667152.stratoserver.net /httpdocs/bertichile/villarica0201 villarica48_tn.jpg
2009.12.08 18:10 B Z:\home\Berti\public_html\www.berti-golf.de\bertichile\villarica0201\villarica49.jpg --> h1667152.stratoserver.net /httpdocs/bertichile/villarica0201 villarica49.jpg
2009.12.08 18:10 B Z:\home\Berti\public_html\www.berti-golf.de\bertichile\villarica0201\villarica49_tn.jpg --> h1667152.stratoserver.net /httpdocs/bertichile/villarica0201 villarica49_tn.jpg
2009.12.08 18:10 B Z:\home\Berti\public_html\www.berti-golf.de\bertichile\villarica0201\villarica50.jpg --> h1667152.stratoserver.net /httpdocs/bertichile/villarica0201 villarica50.jpg
2009.12.08 18:10 B Z:\home\Berti\public_html\www.berti-golf.de\bertichile\villarica0201\villarica50_tn.jpg --> h1667152.stratoserver.net /httpdocs/bertichile/villarica0201 villarica50_tn.jpg
2009.12.08 18:10 B Z:\home\Berti\public_html\www.berti-golf.de\bertichile\villarica0201\villarica51.jpg --> h1667152.stratoserver.net /httpdocs/bertichile/villarica0201 villarica51.jpg
2009.12.08 18:10 B Z:\home\Berti\public_html\www.berti-golf.de\bertichile\villarica0201\villarica51_tn.jpg --> h1667152.stratoserver.net /httpdocs/bertichile/villarica0201 villarica51_tn.jpg
2009.12.08 18:10 B Z:\home\Berti\public_html\www.berti-golf.de\bertichile\villarica0201\villarica52.jpg --> h1667152.stratoserver.net /httpdocs/bertichile/villarica0201 villarica52.jpg
2009.12.08 18:10 B Z:\home\Berti\public_html\www.berti-golf.de\bertichile\villarica0201\villarica52_tn.jpg --> h1667152.stratoserver.net /httpdocs/bertichile/villarica0201 villarica52_tn.jpg
2009.12.08 18:10 B Z:\home\Berti\public_html\www.berti-golf.de\bertichile\villarica0201\villarica55.jpg --> h1667152.stratoserver.net /httpdocs/bertichile/villarica0201 villarica55.jpg
2009.12.08 18:10 B Z:\home\Berti\public_html\www.berti-golf.de\bertichile\villarica0201\villarica55_tn.jpg --> h1667152.stratoserver.net /httpdocs/bertichile/villarica0201 villarica55_tn.jpg
2009.12.08 18:10 B Z:\home\Berti\public_html\www.berti-golf.de\bertichile\villarica0201\villarica59.jpg --> h1667152.stratoserver.net /httpdocs/bertichile/villarica0201 villarica59.jpg
2009.12.08 18:10 B Z:\home\Berti\public_html\www.berti-golf.de\bertichile\villarica0201\villarica59_tn.jpg --> h1667152.stratoserver.net /httpdocs/bertichile/villarica0201 villarica59_tn.jpg
2009.12.08 18:10 B Z:\home\Berti\public_html\www.berti-golf.de\bertichile\villarica0201\villarica60.jpg --> h1667152.stratoserver.net /httpdocs/bertichile/villarica0201 villarica60.jpg
2009.12.08 18:10 B Z:\home\Berti\public_html\www.berti-golf.de\bertichile\villarica0201\villarica60_tn.jpg --> h1667152.stratoserver.net /httpdocs/bertichile/villarica0201 villarica60_tn.jpg
2009.12.08 18:10 B Z:\home\Berti\public_html\www.berti-golf.de\bertichile\villarica0201\villarica61.jpg --> h1667152.stratoserver.net /httpdocs/bertichile/villarica0201 villarica61.jpg
2009.12.08 18:10 B Z:\home\Berti\public_html\www.berti-golf.de\bertichile\villarica0201\villarica61_tn.jpg --> h1667152.stratoserver.net /httpdocs/bertichile/villarica0201 villarica61_tn.jpg
2009.12.08 18:10 B Z:\home\Berti\public_html\www.berti-golf.de\bertichile\villarica0201\villarica62.jpg --> h1667152.stratoserver.net /httpdocs/bertichile/villarica0201 villarica62.jpg
2009.12.08 18:10 B Z:\home\Berti\public_html\www.berti-golf.de\bertichile\villarica0201\villarica62_tn.jpg --> h1667152.stratoserver.net /httpdocs/bertichile/villarica0201 villarica62_tn.jpg
2009.12.08 18:10 B Z:\home\Berti\public_html\www.berti-golf.de\bertichile\villarica0201\villarica64.jpg --> h1667152.stratoserver.net /httpdocs/bertichile/villarica0201 villarica64.jpg
2009.12.08 18:10 B Z:\home\Berti\public_html\www.berti-golf.de\bertichile\villarica0201\villarica64_tn.jpg --> h1667152.stratoserver.net /httpdocs/bertichile/villarica0201 villarica64_tn.jpg
2009.12.08 18:10 B Z:\home\Berti\public_html\www.berti-golf.de\bertichile\villarica0201\villarica65.jpg --> h1667152.stratoserver.net /httpdocs/bertichile/villarica0201 villarica65.jpg
2009.12.08 18:10 B Z:\home\Berti\public_html\www.berti-golf.de\bertichile\villarica0201\villarica65_tn.jpg --> h1667152.stratoserver.net /httpdocs/bertichile/villarica0201 villarica65_tn.jpg
2009.12.08 18:10 B Z:\home\Berti\public_html\www.berti-golf.de\bertichile\villarica0201\villarica66.jpg --> h1667152.stratoserver.net /httpdocs/bertichile/villarica0201 villarica66.jpg
2009.12.08 18:10 B Z:\home\Berti\public_html\www.berti-golf.de\bertichile\villarica0201\villarica66_tn.jpg --> h1667152.stratoserver.net /httpdocs/bertichile/villarica0201 villarica66_tn.jpg
2009.12.08 18:10 B Z:\home\Berti\public_html\www.berti-golf.de\bertichile\villarica0201\villarica67.jpg --> h1667152.stratoserver.net /httpdocs/bertichile/villarica0201 villarica67.jpg
2009.12.08 18:10 B Z:\home\Berti\public_html\www.berti-golf.de\bertichile\villarica0201\villarica67_tn.jpg --> h1667152.stratoserver.net /httpdocs/bertichile/villarica0201 villarica67_tn.jpg
2009.12.08 18:10 B Z:\home\Berti\public_html\www.berti-golf.de\bertichile\villarica0201\villarica69.jpg --> h1667152.stratoserver.net /httpdocs/bertichile/villarica0201 villarica69.jpg
2009.12.08 18:10 B Z:\home\Berti\public_html\www.berti-golf.de\bertichile\villarica0201\villarica69_tn.jpg --> h1667152.stratoserver.net /httpdocs/bertichile/villarica0201 villarica69_tn.jpg
2009.12.08 18:10 B Z:\home\Berti\public_html\www.berti-golf.de\bertichile\villarica0201\villarica70.jpg --> h1667152.stratoserver.net /httpdocs/bertichile/villarica0201 villarica70.jpg
2009.12.08 18:10 B Z:\home\Berti\public_html\www.berti-golf.de\bertichile\villarica0201\villarica70_tn.jpg --> h1667152.stratoserver.net /httpdocs/bertichile/villarica0201 villarica70_tn.jpg
2009.12.08 18:10 B Z:\home\Berti\public_html\www.berti-golf.de\bertichile\villarica0201\villarica71.jpg --> h1667152.stratoserver.net /httpdocs/bertichile/villarica0201 villarica71.jpg
2009.12.08 18:10 B Z:\home\Berti\public_html\www.berti-golf.de\bertichile\villarica0201\villarica71_tn.jpg --> h1667152.stratoserver.net /httpdocs/bertichile/villarica0201 villarica71_tn.jpg
2009.12.08 18:10 B Z:\home\Berti\public_html\www.berti-golf.de\bertichile\villarica0201\villarica72.jpg --> h1667152.stratoserver.net /httpdocs/bertichile/villarica0201 villarica72.jpg
2009.12.08 18:10 B Z:\home\Berti\public_html\www.berti-golf.de\bertichile\villarica0201\villarica72_tn.jpg --> h1667152.stratoserver.net /httpdocs/bertichile/villarica0201 villarica72_tn.jpg
2009.12.08 18:10 B Z:\home\Berti\public_html\www.berti-golf.de\bertichile\villarica0201\villarica74.jpg --> h1667152.stratoserver.net /httpdocs/bertichile/villarica0201 villarica74.jpg
2009.12.08 18:10 B Z:\home\Berti\public_html\www.berti-golf.de\bertichile\villarica0201\villarica74_tn.jpg --> h1667152.stratoserver.net /httpdocs/bertichile/villarica0201 villarica74_tn.jpg
2009.12.08 18:10 B Z:\home\Berti\public_html\www.berti-golf.de\bertichile\villarica0201\villarica75.jpg --> h1667152.stratoserver.net /httpdocs/bertichile/villarica0201 villarica75.jpg
2009.12.08 18:10 B Z:\home\Berti\public_html\www.berti-golf.de\bertichile\villarica0201\villarica75_tn.jpg --> h1667152.stratoserver.net /httpdocs/bertichile/villarica0201 villarica75_tn.jpg
2009.12.08 18:10 B Z:\home\Berti\public_html\www.berti-golf.de\bertichile\villarica0201\villarica76.jpg --> h1667152.stratoserver.net /httpdocs/bertichile/villarica0201 villarica76.jpg
2009.12.08 18:10 B Z:\home\Berti\public_html\www.berti-golf.de\bertichile\villarica0201\villarica76_tn.jpg --> h1667152.stratoserver.net /httpdocs/bertichile/villarica0201 villarica76_tn.jpg
2009.12.08 18:10 B Z:\home\Berti\public_html\www.berti-golf.de\bertichile\villarica0201\villarica77.jpg --> h1667152.stratoserver.net /httpdocs/bertichile/villarica0201 villarica77.jpg
2009.12.08 18:10 B Z:\home\Berti\public_html\www.berti-golf.de\bertichile\villarica0201\villarica77_tn.jpg --> h1667152.stratoserver.net /httpdocs/bertichile/villarica0201 villarica77_tn.jpg
2009.12.08 18:10 B Z:\home\Berti\public_html\www.berti-golf.de\bertichile\villarica0201\villarica80.jpg --> h1667152.stratoserver.net /httpdocs/bertichile/villarica0201 villarica80.jpg
2009.12.08 18:10 B Z:\home\Berti\public_html\www.berti-golf.de\bertichile\villarica0201\villarica80_tn.jpg --> h1667152.stratoserver.net /httpdocs/bertichile/villarica0201 villarica80_tn.jpg
2009.12.08 18:10 B Z:\home\Berti\public_html\www.berti-golf.de\bertichile\villarica0201\villarica81.jpg --> h1667152.stratoserver.net /httpdocs/bertichile/villarica0201 villarica81.jpg
2009.12.08 18:10 B Z:\home\Berti\public_html\www.berti-golf.de\bertichile\villarica0201\villarica81_tn.jpg --> h1667152.stratoserver.net /httpdocs/bertichile/villarica0201 villarica81_tn.jpg
2009.12.08 18:10 B Z:\home\Berti\public_html\www.berti-golf.de\bertichile\villarica0201\villarica83.jpg --> h1667152.stratoserver.net /httpdocs/bertichile/villarica0201 villarica83.jpg
2009.12.08 18:10 B Z:\home\Berti\public_html\www.berti-golf.de\bertichile\villarica0201\villarica83_tn.jpg --> h1667152.stratoserver.net /httpdocs/bertichile/villarica0201 villarica83_tn.jpg
2009.12.08 18:10 B Z:\home\Berti\public_html\www.berti-golf.de\bertichile\villarica0201\villarica84.jpg --> h1667152.stratoserver.net /httpdocs/bertichile/villarica0201 villarica84.jpg
2009.12.08 18:10 B Z:\home\Berti\public_html\www.berti-golf.de\bertichile\villarica0201\villarica84_tn.jpg --> h1667152.stratoserver.net /httpdocs/bertichile/villarica0201 villarica84_tn.jpg
2009.12.08 18:10 B Z:\home\Berti\public_html\www.berti-golf.de\bertichile\villarica0201\villarica85.jpg --> h1667152.stratoserver.net /httpdocs/bertichile/villarica0201 villarica85.jpg
2009.12.08 18:10 B Z:\home\Berti\public_html\www.berti-golf.de\bertichile\villarica0201\villarica85_tn.jpg --> h1667152.stratoserver.net /httpdocs/bertichile/villarica0201 villarica85_tn.jpg
2009.12.08 18:10 B Z:\home\Berti\public_html\www.berti-golf.de\bertichile\villarica0201\villarica86.jpg --> h1667152.stratoserver.net /httpdocs/bertichile/villarica0201 villarica86.jpg
2009.12.08 18:10 B Z:\home\Berti\public_html\www.berti-golf.de\bertichile\villarica0201\villarica86_tn.jpg --> h1667152.stratoserver.net /httpdocs/bertichile/villarica0201 villarica86_tn.jpg
2009.12.08 18:10 B Z:\home\Berti\public_html\www.berti-golf.de\bertichile\villarica0201\villarica87.jpg --> h1667152.stratoserver.net /httpdocs/bertichile/villarica0201 villarica87.jpg
2009.12.08 18:10 B Z:\home\Berti\public_html\www.berti-golf.de\bertichile\villarica0201\villarica87_tn.jpg --> h1667152.stratoserver.net /httpdocs/bertichile/villarica0201 villarica87_tn.jpg
2009.12.08 18:10 B Z:\home\Berti\public_html\www.berti-golf.de\bertichile\villarica0201\villarica90.jpg --> h1667152.stratoserver.net /httpdocs/bertichile/villarica0201 villarica90.jpg
2009.12.08 18:10 B Z:\home\Berti\public_html\www.berti-golf.de\bertichile\villarica0201\villarica90_tn.jpg --> h1667152.stratoserver.net /httpdocs/bertichile/villarica0201 villarica90_tn.jpg
