2008.06.27 16:14 B K:\sicherung_webserver_h10__072008\berti-golf.de\public_html\bertichile\elcolorado\arbol.jpg <-- www.berti-golf.de /public_html/bertichile/elcolorado arbol.jpg
2008.06.27 16:14 B K:\sicherung_webserver_h10__072008\berti-golf.de\public_html\bertichile\elcolorado\arbol_tn.jpg <-- www.berti-golf.de /public_html/bertichile/elcolorado arbol_tn.jpg
2008.06.27 16:14 B K:\sicherung_webserver_h10__072008\berti-golf.de\public_html\bertichile\elcolorado\berti3.jpg <-- www.berti-golf.de /public_html/bertichile/elcolorado berti3.jpg
2008.06.27 16:14 B K:\sicherung_webserver_h10__072008\berti-golf.de\public_html\bertichile\elcolorado\berti3_tn.jpg <-- www.berti-golf.de /public_html/bertichile/elcolorado berti3_tn.jpg
2008.06.27 16:14 B K:\sicherung_webserver_h10__072008\berti-golf.de\public_html\bertichile\elcolorado\berti4.jpg <-- www.berti-golf.de /public_html/bertichile/elcolorado berti4.jpg
2008.06.27 16:14 B K:\sicherung_webserver_h10__072008\berti-golf.de\public_html\bertichile\elcolorado\berti4_tn.jpg <-- www.berti-golf.de /public_html/bertichile/elcolorado berti4_tn.jpg
2008.06.27 16:14 B K:\sicherung_webserver_h10__072008\berti-golf.de\public_html\bertichile\elcolorado\elcolorado.html <-- www.berti-golf.de /public_html/bertichile/elcolorado elcolorado.html
2008.06.27 16:14 B K:\sicherung_webserver_h10__072008\berti-golf.de\public_html\bertichile\elcolorado\elcolorado.jpg <-- www.berti-golf.de /public_html/bertichile/elcolorado elcolorado.jpg
2008.06.27 16:14 B K:\sicherung_webserver_h10__072008\berti-golf.de\public_html\bertichile\elcolorado\elcolorado_tn.jpg <-- www.berti-golf.de /public_html/bertichile/elcolorado elcolorado_tn.jpg
2008.06.27 16:14 B K:\sicherung_webserver_h10__072008\berti-golf.de\public_html\bertichile\elcolorado\laparva.jpg <-- www.berti-golf.de /public_html/bertichile/elcolorado laparva.jpg
2008.06.27 16:14 B K:\sicherung_webserver_h10__072008\berti-golf.de\public_html\bertichile\elcolorado\laparva3.jpg <-- www.berti-golf.de /public_html/bertichile/elcolorado laparva3.jpg
2008.06.27 16:14 B K:\sicherung_webserver_h10__072008\berti-golf.de\public_html\bertichile\elcolorado\laparva3_tn.jpg <-- www.berti-golf.de /public_html/bertichile/elcolorado laparva3_tn.jpg
2008.06.27 16:14 B K:\sicherung_webserver_h10__072008\berti-golf.de\public_html\bertichile\elcolorado\laparva_tn.jpg <-- www.berti-golf.de /public_html/bertichile/elcolorado laparva_tn.jpg
2008.06.27 16:14 B K:\sicherung_webserver_h10__072008\berti-golf.de\public_html\bertichile\elcolorado\mcolorado.jpg <-- www.berti-golf.de /public_html/bertichile/elcolorado mcolorado.jpg
2008.06.27 16:14 B K:\sicherung_webserver_h10__072008\berti-golf.de\public_html\bertichile\elcolorado\mcolorado_tn.jpg <-- www.berti-golf.de /public_html/bertichile/elcolorado mcolorado_tn.jpg
2008.06.27 16:14 B K:\sicherung_webserver_h10__072008\berti-golf.de\public_html\bertichile\elcolorado\nubes2.jpg <-- www.berti-golf.de /public_html/bertichile/elcolorado nubes2.jpg
2008.06.27 16:15 B K:\sicherung_webserver_h10__072008\berti-golf.de\public_html\bertichile\elcolorado\nubes2_tn.jpg <-- www.berti-golf.de /public_html/bertichile/elcolorado nubes2_tn.jpg
2008.06.27 16:15 B K:\sicherung_webserver_h10__072008\berti-golf.de\public_html\bertichile\elcolorado\nubes3.jpg <-- www.berti-golf.de /public_html/bertichile/elcolorado nubes3.jpg
2008.06.27 16:15 B K:\sicherung_webserver_h10__072008\berti-golf.de\public_html\bertichile\elcolorado\nubes3_tn.jpg <-- www.berti-golf.de /public_html/bertichile/elcolorado nubes3_tn.jpg
2008.06.27 16:15 B K:\sicherung_webserver_h10__072008\berti-golf.de\public_html\bertichile\elcolorado\nubes5.jpg <-- www.berti-golf.de /public_html/bertichile/elcolorado nubes5.jpg
2008.06.27 16:15 B K:\sicherung_webserver_h10__072008\berti-golf.de\public_html\bertichile\elcolorado\nubes5_tn.jpg <-- www.berti-golf.de /public_html/bertichile/elcolorado nubes5_tn.jpg
2008.06.27 16:15 B K:\sicherung_webserver_h10__072008\berti-golf.de\public_html\bertichile\elcolorado\nubes7.jpg <-- www.berti-golf.de /public_html/bertichile/elcolorado nubes7.jpg
2008.06.27 16:15 B K:\sicherung_webserver_h10__072008\berti-golf.de\public_html\bertichile\elcolorado\nubes7_tn.jpg <-- www.berti-golf.de /public_html/bertichile/elcolorado nubes7_tn.jpg
2008.06.27 16:15 B K:\sicherung_webserver_h10__072008\berti-golf.de\public_html\bertichile\elcolorado\polvo1.jpg <-- www.berti-golf.de /public_html/bertichile/elcolorado polvo1.jpg
2008.06.27 16:15 B K:\sicherung_webserver_h10__072008\berti-golf.de\public_html\bertichile\elcolorado\polvo1_tn.jpg <-- www.berti-golf.de /public_html/bertichile/elcolorado polvo1_tn.jpg
2008.06.27 16:15 B K:\sicherung_webserver_h10__072008\berti-golf.de\public_html\bertichile\elcolorado\polvo3.jpg <-- www.berti-golf.de /public_html/bertichile/elcolorado polvo3.jpg
2008.06.27 16:15 B K:\sicherung_webserver_h10__072008\berti-golf.de\public_html\bertichile\elcolorado\polvo3_tn.jpg <-- www.berti-golf.de /public_html/bertichile/elcolorado polvo3_tn.jpg
2008.06.27 16:15 B K:\sicherung_webserver_h10__072008\berti-golf.de\public_html\bertichile\elcolorado\polvo5.jpg <-- www.berti-golf.de /public_html/bertichile/elcolorado polvo5.jpg
2008.06.27 16:15 B K:\sicherung_webserver_h10__072008\berti-golf.de\public_html\bertichile\elcolorado\polvo5_tn.jpg <-- www.berti-golf.de /public_html/bertichile/elcolorado polvo5_tn.jpg
2008.06.27 16:15 B K:\sicherung_webserver_h10__072008\berti-golf.de\public_html\bertichile\elcolorado\sclariba1.jpg <-- www.berti-golf.de /public_html/bertichile/elcolorado sclariba1.jpg
2008.06.27 16:15 B K:\sicherung_webserver_h10__072008\berti-golf.de\public_html\bertichile\elcolorado\sclariba1_tn.jpg <-- www.berti-golf.de /public_html/bertichile/elcolorado sclariba1_tn.jpg
2008.06.27 16:15 B K:\sicherung_webserver_h10__072008\berti-golf.de\public_html\bertichile\elcolorado\vallenevado.jpg <-- www.berti-golf.de /public_html/bertichile/elcolorado vallenevado.jpg
2008.06.27 16:15 B K:\sicherung_webserver_h10__072008\berti-golf.de\public_html\bertichile\elcolorado\vallenevado_tn.jpg <-- www.berti-golf.de /public_html/bertichile/elcolorado vallenevado_tn.jpg
2008.06.27 16:15 B K:\sicherung_webserver_h10__072008\berti-golf.de\public_html\bertichile\elcolorado\vista2.jpg <-- www.berti-golf.de /public_html/bertichile/elcolorado vista2.jpg
2008.06.27 16:15 B K:\sicherung_webserver_h10__072008\berti-golf.de\public_html\bertichile\elcolorado\vista2_tn.jpg <-- www.berti-golf.de /public_html/bertichile/elcolorado vista2_tn.jpg
2008.06.27 16:15 B K:\sicherung_webserver_h10__072008\berti-golf.de\public_html\bertichile\elcolorado\vista3.jpg <-- www.berti-golf.de /public_html/bertichile/elcolorado vista3.jpg
2008.06.27 16:15 B K:\sicherung_webserver_h10__072008\berti-golf.de\public_html\bertichile\elcolorado\vista3_tn.jpg <-- www.berti-golf.de /public_html/bertichile/elcolorado vista3_tn.jpg
2008.06.27 16:15 B K:\sicherung_webserver_h10__072008\berti-golf.de\public_html\bertichile\elcolorado\vista4.jpg <-- www.berti-golf.de /public_html/bertichile/elcolorado vista4.jpg
2008.06.27 16:15 B K:\sicherung_webserver_h10__072008\berti-golf.de\public_html\bertichile\elcolorado\vista4_tn.jpg <-- www.berti-golf.de /public_html/bertichile/elcolorado vista4_tn.jpg
2008.06.27 19:11 B K:\sicherung_webserver_h10__072008\berti-golf.de\public_html\bertichile\elcolorado\arbol.jpg --> bertigolfde.h1403220.stratoserver.net /public_html/bertichile/elcolorado arbol.jpg
2008.06.27 19:11 B K:\sicherung_webserver_h10__072008\berti-golf.de\public_html\bertichile\elcolorado\arbol_tn.jpg --> bertigolfde.h1403220.stratoserver.net /public_html/bertichile/elcolorado arbol_tn.jpg
2008.06.27 19:11 B K:\sicherung_webserver_h10__072008\berti-golf.de\public_html\bertichile\elcolorado\berti3.jpg --> bertigolfde.h1403220.stratoserver.net /public_html/bertichile/elcolorado berti3.jpg
2008.06.27 19:11 B K:\sicherung_webserver_h10__072008\berti-golf.de\public_html\bertichile\elcolorado\berti3_tn.jpg --> bertigolfde.h1403220.stratoserver.net /public_html/bertichile/elcolorado berti3_tn.jpg
2008.06.27 19:11 B K:\sicherung_webserver_h10__072008\berti-golf.de\public_html\bertichile\elcolorado\berti4.jpg --> bertigolfde.h1403220.stratoserver.net /public_html/bertichile/elcolorado berti4.jpg
2008.06.27 19:11 B K:\sicherung_webserver_h10__072008\berti-golf.de\public_html\bertichile\elcolorado\berti4_tn.jpg --> bertigolfde.h1403220.stratoserver.net /public_html/bertichile/elcolorado berti4_tn.jpg
2008.06.27 19:11 B K:\sicherung_webserver_h10__072008\berti-golf.de\public_html\bertichile\elcolorado\elcolorado.html --> bertigolfde.h1403220.stratoserver.net /public_html/bertichile/elcolorado elcolorado.html
2008.06.27 19:12 B K:\sicherung_webserver_h10__072008\berti-golf.de\public_html\bertichile\elcolorado\elcolorado.jpg --> bertigolfde.h1403220.stratoserver.net /public_html/bertichile/elcolorado elcolorado.jpg
2008.06.27 19:12 B K:\sicherung_webserver_h10__072008\berti-golf.de\public_html\bertichile\elcolorado\elcolorado_tn.jpg --> bertigolfde.h1403220.stratoserver.net /public_html/bertichile/elcolorado elcolorado_tn.jpg
2008.06.27 19:12 B K:\sicherung_webserver_h10__072008\berti-golf.de\public_html\bertichile\elcolorado\laparva.jpg --> bertigolfde.h1403220.stratoserver.net /public_html/bertichile/elcolorado laparva.jpg
2008.06.27 19:12 B K:\sicherung_webserver_h10__072008\berti-golf.de\public_html\bertichile\elcolorado\laparva3.jpg --> bertigolfde.h1403220.stratoserver.net /public_html/bertichile/elcolorado laparva3.jpg
2008.06.27 19:12 B K:\sicherung_webserver_h10__072008\berti-golf.de\public_html\bertichile\elcolorado\laparva3_tn.jpg --> bertigolfde.h1403220.stratoserver.net /public_html/bertichile/elcolorado laparva3_tn.jpg
2008.06.27 19:12 B K:\sicherung_webserver_h10__072008\berti-golf.de\public_html\bertichile\elcolorado\laparva_tn.jpg --> bertigolfde.h1403220.stratoserver.net /public_html/bertichile/elcolorado laparva_tn.jpg
2008.06.27 19:12 B K:\sicherung_webserver_h10__072008\berti-golf.de\public_html\bertichile\elcolorado\mcolorado.jpg --> bertigolfde.h1403220.stratoserver.net /public_html/bertichile/elcolorado mcolorado.jpg
2008.06.27 19:12 B K:\sicherung_webserver_h10__072008\berti-golf.de\public_html\bertichile\elcolorado\mcolorado_tn.jpg --> bertigolfde.h1403220.stratoserver.net /public_html/bertichile/elcolorado mcolorado_tn.jpg
2008.06.27 19:12 B K:\sicherung_webserver_h10__072008\berti-golf.de\public_html\bertichile\elcolorado\nubes2.jpg --> bertigolfde.h1403220.stratoserver.net /public_html/bertichile/elcolorado nubes2.jpg
2008.06.27 19:12 B K:\sicherung_webserver_h10__072008\berti-golf.de\public_html\bertichile\elcolorado\nubes2_tn.jpg --> bertigolfde.h1403220.stratoserver.net /public_html/bertichile/elcolorado nubes2_tn.jpg
2008.06.27 19:12 B K:\sicherung_webserver_h10__072008\berti-golf.de\public_html\bertichile\elcolorado\nubes3.jpg --> bertigolfde.h1403220.stratoserver.net /public_html/bertichile/elcolorado nubes3.jpg
2008.06.27 19:12 B K:\sicherung_webserver_h10__072008\berti-golf.de\public_html\bertichile\elcolorado\nubes3_tn.jpg --> bertigolfde.h1403220.stratoserver.net /public_html/bertichile/elcolorado nubes3_tn.jpg
2008.06.27 19:12 B K:\sicherung_webserver_h10__072008\berti-golf.de\public_html\bertichile\elcolorado\nubes5.jpg --> bertigolfde.h1403220.stratoserver.net /public_html/bertichile/elcolorado nubes5.jpg
2008.06.27 19:12 B K:\sicherung_webserver_h10__072008\berti-golf.de\public_html\bertichile\elcolorado\nubes5_tn.jpg --> bertigolfde.h1403220.stratoserver.net /public_html/bertichile/elcolorado nubes5_tn.jpg
2008.06.27 19:12 B K:\sicherung_webserver_h10__072008\berti-golf.de\public_html\bertichile\elcolorado\nubes7.jpg --> bertigolfde.h1403220.stratoserver.net /public_html/bertichile/elcolorado nubes7.jpg
2008.06.27 19:12 B K:\sicherung_webserver_h10__072008\berti-golf.de\public_html\bertichile\elcolorado\nubes7_tn.jpg --> bertigolfde.h1403220.stratoserver.net /public_html/bertichile/elcolorado nubes7_tn.jpg
2008.06.27 19:12 B K:\sicherung_webserver_h10__072008\berti-golf.de\public_html\bertichile\elcolorado\polvo1.jpg --> bertigolfde.h1403220.stratoserver.net /public_html/bertichile/elcolorado polvo1.jpg
2008.06.27 19:12 B K:\sicherung_webserver_h10__072008\berti-golf.de\public_html\bertichile\elcolorado\polvo1_tn.jpg --> bertigolfde.h1403220.stratoserver.net /public_html/bertichile/elcolorado polvo1_tn.jpg
2008.06.27 19:12 B K:\sicherung_webserver_h10__072008\berti-golf.de\public_html\bertichile\elcolorado\polvo3.jpg --> bertigolfde.h1403220.stratoserver.net /public_html/bertichile/elcolorado polvo3.jpg
2008.06.27 19:12 B K:\sicherung_webserver_h10__072008\berti-golf.de\public_html\bertichile\elcolorado\polvo3_tn.jpg --> bertigolfde.h1403220.stratoserver.net /public_html/bertichile/elcolorado polvo3_tn.jpg
2008.06.27 19:12 B K:\sicherung_webserver_h10__072008\berti-golf.de\public_html\bertichile\elcolorado\polvo5.jpg --> bertigolfde.h1403220.stratoserver.net /public_html/bertichile/elcolorado polvo5.jpg
2008.06.27 19:12 B K:\sicherung_webserver_h10__072008\berti-golf.de\public_html\bertichile\elcolorado\polvo5_tn.jpg --> bertigolfde.h1403220.stratoserver.net /public_html/bertichile/elcolorado polvo5_tn.jpg
2008.06.27 19:12 B K:\sicherung_webserver_h10__072008\berti-golf.de\public_html\bertichile\elcolorado\sclariba1.jpg --> bertigolfde.h1403220.stratoserver.net /public_html/bertichile/elcolorado sclariba1.jpg
2008.06.27 19:12 B K:\sicherung_webserver_h10__072008\berti-golf.de\public_html\bertichile\elcolorado\sclariba1_tn.jpg --> bertigolfde.h1403220.stratoserver.net /public_html/bertichile/elcolorado sclariba1_tn.jpg
2008.06.27 19:12 B K:\sicherung_webserver_h10__072008\berti-golf.de\public_html\bertichile\elcolorado\vallenevado.jpg --> bertigolfde.h1403220.stratoserver.net /public_html/bertichile/elcolorado vallenevado.jpg
2008.06.27 19:12 B K:\sicherung_webserver_h10__072008\berti-golf.de\public_html\bertichile\elcolorado\vallenevado_tn.jpg --> bertigolfde.h1403220.stratoserver.net /public_html/bertichile/elcolorado vallenevado_tn.jpg
2008.06.27 19:12 B K:\sicherung_webserver_h10__072008\berti-golf.de\public_html\bertichile\elcolorado\vista2.jpg --> bertigolfde.h1403220.stratoserver.net /public_html/bertichile/elcolorado vista2.jpg
2008.06.27 19:12 B K:\sicherung_webserver_h10__072008\berti-golf.de\public_html\bertichile\elcolorado\vista2_tn.jpg --> bertigolfde.h1403220.stratoserver.net /public_html/bertichile/elcolorado vista2_tn.jpg
2008.06.27 19:12 B K:\sicherung_webserver_h10__072008\berti-golf.de\public_html\bertichile\elcolorado\vista3.jpg --> bertigolfde.h1403220.stratoserver.net /public_html/bertichile/elcolorado vista3.jpg
2008.06.27 19:12 B K:\sicherung_webserver_h10__072008\berti-golf.de\public_html\bertichile\elcolorado\vista3_tn.jpg --> bertigolfde.h1403220.stratoserver.net /public_html/bertichile/elcolorado vista3_tn.jpg
2008.06.27 19:12 B K:\sicherung_webserver_h10__072008\berti-golf.de\public_html\bertichile\elcolorado\vista4.jpg --> bertigolfde.h1403220.stratoserver.net /public_html/bertichile/elcolorado vista4.jpg
2008.06.27 19:12 B K:\sicherung_webserver_h10__072008\berti-golf.de\public_html\bertichile\elcolorado\vista4_tn.jpg --> bertigolfde.h1403220.stratoserver.net /public_html/bertichile/elcolorado vista4_tn.jpg
2009.05.01 07:13 B Z:\home\Berti\public_html\www.berti-golf.de\bertichile\elcolorado\WS_FTP.LOG <-- bertigolfde.h1403220.stratoserver.net /public_html/bertichile/elcolorado WS_FTP.LOG
2009.12.08 17:57 B Z:\home\Berti\public_html\www.berti-golf.de\bertichile\elcolorado\arbol.jpg --> h1667152.stratoserver.net /httpdocs/bertichile/elcolorado arbol.jpg
2009.12.08 17:57 B Z:\home\Berti\public_html\www.berti-golf.de\bertichile\elcolorado\arbol_tn.jpg --> h1667152.stratoserver.net /httpdocs/bertichile/elcolorado arbol_tn.jpg
2009.12.08 17:57 B Z:\home\Berti\public_html\www.berti-golf.de\bertichile\elcolorado\berti3.jpg --> h1667152.stratoserver.net /httpdocs/bertichile/elcolorado berti3.jpg
2009.12.08 17:57 B Z:\home\Berti\public_html\www.berti-golf.de\bertichile\elcolorado\berti3_tn.jpg --> h1667152.stratoserver.net /httpdocs/bertichile/elcolorado berti3_tn.jpg
2009.12.08 17:57 B Z:\home\Berti\public_html\www.berti-golf.de\bertichile\elcolorado\berti4.jpg --> h1667152.stratoserver.net /httpdocs/bertichile/elcolorado berti4.jpg
2009.12.08 17:57 B Z:\home\Berti\public_html\www.berti-golf.de\bertichile\elcolorado\berti4_tn.jpg --> h1667152.stratoserver.net /httpdocs/bertichile/elcolorado berti4_tn.jpg
2009.12.08 17:57 B Z:\home\Berti\public_html\www.berti-golf.de\bertichile\elcolorado\elcolorado.html --> h1667152.stratoserver.net /httpdocs/bertichile/elcolorado elcolorado.html
2009.12.08 17:57 B Z:\home\Berti\public_html\www.berti-golf.de\bertichile\elcolorado\elcolorado.jpg --> h1667152.stratoserver.net /httpdocs/bertichile/elcolorado elcolorado.jpg
2009.12.08 17:57 B Z:\home\Berti\public_html\www.berti-golf.de\bertichile\elcolorado\elcolorado_tn.jpg --> h1667152.stratoserver.net /httpdocs/bertichile/elcolorado elcolorado_tn.jpg
2009.12.08 17:57 B Z:\home\Berti\public_html\www.berti-golf.de\bertichile\elcolorado\laparva.jpg --> h1667152.stratoserver.net /httpdocs/bertichile/elcolorado laparva.jpg
2009.12.08 17:57 B Z:\home\Berti\public_html\www.berti-golf.de\bertichile\elcolorado\laparva3.jpg --> h1667152.stratoserver.net /httpdocs/bertichile/elcolorado laparva3.jpg
2009.12.08 17:57 B Z:\home\Berti\public_html\www.berti-golf.de\bertichile\elcolorado\laparva3_tn.jpg --> h1667152.stratoserver.net /httpdocs/bertichile/elcolorado laparva3_tn.jpg
2009.12.08 17:57 B Z:\home\Berti\public_html\www.berti-golf.de\bertichile\elcolorado\laparva_tn.jpg --> h1667152.stratoserver.net /httpdocs/bertichile/elcolorado laparva_tn.jpg
2009.12.08 17:57 B Z:\home\Berti\public_html\www.berti-golf.de\bertichile\elcolorado\mcolorado.jpg --> h1667152.stratoserver.net /httpdocs/bertichile/elcolorado mcolorado.jpg
2009.12.08 17:57 B Z:\home\Berti\public_html\www.berti-golf.de\bertichile\elcolorado\mcolorado_tn.jpg --> h1667152.stratoserver.net /httpdocs/bertichile/elcolorado mcolorado_tn.jpg
2009.12.08 17:57 B Z:\home\Berti\public_html\www.berti-golf.de\bertichile\elcolorado\nubes2.jpg --> h1667152.stratoserver.net /httpdocs/bertichile/elcolorado nubes2.jpg
2009.12.08 17:57 B Z:\home\Berti\public_html\www.berti-golf.de\bertichile\elcolorado\nubes2_tn.jpg --> h1667152.stratoserver.net /httpdocs/bertichile/elcolorado nubes2_tn.jpg
2009.12.08 17:57 B Z:\home\Berti\public_html\www.berti-golf.de\bertichile\elcolorado\nubes3.jpg --> h1667152.stratoserver.net /httpdocs/bertichile/elcolorado nubes3.jpg
2009.12.08 17:57 B Z:\home\Berti\public_html\www.berti-golf.de\bertichile\elcolorado\nubes3_tn.jpg --> h1667152.stratoserver.net /httpdocs/bertichile/elcolorado nubes3_tn.jpg
2009.12.08 17:57 B Z:\home\Berti\public_html\www.berti-golf.de\bertichile\elcolorado\nubes5.jpg --> h1667152.stratoserver.net /httpdocs/bertichile/elcolorado nubes5.jpg
2009.12.08 17:57 B Z:\home\Berti\public_html\www.berti-golf.de\bertichile\elcolorado\nubes5_tn.jpg --> h1667152.stratoserver.net /httpdocs/bertichile/elcolorado nubes5_tn.jpg
2009.12.08 17:57 B Z:\home\Berti\public_html\www.berti-golf.de\bertichile\elcolorado\nubes7.jpg --> h1667152.stratoserver.net /httpdocs/bertichile/elcolorado nubes7.jpg
2009.12.08 17:57 B Z:\home\Berti\public_html\www.berti-golf.de\bertichile\elcolorado\nubes7_tn.jpg --> h1667152.stratoserver.net /httpdocs/bertichile/elcolorado nubes7_tn.jpg
2009.12.08 17:57 B Z:\home\Berti\public_html\www.berti-golf.de\bertichile\elcolorado\polvo1.jpg --> h1667152.stratoserver.net /httpdocs/bertichile/elcolorado polvo1.jpg
2009.12.08 17:57 B Z:\home\Berti\public_html\www.berti-golf.de\bertichile\elcolorado\polvo1_tn.jpg --> h1667152.stratoserver.net /httpdocs/bertichile/elcolorado polvo1_tn.jpg
2009.12.08 17:57 B Z:\home\Berti\public_html\www.berti-golf.de\bertichile\elcolorado\polvo3.jpg --> h1667152.stratoserver.net /httpdocs/bertichile/elcolorado polvo3.jpg
2009.12.08 17:57 B Z:\home\Berti\public_html\www.berti-golf.de\bertichile\elcolorado\polvo3_tn.jpg --> h1667152.stratoserver.net /httpdocs/bertichile/elcolorado polvo3_tn.jpg
2009.12.08 17:57 B Z:\home\Berti\public_html\www.berti-golf.de\bertichile\elcolorado\polvo5.jpg --> h1667152.stratoserver.net /httpdocs/bertichile/elcolorado polvo5.jpg
2009.12.08 17:57 B Z:\home\Berti\public_html\www.berti-golf.de\bertichile\elcolorado\polvo5_tn.jpg --> h1667152.stratoserver.net /httpdocs/bertichile/elcolorado polvo5_tn.jpg
2009.12.08 17:57 B Z:\home\Berti\public_html\www.berti-golf.de\bertichile\elcolorado\sclariba1.jpg --> h1667152.stratoserver.net /httpdocs/bertichile/elcolorado sclariba1.jpg
2009.12.08 17:57 B Z:\home\Berti\public_html\www.berti-golf.de\bertichile\elcolorado\sclariba1_tn.jpg --> h1667152.stratoserver.net /httpdocs/bertichile/elcolorado sclariba1_tn.jpg
2009.12.08 17:57 B Z:\home\Berti\public_html\www.berti-golf.de\bertichile\elcolorado\vallenevado.jpg --> h1667152.stratoserver.net /httpdocs/bertichile/elcolorado vallenevado.jpg
2009.12.08 17:57 B Z:\home\Berti\public_html\www.berti-golf.de\bertichile\elcolorado\vallenevado_tn.jpg --> h1667152.stratoserver.net /httpdocs/bertichile/elcolorado vallenevado_tn.jpg
2009.12.08 17:57 B Z:\home\Berti\public_html\www.berti-golf.de\bertichile\elcolorado\vista2.jpg --> h1667152.stratoserver.net /httpdocs/bertichile/elcolorado vista2.jpg
2009.12.08 17:57 B Z:\home\Berti\public_html\www.berti-golf.de\bertichile\elcolorado\vista2_tn.jpg --> h1667152.stratoserver.net /httpdocs/bertichile/elcolorado vista2_tn.jpg
2009.12.08 17:57 B Z:\home\Berti\public_html\www.berti-golf.de\bertichile\elcolorado\vista3.jpg --> h1667152.stratoserver.net /httpdocs/bertichile/elcolorado vista3.jpg
2009.12.08 17:57 B Z:\home\Berti\public_html\www.berti-golf.de\bertichile\elcolorado\vista3_tn.jpg --> h1667152.stratoserver.net /httpdocs/bertichile/elcolorado vista3_tn.jpg
2009.12.08 17:57 B Z:\home\Berti\public_html\www.berti-golf.de\bertichile\elcolorado\vista4.jpg --> h1667152.stratoserver.net /httpdocs/bertichile/elcolorado vista4.jpg
2009.12.08 17:58 B Z:\home\Berti\public_html\www.berti-golf.de\bertichile\elcolorado\vista4_tn.jpg --> h1667152.stratoserver.net /httpdocs/bertichile/elcolorado vista4_tn.jpg
