2008.06.27 16:37 B K:\sicherung_webserver_h10__072008\berti-golf.de\public_html\bertichile\santurio\berti-cajon.jpg <-- www.berti-golf.de /public_html/bertichile/santurio berti-cajon.jpg
2008.06.27 16:37 B K:\sicherung_webserver_h10__072008\berti-golf.de\public_html\bertichile\santurio\berti-cajon_tn.jpg <-- www.berti-golf.de /public_html/bertichile/santurio berti-cajon_tn.jpg
2008.06.27 16:37 B K:\sicherung_webserver_h10__072008\berti-golf.de\public_html\bertichile\santurio\cajon1.jpg <-- www.berti-golf.de /public_html/bertichile/santurio cajon1.jpg
2008.06.27 16:37 B K:\sicherung_webserver_h10__072008\berti-golf.de\public_html\bertichile\santurio\cajon1_tn.jpg <-- www.berti-golf.de /public_html/bertichile/santurio cajon1_tn.jpg
2008.06.27 16:37 B K:\sicherung_webserver_h10__072008\berti-golf.de\public_html\bertichile\santurio\erdi-canon.jpg <-- www.berti-golf.de /public_html/bertichile/santurio erdi-canon.jpg
2008.06.27 16:37 B K:\sicherung_webserver_h10__072008\berti-golf.de\public_html\bertichile\santurio\erdi-canon_tn.jpg <-- www.berti-golf.de /public_html/bertichile/santurio erdi-canon_tn.jpg
2008.06.27 16:37 B K:\sicherung_webserver_h10__072008\berti-golf.de\public_html\bertichile\santurio\erdi-guni.jpg <-- www.berti-golf.de /public_html/bertichile/santurio erdi-guni.jpg
2008.06.27 16:37 B K:\sicherung_webserver_h10__072008\berti-golf.de\public_html\bertichile\santurio\erdi-guni_tn.jpg <-- www.berti-golf.de /public_html/bertichile/santurio erdi-guni_tn.jpg
2008.06.27 16:37 B K:\sicherung_webserver_h10__072008\berti-golf.de\public_html\bertichile\santurio\erdi-smog.jpg <-- www.berti-golf.de /public_html/bertichile/santurio erdi-smog.jpg
2008.06.27 16:37 B K:\sicherung_webserver_h10__072008\berti-golf.de\public_html\bertichile\santurio\erdi-smog_tn.jpg <-- www.berti-golf.de /public_html/bertichile/santurio erdi-smog_tn.jpg
2008.06.27 16:37 B K:\sicherung_webserver_h10__072008\berti-golf.de\public_html\bertichile\santurio\guni-andar.jpg <-- www.berti-golf.de /public_html/bertichile/santurio guni-andar.jpg
2008.06.27 16:37 B K:\sicherung_webserver_h10__072008\berti-golf.de\public_html\bertichile\santurio\guni-andar_tn.jpg <-- www.berti-golf.de /public_html/bertichile/santurio guni-andar_tn.jpg
2008.06.27 16:37 B K:\sicherung_webserver_h10__072008\berti-golf.de\public_html\bertichile\santurio\guni-kaktus.jpg <-- www.berti-golf.de /public_html/bertichile/santurio guni-kaktus.jpg
2008.06.27 16:37 B K:\sicherung_webserver_h10__072008\berti-golf.de\public_html\bertichile\santurio\guni-kaktus_tn.jpg <-- www.berti-golf.de /public_html/bertichile/santurio guni-kaktus_tn.jpg
2008.06.27 16:37 B K:\sicherung_webserver_h10__072008\berti-golf.de\public_html\bertichile\santurio\kakteen.jpg <-- www.berti-golf.de /public_html/bertichile/santurio kakteen.jpg
2008.06.27 16:37 B K:\sicherung_webserver_h10__072008\berti-golf.de\public_html\bertichile\santurio\kakteen_tn.jpg <-- www.berti-golf.de /public_html/bertichile/santurio kakteen_tn.jpg
2008.06.27 16:37 B K:\sicherung_webserver_h10__072008\berti-golf.de\public_html\bertichile\santurio\santurio.html <-- www.berti-golf.de /public_html/bertichile/santurio santurio.html
2008.06.27 16:37 B K:\sicherung_webserver_h10__072008\berti-golf.de\public_html\bertichile\santurio\vorlage.html <-- www.berti-golf.de /public_html/bertichile/santurio vorlage.html
2008.06.27 19:31 B K:\sicherung_webserver_h10__072008\berti-golf.de\public_html\bertichile\santurio\berti-cajon.jpg --> bertigolfde.h1403220.stratoserver.net /public_html/bertichile/santurio berti-cajon.jpg
2008.06.27 19:31 B K:\sicherung_webserver_h10__072008\berti-golf.de\public_html\bertichile\santurio\berti-cajon_tn.jpg --> bertigolfde.h1403220.stratoserver.net /public_html/bertichile/santurio berti-cajon_tn.jpg
2008.06.27 19:31 B K:\sicherung_webserver_h10__072008\berti-golf.de\public_html\bertichile\santurio\cajon1.jpg --> bertigolfde.h1403220.stratoserver.net /public_html/bertichile/santurio cajon1.jpg
2008.06.27 19:31 B K:\sicherung_webserver_h10__072008\berti-golf.de\public_html\bertichile\santurio\cajon1_tn.jpg --> bertigolfde.h1403220.stratoserver.net /public_html/bertichile/santurio cajon1_tn.jpg
2008.06.27 19:31 B K:\sicherung_webserver_h10__072008\berti-golf.de\public_html\bertichile\santurio\erdi-canon.jpg --> bertigolfde.h1403220.stratoserver.net /public_html/bertichile/santurio erdi-canon.jpg
2008.06.27 19:31 B K:\sicherung_webserver_h10__072008\berti-golf.de\public_html\bertichile\santurio\erdi-canon_tn.jpg --> bertigolfde.h1403220.stratoserver.net /public_html/bertichile/santurio erdi-canon_tn.jpg
2008.06.27 19:32 B K:\sicherung_webserver_h10__072008\berti-golf.de\public_html\bertichile\santurio\erdi-guni.jpg --> bertigolfde.h1403220.stratoserver.net /public_html/bertichile/santurio erdi-guni.jpg
2008.06.27 19:32 B K:\sicherung_webserver_h10__072008\berti-golf.de\public_html\bertichile\santurio\erdi-guni_tn.jpg --> bertigolfde.h1403220.stratoserver.net /public_html/bertichile/santurio erdi-guni_tn.jpg
2008.06.27 19:32 B K:\sicherung_webserver_h10__072008\berti-golf.de\public_html\bertichile\santurio\erdi-smog.jpg --> bertigolfde.h1403220.stratoserver.net /public_html/bertichile/santurio erdi-smog.jpg
2008.06.27 19:32 B K:\sicherung_webserver_h10__072008\berti-golf.de\public_html\bertichile\santurio\erdi-smog_tn.jpg --> bertigolfde.h1403220.stratoserver.net /public_html/bertichile/santurio erdi-smog_tn.jpg
2008.06.27 19:32 B K:\sicherung_webserver_h10__072008\berti-golf.de\public_html\bertichile\santurio\guni-andar.jpg --> bertigolfde.h1403220.stratoserver.net /public_html/bertichile/santurio guni-andar.jpg
2008.06.27 19:32 B K:\sicherung_webserver_h10__072008\berti-golf.de\public_html\bertichile\santurio\guni-andar_tn.jpg --> bertigolfde.h1403220.stratoserver.net /public_html/bertichile/santurio guni-andar_tn.jpg
2008.06.27 19:32 B K:\sicherung_webserver_h10__072008\berti-golf.de\public_html\bertichile\santurio\guni-kaktus.jpg --> bertigolfde.h1403220.stratoserver.net /public_html/bertichile/santurio guni-kaktus.jpg
2008.06.27 19:32 B K:\sicherung_webserver_h10__072008\berti-golf.de\public_html\bertichile\santurio\guni-kaktus_tn.jpg --> bertigolfde.h1403220.stratoserver.net /public_html/bertichile/santurio guni-kaktus_tn.jpg
2008.06.27 19:32 B K:\sicherung_webserver_h10__072008\berti-golf.de\public_html\bertichile\santurio\kakteen.jpg --> bertigolfde.h1403220.stratoserver.net /public_html/bertichile/santurio kakteen.jpg
2008.06.27 19:32 B K:\sicherung_webserver_h10__072008\berti-golf.de\public_html\bertichile\santurio\kakteen_tn.jpg --> bertigolfde.h1403220.stratoserver.net /public_html/bertichile/santurio kakteen_tn.jpg
2008.06.27 19:32 B K:\sicherung_webserver_h10__072008\berti-golf.de\public_html\bertichile\santurio\santurio.html --> bertigolfde.h1403220.stratoserver.net /public_html/bertichile/santurio santurio.html
2008.06.27 19:32 B K:\sicherung_webserver_h10__072008\berti-golf.de\public_html\bertichile\santurio\vorlage.html --> bertigolfde.h1403220.stratoserver.net /public_html/bertichile/santurio vorlage.html
2009.05.01 07:23 B Z:\home\Berti\public_html\www.berti-golf.de\bertichile\santurio\WS_FTP.LOG <-- bertigolfde.h1403220.stratoserver.net /public_html/bertichile/santurio WS_FTP.LOG
2009.12.08 18:07 B Z:\home\Berti\public_html\www.berti-golf.de\bertichile\santurio\berti-cajon.jpg --> h1667152.stratoserver.net /httpdocs/bertichile/santurio berti-cajon.jpg
2009.12.08 18:07 B Z:\home\Berti\public_html\www.berti-golf.de\bertichile\santurio\berti-cajon_tn.jpg --> h1667152.stratoserver.net /httpdocs/bertichile/santurio berti-cajon_tn.jpg
2009.12.08 18:07 B Z:\home\Berti\public_html\www.berti-golf.de\bertichile\santurio\cajon1.jpg --> h1667152.stratoserver.net /httpdocs/bertichile/santurio cajon1.jpg
2009.12.08 18:07 B Z:\home\Berti\public_html\www.berti-golf.de\bertichile\santurio\cajon1_tn.jpg --> h1667152.stratoserver.net /httpdocs/bertichile/santurio cajon1_tn.jpg
2009.12.08 18:07 B Z:\home\Berti\public_html\www.berti-golf.de\bertichile\santurio\erdi-canon.jpg --> h1667152.stratoserver.net /httpdocs/bertichile/santurio erdi-canon.jpg
2009.12.08 18:07 B Z:\home\Berti\public_html\www.berti-golf.de\bertichile\santurio\erdi-canon_tn.jpg --> h1667152.stratoserver.net /httpdocs/bertichile/santurio erdi-canon_tn.jpg
2009.12.08 18:07 B Z:\home\Berti\public_html\www.berti-golf.de\bertichile\santurio\erdi-guni.jpg --> h1667152.stratoserver.net /httpdocs/bertichile/santurio erdi-guni.jpg
2009.12.08 18:07 B Z:\home\Berti\public_html\www.berti-golf.de\bertichile\santurio\erdi-guni_tn.jpg --> h1667152.stratoserver.net /httpdocs/bertichile/santurio erdi-guni_tn.jpg
2009.12.08 18:07 B Z:\home\Berti\public_html\www.berti-golf.de\bertichile\santurio\erdi-smog.jpg --> h1667152.stratoserver.net /httpdocs/bertichile/santurio erdi-smog.jpg
2009.12.08 18:07 B Z:\home\Berti\public_html\www.berti-golf.de\bertichile\santurio\erdi-smog_tn.jpg --> h1667152.stratoserver.net /httpdocs/bertichile/santurio erdi-smog_tn.jpg
2009.12.08 18:07 B Z:\home\Berti\public_html\www.berti-golf.de\bertichile\santurio\guni-andar.jpg --> h1667152.stratoserver.net /httpdocs/bertichile/santurio guni-andar.jpg
2009.12.08 18:07 B Z:\home\Berti\public_html\www.berti-golf.de\bertichile\santurio\guni-andar_tn.jpg --> h1667152.stratoserver.net /httpdocs/bertichile/santurio guni-andar_tn.jpg
2009.12.08 18:07 B Z:\home\Berti\public_html\www.berti-golf.de\bertichile\santurio\guni-kaktus.jpg --> h1667152.stratoserver.net /httpdocs/bertichile/santurio guni-kaktus.jpg
2009.12.08 18:07 B Z:\home\Berti\public_html\www.berti-golf.de\bertichile\santurio\guni-kaktus_tn.jpg --> h1667152.stratoserver.net /httpdocs/bertichile/santurio guni-kaktus_tn.jpg
2009.12.08 18:07 B Z:\home\Berti\public_html\www.berti-golf.de\bertichile\santurio\kakteen.jpg --> h1667152.stratoserver.net /httpdocs/bertichile/santurio kakteen.jpg
2009.12.08 18:07 B Z:\home\Berti\public_html\www.berti-golf.de\bertichile\santurio\kakteen_tn.jpg --> h1667152.stratoserver.net /httpdocs/bertichile/santurio kakteen_tn.jpg
2009.12.08 18:07 B Z:\home\Berti\public_html\www.berti-golf.de\bertichile\santurio\santurio.html --> h1667152.stratoserver.net /httpdocs/bertichile/santurio santurio.html
2009.12.08 18:07 B Z:\home\Berti\public_html\www.berti-golf.de\bertichile\santurio\vorlage.html --> h1667152.stratoserver.net /httpdocs/bertichile/santurio vorlage.html
