2008.06.27 16:38 B K:\sicherung_webserver_h10__072008\berti-golf.de\public_html\bertichile\vaipo\bote.jpg <-- www.berti-golf.de /public_html/bertichile/vaipo bote.jpg
2008.06.27 16:38 B K:\sicherung_webserver_h10__072008\berti-golf.de\public_html\bertichile\vaipo\bote_tn.jpg <-- www.berti-golf.de /public_html/bertichile/vaipo bote_tn.jpg
2008.06.27 16:38 B K:\sicherung_webserver_h10__072008\berti-golf.de\public_html\bertichile\vaipo\dsc00013.jpg <-- www.berti-golf.de /public_html/bertichile/vaipo dsc00013.jpg
2008.06.27 16:38 B K:\sicherung_webserver_h10__072008\berti-golf.de\public_html\bertichile\vaipo\dsc00013_tn.jpg <-- www.berti-golf.de /public_html/bertichile/vaipo dsc00013_tn.jpg
2008.06.27 16:38 B K:\sicherung_webserver_h10__072008\berti-golf.de\public_html\bertichile\vaipo\dsc00014.jpg <-- www.berti-golf.de /public_html/bertichile/vaipo dsc00014.jpg
2008.06.27 16:38 B K:\sicherung_webserver_h10__072008\berti-golf.de\public_html\bertichile\vaipo\dsc00014_tn.jpg <-- www.berti-golf.de /public_html/bertichile/vaipo dsc00014_tn.jpg
2008.06.27 16:38 B K:\sicherung_webserver_h10__072008\berti-golf.de\public_html\bertichile\vaipo\dsc00015.jpg <-- www.berti-golf.de /public_html/bertichile/vaipo dsc00015.jpg
2008.06.27 16:38 B K:\sicherung_webserver_h10__072008\berti-golf.de\public_html\bertichile\vaipo\dsc00015_tn.jpg <-- www.berti-golf.de /public_html/bertichile/vaipo dsc00015_tn.jpg
2008.06.27 16:38 B K:\sicherung_webserver_h10__072008\berti-golf.de\public_html\bertichile\vaipo\dsc00017.jpg <-- www.berti-golf.de /public_html/bertichile/vaipo dsc00017.jpg
2008.06.27 16:38 B K:\sicherung_webserver_h10__072008\berti-golf.de\public_html\bertichile\vaipo\dsc00017_tn.jpg <-- www.berti-golf.de /public_html/bertichile/vaipo dsc00017_tn.jpg
2008.06.27 16:38 B K:\sicherung_webserver_h10__072008\berti-golf.de\public_html\bertichile\vaipo\dsc00019.jpg <-- www.berti-golf.de /public_html/bertichile/vaipo dsc00019.jpg
2008.06.27 16:38 B K:\sicherung_webserver_h10__072008\berti-golf.de\public_html\bertichile\vaipo\dsc00019_tn.jpg <-- www.berti-golf.de /public_html/bertichile/vaipo dsc00019_tn.jpg
2008.06.27 16:38 B K:\sicherung_webserver_h10__072008\berti-golf.de\public_html\bertichile\vaipo\dsc00020.jpg <-- www.berti-golf.de /public_html/bertichile/vaipo dsc00020.jpg
2008.06.27 16:38 B K:\sicherung_webserver_h10__072008\berti-golf.de\public_html\bertichile\vaipo\dsc00020_tn.jpg <-- www.berti-golf.de /public_html/bertichile/vaipo dsc00020_tn.jpg
2008.06.27 16:38 B K:\sicherung_webserver_h10__072008\berti-golf.de\public_html\bertichile\vaipo\dsc00022.jpg <-- www.berti-golf.de /public_html/bertichile/vaipo dsc00022.jpg
2008.06.27 16:38 B K:\sicherung_webserver_h10__072008\berti-golf.de\public_html\bertichile\vaipo\dsc00022_tn.jpg <-- www.berti-golf.de /public_html/bertichile/vaipo dsc00022_tn.jpg
2008.06.27 16:38 B K:\sicherung_webserver_h10__072008\berti-golf.de\public_html\bertichile\vaipo\dsc00023.jpg <-- www.berti-golf.de /public_html/bertichile/vaipo dsc00023.jpg
2008.06.27 16:38 B K:\sicherung_webserver_h10__072008\berti-golf.de\public_html\bertichile\vaipo\dsc00023_tn.jpg <-- www.berti-golf.de /public_html/bertichile/vaipo dsc00023_tn.jpg
2008.06.27 16:38 B K:\sicherung_webserver_h10__072008\berti-golf.de\public_html\bertichile\vaipo\dsc00025.jpg <-- www.berti-golf.de /public_html/bertichile/vaipo dsc00025.jpg
2008.06.27 16:38 B K:\sicherung_webserver_h10__072008\berti-golf.de\public_html\bertichile\vaipo\dsc00025_tn.jpg <-- www.berti-golf.de /public_html/bertichile/vaipo dsc00025_tn.jpg
2008.06.27 16:38 B K:\sicherung_webserver_h10__072008\berti-golf.de\public_html\bertichile\vaipo\dsc00026.jpg <-- www.berti-golf.de /public_html/bertichile/vaipo dsc00026.jpg
2008.06.27 16:38 B K:\sicherung_webserver_h10__072008\berti-golf.de\public_html\bertichile\vaipo\dsc00026_tn.jpg <-- www.berti-golf.de /public_html/bertichile/vaipo dsc00026_tn.jpg
2008.06.27 16:38 B K:\sicherung_webserver_h10__072008\berti-golf.de\public_html\bertichile\vaipo\dsc00027.jpg <-- www.berti-golf.de /public_html/bertichile/vaipo dsc00027.jpg
2008.06.27 16:38 B K:\sicherung_webserver_h10__072008\berti-golf.de\public_html\bertichile\vaipo\dsc00027_tn.jpg <-- www.berti-golf.de /public_html/bertichile/vaipo dsc00027_tn.jpg
2008.06.27 16:38 B K:\sicherung_webserver_h10__072008\berti-golf.de\public_html\bertichile\vaipo\dsc00028.jpg <-- www.berti-golf.de /public_html/bertichile/vaipo dsc00028.jpg
2008.06.27 16:38 B K:\sicherung_webserver_h10__072008\berti-golf.de\public_html\bertichile\vaipo\dsc00028_tn.jpg <-- www.berti-golf.de /public_html/bertichile/vaipo dsc00028_tn.jpg
2008.06.27 16:38 B K:\sicherung_webserver_h10__072008\berti-golf.de\public_html\bertichile\vaipo\dsc00029.jpg <-- www.berti-golf.de /public_html/bertichile/vaipo dsc00029.jpg
2008.06.27 16:38 B K:\sicherung_webserver_h10__072008\berti-golf.de\public_html\bertichile\vaipo\dsc00029_tn.jpg <-- www.berti-golf.de /public_html/bertichile/vaipo dsc00029_tn.jpg
2008.06.27 16:38 B K:\sicherung_webserver_h10__072008\berti-golf.de\public_html\bertichile\vaipo\dsc00030.jpg <-- www.berti-golf.de /public_html/bertichile/vaipo dsc00030.jpg
2008.06.27 16:38 B K:\sicherung_webserver_h10__072008\berti-golf.de\public_html\bertichile\vaipo\dsc00030_tn.jpg <-- www.berti-golf.de /public_html/bertichile/vaipo dsc00030_tn.jpg
2008.06.27 16:38 B K:\sicherung_webserver_h10__072008\berti-golf.de\public_html\bertichile\vaipo\dsc00031.jpg <-- www.berti-golf.de /public_html/bertichile/vaipo dsc00031.jpg
2008.06.27 16:38 B K:\sicherung_webserver_h10__072008\berti-golf.de\public_html\bertichile\vaipo\dsc00031_tn.jpg <-- www.berti-golf.de /public_html/bertichile/vaipo dsc00031_tn.jpg
2008.06.27 16:38 B K:\sicherung_webserver_h10__072008\berti-golf.de\public_html\bertichile\vaipo\dsc00032.jpg <-- www.berti-golf.de /public_html/bertichile/vaipo dsc00032.jpg
2008.06.27 16:38 B K:\sicherung_webserver_h10__072008\berti-golf.de\public_html\bertichile\vaipo\dsc00032_tn.jpg <-- www.berti-golf.de /public_html/bertichile/vaipo dsc00032_tn.jpg
2008.06.27 16:38 B K:\sicherung_webserver_h10__072008\berti-golf.de\public_html\bertichile\vaipo\dsc00036.jpg <-- www.berti-golf.de /public_html/bertichile/vaipo dsc00036.jpg
2008.06.27 16:38 B K:\sicherung_webserver_h10__072008\berti-golf.de\public_html\bertichile\vaipo\dsc00036_tn.jpg <-- www.berti-golf.de /public_html/bertichile/vaipo dsc00036_tn.jpg
2008.06.27 16:38 B K:\sicherung_webserver_h10__072008\berti-golf.de\public_html\bertichile\vaipo\dsc00040.jpg <-- www.berti-golf.de /public_html/bertichile/vaipo dsc00040.jpg
2008.06.27 16:38 B K:\sicherung_webserver_h10__072008\berti-golf.de\public_html\bertichile\vaipo\dsc00040_tn.jpg <-- www.berti-golf.de /public_html/bertichile/vaipo dsc00040_tn.jpg
2008.06.27 16:38 B K:\sicherung_webserver_h10__072008\berti-golf.de\public_html\bertichile\vaipo\dsc00041.jpg <-- www.berti-golf.de /public_html/bertichile/vaipo dsc00041.jpg
2008.06.27 16:38 B K:\sicherung_webserver_h10__072008\berti-golf.de\public_html\bertichile\vaipo\dsc00041_tn.jpg <-- www.berti-golf.de /public_html/bertichile/vaipo dsc00041_tn.jpg
2008.06.27 16:38 B K:\sicherung_webserver_h10__072008\berti-golf.de\public_html\bertichile\vaipo\dsc00042.jpg <-- www.berti-golf.de /public_html/bertichile/vaipo dsc00042.jpg
2008.06.27 16:38 B K:\sicherung_webserver_h10__072008\berti-golf.de\public_html\bertichile\vaipo\dsc00042_tn.jpg <-- www.berti-golf.de /public_html/bertichile/vaipo dsc00042_tn.jpg
2008.06.27 16:38 B K:\sicherung_webserver_h10__072008\berti-golf.de\public_html\bertichile\vaipo\dsc00043.jpg <-- www.berti-golf.de /public_html/bertichile/vaipo dsc00043.jpg
2008.06.27 16:38 B K:\sicherung_webserver_h10__072008\berti-golf.de\public_html\bertichile\vaipo\dsc00043_tn.jpg <-- www.berti-golf.de /public_html/bertichile/vaipo dsc00043_tn.jpg
2008.06.27 16:38 B K:\sicherung_webserver_h10__072008\berti-golf.de\public_html\bertichile\vaipo\dsc00044.jpg <-- www.berti-golf.de /public_html/bertichile/vaipo dsc00044.jpg
2008.06.27 16:38 B K:\sicherung_webserver_h10__072008\berti-golf.de\public_html\bertichile\vaipo\dsc00044_tn.jpg <-- www.berti-golf.de /public_html/bertichile/vaipo dsc00044_tn.jpg
2008.06.27 16:38 B K:\sicherung_webserver_h10__072008\berti-golf.de\public_html\bertichile\vaipo\dsc00046.jpg <-- www.berti-golf.de /public_html/bertichile/vaipo dsc00046.jpg
2008.06.27 16:38 B K:\sicherung_webserver_h10__072008\berti-golf.de\public_html\bertichile\vaipo\dsc00046_tn.jpg <-- www.berti-golf.de /public_html/bertichile/vaipo dsc00046_tn.jpg
2008.06.27 16:38 B K:\sicherung_webserver_h10__072008\berti-golf.de\public_html\bertichile\vaipo\dsc00047.jpg <-- www.berti-golf.de /public_html/bertichile/vaipo dsc00047.jpg
2008.06.27 16:38 B K:\sicherung_webserver_h10__072008\berti-golf.de\public_html\bertichile\vaipo\dsc00047_tn.jpg <-- www.berti-golf.de /public_html/bertichile/vaipo dsc00047_tn.jpg
2008.06.27 16:38 B K:\sicherung_webserver_h10__072008\berti-golf.de\public_html\bertichile\vaipo\dsc00048.jpg <-- www.berti-golf.de /public_html/bertichile/vaipo dsc00048.jpg
2008.06.27 16:38 B K:\sicherung_webserver_h10__072008\berti-golf.de\public_html\bertichile\vaipo\dsc00048_tn.jpg <-- www.berti-golf.de /public_html/bertichile/vaipo dsc00048_tn.jpg
2008.06.27 16:38 B K:\sicherung_webserver_h10__072008\berti-golf.de\public_html\bertichile\vaipo\dsc00053.jpg <-- www.berti-golf.de /public_html/bertichile/vaipo dsc00053.jpg
2008.06.27 16:38 B K:\sicherung_webserver_h10__072008\berti-golf.de\public_html\bertichile\vaipo\dsc00053_tn.jpg <-- www.berti-golf.de /public_html/bertichile/vaipo dsc00053_tn.jpg
2008.06.27 16:38 B K:\sicherung_webserver_h10__072008\berti-golf.de\public_html\bertichile\vaipo\dsc00054.jpg <-- www.berti-golf.de /public_html/bertichile/vaipo dsc00054.jpg
2008.06.27 16:38 B K:\sicherung_webserver_h10__072008\berti-golf.de\public_html\bertichile\vaipo\dsc00054_tn.jpg <-- www.berti-golf.de /public_html/bertichile/vaipo dsc00054_tn.jpg
2008.06.27 16:38 B K:\sicherung_webserver_h10__072008\berti-golf.de\public_html\bertichile\vaipo\dsc00057.jpg <-- www.berti-golf.de /public_html/bertichile/vaipo dsc00057.jpg
2008.06.27 16:38 B K:\sicherung_webserver_h10__072008\berti-golf.de\public_html\bertichile\vaipo\dsc00057_tn.jpg <-- www.berti-golf.de /public_html/bertichile/vaipo dsc00057_tn.jpg
2008.06.27 16:38 B K:\sicherung_webserver_h10__072008\berti-golf.de\public_html\bertichile\vaipo\dsc00058.jpg <-- www.berti-golf.de /public_html/bertichile/vaipo dsc00058.jpg
2008.06.27 16:38 B K:\sicherung_webserver_h10__072008\berti-golf.de\public_html\bertichile\vaipo\dsc00058_tn.jpg <-- www.berti-golf.de /public_html/bertichile/vaipo dsc00058_tn.jpg
2008.06.27 16:38 B K:\sicherung_webserver_h10__072008\berti-golf.de\public_html\bertichile\vaipo\dsc00059.jpg <-- www.berti-golf.de /public_html/bertichile/vaipo dsc00059.jpg
2008.06.27 16:38 B K:\sicherung_webserver_h10__072008\berti-golf.de\public_html\bertichile\vaipo\dsc00059_tn.jpg <-- www.berti-golf.de /public_html/bertichile/vaipo dsc00059_tn.jpg
2008.06.27 16:38 B K:\sicherung_webserver_h10__072008\berti-golf.de\public_html\bertichile\vaipo\dsc00060.jpg <-- www.berti-golf.de /public_html/bertichile/vaipo dsc00060.jpg
2008.06.27 16:38 B K:\sicherung_webserver_h10__072008\berti-golf.de\public_html\bertichile\vaipo\dsc00060_tn.jpg <-- www.berti-golf.de /public_html/bertichile/vaipo dsc00060_tn.jpg
2008.06.27 16:38 B K:\sicherung_webserver_h10__072008\berti-golf.de\public_html\bertichile\vaipo\dsc00061.jpg <-- www.berti-golf.de /public_html/bertichile/vaipo dsc00061.jpg
2008.06.27 16:38 B K:\sicherung_webserver_h10__072008\berti-golf.de\public_html\bertichile\vaipo\dsc00061_tn.jpg <-- www.berti-golf.de /public_html/bertichile/vaipo dsc00061_tn.jpg
2008.06.27 16:39 B K:\sicherung_webserver_h10__072008\berti-golf.de\public_html\bertichile\vaipo\dsc00062.jpg <-- www.berti-golf.de /public_html/bertichile/vaipo dsc00062.jpg
2008.06.27 16:39 B K:\sicherung_webserver_h10__072008\berti-golf.de\public_html\bertichile\vaipo\dsc00062_tn.jpg <-- www.berti-golf.de /public_html/bertichile/vaipo dsc00062_tn.jpg
2008.06.27 16:39 B K:\sicherung_webserver_h10__072008\berti-golf.de\public_html\bertichile\vaipo\dsc00063.jpg <-- www.berti-golf.de /public_html/bertichile/vaipo dsc00063.jpg
2008.06.27 16:39 B K:\sicherung_webserver_h10__072008\berti-golf.de\public_html\bertichile\vaipo\dsc00063_tn.jpg <-- www.berti-golf.de /public_html/bertichile/vaipo dsc00063_tn.jpg
2008.06.27 16:39 B K:\sicherung_webserver_h10__072008\berti-golf.de\public_html\bertichile\vaipo\dsc00065.jpg <-- www.berti-golf.de /public_html/bertichile/vaipo dsc00065.jpg
2008.06.27 16:39 B K:\sicherung_webserver_h10__072008\berti-golf.de\public_html\bertichile\vaipo\dsc00065_tn.jpg <-- www.berti-golf.de /public_html/bertichile/vaipo dsc00065_tn.jpg
2008.06.27 16:39 B K:\sicherung_webserver_h10__072008\berti-golf.de\public_html\bertichile\vaipo\vp.html <-- www.berti-golf.de /public_html/bertichile/vaipo vp.html
2008.06.27 19:33 B K:\sicherung_webserver_h10__072008\berti-golf.de\public_html\bertichile\vaipo\bote.jpg --> bertigolfde.h1403220.stratoserver.net /public_html/bertichile/vaipo bote.jpg
2008.06.27 19:33 B K:\sicherung_webserver_h10__072008\berti-golf.de\public_html\bertichile\vaipo\bote_tn.jpg --> bertigolfde.h1403220.stratoserver.net /public_html/bertichile/vaipo bote_tn.jpg
2008.06.27 19:33 B K:\sicherung_webserver_h10__072008\berti-golf.de\public_html\bertichile\vaipo\dsc00013.jpg --> bertigolfde.h1403220.stratoserver.net /public_html/bertichile/vaipo dsc00013.jpg
2008.06.27 19:33 B K:\sicherung_webserver_h10__072008\berti-golf.de\public_html\bertichile\vaipo\dsc00013_tn.jpg --> bertigolfde.h1403220.stratoserver.net /public_html/bertichile/vaipo dsc00013_tn.jpg
2008.06.27 19:33 B K:\sicherung_webserver_h10__072008\berti-golf.de\public_html\bertichile\vaipo\dsc00014.jpg --> bertigolfde.h1403220.stratoserver.net /public_html/bertichile/vaipo dsc00014.jpg
2008.06.27 19:33 B K:\sicherung_webserver_h10__072008\berti-golf.de\public_html\bertichile\vaipo\dsc00014_tn.jpg --> bertigolfde.h1403220.stratoserver.net /public_html/bertichile/vaipo dsc00014_tn.jpg
2008.06.27 19:33 B K:\sicherung_webserver_h10__072008\berti-golf.de\public_html\bertichile\vaipo\dsc00015.jpg --> bertigolfde.h1403220.stratoserver.net /public_html/bertichile/vaipo dsc00015.jpg
2008.06.27 19:33 B K:\sicherung_webserver_h10__072008\berti-golf.de\public_html\bertichile\vaipo\dsc00015_tn.jpg --> bertigolfde.h1403220.stratoserver.net /public_html/bertichile/vaipo dsc00015_tn.jpg
2008.06.27 19:33 B K:\sicherung_webserver_h10__072008\berti-golf.de\public_html\bertichile\vaipo\dsc00017.jpg --> bertigolfde.h1403220.stratoserver.net /public_html/bertichile/vaipo dsc00017.jpg
2008.06.27 19:33 B K:\sicherung_webserver_h10__072008\berti-golf.de\public_html\bertichile\vaipo\dsc00017_tn.jpg --> bertigolfde.h1403220.stratoserver.net /public_html/bertichile/vaipo dsc00017_tn.jpg
2008.06.27 19:33 B K:\sicherung_webserver_h10__072008\berti-golf.de\public_html\bertichile\vaipo\dsc00019.jpg --> bertigolfde.h1403220.stratoserver.net /public_html/bertichile/vaipo dsc00019.jpg
2008.06.27 19:33 B K:\sicherung_webserver_h10__072008\berti-golf.de\public_html\bertichile\vaipo\dsc00019_tn.jpg --> bertigolfde.h1403220.stratoserver.net /public_html/bertichile/vaipo dsc00019_tn.jpg
2008.06.27 19:33 B K:\sicherung_webserver_h10__072008\berti-golf.de\public_html\bertichile\vaipo\dsc00020.jpg --> bertigolfde.h1403220.stratoserver.net /public_html/bertichile/vaipo dsc00020.jpg
2008.06.27 19:33 B K:\sicherung_webserver_h10__072008\berti-golf.de\public_html\bertichile\vaipo\dsc00020_tn.jpg --> bertigolfde.h1403220.stratoserver.net /public_html/bertichile/vaipo dsc00020_tn.jpg
2008.06.27 19:33 B K:\sicherung_webserver_h10__072008\berti-golf.de\public_html\bertichile\vaipo\dsc00022.jpg --> bertigolfde.h1403220.stratoserver.net /public_html/bertichile/vaipo dsc00022.jpg
2008.06.27 19:33 B K:\sicherung_webserver_h10__072008\berti-golf.de\public_html\bertichile\vaipo\dsc00022_tn.jpg --> bertigolfde.h1403220.stratoserver.net /public_html/bertichile/vaipo dsc00022_tn.jpg
2008.06.27 19:33 B K:\sicherung_webserver_h10__072008\berti-golf.de\public_html\bertichile\vaipo\dsc00023.jpg --> bertigolfde.h1403220.stratoserver.net /public_html/bertichile/vaipo dsc00023.jpg
2008.06.27 19:33 B K:\sicherung_webserver_h10__072008\berti-golf.de\public_html\bertichile\vaipo\dsc00023_tn.jpg --> bertigolfde.h1403220.stratoserver.net /public_html/bertichile/vaipo dsc00023_tn.jpg
2008.06.27 19:33 B K:\sicherung_webserver_h10__072008\berti-golf.de\public_html\bertichile\vaipo\dsc00025.jpg --> bertigolfde.h1403220.stratoserver.net /public_html/bertichile/vaipo dsc00025.jpg
2008.06.27 19:33 B K:\sicherung_webserver_h10__072008\berti-golf.de\public_html\bertichile\vaipo\dsc00025_tn.jpg --> bertigolfde.h1403220.stratoserver.net /public_html/bertichile/vaipo dsc00025_tn.jpg
2008.06.27 19:33 B K:\sicherung_webserver_h10__072008\berti-golf.de\public_html\bertichile\vaipo\dsc00026.jpg --> bertigolfde.h1403220.stratoserver.net /public_html/bertichile/vaipo dsc00026.jpg
2008.06.27 19:33 B K:\sicherung_webserver_h10__072008\berti-golf.de\public_html\bertichile\vaipo\dsc00026_tn.jpg --> bertigolfde.h1403220.stratoserver.net /public_html/bertichile/vaipo dsc00026_tn.jpg
2008.06.27 19:33 B K:\sicherung_webserver_h10__072008\berti-golf.de\public_html\bertichile\vaipo\dsc00027.jpg --> bertigolfde.h1403220.stratoserver.net /public_html/bertichile/vaipo dsc00027.jpg
2008.06.27 19:33 B K:\sicherung_webserver_h10__072008\berti-golf.de\public_html\bertichile\vaipo\dsc00027_tn.jpg --> bertigolfde.h1403220.stratoserver.net /public_html/bertichile/vaipo dsc00027_tn.jpg
2008.06.27 19:33 B K:\sicherung_webserver_h10__072008\berti-golf.de\public_html\bertichile\vaipo\dsc00028.jpg --> bertigolfde.h1403220.stratoserver.net /public_html/bertichile/vaipo dsc00028.jpg
2008.06.27 19:33 B K:\sicherung_webserver_h10__072008\berti-golf.de\public_html\bertichile\vaipo\dsc00028_tn.jpg --> bertigolfde.h1403220.stratoserver.net /public_html/bertichile/vaipo dsc00028_tn.jpg
2008.06.27 19:33 B K:\sicherung_webserver_h10__072008\berti-golf.de\public_html\bertichile\vaipo\dsc00029.jpg --> bertigolfde.h1403220.stratoserver.net /public_html/bertichile/vaipo dsc00029.jpg
2008.06.27 19:33 B K:\sicherung_webserver_h10__072008\berti-golf.de\public_html\bertichile\vaipo\dsc00029_tn.jpg --> bertigolfde.h1403220.stratoserver.net /public_html/bertichile/vaipo dsc00029_tn.jpg
2008.06.27 19:33 B K:\sicherung_webserver_h10__072008\berti-golf.de\public_html\bertichile\vaipo\dsc00030.jpg --> bertigolfde.h1403220.stratoserver.net /public_html/bertichile/vaipo dsc00030.jpg
2008.06.27 19:33 B K:\sicherung_webserver_h10__072008\berti-golf.de\public_html\bertichile\vaipo\dsc00030_tn.jpg --> bertigolfde.h1403220.stratoserver.net /public_html/bertichile/vaipo dsc00030_tn.jpg
2008.06.27 19:33 B K:\sicherung_webserver_h10__072008\berti-golf.de\public_html\bertichile\vaipo\dsc00031.jpg --> bertigolfde.h1403220.stratoserver.net /public_html/bertichile/vaipo dsc00031.jpg
2008.06.27 19:33 B K:\sicherung_webserver_h10__072008\berti-golf.de\public_html\bertichile\vaipo\dsc00031_tn.jpg --> bertigolfde.h1403220.stratoserver.net /public_html/bertichile/vaipo dsc00031_tn.jpg
2008.06.27 19:33 B K:\sicherung_webserver_h10__072008\berti-golf.de\public_html\bertichile\vaipo\dsc00032.jpg --> bertigolfde.h1403220.stratoserver.net /public_html/bertichile/vaipo dsc00032.jpg
2008.06.27 19:33 B K:\sicherung_webserver_h10__072008\berti-golf.de\public_html\bertichile\vaipo\dsc00032_tn.jpg --> bertigolfde.h1403220.stratoserver.net /public_html/bertichile/vaipo dsc00032_tn.jpg
2008.06.27 19:33 B K:\sicherung_webserver_h10__072008\berti-golf.de\public_html\bertichile\vaipo\dsc00036.jpg --> bertigolfde.h1403220.stratoserver.net /public_html/bertichile/vaipo dsc00036.jpg
2008.06.27 19:33 B K:\sicherung_webserver_h10__072008\berti-golf.de\public_html\bertichile\vaipo\dsc00036_tn.jpg --> bertigolfde.h1403220.stratoserver.net /public_html/bertichile/vaipo dsc00036_tn.jpg
2008.06.27 19:33 B K:\sicherung_webserver_h10__072008\berti-golf.de\public_html\bertichile\vaipo\dsc00040.jpg --> bertigolfde.h1403220.stratoserver.net /public_html/bertichile/vaipo dsc00040.jpg
2008.06.27 19:33 B K:\sicherung_webserver_h10__072008\berti-golf.de\public_html\bertichile\vaipo\dsc00040_tn.jpg --> bertigolfde.h1403220.stratoserver.net /public_html/bertichile/vaipo dsc00040_tn.jpg
2008.06.27 19:33 B K:\sicherung_webserver_h10__072008\berti-golf.de\public_html\bertichile\vaipo\dsc00041.jpg --> bertigolfde.h1403220.stratoserver.net /public_html/bertichile/vaipo dsc00041.jpg
2008.06.27 19:33 B K:\sicherung_webserver_h10__072008\berti-golf.de\public_html\bertichile\vaipo\dsc00041_tn.jpg --> bertigolfde.h1403220.stratoserver.net /public_html/bertichile/vaipo dsc00041_tn.jpg
2008.06.27 19:33 B K:\sicherung_webserver_h10__072008\berti-golf.de\public_html\bertichile\vaipo\dsc00042.jpg --> bertigolfde.h1403220.stratoserver.net /public_html/bertichile/vaipo dsc00042.jpg
2008.06.27 19:33 B K:\sicherung_webserver_h10__072008\berti-golf.de\public_html\bertichile\vaipo\dsc00042_tn.jpg --> bertigolfde.h1403220.stratoserver.net /public_html/bertichile/vaipo dsc00042_tn.jpg
2008.06.27 19:33 B K:\sicherung_webserver_h10__072008\berti-golf.de\public_html\bertichile\vaipo\dsc00043.jpg --> bertigolfde.h1403220.stratoserver.net /public_html/bertichile/vaipo dsc00043.jpg
2008.06.27 19:33 B K:\sicherung_webserver_h10__072008\berti-golf.de\public_html\bertichile\vaipo\dsc00043_tn.jpg --> bertigolfde.h1403220.stratoserver.net /public_html/bertichile/vaipo dsc00043_tn.jpg
2008.06.27 19:33 B K:\sicherung_webserver_h10__072008\berti-golf.de\public_html\bertichile\vaipo\dsc00044.jpg --> bertigolfde.h1403220.stratoserver.net /public_html/bertichile/vaipo dsc00044.jpg
2008.06.27 19:33 B K:\sicherung_webserver_h10__072008\berti-golf.de\public_html\bertichile\vaipo\dsc00044_tn.jpg --> bertigolfde.h1403220.stratoserver.net /public_html/bertichile/vaipo dsc00044_tn.jpg
2008.06.27 19:33 B K:\sicherung_webserver_h10__072008\berti-golf.de\public_html\bertichile\vaipo\dsc00046.jpg --> bertigolfde.h1403220.stratoserver.net /public_html/bertichile/vaipo dsc00046.jpg
2008.06.27 19:33 B K:\sicherung_webserver_h10__072008\berti-golf.de\public_html\bertichile\vaipo\dsc00046_tn.jpg --> bertigolfde.h1403220.stratoserver.net /public_html/bertichile/vaipo dsc00046_tn.jpg
2008.06.27 19:33 B K:\sicherung_webserver_h10__072008\berti-golf.de\public_html\bertichile\vaipo\dsc00047.jpg --> bertigolfde.h1403220.stratoserver.net /public_html/bertichile/vaipo dsc00047.jpg
2008.06.27 19:33 B K:\sicherung_webserver_h10__072008\berti-golf.de\public_html\bertichile\vaipo\dsc00047_tn.jpg --> bertigolfde.h1403220.stratoserver.net /public_html/bertichile/vaipo dsc00047_tn.jpg
2008.06.27 19:33 B K:\sicherung_webserver_h10__072008\berti-golf.de\public_html\bertichile\vaipo\dsc00048.jpg --> bertigolfde.h1403220.stratoserver.net /public_html/bertichile/vaipo dsc00048.jpg
2008.06.27 19:33 B K:\sicherung_webserver_h10__072008\berti-golf.de\public_html\bertichile\vaipo\dsc00048_tn.jpg --> bertigolfde.h1403220.stratoserver.net /public_html/bertichile/vaipo dsc00048_tn.jpg
2008.06.27 19:33 B K:\sicherung_webserver_h10__072008\berti-golf.de\public_html\bertichile\vaipo\dsc00053.jpg --> bertigolfde.h1403220.stratoserver.net /public_html/bertichile/vaipo dsc00053.jpg
2008.06.27 19:33 B K:\sicherung_webserver_h10__072008\berti-golf.de\public_html\bertichile\vaipo\dsc00053_tn.jpg --> bertigolfde.h1403220.stratoserver.net /public_html/bertichile/vaipo dsc00053_tn.jpg
2008.06.27 19:33 B K:\sicherung_webserver_h10__072008\berti-golf.de\public_html\bertichile\vaipo\dsc00054.jpg --> bertigolfde.h1403220.stratoserver.net /public_html/bertichile/vaipo dsc00054.jpg
2008.06.27 19:33 B K:\sicherung_webserver_h10__072008\berti-golf.de\public_html\bertichile\vaipo\dsc00054_tn.jpg --> bertigolfde.h1403220.stratoserver.net /public_html/bertichile/vaipo dsc00054_tn.jpg
2008.06.27 19:33 B K:\sicherung_webserver_h10__072008\berti-golf.de\public_html\bertichile\vaipo\dsc00057.jpg --> bertigolfde.h1403220.stratoserver.net /public_html/bertichile/vaipo dsc00057.jpg
2008.06.27 19:33 B K:\sicherung_webserver_h10__072008\berti-golf.de\public_html\bertichile\vaipo\dsc00057_tn.jpg --> bertigolfde.h1403220.stratoserver.net /public_html/bertichile/vaipo dsc00057_tn.jpg
2008.06.27 19:33 B K:\sicherung_webserver_h10__072008\berti-golf.de\public_html\bertichile\vaipo\dsc00058.jpg --> bertigolfde.h1403220.stratoserver.net /public_html/bertichile/vaipo dsc00058.jpg
2008.06.27 19:33 B K:\sicherung_webserver_h10__072008\berti-golf.de\public_html\bertichile\vaipo\dsc00058_tn.jpg --> bertigolfde.h1403220.stratoserver.net /public_html/bertichile/vaipo dsc00058_tn.jpg
2008.06.27 19:33 B K:\sicherung_webserver_h10__072008\berti-golf.de\public_html\bertichile\vaipo\dsc00059.jpg --> bertigolfde.h1403220.stratoserver.net /public_html/bertichile/vaipo dsc00059.jpg
2008.06.27 19:33 B K:\sicherung_webserver_h10__072008\berti-golf.de\public_html\bertichile\vaipo\dsc00059_tn.jpg --> bertigolfde.h1403220.stratoserver.net /public_html/bertichile/vaipo dsc00059_tn.jpg
2008.06.27 19:33 B K:\sicherung_webserver_h10__072008\berti-golf.de\public_html\bertichile\vaipo\dsc00060.jpg --> bertigolfde.h1403220.stratoserver.net /public_html/bertichile/vaipo dsc00060.jpg
2008.06.27 19:33 B K:\sicherung_webserver_h10__072008\berti-golf.de\public_html\bertichile\vaipo\dsc00060_tn.jpg --> bertigolfde.h1403220.stratoserver.net /public_html/bertichile/vaipo dsc00060_tn.jpg
2008.06.27 19:33 B K:\sicherung_webserver_h10__072008\berti-golf.de\public_html\bertichile\vaipo\dsc00061.jpg --> bertigolfde.h1403220.stratoserver.net /public_html/bertichile/vaipo dsc00061.jpg
2008.06.27 19:33 B K:\sicherung_webserver_h10__072008\berti-golf.de\public_html\bertichile\vaipo\dsc00061_tn.jpg --> bertigolfde.h1403220.stratoserver.net /public_html/bertichile/vaipo dsc00061_tn.jpg
2008.06.27 19:33 B K:\sicherung_webserver_h10__072008\berti-golf.de\public_html\bertichile\vaipo\dsc00062.jpg --> bertigolfde.h1403220.stratoserver.net /public_html/bertichile/vaipo dsc00062.jpg
2008.06.27 19:34 B K:\sicherung_webserver_h10__072008\berti-golf.de\public_html\bertichile\vaipo\dsc00062_tn.jpg --> bertigolfde.h1403220.stratoserver.net /public_html/bertichile/vaipo dsc00062_tn.jpg
2008.06.27 19:34 B K:\sicherung_webserver_h10__072008\berti-golf.de\public_html\bertichile\vaipo\dsc00063.jpg --> bertigolfde.h1403220.stratoserver.net /public_html/bertichile/vaipo dsc00063.jpg
2008.06.27 19:34 B K:\sicherung_webserver_h10__072008\berti-golf.de\public_html\bertichile\vaipo\dsc00063_tn.jpg --> bertigolfde.h1403220.stratoserver.net /public_html/bertichile/vaipo dsc00063_tn.jpg
2008.06.27 19:34 B K:\sicherung_webserver_h10__072008\berti-golf.de\public_html\bertichile\vaipo\dsc00065.jpg --> bertigolfde.h1403220.stratoserver.net /public_html/bertichile/vaipo dsc00065.jpg
2008.06.27 19:34 B K:\sicherung_webserver_h10__072008\berti-golf.de\public_html\bertichile\vaipo\dsc00065_tn.jpg --> bertigolfde.h1403220.stratoserver.net /public_html/bertichile/vaipo dsc00065_tn.jpg
2008.06.27 19:34 B K:\sicherung_webserver_h10__072008\berti-golf.de\public_html\bertichile\vaipo\vp.html --> bertigolfde.h1403220.stratoserver.net /public_html/bertichile/vaipo vp.html
2009.05.01 07:23 B Z:\home\Berti\public_html\www.berti-golf.de\bertichile\vaipo\WS_FTP.LOG <-- bertigolfde.h1403220.stratoserver.net /public_html/bertichile/vaipo WS_FTP.LOG
2009.12.08 18:08 B Z:\home\Berti\public_html\www.berti-golf.de\bertichile\vaipo\bote.jpg --> h1667152.stratoserver.net /httpdocs/bertichile/vaipo bote.jpg
2009.12.08 18:08 B Z:\home\Berti\public_html\www.berti-golf.de\bertichile\vaipo\bote_tn.jpg --> h1667152.stratoserver.net /httpdocs/bertichile/vaipo bote_tn.jpg
2009.12.08 18:08 B Z:\home\Berti\public_html\www.berti-golf.de\bertichile\vaipo\dsc00013.jpg --> h1667152.stratoserver.net /httpdocs/bertichile/vaipo dsc00013.jpg
2009.12.08 18:08 B Z:\home\Berti\public_html\www.berti-golf.de\bertichile\vaipo\dsc00013_tn.jpg --> h1667152.stratoserver.net /httpdocs/bertichile/vaipo dsc00013_tn.jpg
2009.12.08 18:08 B Z:\home\Berti\public_html\www.berti-golf.de\bertichile\vaipo\dsc00014.jpg --> h1667152.stratoserver.net /httpdocs/bertichile/vaipo dsc00014.jpg
2009.12.08 18:08 B Z:\home\Berti\public_html\www.berti-golf.de\bertichile\vaipo\dsc00014_tn.jpg --> h1667152.stratoserver.net /httpdocs/bertichile/vaipo dsc00014_tn.jpg
2009.12.08 18:08 B Z:\home\Berti\public_html\www.berti-golf.de\bertichile\vaipo\dsc00015.jpg --> h1667152.stratoserver.net /httpdocs/bertichile/vaipo dsc00015.jpg
2009.12.08 18:08 B Z:\home\Berti\public_html\www.berti-golf.de\bertichile\vaipo\dsc00015_tn.jpg --> h1667152.stratoserver.net /httpdocs/bertichile/vaipo dsc00015_tn.jpg
2009.12.08 18:08 B Z:\home\Berti\public_html\www.berti-golf.de\bertichile\vaipo\dsc00017.jpg --> h1667152.stratoserver.net /httpdocs/bertichile/vaipo dsc00017.jpg
2009.12.08 18:08 B Z:\home\Berti\public_html\www.berti-golf.de\bertichile\vaipo\dsc00017_tn.jpg --> h1667152.stratoserver.net /httpdocs/bertichile/vaipo dsc00017_tn.jpg
2009.12.08 18:08 B Z:\home\Berti\public_html\www.berti-golf.de\bertichile\vaipo\dsc00019.jpg --> h1667152.stratoserver.net /httpdocs/bertichile/vaipo dsc00019.jpg
2009.12.08 18:08 B Z:\home\Berti\public_html\www.berti-golf.de\bertichile\vaipo\dsc00019_tn.jpg --> h1667152.stratoserver.net /httpdocs/bertichile/vaipo dsc00019_tn.jpg
2009.12.08 18:08 B Z:\home\Berti\public_html\www.berti-golf.de\bertichile\vaipo\dsc00020.jpg --> h1667152.stratoserver.net /httpdocs/bertichile/vaipo dsc00020.jpg
2009.12.08 18:08 B Z:\home\Berti\public_html\www.berti-golf.de\bertichile\vaipo\dsc00020_tn.jpg --> h1667152.stratoserver.net /httpdocs/bertichile/vaipo dsc00020_tn.jpg
2009.12.08 18:08 B Z:\home\Berti\public_html\www.berti-golf.de\bertichile\vaipo\dsc00022.jpg --> h1667152.stratoserver.net /httpdocs/bertichile/vaipo dsc00022.jpg
2009.12.08 18:08 B Z:\home\Berti\public_html\www.berti-golf.de\bertichile\vaipo\dsc00022_tn.jpg --> h1667152.stratoserver.net /httpdocs/bertichile/vaipo dsc00022_tn.jpg
2009.12.08 18:08 B Z:\home\Berti\public_html\www.berti-golf.de\bertichile\vaipo\dsc00023.jpg --> h1667152.stratoserver.net /httpdocs/bertichile/vaipo dsc00023.jpg
2009.12.08 18:08 B Z:\home\Berti\public_html\www.berti-golf.de\bertichile\vaipo\dsc00023_tn.jpg --> h1667152.stratoserver.net /httpdocs/bertichile/vaipo dsc00023_tn.jpg
2009.12.08 18:08 B Z:\home\Berti\public_html\www.berti-golf.de\bertichile\vaipo\dsc00025.jpg --> h1667152.stratoserver.net /httpdocs/bertichile/vaipo dsc00025.jpg
2009.12.08 18:08 B Z:\home\Berti\public_html\www.berti-golf.de\bertichile\vaipo\dsc00025_tn.jpg --> h1667152.stratoserver.net /httpdocs/bertichile/vaipo dsc00025_tn.jpg
2009.12.08 18:08 B Z:\home\Berti\public_html\www.berti-golf.de\bertichile\vaipo\dsc00026.jpg --> h1667152.stratoserver.net /httpdocs/bertichile/vaipo dsc00026.jpg
2009.12.08 18:08 B Z:\home\Berti\public_html\www.berti-golf.de\bertichile\vaipo\dsc00026_tn.jpg --> h1667152.stratoserver.net /httpdocs/bertichile/vaipo dsc00026_tn.jpg
2009.12.08 18:08 B Z:\home\Berti\public_html\www.berti-golf.de\bertichile\vaipo\dsc00027.jpg --> h1667152.stratoserver.net /httpdocs/bertichile/vaipo dsc00027.jpg
2009.12.08 18:08 B Z:\home\Berti\public_html\www.berti-golf.de\bertichile\vaipo\dsc00027_tn.jpg --> h1667152.stratoserver.net /httpdocs/bertichile/vaipo dsc00027_tn.jpg
2009.12.08 18:08 B Z:\home\Berti\public_html\www.berti-golf.de\bertichile\vaipo\dsc00028.jpg --> h1667152.stratoserver.net /httpdocs/bertichile/vaipo dsc00028.jpg
2009.12.08 18:08 B Z:\home\Berti\public_html\www.berti-golf.de\bertichile\vaipo\dsc00028_tn.jpg --> h1667152.stratoserver.net /httpdocs/bertichile/vaipo dsc00028_tn.jpg
2009.12.08 18:08 B Z:\home\Berti\public_html\www.berti-golf.de\bertichile\vaipo\dsc00029.jpg --> h1667152.stratoserver.net /httpdocs/bertichile/vaipo dsc00029.jpg
2009.12.08 18:08 B Z:\home\Berti\public_html\www.berti-golf.de\bertichile\vaipo\dsc00029_tn.jpg --> h1667152.stratoserver.net /httpdocs/bertichile/vaipo dsc00029_tn.jpg
2009.12.08 18:08 B Z:\home\Berti\public_html\www.berti-golf.de\bertichile\vaipo\dsc00030.jpg --> h1667152.stratoserver.net /httpdocs/bertichile/vaipo dsc00030.jpg
2009.12.08 18:08 B Z:\home\Berti\public_html\www.berti-golf.de\bertichile\vaipo\dsc00030_tn.jpg --> h1667152.stratoserver.net /httpdocs/bertichile/vaipo dsc00030_tn.jpg
2009.12.08 18:08 B Z:\home\Berti\public_html\www.berti-golf.de\bertichile\vaipo\dsc00031.jpg --> h1667152.stratoserver.net /httpdocs/bertichile/vaipo dsc00031.jpg
2009.12.08 18:08 B Z:\home\Berti\public_html\www.berti-golf.de\bertichile\vaipo\dsc00031_tn.jpg --> h1667152.stratoserver.net /httpdocs/bertichile/vaipo dsc00031_tn.jpg
2009.12.08 18:08 B Z:\home\Berti\public_html\www.berti-golf.de\bertichile\vaipo\dsc00032.jpg --> h1667152.stratoserver.net /httpdocs/bertichile/vaipo dsc00032.jpg
2009.12.08 18:08 B Z:\home\Berti\public_html\www.berti-golf.de\bertichile\vaipo\dsc00032_tn.jpg --> h1667152.stratoserver.net /httpdocs/bertichile/vaipo dsc00032_tn.jpg
2009.12.08 18:08 B Z:\home\Berti\public_html\www.berti-golf.de\bertichile\vaipo\dsc00036.jpg --> h1667152.stratoserver.net /httpdocs/bertichile/vaipo dsc00036.jpg
2009.12.08 18:08 B Z:\home\Berti\public_html\www.berti-golf.de\bertichile\vaipo\dsc00036_tn.jpg --> h1667152.stratoserver.net /httpdocs/bertichile/vaipo dsc00036_tn.jpg
2009.12.08 18:08 B Z:\home\Berti\public_html\www.berti-golf.de\bertichile\vaipo\dsc00040.jpg --> h1667152.stratoserver.net /httpdocs/bertichile/vaipo dsc00040.jpg
2009.12.08 18:08 B Z:\home\Berti\public_html\www.berti-golf.de\bertichile\vaipo\dsc00040_tn.jpg --> h1667152.stratoserver.net /httpdocs/bertichile/vaipo dsc00040_tn.jpg
2009.12.08 18:08 B Z:\home\Berti\public_html\www.berti-golf.de\bertichile\vaipo\dsc00041.jpg --> h1667152.stratoserver.net /httpdocs/bertichile/vaipo dsc00041.jpg
2009.12.08 18:08 B Z:\home\Berti\public_html\www.berti-golf.de\bertichile\vaipo\dsc00041_tn.jpg --> h1667152.stratoserver.net /httpdocs/bertichile/vaipo dsc00041_tn.jpg
2009.12.08 18:08 B Z:\home\Berti\public_html\www.berti-golf.de\bertichile\vaipo\dsc00042.jpg --> h1667152.stratoserver.net /httpdocs/bertichile/vaipo dsc00042.jpg
2009.12.08 18:08 B Z:\home\Berti\public_html\www.berti-golf.de\bertichile\vaipo\dsc00042_tn.jpg --> h1667152.stratoserver.net /httpdocs/bertichile/vaipo dsc00042_tn.jpg
2009.12.08 18:08 B Z:\home\Berti\public_html\www.berti-golf.de\bertichile\vaipo\dsc00043.jpg --> h1667152.stratoserver.net /httpdocs/bertichile/vaipo dsc00043.jpg
2009.12.08 18:08 B Z:\home\Berti\public_html\www.berti-golf.de\bertichile\vaipo\dsc00043_tn.jpg --> h1667152.stratoserver.net /httpdocs/bertichile/vaipo dsc00043_tn.jpg
2009.12.08 18:08 B Z:\home\Berti\public_html\www.berti-golf.de\bertichile\vaipo\dsc00044.jpg --> h1667152.stratoserver.net /httpdocs/bertichile/vaipo dsc00044.jpg
2009.12.08 18:08 B Z:\home\Berti\public_html\www.berti-golf.de\bertichile\vaipo\dsc00044_tn.jpg --> h1667152.stratoserver.net /httpdocs/bertichile/vaipo dsc00044_tn.jpg
2009.12.08 18:08 B Z:\home\Berti\public_html\www.berti-golf.de\bertichile\vaipo\dsc00046.jpg --> h1667152.stratoserver.net /httpdocs/bertichile/vaipo dsc00046.jpg
2009.12.08 18:08 B Z:\home\Berti\public_html\www.berti-golf.de\bertichile\vaipo\dsc00046_tn.jpg --> h1667152.stratoserver.net /httpdocs/bertichile/vaipo dsc00046_tn.jpg
2009.12.08 18:08 B Z:\home\Berti\public_html\www.berti-golf.de\bertichile\vaipo\dsc00047.jpg --> h1667152.stratoserver.net /httpdocs/bertichile/vaipo dsc00047.jpg
2009.12.08 18:08 B Z:\home\Berti\public_html\www.berti-golf.de\bertichile\vaipo\dsc00047_tn.jpg --> h1667152.stratoserver.net /httpdocs/bertichile/vaipo dsc00047_tn.jpg
2009.12.08 18:08 B Z:\home\Berti\public_html\www.berti-golf.de\bertichile\vaipo\dsc00048.jpg --> h1667152.stratoserver.net /httpdocs/bertichile/vaipo dsc00048.jpg
2009.12.08 18:08 B Z:\home\Berti\public_html\www.berti-golf.de\bertichile\vaipo\dsc00048_tn.jpg --> h1667152.stratoserver.net /httpdocs/bertichile/vaipo dsc00048_tn.jpg
2009.12.08 18:08 B Z:\home\Berti\public_html\www.berti-golf.de\bertichile\vaipo\dsc00053.jpg --> h1667152.stratoserver.net /httpdocs/bertichile/vaipo dsc00053.jpg
2009.12.08 18:08 B Z:\home\Berti\public_html\www.berti-golf.de\bertichile\vaipo\dsc00053_tn.jpg --> h1667152.stratoserver.net /httpdocs/bertichile/vaipo dsc00053_tn.jpg
2009.12.08 18:08 B Z:\home\Berti\public_html\www.berti-golf.de\bertichile\vaipo\dsc00054.jpg --> h1667152.stratoserver.net /httpdocs/bertichile/vaipo dsc00054.jpg
2009.12.08 18:08 B Z:\home\Berti\public_html\www.berti-golf.de\bertichile\vaipo\dsc00054_tn.jpg --> h1667152.stratoserver.net /httpdocs/bertichile/vaipo dsc00054_tn.jpg
2009.12.08 18:08 B Z:\home\Berti\public_html\www.berti-golf.de\bertichile\vaipo\dsc00057.jpg --> h1667152.stratoserver.net /httpdocs/bertichile/vaipo dsc00057.jpg
2009.12.08 18:08 B Z:\home\Berti\public_html\www.berti-golf.de\bertichile\vaipo\dsc00057_tn.jpg --> h1667152.stratoserver.net /httpdocs/bertichile/vaipo dsc00057_tn.jpg
2009.12.08 18:08 B Z:\home\Berti\public_html\www.berti-golf.de\bertichile\vaipo\dsc00058.jpg --> h1667152.stratoserver.net /httpdocs/bertichile/vaipo dsc00058.jpg
2009.12.08 18:08 B Z:\home\Berti\public_html\www.berti-golf.de\bertichile\vaipo\dsc00058_tn.jpg --> h1667152.stratoserver.net /httpdocs/bertichile/vaipo dsc00058_tn.jpg
2009.12.08 18:08 B Z:\home\Berti\public_html\www.berti-golf.de\bertichile\vaipo\dsc00059.jpg --> h1667152.stratoserver.net /httpdocs/bertichile/vaipo dsc00059.jpg
2009.12.08 18:08 B Z:\home\Berti\public_html\www.berti-golf.de\bertichile\vaipo\dsc00059_tn.jpg --> h1667152.stratoserver.net /httpdocs/bertichile/vaipo dsc00059_tn.jpg
2009.12.08 18:08 B Z:\home\Berti\public_html\www.berti-golf.de\bertichile\vaipo\dsc00060.jpg --> h1667152.stratoserver.net /httpdocs/bertichile/vaipo dsc00060.jpg
2009.12.08 18:08 B Z:\home\Berti\public_html\www.berti-golf.de\bertichile\vaipo\dsc00060_tn.jpg --> h1667152.stratoserver.net /httpdocs/bertichile/vaipo dsc00060_tn.jpg
2009.12.08 18:08 B Z:\home\Berti\public_html\www.berti-golf.de\bertichile\vaipo\dsc00061.jpg --> h1667152.stratoserver.net /httpdocs/bertichile/vaipo dsc00061.jpg
2009.12.08 18:08 B Z:\home\Berti\public_html\www.berti-golf.de\bertichile\vaipo\dsc00061_tn.jpg --> h1667152.stratoserver.net /httpdocs/bertichile/vaipo dsc00061_tn.jpg
2009.12.08 18:08 B Z:\home\Berti\public_html\www.berti-golf.de\bertichile\vaipo\dsc00062.jpg --> h1667152.stratoserver.net /httpdocs/bertichile/vaipo dsc00062.jpg
2009.12.08 18:08 B Z:\home\Berti\public_html\www.berti-golf.de\bertichile\vaipo\dsc00062_tn.jpg --> h1667152.stratoserver.net /httpdocs/bertichile/vaipo dsc00062_tn.jpg
2009.12.08 18:08 B Z:\home\Berti\public_html\www.berti-golf.de\bertichile\vaipo\dsc00063.jpg --> h1667152.stratoserver.net /httpdocs/bertichile/vaipo dsc00063.jpg
2009.12.08 18:08 B Z:\home\Berti\public_html\www.berti-golf.de\bertichile\vaipo\dsc00063_tn.jpg --> h1667152.stratoserver.net /httpdocs/bertichile/vaipo dsc00063_tn.jpg
2009.12.08 18:08 B Z:\home\Berti\public_html\www.berti-golf.de\bertichile\vaipo\dsc00065.jpg --> h1667152.stratoserver.net /httpdocs/bertichile/vaipo dsc00065.jpg
2009.12.08 18:08 B Z:\home\Berti\public_html\www.berti-golf.de\bertichile\vaipo\dsc00065_tn.jpg --> h1667152.stratoserver.net /httpdocs/bertichile/vaipo dsc00065_tn.jpg
2009.12.08 18:08 B Z:\home\Berti\public_html\www.berti-golf.de\bertichile\vaipo\vp.html --> h1667152.stratoserver.net /httpdocs/bertichile/vaipo vp.html
