2008.06.27 16:24 B K:\sicherung_webserver_h10__072008\berti-golf.de\public_html\bertichile\maipo\_vti_cnf\banomorales1.jpg <-- www.berti-golf.de /public_html/bertichile/maipo/_vti_cnf banomorales1.jpg
2008.06.27 16:24 B K:\sicherung_webserver_h10__072008\berti-golf.de\public_html\bertichile\maipo\_vti_cnf\banomorales1_tn.jpg <-- www.berti-golf.de /public_html/bertichile/maipo/_vti_cnf banomorales1_tn.jpg
2008.06.27 16:24 B K:\sicherung_webserver_h10__072008\berti-golf.de\public_html\bertichile\maipo\_vti_cnf\banomorales2.jpg <-- www.berti-golf.de /public_html/bertichile/maipo/_vti_cnf banomorales2.jpg
2008.06.27 16:24 B K:\sicherung_webserver_h10__072008\berti-golf.de\public_html\bertichile\maipo\_vti_cnf\banomorales2_tn.jpg <-- www.berti-golf.de /public_html/bertichile/maipo/_vti_cnf banomorales2_tn.jpg
2008.06.27 16:24 B K:\sicherung_webserver_h10__072008\berti-golf.de\public_html\bertichile\maipo\_vti_cnf\banomorales3.jpg <-- www.berti-golf.de /public_html/bertichile/maipo/_vti_cnf banomorales3.jpg
2008.06.27 16:24 B K:\sicherung_webserver_h10__072008\berti-golf.de\public_html\bertichile\maipo\_vti_cnf\banomorales3_tn.jpg <-- www.berti-golf.de /public_html/bertichile/maipo/_vti_cnf banomorales3_tn.jpg
2008.06.27 16:24 B K:\sicherung_webserver_h10__072008\berti-golf.de\public_html\bertichile\maipo\_vti_cnf\berti1.jpg <-- www.berti-golf.de /public_html/bertichile/maipo/_vti_cnf berti1.jpg
2008.06.27 16:24 B K:\sicherung_webserver_h10__072008\berti-golf.de\public_html\bertichile\maipo\_vti_cnf\berti1_tn.jpg <-- www.berti-golf.de /public_html/bertichile/maipo/_vti_cnf berti1_tn.jpg
2008.06.27 16:24 B K:\sicherung_webserver_h10__072008\berti-golf.de\public_html\bertichile\maipo\_vti_cnf\berti2.jpg <-- www.berti-golf.de /public_html/bertichile/maipo/_vti_cnf berti2.jpg
2008.06.27 16:24 B K:\sicherung_webserver_h10__072008\berti-golf.de\public_html\bertichile\maipo\_vti_cnf\berti2_tn.jpg <-- www.berti-golf.de /public_html/bertichile/maipo/_vti_cnf berti2_tn.jpg
2008.06.27 16:24 B K:\sicherung_webserver_h10__072008\berti-golf.de\public_html\bertichile\maipo\_vti_cnf\berti3.jpg <-- www.berti-golf.de /public_html/bertichile/maipo/_vti_cnf berti3.jpg
2008.06.27 16:24 B K:\sicherung_webserver_h10__072008\berti-golf.de\public_html\bertichile\maipo\_vti_cnf\berti3_tn.jpg <-- www.berti-golf.de /public_html/bertichile/maipo/_vti_cnf berti3_tn.jpg
2008.06.27 16:24 B K:\sicherung_webserver_h10__072008\berti-golf.de\public_html\bertichile\maipo\_vti_cnf\jeep1.jpg <-- www.berti-golf.de /public_html/bertichile/maipo/_vti_cnf jeep1.jpg
2008.06.27 16:24 B K:\sicherung_webserver_h10__072008\berti-golf.de\public_html\bertichile\maipo\_vti_cnf\jeep1_tn.jpg <-- www.berti-golf.de /public_html/bertichile/maipo/_vti_cnf jeep1_tn.jpg
2008.06.27 16:24 B K:\sicherung_webserver_h10__072008\berti-golf.de\public_html\bertichile\maipo\_vti_cnf\jeep2.jpg <-- www.berti-golf.de /public_html/bertichile/maipo/_vti_cnf jeep2.jpg
2008.06.27 16:24 B K:\sicherung_webserver_h10__072008\berti-golf.de\public_html\bertichile\maipo\_vti_cnf\jeep2_tn.jpg <-- www.berti-golf.de /public_html/bertichile/maipo/_vti_cnf jeep2_tn.jpg
2008.06.27 16:24 B K:\sicherung_webserver_h10__072008\berti-golf.de\public_html\bertichile\maipo\_vti_cnf\jeep3.jpg <-- www.berti-golf.de /public_html/bertichile/maipo/_vti_cnf jeep3.jpg
2008.06.27 16:24 B K:\sicherung_webserver_h10__072008\berti-golf.de\public_html\bertichile\maipo\_vti_cnf\jeep3_tn.jpg <-- www.berti-golf.de /public_html/bertichile/maipo/_vti_cnf jeep3_tn.jpg
2008.06.27 16:24 B K:\sicherung_webserver_h10__072008\berti-golf.de\public_html\bertichile\maipo\_vti_cnf\maipo.html <-- www.berti-golf.de /public_html/bertichile/maipo/_vti_cnf maipo.html
2008.06.27 16:24 B K:\sicherung_webserver_h10__072008\berti-golf.de\public_html\bertichile\maipo\_vti_cnf\morado1.jpg <-- www.berti-golf.de /public_html/bertichile/maipo/_vti_cnf morado1.jpg
2008.06.27 16:24 B K:\sicherung_webserver_h10__072008\berti-golf.de\public_html\bertichile\maipo\_vti_cnf\morado1_tn.jpg <-- www.berti-golf.de /public_html/bertichile/maipo/_vti_cnf morado1_tn.jpg
2008.06.27 16:24 B K:\sicherung_webserver_h10__072008\berti-golf.de\public_html\bertichile\maipo\_vti_cnf\morado2.jpg <-- www.berti-golf.de /public_html/bertichile/maipo/_vti_cnf morado2.jpg
2008.06.27 16:24 B K:\sicherung_webserver_h10__072008\berti-golf.de\public_html\bertichile\maipo\_vti_cnf\morado3.jpg <-- www.berti-golf.de /public_html/bertichile/maipo/_vti_cnf morado3.jpg
2008.06.27 16:24 B K:\sicherung_webserver_h10__072008\berti-golf.de\public_html\bertichile\maipo\_vti_cnf\morado3_tn.jpg <-- www.berti-golf.de /public_html/bertichile/maipo/_vti_cnf morado3_tn.jpg
2008.06.27 16:24 B K:\sicherung_webserver_h10__072008\berti-golf.de\public_html\bertichile\maipo\_vti_cnf\orado3.jpg <-- www.berti-golf.de /public_html/bertichile/maipo/_vti_cnf orado3.jpg
2008.06.27 16:24 B K:\sicherung_webserver_h10__072008\berti-golf.de\public_html\bertichile\maipo\_vti_cnf\refugioaleman.jpg <-- www.berti-golf.de /public_html/bertichile/maipo/_vti_cnf refugioaleman.jpg
2008.06.27 16:24 B K:\sicherung_webserver_h10__072008\berti-golf.de\public_html\bertichile\maipo\_vti_cnf\refugioaleman_tn.jpg <-- www.berti-golf.de /public_html/bertichile/maipo/_vti_cnf refugioaleman_tn.jpg
2008.06.27 16:24 B K:\sicherung_webserver_h10__072008\berti-golf.de\public_html\bertichile\maipo\_vti_cnf\vista1.jpg <-- www.berti-golf.de /public_html/bertichile/maipo/_vti_cnf vista1.jpg
2008.06.27 16:24 B K:\sicherung_webserver_h10__072008\berti-golf.de\public_html\bertichile\maipo\_vti_cnf\vista2.jpg <-- www.berti-golf.de /public_html/bertichile/maipo/_vti_cnf vista2.jpg
2008.06.27 16:25 B K:\sicherung_webserver_h10__072008\berti-golf.de\public_html\bertichile\maipo\_vti_cnf\vista2_tn.jpg <-- www.berti-golf.de /public_html/bertichile/maipo/_vti_cnf vista2_tn.jpg
2008.06.27 16:25 B K:\sicherung_webserver_h10__072008\berti-golf.de\public_html\bertichile\maipo\_vti_cnf\volcano1.jpg <-- www.berti-golf.de /public_html/bertichile/maipo/_vti_cnf volcano1.jpg
2008.06.27 16:25 B K:\sicherung_webserver_h10__072008\berti-golf.de\public_html\bertichile\maipo\_vti_cnf\volcano1_tn.jpg <-- www.berti-golf.de /public_html/bertichile/maipo/_vti_cnf volcano1_tn.jpg
2008.06.27 16:25 B K:\sicherung_webserver_h10__072008\berti-golf.de\public_html\bertichile\maipo\_vti_cnf\w-b.jpg <-- www.berti-golf.de /public_html/bertichile/maipo/_vti_cnf w-b.jpg
2008.06.27 16:25 B K:\sicherung_webserver_h10__072008\berti-golf.de\public_html\bertichile\maipo\_vti_cnf\w-b1.jpg <-- www.berti-golf.de /public_html/bertichile/maipo/_vti_cnf w-b1.jpg
2008.06.27 16:25 B K:\sicherung_webserver_h10__072008\berti-golf.de\public_html\bertichile\maipo\_vti_cnf\w-b_tn.jpg <-- www.berti-golf.de /public_html/bertichile/maipo/_vti_cnf w-b_tn.jpg
2008.06.27 19:19 B K:\sicherung_webserver_h10__072008\berti-golf.de\public_html\bertichile\maipo\_vti_cnf\banomorales1.jpg --> bertigolfde.h1403220.stratoserver.net /public_html/bertichile/maipo/_vti_cnf banomorales1.jpg
2008.06.27 19:19 B K:\sicherung_webserver_h10__072008\berti-golf.de\public_html\bertichile\maipo\_vti_cnf\banomorales1_tn.jpg --> bertigolfde.h1403220.stratoserver.net /public_html/bertichile/maipo/_vti_cnf banomorales1_tn.jpg
2008.06.27 19:19 B K:\sicherung_webserver_h10__072008\berti-golf.de\public_html\bertichile\maipo\_vti_cnf\banomorales2.jpg --> bertigolfde.h1403220.stratoserver.net /public_html/bertichile/maipo/_vti_cnf banomorales2.jpg
2008.06.27 19:19 B K:\sicherung_webserver_h10__072008\berti-golf.de\public_html\bertichile\maipo\_vti_cnf\banomorales2_tn.jpg --> bertigolfde.h1403220.stratoserver.net /public_html/bertichile/maipo/_vti_cnf banomorales2_tn.jpg
2008.06.27 19:19 B K:\sicherung_webserver_h10__072008\berti-golf.de\public_html\bertichile\maipo\_vti_cnf\banomorales3.jpg --> bertigolfde.h1403220.stratoserver.net /public_html/bertichile/maipo/_vti_cnf banomorales3.jpg
2008.06.27 19:19 B K:\sicherung_webserver_h10__072008\berti-golf.de\public_html\bertichile\maipo\_vti_cnf\banomorales3_tn.jpg --> bertigolfde.h1403220.stratoserver.net /public_html/bertichile/maipo/_vti_cnf banomorales3_tn.jpg
2008.06.27 19:19 B K:\sicherung_webserver_h10__072008\berti-golf.de\public_html\bertichile\maipo\_vti_cnf\berti1.jpg --> bertigolfde.h1403220.stratoserver.net /public_html/bertichile/maipo/_vti_cnf berti1.jpg
2008.06.27 19:19 B K:\sicherung_webserver_h10__072008\berti-golf.de\public_html\bertichile\maipo\_vti_cnf\berti1_tn.jpg --> bertigolfde.h1403220.stratoserver.net /public_html/bertichile/maipo/_vti_cnf berti1_tn.jpg
2008.06.27 19:19 B K:\sicherung_webserver_h10__072008\berti-golf.de\public_html\bertichile\maipo\_vti_cnf\berti2.jpg --> bertigolfde.h1403220.stratoserver.net /public_html/bertichile/maipo/_vti_cnf berti2.jpg
2008.06.27 19:19 B K:\sicherung_webserver_h10__072008\berti-golf.de\public_html\bertichile\maipo\_vti_cnf\berti2_tn.jpg --> bertigolfde.h1403220.stratoserver.net /public_html/bertichile/maipo/_vti_cnf berti2_tn.jpg
2008.06.27 19:19 B K:\sicherung_webserver_h10__072008\berti-golf.de\public_html\bertichile\maipo\_vti_cnf\berti3.jpg --> bertigolfde.h1403220.stratoserver.net /public_html/bertichile/maipo/_vti_cnf berti3.jpg
2008.06.27 19:19 B K:\sicherung_webserver_h10__072008\berti-golf.de\public_html\bertichile\maipo\_vti_cnf\berti3_tn.jpg --> bertigolfde.h1403220.stratoserver.net /public_html/bertichile/maipo/_vti_cnf berti3_tn.jpg
2008.06.27 19:19 B K:\sicherung_webserver_h10__072008\berti-golf.de\public_html\bertichile\maipo\_vti_cnf\jeep1.jpg --> bertigolfde.h1403220.stratoserver.net /public_html/bertichile/maipo/_vti_cnf jeep1.jpg
2008.06.27 19:19 B K:\sicherung_webserver_h10__072008\berti-golf.de\public_html\bertichile\maipo\_vti_cnf\jeep1_tn.jpg --> bertigolfde.h1403220.stratoserver.net /public_html/bertichile/maipo/_vti_cnf jeep1_tn.jpg
2008.06.27 19:19 B K:\sicherung_webserver_h10__072008\berti-golf.de\public_html\bertichile\maipo\_vti_cnf\jeep2.jpg --> bertigolfde.h1403220.stratoserver.net /public_html/bertichile/maipo/_vti_cnf jeep2.jpg
2008.06.27 19:19 B K:\sicherung_webserver_h10__072008\berti-golf.de\public_html\bertichile\maipo\_vti_cnf\jeep2_tn.jpg --> bertigolfde.h1403220.stratoserver.net /public_html/bertichile/maipo/_vti_cnf jeep2_tn.jpg
2008.06.27 19:19 B K:\sicherung_webserver_h10__072008\berti-golf.de\public_html\bertichile\maipo\_vti_cnf\jeep3.jpg --> bertigolfde.h1403220.stratoserver.net /public_html/bertichile/maipo/_vti_cnf jeep3.jpg
2008.06.27 19:19 B K:\sicherung_webserver_h10__072008\berti-golf.de\public_html\bertichile\maipo\_vti_cnf\jeep3_tn.jpg --> bertigolfde.h1403220.stratoserver.net /public_html/bertichile/maipo/_vti_cnf jeep3_tn.jpg
2008.06.27 19:19 B K:\sicherung_webserver_h10__072008\berti-golf.de\public_html\bertichile\maipo\_vti_cnf\maipo.html --> bertigolfde.h1403220.stratoserver.net /public_html/bertichile/maipo/_vti_cnf maipo.html
2008.06.27 19:19 B K:\sicherung_webserver_h10__072008\berti-golf.de\public_html\bertichile\maipo\_vti_cnf\morado1.jpg --> bertigolfde.h1403220.stratoserver.net /public_html/bertichile/maipo/_vti_cnf morado1.jpg
2008.06.27 19:19 B K:\sicherung_webserver_h10__072008\berti-golf.de\public_html\bertichile\maipo\_vti_cnf\morado1_tn.jpg --> bertigolfde.h1403220.stratoserver.net /public_html/bertichile/maipo/_vti_cnf morado1_tn.jpg
2008.06.27 19:19 B K:\sicherung_webserver_h10__072008\berti-golf.de\public_html\bertichile\maipo\_vti_cnf\morado2.jpg --> bertigolfde.h1403220.stratoserver.net /public_html/bertichile/maipo/_vti_cnf morado2.jpg
2008.06.27 19:19 B K:\sicherung_webserver_h10__072008\berti-golf.de\public_html\bertichile\maipo\_vti_cnf\morado3.jpg --> bertigolfde.h1403220.stratoserver.net /public_html/bertichile/maipo/_vti_cnf morado3.jpg
2008.06.27 19:19 B K:\sicherung_webserver_h10__072008\berti-golf.de\public_html\bertichile\maipo\_vti_cnf\morado3_tn.jpg --> bertigolfde.h1403220.stratoserver.net /public_html/bertichile/maipo/_vti_cnf morado3_tn.jpg
2008.06.27 19:19 B K:\sicherung_webserver_h10__072008\berti-golf.de\public_html\bertichile\maipo\_vti_cnf\orado3.jpg --> bertigolfde.h1403220.stratoserver.net /public_html/bertichile/maipo/_vti_cnf orado3.jpg
2008.06.27 19:19 B K:\sicherung_webserver_h10__072008\berti-golf.de\public_html\bertichile\maipo\_vti_cnf\refugioaleman.jpg --> bertigolfde.h1403220.stratoserver.net /public_html/bertichile/maipo/_vti_cnf refugioaleman.jpg
2008.06.27 19:19 B K:\sicherung_webserver_h10__072008\berti-golf.de\public_html\bertichile\maipo\_vti_cnf\refugioaleman_tn.jpg --> bertigolfde.h1403220.stratoserver.net /public_html/bertichile/maipo/_vti_cnf refugioaleman_tn.jpg
2008.06.27 19:19 B K:\sicherung_webserver_h10__072008\berti-golf.de\public_html\bertichile\maipo\_vti_cnf\vista1.jpg --> bertigolfde.h1403220.stratoserver.net /public_html/bertichile/maipo/_vti_cnf vista1.jpg
2008.06.27 19:19 B K:\sicherung_webserver_h10__072008\berti-golf.de\public_html\bertichile\maipo\_vti_cnf\vista2.jpg --> bertigolfde.h1403220.stratoserver.net /public_html/bertichile/maipo/_vti_cnf vista2.jpg
2008.06.27 19:19 B K:\sicherung_webserver_h10__072008\berti-golf.de\public_html\bertichile\maipo\_vti_cnf\vista2_tn.jpg --> bertigolfde.h1403220.stratoserver.net /public_html/bertichile/maipo/_vti_cnf vista2_tn.jpg
2008.06.27 19:19 B K:\sicherung_webserver_h10__072008\berti-golf.de\public_html\bertichile\maipo\_vti_cnf\volcano1.jpg --> bertigolfde.h1403220.stratoserver.net /public_html/bertichile/maipo/_vti_cnf volcano1.jpg
2008.06.27 19:19 B K:\sicherung_webserver_h10__072008\berti-golf.de\public_html\bertichile\maipo\_vti_cnf\volcano1_tn.jpg --> bertigolfde.h1403220.stratoserver.net /public_html/bertichile/maipo/_vti_cnf volcano1_tn.jpg
2008.06.27 19:19 B K:\sicherung_webserver_h10__072008\berti-golf.de\public_html\bertichile\maipo\_vti_cnf\w-b.jpg --> bertigolfde.h1403220.stratoserver.net /public_html/bertichile/maipo/_vti_cnf w-b.jpg
2008.06.27 19:19 B K:\sicherung_webserver_h10__072008\berti-golf.de\public_html\bertichile\maipo\_vti_cnf\w-b1.jpg --> bertigolfde.h1403220.stratoserver.net /public_html/bertichile/maipo/_vti_cnf w-b1.jpg
2008.06.27 19:20 B K:\sicherung_webserver_h10__072008\berti-golf.de\public_html\bertichile\maipo\_vti_cnf\w-b_tn.jpg --> bertigolfde.h1403220.stratoserver.net /public_html/bertichile/maipo/_vti_cnf w-b_tn.jpg
2009.05.01 07:16 B Z:\home\Berti\public_html\www.berti-golf.de\bertichile\maipo\_vti_cnf\WS_FTP.LOG <-- bertigolfde.h1403220.stratoserver.net /public_html/bertichile/maipo/_vti_cnf WS_FTP.LOG
2009.12.08 18:01 B Z:\home\Berti\public_html\www.berti-golf.de\bertichile\maipo\_vti_cnf\banomorales1.jpg --> h1667152.stratoserver.net /httpdocs/bertichile/maipo/_vti_cnf banomorales1.jpg
2009.12.08 18:01 B Z:\home\Berti\public_html\www.berti-golf.de\bertichile\maipo\_vti_cnf\banomorales1_tn.jpg --> h1667152.stratoserver.net /httpdocs/bertichile/maipo/_vti_cnf banomorales1_tn.jpg
2009.12.08 18:01 B Z:\home\Berti\public_html\www.berti-golf.de\bertichile\maipo\_vti_cnf\banomorales2.jpg --> h1667152.stratoserver.net /httpdocs/bertichile/maipo/_vti_cnf banomorales2.jpg
2009.12.08 18:01 B Z:\home\Berti\public_html\www.berti-golf.de\bertichile\maipo\_vti_cnf\banomorales2_tn.jpg --> h1667152.stratoserver.net /httpdocs/bertichile/maipo/_vti_cnf banomorales2_tn.jpg
2009.12.08 18:01 B Z:\home\Berti\public_html\www.berti-golf.de\bertichile\maipo\_vti_cnf\banomorales3.jpg --> h1667152.stratoserver.net /httpdocs/bertichile/maipo/_vti_cnf banomorales3.jpg
2009.12.08 18:01 B Z:\home\Berti\public_html\www.berti-golf.de\bertichile\maipo\_vti_cnf\banomorales3_tn.jpg --> h1667152.stratoserver.net /httpdocs/bertichile/maipo/_vti_cnf banomorales3_tn.jpg
2009.12.08 18:01 B Z:\home\Berti\public_html\www.berti-golf.de\bertichile\maipo\_vti_cnf\berti1.jpg --> h1667152.stratoserver.net /httpdocs/bertichile/maipo/_vti_cnf berti1.jpg
2009.12.08 18:01 B Z:\home\Berti\public_html\www.berti-golf.de\bertichile\maipo\_vti_cnf\berti1_tn.jpg --> h1667152.stratoserver.net /httpdocs/bertichile/maipo/_vti_cnf berti1_tn.jpg
2009.12.08 18:01 B Z:\home\Berti\public_html\www.berti-golf.de\bertichile\maipo\_vti_cnf\berti2.jpg --> h1667152.stratoserver.net /httpdocs/bertichile/maipo/_vti_cnf berti2.jpg
2009.12.08 18:01 B Z:\home\Berti\public_html\www.berti-golf.de\bertichile\maipo\_vti_cnf\berti2_tn.jpg --> h1667152.stratoserver.net /httpdocs/bertichile/maipo/_vti_cnf berti2_tn.jpg
2009.12.08 18:01 B Z:\home\Berti\public_html\www.berti-golf.de\bertichile\maipo\_vti_cnf\berti3.jpg --> h1667152.stratoserver.net /httpdocs/bertichile/maipo/_vti_cnf berti3.jpg
2009.12.08 18:01 B Z:\home\Berti\public_html\www.berti-golf.de\bertichile\maipo\_vti_cnf\berti3_tn.jpg --> h1667152.stratoserver.net /httpdocs/bertichile/maipo/_vti_cnf berti3_tn.jpg
2009.12.08 18:01 B Z:\home\Berti\public_html\www.berti-golf.de\bertichile\maipo\_vti_cnf\jeep1.jpg --> h1667152.stratoserver.net /httpdocs/bertichile/maipo/_vti_cnf jeep1.jpg
2009.12.08 18:01 B Z:\home\Berti\public_html\www.berti-golf.de\bertichile\maipo\_vti_cnf\jeep1_tn.jpg --> h1667152.stratoserver.net /httpdocs/bertichile/maipo/_vti_cnf jeep1_tn.jpg
2009.12.08 18:01 B Z:\home\Berti\public_html\www.berti-golf.de\bertichile\maipo\_vti_cnf\jeep2.jpg --> h1667152.stratoserver.net /httpdocs/bertichile/maipo/_vti_cnf jeep2.jpg
2009.12.08 18:01 B Z:\home\Berti\public_html\www.berti-golf.de\bertichile\maipo\_vti_cnf\jeep2_tn.jpg --> h1667152.stratoserver.net /httpdocs/bertichile/maipo/_vti_cnf jeep2_tn.jpg
2009.12.08 18:01 B Z:\home\Berti\public_html\www.berti-golf.de\bertichile\maipo\_vti_cnf\jeep3.jpg --> h1667152.stratoserver.net /httpdocs/bertichile/maipo/_vti_cnf jeep3.jpg
2009.12.08 18:01 B Z:\home\Berti\public_html\www.berti-golf.de\bertichile\maipo\_vti_cnf\jeep3_tn.jpg --> h1667152.stratoserver.net /httpdocs/bertichile/maipo/_vti_cnf jeep3_tn.jpg
2009.12.08 18:01 B Z:\home\Berti\public_html\www.berti-golf.de\bertichile\maipo\_vti_cnf\maipo.html --> h1667152.stratoserver.net /httpdocs/bertichile/maipo/_vti_cnf maipo.html
2009.12.08 18:01 B Z:\home\Berti\public_html\www.berti-golf.de\bertichile\maipo\_vti_cnf\morado1.jpg --> h1667152.stratoserver.net /httpdocs/bertichile/maipo/_vti_cnf morado1.jpg
2009.12.08 18:01 B Z:\home\Berti\public_html\www.berti-golf.de\bertichile\maipo\_vti_cnf\morado1_tn.jpg --> h1667152.stratoserver.net /httpdocs/bertichile/maipo/_vti_cnf morado1_tn.jpg
2009.12.08 18:01 B Z:\home\Berti\public_html\www.berti-golf.de\bertichile\maipo\_vti_cnf\morado2.jpg --> h1667152.stratoserver.net /httpdocs/bertichile/maipo/_vti_cnf morado2.jpg
2009.12.08 18:01 B Z:\home\Berti\public_html\www.berti-golf.de\bertichile\maipo\_vti_cnf\morado3.jpg --> h1667152.stratoserver.net /httpdocs/bertichile/maipo/_vti_cnf morado3.jpg
2009.12.08 18:01 B Z:\home\Berti\public_html\www.berti-golf.de\bertichile\maipo\_vti_cnf\morado3_tn.jpg --> h1667152.stratoserver.net /httpdocs/bertichile/maipo/_vti_cnf morado3_tn.jpg
2009.12.08 18:01 B Z:\home\Berti\public_html\www.berti-golf.de\bertichile\maipo\_vti_cnf\orado3.jpg --> h1667152.stratoserver.net /httpdocs/bertichile/maipo/_vti_cnf orado3.jpg
2009.12.08 18:01 B Z:\home\Berti\public_html\www.berti-golf.de\bertichile\maipo\_vti_cnf\refugioaleman.jpg --> h1667152.stratoserver.net /httpdocs/bertichile/maipo/_vti_cnf refugioaleman.jpg
2009.12.08 18:01 B Z:\home\Berti\public_html\www.berti-golf.de\bertichile\maipo\_vti_cnf\refugioaleman_tn.jpg --> h1667152.stratoserver.net /httpdocs/bertichile/maipo/_vti_cnf refugioaleman_tn.jpg
2009.12.08 18:01 B Z:\home\Berti\public_html\www.berti-golf.de\bertichile\maipo\_vti_cnf\vista1.jpg --> h1667152.stratoserver.net /httpdocs/bertichile/maipo/_vti_cnf vista1.jpg
2009.12.08 18:01 B Z:\home\Berti\public_html\www.berti-golf.de\bertichile\maipo\_vti_cnf\vista2.jpg --> h1667152.stratoserver.net /httpdocs/bertichile/maipo/_vti_cnf vista2.jpg
2009.12.08 18:01 B Z:\home\Berti\public_html\www.berti-golf.de\bertichile\maipo\_vti_cnf\vista2_tn.jpg --> h1667152.stratoserver.net /httpdocs/bertichile/maipo/_vti_cnf vista2_tn.jpg
2009.12.08 18:01 B Z:\home\Berti\public_html\www.berti-golf.de\bertichile\maipo\_vti_cnf\volcano1.jpg --> h1667152.stratoserver.net /httpdocs/bertichile/maipo/_vti_cnf volcano1.jpg
2009.12.08 18:01 B Z:\home\Berti\public_html\www.berti-golf.de\bertichile\maipo\_vti_cnf\volcano1_tn.jpg --> h1667152.stratoserver.net /httpdocs/bertichile/maipo/_vti_cnf volcano1_tn.jpg
2009.12.08 18:01 B Z:\home\Berti\public_html\www.berti-golf.de\bertichile\maipo\_vti_cnf\w-b.jpg --> h1667152.stratoserver.net /httpdocs/bertichile/maipo/_vti_cnf w-b.jpg
2009.12.08 18:01 B Z:\home\Berti\public_html\www.berti-golf.de\bertichile\maipo\_vti_cnf\w-b1.jpg --> h1667152.stratoserver.net /httpdocs/bertichile/maipo/_vti_cnf w-b1.jpg
2009.12.08 18:01 B Z:\home\Berti\public_html\www.berti-golf.de\bertichile\maipo\_vti_cnf\w-b_tn.jpg --> h1667152.stratoserver.net /httpdocs/bertichile/maipo/_vti_cnf w-b_tn.jpg
