2008.06.27 16:25 B K:\sicherung_webserver_h10__072008\berti-golf.de\public_html\bertichile\michi\b-m2.jpg <-- www.berti-golf.de /public_html/bertichile/michi b-m2.jpg
2008.06.27 16:25 B K:\sicherung_webserver_h10__072008\berti-golf.de\public_html\bertichile\michi\b-m2_tn.jpg <-- www.berti-golf.de /public_html/bertichile/michi b-m2_tn.jpg
2008.06.27 16:25 B K:\sicherung_webserver_h10__072008\berti-golf.de\public_html\bertichile\michi\berti.jpg <-- www.berti-golf.de /public_html/bertichile/michi berti.jpg
2008.06.27 16:25 B K:\sicherung_webserver_h10__072008\berti-golf.de\public_html\bertichile\michi\berti_tn.jpg <-- www.berti-golf.de /public_html/bertichile/michi berti_tn.jpg
2008.06.27 16:25 B K:\sicherung_webserver_h10__072008\berti-golf.de\public_html\bertichile\michi\cm2.jpg <-- www.berti-golf.de /public_html/bertichile/michi cm2.jpg
2008.06.27 16:25 B K:\sicherung_webserver_h10__072008\berti-golf.de\public_html\bertichile\michi\cm2_tn.jpg <-- www.berti-golf.de /public_html/bertichile/michi cm2_tn.jpg
2008.06.27 16:25 B K:\sicherung_webserver_h10__072008\berti-golf.de\public_html\bertichile\michi\conny.jpg <-- www.berti-golf.de /public_html/bertichile/michi conny.jpg
2008.06.27 16:25 B K:\sicherung_webserver_h10__072008\berti-golf.de\public_html\bertichile\michi\conny_tn.jpg <-- www.berti-golf.de /public_html/bertichile/michi conny_tn.jpg
2008.06.27 16:25 B K:\sicherung_webserver_h10__072008\berti-golf.de\public_html\bertichile\michi\grupo.jpg <-- www.berti-golf.de /public_html/bertichile/michi grupo.jpg
2008.06.27 16:25 B K:\sicherung_webserver_h10__072008\berti-golf.de\public_html\bertichile\michi\grupo_tn.jpg <-- www.berti-golf.de /public_html/bertichile/michi grupo_tn.jpg
2008.06.27 16:25 B K:\sicherung_webserver_h10__072008\berti-golf.de\public_html\bertichile\michi\lift.jpg <-- www.berti-golf.de /public_html/bertichile/michi lift.jpg
2008.06.27 16:25 B K:\sicherung_webserver_h10__072008\berti-golf.de\public_html\bertichile\michi\lift_tn.jpg <-- www.berti-golf.de /public_html/bertichile/michi lift_tn.jpg
2008.06.27 16:25 B K:\sicherung_webserver_h10__072008\berti-golf.de\public_html\bertichile\michi\michi.html <-- www.berti-golf.de /public_html/bertichile/michi michi.html
2008.06.27 16:25 B K:\sicherung_webserver_h10__072008\berti-golf.de\public_html\bertichile\michi\michi1.jpg <-- www.berti-golf.de /public_html/bertichile/michi michi1.jpg
2008.06.27 16:26 B K:\sicherung_webserver_h10__072008\berti-golf.de\public_html\bertichile\michi\michi1_tn.jpg <-- www.berti-golf.de /public_html/bertichile/michi michi1_tn.jpg
2008.06.27 16:26 B K:\sicherung_webserver_h10__072008\berti-golf.de\public_html\bertichile\michi\michi2.jpg <-- www.berti-golf.de /public_html/bertichile/michi michi2.jpg
2008.06.27 16:26 B K:\sicherung_webserver_h10__072008\berti-golf.de\public_html\bertichile\michi\michi2_tn.jpg <-- www.berti-golf.de /public_html/bertichile/michi michi2_tn.jpg
2008.06.27 16:26 B K:\sicherung_webserver_h10__072008\berti-golf.de\public_html\bertichile\michi\michi3.jpg <-- www.berti-golf.de /public_html/bertichile/michi michi3.jpg
2008.06.27 16:26 B K:\sicherung_webserver_h10__072008\berti-golf.de\public_html\bertichile\michi\michi3_tn.jpg <-- www.berti-golf.de /public_html/bertichile/michi michi3_tn.jpg
2008.06.27 16:26 B K:\sicherung_webserver_h10__072008\berti-golf.de\public_html\bertichile\michi\michi4.jpg <-- www.berti-golf.de /public_html/bertichile/michi michi4.jpg
2008.06.27 16:26 B K:\sicherung_webserver_h10__072008\berti-golf.de\public_html\bertichile\michi\michi4_tn.jpg <-- www.berti-golf.de /public_html/bertichile/michi michi4_tn.jpg
2008.06.27 16:26 B K:\sicherung_webserver_h10__072008\berti-golf.de\public_html\bertichile\michi\michi5.jpg <-- www.berti-golf.de /public_html/bertichile/michi michi5.jpg
2008.06.27 16:26 B K:\sicherung_webserver_h10__072008\berti-golf.de\public_html\bertichile\michi\michi5_tn.jpg <-- www.berti-golf.de /public_html/bertichile/michi michi5_tn.jpg
2008.06.27 16:26 B K:\sicherung_webserver_h10__072008\berti-golf.de\public_html\bertichile\michi\pspbrwse.jbf <-- www.berti-golf.de /public_html/bertichile/michi pspbrwse.jbf
2008.06.27 16:26 B K:\sicherung_webserver_h10__072008\berti-golf.de\public_html\bertichile\michi\scl1.jpg <-- www.berti-golf.de /public_html/bertichile/michi scl1.jpg
2008.06.27 16:26 B K:\sicherung_webserver_h10__072008\berti-golf.de\public_html\bertichile\michi\scl1_tn.jpg <-- www.berti-golf.de /public_html/bertichile/michi scl1_tn.jpg
2008.06.27 16:26 B K:\sicherung_webserver_h10__072008\berti-golf.de\public_html\bertichile\michi\scl2.jpg <-- www.berti-golf.de /public_html/bertichile/michi scl2.jpg
2008.06.27 16:26 B K:\sicherung_webserver_h10__072008\berti-golf.de\public_html\bertichile\michi\scl2_tn.jpg <-- www.berti-golf.de /public_html/bertichile/michi scl2_tn.jpg
2008.06.27 16:26 B K:\sicherung_webserver_h10__072008\berti-golf.de\public_html\bertichile\michi\smog.jpg <-- www.berti-golf.de /public_html/bertichile/michi smog.jpg
2008.06.27 16:26 B K:\sicherung_webserver_h10__072008\berti-golf.de\public_html\bertichile\michi\smog_tn.jpg <-- www.berti-golf.de /public_html/bertichile/michi smog_tn.jpg
2008.06.27 19:20 B K:\sicherung_webserver_h10__072008\berti-golf.de\public_html\bertichile\michi\b-m2.jpg --> bertigolfde.h1403220.stratoserver.net /public_html/bertichile/michi b-m2.jpg
2008.06.27 19:20 B K:\sicherung_webserver_h10__072008\berti-golf.de\public_html\bertichile\michi\b-m2_tn.jpg --> bertigolfde.h1403220.stratoserver.net /public_html/bertichile/michi b-m2_tn.jpg
2008.06.27 19:20 B K:\sicherung_webserver_h10__072008\berti-golf.de\public_html\bertichile\michi\berti.jpg --> bertigolfde.h1403220.stratoserver.net /public_html/bertichile/michi berti.jpg
2008.06.27 19:20 B K:\sicherung_webserver_h10__072008\berti-golf.de\public_html\bertichile\michi\berti_tn.jpg --> bertigolfde.h1403220.stratoserver.net /public_html/bertichile/michi berti_tn.jpg
2008.06.27 19:20 B K:\sicherung_webserver_h10__072008\berti-golf.de\public_html\bertichile\michi\cm2.jpg --> bertigolfde.h1403220.stratoserver.net /public_html/bertichile/michi cm2.jpg
2008.06.27 19:20 B K:\sicherung_webserver_h10__072008\berti-golf.de\public_html\bertichile\michi\cm2_tn.jpg --> bertigolfde.h1403220.stratoserver.net /public_html/bertichile/michi cm2_tn.jpg
2008.06.27 19:21 B K:\sicherung_webserver_h10__072008\berti-golf.de\public_html\bertichile\michi\conny.jpg --> bertigolfde.h1403220.stratoserver.net /public_html/bertichile/michi conny.jpg
2008.06.27 19:21 B K:\sicherung_webserver_h10__072008\berti-golf.de\public_html\bertichile\michi\conny_tn.jpg --> bertigolfde.h1403220.stratoserver.net /public_html/bertichile/michi conny_tn.jpg
2008.06.27 19:21 B K:\sicherung_webserver_h10__072008\berti-golf.de\public_html\bertichile\michi\grupo.jpg --> bertigolfde.h1403220.stratoserver.net /public_html/bertichile/michi grupo.jpg
2008.06.27 19:21 B K:\sicherung_webserver_h10__072008\berti-golf.de\public_html\bertichile\michi\grupo_tn.jpg --> bertigolfde.h1403220.stratoserver.net /public_html/bertichile/michi grupo_tn.jpg
2008.06.27 19:21 B K:\sicherung_webserver_h10__072008\berti-golf.de\public_html\bertichile\michi\lift.jpg --> bertigolfde.h1403220.stratoserver.net /public_html/bertichile/michi lift.jpg
2008.06.27 19:21 B K:\sicherung_webserver_h10__072008\berti-golf.de\public_html\bertichile\michi\lift_tn.jpg --> bertigolfde.h1403220.stratoserver.net /public_html/bertichile/michi lift_tn.jpg
2008.06.27 19:21 B K:\sicherung_webserver_h10__072008\berti-golf.de\public_html\bertichile\michi\michi.html --> bertigolfde.h1403220.stratoserver.net /public_html/bertichile/michi michi.html
2008.06.27 19:21 B K:\sicherung_webserver_h10__072008\berti-golf.de\public_html\bertichile\michi\michi1.jpg --> bertigolfde.h1403220.stratoserver.net /public_html/bertichile/michi michi1.jpg
2008.06.27 19:21 B K:\sicherung_webserver_h10__072008\berti-golf.de\public_html\bertichile\michi\michi1_tn.jpg --> bertigolfde.h1403220.stratoserver.net /public_html/bertichile/michi michi1_tn.jpg
2008.06.27 19:21 B K:\sicherung_webserver_h10__072008\berti-golf.de\public_html\bertichile\michi\michi2.jpg --> bertigolfde.h1403220.stratoserver.net /public_html/bertichile/michi michi2.jpg
2008.06.27 19:21 B K:\sicherung_webserver_h10__072008\berti-golf.de\public_html\bertichile\michi\michi2_tn.jpg --> bertigolfde.h1403220.stratoserver.net /public_html/bertichile/michi michi2_tn.jpg
2008.06.27 19:21 B K:\sicherung_webserver_h10__072008\berti-golf.de\public_html\bertichile\michi\michi3.jpg --> bertigolfde.h1403220.stratoserver.net /public_html/bertichile/michi michi3.jpg
2008.06.27 19:21 B K:\sicherung_webserver_h10__072008\berti-golf.de\public_html\bertichile\michi\michi3_tn.jpg --> bertigolfde.h1403220.stratoserver.net /public_html/bertichile/michi michi3_tn.jpg
2008.06.27 19:21 B K:\sicherung_webserver_h10__072008\berti-golf.de\public_html\bertichile\michi\michi4.jpg --> bertigolfde.h1403220.stratoserver.net /public_html/bertichile/michi michi4.jpg
2008.06.27 19:21 B K:\sicherung_webserver_h10__072008\berti-golf.de\public_html\bertichile\michi\michi4_tn.jpg --> bertigolfde.h1403220.stratoserver.net /public_html/bertichile/michi michi4_tn.jpg
2008.06.27 19:21 B K:\sicherung_webserver_h10__072008\berti-golf.de\public_html\bertichile\michi\michi5.jpg --> bertigolfde.h1403220.stratoserver.net /public_html/bertichile/michi michi5.jpg
2008.06.27 19:21 B K:\sicherung_webserver_h10__072008\berti-golf.de\public_html\bertichile\michi\michi5_tn.jpg --> bertigolfde.h1403220.stratoserver.net /public_html/bertichile/michi michi5_tn.jpg
2008.06.27 19:21 B K:\sicherung_webserver_h10__072008\berti-golf.de\public_html\bertichile\michi\pspbrwse.jbf --> bertigolfde.h1403220.stratoserver.net /public_html/bertichile/michi pspbrwse.jbf
2008.06.27 19:21 B K:\sicherung_webserver_h10__072008\berti-golf.de\public_html\bertichile\michi\scl1.jpg --> bertigolfde.h1403220.stratoserver.net /public_html/bertichile/michi scl1.jpg
2008.06.27 19:21 B K:\sicherung_webserver_h10__072008\berti-golf.de\public_html\bertichile\michi\scl1_tn.jpg --> bertigolfde.h1403220.stratoserver.net /public_html/bertichile/michi scl1_tn.jpg
2008.06.27 19:21 B K:\sicherung_webserver_h10__072008\berti-golf.de\public_html\bertichile\michi\scl2.jpg --> bertigolfde.h1403220.stratoserver.net /public_html/bertichile/michi scl2.jpg
2008.06.27 19:21 B K:\sicherung_webserver_h10__072008\berti-golf.de\public_html\bertichile\michi\scl2_tn.jpg --> bertigolfde.h1403220.stratoserver.net /public_html/bertichile/michi scl2_tn.jpg
2008.06.27 19:21 B K:\sicherung_webserver_h10__072008\berti-golf.de\public_html\bertichile\michi\smog.jpg --> bertigolfde.h1403220.stratoserver.net /public_html/bertichile/michi smog.jpg
2008.06.27 19:21 B K:\sicherung_webserver_h10__072008\berti-golf.de\public_html\bertichile\michi\smog_tn.jpg --> bertigolfde.h1403220.stratoserver.net /public_html/bertichile/michi smog_tn.jpg
2009.05.01 07:16 B Z:\home\Berti\public_html\www.berti-golf.de\bertichile\michi\WS_FTP.LOG <-- bertigolfde.h1403220.stratoserver.net /public_html/bertichile/michi WS_FTP.LOG
2009.12.08 18:02 B Z:\home\Berti\public_html\www.berti-golf.de\bertichile\michi\b-m2.jpg --> h1667152.stratoserver.net /httpdocs/bertichile/michi b-m2.jpg
2009.12.08 18:02 B Z:\home\Berti\public_html\www.berti-golf.de\bertichile\michi\b-m2_tn.jpg --> h1667152.stratoserver.net /httpdocs/bertichile/michi b-m2_tn.jpg
2009.12.08 18:02 B Z:\home\Berti\public_html\www.berti-golf.de\bertichile\michi\berti.jpg --> h1667152.stratoserver.net /httpdocs/bertichile/michi berti.jpg
2009.12.08 18:02 B Z:\home\Berti\public_html\www.berti-golf.de\bertichile\michi\berti_tn.jpg --> h1667152.stratoserver.net /httpdocs/bertichile/michi berti_tn.jpg
2009.12.08 18:02 B Z:\home\Berti\public_html\www.berti-golf.de\bertichile\michi\cm2.jpg --> h1667152.stratoserver.net /httpdocs/bertichile/michi cm2.jpg
2009.12.08 18:02 B Z:\home\Berti\public_html\www.berti-golf.de\bertichile\michi\cm2_tn.jpg --> h1667152.stratoserver.net /httpdocs/bertichile/michi cm2_tn.jpg
2009.12.08 18:02 B Z:\home\Berti\public_html\www.berti-golf.de\bertichile\michi\conny.jpg --> h1667152.stratoserver.net /httpdocs/bertichile/michi conny.jpg
2009.12.08 18:02 B Z:\home\Berti\public_html\www.berti-golf.de\bertichile\michi\conny_tn.jpg --> h1667152.stratoserver.net /httpdocs/bertichile/michi conny_tn.jpg
2009.12.08 18:02 B Z:\home\Berti\public_html\www.berti-golf.de\bertichile\michi\grupo.jpg --> h1667152.stratoserver.net /httpdocs/bertichile/michi grupo.jpg
2009.12.08 18:02 B Z:\home\Berti\public_html\www.berti-golf.de\bertichile\michi\grupo_tn.jpg --> h1667152.stratoserver.net /httpdocs/bertichile/michi grupo_tn.jpg
2009.12.08 18:02 B Z:\home\Berti\public_html\www.berti-golf.de\bertichile\michi\lift.jpg --> h1667152.stratoserver.net /httpdocs/bertichile/michi lift.jpg
2009.12.08 18:02 B Z:\home\Berti\public_html\www.berti-golf.de\bertichile\michi\lift_tn.jpg --> h1667152.stratoserver.net /httpdocs/bertichile/michi lift_tn.jpg
2009.12.08 18:02 B Z:\home\Berti\public_html\www.berti-golf.de\bertichile\michi\michi.html --> h1667152.stratoserver.net /httpdocs/bertichile/michi michi.html
2009.12.08 18:02 B Z:\home\Berti\public_html\www.berti-golf.de\bertichile\michi\michi1.jpg --> h1667152.stratoserver.net /httpdocs/bertichile/michi michi1.jpg
2009.12.08 18:02 B Z:\home\Berti\public_html\www.berti-golf.de\bertichile\michi\michi1_tn.jpg --> h1667152.stratoserver.net /httpdocs/bertichile/michi michi1_tn.jpg
2009.12.08 18:02 B Z:\home\Berti\public_html\www.berti-golf.de\bertichile\michi\michi2.jpg --> h1667152.stratoserver.net /httpdocs/bertichile/michi michi2.jpg
2009.12.08 18:02 B Z:\home\Berti\public_html\www.berti-golf.de\bertichile\michi\michi2_tn.jpg --> h1667152.stratoserver.net /httpdocs/bertichile/michi michi2_tn.jpg
2009.12.08 18:02 B Z:\home\Berti\public_html\www.berti-golf.de\bertichile\michi\michi3.jpg --> h1667152.stratoserver.net /httpdocs/bertichile/michi michi3.jpg
2009.12.08 18:02 B Z:\home\Berti\public_html\www.berti-golf.de\bertichile\michi\michi3_tn.jpg --> h1667152.stratoserver.net /httpdocs/bertichile/michi michi3_tn.jpg
2009.12.08 18:02 B Z:\home\Berti\public_html\www.berti-golf.de\bertichile\michi\michi4.jpg --> h1667152.stratoserver.net /httpdocs/bertichile/michi michi4.jpg
2009.12.08 18:02 B Z:\home\Berti\public_html\www.berti-golf.de\bertichile\michi\michi4_tn.jpg --> h1667152.stratoserver.net /httpdocs/bertichile/michi michi4_tn.jpg
2009.12.08 18:02 B Z:\home\Berti\public_html\www.berti-golf.de\bertichile\michi\michi5.jpg --> h1667152.stratoserver.net /httpdocs/bertichile/michi michi5.jpg
2009.12.08 18:02 B Z:\home\Berti\public_html\www.berti-golf.de\bertichile\michi\michi5_tn.jpg --> h1667152.stratoserver.net /httpdocs/bertichile/michi michi5_tn.jpg
2009.12.08 18:02 B Z:\home\Berti\public_html\www.berti-golf.de\bertichile\michi\pspbrwse.jbf --> h1667152.stratoserver.net /httpdocs/bertichile/michi pspbrwse.jbf
2009.12.08 18:02 B Z:\home\Berti\public_html\www.berti-golf.de\bertichile\michi\scl1.jpg --> h1667152.stratoserver.net /httpdocs/bertichile/michi scl1.jpg
2009.12.08 18:02 B Z:\home\Berti\public_html\www.berti-golf.de\bertichile\michi\scl1_tn.jpg --> h1667152.stratoserver.net /httpdocs/bertichile/michi scl1_tn.jpg
2009.12.08 18:02 B Z:\home\Berti\public_html\www.berti-golf.de\bertichile\michi\scl2.jpg --> h1667152.stratoserver.net /httpdocs/bertichile/michi scl2.jpg
2009.12.08 18:02 B Z:\home\Berti\public_html\www.berti-golf.de\bertichile\michi\scl2_tn.jpg --> h1667152.stratoserver.net /httpdocs/bertichile/michi scl2_tn.jpg
2009.12.08 18:02 B Z:\home\Berti\public_html\www.berti-golf.de\bertichile\michi\smog.jpg --> h1667152.stratoserver.net /httpdocs/bertichile/michi smog.jpg
2009.12.08 18:02 B Z:\home\Berti\public_html\www.berti-golf.de\bertichile\michi\smog_tn.jpg --> h1667152.stratoserver.net /httpdocs/bertichile/michi smog_tn.jpg
