2008.06.27 16:18 B K:\sicherung_webserver_h10__072008\berti-golf.de\public_html\bertichile\islanegra\_vti_cnf\aco-lagunadeinkas2.jpg <-- www.berti-golf.de /public_html/bertichile/islanegra/_vti_cnf aco-lagunadeinkas2.jpg
2008.06.27 16:18 B K:\sicherung_webserver_h10__072008\berti-golf.de\public_html\bertichile\islanegra\_vti_cnf\aco-padres-puente1.jpg <-- www.berti-golf.de /public_html/bertichile/islanegra/_vti_cnf aco-padres-puente1.jpg
2008.06.27 16:18 B K:\sicherung_webserver_h10__072008\berti-golf.de\public_html\bertichile\islanegra\_vti_cnf\aco-padres-puente2.jpg <-- www.berti-golf.de /public_html/bertichile/islanegra/_vti_cnf aco-padres-puente2.jpg
2008.06.27 16:18 B K:\sicherung_webserver_h10__072008\berti-golf.de\public_html\bertichile\islanegra\_vti_cnf\aco-papel1.jpg <-- www.berti-golf.de /public_html/bertichile/islanegra/_vti_cnf aco-papel1.jpg
2008.06.27 16:18 B K:\sicherung_webserver_h10__072008\berti-golf.de\public_html\bertichile\islanegra\_vti_cnf\aco-papel2.jpg <-- www.berti-golf.de /public_html/bertichile/islanegra/_vti_cnf aco-papel2.jpg
2008.06.27 16:18 B K:\sicherung_webserver_h10__072008\berti-golf.de\public_html\bertichile\islanegra\_vti_cnf\aco-puente1.jpg <-- www.berti-golf.de /public_html/bertichile/islanegra/_vti_cnf aco-puente1.jpg
2008.06.27 16:18 B K:\sicherung_webserver_h10__072008\berti-golf.de\public_html\bertichile\islanegra\_vti_cnf\aco-puente3.jpg <-- www.berti-golf.de /public_html/bertichile/islanegra/_vti_cnf aco-puente3.jpg
2008.06.27 16:18 B K:\sicherung_webserver_h10__072008\berti-golf.de\public_html\bertichile\islanegra\_vti_cnf\aco-puentedeinkas1.jpg <-- www.berti-golf.de /public_html/bertichile/islanegra/_vti_cnf aco-puentedeinkas1.jpg
2008.06.27 16:18 B K:\sicherung_webserver_h10__072008\berti-golf.de\public_html\bertichile\islanegra\_vti_cnf\aco-puentedeinkas11.jpg <-- www.berti-golf.de /public_html/bertichile/islanegra/_vti_cnf aco-puentedeinkas11.jpg
2008.06.27 16:18 B K:\sicherung_webserver_h10__072008\berti-golf.de\public_html\bertichile\islanegra\_vti_cnf\aco-puentedeinkas14.jpg <-- www.berti-golf.de /public_html/bertichile/islanegra/_vti_cnf aco-puentedeinkas14.jpg
2008.06.27 16:18 B K:\sicherung_webserver_h10__072008\berti-golf.de\public_html\bertichile\islanegra\_vti_cnf\aco-puentedeinkas16.jpg <-- www.berti-golf.de /public_html/bertichile/islanegra/_vti_cnf aco-puentedeinkas16.jpg
2008.06.27 16:18 B K:\sicherung_webserver_h10__072008\berti-golf.de\public_html\bertichile\islanegra\_vti_cnf\aco-puentedeinkas19.jpg <-- www.berti-golf.de /public_html/bertichile/islanegra/_vti_cnf aco-puentedeinkas19.jpg
2008.06.27 16:18 B K:\sicherung_webserver_h10__072008\berti-golf.de\public_html\bertichile\islanegra\_vti_cnf\aco-puentedeinkas3.jpg <-- www.berti-golf.de /public_html/bertichile/islanegra/_vti_cnf aco-puentedeinkas3.jpg
2008.06.27 16:18 B K:\sicherung_webserver_h10__072008\berti-golf.de\public_html\bertichile\islanegra\_vti_cnf\aco-puentedeinkas6.jpg <-- www.berti-golf.de /public_html/bertichile/islanegra/_vti_cnf aco-puentedeinkas6.jpg
2008.06.27 16:18 B K:\sicherung_webserver_h10__072008\berti-golf.de\public_html\bertichile\islanegra\_vti_cnf\aco-puentedeinkas8.jpg <-- www.berti-golf.de /public_html/bertichile/islanegra/_vti_cnf aco-puentedeinkas8.jpg
2008.06.27 16:18 B K:\sicherung_webserver_h10__072008\berti-golf.de\public_html\bertichile\islanegra\_vti_cnf\berti-anzug.jpg <-- www.berti-golf.de /public_html/bertichile/islanegra/_vti_cnf berti-anzug.jpg
2008.06.27 16:18 B K:\sicherung_webserver_h10__072008\berti-golf.de\public_html\bertichile\islanegra\_vti_cnf\berti-anzug2.jpg <-- www.berti-golf.de /public_html/bertichile/islanegra/_vti_cnf berti-anzug2.jpg
2008.06.27 16:18 B K:\sicherung_webserver_h10__072008\berti-golf.de\public_html\bertichile\islanegra\_vti_cnf\cruze.jpg <-- www.berti-golf.de /public_html/bertichile/islanegra/_vti_cnf cruze.jpg
2008.06.27 16:18 B K:\sicherung_webserver_h10__072008\berti-golf.de\public_html\bertichile\islanegra\_vti_cnf\cruze_tn.jpg <-- www.berti-golf.de /public_html/bertichile/islanegra/_vti_cnf cruze_tn.jpg
2008.06.27 16:18 B K:\sicherung_webserver_h10__072008\berti-golf.de\public_html\bertichile\islanegra\_vti_cnf\dsc00102.jpg <-- www.berti-golf.de /public_html/bertichile/islanegra/_vti_cnf dsc00102.jpg
2008.06.27 16:18 B K:\sicherung_webserver_h10__072008\berti-golf.de\public_html\bertichile\islanegra\_vti_cnf\dsc00102_tn.jpg <-- www.berti-golf.de /public_html/bertichile/islanegra/_vti_cnf dsc00102_tn.jpg
2008.06.27 16:19 B K:\sicherung_webserver_h10__072008\berti-golf.de\public_html\bertichile\islanegra\_vti_cnf\e-b-strand.jpg <-- www.berti-golf.de /public_html/bertichile/islanegra/_vti_cnf e-b-strand.jpg
2008.06.27 16:19 B K:\sicherung_webserver_h10__072008\berti-golf.de\public_html\bertichile\islanegra\_vti_cnf\e-b-strand_tn.jpg <-- www.berti-golf.de /public_html/bertichile/islanegra/_vti_cnf e-b-strand_tn.jpg
2008.06.27 16:19 B K:\sicherung_webserver_h10__072008\berti-golf.de\public_html\bertichile\islanegra\_vti_cnf\e-g-strand.jpg <-- www.berti-golf.de /public_html/bertichile/islanegra/_vti_cnf e-g-strand.jpg
2008.06.27 16:19 B K:\sicherung_webserver_h10__072008\berti-golf.de\public_html\bertichile\islanegra\_vti_cnf\e-g-strand_tn.jpg <-- www.berti-golf.de /public_html/bertichile/islanegra/_vti_cnf e-g-strand_tn.jpg
2008.06.27 16:19 B K:\sicherung_webserver_h10__072008\berti-golf.de\public_html\bertichile\islanegra\_vti_cnf\isla.html <-- www.berti-golf.de /public_html/bertichile/islanegra/_vti_cnf isla.html
2008.06.27 16:19 B K:\sicherung_webserver_h10__072008\berti-golf.de\public_html\bertichile\islanegra\_vti_cnf\pablo-fisch1.jpg <-- www.berti-golf.de /public_html/bertichile/islanegra/_vti_cnf pablo-fisch1.jpg
2008.06.27 16:19 B K:\sicherung_webserver_h10__072008\berti-golf.de\public_html\bertichile\islanegra\_vti_cnf\pablo-fisch2.jpg <-- www.berti-golf.de /public_html/bertichile/islanegra/_vti_cnf pablo-fisch2.jpg
2008.06.27 16:19 B K:\sicherung_webserver_h10__072008\berti-golf.de\public_html\bertichile\islanegra\_vti_cnf\pablo-fisch2_tn.jpg <-- www.berti-golf.de /public_html/bertichile/islanegra/_vti_cnf pablo-fisch2_tn.jpg
2008.06.27 16:19 B K:\sicherung_webserver_h10__072008\berti-golf.de\public_html\bertichile\islanegra\_vti_cnf\pablo-schild.jpg <-- www.berti-golf.de /public_html/bertichile/islanegra/_vti_cnf pablo-schild.jpg
2008.06.27 16:19 B K:\sicherung_webserver_h10__072008\berti-golf.de\public_html\bertichile\islanegra\_vti_cnf\pablo-schild_tn.jpg <-- www.berti-golf.de /public_html/bertichile/islanegra/_vti_cnf pablo-schild_tn.jpg
2008.06.27 16:19 B K:\sicherung_webserver_h10__072008\berti-golf.de\public_html\bertichile\islanegra\_vti_cnf\pablo1.jpg <-- www.berti-golf.de /public_html/bertichile/islanegra/_vti_cnf pablo1.jpg
2008.06.27 16:19 B K:\sicherung_webserver_h10__072008\berti-golf.de\public_html\bertichile\islanegra\_vti_cnf\pablo1_tn.jpg <-- www.berti-golf.de /public_html/bertichile/islanegra/_vti_cnf pablo1_tn.jpg
2008.06.27 16:19 B K:\sicherung_webserver_h10__072008\berti-golf.de\public_html\bertichile\islanegra\_vti_cnf\pablo2.jpg <-- www.berti-golf.de /public_html/bertichile/islanegra/_vti_cnf pablo2.jpg
2008.06.27 16:19 B K:\sicherung_webserver_h10__072008\berti-golf.de\public_html\bertichile\islanegra\_vti_cnf\pablo2_tn.jpg <-- www.berti-golf.de /public_html/bertichile/islanegra/_vti_cnf pablo2_tn.jpg
2008.06.27 16:19 B K:\sicherung_webserver_h10__072008\berti-golf.de\public_html\bertichile\islanegra\_vti_cnf\pablo3.jpg <-- www.berti-golf.de /public_html/bertichile/islanegra/_vti_cnf pablo3.jpg
2008.06.27 16:19 B K:\sicherung_webserver_h10__072008\berti-golf.de\public_html\bertichile\islanegra\_vti_cnf\pablo4.jpg <-- www.berti-golf.de /public_html/bertichile/islanegra/_vti_cnf pablo4.jpg
2008.06.27 16:19 B K:\sicherung_webserver_h10__072008\berti-golf.de\public_html\bertichile\islanegra\_vti_cnf\pablo4_tn.jpg <-- www.berti-golf.de /public_html/bertichile/islanegra/_vti_cnf pablo4_tn.jpg
2008.06.27 16:19 B K:\sicherung_webserver_h10__072008\berti-golf.de\public_html\bertichile\islanegra\_vti_cnf\pablo5.jpg <-- www.berti-golf.de /public_html/bertichile/islanegra/_vti_cnf pablo5.jpg
2008.06.27 16:19 B K:\sicherung_webserver_h10__072008\berti-golf.de\public_html\bertichile\islanegra\_vti_cnf\pspbrwse.jbf <-- www.berti-golf.de /public_html/bertichile/islanegra/_vti_cnf pspbrwse.jbf
2008.06.27 16:19 B K:\sicherung_webserver_h10__072008\berti-golf.de\public_html\bertichile\islanegra\_vti_cnf\sonne1.jpg <-- www.berti-golf.de /public_html/bertichile/islanegra/_vti_cnf sonne1.jpg
2008.06.27 16:19 B K:\sicherung_webserver_h10__072008\berti-golf.de\public_html\bertichile\islanegra\_vti_cnf\sonne10.jpg <-- www.berti-golf.de /public_html/bertichile/islanegra/_vti_cnf sonne10.jpg
2008.06.27 16:19 B K:\sicherung_webserver_h10__072008\berti-golf.de\public_html\bertichile\islanegra\_vti_cnf\sonne11.jpg <-- www.berti-golf.de /public_html/bertichile/islanegra/_vti_cnf sonne11.jpg
2008.06.27 16:19 B K:\sicherung_webserver_h10__072008\berti-golf.de\public_html\bertichile\islanegra\_vti_cnf\sonne12.jpg <-- www.berti-golf.de /public_html/bertichile/islanegra/_vti_cnf sonne12.jpg
2008.06.27 16:19 B K:\sicherung_webserver_h10__072008\berti-golf.de\public_html\bertichile\islanegra\_vti_cnf\sonne2.jpg <-- www.berti-golf.de /public_html/bertichile/islanegra/_vti_cnf sonne2.jpg
2008.06.27 16:19 B K:\sicherung_webserver_h10__072008\berti-golf.de\public_html\bertichile\islanegra\_vti_cnf\sonne3.jpg <-- www.berti-golf.de /public_html/bertichile/islanegra/_vti_cnf sonne3.jpg
2008.06.27 16:19 B K:\sicherung_webserver_h10__072008\berti-golf.de\public_html\bertichile\islanegra\_vti_cnf\sonne3_tn.jpg <-- www.berti-golf.de /public_html/bertichile/islanegra/_vti_cnf sonne3_tn.jpg
2008.06.27 16:19 B K:\sicherung_webserver_h10__072008\berti-golf.de\public_html\bertichile\islanegra\_vti_cnf\sonne4.jpg <-- www.berti-golf.de /public_html/bertichile/islanegra/_vti_cnf sonne4.jpg
2008.06.27 16:19 B K:\sicherung_webserver_h10__072008\berti-golf.de\public_html\bertichile\islanegra\_vti_cnf\sonne5.jpg <-- www.berti-golf.de /public_html/bertichile/islanegra/_vti_cnf sonne5.jpg
2008.06.27 16:19 B K:\sicherung_webserver_h10__072008\berti-golf.de\public_html\bertichile\islanegra\_vti_cnf\sonne6.jpg <-- www.berti-golf.de /public_html/bertichile/islanegra/_vti_cnf sonne6.jpg
2008.06.27 16:19 B K:\sicherung_webserver_h10__072008\berti-golf.de\public_html\bertichile\islanegra\_vti_cnf\sonne7.jpg <-- www.berti-golf.de /public_html/bertichile/islanegra/_vti_cnf sonne7.jpg
2008.06.27 16:19 B K:\sicherung_webserver_h10__072008\berti-golf.de\public_html\bertichile\islanegra\_vti_cnf\sonne7_tn.jpg <-- www.berti-golf.de /public_html/bertichile/islanegra/_vti_cnf sonne7_tn.jpg
2008.06.27 16:19 B K:\sicherung_webserver_h10__072008\berti-golf.de\public_html\bertichile\islanegra\_vti_cnf\sonne8.jpg <-- www.berti-golf.de /public_html/bertichile/islanegra/_vti_cnf sonne8.jpg
2008.06.27 16:19 B K:\sicherung_webserver_h10__072008\berti-golf.de\public_html\bertichile\islanegra\_vti_cnf\sonne9.jpg <-- www.berti-golf.de /public_html/bertichile/islanegra/_vti_cnf sonne9.jpg
2008.06.27 16:19 B K:\sicherung_webserver_h10__072008\berti-golf.de\public_html\bertichile\islanegra\_vti_cnf\sonne9_tn.jpg <-- www.berti-golf.de /public_html/bertichile/islanegra/_vti_cnf sonne9_tn.jpg
2008.06.27 16:19 B K:\sicherung_webserver_h10__072008\berti-golf.de\public_html\bertichile\islanegra\_vti_cnf\totenkopf.jpg <-- www.berti-golf.de /public_html/bertichile/islanegra/_vti_cnf totenkopf.jpg
2008.06.27 16:19 B K:\sicherung_webserver_h10__072008\berti-golf.de\public_html\bertichile\islanegra\_vti_cnf\totenkopf_tn.jpg <-- www.berti-golf.de /public_html/bertichile/islanegra/_vti_cnf totenkopf_tn.jpg
2008.06.27 16:19 B K:\sicherung_webserver_h10__072008\berti-golf.de\public_html\bertichile\islanegra\_vti_cnf\vorlage.html <-- www.berti-golf.de /public_html/bertichile/islanegra/_vti_cnf vorlage.html
2008.06.27 16:19 B K:\sicherung_webserver_h10__072008\berti-golf.de\public_html\bertichile\islanegra\_vti_cnf\welle1.jpg <-- www.berti-golf.de /public_html/bertichile/islanegra/_vti_cnf welle1.jpg
2008.06.27 16:19 B K:\sicherung_webserver_h10__072008\berti-golf.de\public_html\bertichile\islanegra\_vti_cnf\wellen2.jpg <-- www.berti-golf.de /public_html/bertichile/islanegra/_vti_cnf wellen2.jpg
2008.06.27 16:19 B K:\sicherung_webserver_h10__072008\berti-golf.de\public_html\bertichile\islanegra\_vti_cnf\wellen2_tn.jpg <-- www.berti-golf.de /public_html/bertichile/islanegra/_vti_cnf wellen2_tn.jpg
2008.06.27 16:19 B K:\sicherung_webserver_h10__072008\berti-golf.de\public_html\bertichile\islanegra\_vti_cnf\wellen3.jpg <-- www.berti-golf.de /public_html/bertichile/islanegra/_vti_cnf wellen3.jpg
2008.06.27 16:19 B K:\sicherung_webserver_h10__072008\berti-golf.de\public_html\bertichile\islanegra\_vti_cnf\wellen4.jpg <-- www.berti-golf.de /public_html/bertichile/islanegra/_vti_cnf wellen4.jpg
2008.06.27 16:19 B K:\sicherung_webserver_h10__072008\berti-golf.de\public_html\bertichile\islanegra\_vti_cnf\wellen4_tn.jpg <-- www.berti-golf.de /public_html/bertichile/islanegra/_vti_cnf wellen4_tn.jpg
2008.06.27 19:14 B K:\sicherung_webserver_h10__072008\berti-golf.de\public_html\bertichile\islanegra\_vti_cnf\aco-lagunadeinkas2.jpg --> bertigolfde.h1403220.stratoserver.net /public_html/bertichile/islanegra/_vti_cnf aco-lagunadeinkas2.jpg
2008.06.27 19:14 B K:\sicherung_webserver_h10__072008\berti-golf.de\public_html\bertichile\islanegra\_vti_cnf\aco-padres-puente1.jpg --> bertigolfde.h1403220.stratoserver.net /public_html/bertichile/islanegra/_vti_cnf aco-padres-puente1.jpg
2008.06.27 19:14 B K:\sicherung_webserver_h10__072008\berti-golf.de\public_html\bertichile\islanegra\_vti_cnf\aco-padres-puente2.jpg --> bertigolfde.h1403220.stratoserver.net /public_html/bertichile/islanegra/_vti_cnf aco-padres-puente2.jpg
2008.06.27 19:14 B K:\sicherung_webserver_h10__072008\berti-golf.de\public_html\bertichile\islanegra\_vti_cnf\aco-papel1.jpg --> bertigolfde.h1403220.stratoserver.net /public_html/bertichile/islanegra/_vti_cnf aco-papel1.jpg
2008.06.27 19:14 B K:\sicherung_webserver_h10__072008\berti-golf.de\public_html\bertichile\islanegra\_vti_cnf\aco-papel2.jpg --> bertigolfde.h1403220.stratoserver.net /public_html/bertichile/islanegra/_vti_cnf aco-papel2.jpg
2008.06.27 19:14 B K:\sicherung_webserver_h10__072008\berti-golf.de\public_html\bertichile\islanegra\_vti_cnf\aco-puente1.jpg --> bertigolfde.h1403220.stratoserver.net /public_html/bertichile/islanegra/_vti_cnf aco-puente1.jpg
2008.06.27 19:14 B K:\sicherung_webserver_h10__072008\berti-golf.de\public_html\bertichile\islanegra\_vti_cnf\aco-puente3.jpg --> bertigolfde.h1403220.stratoserver.net /public_html/bertichile/islanegra/_vti_cnf aco-puente3.jpg
2008.06.27 19:14 B K:\sicherung_webserver_h10__072008\berti-golf.de\public_html\bertichile\islanegra\_vti_cnf\aco-puentedeinkas1.jpg --> bertigolfde.h1403220.stratoserver.net /public_html/bertichile/islanegra/_vti_cnf aco-puentedeinkas1.jpg
2008.06.27 19:14 B K:\sicherung_webserver_h10__072008\berti-golf.de\public_html\bertichile\islanegra\_vti_cnf\aco-puentedeinkas11.jpg --> bertigolfde.h1403220.stratoserver.net /public_html/bertichile/islanegra/_vti_cnf aco-puentedeinkas11.jpg
2008.06.27 19:14 B K:\sicherung_webserver_h10__072008\berti-golf.de\public_html\bertichile\islanegra\_vti_cnf\aco-puentedeinkas14.jpg --> bertigolfde.h1403220.stratoserver.net /public_html/bertichile/islanegra/_vti_cnf aco-puentedeinkas14.jpg
2008.06.27 19:14 B K:\sicherung_webserver_h10__072008\berti-golf.de\public_html\bertichile\islanegra\_vti_cnf\aco-puentedeinkas16.jpg --> bertigolfde.h1403220.stratoserver.net /public_html/bertichile/islanegra/_vti_cnf aco-puentedeinkas16.jpg
2008.06.27 19:14 B K:\sicherung_webserver_h10__072008\berti-golf.de\public_html\bertichile\islanegra\_vti_cnf\aco-puentedeinkas19.jpg --> bertigolfde.h1403220.stratoserver.net /public_html/bertichile/islanegra/_vti_cnf aco-puentedeinkas19.jpg
2008.06.27 19:14 B K:\sicherung_webserver_h10__072008\berti-golf.de\public_html\bertichile\islanegra\_vti_cnf\aco-puentedeinkas3.jpg --> bertigolfde.h1403220.stratoserver.net /public_html/bertichile/islanegra/_vti_cnf aco-puentedeinkas3.jpg
2008.06.27 19:14 B K:\sicherung_webserver_h10__072008\berti-golf.de\public_html\bertichile\islanegra\_vti_cnf\aco-puentedeinkas6.jpg --> bertigolfde.h1403220.stratoserver.net /public_html/bertichile/islanegra/_vti_cnf aco-puentedeinkas6.jpg
2008.06.27 19:14 B K:\sicherung_webserver_h10__072008\berti-golf.de\public_html\bertichile\islanegra\_vti_cnf\aco-puentedeinkas8.jpg --> bertigolfde.h1403220.stratoserver.net /public_html/bertichile/islanegra/_vti_cnf aco-puentedeinkas8.jpg
2008.06.27 19:14 B K:\sicherung_webserver_h10__072008\berti-golf.de\public_html\bertichile\islanegra\_vti_cnf\berti-anzug.jpg --> bertigolfde.h1403220.stratoserver.net /public_html/bertichile/islanegra/_vti_cnf berti-anzug.jpg
2008.06.27 19:14 B K:\sicherung_webserver_h10__072008\berti-golf.de\public_html\bertichile\islanegra\_vti_cnf\berti-anzug2.jpg --> bertigolfde.h1403220.stratoserver.net /public_html/bertichile/islanegra/_vti_cnf berti-anzug2.jpg
2008.06.27 19:14 B K:\sicherung_webserver_h10__072008\berti-golf.de\public_html\bertichile\islanegra\_vti_cnf\cruze.jpg --> bertigolfde.h1403220.stratoserver.net /public_html/bertichile/islanegra/_vti_cnf cruze.jpg
2008.06.27 19:14 B K:\sicherung_webserver_h10__072008\berti-golf.de\public_html\bertichile\islanegra\_vti_cnf\cruze_tn.jpg --> bertigolfde.h1403220.stratoserver.net /public_html/bertichile/islanegra/_vti_cnf cruze_tn.jpg
2008.06.27 19:14 B K:\sicherung_webserver_h10__072008\berti-golf.de\public_html\bertichile\islanegra\_vti_cnf\dsc00102.jpg --> bertigolfde.h1403220.stratoserver.net /public_html/bertichile/islanegra/_vti_cnf dsc00102.jpg
2008.06.27 19:14 B K:\sicherung_webserver_h10__072008\berti-golf.de\public_html\bertichile\islanegra\_vti_cnf\dsc00102_tn.jpg --> bertigolfde.h1403220.stratoserver.net /public_html/bertichile/islanegra/_vti_cnf dsc00102_tn.jpg
2008.06.27 19:14 B K:\sicherung_webserver_h10__072008\berti-golf.de\public_html\bertichile\islanegra\_vti_cnf\e-b-strand.jpg --> bertigolfde.h1403220.stratoserver.net /public_html/bertichile/islanegra/_vti_cnf e-b-strand.jpg
2008.06.27 19:14 B K:\sicherung_webserver_h10__072008\berti-golf.de\public_html\bertichile\islanegra\_vti_cnf\e-b-strand_tn.jpg --> bertigolfde.h1403220.stratoserver.net /public_html/bertichile/islanegra/_vti_cnf e-b-strand_tn.jpg
2008.06.27 19:14 B K:\sicherung_webserver_h10__072008\berti-golf.de\public_html\bertichile\islanegra\_vti_cnf\e-g-strand.jpg --> bertigolfde.h1403220.stratoserver.net /public_html/bertichile/islanegra/_vti_cnf e-g-strand.jpg
2008.06.27 19:14 B K:\sicherung_webserver_h10__072008\berti-golf.de\public_html\bertichile\islanegra\_vti_cnf\e-g-strand_tn.jpg --> bertigolfde.h1403220.stratoserver.net /public_html/bertichile/islanegra/_vti_cnf e-g-strand_tn.jpg
2008.06.27 19:14 B K:\sicherung_webserver_h10__072008\berti-golf.de\public_html\bertichile\islanegra\_vti_cnf\isla.html --> bertigolfde.h1403220.stratoserver.net /public_html/bertichile/islanegra/_vti_cnf isla.html
2008.06.27 19:14 B K:\sicherung_webserver_h10__072008\berti-golf.de\public_html\bertichile\islanegra\_vti_cnf\pablo-fisch1.jpg --> bertigolfde.h1403220.stratoserver.net /public_html/bertichile/islanegra/_vti_cnf pablo-fisch1.jpg
2008.06.27 19:14 B K:\sicherung_webserver_h10__072008\berti-golf.de\public_html\bertichile\islanegra\_vti_cnf\pablo-fisch2.jpg --> bertigolfde.h1403220.stratoserver.net /public_html/bertichile/islanegra/_vti_cnf pablo-fisch2.jpg
2008.06.27 19:14 B K:\sicherung_webserver_h10__072008\berti-golf.de\public_html\bertichile\islanegra\_vti_cnf\pablo-fisch2_tn.jpg --> bertigolfde.h1403220.stratoserver.net /public_html/bertichile/islanegra/_vti_cnf pablo-fisch2_tn.jpg
2008.06.27 19:14 B K:\sicherung_webserver_h10__072008\berti-golf.de\public_html\bertichile\islanegra\_vti_cnf\pablo-schild.jpg --> bertigolfde.h1403220.stratoserver.net /public_html/bertichile/islanegra/_vti_cnf pablo-schild.jpg
2008.06.27 19:14 B K:\sicherung_webserver_h10__072008\berti-golf.de\public_html\bertichile\islanegra\_vti_cnf\pablo-schild_tn.jpg --> bertigolfde.h1403220.stratoserver.net /public_html/bertichile/islanegra/_vti_cnf pablo-schild_tn.jpg
2008.06.27 19:14 B K:\sicherung_webserver_h10__072008\berti-golf.de\public_html\bertichile\islanegra\_vti_cnf\pablo1.jpg --> bertigolfde.h1403220.stratoserver.net /public_html/bertichile/islanegra/_vti_cnf pablo1.jpg
2008.06.27 19:14 B K:\sicherung_webserver_h10__072008\berti-golf.de\public_html\bertichile\islanegra\_vti_cnf\pablo1_tn.jpg --> bertigolfde.h1403220.stratoserver.net /public_html/bertichile/islanegra/_vti_cnf pablo1_tn.jpg
2008.06.27 19:14 B K:\sicherung_webserver_h10__072008\berti-golf.de\public_html\bertichile\islanegra\_vti_cnf\pablo2.jpg --> bertigolfde.h1403220.stratoserver.net /public_html/bertichile/islanegra/_vti_cnf pablo2.jpg
2008.06.27 19:14 B K:\sicherung_webserver_h10__072008\berti-golf.de\public_html\bertichile\islanegra\_vti_cnf\pablo2_tn.jpg --> bertigolfde.h1403220.stratoserver.net /public_html/bertichile/islanegra/_vti_cnf pablo2_tn.jpg
2008.06.27 19:14 B K:\sicherung_webserver_h10__072008\berti-golf.de\public_html\bertichile\islanegra\_vti_cnf\pablo3.jpg --> bertigolfde.h1403220.stratoserver.net /public_html/bertichile/islanegra/_vti_cnf pablo3.jpg
2008.06.27 19:14 B K:\sicherung_webserver_h10__072008\berti-golf.de\public_html\bertichile\islanegra\_vti_cnf\pablo4.jpg --> bertigolfde.h1403220.stratoserver.net /public_html/bertichile/islanegra/_vti_cnf pablo4.jpg
2008.06.27 19:14 B K:\sicherung_webserver_h10__072008\berti-golf.de\public_html\bertichile\islanegra\_vti_cnf\pablo4_tn.jpg --> bertigolfde.h1403220.stratoserver.net /public_html/bertichile/islanegra/_vti_cnf pablo4_tn.jpg
2008.06.27 19:14 B K:\sicherung_webserver_h10__072008\berti-golf.de\public_html\bertichile\islanegra\_vti_cnf\pablo5.jpg --> bertigolfde.h1403220.stratoserver.net /public_html/bertichile/islanegra/_vti_cnf pablo5.jpg
2008.06.27 19:14 B K:\sicherung_webserver_h10__072008\berti-golf.de\public_html\bertichile\islanegra\_vti_cnf\pspbrwse.jbf --> bertigolfde.h1403220.stratoserver.net /public_html/bertichile/islanegra/_vti_cnf pspbrwse.jbf
2008.06.27 19:15 B K:\sicherung_webserver_h10__072008\berti-golf.de\public_html\bertichile\islanegra\_vti_cnf\sonne1.jpg --> bertigolfde.h1403220.stratoserver.net /public_html/bertichile/islanegra/_vti_cnf sonne1.jpg
2008.06.27 19:15 B K:\sicherung_webserver_h10__072008\berti-golf.de\public_html\bertichile\islanegra\_vti_cnf\sonne10.jpg --> bertigolfde.h1403220.stratoserver.net /public_html/bertichile/islanegra/_vti_cnf sonne10.jpg
2008.06.27 19:15 B K:\sicherung_webserver_h10__072008\berti-golf.de\public_html\bertichile\islanegra\_vti_cnf\sonne11.jpg --> bertigolfde.h1403220.stratoserver.net /public_html/bertichile/islanegra/_vti_cnf sonne11.jpg
2008.06.27 19:15 B K:\sicherung_webserver_h10__072008\berti-golf.de\public_html\bertichile\islanegra\_vti_cnf\sonne12.jpg --> bertigolfde.h1403220.stratoserver.net /public_html/bertichile/islanegra/_vti_cnf sonne12.jpg
2008.06.27 19:15 B K:\sicherung_webserver_h10__072008\berti-golf.de\public_html\bertichile\islanegra\_vti_cnf\sonne2.jpg --> bertigolfde.h1403220.stratoserver.net /public_html/bertichile/islanegra/_vti_cnf sonne2.jpg
2008.06.27 19:15 B K:\sicherung_webserver_h10__072008\berti-golf.de\public_html\bertichile\islanegra\_vti_cnf\sonne3.jpg --> bertigolfde.h1403220.stratoserver.net /public_html/bertichile/islanegra/_vti_cnf sonne3.jpg
2008.06.27 19:15 B K:\sicherung_webserver_h10__072008\berti-golf.de\public_html\bertichile\islanegra\_vti_cnf\sonne3_tn.jpg --> bertigolfde.h1403220.stratoserver.net /public_html/bertichile/islanegra/_vti_cnf sonne3_tn.jpg
2008.06.27 19:15 B K:\sicherung_webserver_h10__072008\berti-golf.de\public_html\bertichile\islanegra\_vti_cnf\sonne4.jpg --> bertigolfde.h1403220.stratoserver.net /public_html/bertichile/islanegra/_vti_cnf sonne4.jpg
2008.06.27 19:15 B K:\sicherung_webserver_h10__072008\berti-golf.de\public_html\bertichile\islanegra\_vti_cnf\sonne5.jpg --> bertigolfde.h1403220.stratoserver.net /public_html/bertichile/islanegra/_vti_cnf sonne5.jpg
2008.06.27 19:15 B K:\sicherung_webserver_h10__072008\berti-golf.de\public_html\bertichile\islanegra\_vti_cnf\sonne6.jpg --> bertigolfde.h1403220.stratoserver.net /public_html/bertichile/islanegra/_vti_cnf sonne6.jpg
2008.06.27 19:15 B K:\sicherung_webserver_h10__072008\berti-golf.de\public_html\bertichile\islanegra\_vti_cnf\sonne7.jpg --> bertigolfde.h1403220.stratoserver.net /public_html/bertichile/islanegra/_vti_cnf sonne7.jpg
2008.06.27 19:15 B K:\sicherung_webserver_h10__072008\berti-golf.de\public_html\bertichile\islanegra\_vti_cnf\sonne7_tn.jpg --> bertigolfde.h1403220.stratoserver.net /public_html/bertichile/islanegra/_vti_cnf sonne7_tn.jpg
2008.06.27 19:15 B K:\sicherung_webserver_h10__072008\berti-golf.de\public_html\bertichile\islanegra\_vti_cnf\sonne8.jpg --> bertigolfde.h1403220.stratoserver.net /public_html/bertichile/islanegra/_vti_cnf sonne8.jpg
2008.06.27 19:15 B K:\sicherung_webserver_h10__072008\berti-golf.de\public_html\bertichile\islanegra\_vti_cnf\sonne9.jpg --> bertigolfde.h1403220.stratoserver.net /public_html/bertichile/islanegra/_vti_cnf sonne9.jpg
2008.06.27 19:15 B K:\sicherung_webserver_h10__072008\berti-golf.de\public_html\bertichile\islanegra\_vti_cnf\sonne9_tn.jpg --> bertigolfde.h1403220.stratoserver.net /public_html/bertichile/islanegra/_vti_cnf sonne9_tn.jpg
2008.06.27 19:15 B K:\sicherung_webserver_h10__072008\berti-golf.de\public_html\bertichile\islanegra\_vti_cnf\totenkopf.jpg --> bertigolfde.h1403220.stratoserver.net /public_html/bertichile/islanegra/_vti_cnf totenkopf.jpg
2008.06.27 19:15 B K:\sicherung_webserver_h10__072008\berti-golf.de\public_html\bertichile\islanegra\_vti_cnf\totenkopf_tn.jpg --> bertigolfde.h1403220.stratoserver.net /public_html/bertichile/islanegra/_vti_cnf totenkopf_tn.jpg
2008.06.27 19:15 B K:\sicherung_webserver_h10__072008\berti-golf.de\public_html\bertichile\islanegra\_vti_cnf\vorlage.html --> bertigolfde.h1403220.stratoserver.net /public_html/bertichile/islanegra/_vti_cnf vorlage.html
2008.06.27 19:15 B K:\sicherung_webserver_h10__072008\berti-golf.de\public_html\bertichile\islanegra\_vti_cnf\welle1.jpg --> bertigolfde.h1403220.stratoserver.net /public_html/bertichile/islanegra/_vti_cnf welle1.jpg
2008.06.27 19:15 B K:\sicherung_webserver_h10__072008\berti-golf.de\public_html\bertichile\islanegra\_vti_cnf\wellen2.jpg --> bertigolfde.h1403220.stratoserver.net /public_html/bertichile/islanegra/_vti_cnf wellen2.jpg
2008.06.27 19:15 B K:\sicherung_webserver_h10__072008\berti-golf.de\public_html\bertichile\islanegra\_vti_cnf\wellen2_tn.jpg --> bertigolfde.h1403220.stratoserver.net /public_html/bertichile/islanegra/_vti_cnf wellen2_tn.jpg
2008.06.27 19:15 B K:\sicherung_webserver_h10__072008\berti-golf.de\public_html\bertichile\islanegra\_vti_cnf\wellen3.jpg --> bertigolfde.h1403220.stratoserver.net /public_html/bertichile/islanegra/_vti_cnf wellen3.jpg
2008.06.27 19:15 B K:\sicherung_webserver_h10__072008\berti-golf.de\public_html\bertichile\islanegra\_vti_cnf\wellen4.jpg --> bertigolfde.h1403220.stratoserver.net /public_html/bertichile/islanegra/_vti_cnf wellen4.jpg
2008.06.27 19:15 B K:\sicherung_webserver_h10__072008\berti-golf.de\public_html\bertichile\islanegra\_vti_cnf\wellen4_tn.jpg --> bertigolfde.h1403220.stratoserver.net /public_html/bertichile/islanegra/_vti_cnf wellen4_tn.jpg
2009.05.01 07:14 B Z:\home\Berti\public_html\www.berti-golf.de\bertichile\islanegra\_vti_cnf\WS_FTP.LOG <-- bertigolfde.h1403220.stratoserver.net /public_html/bertichile/islanegra/_vti_cnf WS_FTP.LOG
2009.12.08 17:59 B Z:\home\Berti\public_html\www.berti-golf.de\bertichile\islanegra\_vti_cnf\aco-lagunadeinkas2.jpg --> h1667152.stratoserver.net /httpdocs/bertichile/islanegra/_vti_cnf aco-lagunadeinkas2.jpg
2009.12.08 17:59 B Z:\home\Berti\public_html\www.berti-golf.de\bertichile\islanegra\_vti_cnf\aco-padres-puente1.jpg --> h1667152.stratoserver.net /httpdocs/bertichile/islanegra/_vti_cnf aco-padres-puente1.jpg
2009.12.08 17:59 B Z:\home\Berti\public_html\www.berti-golf.de\bertichile\islanegra\_vti_cnf\aco-padres-puente2.jpg --> h1667152.stratoserver.net /httpdocs/bertichile/islanegra/_vti_cnf aco-padres-puente2.jpg
2009.12.08 17:59 B Z:\home\Berti\public_html\www.berti-golf.de\bertichile\islanegra\_vti_cnf\aco-papel1.jpg --> h1667152.stratoserver.net /httpdocs/bertichile/islanegra/_vti_cnf aco-papel1.jpg
2009.12.08 17:59 B Z:\home\Berti\public_html\www.berti-golf.de\bertichile\islanegra\_vti_cnf\aco-papel2.jpg --> h1667152.stratoserver.net /httpdocs/bertichile/islanegra/_vti_cnf aco-papel2.jpg
2009.12.08 17:59 B Z:\home\Berti\public_html\www.berti-golf.de\bertichile\islanegra\_vti_cnf\aco-puente1.jpg --> h1667152.stratoserver.net /httpdocs/bertichile/islanegra/_vti_cnf aco-puente1.jpg
2009.12.08 17:59 B Z:\home\Berti\public_html\www.berti-golf.de\bertichile\islanegra\_vti_cnf\aco-puente3.jpg --> h1667152.stratoserver.net /httpdocs/bertichile/islanegra/_vti_cnf aco-puente3.jpg
2009.12.08 17:59 B Z:\home\Berti\public_html\www.berti-golf.de\bertichile\islanegra\_vti_cnf\aco-puentedeinkas1.jpg --> h1667152.stratoserver.net /httpdocs/bertichile/islanegra/_vti_cnf aco-puentedeinkas1.jpg
2009.12.08 17:59 B Z:\home\Berti\public_html\www.berti-golf.de\bertichile\islanegra\_vti_cnf\aco-puentedeinkas11.jpg --> h1667152.stratoserver.net /httpdocs/bertichile/islanegra/_vti_cnf aco-puentedeinkas11.jpg
2009.12.08 17:59 B Z:\home\Berti\public_html\www.berti-golf.de\bertichile\islanegra\_vti_cnf\aco-puentedeinkas14.jpg --> h1667152.stratoserver.net /httpdocs/bertichile/islanegra/_vti_cnf aco-puentedeinkas14.jpg
2009.12.08 17:59 B Z:\home\Berti\public_html\www.berti-golf.de\bertichile\islanegra\_vti_cnf\aco-puentedeinkas16.jpg --> h1667152.stratoserver.net /httpdocs/bertichile/islanegra/_vti_cnf aco-puentedeinkas16.jpg
2009.12.08 17:59 B Z:\home\Berti\public_html\www.berti-golf.de\bertichile\islanegra\_vti_cnf\aco-puentedeinkas19.jpg --> h1667152.stratoserver.net /httpdocs/bertichile/islanegra/_vti_cnf aco-puentedeinkas19.jpg
2009.12.08 17:59 B Z:\home\Berti\public_html\www.berti-golf.de\bertichile\islanegra\_vti_cnf\aco-puentedeinkas3.jpg --> h1667152.stratoserver.net /httpdocs/bertichile/islanegra/_vti_cnf aco-puentedeinkas3.jpg
2009.12.08 17:59 B Z:\home\Berti\public_html\www.berti-golf.de\bertichile\islanegra\_vti_cnf\aco-puentedeinkas6.jpg --> h1667152.stratoserver.net /httpdocs/bertichile/islanegra/_vti_cnf aco-puentedeinkas6.jpg
2009.12.08 17:59 B Z:\home\Berti\public_html\www.berti-golf.de\bertichile\islanegra\_vti_cnf\aco-puentedeinkas8.jpg --> h1667152.stratoserver.net /httpdocs/bertichile/islanegra/_vti_cnf aco-puentedeinkas8.jpg
2009.12.08 17:59 B Z:\home\Berti\public_html\www.berti-golf.de\bertichile\islanegra\_vti_cnf\berti-anzug.jpg --> h1667152.stratoserver.net /httpdocs/bertichile/islanegra/_vti_cnf berti-anzug.jpg
2009.12.08 17:59 B Z:\home\Berti\public_html\www.berti-golf.de\bertichile\islanegra\_vti_cnf\berti-anzug2.jpg --> h1667152.stratoserver.net /httpdocs/bertichile/islanegra/_vti_cnf berti-anzug2.jpg
2009.12.08 17:59 B Z:\home\Berti\public_html\www.berti-golf.de\bertichile\islanegra\_vti_cnf\cruze.jpg --> h1667152.stratoserver.net /httpdocs/bertichile/islanegra/_vti_cnf cruze.jpg
2009.12.08 17:59 B Z:\home\Berti\public_html\www.berti-golf.de\bertichile\islanegra\_vti_cnf\cruze_tn.jpg --> h1667152.stratoserver.net /httpdocs/bertichile/islanegra/_vti_cnf cruze_tn.jpg
2009.12.08 17:59 B Z:\home\Berti\public_html\www.berti-golf.de\bertichile\islanegra\_vti_cnf\dsc00102.jpg --> h1667152.stratoserver.net /httpdocs/bertichile/islanegra/_vti_cnf dsc00102.jpg
2009.12.08 17:59 B Z:\home\Berti\public_html\www.berti-golf.de\bertichile\islanegra\_vti_cnf\dsc00102_tn.jpg --> h1667152.stratoserver.net /httpdocs/bertichile/islanegra/_vti_cnf dsc00102_tn.jpg
2009.12.08 17:59 B Z:\home\Berti\public_html\www.berti-golf.de\bertichile\islanegra\_vti_cnf\e-b-strand.jpg --> h1667152.stratoserver.net /httpdocs/bertichile/islanegra/_vti_cnf e-b-strand.jpg
2009.12.08 17:59 B Z:\home\Berti\public_html\www.berti-golf.de\bertichile\islanegra\_vti_cnf\e-b-strand_tn.jpg --> h1667152.stratoserver.net /httpdocs/bertichile/islanegra/_vti_cnf e-b-strand_tn.jpg
2009.12.08 17:59 B Z:\home\Berti\public_html\www.berti-golf.de\bertichile\islanegra\_vti_cnf\e-g-strand.jpg --> h1667152.stratoserver.net /httpdocs/bertichile/islanegra/_vti_cnf e-g-strand.jpg
2009.12.08 17:59 B Z:\home\Berti\public_html\www.berti-golf.de\bertichile\islanegra\_vti_cnf\e-g-strand_tn.jpg --> h1667152.stratoserver.net /httpdocs/bertichile/islanegra/_vti_cnf e-g-strand_tn.jpg
2009.12.08 17:59 B Z:\home\Berti\public_html\www.berti-golf.de\bertichile\islanegra\_vti_cnf\isla.html --> h1667152.stratoserver.net /httpdocs/bertichile/islanegra/_vti_cnf isla.html
2009.12.08 17:59 B Z:\home\Berti\public_html\www.berti-golf.de\bertichile\islanegra\_vti_cnf\pablo-fisch1.jpg --> h1667152.stratoserver.net /httpdocs/bertichile/islanegra/_vti_cnf pablo-fisch1.jpg
2009.12.08 17:59 B Z:\home\Berti\public_html\www.berti-golf.de\bertichile\islanegra\_vti_cnf\pablo-fisch2.jpg --> h1667152.stratoserver.net /httpdocs/bertichile/islanegra/_vti_cnf pablo-fisch2.jpg
2009.12.08 17:59 B Z:\home\Berti\public_html\www.berti-golf.de\bertichile\islanegra\_vti_cnf\pablo-fisch2_tn.jpg --> h1667152.stratoserver.net /httpdocs/bertichile/islanegra/_vti_cnf pablo-fisch2_tn.jpg
2009.12.08 17:59 B Z:\home\Berti\public_html\www.berti-golf.de\bertichile\islanegra\_vti_cnf\pablo-schild.jpg --> h1667152.stratoserver.net /httpdocs/bertichile/islanegra/_vti_cnf pablo-schild.jpg
2009.12.08 17:59 B Z:\home\Berti\public_html\www.berti-golf.de\bertichile\islanegra\_vti_cnf\pablo-schild_tn.jpg --> h1667152.stratoserver.net /httpdocs/bertichile/islanegra/_vti_cnf pablo-schild_tn.jpg
2009.12.08 17:59 B Z:\home\Berti\public_html\www.berti-golf.de\bertichile\islanegra\_vti_cnf\pablo1.jpg --> h1667152.stratoserver.net /httpdocs/bertichile/islanegra/_vti_cnf pablo1.jpg
2009.12.08 17:59 B Z:\home\Berti\public_html\www.berti-golf.de\bertichile\islanegra\_vti_cnf\pablo1_tn.jpg --> h1667152.stratoserver.net /httpdocs/bertichile/islanegra/_vti_cnf pablo1_tn.jpg
2009.12.08 17:59 B Z:\home\Berti\public_html\www.berti-golf.de\bertichile\islanegra\_vti_cnf\pablo2.jpg --> h1667152.stratoserver.net /httpdocs/bertichile/islanegra/_vti_cnf pablo2.jpg
2009.12.08 17:59 B Z:\home\Berti\public_html\www.berti-golf.de\bertichile\islanegra\_vti_cnf\pablo2_tn.jpg --> h1667152.stratoserver.net /httpdocs/bertichile/islanegra/_vti_cnf pablo2_tn.jpg
2009.12.08 17:59 B Z:\home\Berti\public_html\www.berti-golf.de\bertichile\islanegra\_vti_cnf\pablo3.jpg --> h1667152.stratoserver.net /httpdocs/bertichile/islanegra/_vti_cnf pablo3.jpg
2009.12.08 17:59 B Z:\home\Berti\public_html\www.berti-golf.de\bertichile\islanegra\_vti_cnf\pablo4.jpg --> h1667152.stratoserver.net /httpdocs/bertichile/islanegra/_vti_cnf pablo4.jpg
2009.12.08 17:59 B Z:\home\Berti\public_html\www.berti-golf.de\bertichile\islanegra\_vti_cnf\pablo4_tn.jpg --> h1667152.stratoserver.net /httpdocs/bertichile/islanegra/_vti_cnf pablo4_tn.jpg
2009.12.08 17:59 B Z:\home\Berti\public_html\www.berti-golf.de\bertichile\islanegra\_vti_cnf\pablo5.jpg --> h1667152.stratoserver.net /httpdocs/bertichile/islanegra/_vti_cnf pablo5.jpg
2009.12.08 17:59 B Z:\home\Berti\public_html\www.berti-golf.de\bertichile\islanegra\_vti_cnf\pspbrwse.jbf --> h1667152.stratoserver.net /httpdocs/bertichile/islanegra/_vti_cnf pspbrwse.jbf
2009.12.08 17:59 B Z:\home\Berti\public_html\www.berti-golf.de\bertichile\islanegra\_vti_cnf\sonne1.jpg --> h1667152.stratoserver.net /httpdocs/bertichile/islanegra/_vti_cnf sonne1.jpg
2009.12.08 17:59 B Z:\home\Berti\public_html\www.berti-golf.de\bertichile\islanegra\_vti_cnf\sonne10.jpg --> h1667152.stratoserver.net /httpdocs/bertichile/islanegra/_vti_cnf sonne10.jpg
2009.12.08 17:59 B Z:\home\Berti\public_html\www.berti-golf.de\bertichile\islanegra\_vti_cnf\sonne11.jpg --> h1667152.stratoserver.net /httpdocs/bertichile/islanegra/_vti_cnf sonne11.jpg
2009.12.08 17:59 B Z:\home\Berti\public_html\www.berti-golf.de\bertichile\islanegra\_vti_cnf\sonne12.jpg --> h1667152.stratoserver.net /httpdocs/bertichile/islanegra/_vti_cnf sonne12.jpg
2009.12.08 17:59 B Z:\home\Berti\public_html\www.berti-golf.de\bertichile\islanegra\_vti_cnf\sonne2.jpg --> h1667152.stratoserver.net /httpdocs/bertichile/islanegra/_vti_cnf sonne2.jpg
2009.12.08 17:59 B Z:\home\Berti\public_html\www.berti-golf.de\bertichile\islanegra\_vti_cnf\sonne3.jpg --> h1667152.stratoserver.net /httpdocs/bertichile/islanegra/_vti_cnf sonne3.jpg
2009.12.08 17:59 B Z:\home\Berti\public_html\www.berti-golf.de\bertichile\islanegra\_vti_cnf\sonne3_tn.jpg --> h1667152.stratoserver.net /httpdocs/bertichile/islanegra/_vti_cnf sonne3_tn.jpg
2009.12.08 17:59 B Z:\home\Berti\public_html\www.berti-golf.de\bertichile\islanegra\_vti_cnf\sonne4.jpg --> h1667152.stratoserver.net /httpdocs/bertichile/islanegra/_vti_cnf sonne4.jpg
2009.12.08 17:59 B Z:\home\Berti\public_html\www.berti-golf.de\bertichile\islanegra\_vti_cnf\sonne5.jpg --> h1667152.stratoserver.net /httpdocs/bertichile/islanegra/_vti_cnf sonne5.jpg
2009.12.08 17:59 B Z:\home\Berti\public_html\www.berti-golf.de\bertichile\islanegra\_vti_cnf\sonne6.jpg --> h1667152.stratoserver.net /httpdocs/bertichile/islanegra/_vti_cnf sonne6.jpg
2009.12.08 17:59 B Z:\home\Berti\public_html\www.berti-golf.de\bertichile\islanegra\_vti_cnf\sonne7.jpg --> h1667152.stratoserver.net /httpdocs/bertichile/islanegra/_vti_cnf sonne7.jpg
2009.12.08 17:59 B Z:\home\Berti\public_html\www.berti-golf.de\bertichile\islanegra\_vti_cnf\sonne7_tn.jpg --> h1667152.stratoserver.net /httpdocs/bertichile/islanegra/_vti_cnf sonne7_tn.jpg
2009.12.08 17:59 B Z:\home\Berti\public_html\www.berti-golf.de\bertichile\islanegra\_vti_cnf\sonne8.jpg --> h1667152.stratoserver.net /httpdocs/bertichile/islanegra/_vti_cnf sonne8.jpg
2009.12.08 17:59 B Z:\home\Berti\public_html\www.berti-golf.de\bertichile\islanegra\_vti_cnf\sonne9.jpg --> h1667152.stratoserver.net /httpdocs/bertichile/islanegra/_vti_cnf sonne9.jpg
2009.12.08 17:59 B Z:\home\Berti\public_html\www.berti-golf.de\bertichile\islanegra\_vti_cnf\sonne9_tn.jpg --> h1667152.stratoserver.net /httpdocs/bertichile/islanegra/_vti_cnf sonne9_tn.jpg
2009.12.08 17:59 B Z:\home\Berti\public_html\www.berti-golf.de\bertichile\islanegra\_vti_cnf\totenkopf.jpg --> h1667152.stratoserver.net /httpdocs/bertichile/islanegra/_vti_cnf totenkopf.jpg
2009.12.08 17:59 B Z:\home\Berti\public_html\www.berti-golf.de\bertichile\islanegra\_vti_cnf\totenkopf_tn.jpg --> h1667152.stratoserver.net /httpdocs/bertichile/islanegra/_vti_cnf totenkopf_tn.jpg
2009.12.08 17:59 B Z:\home\Berti\public_html\www.berti-golf.de\bertichile\islanegra\_vti_cnf\vorlage.html --> h1667152.stratoserver.net /httpdocs/bertichile/islanegra/_vti_cnf vorlage.html
2009.12.08 17:59 B Z:\home\Berti\public_html\www.berti-golf.de\bertichile\islanegra\_vti_cnf\welle1.jpg --> h1667152.stratoserver.net /httpdocs/bertichile/islanegra/_vti_cnf welle1.jpg
2009.12.08 17:59 B Z:\home\Berti\public_html\www.berti-golf.de\bertichile\islanegra\_vti_cnf\wellen2.jpg --> h1667152.stratoserver.net /httpdocs/bertichile/islanegra/_vti_cnf wellen2.jpg
2009.12.08 17:59 B Z:\home\Berti\public_html\www.berti-golf.de\bertichile\islanegra\_vti_cnf\wellen2_tn.jpg --> h1667152.stratoserver.net /httpdocs/bertichile/islanegra/_vti_cnf wellen2_tn.jpg
2009.12.08 17:59 B Z:\home\Berti\public_html\www.berti-golf.de\bertichile\islanegra\_vti_cnf\wellen3.jpg --> h1667152.stratoserver.net /httpdocs/bertichile/islanegra/_vti_cnf wellen3.jpg
2009.12.08 17:59 B Z:\home\Berti\public_html\www.berti-golf.de\bertichile\islanegra\_vti_cnf\wellen4.jpg --> h1667152.stratoserver.net /httpdocs/bertichile/islanegra/_vti_cnf wellen4.jpg
2009.12.08 17:59 B Z:\home\Berti\public_html\www.berti-golf.de\bertichile\islanegra\_vti_cnf\wellen4_tn.jpg --> h1667152.stratoserver.net /httpdocs/bertichile/islanegra/_vti_cnf wellen4_tn.jpg
