2011.09.17 07:27 B C:\Users\Berti\workspace\www.dvl-ticker.de\iPhone\images\.DS_Store --> www.berti-golf.de /www.berti-golf.de/dvl-ticker/iPhone/images .DS_Store
2011.09.17 07:27 B C:\Users\Berti\workspace\www.dvl-ticker.de\iPhone\images\1blf.png --> www.berti-golf.de /www.berti-golf.de/dvl-ticker/iPhone/images 1blf.png
2011.09.17 07:27 B C:\Users\Berti\workspace\www.dvl-ticker.de\iPhone\images\1blf@2x.png --> www.berti-golf.de /www.berti-golf.de/dvl-ticker/iPhone/images 1blf@2x.png
2011.09.17 07:27 B C:\Users\Berti\workspace\www.dvl-ticker.de\iPhone\images\1blm.png --> www.berti-golf.de /www.berti-golf.de/dvl-ticker/iPhone/images 1blm.png
2011.09.17 07:27 B C:\Users\Berti\workspace\www.dvl-ticker.de\iPhone\images\1blm@2x.png --> www.berti-golf.de /www.berti-golf.de/dvl-ticker/iPhone/images 1blm@2x.png
2011.09.17 07:27 B C:\Users\Berti\workspace\www.dvl-ticker.de\iPhone\images\2blnf.png --> www.berti-golf.de /www.berti-golf.de/dvl-ticker/iPhone/images 2blnf.png
2011.09.17 07:27 B C:\Users\Berti\workspace\www.dvl-ticker.de\iPhone\images\2blnf@2x.png --> www.berti-golf.de /www.berti-golf.de/dvl-ticker/iPhone/images 2blnf@2x.png
2011.09.17 07:27 B C:\Users\Berti\workspace\www.dvl-ticker.de\iPhone\images\2blnm.png --> www.berti-golf.de /www.berti-golf.de/dvl-ticker/iPhone/images 2blnm.png
2011.09.17 07:27 B C:\Users\Berti\workspace\www.dvl-ticker.de\iPhone\images\2blnm@2x.png --> www.berti-golf.de /www.berti-golf.de/dvl-ticker/iPhone/images 2blnm@2x.png
2011.09.17 07:27 B C:\Users\Berti\workspace\www.dvl-ticker.de\iPhone\images\2blsf.png --> www.berti-golf.de /www.berti-golf.de/dvl-ticker/iPhone/images 2blsf.png
2011.09.17 07:27 B C:\Users\Berti\workspace\www.dvl-ticker.de\iPhone\images\2blsf@2x.png --> www.berti-golf.de /www.berti-golf.de/dvl-ticker/iPhone/images 2blsf@2x.png
2011.09.17 07:27 B C:\Users\Berti\workspace\www.dvl-ticker.de\iPhone\images\2blsm.png --> www.berti-golf.de /www.berti-golf.de/dvl-ticker/iPhone/images 2blsm.png
2011.09.17 07:27 B C:\Users\Berti\workspace\www.dvl-ticker.de\iPhone\images\2blsm@2x.png --> www.berti-golf.de /www.berti-golf.de/dvl-ticker/iPhone/images 2blsm@2x.png
2011.09.17 07:27 B C:\Users\Berti\workspace\www.dvl-ticker.de\iPhone\images\ajax-loader.png --> www.berti-golf.de /www.berti-golf.de/dvl-ticker/iPhone/images ajax-loader.png
2011.09.17 07:27 B C:\Users\Berti\workspace\www.dvl-ticker.de\iPhone\images\back_button.png --> www.berti-golf.de /www.berti-golf.de/dvl-ticker/iPhone/images back_button.png
2011.09.17 07:27 B C:\Users\Berti\workspace\www.dvl-ticker.de\iPhone\images\back_button@2x.png --> www.berti-golf.de /www.berti-golf.de/dvl-ticker/iPhone/images back_button@2x.png
2011.09.17 07:27 B C:\Users\Berti\workspace\www.dvl-ticker.de\iPhone\images\beginne_button.png --> www.berti-golf.de /www.berti-golf.de/dvl-ticker/iPhone/images beginne_button.png
2011.09.17 07:27 B C:\Users\Berti\workspace\www.dvl-ticker.de\iPhone\images\beginne_button@2x.png --> www.berti-golf.de /www.berti-golf.de/dvl-ticker/iPhone/images beginne_button@2x.png
2011.09.17 07:27 B C:\Users\Berti\workspace\www.dvl-ticker.de\iPhone\images\bottom_navi_bacground.png --> www.berti-golf.de /www.berti-golf.de/dvl-ticker/iPhone/images bottom_navi_bacground.png
2011.09.17 07:27 B C:\Users\Berti\workspace\www.dvl-ticker.de\iPhone\images\bottom_navi_bacground@2x.png --> www.berti-golf.de /www.berti-golf.de/dvl-ticker/iPhone/images bottom_navi_bacground@2x.png
2011.09.17 07:27 B C:\Users\Berti\workspace\www.dvl-ticker.de\iPhone\images\bottom_navI_on.png --> www.berti-golf.de /www.berti-golf.de/dvl-ticker/iPhone/images bottom_navI_on.png
2011.09.17 07:27 B C:\Users\Berti\workspace\www.dvl-ticker.de\iPhone\images\bottom_navI_on@2x.png --> www.berti-golf.de /www.berti-golf.de/dvl-ticker/iPhone/images bottom_navI_on@2x.png
2011.09.17 07:27 B C:\Users\Berti\workspace\www.dvl-ticker.de\iPhone\images\down_navigation_button_on.png --> www.berti-golf.de /www.berti-golf.de/dvl-ticker/iPhone/images down_navigation_button_on.png
2011.09.17 07:27 B C:\Users\Berti\workspace\www.dvl-ticker.de\iPhone\images\down_navigation_button_on@2x.png --> www.berti-golf.de /www.berti-golf.de/dvl-ticker/iPhone/images down_navigation_button_on@2x.png
2011.09.17 07:27 B C:\Users\Berti\workspace\www.dvl-ticker.de\iPhone\images\down_navigation_button_out.png --> www.berti-golf.de /www.berti-golf.de/dvl-ticker/iPhone/images down_navigation_button_out.png
2011.09.17 07:27 B C:\Users\Berti\workspace\www.dvl-ticker.de\iPhone\images\down_navigation_button_out@2x.png --> www.berti-golf.de /www.berti-golf.de/dvl-ticker/iPhone/images down_navigation_button_out@2x.png
2011.09.17 07:27 B C:\Users\Berti\workspace\www.dvl-ticker.de\iPhone\images\DVL_loading_screen.png --> www.berti-golf.de /www.berti-golf.de/dvl-ticker/iPhone/images DVL_loading_screen.png
2011.09.17 07:27 B C:\Users\Berti\workspace\www.dvl-ticker.de\iPhone\images\DVL_loading_screen@2x.png --> www.berti-golf.de /www.berti-golf.de/dvl-ticker/iPhone/images DVL_loading_screen@2x.png
2011.09.17 07:27 B C:\Users\Berti\workspace\www.dvl-ticker.de\iPhone\images\dvl_logo.png --> www.berti-golf.de /www.berti-golf.de/dvl-ticker/iPhone/images dvl_logo.png
2011.09.17 07:27 B C:\Users\Berti\workspace\www.dvl-ticker.de\iPhone\images\icon-search-black.png --> www.berti-golf.de /www.berti-golf.de/dvl-ticker/iPhone/images icon-search-black.png
2011.09.17 07:27 B C:\Users\Berti\workspace\www.dvl-ticker.de\iPhone\images\icons-18-black.png --> www.berti-golf.de /www.berti-golf.de/dvl-ticker/iPhone/images icons-18-black.png
2011.09.17 07:27 B C:\Users\Berti\workspace\www.dvl-ticker.de\iPhone\images\icons-18-white.png --> www.berti-golf.de /www.berti-golf.de/dvl-ticker/iPhone/images icons-18-white.png
2011.09.17 07:27 B C:\Users\Berti\workspace\www.dvl-ticker.de\iPhone\images\icons-36-black.png --> www.berti-golf.de /www.berti-golf.de/dvl-ticker/iPhone/images icons-36-black.png
2011.09.17 07:27 B C:\Users\Berti\workspace\www.dvl-ticker.de\iPhone\images\icons-36-white.png --> www.berti-golf.de /www.berti-golf.de/dvl-ticker/iPhone/images icons-36-white.png
2011.09.17 07:27 B C:\Users\Berti\workspace\www.dvl-ticker.de\iPhone\images\lifeticker.png --> www.berti-golf.de /www.berti-golf.de/dvl-ticker/iPhone/images lifeticker.png
2011.09.17 07:27 B C:\Users\Berti\workspace\www.dvl-ticker.de\iPhone\images\lifeticker@2x.png --> www.berti-golf.de /www.berti-golf.de/dvl-ticker/iPhone/images lifeticker@2x.png
2011.09.17 07:27 B C:\Users\Berti\workspace\www.dvl-ticker.de\iPhone\images\lifeticker_on.png --> www.berti-golf.de /www.berti-golf.de/dvl-ticker/iPhone/images lifeticker_on.png
2011.09.17 07:27 B C:\Users\Berti\workspace\www.dvl-ticker.de\iPhone\images\lifeticker_on@2x.png --> www.berti-golf.de /www.berti-golf.de/dvl-ticker/iPhone/images lifeticker_on@2x.png
2011.09.17 07:27 B C:\Users\Berti\workspace\www.dvl-ticker.de\iPhone\images\line-chart.png --> www.berti-golf.de /www.berti-golf.de/dvl-ticker/iPhone/images line-chart.png
2011.09.17 07:27 B C:\Users\Berti\workspace\www.dvl-ticker.de\iPhone\images\line-chart@2x.png --> www.berti-golf.de /www.berti-golf.de/dvl-ticker/iPhone/images line-chart@2x.png
2011.09.17 07:27 B C:\Users\Berti\workspace\www.dvl-ticker.de\iPhone\images\line-chart_on.png --> www.berti-golf.de /www.berti-golf.de/dvl-ticker/iPhone/images line-chart_on.png
2011.09.17 07:27 B C:\Users\Berti\workspace\www.dvl-ticker.de\iPhone\images\line-chart_on@2x.png --> www.berti-golf.de /www.berti-golf.de/dvl-ticker/iPhone/images line-chart_on@2x.png
2011.09.17 07:27 B C:\Users\Berti\workspace\www.dvl-ticker.de\iPhone\images\logo_bar.png --> www.berti-golf.de /www.berti-golf.de/dvl-ticker/iPhone/images logo_bar.png
2011.09.17 07:27 B C:\Users\Berti\workspace\www.dvl-ticker.de\iPhone\images\logo_bar@2x.png --> www.berti-golf.de /www.berti-golf.de/dvl-ticker/iPhone/images logo_bar@2x.png
2011.09.17 07:27 B C:\Users\Berti\workspace\www.dvl-ticker.de\iPhone\images\logo_bar_ohne_titel.png --> www.berti-golf.de /www.berti-golf.de/dvl-ticker/iPhone/images logo_bar_ohne_titel.png
2011.09.17 07:27 B C:\Users\Berti\workspace\www.dvl-ticker.de\iPhone\images\more_button.png --> www.berti-golf.de /www.berti-golf.de/dvl-ticker/iPhone/images more_button.png
2011.09.17 07:27 B C:\Users\Berti\workspace\www.dvl-ticker.de\iPhone\images\more_button@2x.png --> www.berti-golf.de /www.berti-golf.de/dvl-ticker/iPhone/images more_button@2x.png
2011.09.17 07:27 B C:\Users\Berti\workspace\www.dvl-ticker.de\iPhone\images\news.png --> www.berti-golf.de /www.berti-golf.de/dvl-ticker/iPhone/images news.png
2011.09.17 07:27 B C:\Users\Berti\workspace\www.dvl-ticker.de\iPhone\images\news@2x.png --> www.berti-golf.de /www.berti-golf.de/dvl-ticker/iPhone/images news@2x.png
2011.09.17 07:27 B C:\Users\Berti\workspace\www.dvl-ticker.de\iPhone\images\news_on.png --> www.berti-golf.de /www.berti-golf.de/dvl-ticker/iPhone/images news_on.png
2011.09.17 07:27 B C:\Users\Berti\workspace\www.dvl-ticker.de\iPhone\images\news_on@2x.png --> www.berti-golf.de /www.berti-golf.de/dvl-ticker/iPhone/images news_on@2x.png
2011.09.17 07:27 B C:\Users\Berti\workspace\www.dvl-ticker.de\iPhone\images\newsletter_background.png --> www.berti-golf.de /www.berti-golf.de/dvl-ticker/iPhone/images newsletter_background.png
2011.09.17 07:27 B C:\Users\Berti\workspace\www.dvl-ticker.de\iPhone\images\newsletter_background@2x.png --> www.berti-golf.de /www.berti-golf.de/dvl-ticker/iPhone/images newsletter_background@2x.png
2011.09.17 07:27 B C:\Users\Berti\workspace\www.dvl-ticker.de\iPhone\images\presse.png --> www.berti-golf.de /www.berti-golf.de/dvl-ticker/iPhone/images presse.png
2011.09.17 07:27 B C:\Users\Berti\workspace\www.dvl-ticker.de\iPhone\images\presse@2x.png --> www.berti-golf.de /www.berti-golf.de/dvl-ticker/iPhone/images presse@2x.png
2011.09.17 07:27 B C:\Users\Berti\workspace\www.dvl-ticker.de\iPhone\images\presse_on.png --> www.berti-golf.de /www.berti-golf.de/dvl-ticker/iPhone/images presse_on.png
2011.09.17 07:27 B C:\Users\Berti\workspace\www.dvl-ticker.de\iPhone\images\presse_on@2x.png --> www.berti-golf.de /www.berti-golf.de/dvl-ticker/iPhone/images presse_on@2x.png
2011.09.17 07:27 B C:\Users\Berti\workspace\www.dvl-ticker.de\iPhone\images\sign_in_button.png --> www.berti-golf.de /www.berti-golf.de/dvl-ticker/iPhone/images sign_in_button.png
2011.09.17 07:27 B C:\Users\Berti\workspace\www.dvl-ticker.de\iPhone\images\sign_in_button@2x.png --> www.berti-golf.de /www.berti-golf.de/dvl-ticker/iPhone/images sign_in_button@2x.png
2011.09.17 07:27 B C:\Users\Berti\workspace\www.dvl-ticker.de\iPhone\images\spieplan.png --> www.berti-golf.de /www.berti-golf.de/dvl-ticker/iPhone/images spieplan.png
2011.09.17 07:27 B C:\Users\Berti\workspace\www.dvl-ticker.de\iPhone\images\spieplan@2x.png --> www.berti-golf.de /www.berti-golf.de/dvl-ticker/iPhone/images spieplan@2x.png
2011.09.17 07:27 B C:\Users\Berti\workspace\www.dvl-ticker.de\iPhone\images\spieplan_on.png --> www.berti-golf.de /www.berti-golf.de/dvl-ticker/iPhone/images spieplan_on.png
2011.09.17 07:27 B C:\Users\Berti\workspace\www.dvl-ticker.de\iPhone\images\spieplan_on@2x.png --> www.berti-golf.de /www.berti-golf.de/dvl-ticker/iPhone/images spieplan_on@2x.png
2011.09.17 07:27 B C:\Users\Berti\workspace\www.dvl-ticker.de\iPhone\images\switcher_background_1.png --> www.berti-golf.de /www.berti-golf.de/dvl-ticker/iPhone/images switcher_background_1.png
2011.09.17 07:27 B C:\Users\Berti\workspace\www.dvl-ticker.de\iPhone\images\switcher_background_1@2x.png --> www.berti-golf.de /www.berti-golf.de/dvl-ticker/iPhone/images switcher_background_1@2x.png
2011.09.17 07:27 B C:\Users\Berti\workspace\www.dvl-ticker.de\iPhone\images\switcher_background_2.png --> www.berti-golf.de /www.berti-golf.de/dvl-ticker/iPhone/images switcher_background_2.png
2011.09.17 07:27 B C:\Users\Berti\workspace\www.dvl-ticker.de\iPhone\images\switcher_background_2@2x.png --> www.berti-golf.de /www.berti-golf.de/dvl-ticker/iPhone/images switcher_background_2@2x.png
2011.09.17 07:27 B C:\Users\Berti\workspace\www.dvl-ticker.de\iPhone\images\switcher_background_3.png --> www.berti-golf.de /www.berti-golf.de/dvl-ticker/iPhone/images switcher_background_3.png
2011.09.17 07:27 B C:\Users\Berti\workspace\www.dvl-ticker.de\iPhone\images\switcher_background_3@2x.png --> www.berti-golf.de /www.berti-golf.de/dvl-ticker/iPhone/images switcher_background_3@2x.png
2011.09.17 07:27 B C:\Users\Berti\workspace\www.dvl-ticker.de\iPhone\images\tabelle.png --> www.berti-golf.de /www.berti-golf.de/dvl-ticker/iPhone/images tabelle.png
2011.09.17 07:27 B C:\Users\Berti\workspace\www.dvl-ticker.de\iPhone\images\Tabelle@2x.png --> www.berti-golf.de /www.berti-golf.de/dvl-ticker/iPhone/images Tabelle@2x.png
2011.09.17 07:27 B C:\Users\Berti\workspace\www.dvl-ticker.de\iPhone\images\Tabelle_on.png --> www.berti-golf.de /www.berti-golf.de/dvl-ticker/iPhone/images Tabelle_on.png
2011.09.17 07:27 B C:\Users\Berti\workspace\www.dvl-ticker.de\iPhone\images\Tabelle_on@2x.png --> www.berti-golf.de /www.berti-golf.de/dvl-ticker/iPhone/images Tabelle_on@2x.png
2011.09.17 07:27 B C:\Users\Berti\workspace\www.dvl-ticker.de\iPhone\images\ticker_arrow_down.png --> www.berti-golf.de /www.berti-golf.de/dvl-ticker/iPhone/images ticker_arrow_down.png
2011.09.17 07:27 B C:\Users\Berti\workspace\www.dvl-ticker.de\iPhone\images\ticker_arrow_down@2x.png --> www.berti-golf.de /www.berti-golf.de/dvl-ticker/iPhone/images ticker_arrow_down@2x.png
2011.09.17 07:27 B C:\Users\Berti\workspace\www.dvl-ticker.de\iPhone\images\ticker_arrow_right.png --> www.berti-golf.de /www.berti-golf.de/dvl-ticker/iPhone/images ticker_arrow_right.png
2011.09.17 07:27 B C:\Users\Berti\workspace\www.dvl-ticker.de\iPhone\images\ticker_arrow_right@2x.png --> www.berti-golf.de /www.berti-golf.de/dvl-ticker/iPhone/images ticker_arrow_right@2x.png
2011.09.17 07:27 B C:\Users\Berti\workspace\www.dvl-ticker.de\iPhone\images\ticker_bar_background.png --> www.berti-golf.de /www.berti-golf.de/dvl-ticker/iPhone/images ticker_bar_background.png
2011.09.17 07:27 B C:\Users\Berti\workspace\www.dvl-ticker.de\iPhone\images\ticker_bar_background@2x.png --> www.berti-golf.de /www.berti-golf.de/dvl-ticker/iPhone/images ticker_bar_background@2x.png
2011.09.17 07:27 B C:\Users\Berti\workspace\www.dvl-ticker.de\iPhone\images\ticker_title_nackground.png --> www.berti-golf.de /www.berti-golf.de/dvl-ticker/iPhone/images ticker_title_nackground.png
2011.09.17 07:27 B C:\Users\Berti\workspace\www.dvl-ticker.de\iPhone\images\ticker_title_nackground@2x.png --> www.berti-golf.de /www.berti-golf.de/dvl-ticker/iPhone/images ticker_title_nackground@2x.png
2011.09.17 07:27 B C:\Users\Berti\workspace\www.dvl-ticker.de\iPhone\images\top_navi_background.png --> www.berti-golf.de /www.berti-golf.de/dvl-ticker/iPhone/images top_navi_background.png
2011.09.17 07:27 B C:\Users\Berti\workspace\www.dvl-ticker.de\iPhone\images\top_navi_background@2x.png --> www.berti-golf.de /www.berti-golf.de/dvl-ticker/iPhone/images top_navi_background@2x.png
2011.09.17 07:27 B C:\Users\Berti\workspace\www.dvl-ticker.de\iPhone\images\top_navi_left_arrow.png --> www.berti-golf.de /www.berti-golf.de/dvl-ticker/iPhone/images top_navi_left_arrow.png
2011.09.17 07:27 B C:\Users\Berti\workspace\www.dvl-ticker.de\iPhone\images\top_navi_left_arrow@2x.png --> www.berti-golf.de /www.berti-golf.de/dvl-ticker/iPhone/images top_navi_left_arrow@2x.png
2011.09.17 07:27 B C:\Users\Berti\workspace\www.dvl-ticker.de\iPhone\images\top_navi_right_arrow.png --> www.berti-golf.de /www.berti-golf.de/dvl-ticker/iPhone/images top_navi_right_arrow.png
2011.09.17 07:27 B C:\Users\Berti\workspace\www.dvl-ticker.de\iPhone\images\top_navi_right_arrow@2x.png --> www.berti-golf.de /www.berti-golf.de/dvl-ticker/iPhone/images top_navi_right_arrow@2x.png
2011.09.17 07:27 B C:\Users\Berti\workspace\www.dvl-ticker.de\iPhone\images\up_down_navigation_background.png --> www.berti-golf.de /www.berti-golf.de/dvl-ticker/iPhone/images up_down_navigation_background.png
2011.09.17 07:27 B C:\Users\Berti\workspace\www.dvl-ticker.de\iPhone\images\up_down_navigation_background@2x.png --> www.berti-golf.de /www.berti-golf.de/dvl-ticker/iPhone/images up_down_navigation_background@2x.png
2011.09.17 07:27 B C:\Users\Berti\workspace\www.dvl-ticker.de\iPhone\images\up_navigation_button_on.png --> www.berti-golf.de /www.berti-golf.de/dvl-ticker/iPhone/images up_navigation_button_on.png
2011.09.17 07:27 B C:\Users\Berti\workspace\www.dvl-ticker.de\iPhone\images\up_navigation_button_on@2x.png --> www.berti-golf.de /www.berti-golf.de/dvl-ticker/iPhone/images up_navigation_button_on@2x.png
2011.09.17 07:27 B C:\Users\Berti\workspace\www.dvl-ticker.de\iPhone\images\up_navigation_button_out.png --> www.berti-golf.de /www.berti-golf.de/dvl-ticker/iPhone/images up_navigation_button_out.png
2011.09.17 07:27 B C:\Users\Berti\workspace\www.dvl-ticker.de\iPhone\images\up_navigation_button_out@2x.png --> www.berti-golf.de /www.berti-golf.de/dvl-ticker/iPhone/images up_navigation_button_out@2x.png
2011.09.17 07:27 B C:\Users\Berti\workspace\www.dvl-ticker.de\iPhone\images\white_more_button.png --> www.berti-golf.de /www.berti-golf.de/dvl-ticker/iPhone/images white_more_button.png
2011.09.17 07:27 B C:\Users\Berti\workspace\www.dvl-ticker.de\iPhone\images\white_more_button@2x.png --> www.berti-golf.de /www.berti-golf.de/dvl-ticker/iPhone/images white_more_button@2x.png
2011.09.17 09:17 B C:\Users\Berti\workspace\www.dvl-ticker.de\iPhone\images\.DS_Store --> www.berti-golf.de /www.berti-golf.de/dvl-ticker/iPhone/images .DS_Store
