2008.06.27 16:46 B K:\sicherung_webserver_h10__072008\berti-golf.de\public_html\bertichile\wohnung\bad2.jpg <-- www.berti-golf.de /public_html/bertichile/wohnung bad2.jpg
2008.06.27 16:46 B K:\sicherung_webserver_h10__072008\berti-golf.de\public_html\bertichile\wohnung\bad2_tn.jpg <-- www.berti-golf.de /public_html/bertichile/wohnung bad2_tn.jpg
2008.06.27 16:46 B K:\sicherung_webserver_h10__072008\berti-golf.de\public_html\bertichile\wohnung\blick02.jpg <-- www.berti-golf.de /public_html/bertichile/wohnung blick02.jpg
2008.06.27 16:46 B K:\sicherung_webserver_h10__072008\berti-golf.de\public_html\bertichile\wohnung\blick02_tn.jpg <-- www.berti-golf.de /public_html/bertichile/wohnung blick02_tn.jpg
2008.06.27 16:47 B K:\sicherung_webserver_h10__072008\berti-golf.de\public_html\bertichile\wohnung\blick1.jpg <-- www.berti-golf.de /public_html/bertichile/wohnung blick1.jpg
2008.06.27 16:47 B K:\sicherung_webserver_h10__072008\berti-golf.de\public_html\bertichile\wohnung\blick1_tn.jpg <-- www.berti-golf.de /public_html/bertichile/wohnung blick1_tn.jpg
2008.06.27 16:47 B K:\sicherung_webserver_h10__072008\berti-golf.de\public_html\bertichile\wohnung\cerro-st-cristubal.jpg <-- www.berti-golf.de /public_html/bertichile/wohnung cerro-st-cristubal.jpg
2008.06.27 16:47 B K:\sicherung_webserver_h10__072008\berti-golf.de\public_html\bertichile\wohnung\cerro-st-cristubal_tn.jpg <-- www.berti-golf.de /public_html/bertichile/wohnung cerro-st-cristubal_tn.jpg
2008.06.27 16:47 B K:\sicherung_webserver_h10__072008\berti-golf.de\public_html\bertichile\wohnung\cordillere1.jpg <-- www.berti-golf.de /public_html/bertichile/wohnung cordillere1.jpg
2008.06.27 16:47 B K:\sicherung_webserver_h10__072008\berti-golf.de\public_html\bertichile\wohnung\cordillere1_tn.jpg <-- www.berti-golf.de /public_html/bertichile/wohnung cordillere1_tn.jpg
2008.06.27 16:47 B K:\sicherung_webserver_h10__072008\berti-golf.de\public_html\bertichile\wohnung\cordillere2.jpg <-- www.berti-golf.de /public_html/bertichile/wohnung cordillere2.jpg
2008.06.27 16:47 B K:\sicherung_webserver_h10__072008\berti-golf.de\public_html\bertichile\wohnung\cordillere2_tn.jpg <-- www.berti-golf.de /public_html/bertichile/wohnung cordillere2_tn.jpg
2008.06.27 16:47 B K:\sicherung_webserver_h10__072008\berti-golf.de\public_html\bertichile\wohnung\cordillere3.jpg <-- www.berti-golf.de /public_html/bertichile/wohnung cordillere3.jpg
2008.06.27 16:47 B K:\sicherung_webserver_h10__072008\berti-golf.de\public_html\bertichile\wohnung\cordillere3_tn.jpg <-- www.berti-golf.de /public_html/bertichile/wohnung cordillere3_tn.jpg
2008.06.27 16:47 B K:\sicherung_webserver_h10__072008\berti-golf.de\public_html\bertichile\wohnung\cordillere4.jpg <-- www.berti-golf.de /public_html/bertichile/wohnung cordillere4.jpg
2008.06.27 16:47 B K:\sicherung_webserver_h10__072008\berti-golf.de\public_html\bertichile\wohnung\cordillere4_tn.jpg <-- www.berti-golf.de /public_html/bertichile/wohnung cordillere4_tn.jpg
2008.06.27 16:47 B K:\sicherung_webserver_h10__072008\berti-golf.de\public_html\bertichile\wohnung\cordillere5.jpg <-- www.berti-golf.de /public_html/bertichile/wohnung cordillere5.jpg
2008.06.27 16:47 B K:\sicherung_webserver_h10__072008\berti-golf.de\public_html\bertichile\wohnung\cordillere5_tn.jpg <-- www.berti-golf.de /public_html/bertichile/wohnung cordillere5_tn.jpg
2008.06.27 16:47 B K:\sicherung_webserver_h10__072008\berti-golf.de\public_html\bertichile\wohnung\jardeneria.jpg <-- www.berti-golf.de /public_html/bertichile/wohnung jardeneria.jpg
2008.06.27 16:47 B K:\sicherung_webserver_h10__072008\berti-golf.de\public_html\bertichile\wohnung\jardeneria_tn.jpg <-- www.berti-golf.de /public_html/bertichile/wohnung jardeneria_tn.jpg
2008.06.27 16:47 B K:\sicherung_webserver_h10__072008\berti-golf.de\public_html\bertichile\wohnung\kueche1.jpg <-- www.berti-golf.de /public_html/bertichile/wohnung kueche1.jpg
2008.06.27 16:47 B K:\sicherung_webserver_h10__072008\berti-golf.de\public_html\bertichile\wohnung\kueche1_tn.jpg <-- www.berti-golf.de /public_html/bertichile/wohnung kueche1_tn.jpg
2008.06.27 16:47 B K:\sicherung_webserver_h10__072008\berti-golf.de\public_html\bertichile\wohnung\kueche2.jpg <-- www.berti-golf.de /public_html/bertichile/wohnung kueche2.jpg
2008.06.27 16:47 B K:\sicherung_webserver_h10__072008\berti-golf.de\public_html\bertichile\wohnung\kueche2_tn.jpg <-- www.berti-golf.de /public_html/bertichile/wohnung kueche2_tn.jpg
2008.06.27 16:47 B K:\sicherung_webserver_h10__072008\berti-golf.de\public_html\bertichile\wohnung\schlaf1.jpg <-- www.berti-golf.de /public_html/bertichile/wohnung schlaf1.jpg
2008.06.27 16:47 B K:\sicherung_webserver_h10__072008\berti-golf.de\public_html\bertichile\wohnung\schlaf1_tn.jpg <-- www.berti-golf.de /public_html/bertichile/wohnung schlaf1_tn.jpg
2008.06.27 16:47 B K:\sicherung_webserver_h10__072008\berti-golf.de\public_html\bertichile\wohnung\schlaf5.jpg <-- www.berti-golf.de /public_html/bertichile/wohnung schlaf5.jpg
2008.06.27 16:47 B K:\sicherung_webserver_h10__072008\berti-golf.de\public_html\bertichile\wohnung\schlaf5_tn.jpg <-- www.berti-golf.de /public_html/bertichile/wohnung schlaf5_tn.jpg
2008.06.27 16:47 B K:\sicherung_webserver_h10__072008\berti-golf.de\public_html\bertichile\wohnung\sonnenuntergang01.jpg <-- www.berti-golf.de /public_html/bertichile/wohnung sonnenuntergang01.jpg
2008.06.27 16:47 B K:\sicherung_webserver_h10__072008\berti-golf.de\public_html\bertichile\wohnung\sonnenuntergang01_tn.jpg <-- www.berti-golf.de /public_html/bertichile/wohnung sonnenuntergang01_tn.jpg
2008.06.27 16:47 B K:\sicherung_webserver_h10__072008\berti-golf.de\public_html\bertichile\wohnung\sonnenuntergang02.jpg <-- www.berti-golf.de /public_html/bertichile/wohnung sonnenuntergang02.jpg
2008.06.27 16:47 B K:\sicherung_webserver_h10__072008\berti-golf.de\public_html\bertichile\wohnung\sonnenuntergang02_tn.jpg <-- www.berti-golf.de /public_html/bertichile/wohnung sonnenuntergang02_tn.jpg
2008.06.27 16:47 B K:\sicherung_webserver_h10__072008\berti-golf.de\public_html\bertichile\wohnung\sonnenuntergang03.jpg <-- www.berti-golf.de /public_html/bertichile/wohnung sonnenuntergang03.jpg
2008.06.27 16:47 B K:\sicherung_webserver_h10__072008\berti-golf.de\public_html\bertichile\wohnung\sonnenuntergang03_tn.jpg <-- www.berti-golf.de /public_html/bertichile/wohnung sonnenuntergang03_tn.jpg
2008.06.27 16:47 B K:\sicherung_webserver_h10__072008\berti-golf.de\public_html\bertichile\wohnung\sonnenuntergang04.jpg <-- www.berti-golf.de /public_html/bertichile/wohnung sonnenuntergang04.jpg
2008.06.27 16:47 B K:\sicherung_webserver_h10__072008\berti-golf.de\public_html\bertichile\wohnung\sonnenuntergang04_tn.jpg <-- www.berti-golf.de /public_html/bertichile/wohnung sonnenuntergang04_tn.jpg
2008.06.27 16:47 B K:\sicherung_webserver_h10__072008\berti-golf.de\public_html\bertichile\wohnung\sonnenuntergang05.jpg <-- www.berti-golf.de /public_html/bertichile/wohnung sonnenuntergang05.jpg
2008.06.27 16:47 B K:\sicherung_webserver_h10__072008\berti-golf.de\public_html\bertichile\wohnung\sonnenuntergang05_tn.jpg <-- www.berti-golf.de /public_html/bertichile/wohnung sonnenuntergang05_tn.jpg
2008.06.27 16:47 B K:\sicherung_webserver_h10__072008\berti-golf.de\public_html\bertichile\wohnung\sonnenuntergang06.jpg <-- www.berti-golf.de /public_html/bertichile/wohnung sonnenuntergang06.jpg
2008.06.27 16:48 B K:\sicherung_webserver_h10__072008\berti-golf.de\public_html\bertichile\wohnung\sonnenuntergang06_tn.jpg <-- www.berti-golf.de /public_html/bertichile/wohnung sonnenuntergang06_tn.jpg
2008.06.27 16:48 B K:\sicherung_webserver_h10__072008\berti-golf.de\public_html\bertichile\wohnung\vorlage.html <-- www.berti-golf.de /public_html/bertichile/wohnung vorlage.html
2008.06.27 16:48 B K:\sicherung_webserver_h10__072008\berti-golf.de\public_html\bertichile\wohnung\wohn1.jpg <-- www.berti-golf.de /public_html/bertichile/wohnung wohn1.jpg
2008.06.27 16:48 B K:\sicherung_webserver_h10__072008\berti-golf.de\public_html\bertichile\wohnung\wohn1_tn.jpg <-- www.berti-golf.de /public_html/bertichile/wohnung wohn1_tn.jpg
2008.06.27 16:48 B K:\sicherung_webserver_h10__072008\berti-golf.de\public_html\bertichile\wohnung\wohn3.jpg <-- www.berti-golf.de /public_html/bertichile/wohnung wohn3.jpg
2008.06.27 16:48 B K:\sicherung_webserver_h10__072008\berti-golf.de\public_html\bertichile\wohnung\wohn3_tn.jpg <-- www.berti-golf.de /public_html/bertichile/wohnung wohn3_tn.jpg
2008.06.27 16:48 B K:\sicherung_webserver_h10__072008\berti-golf.de\public_html\bertichile\wohnung\wohnung.html <-- www.berti-golf.de /public_html/bertichile/wohnung wohnung.html
2008.06.27 19:40 B K:\sicherung_webserver_h10__072008\berti-golf.de\public_html\bertichile\wohnung\bad2.jpg --> bertigolfde.h1403220.stratoserver.net /public_html/bertichile/wohnung bad2.jpg
2008.06.27 19:40 B K:\sicherung_webserver_h10__072008\berti-golf.de\public_html\bertichile\wohnung\bad2_tn.jpg --> bertigolfde.h1403220.stratoserver.net /public_html/bertichile/wohnung bad2_tn.jpg
2008.06.27 19:41 B K:\sicherung_webserver_h10__072008\berti-golf.de\public_html\bertichile\wohnung\blick02.jpg --> bertigolfde.h1403220.stratoserver.net /public_html/bertichile/wohnung blick02.jpg
2008.06.27 19:41 B K:\sicherung_webserver_h10__072008\berti-golf.de\public_html\bertichile\wohnung\blick02_tn.jpg --> bertigolfde.h1403220.stratoserver.net /public_html/bertichile/wohnung blick02_tn.jpg
2008.06.27 19:41 B K:\sicherung_webserver_h10__072008\berti-golf.de\public_html\bertichile\wohnung\blick1.jpg --> bertigolfde.h1403220.stratoserver.net /public_html/bertichile/wohnung blick1.jpg
2008.06.27 19:41 B K:\sicherung_webserver_h10__072008\berti-golf.de\public_html\bertichile\wohnung\blick1_tn.jpg --> bertigolfde.h1403220.stratoserver.net /public_html/bertichile/wohnung blick1_tn.jpg
2008.06.27 19:41 B K:\sicherung_webserver_h10__072008\berti-golf.de\public_html\bertichile\wohnung\cerro-st-cristubal.jpg --> bertigolfde.h1403220.stratoserver.net /public_html/bertichile/wohnung cerro-st-cristubal.jpg
2008.06.27 19:41 B K:\sicherung_webserver_h10__072008\berti-golf.de\public_html\bertichile\wohnung\cerro-st-cristubal_tn.jpg --> bertigolfde.h1403220.stratoserver.net /public_html/bertichile/wohnung cerro-st-cristubal_tn.jpg
2008.06.27 19:41 B K:\sicherung_webserver_h10__072008\berti-golf.de\public_html\bertichile\wohnung\cordillere1.jpg --> bertigolfde.h1403220.stratoserver.net /public_html/bertichile/wohnung cordillere1.jpg
2008.06.27 19:41 B K:\sicherung_webserver_h10__072008\berti-golf.de\public_html\bertichile\wohnung\cordillere1_tn.jpg --> bertigolfde.h1403220.stratoserver.net /public_html/bertichile/wohnung cordillere1_tn.jpg
2008.06.27 19:41 B K:\sicherung_webserver_h10__072008\berti-golf.de\public_html\bertichile\wohnung\cordillere2.jpg --> bertigolfde.h1403220.stratoserver.net /public_html/bertichile/wohnung cordillere2.jpg
2008.06.27 19:41 B K:\sicherung_webserver_h10__072008\berti-golf.de\public_html\bertichile\wohnung\cordillere2_tn.jpg --> bertigolfde.h1403220.stratoserver.net /public_html/bertichile/wohnung cordillere2_tn.jpg
2008.06.27 19:41 B K:\sicherung_webserver_h10__072008\berti-golf.de\public_html\bertichile\wohnung\cordillere3.jpg --> bertigolfde.h1403220.stratoserver.net /public_html/bertichile/wohnung cordillere3.jpg
2008.06.27 19:41 B K:\sicherung_webserver_h10__072008\berti-golf.de\public_html\bertichile\wohnung\cordillere3_tn.jpg --> bertigolfde.h1403220.stratoserver.net /public_html/bertichile/wohnung cordillere3_tn.jpg
2008.06.27 19:41 B K:\sicherung_webserver_h10__072008\berti-golf.de\public_html\bertichile\wohnung\cordillere4.jpg --> bertigolfde.h1403220.stratoserver.net /public_html/bertichile/wohnung cordillere4.jpg
2008.06.27 19:41 B K:\sicherung_webserver_h10__072008\berti-golf.de\public_html\bertichile\wohnung\cordillere4_tn.jpg --> bertigolfde.h1403220.stratoserver.net /public_html/bertichile/wohnung cordillere4_tn.jpg
2008.06.27 19:41 B K:\sicherung_webserver_h10__072008\berti-golf.de\public_html\bertichile\wohnung\cordillere5.jpg --> bertigolfde.h1403220.stratoserver.net /public_html/bertichile/wohnung cordillere5.jpg
2008.06.27 19:41 B K:\sicherung_webserver_h10__072008\berti-golf.de\public_html\bertichile\wohnung\cordillere5_tn.jpg --> bertigolfde.h1403220.stratoserver.net /public_html/bertichile/wohnung cordillere5_tn.jpg
2008.06.27 19:42 B K:\sicherung_webserver_h10__072008\berti-golf.de\public_html\bertichile\wohnung\jardeneria.jpg --> bertigolfde.h1403220.stratoserver.net /public_html/bertichile/wohnung jardeneria.jpg
2008.06.27 19:42 B K:\sicherung_webserver_h10__072008\berti-golf.de\public_html\bertichile\wohnung\jardeneria_tn.jpg --> bertigolfde.h1403220.stratoserver.net /public_html/bertichile/wohnung jardeneria_tn.jpg
2008.06.27 19:42 B K:\sicherung_webserver_h10__072008\berti-golf.de\public_html\bertichile\wohnung\kueche1.jpg --> bertigolfde.h1403220.stratoserver.net /public_html/bertichile/wohnung kueche1.jpg
2008.06.27 19:42 B K:\sicherung_webserver_h10__072008\berti-golf.de\public_html\bertichile\wohnung\kueche1_tn.jpg --> bertigolfde.h1403220.stratoserver.net /public_html/bertichile/wohnung kueche1_tn.jpg
2008.06.27 19:42 B K:\sicherung_webserver_h10__072008\berti-golf.de\public_html\bertichile\wohnung\kueche2.jpg --> bertigolfde.h1403220.stratoserver.net /public_html/bertichile/wohnung kueche2.jpg
2008.06.27 19:42 B K:\sicherung_webserver_h10__072008\berti-golf.de\public_html\bertichile\wohnung\kueche2_tn.jpg --> bertigolfde.h1403220.stratoserver.net /public_html/bertichile/wohnung kueche2_tn.jpg
2008.06.27 19:42 B K:\sicherung_webserver_h10__072008\berti-golf.de\public_html\bertichile\wohnung\schlaf1.jpg --> bertigolfde.h1403220.stratoserver.net /public_html/bertichile/wohnung schlaf1.jpg
2008.06.27 19:42 B K:\sicherung_webserver_h10__072008\berti-golf.de\public_html\bertichile\wohnung\schlaf1_tn.jpg --> bertigolfde.h1403220.stratoserver.net /public_html/bertichile/wohnung schlaf1_tn.jpg
2008.06.27 19:42 B K:\sicherung_webserver_h10__072008\berti-golf.de\public_html\bertichile\wohnung\schlaf5.jpg --> bertigolfde.h1403220.stratoserver.net /public_html/bertichile/wohnung schlaf5.jpg
2008.06.27 19:42 B K:\sicherung_webserver_h10__072008\berti-golf.de\public_html\bertichile\wohnung\schlaf5_tn.jpg --> bertigolfde.h1403220.stratoserver.net /public_html/bertichile/wohnung schlaf5_tn.jpg
2008.06.27 19:42 B K:\sicherung_webserver_h10__072008\berti-golf.de\public_html\bertichile\wohnung\sonnenuntergang01.jpg --> bertigolfde.h1403220.stratoserver.net /public_html/bertichile/wohnung sonnenuntergang01.jpg
2008.06.27 19:42 B K:\sicherung_webserver_h10__072008\berti-golf.de\public_html\bertichile\wohnung\sonnenuntergang01_tn.jpg --> bertigolfde.h1403220.stratoserver.net /public_html/bertichile/wohnung sonnenuntergang01_tn.jpg
2008.06.27 19:42 B K:\sicherung_webserver_h10__072008\berti-golf.de\public_html\bertichile\wohnung\sonnenuntergang02.jpg --> bertigolfde.h1403220.stratoserver.net /public_html/bertichile/wohnung sonnenuntergang02.jpg
2008.06.27 19:42 B K:\sicherung_webserver_h10__072008\berti-golf.de\public_html\bertichile\wohnung\sonnenuntergang02_tn.jpg --> bertigolfde.h1403220.stratoserver.net /public_html/bertichile/wohnung sonnenuntergang02_tn.jpg
2008.06.27 19:42 B K:\sicherung_webserver_h10__072008\berti-golf.de\public_html\bertichile\wohnung\sonnenuntergang03.jpg --> bertigolfde.h1403220.stratoserver.net /public_html/bertichile/wohnung sonnenuntergang03.jpg
2008.06.27 19:42 B K:\sicherung_webserver_h10__072008\berti-golf.de\public_html\bertichile\wohnung\sonnenuntergang03_tn.jpg --> bertigolfde.h1403220.stratoserver.net /public_html/bertichile/wohnung sonnenuntergang03_tn.jpg
2008.06.27 19:42 B K:\sicherung_webserver_h10__072008\berti-golf.de\public_html\bertichile\wohnung\sonnenuntergang04.jpg --> bertigolfde.h1403220.stratoserver.net /public_html/bertichile/wohnung sonnenuntergang04.jpg
2008.06.27 19:42 B K:\sicherung_webserver_h10__072008\berti-golf.de\public_html\bertichile\wohnung\sonnenuntergang04_tn.jpg --> bertigolfde.h1403220.stratoserver.net /public_html/bertichile/wohnung sonnenuntergang04_tn.jpg
2008.06.27 19:42 B K:\sicherung_webserver_h10__072008\berti-golf.de\public_html\bertichile\wohnung\sonnenuntergang05.jpg --> bertigolfde.h1403220.stratoserver.net /public_html/bertichile/wohnung sonnenuntergang05.jpg
2008.06.27 19:42 B K:\sicherung_webserver_h10__072008\berti-golf.de\public_html\bertichile\wohnung\sonnenuntergang05_tn.jpg --> bertigolfde.h1403220.stratoserver.net /public_html/bertichile/wohnung sonnenuntergang05_tn.jpg
2008.06.27 19:42 B K:\sicherung_webserver_h10__072008\berti-golf.de\public_html\bertichile\wohnung\sonnenuntergang06.jpg --> bertigolfde.h1403220.stratoserver.net /public_html/bertichile/wohnung sonnenuntergang06.jpg
2008.06.27 19:42 B K:\sicherung_webserver_h10__072008\berti-golf.de\public_html\bertichile\wohnung\sonnenuntergang06_tn.jpg --> bertigolfde.h1403220.stratoserver.net /public_html/bertichile/wohnung sonnenuntergang06_tn.jpg
2008.06.27 19:42 B K:\sicherung_webserver_h10__072008\berti-golf.de\public_html\bertichile\wohnung\vorlage.html --> bertigolfde.h1403220.stratoserver.net /public_html/bertichile/wohnung vorlage.html
2008.06.27 19:42 B K:\sicherung_webserver_h10__072008\berti-golf.de\public_html\bertichile\wohnung\wohn1.jpg --> bertigolfde.h1403220.stratoserver.net /public_html/bertichile/wohnung wohn1.jpg
2008.06.27 19:42 B K:\sicherung_webserver_h10__072008\berti-golf.de\public_html\bertichile\wohnung\wohn1_tn.jpg --> bertigolfde.h1403220.stratoserver.net /public_html/bertichile/wohnung wohn1_tn.jpg
2008.06.27 19:42 B K:\sicherung_webserver_h10__072008\berti-golf.de\public_html\bertichile\wohnung\wohn3.jpg --> bertigolfde.h1403220.stratoserver.net /public_html/bertichile/wohnung wohn3.jpg
2008.06.27 19:42 B K:\sicherung_webserver_h10__072008\berti-golf.de\public_html\bertichile\wohnung\wohn3_tn.jpg --> bertigolfde.h1403220.stratoserver.net /public_html/bertichile/wohnung wohn3_tn.jpg
2008.06.27 19:42 B K:\sicherung_webserver_h10__072008\berti-golf.de\public_html\bertichile\wohnung\wohnung.html --> bertigolfde.h1403220.stratoserver.net /public_html/bertichile/wohnung wohnung.html
2009.05.01 07:26 B Z:\home\Berti\public_html\www.berti-golf.de\bertichile\wohnung\WS_FTP.LOG <-- bertigolfde.h1403220.stratoserver.net /public_html/bertichile/wohnung WS_FTP.LOG
2009.12.08 18:12 B Z:\home\Berti\public_html\www.berti-golf.de\bertichile\wohnung\bad2.jpg --> h1667152.stratoserver.net /httpdocs/bertichile/wohnung bad2.jpg
2009.12.08 18:12 B Z:\home\Berti\public_html\www.berti-golf.de\bertichile\wohnung\bad2_tn.jpg --> h1667152.stratoserver.net /httpdocs/bertichile/wohnung bad2_tn.jpg
2009.12.08 18:12 B Z:\home\Berti\public_html\www.berti-golf.de\bertichile\wohnung\blick02.jpg --> h1667152.stratoserver.net /httpdocs/bertichile/wohnung blick02.jpg
2009.12.08 18:12 B Z:\home\Berti\public_html\www.berti-golf.de\bertichile\wohnung\blick02_tn.jpg --> h1667152.stratoserver.net /httpdocs/bertichile/wohnung blick02_tn.jpg
2009.12.08 18:12 B Z:\home\Berti\public_html\www.berti-golf.de\bertichile\wohnung\blick1.jpg --> h1667152.stratoserver.net /httpdocs/bertichile/wohnung blick1.jpg
2009.12.08 18:12 B Z:\home\Berti\public_html\www.berti-golf.de\bertichile\wohnung\blick1_tn.jpg --> h1667152.stratoserver.net /httpdocs/bertichile/wohnung blick1_tn.jpg
2009.12.08 18:12 B Z:\home\Berti\public_html\www.berti-golf.de\bertichile\wohnung\cerro-st-cristubal.jpg --> h1667152.stratoserver.net /httpdocs/bertichile/wohnung cerro-st-cristubal.jpg
2009.12.08 18:12 B Z:\home\Berti\public_html\www.berti-golf.de\bertichile\wohnung\cerro-st-cristubal_tn.jpg --> h1667152.stratoserver.net /httpdocs/bertichile/wohnung cerro-st-cristubal_tn.jpg
2009.12.08 18:12 B Z:\home\Berti\public_html\www.berti-golf.de\bertichile\wohnung\cordillere1.jpg --> h1667152.stratoserver.net /httpdocs/bertichile/wohnung cordillere1.jpg
2009.12.08 18:12 B Z:\home\Berti\public_html\www.berti-golf.de\bertichile\wohnung\cordillere1_tn.jpg --> h1667152.stratoserver.net /httpdocs/bertichile/wohnung cordillere1_tn.jpg
2009.12.08 18:12 B Z:\home\Berti\public_html\www.berti-golf.de\bertichile\wohnung\cordillere2.jpg --> h1667152.stratoserver.net /httpdocs/bertichile/wohnung cordillere2.jpg
2009.12.08 18:12 B Z:\home\Berti\public_html\www.berti-golf.de\bertichile\wohnung\cordillere2_tn.jpg --> h1667152.stratoserver.net /httpdocs/bertichile/wohnung cordillere2_tn.jpg
2009.12.08 18:12 B Z:\home\Berti\public_html\www.berti-golf.de\bertichile\wohnung\cordillere3.jpg --> h1667152.stratoserver.net /httpdocs/bertichile/wohnung cordillere3.jpg
2009.12.08 18:12 B Z:\home\Berti\public_html\www.berti-golf.de\bertichile\wohnung\cordillere3_tn.jpg --> h1667152.stratoserver.net /httpdocs/bertichile/wohnung cordillere3_tn.jpg
2009.12.08 18:12 B Z:\home\Berti\public_html\www.berti-golf.de\bertichile\wohnung\cordillere4.jpg --> h1667152.stratoserver.net /httpdocs/bertichile/wohnung cordillere4.jpg
2009.12.08 18:12 B Z:\home\Berti\public_html\www.berti-golf.de\bertichile\wohnung\cordillere4_tn.jpg --> h1667152.stratoserver.net /httpdocs/bertichile/wohnung cordillere4_tn.jpg
2009.12.08 18:12 B Z:\home\Berti\public_html\www.berti-golf.de\bertichile\wohnung\cordillere5.jpg --> h1667152.stratoserver.net /httpdocs/bertichile/wohnung cordillere5.jpg
2009.12.08 18:12 B Z:\home\Berti\public_html\www.berti-golf.de\bertichile\wohnung\cordillere5_tn.jpg --> h1667152.stratoserver.net /httpdocs/bertichile/wohnung cordillere5_tn.jpg
2009.12.08 18:12 B Z:\home\Berti\public_html\www.berti-golf.de\bertichile\wohnung\jardeneria.jpg --> h1667152.stratoserver.net /httpdocs/bertichile/wohnung jardeneria.jpg
2009.12.08 18:12 B Z:\home\Berti\public_html\www.berti-golf.de\bertichile\wohnung\jardeneria_tn.jpg --> h1667152.stratoserver.net /httpdocs/bertichile/wohnung jardeneria_tn.jpg
2009.12.08 18:12 B Z:\home\Berti\public_html\www.berti-golf.de\bertichile\wohnung\kueche1.jpg --> h1667152.stratoserver.net /httpdocs/bertichile/wohnung kueche1.jpg
2009.12.08 18:12 B Z:\home\Berti\public_html\www.berti-golf.de\bertichile\wohnung\kueche1_tn.jpg --> h1667152.stratoserver.net /httpdocs/bertichile/wohnung kueche1_tn.jpg
2009.12.08 18:12 B Z:\home\Berti\public_html\www.berti-golf.de\bertichile\wohnung\kueche2.jpg --> h1667152.stratoserver.net /httpdocs/bertichile/wohnung kueche2.jpg
2009.12.08 18:12 B Z:\home\Berti\public_html\www.berti-golf.de\bertichile\wohnung\kueche2_tn.jpg --> h1667152.stratoserver.net /httpdocs/bertichile/wohnung kueche2_tn.jpg
2009.12.08 18:12 B Z:\home\Berti\public_html\www.berti-golf.de\bertichile\wohnung\schlaf1.jpg --> h1667152.stratoserver.net /httpdocs/bertichile/wohnung schlaf1.jpg
2009.12.08 18:12 B Z:\home\Berti\public_html\www.berti-golf.de\bertichile\wohnung\schlaf1_tn.jpg --> h1667152.stratoserver.net /httpdocs/bertichile/wohnung schlaf1_tn.jpg
2009.12.08 18:12 B Z:\home\Berti\public_html\www.berti-golf.de\bertichile\wohnung\schlaf5.jpg --> h1667152.stratoserver.net /httpdocs/bertichile/wohnung schlaf5.jpg
2009.12.08 18:12 B Z:\home\Berti\public_html\www.berti-golf.de\bertichile\wohnung\schlaf5_tn.jpg --> h1667152.stratoserver.net /httpdocs/bertichile/wohnung schlaf5_tn.jpg
2009.12.08 18:12 B Z:\home\Berti\public_html\www.berti-golf.de\bertichile\wohnung\sonnenuntergang01.jpg --> h1667152.stratoserver.net /httpdocs/bertichile/wohnung sonnenuntergang01.jpg
2009.12.08 18:12 B Z:\home\Berti\public_html\www.berti-golf.de\bertichile\wohnung\sonnenuntergang01_tn.jpg --> h1667152.stratoserver.net /httpdocs/bertichile/wohnung sonnenuntergang01_tn.jpg
2009.12.08 18:12 B Z:\home\Berti\public_html\www.berti-golf.de\bertichile\wohnung\sonnenuntergang02.jpg --> h1667152.stratoserver.net /httpdocs/bertichile/wohnung sonnenuntergang02.jpg
2009.12.08 18:12 B Z:\home\Berti\public_html\www.berti-golf.de\bertichile\wohnung\sonnenuntergang02_tn.jpg --> h1667152.stratoserver.net /httpdocs/bertichile/wohnung sonnenuntergang02_tn.jpg
2009.12.08 18:12 B Z:\home\Berti\public_html\www.berti-golf.de\bertichile\wohnung\sonnenuntergang03.jpg --> h1667152.stratoserver.net /httpdocs/bertichile/wohnung sonnenuntergang03.jpg
2009.12.08 18:12 B Z:\home\Berti\public_html\www.berti-golf.de\bertichile\wohnung\sonnenuntergang03_tn.jpg --> h1667152.stratoserver.net /httpdocs/bertichile/wohnung sonnenuntergang03_tn.jpg
2009.12.08 18:12 B Z:\home\Berti\public_html\www.berti-golf.de\bertichile\wohnung\sonnenuntergang04.jpg --> h1667152.stratoserver.net /httpdocs/bertichile/wohnung sonnenuntergang04.jpg
2009.12.08 18:12 B Z:\home\Berti\public_html\www.berti-golf.de\bertichile\wohnung\sonnenuntergang04_tn.jpg --> h1667152.stratoserver.net /httpdocs/bertichile/wohnung sonnenuntergang04_tn.jpg
2009.12.08 18:12 B Z:\home\Berti\public_html\www.berti-golf.de\bertichile\wohnung\sonnenuntergang05.jpg --> h1667152.stratoserver.net /httpdocs/bertichile/wohnung sonnenuntergang05.jpg
2009.12.08 18:12 B Z:\home\Berti\public_html\www.berti-golf.de\bertichile\wohnung\sonnenuntergang05_tn.jpg --> h1667152.stratoserver.net /httpdocs/bertichile/wohnung sonnenuntergang05_tn.jpg
2009.12.08 18:12 B Z:\home\Berti\public_html\www.berti-golf.de\bertichile\wohnung\sonnenuntergang06.jpg --> h1667152.stratoserver.net /httpdocs/bertichile/wohnung sonnenuntergang06.jpg
2009.12.08 18:12 B Z:\home\Berti\public_html\www.berti-golf.de\bertichile\wohnung\sonnenuntergang06_tn.jpg --> h1667152.stratoserver.net /httpdocs/bertichile/wohnung sonnenuntergang06_tn.jpg
2009.12.08 18:12 B Z:\home\Berti\public_html\www.berti-golf.de\bertichile\wohnung\vorlage.html --> h1667152.stratoserver.net /httpdocs/bertichile/wohnung vorlage.html
2009.12.08 18:12 B Z:\home\Berti\public_html\www.berti-golf.de\bertichile\wohnung\wohn1.jpg --> h1667152.stratoserver.net /httpdocs/bertichile/wohnung wohn1.jpg
2009.12.08 18:12 B Z:\home\Berti\public_html\www.berti-golf.de\bertichile\wohnung\wohn1_tn.jpg --> h1667152.stratoserver.net /httpdocs/bertichile/wohnung wohn1_tn.jpg
2009.12.08 18:12 B Z:\home\Berti\public_html\www.berti-golf.de\bertichile\wohnung\wohn3.jpg --> h1667152.stratoserver.net /httpdocs/bertichile/wohnung wohn3.jpg
2009.12.08 18:12 B Z:\home\Berti\public_html\www.berti-golf.de\bertichile\wohnung\wohn3_tn.jpg --> h1667152.stratoserver.net /httpdocs/bertichile/wohnung wohn3_tn.jpg
2009.12.08 18:12 B Z:\home\Berti\public_html\www.berti-golf.de\bertichile\wohnung\wohnung.html --> h1667152.stratoserver.net /httpdocs/bertichile/wohnung wohnung.html
