2008.06.27 16:23 B K:\sicherung_webserver_h10__072008\berti-golf.de\public_html\bertichile\macul\_vti_cnf\aco-lagunadeinkas2.jpg <-- www.berti-golf.de /public_html/bertichile/macul/_vti_cnf aco-lagunadeinkas2.jpg
2008.06.27 16:23 B K:\sicherung_webserver_h10__072008\berti-golf.de\public_html\bertichile\macul\_vti_cnf\aco-padres-puente1.jpg <-- www.berti-golf.de /public_html/bertichile/macul/_vti_cnf aco-padres-puente1.jpg
2008.06.27 16:23 B K:\sicherung_webserver_h10__072008\berti-golf.de\public_html\bertichile\macul\_vti_cnf\aco-padres-puente2.jpg <-- www.berti-golf.de /public_html/bertichile/macul/_vti_cnf aco-padres-puente2.jpg
2008.06.27 16:23 B K:\sicherung_webserver_h10__072008\berti-golf.de\public_html\bertichile\macul\_vti_cnf\aco-papel1.jpg <-- www.berti-golf.de /public_html/bertichile/macul/_vti_cnf aco-papel1.jpg
2008.06.27 16:23 B K:\sicherung_webserver_h10__072008\berti-golf.de\public_html\bertichile\macul\_vti_cnf\aco-papel2.jpg <-- www.berti-golf.de /public_html/bertichile/macul/_vti_cnf aco-papel2.jpg
2008.06.27 16:23 B K:\sicherung_webserver_h10__072008\berti-golf.de\public_html\bertichile\macul\_vti_cnf\aco-puente1.jpg <-- www.berti-golf.de /public_html/bertichile/macul/_vti_cnf aco-puente1.jpg
2008.06.27 16:23 B K:\sicherung_webserver_h10__072008\berti-golf.de\public_html\bertichile\macul\_vti_cnf\aco-puente3.jpg <-- www.berti-golf.de /public_html/bertichile/macul/_vti_cnf aco-puente3.jpg
2008.06.27 16:23 B K:\sicherung_webserver_h10__072008\berti-golf.de\public_html\bertichile\macul\_vti_cnf\aco-puentedeinkas1.jpg <-- www.berti-golf.de /public_html/bertichile/macul/_vti_cnf aco-puentedeinkas1.jpg
2008.06.27 16:23 B K:\sicherung_webserver_h10__072008\berti-golf.de\public_html\bertichile\macul\_vti_cnf\aco-puentedeinkas11.jpg <-- www.berti-golf.de /public_html/bertichile/macul/_vti_cnf aco-puentedeinkas11.jpg
2008.06.27 16:23 B K:\sicherung_webserver_h10__072008\berti-golf.de\public_html\bertichile\macul\_vti_cnf\aco-puentedeinkas14.jpg <-- www.berti-golf.de /public_html/bertichile/macul/_vti_cnf aco-puentedeinkas14.jpg
2008.06.27 16:23 B K:\sicherung_webserver_h10__072008\berti-golf.de\public_html\bertichile\macul\_vti_cnf\aco-puentedeinkas16.jpg <-- www.berti-golf.de /public_html/bertichile/macul/_vti_cnf aco-puentedeinkas16.jpg
2008.06.27 16:23 B K:\sicherung_webserver_h10__072008\berti-golf.de\public_html\bertichile\macul\_vti_cnf\aco-puentedeinkas19.jpg <-- www.berti-golf.de /public_html/bertichile/macul/_vti_cnf aco-puentedeinkas19.jpg
2008.06.27 16:23 B K:\sicherung_webserver_h10__072008\berti-golf.de\public_html\bertichile\macul\_vti_cnf\aco-puentedeinkas3.jpg <-- www.berti-golf.de /public_html/bertichile/macul/_vti_cnf aco-puentedeinkas3.jpg
2008.06.27 16:23 B K:\sicherung_webserver_h10__072008\berti-golf.de\public_html\bertichile\macul\_vti_cnf\aco-puentedeinkas6.jpg <-- www.berti-golf.de /public_html/bertichile/macul/_vti_cnf aco-puentedeinkas6.jpg
2008.06.27 16:23 B K:\sicherung_webserver_h10__072008\berti-golf.de\public_html\bertichile\macul\_vti_cnf\aco-puentedeinkas8.jpg <-- www.berti-golf.de /public_html/bertichile/macul/_vti_cnf aco-puentedeinkas8.jpg
2008.06.27 16:23 B K:\sicherung_webserver_h10__072008\berti-golf.de\public_html\bertichile\macul\_vti_cnf\bomba.jpg <-- www.berti-golf.de /public_html/bertichile/macul/_vti_cnf bomba.jpg
2008.06.27 16:23 B K:\sicherung_webserver_h10__072008\berti-golf.de\public_html\bertichile\macul\_vti_cnf\botellas1.jpg <-- www.berti-golf.de /public_html/bertichile/macul/_vti_cnf botellas1.jpg
2008.06.27 16:23 B K:\sicherung_webserver_h10__072008\berti-golf.de\public_html\bertichile\macul\_vti_cnf\botellas1_tn.jpg <-- www.berti-golf.de /public_html/bertichile/macul/_vti_cnf botellas1_tn.jpg
2008.06.27 16:23 B K:\sicherung_webserver_h10__072008\berti-golf.de\public_html\bertichile\macul\_vti_cnf\botellas2.jpg <-- www.berti-golf.de /public_html/bertichile/macul/_vti_cnf botellas2.jpg
2008.06.27 16:23 B K:\sicherung_webserver_h10__072008\berti-golf.de\public_html\bertichile\macul\_vti_cnf\e-g-fass.jpg <-- www.berti-golf.de /public_html/bertichile/macul/_vti_cnf e-g-fass.jpg
2008.06.27 16:24 B K:\sicherung_webserver_h10__072008\berti-golf.de\public_html\bertichile\macul\_vti_cnf\e-g-fass_tn.jpg <-- www.berti-golf.de /public_html/bertichile/macul/_vti_cnf e-g-fass_tn.jpg
2008.06.27 16:24 B K:\sicherung_webserver_h10__072008\berti-golf.de\public_html\bertichile\macul\_vti_cnf\e-g-velas.jpg <-- www.berti-golf.de /public_html/bertichile/macul/_vti_cnf e-g-velas.jpg
2008.06.27 16:24 B K:\sicherung_webserver_h10__072008\berti-golf.de\public_html\bertichile\macul\_vti_cnf\e-g-velas_tn.jpg <-- www.berti-golf.de /public_html/bertichile/macul/_vti_cnf e-g-velas_tn.jpg
2008.06.27 16:24 B K:\sicherung_webserver_h10__072008\berti-golf.de\public_html\bertichile\macul\_vti_cnf\faesser.jpg <-- www.berti-golf.de /public_html/bertichile/macul/_vti_cnf faesser.jpg
2008.06.27 16:24 B K:\sicherung_webserver_h10__072008\berti-golf.de\public_html\bertichile\macul\_vti_cnf\faesser2.jpg <-- www.berti-golf.de /public_html/bertichile/macul/_vti_cnf faesser2.jpg
2008.06.27 16:24 B K:\sicherung_webserver_h10__072008\berti-golf.de\public_html\bertichile\macul\_vti_cnf\faesser2_tn.jpg <-- www.berti-golf.de /public_html/bertichile/macul/_vti_cnf faesser2_tn.jpg
2008.06.27 16:24 B K:\sicherung_webserver_h10__072008\berti-golf.de\public_html\bertichile\macul\_vti_cnf\guni-berti.jpg <-- www.berti-golf.de /public_html/bertichile/macul/_vti_cnf guni-berti.jpg
2008.06.27 16:24 B K:\sicherung_webserver_h10__072008\berti-golf.de\public_html\bertichile\macul\_vti_cnf\guni-berti_tn.jpg <-- www.berti-golf.de /public_html/bertichile/macul/_vti_cnf guni-berti_tn.jpg
2008.06.27 16:24 B K:\sicherung_webserver_h10__072008\berti-golf.de\public_html\bertichile\macul\_vti_cnf\keller1.jpg <-- www.berti-golf.de /public_html/bertichile/macul/_vti_cnf keller1.jpg
2008.06.27 16:24 B K:\sicherung_webserver_h10__072008\berti-golf.de\public_html\bertichile\macul\_vti_cnf\korken.jpg <-- www.berti-golf.de /public_html/bertichile/macul/_vti_cnf korken.jpg
2008.06.27 16:24 B K:\sicherung_webserver_h10__072008\berti-golf.de\public_html\bertichile\macul\_vti_cnf\korken_tn.jpg <-- www.berti-golf.de /public_html/bertichile/macul/_vti_cnf korken_tn.jpg
2008.06.27 16:24 B K:\sicherung_webserver_h10__072008\berti-golf.de\public_html\bertichile\macul\_vti_cnf\macul.html <-- www.berti-golf.de /public_html/bertichile/macul/_vti_cnf macul.html
2008.06.27 16:24 B K:\sicherung_webserver_h10__072008\berti-golf.de\public_html\bertichile\macul\_vti_cnf\padr-korken.jpg <-- www.berti-golf.de /public_html/bertichile/macul/_vti_cnf padr-korken.jpg
2008.06.27 16:24 B K:\sicherung_webserver_h10__072008\berti-golf.de\public_html\bertichile\macul\_vti_cnf\padr-korken_tn.jpg <-- www.berti-golf.de /public_html/bertichile/macul/_vti_cnf padr-korken_tn.jpg
2008.06.27 16:24 B K:\sicherung_webserver_h10__072008\berti-golf.de\public_html\bertichile\macul\_vti_cnf\pflanzen.jpg <-- www.berti-golf.de /public_html/bertichile/macul/_vti_cnf pflanzen.jpg
2008.06.27 16:24 B K:\sicherung_webserver_h10__072008\berti-golf.de\public_html\bertichile\macul\_vti_cnf\pflanzen_tn.jpg <-- www.berti-golf.de /public_html/bertichile/macul/_vti_cnf pflanzen_tn.jpg
2008.06.27 16:24 B K:\sicherung_webserver_h10__072008\berti-golf.de\public_html\bertichile\macul\_vti_cnf\vorlage.html <-- www.berti-golf.de /public_html/bertichile/macul/_vti_cnf vorlage.html
2008.06.27 19:18 B K:\sicherung_webserver_h10__072008\berti-golf.de\public_html\bertichile\macul\_vti_cnf\aco-lagunadeinkas2.jpg --> bertigolfde.h1403220.stratoserver.net /public_html/bertichile/macul/_vti_cnf aco-lagunadeinkas2.jpg
2008.06.27 19:18 B K:\sicherung_webserver_h10__072008\berti-golf.de\public_html\bertichile\macul\_vti_cnf\aco-padres-puente1.jpg --> bertigolfde.h1403220.stratoserver.net /public_html/bertichile/macul/_vti_cnf aco-padres-puente1.jpg
2008.06.27 19:18 B K:\sicherung_webserver_h10__072008\berti-golf.de\public_html\bertichile\macul\_vti_cnf\aco-padres-puente2.jpg --> bertigolfde.h1403220.stratoserver.net /public_html/bertichile/macul/_vti_cnf aco-padres-puente2.jpg
2008.06.27 19:18 B K:\sicherung_webserver_h10__072008\berti-golf.de\public_html\bertichile\macul\_vti_cnf\aco-papel1.jpg --> bertigolfde.h1403220.stratoserver.net /public_html/bertichile/macul/_vti_cnf aco-papel1.jpg
2008.06.27 19:18 B K:\sicherung_webserver_h10__072008\berti-golf.de\public_html\bertichile\macul\_vti_cnf\aco-papel2.jpg --> bertigolfde.h1403220.stratoserver.net /public_html/bertichile/macul/_vti_cnf aco-papel2.jpg
2008.06.27 19:18 B K:\sicherung_webserver_h10__072008\berti-golf.de\public_html\bertichile\macul\_vti_cnf\aco-puente1.jpg --> bertigolfde.h1403220.stratoserver.net /public_html/bertichile/macul/_vti_cnf aco-puente1.jpg
2008.06.27 19:18 B K:\sicherung_webserver_h10__072008\berti-golf.de\public_html\bertichile\macul\_vti_cnf\aco-puente3.jpg --> bertigolfde.h1403220.stratoserver.net /public_html/bertichile/macul/_vti_cnf aco-puente3.jpg
2008.06.27 19:18 B K:\sicherung_webserver_h10__072008\berti-golf.de\public_html\bertichile\macul\_vti_cnf\aco-puentedeinkas1.jpg --> bertigolfde.h1403220.stratoserver.net /public_html/bertichile/macul/_vti_cnf aco-puentedeinkas1.jpg
2008.06.27 19:18 B K:\sicherung_webserver_h10__072008\berti-golf.de\public_html\bertichile\macul\_vti_cnf\aco-puentedeinkas11.jpg --> bertigolfde.h1403220.stratoserver.net /public_html/bertichile/macul/_vti_cnf aco-puentedeinkas11.jpg
2008.06.27 19:18 B K:\sicherung_webserver_h10__072008\berti-golf.de\public_html\bertichile\macul\_vti_cnf\aco-puentedeinkas14.jpg --> bertigolfde.h1403220.stratoserver.net /public_html/bertichile/macul/_vti_cnf aco-puentedeinkas14.jpg
2008.06.27 19:18 B K:\sicherung_webserver_h10__072008\berti-golf.de\public_html\bertichile\macul\_vti_cnf\aco-puentedeinkas16.jpg --> bertigolfde.h1403220.stratoserver.net /public_html/bertichile/macul/_vti_cnf aco-puentedeinkas16.jpg
2008.06.27 19:18 B K:\sicherung_webserver_h10__072008\berti-golf.de\public_html\bertichile\macul\_vti_cnf\aco-puentedeinkas19.jpg --> bertigolfde.h1403220.stratoserver.net /public_html/bertichile/macul/_vti_cnf aco-puentedeinkas19.jpg
2008.06.27 19:18 B K:\sicherung_webserver_h10__072008\berti-golf.de\public_html\bertichile\macul\_vti_cnf\aco-puentedeinkas3.jpg --> bertigolfde.h1403220.stratoserver.net /public_html/bertichile/macul/_vti_cnf aco-puentedeinkas3.jpg
2008.06.27 19:18 B K:\sicherung_webserver_h10__072008\berti-golf.de\public_html\bertichile\macul\_vti_cnf\aco-puentedeinkas6.jpg --> bertigolfde.h1403220.stratoserver.net /public_html/bertichile/macul/_vti_cnf aco-puentedeinkas6.jpg
2008.06.27 19:18 B K:\sicherung_webserver_h10__072008\berti-golf.de\public_html\bertichile\macul\_vti_cnf\aco-puentedeinkas8.jpg --> bertigolfde.h1403220.stratoserver.net /public_html/bertichile/macul/_vti_cnf aco-puentedeinkas8.jpg
2008.06.27 19:18 B K:\sicherung_webserver_h10__072008\berti-golf.de\public_html\bertichile\macul\_vti_cnf\bomba.jpg --> bertigolfde.h1403220.stratoserver.net /public_html/bertichile/macul/_vti_cnf bomba.jpg
2008.06.27 19:18 B K:\sicherung_webserver_h10__072008\berti-golf.de\public_html\bertichile\macul\_vti_cnf\botellas1.jpg --> bertigolfde.h1403220.stratoserver.net /public_html/bertichile/macul/_vti_cnf botellas1.jpg
2008.06.27 19:18 B K:\sicherung_webserver_h10__072008\berti-golf.de\public_html\bertichile\macul\_vti_cnf\botellas1_tn.jpg --> bertigolfde.h1403220.stratoserver.net /public_html/bertichile/macul/_vti_cnf botellas1_tn.jpg
2008.06.27 19:18 B K:\sicherung_webserver_h10__072008\berti-golf.de\public_html\bertichile\macul\_vti_cnf\botellas2.jpg --> bertigolfde.h1403220.stratoserver.net /public_html/bertichile/macul/_vti_cnf botellas2.jpg
2008.06.27 19:18 B K:\sicherung_webserver_h10__072008\berti-golf.de\public_html\bertichile\macul\_vti_cnf\e-g-fass.jpg --> bertigolfde.h1403220.stratoserver.net /public_html/bertichile/macul/_vti_cnf e-g-fass.jpg
2008.06.27 19:18 B K:\sicherung_webserver_h10__072008\berti-golf.de\public_html\bertichile\macul\_vti_cnf\e-g-fass_tn.jpg --> bertigolfde.h1403220.stratoserver.net /public_html/bertichile/macul/_vti_cnf e-g-fass_tn.jpg
2008.06.27 19:18 B K:\sicherung_webserver_h10__072008\berti-golf.de\public_html\bertichile\macul\_vti_cnf\e-g-velas.jpg --> bertigolfde.h1403220.stratoserver.net /public_html/bertichile/macul/_vti_cnf e-g-velas.jpg
2008.06.27 19:18 B K:\sicherung_webserver_h10__072008\berti-golf.de\public_html\bertichile\macul\_vti_cnf\e-g-velas_tn.jpg --> bertigolfde.h1403220.stratoserver.net /public_html/bertichile/macul/_vti_cnf e-g-velas_tn.jpg
2008.06.27 19:18 B K:\sicherung_webserver_h10__072008\berti-golf.de\public_html\bertichile\macul\_vti_cnf\faesser.jpg --> bertigolfde.h1403220.stratoserver.net /public_html/bertichile/macul/_vti_cnf faesser.jpg
2008.06.27 19:18 B K:\sicherung_webserver_h10__072008\berti-golf.de\public_html\bertichile\macul\_vti_cnf\faesser2.jpg --> bertigolfde.h1403220.stratoserver.net /public_html/bertichile/macul/_vti_cnf faesser2.jpg
2008.06.27 19:18 B K:\sicherung_webserver_h10__072008\berti-golf.de\public_html\bertichile\macul\_vti_cnf\faesser2_tn.jpg --> bertigolfde.h1403220.stratoserver.net /public_html/bertichile/macul/_vti_cnf faesser2_tn.jpg
2008.06.27 19:18 B K:\sicherung_webserver_h10__072008\berti-golf.de\public_html\bertichile\macul\_vti_cnf\guni-berti.jpg --> bertigolfde.h1403220.stratoserver.net /public_html/bertichile/macul/_vti_cnf guni-berti.jpg
2008.06.27 19:18 B K:\sicherung_webserver_h10__072008\berti-golf.de\public_html\bertichile\macul\_vti_cnf\guni-berti_tn.jpg --> bertigolfde.h1403220.stratoserver.net /public_html/bertichile/macul/_vti_cnf guni-berti_tn.jpg
2008.06.27 19:18 B K:\sicherung_webserver_h10__072008\berti-golf.de\public_html\bertichile\macul\_vti_cnf\keller1.jpg --> bertigolfde.h1403220.stratoserver.net /public_html/bertichile/macul/_vti_cnf keller1.jpg
2008.06.27 19:18 B K:\sicherung_webserver_h10__072008\berti-golf.de\public_html\bertichile\macul\_vti_cnf\korken.jpg --> bertigolfde.h1403220.stratoserver.net /public_html/bertichile/macul/_vti_cnf korken.jpg
2008.06.27 19:18 B K:\sicherung_webserver_h10__072008\berti-golf.de\public_html\bertichile\macul\_vti_cnf\korken_tn.jpg --> bertigolfde.h1403220.stratoserver.net /public_html/bertichile/macul/_vti_cnf korken_tn.jpg
2008.06.27 19:18 B K:\sicherung_webserver_h10__072008\berti-golf.de\public_html\bertichile\macul\_vti_cnf\macul.html --> bertigolfde.h1403220.stratoserver.net /public_html/bertichile/macul/_vti_cnf macul.html
2008.06.27 19:18 B K:\sicherung_webserver_h10__072008\berti-golf.de\public_html\bertichile\macul\_vti_cnf\padr-korken.jpg --> bertigolfde.h1403220.stratoserver.net /public_html/bertichile/macul/_vti_cnf padr-korken.jpg
2008.06.27 19:18 B K:\sicherung_webserver_h10__072008\berti-golf.de\public_html\bertichile\macul\_vti_cnf\padr-korken_tn.jpg --> bertigolfde.h1403220.stratoserver.net /public_html/bertichile/macul/_vti_cnf padr-korken_tn.jpg
2008.06.27 19:18 B K:\sicherung_webserver_h10__072008\berti-golf.de\public_html\bertichile\macul\_vti_cnf\pflanzen.jpg --> bertigolfde.h1403220.stratoserver.net /public_html/bertichile/macul/_vti_cnf pflanzen.jpg
2008.06.27 19:18 B K:\sicherung_webserver_h10__072008\berti-golf.de\public_html\bertichile\macul\_vti_cnf\pflanzen_tn.jpg --> bertigolfde.h1403220.stratoserver.net /public_html/bertichile/macul/_vti_cnf pflanzen_tn.jpg
2008.06.27 19:18 B K:\sicherung_webserver_h10__072008\berti-golf.de\public_html\bertichile\macul\_vti_cnf\vorlage.html --> bertigolfde.h1403220.stratoserver.net /public_html/bertichile/macul/_vti_cnf vorlage.html
2009.05.01 07:15 B Z:\home\Berti\public_html\www.berti-golf.de\bertichile\macul\_vti_cnf\WS_FTP.LOG <-- bertigolfde.h1403220.stratoserver.net /public_html/bertichile/macul/_vti_cnf WS_FTP.LOG
2009.12.08 18:01 B Z:\home\Berti\public_html\www.berti-golf.de\bertichile\macul\_vti_cnf\aco-lagunadeinkas2.jpg --> h1667152.stratoserver.net /httpdocs/bertichile/macul/_vti_cnf aco-lagunadeinkas2.jpg
2009.12.08 18:01 B Z:\home\Berti\public_html\www.berti-golf.de\bertichile\macul\_vti_cnf\aco-padres-puente1.jpg --> h1667152.stratoserver.net /httpdocs/bertichile/macul/_vti_cnf aco-padres-puente1.jpg
2009.12.08 18:01 B Z:\home\Berti\public_html\www.berti-golf.de\bertichile\macul\_vti_cnf\aco-padres-puente2.jpg --> h1667152.stratoserver.net /httpdocs/bertichile/macul/_vti_cnf aco-padres-puente2.jpg
2009.12.08 18:01 B Z:\home\Berti\public_html\www.berti-golf.de\bertichile\macul\_vti_cnf\aco-papel1.jpg --> h1667152.stratoserver.net /httpdocs/bertichile/macul/_vti_cnf aco-papel1.jpg
2009.12.08 18:01 B Z:\home\Berti\public_html\www.berti-golf.de\bertichile\macul\_vti_cnf\aco-papel2.jpg --> h1667152.stratoserver.net /httpdocs/bertichile/macul/_vti_cnf aco-papel2.jpg
2009.12.08 18:01 B Z:\home\Berti\public_html\www.berti-golf.de\bertichile\macul\_vti_cnf\aco-puente1.jpg --> h1667152.stratoserver.net /httpdocs/bertichile/macul/_vti_cnf aco-puente1.jpg
2009.12.08 18:01 B Z:\home\Berti\public_html\www.berti-golf.de\bertichile\macul\_vti_cnf\aco-puente3.jpg --> h1667152.stratoserver.net /httpdocs/bertichile/macul/_vti_cnf aco-puente3.jpg
2009.12.08 18:01 B Z:\home\Berti\public_html\www.berti-golf.de\bertichile\macul\_vti_cnf\aco-puentedeinkas1.jpg --> h1667152.stratoserver.net /httpdocs/bertichile/macul/_vti_cnf aco-puentedeinkas1.jpg
2009.12.08 18:01 B Z:\home\Berti\public_html\www.berti-golf.de\bertichile\macul\_vti_cnf\aco-puentedeinkas11.jpg --> h1667152.stratoserver.net /httpdocs/bertichile/macul/_vti_cnf aco-puentedeinkas11.jpg
2009.12.08 18:01 B Z:\home\Berti\public_html\www.berti-golf.de\bertichile\macul\_vti_cnf\aco-puentedeinkas14.jpg --> h1667152.stratoserver.net /httpdocs/bertichile/macul/_vti_cnf aco-puentedeinkas14.jpg
2009.12.08 18:01 B Z:\home\Berti\public_html\www.berti-golf.de\bertichile\macul\_vti_cnf\aco-puentedeinkas16.jpg --> h1667152.stratoserver.net /httpdocs/bertichile/macul/_vti_cnf aco-puentedeinkas16.jpg
2009.12.08 18:01 B Z:\home\Berti\public_html\www.berti-golf.de\bertichile\macul\_vti_cnf\aco-puentedeinkas19.jpg --> h1667152.stratoserver.net /httpdocs/bertichile/macul/_vti_cnf aco-puentedeinkas19.jpg
2009.12.08 18:01 B Z:\home\Berti\public_html\www.berti-golf.de\bertichile\macul\_vti_cnf\aco-puentedeinkas3.jpg --> h1667152.stratoserver.net /httpdocs/bertichile/macul/_vti_cnf aco-puentedeinkas3.jpg
2009.12.08 18:01 B Z:\home\Berti\public_html\www.berti-golf.de\bertichile\macul\_vti_cnf\aco-puentedeinkas6.jpg --> h1667152.stratoserver.net /httpdocs/bertichile/macul/_vti_cnf aco-puentedeinkas6.jpg
2009.12.08 18:01 B Z:\home\Berti\public_html\www.berti-golf.de\bertichile\macul\_vti_cnf\aco-puentedeinkas8.jpg --> h1667152.stratoserver.net /httpdocs/bertichile/macul/_vti_cnf aco-puentedeinkas8.jpg
2009.12.08 18:01 B Z:\home\Berti\public_html\www.berti-golf.de\bertichile\macul\_vti_cnf\bomba.jpg --> h1667152.stratoserver.net /httpdocs/bertichile/macul/_vti_cnf bomba.jpg
2009.12.08 18:01 B Z:\home\Berti\public_html\www.berti-golf.de\bertichile\macul\_vti_cnf\botellas1.jpg --> h1667152.stratoserver.net /httpdocs/bertichile/macul/_vti_cnf botellas1.jpg
2009.12.08 18:01 B Z:\home\Berti\public_html\www.berti-golf.de\bertichile\macul\_vti_cnf\botellas1_tn.jpg --> h1667152.stratoserver.net /httpdocs/bertichile/macul/_vti_cnf botellas1_tn.jpg
2009.12.08 18:01 B Z:\home\Berti\public_html\www.berti-golf.de\bertichile\macul\_vti_cnf\botellas2.jpg --> h1667152.stratoserver.net /httpdocs/bertichile/macul/_vti_cnf botellas2.jpg
2009.12.08 18:01 B Z:\home\Berti\public_html\www.berti-golf.de\bertichile\macul\_vti_cnf\e-g-fass.jpg --> h1667152.stratoserver.net /httpdocs/bertichile/macul/_vti_cnf e-g-fass.jpg
2009.12.08 18:01 B Z:\home\Berti\public_html\www.berti-golf.de\bertichile\macul\_vti_cnf\e-g-fass_tn.jpg --> h1667152.stratoserver.net /httpdocs/bertichile/macul/_vti_cnf e-g-fass_tn.jpg
2009.12.08 18:01 B Z:\home\Berti\public_html\www.berti-golf.de\bertichile\macul\_vti_cnf\e-g-velas.jpg --> h1667152.stratoserver.net /httpdocs/bertichile/macul/_vti_cnf e-g-velas.jpg
2009.12.08 18:01 B Z:\home\Berti\public_html\www.berti-golf.de\bertichile\macul\_vti_cnf\e-g-velas_tn.jpg --> h1667152.stratoserver.net /httpdocs/bertichile/macul/_vti_cnf e-g-velas_tn.jpg
2009.12.08 18:01 B Z:\home\Berti\public_html\www.berti-golf.de\bertichile\macul\_vti_cnf\faesser.jpg --> h1667152.stratoserver.net /httpdocs/bertichile/macul/_vti_cnf faesser.jpg
2009.12.08 18:01 B Z:\home\Berti\public_html\www.berti-golf.de\bertichile\macul\_vti_cnf\faesser2.jpg --> h1667152.stratoserver.net /httpdocs/bertichile/macul/_vti_cnf faesser2.jpg
2009.12.08 18:01 B Z:\home\Berti\public_html\www.berti-golf.de\bertichile\macul\_vti_cnf\faesser2_tn.jpg --> h1667152.stratoserver.net /httpdocs/bertichile/macul/_vti_cnf faesser2_tn.jpg
2009.12.08 18:01 B Z:\home\Berti\public_html\www.berti-golf.de\bertichile\macul\_vti_cnf\guni-berti.jpg --> h1667152.stratoserver.net /httpdocs/bertichile/macul/_vti_cnf guni-berti.jpg
2009.12.08 18:01 B Z:\home\Berti\public_html\www.berti-golf.de\bertichile\macul\_vti_cnf\guni-berti_tn.jpg --> h1667152.stratoserver.net /httpdocs/bertichile/macul/_vti_cnf guni-berti_tn.jpg
2009.12.08 18:01 B Z:\home\Berti\public_html\www.berti-golf.de\bertichile\macul\_vti_cnf\keller1.jpg --> h1667152.stratoserver.net /httpdocs/bertichile/macul/_vti_cnf keller1.jpg
2009.12.08 18:01 B Z:\home\Berti\public_html\www.berti-golf.de\bertichile\macul\_vti_cnf\korken.jpg --> h1667152.stratoserver.net /httpdocs/bertichile/macul/_vti_cnf korken.jpg
2009.12.08 18:01 B Z:\home\Berti\public_html\www.berti-golf.de\bertichile\macul\_vti_cnf\korken_tn.jpg --> h1667152.stratoserver.net /httpdocs/bertichile/macul/_vti_cnf korken_tn.jpg
2009.12.08 18:01 B Z:\home\Berti\public_html\www.berti-golf.de\bertichile\macul\_vti_cnf\macul.html --> h1667152.stratoserver.net /httpdocs/bertichile/macul/_vti_cnf macul.html
2009.12.08 18:01 B Z:\home\Berti\public_html\www.berti-golf.de\bertichile\macul\_vti_cnf\padr-korken.jpg --> h1667152.stratoserver.net /httpdocs/bertichile/macul/_vti_cnf padr-korken.jpg
2009.12.08 18:01 B Z:\home\Berti\public_html\www.berti-golf.de\bertichile\macul\_vti_cnf\padr-korken_tn.jpg --> h1667152.stratoserver.net /httpdocs/bertichile/macul/_vti_cnf padr-korken_tn.jpg
2009.12.08 18:01 B Z:\home\Berti\public_html\www.berti-golf.de\bertichile\macul\_vti_cnf\pflanzen.jpg --> h1667152.stratoserver.net /httpdocs/bertichile/macul/_vti_cnf pflanzen.jpg
2009.12.08 18:01 B Z:\home\Berti\public_html\www.berti-golf.de\bertichile\macul\_vti_cnf\pflanzen_tn.jpg --> h1667152.stratoserver.net /httpdocs/bertichile/macul/_vti_cnf pflanzen_tn.jpg
2009.12.08 18:01 B Z:\home\Berti\public_html\www.berti-golf.de\bertichile\macul\_vti_cnf\vorlage.html --> h1667152.stratoserver.net /httpdocs/bertichile/macul/_vti_cnf vorlage.html
