2008.06.27 16:31 B K:\sicherung_webserver_h10__072008\berti-golf.de\public_html\bertichile\pool\_vti_cnf\berti-pool.jpg <-- www.berti-golf.de /public_html/bertichile/pool/_vti_cnf berti-pool.jpg
2008.06.27 16:31 B K:\sicherung_webserver_h10__072008\berti-golf.de\public_html\bertichile\pool\_vti_cnf\berti-pool_tn.jpg <-- www.berti-golf.de /public_html/bertichile/pool/_vti_cnf berti-pool_tn.jpg
2008.06.27 16:31 B K:\sicherung_webserver_h10__072008\berti-golf.de\public_html\bertichile\pool\_vti_cnf\garten.jpg <-- www.berti-golf.de /public_html/bertichile/pool/_vti_cnf garten.jpg
2008.06.27 16:31 B K:\sicherung_webserver_h10__072008\berti-golf.de\public_html\bertichile\pool\_vti_cnf\garten2.jpg <-- www.berti-golf.de /public_html/bertichile/pool/_vti_cnf garten2.jpg
2008.06.27 16:31 B K:\sicherung_webserver_h10__072008\berti-golf.de\public_html\bertichile\pool\_vti_cnf\garten2_tn.jpg <-- www.berti-golf.de /public_html/bertichile/pool/_vti_cnf garten2_tn.jpg
2008.06.27 16:31 B K:\sicherung_webserver_h10__072008\berti-golf.de\public_html\bertichile\pool\_vti_cnf\garten3.jpg <-- www.berti-golf.de /public_html/bertichile/pool/_vti_cnf garten3.jpg
2008.06.27 16:31 B K:\sicherung_webserver_h10__072008\berti-golf.de\public_html\bertichile\pool\_vti_cnf\garten3_tn.jpg <-- www.berti-golf.de /public_html/bertichile/pool/_vti_cnf garten3_tn.jpg
2008.06.27 16:31 B K:\sicherung_webserver_h10__072008\berti-golf.de\public_html\bertichile\pool\_vti_cnf\garten_tn.jpg <-- www.berti-golf.de /public_html/bertichile/pool/_vti_cnf garten_tn.jpg
2008.06.27 16:31 B K:\sicherung_webserver_h10__072008\berti-golf.de\public_html\bertichile\pool\_vti_cnf\pool.html <-- www.berti-golf.de /public_html/bertichile/pool/_vti_cnf pool.html
2008.06.27 16:31 B K:\sicherung_webserver_h10__072008\berti-golf.de\public_html\bertichile\pool\_vti_cnf\pool1.jpg <-- www.berti-golf.de /public_html/bertichile/pool/_vti_cnf pool1.jpg
2008.06.27 16:31 B K:\sicherung_webserver_h10__072008\berti-golf.de\public_html\bertichile\pool\_vti_cnf\pool1_tn.jpg <-- www.berti-golf.de /public_html/bertichile/pool/_vti_cnf pool1_tn.jpg
2008.06.27 16:31 B K:\sicherung_webserver_h10__072008\berti-golf.de\public_html\bertichile\pool\_vti_cnf\pool2.jpg <-- www.berti-golf.de /public_html/bertichile/pool/_vti_cnf pool2.jpg
2008.06.27 16:31 B K:\sicherung_webserver_h10__072008\berti-golf.de\public_html\bertichile\pool\_vti_cnf\pool2_tn.jpg <-- www.berti-golf.de /public_html/bertichile/pool/_vti_cnf pool2_tn.jpg
2008.06.27 16:31 B K:\sicherung_webserver_h10__072008\berti-golf.de\public_html\bertichile\pool\_vti_cnf\pool3.jpg <-- www.berti-golf.de /public_html/bertichile/pool/_vti_cnf pool3.jpg
2008.06.27 16:31 B K:\sicherung_webserver_h10__072008\berti-golf.de\public_html\bertichile\pool\_vti_cnf\pool3_tn.jpg <-- www.berti-golf.de /public_html/bertichile/pool/_vti_cnf pool3_tn.jpg
2008.06.27 16:31 B K:\sicherung_webserver_h10__072008\berti-golf.de\public_html\bertichile\pool\_vti_cnf\pool4.jpg <-- www.berti-golf.de /public_html/bertichile/pool/_vti_cnf pool4.jpg
2008.06.27 16:31 B K:\sicherung_webserver_h10__072008\berti-golf.de\public_html\bertichile\pool\_vti_cnf\pool4_tn.jpg <-- www.berti-golf.de /public_html/bertichile/pool/_vti_cnf pool4_tn.jpg
2008.06.27 16:31 B K:\sicherung_webserver_h10__072008\berti-golf.de\public_html\bertichile\pool\_vti_cnf\vorlage.html <-- www.berti-golf.de /public_html/bertichile/pool/_vti_cnf vorlage.html
2008.06.27 19:27 B K:\sicherung_webserver_h10__072008\berti-golf.de\public_html\bertichile\pool\_vti_cnf\berti-pool.jpg --> bertigolfde.h1403220.stratoserver.net /public_html/bertichile/pool/_vti_cnf berti-pool.jpg
2008.06.27 19:27 B K:\sicherung_webserver_h10__072008\berti-golf.de\public_html\bertichile\pool\_vti_cnf\berti-pool_tn.jpg --> bertigolfde.h1403220.stratoserver.net /public_html/bertichile/pool/_vti_cnf berti-pool_tn.jpg
2008.06.27 19:27 B K:\sicherung_webserver_h10__072008\berti-golf.de\public_html\bertichile\pool\_vti_cnf\garten.jpg --> bertigolfde.h1403220.stratoserver.net /public_html/bertichile/pool/_vti_cnf garten.jpg
2008.06.27 19:27 B K:\sicherung_webserver_h10__072008\berti-golf.de\public_html\bertichile\pool\_vti_cnf\garten2.jpg --> bertigolfde.h1403220.stratoserver.net /public_html/bertichile/pool/_vti_cnf garten2.jpg
2008.06.27 19:27 B K:\sicherung_webserver_h10__072008\berti-golf.de\public_html\bertichile\pool\_vti_cnf\garten2_tn.jpg --> bertigolfde.h1403220.stratoserver.net /public_html/bertichile/pool/_vti_cnf garten2_tn.jpg
2008.06.27 19:27 B K:\sicherung_webserver_h10__072008\berti-golf.de\public_html\bertichile\pool\_vti_cnf\garten3.jpg --> bertigolfde.h1403220.stratoserver.net /public_html/bertichile/pool/_vti_cnf garten3.jpg
2008.06.27 19:27 B K:\sicherung_webserver_h10__072008\berti-golf.de\public_html\bertichile\pool\_vti_cnf\garten3_tn.jpg --> bertigolfde.h1403220.stratoserver.net /public_html/bertichile/pool/_vti_cnf garten3_tn.jpg
2008.06.27 19:27 B K:\sicherung_webserver_h10__072008\berti-golf.de\public_html\bertichile\pool\_vti_cnf\garten_tn.jpg --> bertigolfde.h1403220.stratoserver.net /public_html/bertichile/pool/_vti_cnf garten_tn.jpg
2008.06.27 19:27 B K:\sicherung_webserver_h10__072008\berti-golf.de\public_html\bertichile\pool\_vti_cnf\pool.html --> bertigolfde.h1403220.stratoserver.net /public_html/bertichile/pool/_vti_cnf pool.html
2008.06.27 19:27 B K:\sicherung_webserver_h10__072008\berti-golf.de\public_html\bertichile\pool\_vti_cnf\pool1.jpg --> bertigolfde.h1403220.stratoserver.net /public_html/bertichile/pool/_vti_cnf pool1.jpg
2008.06.27 19:27 B K:\sicherung_webserver_h10__072008\berti-golf.de\public_html\bertichile\pool\_vti_cnf\pool1_tn.jpg --> bertigolfde.h1403220.stratoserver.net /public_html/bertichile/pool/_vti_cnf pool1_tn.jpg
2008.06.27 19:27 B K:\sicherung_webserver_h10__072008\berti-golf.de\public_html\bertichile\pool\_vti_cnf\pool2.jpg --> bertigolfde.h1403220.stratoserver.net /public_html/bertichile/pool/_vti_cnf pool2.jpg
2008.06.27 19:27 B K:\sicherung_webserver_h10__072008\berti-golf.de\public_html\bertichile\pool\_vti_cnf\pool2_tn.jpg --> bertigolfde.h1403220.stratoserver.net /public_html/bertichile/pool/_vti_cnf pool2_tn.jpg
2008.06.27 19:27 B K:\sicherung_webserver_h10__072008\berti-golf.de\public_html\bertichile\pool\_vti_cnf\pool3.jpg --> bertigolfde.h1403220.stratoserver.net /public_html/bertichile/pool/_vti_cnf pool3.jpg
2008.06.27 19:27 B K:\sicherung_webserver_h10__072008\berti-golf.de\public_html\bertichile\pool\_vti_cnf\pool3_tn.jpg --> bertigolfde.h1403220.stratoserver.net /public_html/bertichile/pool/_vti_cnf pool3_tn.jpg
2008.06.27 19:27 B K:\sicherung_webserver_h10__072008\berti-golf.de\public_html\bertichile\pool\_vti_cnf\pool4.jpg --> bertigolfde.h1403220.stratoserver.net /public_html/bertichile/pool/_vti_cnf pool4.jpg
2008.06.27 19:27 B K:\sicherung_webserver_h10__072008\berti-golf.de\public_html\bertichile\pool\_vti_cnf\pool4_tn.jpg --> bertigolfde.h1403220.stratoserver.net /public_html/bertichile/pool/_vti_cnf pool4_tn.jpg
2008.06.27 19:27 B K:\sicherung_webserver_h10__072008\berti-golf.de\public_html\bertichile\pool\_vti_cnf\vorlage.html --> bertigolfde.h1403220.stratoserver.net /public_html/bertichile/pool/_vti_cnf vorlage.html
2009.05.01 07:20 B Z:\home\Berti\public_html\www.berti-golf.de\bertichile\pool\_vti_cnf\WS_FTP.LOG <-- bertigolfde.h1403220.stratoserver.net /public_html/bertichile/pool/_vti_cnf WS_FTP.LOG
2009.12.08 18:05 B Z:\home\Berti\public_html\www.berti-golf.de\bertichile\pool\_vti_cnf\berti-pool.jpg --> h1667152.stratoserver.net /httpdocs/bertichile/pool/_vti_cnf berti-pool.jpg
2009.12.08 18:05 B Z:\home\Berti\public_html\www.berti-golf.de\bertichile\pool\_vti_cnf\berti-pool_tn.jpg --> h1667152.stratoserver.net /httpdocs/bertichile/pool/_vti_cnf berti-pool_tn.jpg
2009.12.08 18:05 B Z:\home\Berti\public_html\www.berti-golf.de\bertichile\pool\_vti_cnf\garten.jpg --> h1667152.stratoserver.net /httpdocs/bertichile/pool/_vti_cnf garten.jpg
2009.12.08 18:05 B Z:\home\Berti\public_html\www.berti-golf.de\bertichile\pool\_vti_cnf\garten2.jpg --> h1667152.stratoserver.net /httpdocs/bertichile/pool/_vti_cnf garten2.jpg
2009.12.08 18:05 B Z:\home\Berti\public_html\www.berti-golf.de\bertichile\pool\_vti_cnf\garten2_tn.jpg --> h1667152.stratoserver.net /httpdocs/bertichile/pool/_vti_cnf garten2_tn.jpg
2009.12.08 18:05 B Z:\home\Berti\public_html\www.berti-golf.de\bertichile\pool\_vti_cnf\garten3.jpg --> h1667152.stratoserver.net /httpdocs/bertichile/pool/_vti_cnf garten3.jpg
2009.12.08 18:05 B Z:\home\Berti\public_html\www.berti-golf.de\bertichile\pool\_vti_cnf\garten3_tn.jpg --> h1667152.stratoserver.net /httpdocs/bertichile/pool/_vti_cnf garten3_tn.jpg
2009.12.08 18:05 B Z:\home\Berti\public_html\www.berti-golf.de\bertichile\pool\_vti_cnf\garten_tn.jpg --> h1667152.stratoserver.net /httpdocs/bertichile/pool/_vti_cnf garten_tn.jpg
2009.12.08 18:05 B Z:\home\Berti\public_html\www.berti-golf.de\bertichile\pool\_vti_cnf\pool.html --> h1667152.stratoserver.net /httpdocs/bertichile/pool/_vti_cnf pool.html
2009.12.08 18:05 B Z:\home\Berti\public_html\www.berti-golf.de\bertichile\pool\_vti_cnf\pool1.jpg --> h1667152.stratoserver.net /httpdocs/bertichile/pool/_vti_cnf pool1.jpg
2009.12.08 18:05 B Z:\home\Berti\public_html\www.berti-golf.de\bertichile\pool\_vti_cnf\pool1_tn.jpg --> h1667152.stratoserver.net /httpdocs/bertichile/pool/_vti_cnf pool1_tn.jpg
2009.12.08 18:05 B Z:\home\Berti\public_html\www.berti-golf.de\bertichile\pool\_vti_cnf\pool2.jpg --> h1667152.stratoserver.net /httpdocs/bertichile/pool/_vti_cnf pool2.jpg
2009.12.08 18:05 B Z:\home\Berti\public_html\www.berti-golf.de\bertichile\pool\_vti_cnf\pool2_tn.jpg --> h1667152.stratoserver.net /httpdocs/bertichile/pool/_vti_cnf pool2_tn.jpg
2009.12.08 18:05 B Z:\home\Berti\public_html\www.berti-golf.de\bertichile\pool\_vti_cnf\pool3.jpg --> h1667152.stratoserver.net /httpdocs/bertichile/pool/_vti_cnf pool3.jpg
2009.12.08 18:05 B Z:\home\Berti\public_html\www.berti-golf.de\bertichile\pool\_vti_cnf\pool3_tn.jpg --> h1667152.stratoserver.net /httpdocs/bertichile/pool/_vti_cnf pool3_tn.jpg
2009.12.08 18:05 B Z:\home\Berti\public_html\www.berti-golf.de\bertichile\pool\_vti_cnf\pool4.jpg --> h1667152.stratoserver.net /httpdocs/bertichile/pool/_vti_cnf pool4.jpg
2009.12.08 18:05 B Z:\home\Berti\public_html\www.berti-golf.de\bertichile\pool\_vti_cnf\pool4_tn.jpg --> h1667152.stratoserver.net /httpdocs/bertichile/pool/_vti_cnf pool4_tn.jpg
2009.12.08 18:05 B Z:\home\Berti\public_html\www.berti-golf.de\bertichile\pool\_vti_cnf\vorlage.html --> h1667152.stratoserver.net /httpdocs/bertichile/pool/_vti_cnf vorlage.html
