2008.06.27 16:32 B K:\sicherung_webserver_h10__072008\berti-golf.de\public_html\bertichile\portillo0800\b-c1.jpg <-- www.berti-golf.de /public_html/bertichile/portillo0800 b-c1.jpg
2008.06.27 16:32 B K:\sicherung_webserver_h10__072008\berti-golf.de\public_html\bertichile\portillo0800\b-c1_tn.jpg <-- www.berti-golf.de /public_html/bertichile/portillo0800 b-c1_tn.jpg
2008.06.27 16:32 B K:\sicherung_webserver_h10__072008\berti-golf.de\public_html\bertichile\portillo0800\co1.jpg <-- www.berti-golf.de /public_html/bertichile/portillo0800 co1.jpg
2008.06.27 16:32 B K:\sicherung_webserver_h10__072008\berti-golf.de\public_html\bertichile\portillo0800\co1_tn.jpg <-- www.berti-golf.de /public_html/bertichile/portillo0800 co1_tn.jpg
2008.06.27 16:32 B K:\sicherung_webserver_h10__072008\berti-golf.de\public_html\bertichile\portillo0800\co3.jpg <-- www.berti-golf.de /public_html/bertichile/portillo0800 co3.jpg
2008.06.27 16:32 B K:\sicherung_webserver_h10__072008\berti-golf.de\public_html\bertichile\portillo0800\co3_tn.jpg <-- www.berti-golf.de /public_html/bertichile/portillo0800 co3_tn.jpg
2008.06.27 16:32 B K:\sicherung_webserver_h10__072008\berti-golf.de\public_html\bertichile\portillo0800\co5.jpg <-- www.berti-golf.de /public_html/bertichile/portillo0800 co5.jpg
2008.06.27 16:32 B K:\sicherung_webserver_h10__072008\berti-golf.de\public_html\bertichile\portillo0800\co5_tn.jpg <-- www.berti-golf.de /public_html/bertichile/portillo0800 co5_tn.jpg
2008.06.27 16:32 B K:\sicherung_webserver_h10__072008\berti-golf.de\public_html\bertichile\portillo0800\jeep1.jpg <-- www.berti-golf.de /public_html/bertichile/portillo0800 jeep1.jpg
2008.06.27 16:32 B K:\sicherung_webserver_h10__072008\berti-golf.de\public_html\bertichile\portillo0800\jeep1_tn.jpg <-- www.berti-golf.de /public_html/bertichile/portillo0800 jeep1_tn.jpg
2008.06.27 16:32 B K:\sicherung_webserver_h10__072008\berti-golf.de\public_html\bertichile\portillo0800\lift3.jpg <-- www.berti-golf.de /public_html/bertichile/portillo0800 lift3.jpg
2008.06.27 16:32 B K:\sicherung_webserver_h10__072008\berti-golf.de\public_html\bertichile\portillo0800\lift3_tn.jpg <-- www.berti-golf.de /public_html/bertichile/portillo0800 lift3_tn.jpg
2008.06.27 16:32 B K:\sicherung_webserver_h10__072008\berti-golf.de\public_html\bertichile\portillo0800\lift4.jpg <-- www.berti-golf.de /public_html/bertichile/portillo0800 lift4.jpg
2008.06.27 16:32 B K:\sicherung_webserver_h10__072008\berti-golf.de\public_html\bertichile\portillo0800\lift4_tn.jpg <-- www.berti-golf.de /public_html/bertichile/portillo0800 lift4_tn.jpg
2008.06.27 16:32 B K:\sicherung_webserver_h10__072008\berti-golf.de\public_html\bertichile\portillo0800\nieve2.jpg <-- www.berti-golf.de /public_html/bertichile/portillo0800 nieve2.jpg
2008.06.27 16:32 B K:\sicherung_webserver_h10__072008\berti-golf.de\public_html\bertichile\portillo0800\nieve2_tn.jpg <-- www.berti-golf.de /public_html/bertichile/portillo0800 nieve2_tn.jpg
2008.06.27 16:32 B K:\sicherung_webserver_h10__072008\berti-golf.de\public_html\bertichile\portillo0800\por.html <-- www.berti-golf.de /public_html/bertichile/portillo0800 por.html
2008.06.27 16:32 B K:\sicherung_webserver_h10__072008\berti-golf.de\public_html\bertichile\portillo0800\por1.jpg <-- www.berti-golf.de /public_html/bertichile/portillo0800 por1.jpg
2008.06.27 16:32 B K:\sicherung_webserver_h10__072008\berti-golf.de\public_html\bertichile\portillo0800\por10.jpg <-- www.berti-golf.de /public_html/bertichile/portillo0800 por10.jpg
2008.06.27 16:32 B K:\sicherung_webserver_h10__072008\berti-golf.de\public_html\bertichile\portillo0800\por10_tn.jpg <-- www.berti-golf.de /public_html/bertichile/portillo0800 por10_tn.jpg
2008.06.27 16:32 B K:\sicherung_webserver_h10__072008\berti-golf.de\public_html\bertichile\portillo0800\por1_tn.jpg <-- www.berti-golf.de /public_html/bertichile/portillo0800 por1_tn.jpg
2008.06.27 16:32 B K:\sicherung_webserver_h10__072008\berti-golf.de\public_html\bertichile\portillo0800\por2.jpg <-- www.berti-golf.de /public_html/bertichile/portillo0800 por2.jpg
2008.06.27 16:32 B K:\sicherung_webserver_h10__072008\berti-golf.de\public_html\bertichile\portillo0800\por2_tn.jpg <-- www.berti-golf.de /public_html/bertichile/portillo0800 por2_tn.jpg
2008.06.27 16:32 B K:\sicherung_webserver_h10__072008\berti-golf.de\public_html\bertichile\portillo0800\por4.jpg <-- www.berti-golf.de /public_html/bertichile/portillo0800 por4.jpg
2008.06.27 16:32 B K:\sicherung_webserver_h10__072008\berti-golf.de\public_html\bertichile\portillo0800\por4_tn.jpg <-- www.berti-golf.de /public_html/bertichile/portillo0800 por4_tn.jpg
2008.06.27 16:32 B K:\sicherung_webserver_h10__072008\berti-golf.de\public_html\bertichile\portillo0800\por5.jpg <-- www.berti-golf.de /public_html/bertichile/portillo0800 por5.jpg
2008.06.27 16:32 B K:\sicherung_webserver_h10__072008\berti-golf.de\public_html\bertichile\portillo0800\por5_tn.jpg <-- www.berti-golf.de /public_html/bertichile/portillo0800 por5_tn.jpg
2008.06.27 16:32 B K:\sicherung_webserver_h10__072008\berti-golf.de\public_html\bertichile\portillo0800\por7.jpg <-- www.berti-golf.de /public_html/bertichile/portillo0800 por7.jpg
2008.06.27 16:32 B K:\sicherung_webserver_h10__072008\berti-golf.de\public_html\bertichile\portillo0800\por7_tn.jpg <-- www.berti-golf.de /public_html/bertichile/portillo0800 por7_tn.jpg
2008.06.27 16:32 B K:\sicherung_webserver_h10__072008\berti-golf.de\public_html\bertichile\portillo0800\por9.jpg <-- www.berti-golf.de /public_html/bertichile/portillo0800 por9.jpg
2008.06.27 16:32 B K:\sicherung_webserver_h10__072008\berti-golf.de\public_html\bertichile\portillo0800\por9_tn.jpg <-- www.berti-golf.de /public_html/bertichile/portillo0800 por9_tn.jpg
2008.06.27 16:32 B K:\sicherung_webserver_h10__072008\berti-golf.de\public_html\bertichile\portillo0800\vino2.jpg <-- www.berti-golf.de /public_html/bertichile/portillo0800 vino2.jpg
2008.06.27 16:32 B K:\sicherung_webserver_h10__072008\berti-golf.de\public_html\bertichile\portillo0800\vino2_tn.jpg <-- www.berti-golf.de /public_html/bertichile/portillo0800 vino2_tn.jpg
2008.06.27 19:28 B K:\sicherung_webserver_h10__072008\berti-golf.de\public_html\bertichile\portillo0800\b-c1.jpg --> bertigolfde.h1403220.stratoserver.net /public_html/bertichile/portillo0800 b-c1.jpg
2008.06.27 19:28 B K:\sicherung_webserver_h10__072008\berti-golf.de\public_html\bertichile\portillo0800\b-c1_tn.jpg --> bertigolfde.h1403220.stratoserver.net /public_html/bertichile/portillo0800 b-c1_tn.jpg
2008.06.27 19:28 B K:\sicherung_webserver_h10__072008\berti-golf.de\public_html\bertichile\portillo0800\co1.jpg --> bertigolfde.h1403220.stratoserver.net /public_html/bertichile/portillo0800 co1.jpg
2008.06.27 19:28 B K:\sicherung_webserver_h10__072008\berti-golf.de\public_html\bertichile\portillo0800\co1_tn.jpg --> bertigolfde.h1403220.stratoserver.net /public_html/bertichile/portillo0800 co1_tn.jpg
2008.06.27 19:28 B K:\sicherung_webserver_h10__072008\berti-golf.de\public_html\bertichile\portillo0800\co3.jpg --> bertigolfde.h1403220.stratoserver.net /public_html/bertichile/portillo0800 co3.jpg
2008.06.27 19:28 B K:\sicherung_webserver_h10__072008\berti-golf.de\public_html\bertichile\portillo0800\co3_tn.jpg --> bertigolfde.h1403220.stratoserver.net /public_html/bertichile/portillo0800 co3_tn.jpg
2008.06.27 19:28 B K:\sicherung_webserver_h10__072008\berti-golf.de\public_html\bertichile\portillo0800\co5.jpg --> bertigolfde.h1403220.stratoserver.net /public_html/bertichile/portillo0800 co5.jpg
2008.06.27 19:28 B K:\sicherung_webserver_h10__072008\berti-golf.de\public_html\bertichile\portillo0800\co5_tn.jpg --> bertigolfde.h1403220.stratoserver.net /public_html/bertichile/portillo0800 co5_tn.jpg
2008.06.27 19:28 B K:\sicherung_webserver_h10__072008\berti-golf.de\public_html\bertichile\portillo0800\jeep1.jpg --> bertigolfde.h1403220.stratoserver.net /public_html/bertichile/portillo0800 jeep1.jpg
2008.06.27 19:28 B K:\sicherung_webserver_h10__072008\berti-golf.de\public_html\bertichile\portillo0800\jeep1_tn.jpg --> bertigolfde.h1403220.stratoserver.net /public_html/bertichile/portillo0800 jeep1_tn.jpg
2008.06.27 19:28 B K:\sicherung_webserver_h10__072008\berti-golf.de\public_html\bertichile\portillo0800\lift3.jpg --> bertigolfde.h1403220.stratoserver.net /public_html/bertichile/portillo0800 lift3.jpg
2008.06.27 19:28 B K:\sicherung_webserver_h10__072008\berti-golf.de\public_html\bertichile\portillo0800\lift3_tn.jpg --> bertigolfde.h1403220.stratoserver.net /public_html/bertichile/portillo0800 lift3_tn.jpg
2008.06.27 19:28 B K:\sicherung_webserver_h10__072008\berti-golf.de\public_html\bertichile\portillo0800\lift4.jpg --> bertigolfde.h1403220.stratoserver.net /public_html/bertichile/portillo0800 lift4.jpg
2008.06.27 19:28 B K:\sicherung_webserver_h10__072008\berti-golf.de\public_html\bertichile\portillo0800\lift4_tn.jpg --> bertigolfde.h1403220.stratoserver.net /public_html/bertichile/portillo0800 lift4_tn.jpg
2008.06.27 19:28 B K:\sicherung_webserver_h10__072008\berti-golf.de\public_html\bertichile\portillo0800\nieve2.jpg --> bertigolfde.h1403220.stratoserver.net /public_html/bertichile/portillo0800 nieve2.jpg
2008.06.27 19:28 B K:\sicherung_webserver_h10__072008\berti-golf.de\public_html\bertichile\portillo0800\nieve2_tn.jpg --> bertigolfde.h1403220.stratoserver.net /public_html/bertichile/portillo0800 nieve2_tn.jpg
2008.06.27 19:28 B K:\sicherung_webserver_h10__072008\berti-golf.de\public_html\bertichile\portillo0800\por.html --> bertigolfde.h1403220.stratoserver.net /public_html/bertichile/portillo0800 por.html
2008.06.27 19:28 B K:\sicherung_webserver_h10__072008\berti-golf.de\public_html\bertichile\portillo0800\por1.jpg --> bertigolfde.h1403220.stratoserver.net /public_html/bertichile/portillo0800 por1.jpg
2008.06.27 19:28 B K:\sicherung_webserver_h10__072008\berti-golf.de\public_html\bertichile\portillo0800\por10.jpg --> bertigolfde.h1403220.stratoserver.net /public_html/bertichile/portillo0800 por10.jpg
2008.06.27 19:28 B K:\sicherung_webserver_h10__072008\berti-golf.de\public_html\bertichile\portillo0800\por10_tn.jpg --> bertigolfde.h1403220.stratoserver.net /public_html/bertichile/portillo0800 por10_tn.jpg
2008.06.27 19:28 B K:\sicherung_webserver_h10__072008\berti-golf.de\public_html\bertichile\portillo0800\por1_tn.jpg --> bertigolfde.h1403220.stratoserver.net /public_html/bertichile/portillo0800 por1_tn.jpg
2008.06.27 19:28 B K:\sicherung_webserver_h10__072008\berti-golf.de\public_html\bertichile\portillo0800\por2.jpg --> bertigolfde.h1403220.stratoserver.net /public_html/bertichile/portillo0800 por2.jpg
2008.06.27 19:28 B K:\sicherung_webserver_h10__072008\berti-golf.de\public_html\bertichile\portillo0800\por2_tn.jpg --> bertigolfde.h1403220.stratoserver.net /public_html/bertichile/portillo0800 por2_tn.jpg
2008.06.27 19:28 B K:\sicherung_webserver_h10__072008\berti-golf.de\public_html\bertichile\portillo0800\por4.jpg --> bertigolfde.h1403220.stratoserver.net /public_html/bertichile/portillo0800 por4.jpg
2008.06.27 19:28 B K:\sicherung_webserver_h10__072008\berti-golf.de\public_html\bertichile\portillo0800\por4_tn.jpg --> bertigolfde.h1403220.stratoserver.net /public_html/bertichile/portillo0800 por4_tn.jpg
2008.06.27 19:28 B K:\sicherung_webserver_h10__072008\berti-golf.de\public_html\bertichile\portillo0800\por5.jpg --> bertigolfde.h1403220.stratoserver.net /public_html/bertichile/portillo0800 por5.jpg
2008.06.27 19:28 B K:\sicherung_webserver_h10__072008\berti-golf.de\public_html\bertichile\portillo0800\por5_tn.jpg --> bertigolfde.h1403220.stratoserver.net /public_html/bertichile/portillo0800 por5_tn.jpg
2008.06.27 19:28 B K:\sicherung_webserver_h10__072008\berti-golf.de\public_html\bertichile\portillo0800\por7.jpg --> bertigolfde.h1403220.stratoserver.net /public_html/bertichile/portillo0800 por7.jpg
2008.06.27 19:28 B K:\sicherung_webserver_h10__072008\berti-golf.de\public_html\bertichile\portillo0800\por7_tn.jpg --> bertigolfde.h1403220.stratoserver.net /public_html/bertichile/portillo0800 por7_tn.jpg
2008.06.27 19:28 B K:\sicherung_webserver_h10__072008\berti-golf.de\public_html\bertichile\portillo0800\por9.jpg --> bertigolfde.h1403220.stratoserver.net /public_html/bertichile/portillo0800 por9.jpg
2008.06.27 19:28 B K:\sicherung_webserver_h10__072008\berti-golf.de\public_html\bertichile\portillo0800\por9_tn.jpg --> bertigolfde.h1403220.stratoserver.net /public_html/bertichile/portillo0800 por9_tn.jpg
2008.06.27 19:28 B K:\sicherung_webserver_h10__072008\berti-golf.de\public_html\bertichile\portillo0800\vino2.jpg --> bertigolfde.h1403220.stratoserver.net /public_html/bertichile/portillo0800 vino2.jpg
2008.06.27 19:28 B K:\sicherung_webserver_h10__072008\berti-golf.de\public_html\bertichile\portillo0800\vino2_tn.jpg --> bertigolfde.h1403220.stratoserver.net /public_html/bertichile/portillo0800 vino2_tn.jpg
2009.05.01 07:21 B Z:\home\Berti\public_html\www.berti-golf.de\bertichile\portillo0800\WS_FTP.LOG <-- bertigolfde.h1403220.stratoserver.net /public_html/bertichile/portillo0800 WS_FTP.LOG
2009.12.08 18:05 B Z:\home\Berti\public_html\www.berti-golf.de\bertichile\portillo0800\b-c1.jpg --> h1667152.stratoserver.net /httpdocs/bertichile/portillo0800 b-c1.jpg
2009.12.08 18:05 B Z:\home\Berti\public_html\www.berti-golf.de\bertichile\portillo0800\b-c1_tn.jpg --> h1667152.stratoserver.net /httpdocs/bertichile/portillo0800 b-c1_tn.jpg
2009.12.08 18:05 B Z:\home\Berti\public_html\www.berti-golf.de\bertichile\portillo0800\co1.jpg --> h1667152.stratoserver.net /httpdocs/bertichile/portillo0800 co1.jpg
2009.12.08 18:05 B Z:\home\Berti\public_html\www.berti-golf.de\bertichile\portillo0800\co1_tn.jpg --> h1667152.stratoserver.net /httpdocs/bertichile/portillo0800 co1_tn.jpg
2009.12.08 18:05 B Z:\home\Berti\public_html\www.berti-golf.de\bertichile\portillo0800\co3.jpg --> h1667152.stratoserver.net /httpdocs/bertichile/portillo0800 co3.jpg
2009.12.08 18:05 B Z:\home\Berti\public_html\www.berti-golf.de\bertichile\portillo0800\co3_tn.jpg --> h1667152.stratoserver.net /httpdocs/bertichile/portillo0800 co3_tn.jpg
2009.12.08 18:05 B Z:\home\Berti\public_html\www.berti-golf.de\bertichile\portillo0800\co5.jpg --> h1667152.stratoserver.net /httpdocs/bertichile/portillo0800 co5.jpg
2009.12.08 18:05 B Z:\home\Berti\public_html\www.berti-golf.de\bertichile\portillo0800\co5_tn.jpg --> h1667152.stratoserver.net /httpdocs/bertichile/portillo0800 co5_tn.jpg
2009.12.08 18:05 B Z:\home\Berti\public_html\www.berti-golf.de\bertichile\portillo0800\jeep1.jpg --> h1667152.stratoserver.net /httpdocs/bertichile/portillo0800 jeep1.jpg
2009.12.08 18:05 B Z:\home\Berti\public_html\www.berti-golf.de\bertichile\portillo0800\jeep1_tn.jpg --> h1667152.stratoserver.net /httpdocs/bertichile/portillo0800 jeep1_tn.jpg
2009.12.08 18:05 B Z:\home\Berti\public_html\www.berti-golf.de\bertichile\portillo0800\lift3.jpg --> h1667152.stratoserver.net /httpdocs/bertichile/portillo0800 lift3.jpg
2009.12.08 18:05 B Z:\home\Berti\public_html\www.berti-golf.de\bertichile\portillo0800\lift3_tn.jpg --> h1667152.stratoserver.net /httpdocs/bertichile/portillo0800 lift3_tn.jpg
2009.12.08 18:05 B Z:\home\Berti\public_html\www.berti-golf.de\bertichile\portillo0800\lift4.jpg --> h1667152.stratoserver.net /httpdocs/bertichile/portillo0800 lift4.jpg
2009.12.08 18:05 B Z:\home\Berti\public_html\www.berti-golf.de\bertichile\portillo0800\lift4_tn.jpg --> h1667152.stratoserver.net /httpdocs/bertichile/portillo0800 lift4_tn.jpg
2009.12.08 18:05 B Z:\home\Berti\public_html\www.berti-golf.de\bertichile\portillo0800\nieve2.jpg --> h1667152.stratoserver.net /httpdocs/bertichile/portillo0800 nieve2.jpg
2009.12.08 18:05 B Z:\home\Berti\public_html\www.berti-golf.de\bertichile\portillo0800\nieve2_tn.jpg --> h1667152.stratoserver.net /httpdocs/bertichile/portillo0800 nieve2_tn.jpg
2009.12.08 18:05 B Z:\home\Berti\public_html\www.berti-golf.de\bertichile\portillo0800\por.html --> h1667152.stratoserver.net /httpdocs/bertichile/portillo0800 por.html
2009.12.08 18:05 B Z:\home\Berti\public_html\www.berti-golf.de\bertichile\portillo0800\por1.jpg --> h1667152.stratoserver.net /httpdocs/bertichile/portillo0800 por1.jpg
2009.12.08 18:05 B Z:\home\Berti\public_html\www.berti-golf.de\bertichile\portillo0800\por10.jpg --> h1667152.stratoserver.net /httpdocs/bertichile/portillo0800 por10.jpg
2009.12.08 18:05 B Z:\home\Berti\public_html\www.berti-golf.de\bertichile\portillo0800\por10_tn.jpg --> h1667152.stratoserver.net /httpdocs/bertichile/portillo0800 por10_tn.jpg
2009.12.08 18:05 B Z:\home\Berti\public_html\www.berti-golf.de\bertichile\portillo0800\por1_tn.jpg --> h1667152.stratoserver.net /httpdocs/bertichile/portillo0800 por1_tn.jpg
2009.12.08 18:05 B Z:\home\Berti\public_html\www.berti-golf.de\bertichile\portillo0800\por2.jpg --> h1667152.stratoserver.net /httpdocs/bertichile/portillo0800 por2.jpg
2009.12.08 18:05 B Z:\home\Berti\public_html\www.berti-golf.de\bertichile\portillo0800\por2_tn.jpg --> h1667152.stratoserver.net /httpdocs/bertichile/portillo0800 por2_tn.jpg
2009.12.08 18:05 B Z:\home\Berti\public_html\www.berti-golf.de\bertichile\portillo0800\por4.jpg --> h1667152.stratoserver.net /httpdocs/bertichile/portillo0800 por4.jpg
2009.12.08 18:05 B Z:\home\Berti\public_html\www.berti-golf.de\bertichile\portillo0800\por4_tn.jpg --> h1667152.stratoserver.net /httpdocs/bertichile/portillo0800 por4_tn.jpg
2009.12.08 18:05 B Z:\home\Berti\public_html\www.berti-golf.de\bertichile\portillo0800\por5.jpg --> h1667152.stratoserver.net /httpdocs/bertichile/portillo0800 por5.jpg
2009.12.08 18:05 B Z:\home\Berti\public_html\www.berti-golf.de\bertichile\portillo0800\por5_tn.jpg --> h1667152.stratoserver.net /httpdocs/bertichile/portillo0800 por5_tn.jpg
2009.12.08 18:05 B Z:\home\Berti\public_html\www.berti-golf.de\bertichile\portillo0800\por7.jpg --> h1667152.stratoserver.net /httpdocs/bertichile/portillo0800 por7.jpg
2009.12.08 18:05 B Z:\home\Berti\public_html\www.berti-golf.de\bertichile\portillo0800\por7_tn.jpg --> h1667152.stratoserver.net /httpdocs/bertichile/portillo0800 por7_tn.jpg
2009.12.08 18:05 B Z:\home\Berti\public_html\www.berti-golf.de\bertichile\portillo0800\por9.jpg --> h1667152.stratoserver.net /httpdocs/bertichile/portillo0800 por9.jpg
2009.12.08 18:05 B Z:\home\Berti\public_html\www.berti-golf.de\bertichile\portillo0800\por9_tn.jpg --> h1667152.stratoserver.net /httpdocs/bertichile/portillo0800 por9_tn.jpg
2009.12.08 18:05 B Z:\home\Berti\public_html\www.berti-golf.de\bertichile\portillo0800\vino2.jpg --> h1667152.stratoserver.net /httpdocs/bertichile/portillo0800 vino2.jpg
2009.12.08 18:05 B Z:\home\Berti\public_html\www.berti-golf.de\bertichile\portillo0800\vino2_tn.jpg --> h1667152.stratoserver.net /httpdocs/bertichile/portillo0800 vino2_tn.jpg
