2008.06.27 16:25 B K:\sicherung_webserver_h10__072008\berti-golf.de\public_html\bertichile\michi\_vti_cnf\b-m.jpg <-- www.berti-golf.de /public_html/bertichile/michi/_vti_cnf b-m.jpg
2008.06.27 16:25 B K:\sicherung_webserver_h10__072008\berti-golf.de\public_html\bertichile\michi\_vti_cnf\b-m2.jpg <-- www.berti-golf.de /public_html/bertichile/michi/_vti_cnf b-m2.jpg
2008.06.27 16:25 B K:\sicherung_webserver_h10__072008\berti-golf.de\public_html\bertichile\michi\_vti_cnf\b-m2_tn.jpg <-- www.berti-golf.de /public_html/bertichile/michi/_vti_cnf b-m2_tn.jpg
2008.06.27 16:25 B K:\sicherung_webserver_h10__072008\berti-golf.de\public_html\bertichile\michi\_vti_cnf\berti.jpg <-- www.berti-golf.de /public_html/bertichile/michi/_vti_cnf berti.jpg
2008.06.27 16:25 B K:\sicherung_webserver_h10__072008\berti-golf.de\public_html\bertichile\michi\_vti_cnf\berti_tn.jpg <-- www.berti-golf.de /public_html/bertichile/michi/_vti_cnf berti_tn.jpg
2008.06.27 16:25 B K:\sicherung_webserver_h10__072008\berti-golf.de\public_html\bertichile\michi\_vti_cnf\c-m1.jpg <-- www.berti-golf.de /public_html/bertichile/michi/_vti_cnf c-m1.jpg
2008.06.27 16:25 B K:\sicherung_webserver_h10__072008\berti-golf.de\public_html\bertichile\michi\_vti_cnf\cm2.jpg <-- www.berti-golf.de /public_html/bertichile/michi/_vti_cnf cm2.jpg
2008.06.27 16:25 B K:\sicherung_webserver_h10__072008\berti-golf.de\public_html\bertichile\michi\_vti_cnf\cm2_tn.jpg <-- www.berti-golf.de /public_html/bertichile/michi/_vti_cnf cm2_tn.jpg
2008.06.27 16:25 B K:\sicherung_webserver_h10__072008\berti-golf.de\public_html\bertichile\michi\_vti_cnf\conny.jpg <-- www.berti-golf.de /public_html/bertichile/michi/_vti_cnf conny.jpg
2008.06.27 16:25 B K:\sicherung_webserver_h10__072008\berti-golf.de\public_html\bertichile\michi\_vti_cnf\conny_tn.jpg <-- www.berti-golf.de /public_html/bertichile/michi/_vti_cnf conny_tn.jpg
2008.06.27 16:25 B K:\sicherung_webserver_h10__072008\berti-golf.de\public_html\bertichile\michi\_vti_cnf\grupo.jpg <-- www.berti-golf.de /public_html/bertichile/michi/_vti_cnf grupo.jpg
2008.06.27 16:25 B K:\sicherung_webserver_h10__072008\berti-golf.de\public_html\bertichile\michi\_vti_cnf\grupo_tn.jpg <-- www.berti-golf.de /public_html/bertichile/michi/_vti_cnf grupo_tn.jpg
2008.06.27 16:25 B K:\sicherung_webserver_h10__072008\berti-golf.de\public_html\bertichile\michi\_vti_cnf\lift.jpg <-- www.berti-golf.de /public_html/bertichile/michi/_vti_cnf lift.jpg
2008.06.27 16:25 B K:\sicherung_webserver_h10__072008\berti-golf.de\public_html\bertichile\michi\_vti_cnf\lift_tn.jpg <-- www.berti-golf.de /public_html/bertichile/michi/_vti_cnf lift_tn.jpg
2008.06.27 16:25 B K:\sicherung_webserver_h10__072008\berti-golf.de\public_html\bertichile\michi\_vti_cnf\m-c1.jpg <-- www.berti-golf.de /public_html/bertichile/michi/_vti_cnf m-c1.jpg
2008.06.27 16:25 B K:\sicherung_webserver_h10__072008\berti-golf.de\public_html\bertichile\michi\_vti_cnf\michi.html <-- www.berti-golf.de /public_html/bertichile/michi/_vti_cnf michi.html
2008.06.27 16:25 B K:\sicherung_webserver_h10__072008\berti-golf.de\public_html\bertichile\michi\_vti_cnf\michi1.jpg <-- www.berti-golf.de /public_html/bertichile/michi/_vti_cnf michi1.jpg
2008.06.27 16:25 B K:\sicherung_webserver_h10__072008\berti-golf.de\public_html\bertichile\michi\_vti_cnf\michi1_tn.jpg <-- www.berti-golf.de /public_html/bertichile/michi/_vti_cnf michi1_tn.jpg
2008.06.27 16:25 B K:\sicherung_webserver_h10__072008\berti-golf.de\public_html\bertichile\michi\_vti_cnf\michi2.jpg <-- www.berti-golf.de /public_html/bertichile/michi/_vti_cnf michi2.jpg
2008.06.27 16:25 B K:\sicherung_webserver_h10__072008\berti-golf.de\public_html\bertichile\michi\_vti_cnf\michi2_tn.jpg <-- www.berti-golf.de /public_html/bertichile/michi/_vti_cnf michi2_tn.jpg
2008.06.27 16:25 B K:\sicherung_webserver_h10__072008\berti-golf.de\public_html\bertichile\michi\_vti_cnf\michi3.jpg <-- www.berti-golf.de /public_html/bertichile/michi/_vti_cnf michi3.jpg
2008.06.27 16:25 B K:\sicherung_webserver_h10__072008\berti-golf.de\public_html\bertichile\michi\_vti_cnf\michi3_tn.jpg <-- www.berti-golf.de /public_html/bertichile/michi/_vti_cnf michi3_tn.jpg
2008.06.27 16:25 B K:\sicherung_webserver_h10__072008\berti-golf.de\public_html\bertichile\michi\_vti_cnf\michi4.jpg <-- www.berti-golf.de /public_html/bertichile/michi/_vti_cnf michi4.jpg
2008.06.27 16:25 B K:\sicherung_webserver_h10__072008\berti-golf.de\public_html\bertichile\michi\_vti_cnf\michi4_tn.jpg <-- www.berti-golf.de /public_html/bertichile/michi/_vti_cnf michi4_tn.jpg
2008.06.27 16:25 B K:\sicherung_webserver_h10__072008\berti-golf.de\public_html\bertichile\michi\_vti_cnf\michi5.jpg <-- www.berti-golf.de /public_html/bertichile/michi/_vti_cnf michi5.jpg
2008.06.27 16:25 B K:\sicherung_webserver_h10__072008\berti-golf.de\public_html\bertichile\michi\_vti_cnf\michi5_tn.jpg <-- www.berti-golf.de /public_html/bertichile/michi/_vti_cnf michi5_tn.jpg
2008.06.27 16:25 B K:\sicherung_webserver_h10__072008\berti-golf.de\public_html\bertichile\michi\_vti_cnf\scl1.jpg <-- www.berti-golf.de /public_html/bertichile/michi/_vti_cnf scl1.jpg
2008.06.27 16:25 B K:\sicherung_webserver_h10__072008\berti-golf.de\public_html\bertichile\michi\_vti_cnf\scl1_tn.jpg <-- www.berti-golf.de /public_html/bertichile/michi/_vti_cnf scl1_tn.jpg
2008.06.27 16:25 B K:\sicherung_webserver_h10__072008\berti-golf.de\public_html\bertichile\michi\_vti_cnf\scl2.jpg <-- www.berti-golf.de /public_html/bertichile/michi/_vti_cnf scl2.jpg
2008.06.27 16:25 B K:\sicherung_webserver_h10__072008\berti-golf.de\public_html\bertichile\michi\_vti_cnf\scl2_tn.jpg <-- www.berti-golf.de /public_html/bertichile/michi/_vti_cnf scl2_tn.jpg
2008.06.27 16:25 B K:\sicherung_webserver_h10__072008\berti-golf.de\public_html\bertichile\michi\_vti_cnf\smog.jpg <-- www.berti-golf.de /public_html/bertichile/michi/_vti_cnf smog.jpg
2008.06.27 16:25 B K:\sicherung_webserver_h10__072008\berti-golf.de\public_html\bertichile\michi\_vti_cnf\smog_tn.jpg <-- www.berti-golf.de /public_html/bertichile/michi/_vti_cnf smog_tn.jpg
2008.06.27 19:20 B K:\sicherung_webserver_h10__072008\berti-golf.de\public_html\bertichile\michi\_vti_cnf\b-m.jpg --> bertigolfde.h1403220.stratoserver.net /public_html/bertichile/michi/_vti_cnf b-m.jpg
2008.06.27 19:20 B K:\sicherung_webserver_h10__072008\berti-golf.de\public_html\bertichile\michi\_vti_cnf\b-m2.jpg --> bertigolfde.h1403220.stratoserver.net /public_html/bertichile/michi/_vti_cnf b-m2.jpg
2008.06.27 19:20 B K:\sicherung_webserver_h10__072008\berti-golf.de\public_html\bertichile\michi\_vti_cnf\b-m2_tn.jpg --> bertigolfde.h1403220.stratoserver.net /public_html/bertichile/michi/_vti_cnf b-m2_tn.jpg
2008.06.27 19:20 B K:\sicherung_webserver_h10__072008\berti-golf.de\public_html\bertichile\michi\_vti_cnf\berti.jpg --> bertigolfde.h1403220.stratoserver.net /public_html/bertichile/michi/_vti_cnf berti.jpg
2008.06.27 19:20 B K:\sicherung_webserver_h10__072008\berti-golf.de\public_html\bertichile\michi\_vti_cnf\berti_tn.jpg --> bertigolfde.h1403220.stratoserver.net /public_html/bertichile/michi/_vti_cnf berti_tn.jpg
2008.06.27 19:20 B K:\sicherung_webserver_h10__072008\berti-golf.de\public_html\bertichile\michi\_vti_cnf\c-m1.jpg --> bertigolfde.h1403220.stratoserver.net /public_html/bertichile/michi/_vti_cnf c-m1.jpg
2008.06.27 19:20 B K:\sicherung_webserver_h10__072008\berti-golf.de\public_html\bertichile\michi\_vti_cnf\cm2.jpg --> bertigolfde.h1403220.stratoserver.net /public_html/bertichile/michi/_vti_cnf cm2.jpg
2008.06.27 19:20 B K:\sicherung_webserver_h10__072008\berti-golf.de\public_html\bertichile\michi\_vti_cnf\cm2_tn.jpg --> bertigolfde.h1403220.stratoserver.net /public_html/bertichile/michi/_vti_cnf cm2_tn.jpg
2008.06.27 19:20 B K:\sicherung_webserver_h10__072008\berti-golf.de\public_html\bertichile\michi\_vti_cnf\conny.jpg --> bertigolfde.h1403220.stratoserver.net /public_html/bertichile/michi/_vti_cnf conny.jpg
2008.06.27 19:20 B K:\sicherung_webserver_h10__072008\berti-golf.de\public_html\bertichile\michi\_vti_cnf\conny_tn.jpg --> bertigolfde.h1403220.stratoserver.net /public_html/bertichile/michi/_vti_cnf conny_tn.jpg
2008.06.27 19:20 B K:\sicherung_webserver_h10__072008\berti-golf.de\public_html\bertichile\michi\_vti_cnf\grupo.jpg --> bertigolfde.h1403220.stratoserver.net /public_html/bertichile/michi/_vti_cnf grupo.jpg
2008.06.27 19:20 B K:\sicherung_webserver_h10__072008\berti-golf.de\public_html\bertichile\michi\_vti_cnf\grupo_tn.jpg --> bertigolfde.h1403220.stratoserver.net /public_html/bertichile/michi/_vti_cnf grupo_tn.jpg
2008.06.27 19:20 B K:\sicherung_webserver_h10__072008\berti-golf.de\public_html\bertichile\michi\_vti_cnf\lift.jpg --> bertigolfde.h1403220.stratoserver.net /public_html/bertichile/michi/_vti_cnf lift.jpg
2008.06.27 19:20 B K:\sicherung_webserver_h10__072008\berti-golf.de\public_html\bertichile\michi\_vti_cnf\lift_tn.jpg --> bertigolfde.h1403220.stratoserver.net /public_html/bertichile/michi/_vti_cnf lift_tn.jpg
2008.06.27 19:20 B K:\sicherung_webserver_h10__072008\berti-golf.de\public_html\bertichile\michi\_vti_cnf\m-c1.jpg --> bertigolfde.h1403220.stratoserver.net /public_html/bertichile/michi/_vti_cnf m-c1.jpg
2008.06.27 19:20 B K:\sicherung_webserver_h10__072008\berti-golf.de\public_html\bertichile\michi\_vti_cnf\michi.html --> bertigolfde.h1403220.stratoserver.net /public_html/bertichile/michi/_vti_cnf michi.html
2008.06.27 19:20 B K:\sicherung_webserver_h10__072008\berti-golf.de\public_html\bertichile\michi\_vti_cnf\michi1.jpg --> bertigolfde.h1403220.stratoserver.net /public_html/bertichile/michi/_vti_cnf michi1.jpg
2008.06.27 19:20 B K:\sicherung_webserver_h10__072008\berti-golf.de\public_html\bertichile\michi\_vti_cnf\michi1_tn.jpg --> bertigolfde.h1403220.stratoserver.net /public_html/bertichile/michi/_vti_cnf michi1_tn.jpg
2008.06.27 19:20 B K:\sicherung_webserver_h10__072008\berti-golf.de\public_html\bertichile\michi\_vti_cnf\michi2.jpg --> bertigolfde.h1403220.stratoserver.net /public_html/bertichile/michi/_vti_cnf michi2.jpg
2008.06.27 19:20 B K:\sicherung_webserver_h10__072008\berti-golf.de\public_html\bertichile\michi\_vti_cnf\michi2_tn.jpg --> bertigolfde.h1403220.stratoserver.net /public_html/bertichile/michi/_vti_cnf michi2_tn.jpg
2008.06.27 19:20 B K:\sicherung_webserver_h10__072008\berti-golf.de\public_html\bertichile\michi\_vti_cnf\michi3.jpg --> bertigolfde.h1403220.stratoserver.net /public_html/bertichile/michi/_vti_cnf michi3.jpg
2008.06.27 19:20 B K:\sicherung_webserver_h10__072008\berti-golf.de\public_html\bertichile\michi\_vti_cnf\michi3_tn.jpg --> bertigolfde.h1403220.stratoserver.net /public_html/bertichile/michi/_vti_cnf michi3_tn.jpg
2008.06.27 19:20 B K:\sicherung_webserver_h10__072008\berti-golf.de\public_html\bertichile\michi\_vti_cnf\michi4.jpg --> bertigolfde.h1403220.stratoserver.net /public_html/bertichile/michi/_vti_cnf michi4.jpg
2008.06.27 19:20 B K:\sicherung_webserver_h10__072008\berti-golf.de\public_html\bertichile\michi\_vti_cnf\michi4_tn.jpg --> bertigolfde.h1403220.stratoserver.net /public_html/bertichile/michi/_vti_cnf michi4_tn.jpg
2008.06.27 19:20 B K:\sicherung_webserver_h10__072008\berti-golf.de\public_html\bertichile\michi\_vti_cnf\michi5.jpg --> bertigolfde.h1403220.stratoserver.net /public_html/bertichile/michi/_vti_cnf michi5.jpg
2008.06.27 19:20 B K:\sicherung_webserver_h10__072008\berti-golf.de\public_html\bertichile\michi\_vti_cnf\michi5_tn.jpg --> bertigolfde.h1403220.stratoserver.net /public_html/bertichile/michi/_vti_cnf michi5_tn.jpg
2008.06.27 19:20 B K:\sicherung_webserver_h10__072008\berti-golf.de\public_html\bertichile\michi\_vti_cnf\scl1.jpg --> bertigolfde.h1403220.stratoserver.net /public_html/bertichile/michi/_vti_cnf scl1.jpg
2008.06.27 19:20 B K:\sicherung_webserver_h10__072008\berti-golf.de\public_html\bertichile\michi\_vti_cnf\scl1_tn.jpg --> bertigolfde.h1403220.stratoserver.net /public_html/bertichile/michi/_vti_cnf scl1_tn.jpg
2008.06.27 19:20 B K:\sicherung_webserver_h10__072008\berti-golf.de\public_html\bertichile\michi\_vti_cnf\scl2.jpg --> bertigolfde.h1403220.stratoserver.net /public_html/bertichile/michi/_vti_cnf scl2.jpg
2008.06.27 19:20 B K:\sicherung_webserver_h10__072008\berti-golf.de\public_html\bertichile\michi\_vti_cnf\scl2_tn.jpg --> bertigolfde.h1403220.stratoserver.net /public_html/bertichile/michi/_vti_cnf scl2_tn.jpg
2008.06.27 19:20 B K:\sicherung_webserver_h10__072008\berti-golf.de\public_html\bertichile\michi\_vti_cnf\smog.jpg --> bertigolfde.h1403220.stratoserver.net /public_html/bertichile/michi/_vti_cnf smog.jpg
2008.06.27 19:20 B K:\sicherung_webserver_h10__072008\berti-golf.de\public_html\bertichile\michi\_vti_cnf\smog_tn.jpg --> bertigolfde.h1403220.stratoserver.net /public_html/bertichile/michi/_vti_cnf smog_tn.jpg
2009.05.01 07:16 B Z:\home\Berti\public_html\www.berti-golf.de\bertichile\michi\_vti_cnf\WS_FTP.LOG <-- bertigolfde.h1403220.stratoserver.net /public_html/bertichile/michi/_vti_cnf WS_FTP.LOG
2009.12.08 18:02 B Z:\home\Berti\public_html\www.berti-golf.de\bertichile\michi\_vti_cnf\b-m.jpg --> h1667152.stratoserver.net /httpdocs/bertichile/michi/_vti_cnf b-m.jpg
2009.12.08 18:02 B Z:\home\Berti\public_html\www.berti-golf.de\bertichile\michi\_vti_cnf\b-m2.jpg --> h1667152.stratoserver.net /httpdocs/bertichile/michi/_vti_cnf b-m2.jpg
2009.12.08 18:02 B Z:\home\Berti\public_html\www.berti-golf.de\bertichile\michi\_vti_cnf\b-m2_tn.jpg --> h1667152.stratoserver.net /httpdocs/bertichile/michi/_vti_cnf b-m2_tn.jpg
2009.12.08 18:02 B Z:\home\Berti\public_html\www.berti-golf.de\bertichile\michi\_vti_cnf\berti.jpg --> h1667152.stratoserver.net /httpdocs/bertichile/michi/_vti_cnf berti.jpg
2009.12.08 18:02 B Z:\home\Berti\public_html\www.berti-golf.de\bertichile\michi\_vti_cnf\berti_tn.jpg --> h1667152.stratoserver.net /httpdocs/bertichile/michi/_vti_cnf berti_tn.jpg
2009.12.08 18:02 B Z:\home\Berti\public_html\www.berti-golf.de\bertichile\michi\_vti_cnf\c-m1.jpg --> h1667152.stratoserver.net /httpdocs/bertichile/michi/_vti_cnf c-m1.jpg
2009.12.08 18:02 B Z:\home\Berti\public_html\www.berti-golf.de\bertichile\michi\_vti_cnf\cm2.jpg --> h1667152.stratoserver.net /httpdocs/bertichile/michi/_vti_cnf cm2.jpg
2009.12.08 18:02 B Z:\home\Berti\public_html\www.berti-golf.de\bertichile\michi\_vti_cnf\cm2_tn.jpg --> h1667152.stratoserver.net /httpdocs/bertichile/michi/_vti_cnf cm2_tn.jpg
2009.12.08 18:02 B Z:\home\Berti\public_html\www.berti-golf.de\bertichile\michi\_vti_cnf\conny.jpg --> h1667152.stratoserver.net /httpdocs/bertichile/michi/_vti_cnf conny.jpg
2009.12.08 18:02 B Z:\home\Berti\public_html\www.berti-golf.de\bertichile\michi\_vti_cnf\conny_tn.jpg --> h1667152.stratoserver.net /httpdocs/bertichile/michi/_vti_cnf conny_tn.jpg
2009.12.08 18:02 B Z:\home\Berti\public_html\www.berti-golf.de\bertichile\michi\_vti_cnf\grupo.jpg --> h1667152.stratoserver.net /httpdocs/bertichile/michi/_vti_cnf grupo.jpg
2009.12.08 18:02 B Z:\home\Berti\public_html\www.berti-golf.de\bertichile\michi\_vti_cnf\grupo_tn.jpg --> h1667152.stratoserver.net /httpdocs/bertichile/michi/_vti_cnf grupo_tn.jpg
2009.12.08 18:02 B Z:\home\Berti\public_html\www.berti-golf.de\bertichile\michi\_vti_cnf\lift.jpg --> h1667152.stratoserver.net /httpdocs/bertichile/michi/_vti_cnf lift.jpg
2009.12.08 18:02 B Z:\home\Berti\public_html\www.berti-golf.de\bertichile\michi\_vti_cnf\lift_tn.jpg --> h1667152.stratoserver.net /httpdocs/bertichile/michi/_vti_cnf lift_tn.jpg
2009.12.08 18:02 B Z:\home\Berti\public_html\www.berti-golf.de\bertichile\michi\_vti_cnf\m-c1.jpg --> h1667152.stratoserver.net /httpdocs/bertichile/michi/_vti_cnf m-c1.jpg
2009.12.08 18:02 B Z:\home\Berti\public_html\www.berti-golf.de\bertichile\michi\_vti_cnf\michi.html --> h1667152.stratoserver.net /httpdocs/bertichile/michi/_vti_cnf michi.html
2009.12.08 18:02 B Z:\home\Berti\public_html\www.berti-golf.de\bertichile\michi\_vti_cnf\michi1.jpg --> h1667152.stratoserver.net /httpdocs/bertichile/michi/_vti_cnf michi1.jpg
2009.12.08 18:02 B Z:\home\Berti\public_html\www.berti-golf.de\bertichile\michi\_vti_cnf\michi1_tn.jpg --> h1667152.stratoserver.net /httpdocs/bertichile/michi/_vti_cnf michi1_tn.jpg
2009.12.08 18:02 B Z:\home\Berti\public_html\www.berti-golf.de\bertichile\michi\_vti_cnf\michi2.jpg --> h1667152.stratoserver.net /httpdocs/bertichile/michi/_vti_cnf michi2.jpg
2009.12.08 18:02 B Z:\home\Berti\public_html\www.berti-golf.de\bertichile\michi\_vti_cnf\michi2_tn.jpg --> h1667152.stratoserver.net /httpdocs/bertichile/michi/_vti_cnf michi2_tn.jpg
2009.12.08 18:02 B Z:\home\Berti\public_html\www.berti-golf.de\bertichile\michi\_vti_cnf\michi3.jpg --> h1667152.stratoserver.net /httpdocs/bertichile/michi/_vti_cnf michi3.jpg
2009.12.08 18:02 B Z:\home\Berti\public_html\www.berti-golf.de\bertichile\michi\_vti_cnf\michi3_tn.jpg --> h1667152.stratoserver.net /httpdocs/bertichile/michi/_vti_cnf michi3_tn.jpg
2009.12.08 18:02 B Z:\home\Berti\public_html\www.berti-golf.de\bertichile\michi\_vti_cnf\michi4.jpg --> h1667152.stratoserver.net /httpdocs/bertichile/michi/_vti_cnf michi4.jpg
2009.12.08 18:02 B Z:\home\Berti\public_html\www.berti-golf.de\bertichile\michi\_vti_cnf\michi4_tn.jpg --> h1667152.stratoserver.net /httpdocs/bertichile/michi/_vti_cnf michi4_tn.jpg
2009.12.08 18:02 B Z:\home\Berti\public_html\www.berti-golf.de\bertichile\michi\_vti_cnf\michi5.jpg --> h1667152.stratoserver.net /httpdocs/bertichile/michi/_vti_cnf michi5.jpg
2009.12.08 18:02 B Z:\home\Berti\public_html\www.berti-golf.de\bertichile\michi\_vti_cnf\michi5_tn.jpg --> h1667152.stratoserver.net /httpdocs/bertichile/michi/_vti_cnf michi5_tn.jpg
2009.12.08 18:02 B Z:\home\Berti\public_html\www.berti-golf.de\bertichile\michi\_vti_cnf\scl1.jpg --> h1667152.stratoserver.net /httpdocs/bertichile/michi/_vti_cnf scl1.jpg
2009.12.08 18:02 B Z:\home\Berti\public_html\www.berti-golf.de\bertichile\michi\_vti_cnf\scl1_tn.jpg --> h1667152.stratoserver.net /httpdocs/bertichile/michi/_vti_cnf scl1_tn.jpg
2009.12.08 18:02 B Z:\home\Berti\public_html\www.berti-golf.de\bertichile\michi\_vti_cnf\scl2.jpg --> h1667152.stratoserver.net /httpdocs/bertichile/michi/_vti_cnf scl2.jpg
2009.12.08 18:02 B Z:\home\Berti\public_html\www.berti-golf.de\bertichile\michi\_vti_cnf\scl2_tn.jpg --> h1667152.stratoserver.net /httpdocs/bertichile/michi/_vti_cnf scl2_tn.jpg
2009.12.08 18:02 B Z:\home\Berti\public_html\www.berti-golf.de\bertichile\michi\_vti_cnf\smog.jpg --> h1667152.stratoserver.net /httpdocs/bertichile/michi/_vti_cnf smog.jpg
2009.12.08 18:02 B Z:\home\Berti\public_html\www.berti-golf.de\bertichile\michi\_vti_cnf\smog_tn.jpg --> h1667152.stratoserver.net /httpdocs/bertichile/michi/_vti_cnf smog_tn.jpg
