2011.09.21 02:49 B C:\Users\Berti\workspace\www.dvl-ticker.de\iPhone\images\.DS_Store --> www.berti-golf.de /www.berti-golf.de/dvl-ticker/iPhone/images .DS_Store
2011.09.21 02:49 B C:\Users\Berti\workspace\www.dvl-ticker.de\iPhone\images\3310.png --> www.berti-golf.de /www.berti-golf.de/dvl-ticker/iPhone/images 3310.png
2011.09.21 02:49 B C:\Users\Berti\workspace\www.dvl-ticker.de\iPhone\images\3310@2x.png --> www.berti-golf.de /www.berti-golf.de/dvl-ticker/iPhone/images 3310@2x.png
2011.09.21 02:49 B C:\Users\Berti\workspace\www.dvl-ticker.de\iPhone\images\3311.png --> www.berti-golf.de /www.berti-golf.de/dvl-ticker/iPhone/images 3311.png
2011.09.21 02:49 B C:\Users\Berti\workspace\www.dvl-ticker.de\iPhone\images\3311@2x.png --> www.berti-golf.de /www.berti-golf.de/dvl-ticker/iPhone/images 3311@2x.png
2011.09.21 02:49 B C:\Users\Berti\workspace\www.dvl-ticker.de\iPhone\images\3312.png --> www.berti-golf.de /www.berti-golf.de/dvl-ticker/iPhone/images 3312.png
2011.09.21 02:49 B C:\Users\Berti\workspace\www.dvl-ticker.de\iPhone\images\3312@2x.png --> www.berti-golf.de /www.berti-golf.de/dvl-ticker/iPhone/images 3312@2x.png
2011.09.21 02:49 B C:\Users\Berti\workspace\www.dvl-ticker.de\iPhone\images\3313.png --> www.berti-golf.de /www.berti-golf.de/dvl-ticker/iPhone/images 3313.png
2011.09.21 02:49 B C:\Users\Berti\workspace\www.dvl-ticker.de\iPhone\images\3313@2x.png --> www.berti-golf.de /www.berti-golf.de/dvl-ticker/iPhone/images 3313@2x.png
2011.09.21 02:49 B C:\Users\Berti\workspace\www.dvl-ticker.de\iPhone\images\3314.png --> www.berti-golf.de /www.berti-golf.de/dvl-ticker/iPhone/images 3314.png
2011.09.21 02:49 B C:\Users\Berti\workspace\www.dvl-ticker.de\iPhone\images\3314@2x.png --> www.berti-golf.de /www.berti-golf.de/dvl-ticker/iPhone/images 3314@2x.png
2011.09.21 02:49 B C:\Users\Berti\workspace\www.dvl-ticker.de\iPhone\images\3315.png --> www.berti-golf.de /www.berti-golf.de/dvl-ticker/iPhone/images 3315.png
2011.09.21 02:49 B C:\Users\Berti\workspace\www.dvl-ticker.de\iPhone\images\3315@2x.png --> www.berti-golf.de /www.berti-golf.de/dvl-ticker/iPhone/images 3315@2x.png
2011.09.21 02:49 B C:\Users\Berti\workspace\www.dvl-ticker.de\iPhone\images\3316.png --> www.berti-golf.de /www.berti-golf.de/dvl-ticker/iPhone/images 3316.png
2011.09.21 02:49 B C:\Users\Berti\workspace\www.dvl-ticker.de\iPhone\images\3316@2x.png --> www.berti-golf.de /www.berti-golf.de/dvl-ticker/iPhone/images 3316@2x.png
2011.09.21 02:49 B C:\Users\Berti\workspace\www.dvl-ticker.de\iPhone\images\3317.png --> www.berti-golf.de /www.berti-golf.de/dvl-ticker/iPhone/images 3317.png
2011.09.21 02:49 B C:\Users\Berti\workspace\www.dvl-ticker.de\iPhone\images\3317@2x.png --> www.berti-golf.de /www.berti-golf.de/dvl-ticker/iPhone/images 3317@2x.png
2011.09.21 02:49 B C:\Users\Berti\workspace\www.dvl-ticker.de\iPhone\images\3318.png --> www.berti-golf.de /www.berti-golf.de/dvl-ticker/iPhone/images 3318.png
2011.09.21 02:49 B C:\Users\Berti\workspace\www.dvl-ticker.de\iPhone\images\3318@2x.png --> www.berti-golf.de /www.berti-golf.de/dvl-ticker/iPhone/images 3318@2x.png
2011.09.21 02:49 B C:\Users\Berti\workspace\www.dvl-ticker.de\iPhone\images\3319.png --> www.berti-golf.de /www.berti-golf.de/dvl-ticker/iPhone/images 3319.png
2011.09.21 02:49 B C:\Users\Berti\workspace\www.dvl-ticker.de\iPhone\images\3319@2x.png --> www.berti-golf.de /www.berti-golf.de/dvl-ticker/iPhone/images 3319@2x.png
2011.09.21 02:49 B C:\Users\Berti\workspace\www.dvl-ticker.de\iPhone\images\3320.png --> www.berti-golf.de /www.berti-golf.de/dvl-ticker/iPhone/images 3320.png
2011.09.21 02:49 B C:\Users\Berti\workspace\www.dvl-ticker.de\iPhone\images\3320@2x.png --> www.berti-golf.de /www.berti-golf.de/dvl-ticker/iPhone/images 3320@2x.png
2011.09.21 02:49 B C:\Users\Berti\workspace\www.dvl-ticker.de\iPhone\images\3321.png --> www.berti-golf.de /www.berti-golf.de/dvl-ticker/iPhone/images 3321.png
2011.09.21 02:49 B C:\Users\Berti\workspace\www.dvl-ticker.de\iPhone\images\3321@2x.png --> www.berti-golf.de /www.berti-golf.de/dvl-ticker/iPhone/images 3321@2x.png
2011.09.21 02:49 B C:\Users\Berti\workspace\www.dvl-ticker.de\iPhone\images\3322.png --> www.berti-golf.de /www.berti-golf.de/dvl-ticker/iPhone/images 3322.png
2011.09.21 02:49 B C:\Users\Berti\workspace\www.dvl-ticker.de\iPhone\images\3322@2x.png --> www.berti-golf.de /www.berti-golf.de/dvl-ticker/iPhone/images 3322@2x.png
2011.09.21 02:49 B C:\Users\Berti\workspace\www.dvl-ticker.de\iPhone\images\3323.png --> www.berti-golf.de /www.berti-golf.de/dvl-ticker/iPhone/images 3323.png
2011.09.21 02:49 B C:\Users\Berti\workspace\www.dvl-ticker.de\iPhone\images\3323@2x.png --> www.berti-golf.de /www.berti-golf.de/dvl-ticker/iPhone/images 3323@2x.png
2011.09.21 02:49 B C:\Users\Berti\workspace\www.dvl-ticker.de\iPhone\images\3324.png --> www.berti-golf.de /www.berti-golf.de/dvl-ticker/iPhone/images 3324.png
2011.09.21 02:49 B C:\Users\Berti\workspace\www.dvl-ticker.de\iPhone\images\3324@2x.png --> www.berti-golf.de /www.berti-golf.de/dvl-ticker/iPhone/images 3324@2x.png
2011.09.21 02:49 B C:\Users\Berti\workspace\www.dvl-ticker.de\iPhone\images\3325.png --> www.berti-golf.de /www.berti-golf.de/dvl-ticker/iPhone/images 3325.png
2011.09.21 02:49 B C:\Users\Berti\workspace\www.dvl-ticker.de\iPhone\images\3325@2x.png --> www.berti-golf.de /www.berti-golf.de/dvl-ticker/iPhone/images 3325@2x.png
2011.09.21 02:49 B C:\Users\Berti\workspace\www.dvl-ticker.de\iPhone\images\3326.png --> www.berti-golf.de /www.berti-golf.de/dvl-ticker/iPhone/images 3326.png
2011.09.21 02:49 B C:\Users\Berti\workspace\www.dvl-ticker.de\iPhone\images\3326@2x.png --> www.berti-golf.de /www.berti-golf.de/dvl-ticker/iPhone/images 3326@2x.png
2011.09.21 02:49 B C:\Users\Berti\workspace\www.dvl-ticker.de\iPhone\images\3327.png --> www.berti-golf.de /www.berti-golf.de/dvl-ticker/iPhone/images 3327.png
2011.09.21 02:49 B C:\Users\Berti\workspace\www.dvl-ticker.de\iPhone\images\3327@2x.png --> www.berti-golf.de /www.berti-golf.de/dvl-ticker/iPhone/images 3327@2x.png
2011.09.21 02:49 B C:\Users\Berti\workspace\www.dvl-ticker.de\iPhone\images\3328.png --> www.berti-golf.de /www.berti-golf.de/dvl-ticker/iPhone/images 3328.png
2011.09.21 02:49 B C:\Users\Berti\workspace\www.dvl-ticker.de\iPhone\images\3328@2x.png --> www.berti-golf.de /www.berti-golf.de/dvl-ticker/iPhone/images 3328@2x.png
2011.09.21 02:49 B C:\Users\Berti\workspace\www.dvl-ticker.de\iPhone\images\3329.png --> www.berti-golf.de /www.berti-golf.de/dvl-ticker/iPhone/images 3329.png
2011.09.21 02:49 B C:\Users\Berti\workspace\www.dvl-ticker.de\iPhone\images\3329@2x.png --> www.berti-golf.de /www.berti-golf.de/dvl-ticker/iPhone/images 3329@2x.png
2011.09.21 02:49 B C:\Users\Berti\workspace\www.dvl-ticker.de\iPhone\images\3330.png --> www.berti-golf.de /www.berti-golf.de/dvl-ticker/iPhone/images 3330.png
2011.09.21 02:49 B C:\Users\Berti\workspace\www.dvl-ticker.de\iPhone\images\3330@2x.png --> www.berti-golf.de /www.berti-golf.de/dvl-ticker/iPhone/images 3330@2x.png
2011.09.21 02:49 B C:\Users\Berti\workspace\www.dvl-ticker.de\iPhone\images\3331.png --> www.berti-golf.de /www.berti-golf.de/dvl-ticker/iPhone/images 3331.png
2011.09.21 02:49 B C:\Users\Berti\workspace\www.dvl-ticker.de\iPhone\images\3331@2x.png --> www.berti-golf.de /www.berti-golf.de/dvl-ticker/iPhone/images 3331@2x.png
2011.09.21 02:49 B C:\Users\Berti\workspace\www.dvl-ticker.de\iPhone\images\3332.png --> www.berti-golf.de /www.berti-golf.de/dvl-ticker/iPhone/images 3332.png
2011.09.21 02:49 B C:\Users\Berti\workspace\www.dvl-ticker.de\iPhone\images\3332@2x.png --> www.berti-golf.de /www.berti-golf.de/dvl-ticker/iPhone/images 3332@2x.png
2011.09.21 02:49 B C:\Users\Berti\workspace\www.dvl-ticker.de\iPhone\images\3333.png --> www.berti-golf.de /www.berti-golf.de/dvl-ticker/iPhone/images 3333.png
2011.09.21 02:49 B C:\Users\Berti\workspace\www.dvl-ticker.de\iPhone\images\3333@2x.png --> www.berti-golf.de /www.berti-golf.de/dvl-ticker/iPhone/images 3333@2x.png
2011.09.21 02:49 B C:\Users\Berti\workspace\www.dvl-ticker.de\iPhone\images\3334.png --> www.berti-golf.de /www.berti-golf.de/dvl-ticker/iPhone/images 3334.png
2011.09.21 02:49 B C:\Users\Berti\workspace\www.dvl-ticker.de\iPhone\images\3334@2x.png --> www.berti-golf.de /www.berti-golf.de/dvl-ticker/iPhone/images 3334@2x.png
2011.09.21 02:49 B C:\Users\Berti\workspace\www.dvl-ticker.de\iPhone\images\3335.png --> www.berti-golf.de /www.berti-golf.de/dvl-ticker/iPhone/images 3335.png
2011.09.21 02:49 B C:\Users\Berti\workspace\www.dvl-ticker.de\iPhone\images\3335@2x.png --> www.berti-golf.de /www.berti-golf.de/dvl-ticker/iPhone/images 3335@2x.png
2011.09.21 02:49 B C:\Users\Berti\workspace\www.dvl-ticker.de\iPhone\images\3337.png --> www.berti-golf.de /www.berti-golf.de/dvl-ticker/iPhone/images 3337.png
2011.09.21 02:49 B C:\Users\Berti\workspace\www.dvl-ticker.de\iPhone\images\3337@2x.png --> www.berti-golf.de /www.berti-golf.de/dvl-ticker/iPhone/images 3337@2x.png
2011.09.21 02:49 B C:\Users\Berti\workspace\www.dvl-ticker.de\iPhone\images\3338.png --> www.berti-golf.de /www.berti-golf.de/dvl-ticker/iPhone/images 3338.png
2011.09.21 02:49 B C:\Users\Berti\workspace\www.dvl-ticker.de\iPhone\images\3338@2x.png --> www.berti-golf.de /www.berti-golf.de/dvl-ticker/iPhone/images 3338@2x.png
2011.09.21 02:49 B C:\Users\Berti\workspace\www.dvl-ticker.de\iPhone\images\3339.png --> www.berti-golf.de /www.berti-golf.de/dvl-ticker/iPhone/images 3339.png
2011.09.21 02:49 B C:\Users\Berti\workspace\www.dvl-ticker.de\iPhone\images\3339@2x.png --> www.berti-golf.de /www.berti-golf.de/dvl-ticker/iPhone/images 3339@2x.png
2011.09.21 02:49 B C:\Users\Berti\workspace\www.dvl-ticker.de\iPhone\images\3340.png --> www.berti-golf.de /www.berti-golf.de/dvl-ticker/iPhone/images 3340.png
2011.09.21 02:49 B C:\Users\Berti\workspace\www.dvl-ticker.de\iPhone\images\3340@2x.png --> www.berti-golf.de /www.berti-golf.de/dvl-ticker/iPhone/images 3340@2x.png
2011.09.21 02:49 B C:\Users\Berti\workspace\www.dvl-ticker.de\iPhone\images\3341.png --> www.berti-golf.de /www.berti-golf.de/dvl-ticker/iPhone/images 3341.png
2011.09.21 02:49 B C:\Users\Berti\workspace\www.dvl-ticker.de\iPhone\images\3341@2x.png --> www.berti-golf.de /www.berti-golf.de/dvl-ticker/iPhone/images 3341@2x.png
2011.09.21 02:49 B C:\Users\Berti\workspace\www.dvl-ticker.de\iPhone\images\3342.png --> www.berti-golf.de /www.berti-golf.de/dvl-ticker/iPhone/images 3342.png
2011.09.21 02:49 B C:\Users\Berti\workspace\www.dvl-ticker.de\iPhone\images\3342@2x.png --> www.berti-golf.de /www.berti-golf.de/dvl-ticker/iPhone/images 3342@2x.png
2011.09.21 02:49 B C:\Users\Berti\workspace\www.dvl-ticker.de\iPhone\images\3343.png --> www.berti-golf.de /www.berti-golf.de/dvl-ticker/iPhone/images 3343.png
2011.09.21 02:49 B C:\Users\Berti\workspace\www.dvl-ticker.de\iPhone\images\3343@2x.png --> www.berti-golf.de /www.berti-golf.de/dvl-ticker/iPhone/images 3343@2x.png
2011.09.21 02:49 B C:\Users\Berti\workspace\www.dvl-ticker.de\iPhone\images\3344.png --> www.berti-golf.de /www.berti-golf.de/dvl-ticker/iPhone/images 3344.png
2011.09.21 02:49 B C:\Users\Berti\workspace\www.dvl-ticker.de\iPhone\images\3344@2x.png --> www.berti-golf.de /www.berti-golf.de/dvl-ticker/iPhone/images 3344@2x.png
2011.09.21 02:49 B C:\Users\Berti\workspace\www.dvl-ticker.de\iPhone\images\3345.png --> www.berti-golf.de /www.berti-golf.de/dvl-ticker/iPhone/images 3345.png
2011.09.21 02:49 B C:\Users\Berti\workspace\www.dvl-ticker.de\iPhone\images\3345@2x.png --> www.berti-golf.de /www.berti-golf.de/dvl-ticker/iPhone/images 3345@2x.png
2011.09.21 02:49 B C:\Users\Berti\workspace\www.dvl-ticker.de\iPhone\images\3346.png --> www.berti-golf.de /www.berti-golf.de/dvl-ticker/iPhone/images 3346.png
2011.09.21 02:49 B C:\Users\Berti\workspace\www.dvl-ticker.de\iPhone\images\3346@2x.png --> www.berti-golf.de /www.berti-golf.de/dvl-ticker/iPhone/images 3346@2x.png
2011.09.21 02:49 B C:\Users\Berti\workspace\www.dvl-ticker.de\iPhone\images\3347.png --> www.berti-golf.de /www.berti-golf.de/dvl-ticker/iPhone/images 3347.png
2011.09.21 02:49 B C:\Users\Berti\workspace\www.dvl-ticker.de\iPhone\images\3347@2x.png --> www.berti-golf.de /www.berti-golf.de/dvl-ticker/iPhone/images 3347@2x.png
2011.09.21 02:49 B C:\Users\Berti\workspace\www.dvl-ticker.de\iPhone\images\3348.png --> www.berti-golf.de /www.berti-golf.de/dvl-ticker/iPhone/images 3348.png
2011.09.21 02:49 B C:\Users\Berti\workspace\www.dvl-ticker.de\iPhone\images\3348@2x.png --> www.berti-golf.de /www.berti-golf.de/dvl-ticker/iPhone/images 3348@2x.png
2011.09.21 02:49 B C:\Users\Berti\workspace\www.dvl-ticker.de\iPhone\images\3349.png --> www.berti-golf.de /www.berti-golf.de/dvl-ticker/iPhone/images 3349.png
2011.09.21 02:49 B C:\Users\Berti\workspace\www.dvl-ticker.de\iPhone\images\3349@2x.png --> www.berti-golf.de /www.berti-golf.de/dvl-ticker/iPhone/images 3349@2x.png
2011.09.21 02:49 B C:\Users\Berti\workspace\www.dvl-ticker.de\iPhone\images\3350.png --> www.berti-golf.de /www.berti-golf.de/dvl-ticker/iPhone/images 3350.png
2011.09.21 02:49 B C:\Users\Berti\workspace\www.dvl-ticker.de\iPhone\images\3350@2x.png --> www.berti-golf.de /www.berti-golf.de/dvl-ticker/iPhone/images 3350@2x.png
2011.09.21 02:49 B C:\Users\Berti\workspace\www.dvl-ticker.de\iPhone\images\3351.png --> www.berti-golf.de /www.berti-golf.de/dvl-ticker/iPhone/images 3351.png
2011.09.21 02:49 B C:\Users\Berti\workspace\www.dvl-ticker.de\iPhone\images\3351@2x.png --> www.berti-golf.de /www.berti-golf.de/dvl-ticker/iPhone/images 3351@2x.png
2011.09.21 02:50 B C:\Users\Berti\workspace\www.dvl-ticker.de\iPhone\images\3352.png --> www.berti-golf.de /www.berti-golf.de/dvl-ticker/iPhone/images 3352.png
2011.09.21 02:50 B C:\Users\Berti\workspace\www.dvl-ticker.de\iPhone\images\3352@2x.png --> www.berti-golf.de /www.berti-golf.de/dvl-ticker/iPhone/images 3352@2x.png
2011.09.21 02:50 B C:\Users\Berti\workspace\www.dvl-ticker.de\iPhone\images\3353.png --> www.berti-golf.de /www.berti-golf.de/dvl-ticker/iPhone/images 3353.png
2011.09.21 02:50 B C:\Users\Berti\workspace\www.dvl-ticker.de\iPhone\images\3353@2x.png --> www.berti-golf.de /www.berti-golf.de/dvl-ticker/iPhone/images 3353@2x.png
2011.09.21 02:50 B C:\Users\Berti\workspace\www.dvl-ticker.de\iPhone\images\3354.png --> www.berti-golf.de /www.berti-golf.de/dvl-ticker/iPhone/images 3354.png
2011.09.21 02:50 B C:\Users\Berti\workspace\www.dvl-ticker.de\iPhone\images\3354@2x.png --> www.berti-golf.de /www.berti-golf.de/dvl-ticker/iPhone/images 3354@2x.png
2011.09.21 02:50 B C:\Users\Berti\workspace\www.dvl-ticker.de\iPhone\images\3355.png --> www.berti-golf.de /www.berti-golf.de/dvl-ticker/iPhone/images 3355.png
2011.09.21 02:50 B C:\Users\Berti\workspace\www.dvl-ticker.de\iPhone\images\3355@2x.png --> www.berti-golf.de /www.berti-golf.de/dvl-ticker/iPhone/images 3355@2x.png
2011.09.21 02:50 B C:\Users\Berti\workspace\www.dvl-ticker.de\iPhone\images\3356.png --> www.berti-golf.de /www.berti-golf.de/dvl-ticker/iPhone/images 3356.png
2011.09.21 02:50 B C:\Users\Berti\workspace\www.dvl-ticker.de\iPhone\images\3356@2x.png --> www.berti-golf.de /www.berti-golf.de/dvl-ticker/iPhone/images 3356@2x.png
2011.09.21 02:50 B C:\Users\Berti\workspace\www.dvl-ticker.de\iPhone\images\3357.png --> www.berti-golf.de /www.berti-golf.de/dvl-ticker/iPhone/images 3357.png
2011.09.21 02:50 B C:\Users\Berti\workspace\www.dvl-ticker.de\iPhone\images\3357@2x.png --> www.berti-golf.de /www.berti-golf.de/dvl-ticker/iPhone/images 3357@2x.png
2011.09.21 02:50 B C:\Users\Berti\workspace\www.dvl-ticker.de\iPhone\images\3358.png --> www.berti-golf.de /www.berti-golf.de/dvl-ticker/iPhone/images 3358.png
2011.09.21 02:50 B C:\Users\Berti\workspace\www.dvl-ticker.de\iPhone\images\3358@2x.png --> www.berti-golf.de /www.berti-golf.de/dvl-ticker/iPhone/images 3358@2x.png
2011.09.21 02:50 B C:\Users\Berti\workspace\www.dvl-ticker.de\iPhone\images\3359.png --> www.berti-golf.de /www.berti-golf.de/dvl-ticker/iPhone/images 3359.png
2011.09.21 02:50 B C:\Users\Berti\workspace\www.dvl-ticker.de\iPhone\images\3359@2x.png --> www.berti-golf.de /www.berti-golf.de/dvl-ticker/iPhone/images 3359@2x.png
2011.09.21 02:50 B C:\Users\Berti\workspace\www.dvl-ticker.de\iPhone\images\3360.png --> www.berti-golf.de /www.berti-golf.de/dvl-ticker/iPhone/images 3360.png
2011.09.21 02:50 B C:\Users\Berti\workspace\www.dvl-ticker.de\iPhone\images\3360@2x.png --> www.berti-golf.de /www.berti-golf.de/dvl-ticker/iPhone/images 3360@2x.png
2011.09.21 02:50 B C:\Users\Berti\workspace\www.dvl-ticker.de\iPhone\images\3361.png --> www.berti-golf.de /www.berti-golf.de/dvl-ticker/iPhone/images 3361.png
2011.09.21 02:50 B C:\Users\Berti\workspace\www.dvl-ticker.de\iPhone\images\3361@2x.png --> www.berti-golf.de /www.berti-golf.de/dvl-ticker/iPhone/images 3361@2x.png
2011.09.21 02:50 B C:\Users\Berti\workspace\www.dvl-ticker.de\iPhone\images\3362.png --> www.berti-golf.de /www.berti-golf.de/dvl-ticker/iPhone/images 3362.png
2011.09.21 02:50 B C:\Users\Berti\workspace\www.dvl-ticker.de\iPhone\images\3362@2x.png --> www.berti-golf.de /www.berti-golf.de/dvl-ticker/iPhone/images 3362@2x.png
2011.09.21 02:50 B C:\Users\Berti\workspace\www.dvl-ticker.de\iPhone\images\3363.png --> www.berti-golf.de /www.berti-golf.de/dvl-ticker/iPhone/images 3363.png
2011.09.21 02:50 B C:\Users\Berti\workspace\www.dvl-ticker.de\iPhone\images\3363@2x.png --> www.berti-golf.de /www.berti-golf.de/dvl-ticker/iPhone/images 3363@2x.png
2011.09.21 02:50 B C:\Users\Berti\workspace\www.dvl-ticker.de\iPhone\images\3364.png --> www.berti-golf.de /www.berti-golf.de/dvl-ticker/iPhone/images 3364.png
2011.09.21 02:50 B C:\Users\Berti\workspace\www.dvl-ticker.de\iPhone\images\3364@2x.png --> www.berti-golf.de /www.berti-golf.de/dvl-ticker/iPhone/images 3364@2x.png
2011.09.21 02:50 B C:\Users\Berti\workspace\www.dvl-ticker.de\iPhone\images\3365.png --> www.berti-golf.de /www.berti-golf.de/dvl-ticker/iPhone/images 3365.png
2011.09.21 02:50 B C:\Users\Berti\workspace\www.dvl-ticker.de\iPhone\images\3365@2x.png --> www.berti-golf.de /www.berti-golf.de/dvl-ticker/iPhone/images 3365@2x.png
2011.09.21 02:50 B C:\Users\Berti\workspace\www.dvl-ticker.de\iPhone\images\3366.png --> www.berti-golf.de /www.berti-golf.de/dvl-ticker/iPhone/images 3366.png
2011.09.21 02:50 B C:\Users\Berti\workspace\www.dvl-ticker.de\iPhone\images\3366@2x.png --> www.berti-golf.de /www.berti-golf.de/dvl-ticker/iPhone/images 3366@2x.png
2011.09.21 02:50 B C:\Users\Berti\workspace\www.dvl-ticker.de\iPhone\images\3367.png --> www.berti-golf.de /www.berti-golf.de/dvl-ticker/iPhone/images 3367.png
2011.09.21 02:50 B C:\Users\Berti\workspace\www.dvl-ticker.de\iPhone\images\3367@2x.png --> www.berti-golf.de /www.berti-golf.de/dvl-ticker/iPhone/images 3367@2x.png
2011.09.21 02:50 B C:\Users\Berti\workspace\www.dvl-ticker.de\iPhone\images\3368.png --> www.berti-golf.de /www.berti-golf.de/dvl-ticker/iPhone/images 3368.png
2011.09.21 02:50 B C:\Users\Berti\workspace\www.dvl-ticker.de\iPhone\images\3368@2x.png --> www.berti-golf.de /www.berti-golf.de/dvl-ticker/iPhone/images 3368@2x.png
2011.09.21 02:50 B C:\Users\Berti\workspace\www.dvl-ticker.de\iPhone\images\3369.png --> www.berti-golf.de /www.berti-golf.de/dvl-ticker/iPhone/images 3369.png
2011.09.21 02:50 B C:\Users\Berti\workspace\www.dvl-ticker.de\iPhone\images\3369@2x.png --> www.berti-golf.de /www.berti-golf.de/dvl-ticker/iPhone/images 3369@2x.png
2011.09.21 02:50 B C:\Users\Berti\workspace\www.dvl-ticker.de\iPhone\images\3370.png --> www.berti-golf.de /www.berti-golf.de/dvl-ticker/iPhone/images 3370.png
2011.09.21 02:50 B C:\Users\Berti\workspace\www.dvl-ticker.de\iPhone\images\3370@2x.png --> www.berti-golf.de /www.berti-golf.de/dvl-ticker/iPhone/images 3370@2x.png
2011.09.21 02:50 B C:\Users\Berti\workspace\www.dvl-ticker.de\iPhone\images\3371.png --> www.berti-golf.de /www.berti-golf.de/dvl-ticker/iPhone/images 3371.png
2011.09.21 02:50 B C:\Users\Berti\workspace\www.dvl-ticker.de\iPhone\images\3371@2x..png --> www.berti-golf.de /www.berti-golf.de/dvl-ticker/iPhone/images 3371@2x..png
2011.09.21 02:50 B C:\Users\Berti\workspace\www.dvl-ticker.de\iPhone\images\3372.png --> www.berti-golf.de /www.berti-golf.de/dvl-ticker/iPhone/images 3372.png
2011.09.21 02:50 B C:\Users\Berti\workspace\www.dvl-ticker.de\iPhone\images\3372@2x.png --> www.berti-golf.de /www.berti-golf.de/dvl-ticker/iPhone/images 3372@2x.png
2011.09.21 02:50 B C:\Users\Berti\workspace\www.dvl-ticker.de\iPhone\images\3373.png --> www.berti-golf.de /www.berti-golf.de/dvl-ticker/iPhone/images 3373.png
2011.09.21 02:50 B C:\Users\Berti\workspace\www.dvl-ticker.de\iPhone\images\3373@2x.png --> www.berti-golf.de /www.berti-golf.de/dvl-ticker/iPhone/images 3373@2x.png
2011.09.21 02:50 B C:\Users\Berti\workspace\www.dvl-ticker.de\iPhone\images\3374.png --> www.berti-golf.de /www.berti-golf.de/dvl-ticker/iPhone/images 3374.png
2011.09.21 02:50 B C:\Users\Berti\workspace\www.dvl-ticker.de\iPhone\images\3374@2x.png --> www.berti-golf.de /www.berti-golf.de/dvl-ticker/iPhone/images 3374@2x.png
2011.09.21 02:50 B C:\Users\Berti\workspace\www.dvl-ticker.de\iPhone\images\3375.png --> www.berti-golf.de /www.berti-golf.de/dvl-ticker/iPhone/images 3375.png
2011.09.21 02:50 B C:\Users\Berti\workspace\www.dvl-ticker.de\iPhone\images\3375@2x.png --> www.berti-golf.de /www.berti-golf.de/dvl-ticker/iPhone/images 3375@2x.png
2011.09.21 02:50 B C:\Users\Berti\workspace\www.dvl-ticker.de\iPhone\images\3376.png --> www.berti-golf.de /www.berti-golf.de/dvl-ticker/iPhone/images 3376.png
2011.09.21 02:50 B C:\Users\Berti\workspace\www.dvl-ticker.de\iPhone\images\3376@2x.png --> www.berti-golf.de /www.berti-golf.de/dvl-ticker/iPhone/images 3376@2x.png
2011.09.21 02:50 B C:\Users\Berti\workspace\www.dvl-ticker.de\iPhone\images\3377.png --> www.berti-golf.de /www.berti-golf.de/dvl-ticker/iPhone/images 3377.png
2011.09.21 02:50 B C:\Users\Berti\workspace\www.dvl-ticker.de\iPhone\images\3377@2x.png --> www.berti-golf.de /www.berti-golf.de/dvl-ticker/iPhone/images 3377@2x.png
2011.09.21 02:50 B C:\Users\Berti\workspace\www.dvl-ticker.de\iPhone\images\3378.png --> www.berti-golf.de /www.berti-golf.de/dvl-ticker/iPhone/images 3378.png
2011.09.21 02:50 B C:\Users\Berti\workspace\www.dvl-ticker.de\iPhone\images\3378@2x.png --> www.berti-golf.de /www.berti-golf.de/dvl-ticker/iPhone/images 3378@2x.png
2011.09.21 02:50 B C:\Users\Berti\workspace\www.dvl-ticker.de\iPhone\images\3379.png --> www.berti-golf.de /www.berti-golf.de/dvl-ticker/iPhone/images 3379.png
2011.09.21 02:50 B C:\Users\Berti\workspace\www.dvl-ticker.de\iPhone\images\3379@2x.png --> www.berti-golf.de /www.berti-golf.de/dvl-ticker/iPhone/images 3379@2x.png
2011.09.21 02:50 B C:\Users\Berti\workspace\www.dvl-ticker.de\iPhone\images\3380.png --> www.berti-golf.de /www.berti-golf.de/dvl-ticker/iPhone/images 3380.png
2011.09.21 02:50 B C:\Users\Berti\workspace\www.dvl-ticker.de\iPhone\images\3380@2x.png --> www.berti-golf.de /www.berti-golf.de/dvl-ticker/iPhone/images 3380@2x.png
2011.09.21 02:50 B C:\Users\Berti\workspace\www.dvl-ticker.de\iPhone\images\3381.png --> www.berti-golf.de /www.berti-golf.de/dvl-ticker/iPhone/images 3381.png
2011.09.21 02:50 B C:\Users\Berti\workspace\www.dvl-ticker.de\iPhone\images\3381@2x.png --> www.berti-golf.de /www.berti-golf.de/dvl-ticker/iPhone/images 3381@2x.png
2011.09.21 02:50 B C:\Users\Berti\workspace\www.dvl-ticker.de\iPhone\images\3382.png --> www.berti-golf.de /www.berti-golf.de/dvl-ticker/iPhone/images 3382.png
2011.09.21 02:50 B C:\Users\Berti\workspace\www.dvl-ticker.de\iPhone\images\3382@2x.png --> www.berti-golf.de /www.berti-golf.de/dvl-ticker/iPhone/images 3382@2x.png
2011.09.21 02:50 B C:\Users\Berti\workspace\www.dvl-ticker.de\iPhone\images\3383.png --> www.berti-golf.de /www.berti-golf.de/dvl-ticker/iPhone/images 3383.png
2011.09.21 02:50 B C:\Users\Berti\workspace\www.dvl-ticker.de\iPhone\images\3383@2x.png --> www.berti-golf.de /www.berti-golf.de/dvl-ticker/iPhone/images 3383@2x.png
2011.09.21 02:50 B C:\Users\Berti\workspace\www.dvl-ticker.de\iPhone\images\3384.png --> www.berti-golf.de /www.berti-golf.de/dvl-ticker/iPhone/images 3384.png
2011.09.21 02:50 B C:\Users\Berti\workspace\www.dvl-ticker.de\iPhone\images\3384@2x.png --> www.berti-golf.de /www.berti-golf.de/dvl-ticker/iPhone/images 3384@2x.png
2011.09.21 02:50 B C:\Users\Berti\workspace\www.dvl-ticker.de\iPhone\images\3385.png --> www.berti-golf.de /www.berti-golf.de/dvl-ticker/iPhone/images 3385.png
2011.09.21 02:50 B C:\Users\Berti\workspace\www.dvl-ticker.de\iPhone\images\3385@2x.png --> www.berti-golf.de /www.berti-golf.de/dvl-ticker/iPhone/images 3385@2x.png
2011.09.21 02:50 B C:\Users\Berti\workspace\www.dvl-ticker.de\iPhone\images\3386.png --> www.berti-golf.de /www.berti-golf.de/dvl-ticker/iPhone/images 3386.png
2011.09.21 02:50 B C:\Users\Berti\workspace\www.dvl-ticker.de\iPhone\images\3386@2x.png --> www.berti-golf.de /www.berti-golf.de/dvl-ticker/iPhone/images 3386@2x.png
2011.09.21 02:50 B C:\Users\Berti\workspace\www.dvl-ticker.de\iPhone\images\3387.png --> www.berti-golf.de /www.berti-golf.de/dvl-ticker/iPhone/images 3387.png
2011.09.21 02:50 B C:\Users\Berti\workspace\www.dvl-ticker.de\iPhone\images\3387@2x.png --> www.berti-golf.de /www.berti-golf.de/dvl-ticker/iPhone/images 3387@2x.png
2011.09.21 02:50 B C:\Users\Berti\workspace\www.dvl-ticker.de\iPhone\images\3388.png --> www.berti-golf.de /www.berti-golf.de/dvl-ticker/iPhone/images 3388.png
2011.09.21 02:50 B C:\Users\Berti\workspace\www.dvl-ticker.de\iPhone\images\3388@2x.png --> www.berti-golf.de /www.berti-golf.de/dvl-ticker/iPhone/images 3388@2x.png
2011.09.21 02:50 B C:\Users\Berti\workspace\www.dvl-ticker.de\iPhone\images\background_01@2x.png --> www.berti-golf.de /www.berti-golf.de/dvl-ticker/iPhone/images background_01@2x.png
2011.09.21 02:50 B C:\Users\Berti\workspace\www.dvl-ticker.de\iPhone\images\background_02@2x.png --> www.berti-golf.de /www.berti-golf.de/dvl-ticker/iPhone/images background_02@2x.png
2011.09.21 02:50 B C:\Users\Berti\workspace\www.dvl-ticker.de\iPhone\images\button_BF@2x.jpg --> www.berti-golf.de /www.berti-golf.de/dvl-ticker/iPhone/images button_BF@2x.jpg
2011.09.21 02:50 B C:\Users\Berti\workspace\www.dvl-ticker.de\iPhone\images\live_ticker_background.png --> www.berti-golf.de /www.berti-golf.de/dvl-ticker/iPhone/images live_ticker_background.png
2011.09.21 02:50 B C:\Users\Berti\workspace\www.dvl-ticker.de\iPhone\images\live_ticker_background@2x.png --> www.berti-golf.de /www.berti-golf.de/dvl-ticker/iPhone/images live_ticker_background@2x.png
2011.09.21 02:50 B C:\Users\Berti\workspace\www.dvl-ticker.de\iPhone\images\startseite.png --> www.berti-golf.de /www.berti-golf.de/dvl-ticker/iPhone/images startseite.png
2011.09.21 18:08 B C:\Users\Berti\workspace\www.dvl-ticker.de\iPhone\images\button_BSM.png --> www.berti-golf.de /www.berti-golf.de/dvl-ticker/iPhone/images button_BSM.png
2011.09.21 18:08 B C:\Users\Berti\workspace\www.dvl-ticker.de\iPhone\images\button_BSF.png --> www.berti-golf.de /www.berti-golf.de/dvl-ticker/iPhone/images button_BSF.png
2011.09.21 18:08 B C:\Users\Berti\workspace\www.dvl-ticker.de\iPhone\images\button_BNM.png --> www.berti-golf.de /www.berti-golf.de/dvl-ticker/iPhone/images button_BNM.png
2011.09.21 18:08 B C:\Users\Berti\workspace\www.dvl-ticker.de\iPhone\images\button_BNF.png --> www.berti-golf.de /www.berti-golf.de/dvl-ticker/iPhone/images button_BNF.png
2011.09.21 18:08 B C:\Users\Berti\workspace\www.dvl-ticker.de\iPhone\images\button_BM.png --> www.berti-golf.de /www.berti-golf.de/dvl-ticker/iPhone/images button_BM.png
2011.09.21 18:08 B C:\Users\Berti\workspace\www.dvl-ticker.de\iPhone\images\button_BF.png --> www.berti-golf.de /www.berti-golf.de/dvl-ticker/iPhone/images button_BF.png
2011.09.21 18:08 B C:\Users\Berti\workspace\www.dvl-ticker.de\iPhone\images\button_BSM@2x.png --> www.berti-golf.de /www.berti-golf.de/dvl-ticker/iPhone/images button_BSM@2x.png
2011.09.21 18:08 B C:\Users\Berti\workspace\www.dvl-ticker.de\iPhone\images\button_BSF@2x.png --> www.berti-golf.de /www.berti-golf.de/dvl-ticker/iPhone/images button_BSF@2x.png
2011.09.21 18:08 B C:\Users\Berti\workspace\www.dvl-ticker.de\iPhone\images\button_BNM@2x.png --> www.berti-golf.de /www.berti-golf.de/dvl-ticker/iPhone/images button_BNM@2x.png
2011.09.21 18:08 B C:\Users\Berti\workspace\www.dvl-ticker.de\iPhone\images\button_BNF@2x.png --> www.berti-golf.de /www.berti-golf.de/dvl-ticker/iPhone/images button_BNF@2x.png
2011.09.21 18:08 B C:\Users\Berti\workspace\www.dvl-ticker.de\iPhone\images\button_BM@2x.png --> www.berti-golf.de /www.berti-golf.de/dvl-ticker/iPhone/images button_BM@2x.png
2011.09.21 18:08 B C:\Users\Berti\workspace\www.dvl-ticker.de\iPhone\images\button_BF@2x.png --> www.berti-golf.de /www.berti-golf.de/dvl-ticker/iPhone/images button_BF@2x.png
2011.09.21 20:53 B C:\Users\Berti\workspace\www.dvl-ticker.de\iPhone\images\3367.png --> www.berti-golf.de /www.berti-golf.de/dvl-ticker/iPhone/images 3367.png
2011.09.23 08:39 B C:\Users\Berti\workspace\www.dvl-ticker.de\iPhone\images\beginne_button.png --> www.berti-golf.de /www.berti-golf.de/dvl-ticker/iPhone/images beginne_button.png
2011.09.24 15:38 B C:\Users\Berti\workspace\www.dvl-ticker.de\webapp\images\.DS_Store --> www.berti-golf.de /www.berti-golf.de/dvl-ticker/webapp/images .DS_Store
2011.09.24 15:38 B C:\Users\Berti\workspace\www.dvl-ticker.de\webapp\images\1blf.png --> www.berti-golf.de /www.berti-golf.de/dvl-ticker/webapp/images 1blf.png
2011.09.24 15:38 B C:\Users\Berti\workspace\www.dvl-ticker.de\webapp\images\1blf@2x.png --> www.berti-golf.de /www.berti-golf.de/dvl-ticker/webapp/images 1blf@2x.png
2011.09.24 15:38 B C:\Users\Berti\workspace\www.dvl-ticker.de\webapp\images\1blm.png --> www.berti-golf.de /www.berti-golf.de/dvl-ticker/webapp/images 1blm.png
2011.09.24 15:38 B C:\Users\Berti\workspace\www.dvl-ticker.de\webapp\images\1blm@2x.png --> www.berti-golf.de /www.berti-golf.de/dvl-ticker/webapp/images 1blm@2x.png
2011.09.24 15:38 B C:\Users\Berti\workspace\www.dvl-ticker.de\webapp\images\2blnf.png --> www.berti-golf.de /www.berti-golf.de/dvl-ticker/webapp/images 2blnf.png
2011.09.24 15:38 B C:\Users\Berti\workspace\www.dvl-ticker.de\webapp\images\2blnf@2x.png --> www.berti-golf.de /www.berti-golf.de/dvl-ticker/webapp/images 2blnf@2x.png
2011.09.24 15:38 B C:\Users\Berti\workspace\www.dvl-ticker.de\webapp\images\2blnm.png --> www.berti-golf.de /www.berti-golf.de/dvl-ticker/webapp/images 2blnm.png
2011.09.24 15:38 B C:\Users\Berti\workspace\www.dvl-ticker.de\webapp\images\2blnm@2x.png --> www.berti-golf.de /www.berti-golf.de/dvl-ticker/webapp/images 2blnm@2x.png
2011.09.24 15:38 B C:\Users\Berti\workspace\www.dvl-ticker.de\webapp\images\2blsf.png --> www.berti-golf.de /www.berti-golf.de/dvl-ticker/webapp/images 2blsf.png
2011.09.24 15:38 B C:\Users\Berti\workspace\www.dvl-ticker.de\webapp\images\2blsf@2x.png --> www.berti-golf.de /www.berti-golf.de/dvl-ticker/webapp/images 2blsf@2x.png
2011.09.24 15:38 B C:\Users\Berti\workspace\www.dvl-ticker.de\webapp\images\2blsm.png --> www.berti-golf.de /www.berti-golf.de/dvl-ticker/webapp/images 2blsm.png
2011.09.24 15:38 B C:\Users\Berti\workspace\www.dvl-ticker.de\webapp\images\2blsm@2x.png --> www.berti-golf.de /www.berti-golf.de/dvl-ticker/webapp/images 2blsm@2x.png
2011.09.24 15:38 B C:\Users\Berti\workspace\www.dvl-ticker.de\webapp\images\3310.png --> www.berti-golf.de /www.berti-golf.de/dvl-ticker/webapp/images 3310.png
2011.09.24 15:38 B C:\Users\Berti\workspace\www.dvl-ticker.de\webapp\images\3310@2x.png --> www.berti-golf.de /www.berti-golf.de/dvl-ticker/webapp/images 3310@2x.png
2011.09.24 15:38 B C:\Users\Berti\workspace\www.dvl-ticker.de\webapp\images\3311.png --> www.berti-golf.de /www.berti-golf.de/dvl-ticker/webapp/images 3311.png
2011.09.24 15:38 B C:\Users\Berti\workspace\www.dvl-ticker.de\webapp\images\3311@2x.png --> www.berti-golf.de /www.berti-golf.de/dvl-ticker/webapp/images 3311@2x.png
2011.09.24 15:38 B C:\Users\Berti\workspace\www.dvl-ticker.de\webapp\images\3312.png --> www.berti-golf.de /www.berti-golf.de/dvl-ticker/webapp/images 3312.png
2011.09.24 15:38 B C:\Users\Berti\workspace\www.dvl-ticker.de\webapp\images\3312@2x.png --> www.berti-golf.de /www.berti-golf.de/dvl-ticker/webapp/images 3312@2x.png
2011.09.24 15:38 B C:\Users\Berti\workspace\www.dvl-ticker.de\webapp\images\3313.png --> www.berti-golf.de /www.berti-golf.de/dvl-ticker/webapp/images 3313.png
2011.09.24 15:38 B C:\Users\Berti\workspace\www.dvl-ticker.de\webapp\images\3313@2x.png --> www.berti-golf.de /www.berti-golf.de/dvl-ticker/webapp/images 3313@2x.png
2011.09.24 15:38 B C:\Users\Berti\workspace\www.dvl-ticker.de\webapp\images\3314.png --> www.berti-golf.de /www.berti-golf.de/dvl-ticker/webapp/images 3314.png
2011.09.24 15:38 B C:\Users\Berti\workspace\www.dvl-ticker.de\webapp\images\3314@2x.png --> www.berti-golf.de /www.berti-golf.de/dvl-ticker/webapp/images 3314@2x.png
2011.09.24 15:38 B C:\Users\Berti\workspace\www.dvl-ticker.de\webapp\images\3315.png --> www.berti-golf.de /www.berti-golf.de/dvl-ticker/webapp/images 3315.png
2011.09.24 15:38 B C:\Users\Berti\workspace\www.dvl-ticker.de\webapp\images\3315@2x.png --> www.berti-golf.de /www.berti-golf.de/dvl-ticker/webapp/images 3315@2x.png
2011.09.24 15:38 B C:\Users\Berti\workspace\www.dvl-ticker.de\webapp\images\3316.png --> www.berti-golf.de /www.berti-golf.de/dvl-ticker/webapp/images 3316.png
2011.09.24 15:38 B C:\Users\Berti\workspace\www.dvl-ticker.de\webapp\images\3316@2x.png --> www.berti-golf.de /www.berti-golf.de/dvl-ticker/webapp/images 3316@2x.png
2011.09.24 15:38 B C:\Users\Berti\workspace\www.dvl-ticker.de\webapp\images\3317.png --> www.berti-golf.de /www.berti-golf.de/dvl-ticker/webapp/images 3317.png
2011.09.24 15:38 B C:\Users\Berti\workspace\www.dvl-ticker.de\webapp\images\3317@2x.png --> www.berti-golf.de /www.berti-golf.de/dvl-ticker/webapp/images 3317@2x.png
2011.09.24 15:38 B C:\Users\Berti\workspace\www.dvl-ticker.de\webapp\images\3318.png --> www.berti-golf.de /www.berti-golf.de/dvl-ticker/webapp/images 3318.png
2011.09.24 15:38 B C:\Users\Berti\workspace\www.dvl-ticker.de\webapp\images\3318@2x.png --> www.berti-golf.de /www.berti-golf.de/dvl-ticker/webapp/images 3318@2x.png
2011.09.24 15:38 B C:\Users\Berti\workspace\www.dvl-ticker.de\webapp\images\3319.png --> www.berti-golf.de /www.berti-golf.de/dvl-ticker/webapp/images 3319.png
2011.09.24 15:38 B C:\Users\Berti\workspace\www.dvl-ticker.de\webapp\images\3319@2x.png --> www.berti-golf.de /www.berti-golf.de/dvl-ticker/webapp/images 3319@2x.png
2011.09.24 15:38 B C:\Users\Berti\workspace\www.dvl-ticker.de\webapp\images\3320.png --> www.berti-golf.de /www.berti-golf.de/dvl-ticker/webapp/images 3320.png
2011.09.24 15:38 B C:\Users\Berti\workspace\www.dvl-ticker.de\webapp\images\3320@2x.png --> www.berti-golf.de /www.berti-golf.de/dvl-ticker/webapp/images 3320@2x.png
2011.09.24 15:38 B C:\Users\Berti\workspace\www.dvl-ticker.de\webapp\images\3321.png --> www.berti-golf.de /www.berti-golf.de/dvl-ticker/webapp/images 3321.png
2011.09.24 15:38 B C:\Users\Berti\workspace\www.dvl-ticker.de\webapp\images\3321@2x.png --> www.berti-golf.de /www.berti-golf.de/dvl-ticker/webapp/images 3321@2x.png
2011.09.24 15:38 B C:\Users\Berti\workspace\www.dvl-ticker.de\webapp\images\3322.png --> www.berti-golf.de /www.berti-golf.de/dvl-ticker/webapp/images 3322.png
2011.09.24 15:38 B C:\Users\Berti\workspace\www.dvl-ticker.de\webapp\images\3322@2x.png --> www.berti-golf.de /www.berti-golf.de/dvl-ticker/webapp/images 3322@2x.png
2011.09.24 15:38 B C:\Users\Berti\workspace\www.dvl-ticker.de\webapp\images\3323.png --> www.berti-golf.de /www.berti-golf.de/dvl-ticker/webapp/images 3323.png
2011.09.24 15:38 B C:\Users\Berti\workspace\www.dvl-ticker.de\webapp\images\3323@2x.png --> www.berti-golf.de /www.berti-golf.de/dvl-ticker/webapp/images 3323@2x.png
2011.09.24 15:38 B C:\Users\Berti\workspace\www.dvl-ticker.de\webapp\images\3324.png --> www.berti-golf.de /www.berti-golf.de/dvl-ticker/webapp/images 3324.png
2011.09.24 15:38 B C:\Users\Berti\workspace\www.dvl-ticker.de\webapp\images\3324@2x.png --> www.berti-golf.de /www.berti-golf.de/dvl-ticker/webapp/images 3324@2x.png
2011.09.24 15:38 B C:\Users\Berti\workspace\www.dvl-ticker.de\webapp\images\3325.png --> www.berti-golf.de /www.berti-golf.de/dvl-ticker/webapp/images 3325.png
2011.09.24 15:38 B C:\Users\Berti\workspace\www.dvl-ticker.de\webapp\images\3325@2x.png --> www.berti-golf.de /www.berti-golf.de/dvl-ticker/webapp/images 3325@2x.png
2011.09.24 15:38 B C:\Users\Berti\workspace\www.dvl-ticker.de\webapp\images\3326.png --> www.berti-golf.de /www.berti-golf.de/dvl-ticker/webapp/images 3326.png
2011.09.24 15:38 B C:\Users\Berti\workspace\www.dvl-ticker.de\webapp\images\3326@2x.png --> www.berti-golf.de /www.berti-golf.de/dvl-ticker/webapp/images 3326@2x.png
2011.09.24 15:38 B C:\Users\Berti\workspace\www.dvl-ticker.de\webapp\images\3327.png --> www.berti-golf.de /www.berti-golf.de/dvl-ticker/webapp/images 3327.png
2011.09.24 15:38 B C:\Users\Berti\workspace\www.dvl-ticker.de\webapp\images\3327@2x.png --> www.berti-golf.de /www.berti-golf.de/dvl-ticker/webapp/images 3327@2x.png
2011.09.24 15:38 B C:\Users\Berti\workspace\www.dvl-ticker.de\webapp\images\3328.png --> www.berti-golf.de /www.berti-golf.de/dvl-ticker/webapp/images 3328.png
2011.09.24 15:38 B C:\Users\Berti\workspace\www.dvl-ticker.de\webapp\images\3328@2x.png --> www.berti-golf.de /www.berti-golf.de/dvl-ticker/webapp/images 3328@2x.png
2011.09.24 15:38 B C:\Users\Berti\workspace\www.dvl-ticker.de\webapp\images\3329.png --> www.berti-golf.de /www.berti-golf.de/dvl-ticker/webapp/images 3329.png
2011.09.24 15:38 B C:\Users\Berti\workspace\www.dvl-ticker.de\webapp\images\3329@2x.png --> www.berti-golf.de /www.berti-golf.de/dvl-ticker/webapp/images 3329@2x.png
2011.09.24 15:38 B C:\Users\Berti\workspace\www.dvl-ticker.de\webapp\images\3330.png --> www.berti-golf.de /www.berti-golf.de/dvl-ticker/webapp/images 3330.png
2011.09.24 15:38 B C:\Users\Berti\workspace\www.dvl-ticker.de\webapp\images\3330@2x.png --> www.berti-golf.de /www.berti-golf.de/dvl-ticker/webapp/images 3330@2x.png
2011.09.24 15:38 B C:\Users\Berti\workspace\www.dvl-ticker.de\webapp\images\3331.png --> www.berti-golf.de /www.berti-golf.de/dvl-ticker/webapp/images 3331.png
2011.09.24 15:38 B C:\Users\Berti\workspace\www.dvl-ticker.de\webapp\images\3331@2x.png --> www.berti-golf.de /www.berti-golf.de/dvl-ticker/webapp/images 3331@2x.png
2011.09.24 15:38 B C:\Users\Berti\workspace\www.dvl-ticker.de\webapp\images\3332.png --> www.berti-golf.de /www.berti-golf.de/dvl-ticker/webapp/images 3332.png
2011.09.24 15:38 B C:\Users\Berti\workspace\www.dvl-ticker.de\webapp\images\3332@2x.png --> www.berti-golf.de /www.berti-golf.de/dvl-ticker/webapp/images 3332@2x.png
2011.09.24 15:38 B C:\Users\Berti\workspace\www.dvl-ticker.de\webapp\images\3333.png --> www.berti-golf.de /www.berti-golf.de/dvl-ticker/webapp/images 3333.png
2011.09.24 15:38 B C:\Users\Berti\workspace\www.dvl-ticker.de\webapp\images\3333@2x.png --> www.berti-golf.de /www.berti-golf.de/dvl-ticker/webapp/images 3333@2x.png
2011.09.24 15:38 B C:\Users\Berti\workspace\www.dvl-ticker.de\webapp\images\3334.png --> www.berti-golf.de /www.berti-golf.de/dvl-ticker/webapp/images 3334.png
2011.09.24 15:38 B C:\Users\Berti\workspace\www.dvl-ticker.de\webapp\images\3334@2x.png --> www.berti-golf.de /www.berti-golf.de/dvl-ticker/webapp/images 3334@2x.png
2011.09.24 15:38 B C:\Users\Berti\workspace\www.dvl-ticker.de\webapp\images\3335.png --> www.berti-golf.de /www.berti-golf.de/dvl-ticker/webapp/images 3335.png
2011.09.24 15:38 B C:\Users\Berti\workspace\www.dvl-ticker.de\webapp\images\3335@2x.png --> www.berti-golf.de /www.berti-golf.de/dvl-ticker/webapp/images 3335@2x.png
2011.09.24 15:38 B C:\Users\Berti\workspace\www.dvl-ticker.de\webapp\images\3337.png --> www.berti-golf.de /www.berti-golf.de/dvl-ticker/webapp/images 3337.png
2011.09.24 15:38 B C:\Users\Berti\workspace\www.dvl-ticker.de\webapp\images\3337@2x.png --> www.berti-golf.de /www.berti-golf.de/dvl-ticker/webapp/images 3337@2x.png
2011.09.24 15:39 B C:\Users\Berti\workspace\www.dvl-ticker.de\webapp\images\3338.png --> www.berti-golf.de /www.berti-golf.de/dvl-ticker/webapp/images 3338.png
2011.09.24 15:39 B C:\Users\Berti\workspace\www.dvl-ticker.de\webapp\images\3338@2x.png --> www.berti-golf.de /www.berti-golf.de/dvl-ticker/webapp/images 3338@2x.png
2011.09.24 15:39 B C:\Users\Berti\workspace\www.dvl-ticker.de\webapp\images\3339.png --> www.berti-golf.de /www.berti-golf.de/dvl-ticker/webapp/images 3339.png
2011.09.24 15:39 B C:\Users\Berti\workspace\www.dvl-ticker.de\webapp\images\3339@2x.png --> www.berti-golf.de /www.berti-golf.de/dvl-ticker/webapp/images 3339@2x.png
2011.09.24 15:39 B C:\Users\Berti\workspace\www.dvl-ticker.de\webapp\images\3340.png --> www.berti-golf.de /www.berti-golf.de/dvl-ticker/webapp/images 3340.png
2011.09.24 15:39 B C:\Users\Berti\workspace\www.dvl-ticker.de\webapp\images\3340@2x.png --> www.berti-golf.de /www.berti-golf.de/dvl-ticker/webapp/images 3340@2x.png
2011.09.24 15:39 B C:\Users\Berti\workspace\www.dvl-ticker.de\webapp\images\3341.png --> www.berti-golf.de /www.berti-golf.de/dvl-ticker/webapp/images 3341.png
2011.09.24 15:39 B C:\Users\Berti\workspace\www.dvl-ticker.de\webapp\images\3341@2x.png --> www.berti-golf.de /www.berti-golf.de/dvl-ticker/webapp/images 3341@2x.png
2011.09.24 15:39 B C:\Users\Berti\workspace\www.dvl-ticker.de\webapp\images\3342.png --> www.berti-golf.de /www.berti-golf.de/dvl-ticker/webapp/images 3342.png
2011.09.24 15:39 B C:\Users\Berti\workspace\www.dvl-ticker.de\webapp\images\3342@2x.png --> www.berti-golf.de /www.berti-golf.de/dvl-ticker/webapp/images 3342@2x.png
2011.09.24 15:39 B C:\Users\Berti\workspace\www.dvl-ticker.de\webapp\images\3343.png --> www.berti-golf.de /www.berti-golf.de/dvl-ticker/webapp/images 3343.png
2011.09.24 15:39 B C:\Users\Berti\workspace\www.dvl-ticker.de\webapp\images\3343@2x.png --> www.berti-golf.de /www.berti-golf.de/dvl-ticker/webapp/images 3343@2x.png
2011.09.24 15:39 B C:\Users\Berti\workspace\www.dvl-ticker.de\webapp\images\3344.png --> www.berti-golf.de /www.berti-golf.de/dvl-ticker/webapp/images 3344.png
2011.09.24 15:39 B C:\Users\Berti\workspace\www.dvl-ticker.de\webapp\images\3344@2x.png --> www.berti-golf.de /www.berti-golf.de/dvl-ticker/webapp/images 3344@2x.png
2011.09.24 15:39 B C:\Users\Berti\workspace\www.dvl-ticker.de\webapp\images\3345.png --> www.berti-golf.de /www.berti-golf.de/dvl-ticker/webapp/images 3345.png
2011.09.24 15:39 B C:\Users\Berti\workspace\www.dvl-ticker.de\webapp\images\3345@2x.png --> www.berti-golf.de /www.berti-golf.de/dvl-ticker/webapp/images 3345@2x.png
2011.09.24 15:39 B C:\Users\Berti\workspace\www.dvl-ticker.de\webapp\images\3346.png --> www.berti-golf.de /www.berti-golf.de/dvl-ticker/webapp/images 3346.png
2011.09.24 15:39 B C:\Users\Berti\workspace\www.dvl-ticker.de\webapp\images\3346@2x.png --> www.berti-golf.de /www.berti-golf.de/dvl-ticker/webapp/images 3346@2x.png
2011.09.24 15:39 B C:\Users\Berti\workspace\www.dvl-ticker.de\webapp\images\3347.png --> www.berti-golf.de /www.berti-golf.de/dvl-ticker/webapp/images 3347.png
2011.09.24 15:39 B C:\Users\Berti\workspace\www.dvl-ticker.de\webapp\images\3347@2x.png --> www.berti-golf.de /www.berti-golf.de/dvl-ticker/webapp/images 3347@2x.png
2011.09.24 15:39 B C:\Users\Berti\workspace\www.dvl-ticker.de\webapp\images\3348.png --> www.berti-golf.de /www.berti-golf.de/dvl-ticker/webapp/images 3348.png
2011.09.24 15:39 B C:\Users\Berti\workspace\www.dvl-ticker.de\webapp\images\3348@2x.png --> www.berti-golf.de /www.berti-golf.de/dvl-ticker/webapp/images 3348@2x.png
2011.09.24 15:39 B C:\Users\Berti\workspace\www.dvl-ticker.de\webapp\images\3349.png --> www.berti-golf.de /www.berti-golf.de/dvl-ticker/webapp/images 3349.png
2011.09.24 15:39 B C:\Users\Berti\workspace\www.dvl-ticker.de\webapp\images\3349@2x.png --> www.berti-golf.de /www.berti-golf.de/dvl-ticker/webapp/images 3349@2x.png
2011.09.24 15:39 B C:\Users\Berti\workspace\www.dvl-ticker.de\webapp\images\3350.png --> www.berti-golf.de /www.berti-golf.de/dvl-ticker/webapp/images 3350.png
2011.09.24 15:39 B C:\Users\Berti\workspace\www.dvl-ticker.de\webapp\images\3350@2x.png --> www.berti-golf.de /www.berti-golf.de/dvl-ticker/webapp/images 3350@2x.png
2011.09.24 15:39 B C:\Users\Berti\workspace\www.dvl-ticker.de\webapp\images\3351.png --> www.berti-golf.de /www.berti-golf.de/dvl-ticker/webapp/images 3351.png
2011.09.24 15:39 B C:\Users\Berti\workspace\www.dvl-ticker.de\webapp\images\3351@2x.png --> www.berti-golf.de /www.berti-golf.de/dvl-ticker/webapp/images 3351@2x.png
2011.09.24 15:39 B C:\Users\Berti\workspace\www.dvl-ticker.de\webapp\images\3352.png --> www.berti-golf.de /www.berti-golf.de/dvl-ticker/webapp/images 3352.png
2011.09.24 15:39 B C:\Users\Berti\workspace\www.dvl-ticker.de\webapp\images\3352@2x.png --> www.berti-golf.de /www.berti-golf.de/dvl-ticker/webapp/images 3352@2x.png
2011.09.24 15:39 B C:\Users\Berti\workspace\www.dvl-ticker.de\webapp\images\3353.png --> www.berti-golf.de /www.berti-golf.de/dvl-ticker/webapp/images 3353.png
2011.09.24 15:39 B C:\Users\Berti\workspace\www.dvl-ticker.de\webapp\images\3353@2x.png --> www.berti-golf.de /www.berti-golf.de/dvl-ticker/webapp/images 3353@2x.png
2011.09.24 15:39 B C:\Users\Berti\workspace\www.dvl-ticker.de\webapp\images\3354.png --> www.berti-golf.de /www.berti-golf.de/dvl-ticker/webapp/images 3354.png
2011.09.24 15:39 B C:\Users\Berti\workspace\www.dvl-ticker.de\webapp\images\3354@2x.png --> www.berti-golf.de /www.berti-golf.de/dvl-ticker/webapp/images 3354@2x.png
2011.09.24 15:39 B C:\Users\Berti\workspace\www.dvl-ticker.de\webapp\images\3355.png --> www.berti-golf.de /www.berti-golf.de/dvl-ticker/webapp/images 3355.png
2011.09.24 15:39 B C:\Users\Berti\workspace\www.dvl-ticker.de\webapp\images\3355@2x.png --> www.berti-golf.de /www.berti-golf.de/dvl-ticker/webapp/images 3355@2x.png
2011.09.24 15:39 B C:\Users\Berti\workspace\www.dvl-ticker.de\webapp\images\3356.png --> www.berti-golf.de /www.berti-golf.de/dvl-ticker/webapp/images 3356.png
2011.09.24 15:39 B C:\Users\Berti\workspace\www.dvl-ticker.de\webapp\images\3356@2x.png --> www.berti-golf.de /www.berti-golf.de/dvl-ticker/webapp/images 3356@2x.png
2011.09.24 15:39 B C:\Users\Berti\workspace\www.dvl-ticker.de\webapp\images\3357.png --> www.berti-golf.de /www.berti-golf.de/dvl-ticker/webapp/images 3357.png
2011.09.24 15:39 B C:\Users\Berti\workspace\www.dvl-ticker.de\webapp\images\3357@2x.png --> www.berti-golf.de /www.berti-golf.de/dvl-ticker/webapp/images 3357@2x.png
2011.09.24 15:39 B C:\Users\Berti\workspace\www.dvl-ticker.de\webapp\images\3358.png --> www.berti-golf.de /www.berti-golf.de/dvl-ticker/webapp/images 3358.png
2011.09.24 15:39 B C:\Users\Berti\workspace\www.dvl-ticker.de\webapp\images\3358@2x.png --> www.berti-golf.de /www.berti-golf.de/dvl-ticker/webapp/images 3358@2x.png
2011.09.24 15:39 B C:\Users\Berti\workspace\www.dvl-ticker.de\webapp\images\3359.png --> www.berti-golf.de /www.berti-golf.de/dvl-ticker/webapp/images 3359.png
2011.09.24 15:39 B C:\Users\Berti\workspace\www.dvl-ticker.de\webapp\images\3359@2x.png --> www.berti-golf.de /www.berti-golf.de/dvl-ticker/webapp/images 3359@2x.png
2011.09.24 15:39 B C:\Users\Berti\workspace\www.dvl-ticker.de\webapp\images\3360.png --> www.berti-golf.de /www.berti-golf.de/dvl-ticker/webapp/images 3360.png
2011.09.24 15:39 B C:\Users\Berti\workspace\www.dvl-ticker.de\webapp\images\3360@2x.png --> www.berti-golf.de /www.berti-golf.de/dvl-ticker/webapp/images 3360@2x.png
2011.09.24 15:39 B C:\Users\Berti\workspace\www.dvl-ticker.de\webapp\images\3361.png --> www.berti-golf.de /www.berti-golf.de/dvl-ticker/webapp/images 3361.png
2011.09.24 15:39 B C:\Users\Berti\workspace\www.dvl-ticker.de\webapp\images\3361@2x.png --> www.berti-golf.de /www.berti-golf.de/dvl-ticker/webapp/images 3361@2x.png
2011.09.24 15:39 B C:\Users\Berti\workspace\www.dvl-ticker.de\webapp\images\3362.png --> www.berti-golf.de /www.berti-golf.de/dvl-ticker/webapp/images 3362.png
2011.09.24 15:39 B C:\Users\Berti\workspace\www.dvl-ticker.de\webapp\images\3362@2x.png --> www.berti-golf.de /www.berti-golf.de/dvl-ticker/webapp/images 3362@2x.png
2011.09.24 15:39 B C:\Users\Berti\workspace\www.dvl-ticker.de\webapp\images\3363.png --> www.berti-golf.de /www.berti-golf.de/dvl-ticker/webapp/images 3363.png
2011.09.24 15:39 B C:\Users\Berti\workspace\www.dvl-ticker.de\webapp\images\3363@2x.png --> www.berti-golf.de /www.berti-golf.de/dvl-ticker/webapp/images 3363@2x.png
2011.09.24 15:39 B C:\Users\Berti\workspace\www.dvl-ticker.de\webapp\images\3364.png --> www.berti-golf.de /www.berti-golf.de/dvl-ticker/webapp/images 3364.png
2011.09.24 15:39 B C:\Users\Berti\workspace\www.dvl-ticker.de\webapp\images\3364@2x.png --> www.berti-golf.de /www.berti-golf.de/dvl-ticker/webapp/images 3364@2x.png
2011.09.24 15:39 B C:\Users\Berti\workspace\www.dvl-ticker.de\webapp\images\3365.png --> www.berti-golf.de /www.berti-golf.de/dvl-ticker/webapp/images 3365.png
2011.09.24 15:39 B C:\Users\Berti\workspace\www.dvl-ticker.de\webapp\images\3365@2x.png --> www.berti-golf.de /www.berti-golf.de/dvl-ticker/webapp/images 3365@2x.png
2011.09.24 15:39 B C:\Users\Berti\workspace\www.dvl-ticker.de\webapp\images\3366.png --> www.berti-golf.de /www.berti-golf.de/dvl-ticker/webapp/images 3366.png
2011.09.24 15:39 B C:\Users\Berti\workspace\www.dvl-ticker.de\webapp\images\3366@2x.png --> www.berti-golf.de /www.berti-golf.de/dvl-ticker/webapp/images 3366@2x.png
2011.09.24 15:39 B C:\Users\Berti\workspace\www.dvl-ticker.de\webapp\images\3367.png --> www.berti-golf.de /www.berti-golf.de/dvl-ticker/webapp/images 3367.png
2011.09.24 15:39 B C:\Users\Berti\workspace\www.dvl-ticker.de\webapp\images\3367@2x.png --> www.berti-golf.de /www.berti-golf.de/dvl-ticker/webapp/images 3367@2x.png
2011.09.24 15:39 B C:\Users\Berti\workspace\www.dvl-ticker.de\webapp\images\3368.png --> www.berti-golf.de /www.berti-golf.de/dvl-ticker/webapp/images 3368.png
2011.09.24 15:39 B C:\Users\Berti\workspace\www.dvl-ticker.de\webapp\images\3368@2x.png --> www.berti-golf.de /www.berti-golf.de/dvl-ticker/webapp/images 3368@2x.png
2011.09.24 15:39 B C:\Users\Berti\workspace\www.dvl-ticker.de\webapp\images\3369.png --> www.berti-golf.de /www.berti-golf.de/dvl-ticker/webapp/images 3369.png
2011.09.24 15:39 B C:\Users\Berti\workspace\www.dvl-ticker.de\webapp\images\3369@2x.png --> www.berti-golf.de /www.berti-golf.de/dvl-ticker/webapp/images 3369@2x.png
2011.09.24 15:39 B C:\Users\Berti\workspace\www.dvl-ticker.de\webapp\images\3370.png --> www.berti-golf.de /www.berti-golf.de/dvl-ticker/webapp/images 3370.png
2011.09.24 15:39 B C:\Users\Berti\workspace\www.dvl-ticker.de\webapp\images\3370@2x.png --> www.berti-golf.de /www.berti-golf.de/dvl-ticker/webapp/images 3370@2x.png
2011.09.24 15:39 B C:\Users\Berti\workspace\www.dvl-ticker.de\webapp\images\3371.png --> www.berti-golf.de /www.berti-golf.de/dvl-ticker/webapp/images 3371.png
2011.09.24 15:39 B C:\Users\Berti\workspace\www.dvl-ticker.de\webapp\images\3371@2x..png --> www.berti-golf.de /www.berti-golf.de/dvl-ticker/webapp/images 3371@2x..png
2011.09.24 15:39 B C:\Users\Berti\workspace\www.dvl-ticker.de\webapp\images\3372.png --> www.berti-golf.de /www.berti-golf.de/dvl-ticker/webapp/images 3372.png
2011.09.24 15:39 B C:\Users\Berti\workspace\www.dvl-ticker.de\webapp\images\3372@2x.png --> www.berti-golf.de /www.berti-golf.de/dvl-ticker/webapp/images 3372@2x.png
2011.09.24 15:39 B C:\Users\Berti\workspace\www.dvl-ticker.de\webapp\images\3373.png --> www.berti-golf.de /www.berti-golf.de/dvl-ticker/webapp/images 3373.png
2011.09.24 15:39 B C:\Users\Berti\workspace\www.dvl-ticker.de\webapp\images\3373@2x.png --> www.berti-golf.de /www.berti-golf.de/dvl-ticker/webapp/images 3373@2x.png
2011.09.24 15:39 B C:\Users\Berti\workspace\www.dvl-ticker.de\webapp\images\3374.png --> www.berti-golf.de /www.berti-golf.de/dvl-ticker/webapp/images 3374.png
2011.09.24 15:39 B C:\Users\Berti\workspace\www.dvl-ticker.de\webapp\images\3374@2x.png --> www.berti-golf.de /www.berti-golf.de/dvl-ticker/webapp/images 3374@2x.png
2011.09.24 15:39 B C:\Users\Berti\workspace\www.dvl-ticker.de\webapp\images\3375.png --> www.berti-golf.de /www.berti-golf.de/dvl-ticker/webapp/images 3375.png
2011.09.24 15:39 B C:\Users\Berti\workspace\www.dvl-ticker.de\webapp\images\3375@2x.png --> www.berti-golf.de /www.berti-golf.de/dvl-ticker/webapp/images 3375@2x.png
2011.09.24 15:39 B C:\Users\Berti\workspace\www.dvl-ticker.de\webapp\images\3376.png --> www.berti-golf.de /www.berti-golf.de/dvl-ticker/webapp/images 3376.png
2011.09.24 15:39 B C:\Users\Berti\workspace\www.dvl-ticker.de\webapp\images\3376@2x.png --> www.berti-golf.de /www.berti-golf.de/dvl-ticker/webapp/images 3376@2x.png
2011.09.24 15:39 B C:\Users\Berti\workspace\www.dvl-ticker.de\webapp\images\3377.png --> www.berti-golf.de /www.berti-golf.de/dvl-ticker/webapp/images 3377.png
2011.09.24 15:39 B C:\Users\Berti\workspace\www.dvl-ticker.de\webapp\images\3377@2x.png --> www.berti-golf.de /www.berti-golf.de/dvl-ticker/webapp/images 3377@2x.png
2011.09.24 15:39 B C:\Users\Berti\workspace\www.dvl-ticker.de\webapp\images\3378.png --> www.berti-golf.de /www.berti-golf.de/dvl-ticker/webapp/images 3378.png
2011.09.24 15:39 B C:\Users\Berti\workspace\www.dvl-ticker.de\webapp\images\3378@2x.png --> www.berti-golf.de /www.berti-golf.de/dvl-ticker/webapp/images 3378@2x.png
2011.09.24 15:39 B C:\Users\Berti\workspace\www.dvl-ticker.de\webapp\images\3379.png --> www.berti-golf.de /www.berti-golf.de/dvl-ticker/webapp/images 3379.png
2011.09.24 15:39 B C:\Users\Berti\workspace\www.dvl-ticker.de\webapp\images\3379@2x.png --> www.berti-golf.de /www.berti-golf.de/dvl-ticker/webapp/images 3379@2x.png
2011.09.24 15:39 B C:\Users\Berti\workspace\www.dvl-ticker.de\webapp\images\3380.png --> www.berti-golf.de /www.berti-golf.de/dvl-ticker/webapp/images 3380.png
2011.09.24 15:39 B C:\Users\Berti\workspace\www.dvl-ticker.de\webapp\images\3380@2x.png --> www.berti-golf.de /www.berti-golf.de/dvl-ticker/webapp/images 3380@2x.png
2011.09.24 15:39 B C:\Users\Berti\workspace\www.dvl-ticker.de\webapp\images\3381.png --> www.berti-golf.de /www.berti-golf.de/dvl-ticker/webapp/images 3381.png
2011.09.24 15:39 B C:\Users\Berti\workspace\www.dvl-ticker.de\webapp\images\3381@2x.png --> www.berti-golf.de /www.berti-golf.de/dvl-ticker/webapp/images 3381@2x.png
2011.09.24 15:39 B C:\Users\Berti\workspace\www.dvl-ticker.de\webapp\images\3382.png --> www.berti-golf.de /www.berti-golf.de/dvl-ticker/webapp/images 3382.png
2011.09.24 15:39 B C:\Users\Berti\workspace\www.dvl-ticker.de\webapp\images\3382@2x.png --> www.berti-golf.de /www.berti-golf.de/dvl-ticker/webapp/images 3382@2x.png
2011.09.24 15:39 B C:\Users\Berti\workspace\www.dvl-ticker.de\webapp\images\3383.png --> www.berti-golf.de /www.berti-golf.de/dvl-ticker/webapp/images 3383.png
2011.09.24 15:39 B C:\Users\Berti\workspace\www.dvl-ticker.de\webapp\images\3383@2x.png --> www.berti-golf.de /www.berti-golf.de/dvl-ticker/webapp/images 3383@2x.png
2011.09.24 15:39 B C:\Users\Berti\workspace\www.dvl-ticker.de\webapp\images\3384.png --> www.berti-golf.de /www.berti-golf.de/dvl-ticker/webapp/images 3384.png
2011.09.24 15:39 B C:\Users\Berti\workspace\www.dvl-ticker.de\webapp\images\3384@2x.png --> www.berti-golf.de /www.berti-golf.de/dvl-ticker/webapp/images 3384@2x.png
2011.09.24 15:40 B C:\Users\Berti\workspace\www.dvl-ticker.de\webapp\images\3385.png --> www.berti-golf.de /www.berti-golf.de/dvl-ticker/webapp/images 3385.png
2011.09.24 15:40 B C:\Users\Berti\workspace\www.dvl-ticker.de\webapp\images\3385@2x.png --> www.berti-golf.de /www.berti-golf.de/dvl-ticker/webapp/images 3385@2x.png
2011.09.24 15:40 B C:\Users\Berti\workspace\www.dvl-ticker.de\webapp\images\3386.png --> www.berti-golf.de /www.berti-golf.de/dvl-ticker/webapp/images 3386.png
2011.09.24 15:40 B C:\Users\Berti\workspace\www.dvl-ticker.de\webapp\images\3386@2x.png --> www.berti-golf.de /www.berti-golf.de/dvl-ticker/webapp/images 3386@2x.png
2011.09.24 15:40 B C:\Users\Berti\workspace\www.dvl-ticker.de\webapp\images\3387.png --> www.berti-golf.de /www.berti-golf.de/dvl-ticker/webapp/images 3387.png
2011.09.24 15:40 B C:\Users\Berti\workspace\www.dvl-ticker.de\webapp\images\3387@2x.png --> www.berti-golf.de /www.berti-golf.de/dvl-ticker/webapp/images 3387@2x.png
2011.09.24 15:40 B C:\Users\Berti\workspace\www.dvl-ticker.de\webapp\images\3388.png --> www.berti-golf.de /www.berti-golf.de/dvl-ticker/webapp/images 3388.png
2011.09.24 15:40 B C:\Users\Berti\workspace\www.dvl-ticker.de\webapp\images\3388@2x.png --> www.berti-golf.de /www.berti-golf.de/dvl-ticker/webapp/images 3388@2x.png
2011.09.24 15:40 B C:\Users\Berti\workspace\www.dvl-ticker.de\webapp\images\ajax-loader.png --> www.berti-golf.de /www.berti-golf.de/dvl-ticker/webapp/images ajax-loader.png
2011.09.24 15:40 B C:\Users\Berti\workspace\www.dvl-ticker.de\webapp\images\back_button.png --> www.berti-golf.de /www.berti-golf.de/dvl-ticker/webapp/images back_button.png
2011.09.24 15:40 B C:\Users\Berti\workspace\www.dvl-ticker.de\webapp\images\back_button@2x.png --> www.berti-golf.de /www.berti-golf.de/dvl-ticker/webapp/images back_button@2x.png
2011.09.24 15:40 B C:\Users\Berti\workspace\www.dvl-ticker.de\webapp\images\background_app.png --> www.berti-golf.de /www.berti-golf.de/dvl-ticker/webapp/images background_app.png
2011.09.24 15:40 B C:\Users\Berti\workspace\www.dvl-ticker.de\webapp\images\beginne_button.png --> www.berti-golf.de /www.berti-golf.de/dvl-ticker/webapp/images beginne_button.png
2011.09.24 15:40 B C:\Users\Berti\workspace\www.dvl-ticker.de\webapp\images\beginne_button@2x.png --> www.berti-golf.de /www.berti-golf.de/dvl-ticker/webapp/images beginne_button@2x.png
2011.09.24 15:40 B C:\Users\Berti\workspace\www.dvl-ticker.de\webapp\images\bottom_navi_bacground.png --> www.berti-golf.de /www.berti-golf.de/dvl-ticker/webapp/images bottom_navi_bacground.png
2011.09.24 15:40 B C:\Users\Berti\workspace\www.dvl-ticker.de\webapp\images\bottom_navi_bacground@2x.png --> www.berti-golf.de /www.berti-golf.de/dvl-ticker/webapp/images bottom_navi_bacground@2x.png
2011.09.24 15:40 B C:\Users\Berti\workspace\www.dvl-ticker.de\webapp\images\bottom_navi_bacground_liveticker.png --> www.berti-golf.de /www.berti-golf.de/dvl-ticker/webapp/images bottom_navi_bacground_liveticker.png
2011.09.24 15:40 B C:\Users\Berti\workspace\www.dvl-ticker.de\webapp\images\bottom_navi_bacground_liveticker@2x.png --> www.berti-golf.de /www.berti-golf.de/dvl-ticker/webapp/images bottom_navi_bacground_liveticker@2x.png
2011.09.24 15:40 B C:\Users\Berti\workspace\www.dvl-ticker.de\webapp\images\bottom_navi_bacground_news.png --> www.berti-golf.de /www.berti-golf.de/dvl-ticker/webapp/images bottom_navi_bacground_news.png
2011.09.24 15:40 B C:\Users\Berti\workspace\www.dvl-ticker.de\webapp\images\bottom_navi_bacground_news@2x.png --> www.berti-golf.de /www.berti-golf.de/dvl-ticker/webapp/images bottom_navi_bacground_news@2x.png
2011.09.24 15:40 B C:\Users\Berti\workspace\www.dvl-ticker.de\webapp\images\bottom_navi_bacground_presse.png --> www.berti-golf.de /www.berti-golf.de/dvl-ticker/webapp/images bottom_navi_bacground_presse.png
2011.09.24 15:40 B C:\Users\Berti\workspace\www.dvl-ticker.de\webapp\images\bottom_navi_bacground_presse@2x.png --> www.berti-golf.de /www.berti-golf.de/dvl-ticker/webapp/images bottom_navi_bacground_presse@2x.png
2011.09.24 15:40 B C:\Users\Berti\workspace\www.dvl-ticker.de\webapp\images\bottom_navi_bacground_spielplan.png --> www.berti-golf.de /www.berti-golf.de/dvl-ticker/webapp/images bottom_navi_bacground_spielplan.png
2011.09.24 15:40 B C:\Users\Berti\workspace\www.dvl-ticker.de\webapp\images\bottom_navi_bacground_spielplan@2x.png --> www.berti-golf.de /www.berti-golf.de/dvl-ticker/webapp/images bottom_navi_bacground_spielplan@2x.png
2011.09.24 15:40 B C:\Users\Berti\workspace\www.dvl-ticker.de\webapp\images\bottom_navi_bacground_tabelle.png --> www.berti-golf.de /www.berti-golf.de/dvl-ticker/webapp/images bottom_navi_bacground_tabelle.png
2011.09.24 15:40 B C:\Users\Berti\workspace\www.dvl-ticker.de\webapp\images\bottom_navi_bacground_tabelle@2x.png --> www.berti-golf.de /www.berti-golf.de/dvl-ticker/webapp/images bottom_navi_bacground_tabelle@2x.png
2011.09.24 15:40 B C:\Users\Berti\workspace\www.dvl-ticker.de\webapp\images\bottom_navI_on.png --> www.berti-golf.de /www.berti-golf.de/dvl-ticker/webapp/images bottom_navI_on.png
2011.09.24 15:40 B C:\Users\Berti\workspace\www.dvl-ticker.de\webapp\images\bottom_navI_on@2x.png --> www.berti-golf.de /www.berti-golf.de/dvl-ticker/webapp/images bottom_navI_on@2x.png
2011.09.24 15:40 B C:\Users\Berti\workspace\www.dvl-ticker.de\webapp\images\button_BF.png --> www.berti-golf.de /www.berti-golf.de/dvl-ticker/webapp/images button_BF.png
2011.09.24 15:40 B C:\Users\Berti\workspace\www.dvl-ticker.de\webapp\images\button_BF@2x.jpg --> www.berti-golf.de /www.berti-golf.de/dvl-ticker/webapp/images button_BF@2x.jpg
2011.09.24 15:40 B C:\Users\Berti\workspace\www.dvl-ticker.de\webapp\images\button_BF@2x.png --> www.berti-golf.de /www.berti-golf.de/dvl-ticker/webapp/images button_BF@2x.png
2011.09.24 15:40 B C:\Users\Berti\workspace\www.dvl-ticker.de\webapp\images\button_BM.png --> www.berti-golf.de /www.berti-golf.de/dvl-ticker/webapp/images button_BM.png
2011.09.24 15:40 B C:\Users\Berti\workspace\www.dvl-ticker.de\webapp\images\button_BM@2x.png --> www.berti-golf.de /www.berti-golf.de/dvl-ticker/webapp/images button_BM@2x.png
2011.09.24 15:40 B C:\Users\Berti\workspace\www.dvl-ticker.de\webapp\images\button_BNF.png --> www.berti-golf.de /www.berti-golf.de/dvl-ticker/webapp/images button_BNF.png
2011.09.24 15:40 B C:\Users\Berti\workspace\www.dvl-ticker.de\webapp\images\button_BNF@2x.png --> www.berti-golf.de /www.berti-golf.de/dvl-ticker/webapp/images button_BNF@2x.png
2011.09.24 15:40 B C:\Users\Berti\workspace\www.dvl-ticker.de\webapp\images\button_BNM.png --> www.berti-golf.de /www.berti-golf.de/dvl-ticker/webapp/images button_BNM.png
2011.09.24 15:40 B C:\Users\Berti\workspace\www.dvl-ticker.de\webapp\images\button_BNM@2x.png --> www.berti-golf.de /www.berti-golf.de/dvl-ticker/webapp/images button_BNM@2x.png
2011.09.24 15:40 B C:\Users\Berti\workspace\www.dvl-ticker.de\webapp\images\button_BSF.png --> www.berti-golf.de /www.berti-golf.de/dvl-ticker/webapp/images button_BSF.png
2011.09.24 15:40 B C:\Users\Berti\workspace\www.dvl-ticker.de\webapp\images\button_BSF@2x.png --> www.berti-golf.de /www.berti-golf.de/dvl-ticker/webapp/images button_BSF@2x.png
2011.09.24 15:40 B C:\Users\Berti\workspace\www.dvl-ticker.de\webapp\images\button_BSM.png --> www.berti-golf.de /www.berti-golf.de/dvl-ticker/webapp/images button_BSM.png
2011.09.24 15:40 B C:\Users\Berti\workspace\www.dvl-ticker.de\webapp\images\button_BSM@2x.png --> www.berti-golf.de /www.berti-golf.de/dvl-ticker/webapp/images button_BSM@2x.png
2011.09.24 15:40 B C:\Users\Berti\workspace\www.dvl-ticker.de\webapp\images\button_startseite.png --> www.berti-golf.de /www.berti-golf.de/dvl-ticker/webapp/images button_startseite.png
2011.09.24 15:40 B C:\Users\Berti\workspace\www.dvl-ticker.de\webapp\images\down_navigation_button_on.png --> www.berti-golf.de /www.berti-golf.de/dvl-ticker/webapp/images down_navigation_button_on.png
2011.09.24 15:40 B C:\Users\Berti\workspace\www.dvl-ticker.de\webapp\images\down_navigation_button_on@2x.png --> www.berti-golf.de /www.berti-golf.de/dvl-ticker/webapp/images down_navigation_button_on@2x.png
2011.09.24 15:40 B C:\Users\Berti\workspace\www.dvl-ticker.de\webapp\images\down_navigation_button_out.png --> www.berti-golf.de /www.berti-golf.de/dvl-ticker/webapp/images down_navigation_button_out.png
2011.09.24 15:40 B C:\Users\Berti\workspace\www.dvl-ticker.de\webapp\images\down_navigation_button_out@2x.png --> www.berti-golf.de /www.berti-golf.de/dvl-ticker/webapp/images down_navigation_button_out@2x.png
2011.09.24 15:40 B C:\Users\Berti\workspace\www.dvl-ticker.de\webapp\images\DVL_loading_screen.png --> www.berti-golf.de /www.berti-golf.de/dvl-ticker/webapp/images DVL_loading_screen.png
2011.09.24 15:40 B C:\Users\Berti\workspace\www.dvl-ticker.de\webapp\images\DVL_loading_screen@2x.png --> www.berti-golf.de /www.berti-golf.de/dvl-ticker/webapp/images DVL_loading_screen@2x.png
2011.09.24 15:40 B C:\Users\Berti\workspace\www.dvl-ticker.de\webapp\images\dvl_logo.png --> www.berti-golf.de /www.berti-golf.de/dvl-ticker/webapp/images dvl_logo.png
2011.09.24 15:40 B C:\Users\Berti\workspace\www.dvl-ticker.de\webapp\images\icon-search-black.png --> www.berti-golf.de /www.berti-golf.de/dvl-ticker/webapp/images icon-search-black.png
2011.09.24 15:40 B C:\Users\Berti\workspace\www.dvl-ticker.de\webapp\images\icons-18-black.png --> www.berti-golf.de /www.berti-golf.de/dvl-ticker/webapp/images icons-18-black.png
2011.09.24 15:40 B C:\Users\Berti\workspace\www.dvl-ticker.de\webapp\images\icons-18-white.png --> www.berti-golf.de /www.berti-golf.de/dvl-ticker/webapp/images icons-18-white.png
2011.09.24 15:40 B C:\Users\Berti\workspace\www.dvl-ticker.de\webapp\images\icons-36-black.png --> www.berti-golf.de /www.berti-golf.de/dvl-ticker/webapp/images icons-36-black.png
2011.09.24 15:40 B C:\Users\Berti\workspace\www.dvl-ticker.de\webapp\images\icons-36-white.png --> www.berti-golf.de /www.berti-golf.de/dvl-ticker/webapp/images icons-36-white.png
2011.09.24 15:40 B C:\Users\Berti\workspace\www.dvl-ticker.de\webapp\images\lifeticker.png --> www.berti-golf.de /www.berti-golf.de/dvl-ticker/webapp/images lifeticker.png
2011.09.24 15:40 B C:\Users\Berti\workspace\www.dvl-ticker.de\webapp\images\lifeticker@2x.png --> www.berti-golf.de /www.berti-golf.de/dvl-ticker/webapp/images lifeticker@2x.png
2011.09.24 15:40 B C:\Users\Berti\workspace\www.dvl-ticker.de\webapp\images\lifeticker_on.png --> www.berti-golf.de /www.berti-golf.de/dvl-ticker/webapp/images lifeticker_on.png
2011.09.24 15:40 B C:\Users\Berti\workspace\www.dvl-ticker.de\webapp\images\lifeticker_on@2x.png --> www.berti-golf.de /www.berti-golf.de/dvl-ticker/webapp/images lifeticker_on@2x.png
2011.09.24 15:40 B C:\Users\Berti\workspace\www.dvl-ticker.de\webapp\images\line-chart.png --> www.berti-golf.de /www.berti-golf.de/dvl-ticker/webapp/images line-chart.png
2011.09.24 15:40 B C:\Users\Berti\workspace\www.dvl-ticker.de\webapp\images\line-chart@2x.png --> www.berti-golf.de /www.berti-golf.de/dvl-ticker/webapp/images line-chart@2x.png
2011.09.24 15:40 B C:\Users\Berti\workspace\www.dvl-ticker.de\webapp\images\line-chart_on.png --> www.berti-golf.de /www.berti-golf.de/dvl-ticker/webapp/images line-chart_on.png
2011.09.24 15:40 B C:\Users\Berti\workspace\www.dvl-ticker.de\webapp\images\line-chart_on@2x.png --> www.berti-golf.de /www.berti-golf.de/dvl-ticker/webapp/images line-chart_on@2x.png
2011.09.24 15:40 B C:\Users\Berti\workspace\www.dvl-ticker.de\webapp\images\logo_bar.png --> www.berti-golf.de /www.berti-golf.de/dvl-ticker/webapp/images logo_bar.png
2011.09.24 15:40 B C:\Users\Berti\workspace\www.dvl-ticker.de\webapp\images\logo_bar@2x.png --> www.berti-golf.de /www.berti-golf.de/dvl-ticker/webapp/images logo_bar@2x.png
2011.09.24 15:40 B C:\Users\Berti\workspace\www.dvl-ticker.de\webapp\images\logo_bar_ohne_titel.png --> www.berti-golf.de /www.berti-golf.de/dvl-ticker/webapp/images logo_bar_ohne_titel.png
2011.09.24 15:40 B C:\Users\Berti\workspace\www.dvl-ticker.de\webapp\images\logo_bar_ohne_titel_mit_logo.png --> www.berti-golf.de /www.berti-golf.de/dvl-ticker/webapp/images logo_bar_ohne_titel_mit_logo.png
2011.09.24 15:40 B C:\Users\Berti\workspace\www.dvl-ticker.de\webapp\images\more_button.png --> www.berti-golf.de /www.berti-golf.de/dvl-ticker/webapp/images more_button.png
2011.09.24 15:40 B C:\Users\Berti\workspace\www.dvl-ticker.de\webapp\images\more_button@2x.png --> www.berti-golf.de /www.berti-golf.de/dvl-ticker/webapp/images more_button@2x.png
2011.09.24 15:40 B C:\Users\Berti\workspace\www.dvl-ticker.de\webapp\images\news.png --> www.berti-golf.de /www.berti-golf.de/dvl-ticker/webapp/images news.png
2011.09.24 15:40 B C:\Users\Berti\workspace\www.dvl-ticker.de\webapp\images\news@2x.png --> www.berti-golf.de /www.berti-golf.de/dvl-ticker/webapp/images news@2x.png
2011.09.24 15:40 B C:\Users\Berti\workspace\www.dvl-ticker.de\webapp\images\news_on.png --> www.berti-golf.de /www.berti-golf.de/dvl-ticker/webapp/images news_on.png
2011.09.24 15:40 B C:\Users\Berti\workspace\www.dvl-ticker.de\webapp\images\news_on@2x.png --> www.berti-golf.de /www.berti-golf.de/dvl-ticker/webapp/images news_on@2x.png
2011.09.24 15:40 B C:\Users\Berti\workspace\www.dvl-ticker.de\webapp\images\presse.png --> www.berti-golf.de /www.berti-golf.de/dvl-ticker/webapp/images presse.png
2011.09.24 15:40 B C:\Users\Berti\workspace\www.dvl-ticker.de\webapp\images\presse@2x.png --> www.berti-golf.de /www.berti-golf.de/dvl-ticker/webapp/images presse@2x.png
2011.09.24 15:40 B C:\Users\Berti\workspace\www.dvl-ticker.de\webapp\images\presse_bar_background.png --> www.berti-golf.de /www.berti-golf.de/dvl-ticker/webapp/images presse_bar_background.png
2011.09.24 15:40 B C:\Users\Berti\workspace\www.dvl-ticker.de\webapp\images\presse_on.png --> www.berti-golf.de /www.berti-golf.de/dvl-ticker/webapp/images presse_on.png
2011.09.24 15:40 B C:\Users\Berti\workspace\www.dvl-ticker.de\webapp\images\presse_on@2x.png --> www.berti-golf.de /www.berti-golf.de/dvl-ticker/webapp/images presse_on@2x.png
2011.09.24 15:40 B C:\Users\Berti\workspace\www.dvl-ticker.de\webapp\images\sign_in_button.png --> www.berti-golf.de /www.berti-golf.de/dvl-ticker/webapp/images sign_in_button.png
2011.09.24 15:40 B C:\Users\Berti\workspace\www.dvl-ticker.de\webapp\images\sign_in_button@2x.png --> www.berti-golf.de /www.berti-golf.de/dvl-ticker/webapp/images sign_in_button@2x.png
2011.09.24 15:40 B C:\Users\Berti\workspace\www.dvl-ticker.de\webapp\images\spieplan.png --> www.berti-golf.de /www.berti-golf.de/dvl-ticker/webapp/images spieplan.png
2011.09.24 15:40 B C:\Users\Berti\workspace\www.dvl-ticker.de\webapp\images\spieplan@2x.png --> www.berti-golf.de /www.berti-golf.de/dvl-ticker/webapp/images spieplan@2x.png
2011.09.24 15:40 B C:\Users\Berti\workspace\www.dvl-ticker.de\webapp\images\spieplan_on.png --> www.berti-golf.de /www.berti-golf.de/dvl-ticker/webapp/images spieplan_on.png
2011.09.24 15:40 B C:\Users\Berti\workspace\www.dvl-ticker.de\webapp\images\spieplan_on@2x.png --> www.berti-golf.de /www.berti-golf.de/dvl-ticker/webapp/images spieplan_on@2x.png
2011.09.24 15:41 B C:\Users\Berti\workspace\www.dvl-ticker.de\webapp\images\startseite.png --> www.berti-golf.de /www.berti-golf.de/dvl-ticker/webapp/images startseite.png
2011.09.24 15:41 B C:\Users\Berti\workspace\www.dvl-ticker.de\webapp\images\switcher_background_1.png --> www.berti-golf.de /www.berti-golf.de/dvl-ticker/webapp/images switcher_background_1.png
2011.09.24 15:41 B C:\Users\Berti\workspace\www.dvl-ticker.de\webapp\images\switcher_background_1@2x.png --> www.berti-golf.de /www.berti-golf.de/dvl-ticker/webapp/images switcher_background_1@2x.png
2011.09.24 15:41 B C:\Users\Berti\workspace\www.dvl-ticker.de\webapp\images\switcher_background_2.png --> www.berti-golf.de /www.berti-golf.de/dvl-ticker/webapp/images switcher_background_2.png
2011.09.24 15:41 B C:\Users\Berti\workspace\www.dvl-ticker.de\webapp\images\switcher_background_2@2x.png --> www.berti-golf.de /www.berti-golf.de/dvl-ticker/webapp/images switcher_background_2@2x.png
2011.09.24 15:41 B C:\Users\Berti\workspace\www.dvl-ticker.de\webapp\images\switcher_background_3.png --> www.berti-golf.de /www.berti-golf.de/dvl-ticker/webapp/images switcher_background_3.png
2011.09.24 15:41 B C:\Users\Berti\workspace\www.dvl-ticker.de\webapp\images\switcher_background_3@2x.png --> www.berti-golf.de /www.berti-golf.de/dvl-ticker/webapp/images switcher_background_3@2x.png
2011.09.24 15:41 B C:\Users\Berti\workspace\www.dvl-ticker.de\webapp\images\tabelle.png --> www.berti-golf.de /www.berti-golf.de/dvl-ticker/webapp/images tabelle.png
2011.09.24 15:41 B C:\Users\Berti\workspace\www.dvl-ticker.de\webapp\images\Tabelle@2x.png --> www.berti-golf.de /www.berti-golf.de/dvl-ticker/webapp/images Tabelle@2x.png
2011.09.24 15:41 B C:\Users\Berti\workspace\www.dvl-ticker.de\webapp\images\tabelle_bar_background.png --> www.berti-golf.de /www.berti-golf.de/dvl-ticker/webapp/images tabelle_bar_background.png
2011.09.24 15:41 B C:\Users\Berti\workspace\www.dvl-ticker.de\webapp\images\tabelle_on.png --> www.berti-golf.de /www.berti-golf.de/dvl-ticker/webapp/images tabelle_on.png
2011.09.24 15:41 B C:\Users\Berti\workspace\www.dvl-ticker.de\webapp\images\tabelle_on@2x.png --> www.berti-golf.de /www.berti-golf.de/dvl-ticker/webapp/images tabelle_on@2x.png
2011.09.24 15:41 B C:\Users\Berti\workspace\www.dvl-ticker.de\webapp\images\ticker_arrow_down.png --> www.berti-golf.de /www.berti-golf.de/dvl-ticker/webapp/images ticker_arrow_down.png
2011.09.24 15:41 B C:\Users\Berti\workspace\www.dvl-ticker.de\webapp\images\ticker_arrow_down@2x.png --> www.berti-golf.de /www.berti-golf.de/dvl-ticker/webapp/images ticker_arrow_down@2x.png
2011.09.24 15:41 B C:\Users\Berti\workspace\www.dvl-ticker.de\webapp\images\ticker_arrow_right.png --> www.berti-golf.de /www.berti-golf.de/dvl-ticker/webapp/images ticker_arrow_right.png
2011.09.24 15:41 B C:\Users\Berti\workspace\www.dvl-ticker.de\webapp\images\ticker_arrow_right@2x.png --> www.berti-golf.de /www.berti-golf.de/dvl-ticker/webapp/images ticker_arrow_right@2x.png
2011.09.24 15:41 B C:\Users\Berti\workspace\www.dvl-ticker.de\webapp\images\ticker_bar_background.png --> www.berti-golf.de /www.berti-golf.de/dvl-ticker/webapp/images ticker_bar_background.png
2011.09.24 15:41 B C:\Users\Berti\workspace\www.dvl-ticker.de\webapp\images\ticker_bar_background@2x.png --> www.berti-golf.de /www.berti-golf.de/dvl-ticker/webapp/images ticker_bar_background@2x.png
2011.09.24 15:41 B C:\Users\Berti\workspace\www.dvl-ticker.de\webapp\images\ticker_title_nackground.png --> www.berti-golf.de /www.berti-golf.de/dvl-ticker/webapp/images ticker_title_nackground.png
2011.09.24 15:41 B C:\Users\Berti\workspace\www.dvl-ticker.de\webapp\images\ticker_title_nackground@2x.png --> www.berti-golf.de /www.berti-golf.de/dvl-ticker/webapp/images ticker_title_nackground@2x.png
2011.09.24 15:41 B C:\Users\Berti\workspace\www.dvl-ticker.de\webapp\images\top_navi_background.png --> www.berti-golf.de /www.berti-golf.de/dvl-ticker/webapp/images top_navi_background.png
2011.09.24 15:41 B C:\Users\Berti\workspace\www.dvl-ticker.de\webapp\images\top_navi_background@2x.png --> www.berti-golf.de /www.berti-golf.de/dvl-ticker/webapp/images top_navi_background@2x.png
2011.09.24 15:41 B C:\Users\Berti\workspace\www.dvl-ticker.de\webapp\images\top_navi_left_arrow.png --> www.berti-golf.de /www.berti-golf.de/dvl-ticker/webapp/images top_navi_left_arrow.png
2011.09.24 15:41 B C:\Users\Berti\workspace\www.dvl-ticker.de\webapp\images\top_navi_left_arrow@2x.png --> www.berti-golf.de /www.berti-golf.de/dvl-ticker/webapp/images top_navi_left_arrow@2x.png
2011.09.24 15:41 B C:\Users\Berti\workspace\www.dvl-ticker.de\webapp\images\top_navi_right_arrow.png --> www.berti-golf.de /www.berti-golf.de/dvl-ticker/webapp/images top_navi_right_arrow.png
2011.09.24 15:41 B C:\Users\Berti\workspace\www.dvl-ticker.de\webapp\images\top_navi_right_arrow@2x.png --> www.berti-golf.de /www.berti-golf.de/dvl-ticker/webapp/images top_navi_right_arrow@2x.png
2011.09.24 15:41 B C:\Users\Berti\workspace\www.dvl-ticker.de\webapp\images\up_down_navigation_background.png --> www.berti-golf.de /www.berti-golf.de/dvl-ticker/webapp/images up_down_navigation_background.png
2011.09.24 15:41 B C:\Users\Berti\workspace\www.dvl-ticker.de\webapp\images\up_down_navigation_background@2x.png --> www.berti-golf.de /www.berti-golf.de/dvl-ticker/webapp/images up_down_navigation_background@2x.png
2011.09.24 15:41 B C:\Users\Berti\workspace\www.dvl-ticker.de\webapp\images\up_navigation_button_on.png --> www.berti-golf.de /www.berti-golf.de/dvl-ticker/webapp/images up_navigation_button_on.png
2011.09.24 15:41 B C:\Users\Berti\workspace\www.dvl-ticker.de\webapp\images\up_navigation_button_on@2x.png --> www.berti-golf.de /www.berti-golf.de/dvl-ticker/webapp/images up_navigation_button_on@2x.png
2011.09.24 15:41 B C:\Users\Berti\workspace\www.dvl-ticker.de\webapp\images\up_navigation_button_out.png --> www.berti-golf.de /www.berti-golf.de/dvl-ticker/webapp/images up_navigation_button_out.png
2011.09.24 15:41 B C:\Users\Berti\workspace\www.dvl-ticker.de\webapp\images\up_navigation_button_out@2x.png --> www.berti-golf.de /www.berti-golf.de/dvl-ticker/webapp/images up_navigation_button_out@2x.png
2011.09.24 15:41 B C:\Users\Berti\workspace\www.dvl-ticker.de\webapp\images\white_more_button.png --> www.berti-golf.de /www.berti-golf.de/dvl-ticker/webapp/images white_more_button.png
2011.09.24 15:41 B C:\Users\Berti\workspace\www.dvl-ticker.de\webapp\images\white_more_button@2x.png --> www.berti-golf.de /www.berti-golf.de/dvl-ticker/webapp/images white_more_button@2x.png
