2000.01.28 01:44 B c:\FrontPage Webs\Content\bertichile\pool\berti-pool_tn.jpg --> www.golf-net.de /bertichile/pool berti-pool_tn.jpg
2000.01.28 01:44 B c:\FrontPage Webs\Content\bertichile\pool\garten2_tn.jpg --> www.golf-net.de /bertichile/pool garten2_tn.jpg
2000.01.28 01:44 B c:\FrontPage Webs\Content\bertichile\pool\garten3_tn.jpg --> www.golf-net.de /bertichile/pool garten3_tn.jpg
2000.01.28 01:45 B c:\FrontPage Webs\Content\bertichile\pool\garten_tn.jpg --> www.golf-net.de /bertichile/pool garten_tn.jpg
2000.01.28 01:45 B c:\FrontPage Webs\Content\bertichile\pool\pool1_tn.jpg --> www.golf-net.de /bertichile/pool pool1_tn.jpg
2000.01.28 01:45 B c:\FrontPage Webs\Content\bertichile\pool\pool2_tn.jpg --> www.golf-net.de /bertichile/pool pool2_tn.jpg
2000.01.28 01:45 B c:\FrontPage Webs\Content\bertichile\pool\pool3_tn.jpg --> www.golf-net.de /bertichile/pool pool3_tn.jpg
2000.01.28 01:45 B c:\FrontPage Webs\Content\bertichile\pool\pool4_tn.jpg --> www.golf-net.de /bertichile/pool pool4_tn.jpg
2000.01.28 01:45 A c:\FrontPage Webs\Content\bertichile\pool\vorlage.html --> www.golf-net.de /bertichile/pool vorlage.html
2000.01.28 01:47 B c:\FrontPage Webs\Content\bertichile\pool\berti-pool.jpg --> www.golf-net.de /bertichile/pool berti-pool.jpg
2000.01.28 01:48 B c:\FrontPage Webs\Content\bertichile\pool\garten.jpg --> www.golf-net.de /bertichile/pool garten.jpg
2000.01.28 02:06 B c:\FrontPage Webs\Content\bertichile\pool\berti-pool_tn.jpg --> www.golf-net.de /bertichile/bertichile/pool berti-pool_tn.jpg
2000.01.28 02:06 B c:\FrontPage Webs\Content\bertichile\pool\garten2_tn.jpg --> www.golf-net.de /bertichile/bertichile/pool garten2_tn.jpg
2000.01.28 02:07 B c:\FrontPage Webs\Content\bertichile\pool\garten3_tn.jpg --> www.golf-net.de /bertichile/bertichile/pool garten3_tn.jpg
2000.01.28 02:07 B c:\FrontPage Webs\Content\bertichile\pool\garten_tn.jpg --> www.golf-net.de /bertichile/bertichile/pool garten_tn.jpg
2000.01.28 02:07 B c:\FrontPage Webs\Content\bertichile\pool\pool1_tn.jpg --> www.golf-net.de /bertichile/bertichile/pool pool1_tn.jpg
2000.01.28 02:07 B c:\FrontPage Webs\Content\bertichile\pool\pool2_tn.jpg --> www.golf-net.de /bertichile/bertichile/pool pool2_tn.jpg
2000.01.28 02:07 B c:\FrontPage Webs\Content\bertichile\pool\pool3_tn.jpg --> www.golf-net.de /bertichile/bertichile/pool pool3_tn.jpg
2000.01.28 02:07 B c:\FrontPage Webs\Content\bertichile\pool\pool4_tn.jpg --> www.golf-net.de /bertichile/bertichile/pool pool4_tn.jpg
2000.01.28 02:07 A c:\FrontPage Webs\Content\bertichile\pool\vorlage.html --> www.golf-net.de /bertichile/bertichile/pool vorlage.html
2000.01.28 02:09 B c:\FrontPage Webs\Content\bertichile\pool\berti-pool.jpg --> www.golf-net.de /bertichile/bertichile/pool berti-pool.jpg
2000.01.28 02:11 B c:\FrontPage Webs\Content\bertichile\pool\garten.jpg --> www.golf-net.de /bertichile/bertichile/pool garten.jpg
2000.01.28 02:13 B c:\FrontPage Webs\Content\bertichile\pool\garten2.jpg --> www.golf-net.de /bertichile/bertichile/pool garten2.jpg
2000.01.28 02:15 B c:\FrontPage Webs\Content\bertichile\pool\garten3.jpg --> www.golf-net.de /bertichile/bertichile/pool garten3.jpg
2000.01.28 02:18 B c:\FrontPage Webs\Content\bertichile\pool\pool1.jpg --> www.golf-net.de /bertichile/bertichile/pool pool1.jpg
2000.01.28 02:19 B c:\FrontPage Webs\Content\bertichile\pool\pool2.jpg --> www.golf-net.de /bertichile/bertichile/pool pool2.jpg
2000.01.28 02:21 B c:\FrontPage Webs\Content\bertichile\pool\pool3.jpg --> www.golf-net.de /bertichile/bertichile/pool pool3.jpg
2000.01.28 02:23 B c:\FrontPage Webs\Content\bertichile\pool\pool4.jpg --> www.golf-net.de /bertichile/bertichile/pool pool4.jpg
2000.01.28 02:23 A c:\FrontPage Webs\Content\bertichile\pool\pool.html --> www.golf-net.de /bertichile/bertichile/pool pool.html
2008.06.27 16:32 B K:\sicherung_webserver_h10__072008\berti-golf.de\public_html\bertichile\pool\WS_FTP.LOG <-- www.berti-golf.de /public_html/bertichile/pool WS_FTP.LOG
2008.06.27 19:27 B K:\sicherung_webserver_h10__072008\berti-golf.de\public_html\bertichile\pool\berti-pool.jpg --> bertigolfde.h1403220.stratoserver.net /public_html/bertichile/pool berti-pool.jpg
2008.06.27 19:27 B K:\sicherung_webserver_h10__072008\berti-golf.de\public_html\bertichile\pool\berti-pool_tn.jpg --> bertigolfde.h1403220.stratoserver.net /public_html/bertichile/pool berti-pool_tn.jpg
2008.06.27 19:27 B K:\sicherung_webserver_h10__072008\berti-golf.de\public_html\bertichile\pool\garten.jpg --> bertigolfde.h1403220.stratoserver.net /public_html/bertichile/pool garten.jpg
2008.06.27 19:27 B K:\sicherung_webserver_h10__072008\berti-golf.de\public_html\bertichile\pool\garten2.jpg --> bertigolfde.h1403220.stratoserver.net /public_html/bertichile/pool garten2.jpg
2008.06.27 19:27 B K:\sicherung_webserver_h10__072008\berti-golf.de\public_html\bertichile\pool\garten2_tn.jpg --> bertigolfde.h1403220.stratoserver.net /public_html/bertichile/pool garten2_tn.jpg
2008.06.27 19:27 B K:\sicherung_webserver_h10__072008\berti-golf.de\public_html\bertichile\pool\garten3.jpg --> bertigolfde.h1403220.stratoserver.net /public_html/bertichile/pool garten3.jpg
2008.06.27 19:27 B K:\sicherung_webserver_h10__072008\berti-golf.de\public_html\bertichile\pool\garten3_tn.jpg --> bertigolfde.h1403220.stratoserver.net /public_html/bertichile/pool garten3_tn.jpg
2008.06.27 19:27 B K:\sicherung_webserver_h10__072008\berti-golf.de\public_html\bertichile\pool\garten_tn.jpg --> bertigolfde.h1403220.stratoserver.net /public_html/bertichile/pool garten_tn.jpg
2008.06.27 19:27 B K:\sicherung_webserver_h10__072008\berti-golf.de\public_html\bertichile\pool\pool.html --> bertigolfde.h1403220.stratoserver.net /public_html/bertichile/pool pool.html
2008.06.27 19:27 B K:\sicherung_webserver_h10__072008\berti-golf.de\public_html\bertichile\pool\pool1.jpg --> bertigolfde.h1403220.stratoserver.net /public_html/bertichile/pool pool1.jpg
2008.06.27 19:27 B K:\sicherung_webserver_h10__072008\berti-golf.de\public_html\bertichile\pool\pool1_tn.jpg --> bertigolfde.h1403220.stratoserver.net /public_html/bertichile/pool pool1_tn.jpg
2008.06.27 19:27 B K:\sicherung_webserver_h10__072008\berti-golf.de\public_html\bertichile\pool\pool2.jpg --> bertigolfde.h1403220.stratoserver.net /public_html/bertichile/pool pool2.jpg
2008.06.27 19:27 B K:\sicherung_webserver_h10__072008\berti-golf.de\public_html\bertichile\pool\pool2_tn.jpg --> bertigolfde.h1403220.stratoserver.net /public_html/bertichile/pool pool2_tn.jpg
2008.06.27 19:27 B K:\sicherung_webserver_h10__072008\berti-golf.de\public_html\bertichile\pool\pool3.jpg --> bertigolfde.h1403220.stratoserver.net /public_html/bertichile/pool pool3.jpg
2008.06.27 19:27 B K:\sicherung_webserver_h10__072008\berti-golf.de\public_html\bertichile\pool\pool3_tn.jpg --> bertigolfde.h1403220.stratoserver.net /public_html/bertichile/pool pool3_tn.jpg
2008.06.27 19:27 B K:\sicherung_webserver_h10__072008\berti-golf.de\public_html\bertichile\pool\pool4.jpg --> bertigolfde.h1403220.stratoserver.net /public_html/bertichile/pool pool4.jpg
2008.06.27 19:27 B K:\sicherung_webserver_h10__072008\berti-golf.de\public_html\bertichile\pool\pool4_tn.jpg --> bertigolfde.h1403220.stratoserver.net /public_html/bertichile/pool pool4_tn.jpg
2008.06.27 19:27 B K:\sicherung_webserver_h10__072008\berti-golf.de\public_html\bertichile\pool\vorlage.html --> bertigolfde.h1403220.stratoserver.net /public_html/bertichile/pool vorlage.html
2009.05.01 07:20 B Z:\home\Berti\public_html\www.berti-golf.de\bertichile\pool\WS_FTP.LOG <-- bertigolfde.h1403220.stratoserver.net /public_html/bertichile/pool WS_FTP.LOG
2009.12.08 18:05 B Z:\home\Berti\public_html\www.berti-golf.de\bertichile\pool\berti-pool.jpg --> h1667152.stratoserver.net /httpdocs/bertichile/pool berti-pool.jpg
2009.12.08 18:05 B Z:\home\Berti\public_html\www.berti-golf.de\bertichile\pool\berti-pool_tn.jpg --> h1667152.stratoserver.net /httpdocs/bertichile/pool berti-pool_tn.jpg
2009.12.08 18:05 B Z:\home\Berti\public_html\www.berti-golf.de\bertichile\pool\garten.jpg --> h1667152.stratoserver.net /httpdocs/bertichile/pool garten.jpg
2009.12.08 18:05 B Z:\home\Berti\public_html\www.berti-golf.de\bertichile\pool\garten2.jpg --> h1667152.stratoserver.net /httpdocs/bertichile/pool garten2.jpg
2009.12.08 18:05 B Z:\home\Berti\public_html\www.berti-golf.de\bertichile\pool\garten2_tn.jpg --> h1667152.stratoserver.net /httpdocs/bertichile/pool garten2_tn.jpg
2009.12.08 18:05 B Z:\home\Berti\public_html\www.berti-golf.de\bertichile\pool\garten3.jpg --> h1667152.stratoserver.net /httpdocs/bertichile/pool garten3.jpg
2009.12.08 18:05 B Z:\home\Berti\public_html\www.berti-golf.de\bertichile\pool\garten3_tn.jpg --> h1667152.stratoserver.net /httpdocs/bertichile/pool garten3_tn.jpg
2009.12.08 18:05 B Z:\home\Berti\public_html\www.berti-golf.de\bertichile\pool\garten_tn.jpg --> h1667152.stratoserver.net /httpdocs/bertichile/pool garten_tn.jpg
2009.12.08 18:05 B Z:\home\Berti\public_html\www.berti-golf.de\bertichile\pool\pool.html --> h1667152.stratoserver.net /httpdocs/bertichile/pool pool.html
2009.12.08 18:05 B Z:\home\Berti\public_html\www.berti-golf.de\bertichile\pool\pool1.jpg --> h1667152.stratoserver.net /httpdocs/bertichile/pool pool1.jpg
2009.12.08 18:05 B Z:\home\Berti\public_html\www.berti-golf.de\bertichile\pool\pool1_tn.jpg --> h1667152.stratoserver.net /httpdocs/bertichile/pool pool1_tn.jpg
2009.12.08 18:05 B Z:\home\Berti\public_html\www.berti-golf.de\bertichile\pool\pool2.jpg --> h1667152.stratoserver.net /httpdocs/bertichile/pool pool2.jpg
2009.12.08 18:05 B Z:\home\Berti\public_html\www.berti-golf.de\bertichile\pool\pool2_tn.jpg --> h1667152.stratoserver.net /httpdocs/bertichile/pool pool2_tn.jpg
2009.12.08 18:05 B Z:\home\Berti\public_html\www.berti-golf.de\bertichile\pool\pool3.jpg --> h1667152.stratoserver.net /httpdocs/bertichile/pool pool3.jpg
2009.12.08 18:05 B Z:\home\Berti\public_html\www.berti-golf.de\bertichile\pool\pool3_tn.jpg --> h1667152.stratoserver.net /httpdocs/bertichile/pool pool3_tn.jpg
2009.12.08 18:05 B Z:\home\Berti\public_html\www.berti-golf.de\bertichile\pool\pool4.jpg --> h1667152.stratoserver.net /httpdocs/bertichile/pool pool4.jpg
2009.12.08 18:05 B Z:\home\Berti\public_html\www.berti-golf.de\bertichile\pool\pool4_tn.jpg --> h1667152.stratoserver.net /httpdocs/bertichile/pool pool4_tn.jpg
2009.12.08 18:05 B Z:\home\Berti\public_html\www.berti-golf.de\bertichile\pool\vorlage.html --> h1667152.stratoserver.net /httpdocs/bertichile/pool vorlage.html
