2008.06.27 16:30 B K:\sicherung_webserver_h10__072008\berti-golf.de\public_html\bertichile\pichicui\berticonpadres.jpg <-- www.berti-golf.de /public_html/bertichile/pichicui berticonpadres.jpg
2008.06.27 16:30 B K:\sicherung_webserver_h10__072008\berti-golf.de\public_html\bertichile\pichicui\berticonpadres_tn.jpg <-- www.berti-golf.de /public_html/bertichile/pichicui berticonpadres_tn.jpg
2008.06.27 16:30 B K:\sicherung_webserver_h10__072008\berti-golf.de\public_html\bertichile\pichicui\blowhole.jpg <-- www.berti-golf.de /public_html/bertichile/pichicui blowhole.jpg
2008.06.27 16:30 B K:\sicherung_webserver_h10__072008\berti-golf.de\public_html\bertichile\pichicui\blowhole_tn.jpg <-- www.berti-golf.de /public_html/bertichile/pichicui blowhole_tn.jpg
2008.06.27 16:30 B K:\sicherung_webserver_h10__072008\berti-golf.de\public_html\bertichile\pichicui\caballos-playa.jpg <-- www.berti-golf.de /public_html/bertichile/pichicui caballos-playa.jpg
2008.06.27 16:30 B K:\sicherung_webserver_h10__072008\berti-golf.de\public_html\bertichile\pichicui\caballos-playa_tn.jpg <-- www.berti-golf.de /public_html/bertichile/pichicui caballos-playa_tn.jpg
2008.06.27 16:30 B K:\sicherung_webserver_h10__072008\berti-golf.de\public_html\bertichile\pichicui\iglesia-interior.jpg <-- www.berti-golf.de /public_html/bertichile/pichicui iglesia-interior.jpg
2008.06.27 16:30 B K:\sicherung_webserver_h10__072008\berti-golf.de\public_html\bertichile\pichicui\iglesia-interior2.jpg <-- www.berti-golf.de /public_html/bertichile/pichicui iglesia-interior2.jpg
2008.06.27 16:30 B K:\sicherung_webserver_h10__072008\berti-golf.de\public_html\bertichile\pichicui\iglesia-interior2_tn.jpg <-- www.berti-golf.de /public_html/bertichile/pichicui iglesia-interior2_tn.jpg
2008.06.27 16:30 B K:\sicherung_webserver_h10__072008\berti-golf.de\public_html\bertichile\pichicui\iglesia-interior_tn.jpg <-- www.berti-golf.de /public_html/bertichile/pichicui iglesia-interior_tn.jpg
2008.06.27 16:30 B K:\sicherung_webserver_h10__072008\berti-golf.de\public_html\bertichile\pichicui\iglesia.jpg <-- www.berti-golf.de /public_html/bertichile/pichicui iglesia.jpg
2008.06.27 16:30 B K:\sicherung_webserver_h10__072008\berti-golf.de\public_html\bertichile\pichicui\iglesia_tn.jpg <-- www.berti-golf.de /public_html/bertichile/pichicui iglesia_tn.jpg
2008.06.27 16:30 B K:\sicherung_webserver_h10__072008\berti-golf.de\public_html\bertichile\pichicui\isladelosrobos.jpg <-- www.berti-golf.de /public_html/bertichile/pichicui isladelosrobos.jpg
2008.06.27 16:30 B K:\sicherung_webserver_h10__072008\berti-golf.de\public_html\bertichile\pichicui\isladelosrobos_tn.jpg <-- www.berti-golf.de /public_html/bertichile/pichicui isladelosrobos_tn.jpg
2008.06.27 16:30 B K:\sicherung_webserver_h10__072008\berti-golf.de\public_html\bertichile\pichicui\jeep-playa1.jpg <-- www.berti-golf.de /public_html/bertichile/pichicui jeep-playa1.jpg
2008.06.27 16:30 B K:\sicherung_webserver_h10__072008\berti-golf.de\public_html\bertichile\pichicui\jeep-playa1_tn.jpg <-- www.berti-golf.de /public_html/bertichile/pichicui jeep-playa1_tn.jpg
2008.06.27 16:30 B K:\sicherung_webserver_h10__072008\berti-golf.de\public_html\bertichile\pichicui\jeep-playa3.jpg <-- www.berti-golf.de /public_html/bertichile/pichicui jeep-playa3.jpg
2008.06.27 16:30 B K:\sicherung_webserver_h10__072008\berti-golf.de\public_html\bertichile\pichicui\jeep-playa3_tn.jpg <-- www.berti-golf.de /public_html/bertichile/pichicui jeep-playa3_tn.jpg
2008.06.27 16:30 B K:\sicherung_webserver_h10__072008\berti-golf.de\public_html\bertichile\pichicui\losrobos3.jpg <-- www.berti-golf.de /public_html/bertichile/pichicui losrobos3.jpg
2008.06.27 16:30 B K:\sicherung_webserver_h10__072008\berti-golf.de\public_html\bertichile\pichicui\losrobos3_tn.jpg <-- www.berti-golf.de /public_html/bertichile/pichicui losrobos3_tn.jpg
2008.06.27 16:30 B K:\sicherung_webserver_h10__072008\berti-golf.de\public_html\bertichile\pichicui\papaenjeep.jpg <-- www.berti-golf.de /public_html/bertichile/pichicui papaenjeep.jpg
2008.06.27 16:30 B K:\sicherung_webserver_h10__072008\berti-golf.de\public_html\bertichile\pichicui\papaenjeep_tn.jpg <-- www.berti-golf.de /public_html/bertichile/pichicui papaenjeep_tn.jpg
2008.06.27 16:30 B K:\sicherung_webserver_h10__072008\berti-golf.de\public_html\bertichile\pichicui\pelicano2.jpg <-- www.berti-golf.de /public_html/bertichile/pichicui pelicano2.jpg
2008.06.27 16:30 B K:\sicherung_webserver_h10__072008\berti-golf.de\public_html\bertichile\pichicui\pelicano2_tn.jpg <-- www.berti-golf.de /public_html/bertichile/pichicui pelicano2_tn.jpg
2008.06.27 16:30 B K:\sicherung_webserver_h10__072008\berti-golf.de\public_html\bertichile\pichicui\pelicanos.jpg <-- www.berti-golf.de /public_html/bertichile/pichicui pelicanos.jpg
2008.06.27 16:30 B K:\sicherung_webserver_h10__072008\berti-golf.de\public_html\bertichile\pichicui\pelicanos3.jpg <-- www.berti-golf.de /public_html/bertichile/pichicui pelicanos3.jpg
2008.06.27 16:30 B K:\sicherung_webserver_h10__072008\berti-golf.de\public_html\bertichile\pichicui\pelicanos3_tn.jpg <-- www.berti-golf.de /public_html/bertichile/pichicui pelicanos3_tn.jpg
2008.06.27 16:30 B K:\sicherung_webserver_h10__072008\berti-golf.de\public_html\bertichile\pichicui\pelicanos_tn.jpg <-- www.berti-golf.de /public_html/bertichile/pichicui pelicanos_tn.jpg
2008.06.27 16:30 B K:\sicherung_webserver_h10__072008\berti-golf.de\public_html\bertichile\pichicui\pichi.html <-- www.berti-golf.de /public_html/bertichile/pichicui pichi.html
2008.06.27 16:30 B K:\sicherung_webserver_h10__072008\berti-golf.de\public_html\bertichile\pichicui\pichicuy-papa.jpg <-- www.berti-golf.de /public_html/bertichile/pichicui pichicuy-papa.jpg
2008.06.27 16:30 B K:\sicherung_webserver_h10__072008\berti-golf.de\public_html\bertichile\pichicui\pichicuy-papa_tn.jpg <-- www.berti-golf.de /public_html/bertichile/pichicui pichicuy-papa_tn.jpg
2008.06.27 16:30 B K:\sicherung_webserver_h10__072008\berti-golf.de\public_html\bertichile\pichicui\pichicuy1.jpg <-- www.berti-golf.de /public_html/bertichile/pichicui pichicuy1.jpg
2008.06.27 16:30 B K:\sicherung_webserver_h10__072008\berti-golf.de\public_html\bertichile\pichicui\pichicuy1_tn.jpg <-- www.berti-golf.de /public_html/bertichile/pichicui pichicuy1_tn.jpg
2008.06.27 16:30 B K:\sicherung_webserver_h10__072008\berti-golf.de\public_html\bertichile\pichicui\pichicuy2.jpg <-- www.berti-golf.de /public_html/bertichile/pichicui pichicuy2.jpg
2008.06.27 16:30 B K:\sicherung_webserver_h10__072008\berti-golf.de\public_html\bertichile\pichicui\pichicuy2_tn.jpg <-- www.berti-golf.de /public_html/bertichile/pichicui pichicuy2_tn.jpg
2008.06.27 16:30 B K:\sicherung_webserver_h10__072008\berti-golf.de\public_html\bertichile\pichicui\pichicuy3.jpg <-- www.berti-golf.de /public_html/bertichile/pichicui pichicuy3.jpg
2008.06.27 16:30 B K:\sicherung_webserver_h10__072008\berti-golf.de\public_html\bertichile\pichicui\pichicuy3_tn.jpg <-- www.berti-golf.de /public_html/bertichile/pichicui pichicuy3_tn.jpg
2008.06.27 16:30 B K:\sicherung_webserver_h10__072008\berti-golf.de\public_html\bertichile\pichicui\pichicuy5.jpg <-- www.berti-golf.de /public_html/bertichile/pichicui pichicuy5.jpg
2008.06.27 16:30 B K:\sicherung_webserver_h10__072008\berti-golf.de\public_html\bertichile\pichicui\pichicuy5_tn.jpg <-- www.berti-golf.de /public_html/bertichile/pichicui pichicuy5_tn.jpg
2008.06.27 16:31 B K:\sicherung_webserver_h10__072008\berti-golf.de\public_html\bertichile\pichicui\pinguin1.jpg <-- www.berti-golf.de /public_html/bertichile/pichicui pinguin1.jpg
2008.06.27 16:31 B K:\sicherung_webserver_h10__072008\berti-golf.de\public_html\bertichile\pichicui\pinguin1_tn.jpg <-- www.berti-golf.de /public_html/bertichile/pichicui pinguin1_tn.jpg
2008.06.27 16:31 B K:\sicherung_webserver_h10__072008\berti-golf.de\public_html\bertichile\pichicui\puguen.mpg <-- www.berti-golf.de /public_html/bertichile/pichicui puguen.mpg
2008.06.27 16:31 B K:\sicherung_webserver_h10__072008\berti-golf.de\public_html\bertichile\pichicui\vorlage.html <-- www.berti-golf.de /public_html/bertichile/pichicui vorlage.html
2008.06.27 19:25 B K:\sicherung_webserver_h10__072008\berti-golf.de\public_html\bertichile\pichicui\berticonpadres.jpg --> bertigolfde.h1403220.stratoserver.net /public_html/bertichile/pichicui berticonpadres.jpg
2008.06.27 19:25 B K:\sicherung_webserver_h10__072008\berti-golf.de\public_html\bertichile\pichicui\berticonpadres_tn.jpg --> bertigolfde.h1403220.stratoserver.net /public_html/bertichile/pichicui berticonpadres_tn.jpg
2008.06.27 19:25 B K:\sicherung_webserver_h10__072008\berti-golf.de\public_html\bertichile\pichicui\blowhole.jpg --> bertigolfde.h1403220.stratoserver.net /public_html/bertichile/pichicui blowhole.jpg
2008.06.27 19:25 B K:\sicherung_webserver_h10__072008\berti-golf.de\public_html\bertichile\pichicui\blowhole_tn.jpg --> bertigolfde.h1403220.stratoserver.net /public_html/bertichile/pichicui blowhole_tn.jpg
2008.06.27 19:25 B K:\sicherung_webserver_h10__072008\berti-golf.de\public_html\bertichile\pichicui\caballos-playa.jpg --> bertigolfde.h1403220.stratoserver.net /public_html/bertichile/pichicui caballos-playa.jpg
2008.06.27 19:25 B K:\sicherung_webserver_h10__072008\berti-golf.de\public_html\bertichile\pichicui\caballos-playa_tn.jpg --> bertigolfde.h1403220.stratoserver.net /public_html/bertichile/pichicui caballos-playa_tn.jpg
2008.06.27 19:25 B K:\sicherung_webserver_h10__072008\berti-golf.de\public_html\bertichile\pichicui\iglesia-interior.jpg --> bertigolfde.h1403220.stratoserver.net /public_html/bertichile/pichicui iglesia-interior.jpg
2008.06.27 19:25 B K:\sicherung_webserver_h10__072008\berti-golf.de\public_html\bertichile\pichicui\iglesia-interior2.jpg --> bertigolfde.h1403220.stratoserver.net /public_html/bertichile/pichicui iglesia-interior2.jpg
2008.06.27 19:25 B K:\sicherung_webserver_h10__072008\berti-golf.de\public_html\bertichile\pichicui\iglesia-interior2_tn.jpg --> bertigolfde.h1403220.stratoserver.net /public_html/bertichile/pichicui iglesia-interior2_tn.jpg
2008.06.27 19:25 B K:\sicherung_webserver_h10__072008\berti-golf.de\public_html\bertichile\pichicui\iglesia-interior_tn.jpg --> bertigolfde.h1403220.stratoserver.net /public_html/bertichile/pichicui iglesia-interior_tn.jpg
2008.06.27 19:25 B K:\sicherung_webserver_h10__072008\berti-golf.de\public_html\bertichile\pichicui\iglesia.jpg --> bertigolfde.h1403220.stratoserver.net /public_html/bertichile/pichicui iglesia.jpg
2008.06.27 19:25 B K:\sicherung_webserver_h10__072008\berti-golf.de\public_html\bertichile\pichicui\iglesia_tn.jpg --> bertigolfde.h1403220.stratoserver.net /public_html/bertichile/pichicui iglesia_tn.jpg
2008.06.27 19:25 B K:\sicherung_webserver_h10__072008\berti-golf.de\public_html\bertichile\pichicui\isladelosrobos.jpg --> bertigolfde.h1403220.stratoserver.net /public_html/bertichile/pichicui isladelosrobos.jpg
2008.06.27 19:25 B K:\sicherung_webserver_h10__072008\berti-golf.de\public_html\bertichile\pichicui\isladelosrobos_tn.jpg --> bertigolfde.h1403220.stratoserver.net /public_html/bertichile/pichicui isladelosrobos_tn.jpg
2008.06.27 19:25 B K:\sicherung_webserver_h10__072008\berti-golf.de\public_html\bertichile\pichicui\jeep-playa1.jpg --> bertigolfde.h1403220.stratoserver.net /public_html/bertichile/pichicui jeep-playa1.jpg
2008.06.27 19:25 B K:\sicherung_webserver_h10__072008\berti-golf.de\public_html\bertichile\pichicui\jeep-playa1_tn.jpg --> bertigolfde.h1403220.stratoserver.net /public_html/bertichile/pichicui jeep-playa1_tn.jpg
2008.06.27 19:25 B K:\sicherung_webserver_h10__072008\berti-golf.de\public_html\bertichile\pichicui\jeep-playa3.jpg --> bertigolfde.h1403220.stratoserver.net /public_html/bertichile/pichicui jeep-playa3.jpg
2008.06.27 19:25 B K:\sicherung_webserver_h10__072008\berti-golf.de\public_html\bertichile\pichicui\jeep-playa3_tn.jpg --> bertigolfde.h1403220.stratoserver.net /public_html/bertichile/pichicui jeep-playa3_tn.jpg
2008.06.27 19:25 B K:\sicherung_webserver_h10__072008\berti-golf.de\public_html\bertichile\pichicui\losrobos3.jpg --> bertigolfde.h1403220.stratoserver.net /public_html/bertichile/pichicui losrobos3.jpg
2008.06.27 19:25 B K:\sicherung_webserver_h10__072008\berti-golf.de\public_html\bertichile\pichicui\losrobos3_tn.jpg --> bertigolfde.h1403220.stratoserver.net /public_html/bertichile/pichicui losrobos3_tn.jpg
2008.06.27 19:26 B K:\sicherung_webserver_h10__072008\berti-golf.de\public_html\bertichile\pichicui\papaenjeep.jpg --> bertigolfde.h1403220.stratoserver.net /public_html/bertichile/pichicui papaenjeep.jpg
2008.06.27 19:26 B K:\sicherung_webserver_h10__072008\berti-golf.de\public_html\bertichile\pichicui\papaenjeep_tn.jpg --> bertigolfde.h1403220.stratoserver.net /public_html/bertichile/pichicui papaenjeep_tn.jpg
2008.06.27 19:26 B K:\sicherung_webserver_h10__072008\berti-golf.de\public_html\bertichile\pichicui\pelicano2.jpg --> bertigolfde.h1403220.stratoserver.net /public_html/bertichile/pichicui pelicano2.jpg
2008.06.27 19:26 B K:\sicherung_webserver_h10__072008\berti-golf.de\public_html\bertichile\pichicui\pelicano2_tn.jpg --> bertigolfde.h1403220.stratoserver.net /public_html/bertichile/pichicui pelicano2_tn.jpg
2008.06.27 19:26 B K:\sicherung_webserver_h10__072008\berti-golf.de\public_html\bertichile\pichicui\pelicanos.jpg --> bertigolfde.h1403220.stratoserver.net /public_html/bertichile/pichicui pelicanos.jpg
2008.06.27 19:26 B K:\sicherung_webserver_h10__072008\berti-golf.de\public_html\bertichile\pichicui\pelicanos3.jpg --> bertigolfde.h1403220.stratoserver.net /public_html/bertichile/pichicui pelicanos3.jpg
2008.06.27 19:26 B K:\sicherung_webserver_h10__072008\berti-golf.de\public_html\bertichile\pichicui\pelicanos3_tn.jpg --> bertigolfde.h1403220.stratoserver.net /public_html/bertichile/pichicui pelicanos3_tn.jpg
2008.06.27 19:26 B K:\sicherung_webserver_h10__072008\berti-golf.de\public_html\bertichile\pichicui\pelicanos_tn.jpg --> bertigolfde.h1403220.stratoserver.net /public_html/bertichile/pichicui pelicanos_tn.jpg
2008.06.27 19:26 B K:\sicherung_webserver_h10__072008\berti-golf.de\public_html\bertichile\pichicui\pichi.html --> bertigolfde.h1403220.stratoserver.net /public_html/bertichile/pichicui pichi.html
2008.06.27 19:26 B K:\sicherung_webserver_h10__072008\berti-golf.de\public_html\bertichile\pichicui\pichicuy-papa.jpg --> bertigolfde.h1403220.stratoserver.net /public_html/bertichile/pichicui pichicuy-papa.jpg
2008.06.27 19:26 B K:\sicherung_webserver_h10__072008\berti-golf.de\public_html\bertichile\pichicui\pichicuy-papa_tn.jpg --> bertigolfde.h1403220.stratoserver.net /public_html/bertichile/pichicui pichicuy-papa_tn.jpg
2008.06.27 19:26 B K:\sicherung_webserver_h10__072008\berti-golf.de\public_html\bertichile\pichicui\pichicuy1.jpg --> bertigolfde.h1403220.stratoserver.net /public_html/bertichile/pichicui pichicuy1.jpg
2008.06.27 19:26 B K:\sicherung_webserver_h10__072008\berti-golf.de\public_html\bertichile\pichicui\pichicuy1_tn.jpg --> bertigolfde.h1403220.stratoserver.net /public_html/bertichile/pichicui pichicuy1_tn.jpg
2008.06.27 19:26 B K:\sicherung_webserver_h10__072008\berti-golf.de\public_html\bertichile\pichicui\pichicuy2.jpg --> bertigolfde.h1403220.stratoserver.net /public_html/bertichile/pichicui pichicuy2.jpg
2008.06.27 19:26 B K:\sicherung_webserver_h10__072008\berti-golf.de\public_html\bertichile\pichicui\pichicuy2_tn.jpg --> bertigolfde.h1403220.stratoserver.net /public_html/bertichile/pichicui pichicuy2_tn.jpg
2008.06.27 19:26 B K:\sicherung_webserver_h10__072008\berti-golf.de\public_html\bertichile\pichicui\pichicuy3.jpg --> bertigolfde.h1403220.stratoserver.net /public_html/bertichile/pichicui pichicuy3.jpg
2008.06.27 19:26 B K:\sicherung_webserver_h10__072008\berti-golf.de\public_html\bertichile\pichicui\pichicuy3_tn.jpg --> bertigolfde.h1403220.stratoserver.net /public_html/bertichile/pichicui pichicuy3_tn.jpg
2008.06.27 19:26 B K:\sicherung_webserver_h10__072008\berti-golf.de\public_html\bertichile\pichicui\pichicuy5.jpg --> bertigolfde.h1403220.stratoserver.net /public_html/bertichile/pichicui pichicuy5.jpg
2008.06.27 19:26 B K:\sicherung_webserver_h10__072008\berti-golf.de\public_html\bertichile\pichicui\pichicuy5_tn.jpg --> bertigolfde.h1403220.stratoserver.net /public_html/bertichile/pichicui pichicuy5_tn.jpg
2008.06.27 19:26 B K:\sicherung_webserver_h10__072008\berti-golf.de\public_html\bertichile\pichicui\pinguin1.jpg --> bertigolfde.h1403220.stratoserver.net /public_html/bertichile/pichicui pinguin1.jpg
2008.06.27 19:26 B K:\sicherung_webserver_h10__072008\berti-golf.de\public_html\bertichile\pichicui\pinguin1_tn.jpg --> bertigolfde.h1403220.stratoserver.net /public_html/bertichile/pichicui pinguin1_tn.jpg
2008.06.27 19:27 B K:\sicherung_webserver_h10__072008\berti-golf.de\public_html\bertichile\pichicui\puguen.mpg --> bertigolfde.h1403220.stratoserver.net /public_html/bertichile/pichicui puguen.mpg
2008.06.27 19:27 B K:\sicherung_webserver_h10__072008\berti-golf.de\public_html\bertichile\pichicui\vorlage.html --> bertigolfde.h1403220.stratoserver.net /public_html/bertichile/pichicui vorlage.html
2009.05.01 07:20 B Z:\home\Berti\public_html\www.berti-golf.de\bertichile\pichicui\WS_FTP.LOG <-- bertigolfde.h1403220.stratoserver.net /public_html/bertichile/pichicui WS_FTP.LOG
2009.12.08 18:04 B Z:\home\Berti\public_html\www.berti-golf.de\bertichile\pichicui\berticonpadres.jpg --> h1667152.stratoserver.net /httpdocs/bertichile/pichicui berticonpadres.jpg
2009.12.08 18:04 B Z:\home\Berti\public_html\www.berti-golf.de\bertichile\pichicui\berticonpadres_tn.jpg --> h1667152.stratoserver.net /httpdocs/bertichile/pichicui berticonpadres_tn.jpg
2009.12.08 18:04 B Z:\home\Berti\public_html\www.berti-golf.de\bertichile\pichicui\blowhole.jpg --> h1667152.stratoserver.net /httpdocs/bertichile/pichicui blowhole.jpg
2009.12.08 18:04 B Z:\home\Berti\public_html\www.berti-golf.de\bertichile\pichicui\blowhole_tn.jpg --> h1667152.stratoserver.net /httpdocs/bertichile/pichicui blowhole_tn.jpg
2009.12.08 18:04 B Z:\home\Berti\public_html\www.berti-golf.de\bertichile\pichicui\caballos-playa.jpg --> h1667152.stratoserver.net /httpdocs/bertichile/pichicui caballos-playa.jpg
2009.12.08 18:04 B Z:\home\Berti\public_html\www.berti-golf.de\bertichile\pichicui\caballos-playa_tn.jpg --> h1667152.stratoserver.net /httpdocs/bertichile/pichicui caballos-playa_tn.jpg
2009.12.08 18:04 B Z:\home\Berti\public_html\www.berti-golf.de\bertichile\pichicui\iglesia-interior.jpg --> h1667152.stratoserver.net /httpdocs/bertichile/pichicui iglesia-interior.jpg
2009.12.08 18:04 B Z:\home\Berti\public_html\www.berti-golf.de\bertichile\pichicui\iglesia-interior2.jpg --> h1667152.stratoserver.net /httpdocs/bertichile/pichicui iglesia-interior2.jpg
2009.12.08 18:04 B Z:\home\Berti\public_html\www.berti-golf.de\bertichile\pichicui\iglesia-interior2_tn.jpg --> h1667152.stratoserver.net /httpdocs/bertichile/pichicui iglesia-interior2_tn.jpg
2009.12.08 18:04 B Z:\home\Berti\public_html\www.berti-golf.de\bertichile\pichicui\iglesia-interior_tn.jpg --> h1667152.stratoserver.net /httpdocs/bertichile/pichicui iglesia-interior_tn.jpg
2009.12.08 18:04 B Z:\home\Berti\public_html\www.berti-golf.de\bertichile\pichicui\iglesia.jpg --> h1667152.stratoserver.net /httpdocs/bertichile/pichicui iglesia.jpg
2009.12.08 18:04 B Z:\home\Berti\public_html\www.berti-golf.de\bertichile\pichicui\iglesia_tn.jpg --> h1667152.stratoserver.net /httpdocs/bertichile/pichicui iglesia_tn.jpg
2009.12.08 18:04 B Z:\home\Berti\public_html\www.berti-golf.de\bertichile\pichicui\isladelosrobos.jpg --> h1667152.stratoserver.net /httpdocs/bertichile/pichicui isladelosrobos.jpg
2009.12.08 18:04 B Z:\home\Berti\public_html\www.berti-golf.de\bertichile\pichicui\isladelosrobos_tn.jpg --> h1667152.stratoserver.net /httpdocs/bertichile/pichicui isladelosrobos_tn.jpg
2009.12.08 18:04 B Z:\home\Berti\public_html\www.berti-golf.de\bertichile\pichicui\jeep-playa1.jpg --> h1667152.stratoserver.net /httpdocs/bertichile/pichicui jeep-playa1.jpg
2009.12.08 18:04 B Z:\home\Berti\public_html\www.berti-golf.de\bertichile\pichicui\jeep-playa1_tn.jpg --> h1667152.stratoserver.net /httpdocs/bertichile/pichicui jeep-playa1_tn.jpg
2009.12.08 18:04 B Z:\home\Berti\public_html\www.berti-golf.de\bertichile\pichicui\jeep-playa3.jpg --> h1667152.stratoserver.net /httpdocs/bertichile/pichicui jeep-playa3.jpg
2009.12.08 18:04 B Z:\home\Berti\public_html\www.berti-golf.de\bertichile\pichicui\jeep-playa3_tn.jpg --> h1667152.stratoserver.net /httpdocs/bertichile/pichicui jeep-playa3_tn.jpg
2009.12.08 18:04 B Z:\home\Berti\public_html\www.berti-golf.de\bertichile\pichicui\losrobos3.jpg --> h1667152.stratoserver.net /httpdocs/bertichile/pichicui losrobos3.jpg
2009.12.08 18:04 B Z:\home\Berti\public_html\www.berti-golf.de\bertichile\pichicui\losrobos3_tn.jpg --> h1667152.stratoserver.net /httpdocs/bertichile/pichicui losrobos3_tn.jpg
2009.12.08 18:04 B Z:\home\Berti\public_html\www.berti-golf.de\bertichile\pichicui\papaenjeep.jpg --> h1667152.stratoserver.net /httpdocs/bertichile/pichicui papaenjeep.jpg
2009.12.08 18:04 B Z:\home\Berti\public_html\www.berti-golf.de\bertichile\pichicui\papaenjeep_tn.jpg --> h1667152.stratoserver.net /httpdocs/bertichile/pichicui papaenjeep_tn.jpg
2009.12.08 18:04 B Z:\home\Berti\public_html\www.berti-golf.de\bertichile\pichicui\pelicano2.jpg --> h1667152.stratoserver.net /httpdocs/bertichile/pichicui pelicano2.jpg
2009.12.08 18:04 B Z:\home\Berti\public_html\www.berti-golf.de\bertichile\pichicui\pelicano2_tn.jpg --> h1667152.stratoserver.net /httpdocs/bertichile/pichicui pelicano2_tn.jpg
2009.12.08 18:04 B Z:\home\Berti\public_html\www.berti-golf.de\bertichile\pichicui\pelicanos.jpg --> h1667152.stratoserver.net /httpdocs/bertichile/pichicui pelicanos.jpg
2009.12.08 18:04 B Z:\home\Berti\public_html\www.berti-golf.de\bertichile\pichicui\pelicanos3.jpg --> h1667152.stratoserver.net /httpdocs/bertichile/pichicui pelicanos3.jpg
2009.12.08 18:04 B Z:\home\Berti\public_html\www.berti-golf.de\bertichile\pichicui\pelicanos3_tn.jpg --> h1667152.stratoserver.net /httpdocs/bertichile/pichicui pelicanos3_tn.jpg
2009.12.08 18:04 B Z:\home\Berti\public_html\www.berti-golf.de\bertichile\pichicui\pelicanos_tn.jpg --> h1667152.stratoserver.net /httpdocs/bertichile/pichicui pelicanos_tn.jpg
2009.12.08 18:04 B Z:\home\Berti\public_html\www.berti-golf.de\bertichile\pichicui\pichi.html --> h1667152.stratoserver.net /httpdocs/bertichile/pichicui pichi.html
2009.12.08 18:04 B Z:\home\Berti\public_html\www.berti-golf.de\bertichile\pichicui\pichicuy-papa.jpg --> h1667152.stratoserver.net /httpdocs/bertichile/pichicui pichicuy-papa.jpg
2009.12.08 18:04 B Z:\home\Berti\public_html\www.berti-golf.de\bertichile\pichicui\pichicuy-papa_tn.jpg --> h1667152.stratoserver.net /httpdocs/bertichile/pichicui pichicuy-papa_tn.jpg
2009.12.08 18:04 B Z:\home\Berti\public_html\www.berti-golf.de\bertichile\pichicui\pichicuy1.jpg --> h1667152.stratoserver.net /httpdocs/bertichile/pichicui pichicuy1.jpg
2009.12.08 18:04 B Z:\home\Berti\public_html\www.berti-golf.de\bertichile\pichicui\pichicuy1_tn.jpg --> h1667152.stratoserver.net /httpdocs/bertichile/pichicui pichicuy1_tn.jpg
2009.12.08 18:04 B Z:\home\Berti\public_html\www.berti-golf.de\bertichile\pichicui\pichicuy2.jpg --> h1667152.stratoserver.net /httpdocs/bertichile/pichicui pichicuy2.jpg
2009.12.08 18:04 B Z:\home\Berti\public_html\www.berti-golf.de\bertichile\pichicui\pichicuy2_tn.jpg --> h1667152.stratoserver.net /httpdocs/bertichile/pichicui pichicuy2_tn.jpg
2009.12.08 18:04 B Z:\home\Berti\public_html\www.berti-golf.de\bertichile\pichicui\pichicuy3.jpg --> h1667152.stratoserver.net /httpdocs/bertichile/pichicui pichicuy3.jpg
2009.12.08 18:04 B Z:\home\Berti\public_html\www.berti-golf.de\bertichile\pichicui\pichicuy3_tn.jpg --> h1667152.stratoserver.net /httpdocs/bertichile/pichicui pichicuy3_tn.jpg
2009.12.08 18:04 B Z:\home\Berti\public_html\www.berti-golf.de\bertichile\pichicui\pichicuy5.jpg --> h1667152.stratoserver.net /httpdocs/bertichile/pichicui pichicuy5.jpg
2009.12.08 18:04 B Z:\home\Berti\public_html\www.berti-golf.de\bertichile\pichicui\pichicuy5_tn.jpg --> h1667152.stratoserver.net /httpdocs/bertichile/pichicui pichicuy5_tn.jpg
2009.12.08 18:04 B Z:\home\Berti\public_html\www.berti-golf.de\bertichile\pichicui\pinguin1.jpg --> h1667152.stratoserver.net /httpdocs/bertichile/pichicui pinguin1.jpg
2009.12.08 18:04 B Z:\home\Berti\public_html\www.berti-golf.de\bertichile\pichicui\pinguin1_tn.jpg --> h1667152.stratoserver.net /httpdocs/bertichile/pichicui pinguin1_tn.jpg
2009.12.08 18:05 B Z:\home\Berti\public_html\www.berti-golf.de\bertichile\pichicui\puguen.mpg --> h1667152.stratoserver.net /httpdocs/bertichile/pichicui puguen.mpg
2009.12.08 18:05 B Z:\home\Berti\public_html\www.berti-golf.de\bertichile\pichicui\vorlage.html --> h1667152.stratoserver.net /httpdocs/bertichile/pichicui vorlage.html
