2008.06.27 16:00 B K:\sicherung_webserver_h10__072008\berti-golf.de\public_html\bertichile\anonuevo\an2001.html <-- www.berti-golf.de /public_html/bertichile/anonuevo an2001.html
2008.06.27 16:00 B K:\sicherung_webserver_h10__072008\berti-golf.de\public_html\bertichile\anonuevo\balsedeyeso1.jpg <-- www.berti-golf.de /public_html/bertichile/anonuevo balsedeyeso1.jpg
2008.06.27 16:00 B K:\sicherung_webserver_h10__072008\berti-golf.de\public_html\bertichile\anonuevo\balsedeyeso1_tn.jpg <-- www.berti-golf.de /public_html/bertichile/anonuevo balsedeyeso1_tn.jpg
2008.06.27 16:00 B K:\sicherung_webserver_h10__072008\berti-golf.de\public_html\bertichile\anonuevo\balsedeyeso2.jpg <-- www.berti-golf.de /public_html/bertichile/anonuevo balsedeyeso2.jpg
2008.06.27 16:00 B K:\sicherung_webserver_h10__072008\berti-golf.de\public_html\bertichile\anonuevo\balsedeyeso2_tn.jpg <-- www.berti-golf.de /public_html/bertichile/anonuevo balsedeyeso2_tn.jpg
2008.06.27 16:00 B K:\sicherung_webserver_h10__072008\berti-golf.de\public_html\bertichile\anonuevo\balsedeyeso3.jpg <-- www.berti-golf.de /public_html/bertichile/anonuevo balsedeyeso3.jpg
2008.06.27 16:00 B K:\sicherung_webserver_h10__072008\berti-golf.de\public_html\bertichile\anonuevo\balsedeyeso3_tn.jpg <-- www.berti-golf.de /public_html/bertichile/anonuevo balsedeyeso3_tn.jpg
2008.06.27 16:00 B K:\sicherung_webserver_h10__072008\berti-golf.de\public_html\bertichile\anonuevo\balsedeyeso4.jpg <-- www.berti-golf.de /public_html/bertichile/anonuevo balsedeyeso4.jpg
2008.06.27 16:00 B K:\sicherung_webserver_h10__072008\berti-golf.de\public_html\bertichile\anonuevo\balsedeyeso4_tn.jpg <-- www.berti-golf.de /public_html/bertichile/anonuevo balsedeyeso4_tn.jpg
2008.06.27 16:00 B K:\sicherung_webserver_h10__072008\berti-golf.de\public_html\bertichile\anonuevo\balsedeyeso5_tn.jpg <-- www.berti-golf.de /public_html/bertichile/anonuevo balsedeyeso5_tn.jpg
2008.06.27 16:00 B K:\sicherung_webserver_h10__072008\berti-golf.de\public_html\bertichile\anonuevo\balsedeyeso6.jpg <-- www.berti-golf.de /public_html/bertichile/anonuevo balsedeyeso6.jpg
2008.06.27 16:00 B K:\sicherung_webserver_h10__072008\berti-golf.de\public_html\bertichile\anonuevo\balsedeyeso6_tn.jpg <-- www.berti-golf.de /public_html/bertichile/anonuevo balsedeyeso6_tn.jpg
2008.06.27 16:00 B K:\sicherung_webserver_h10__072008\berti-golf.de\public_html\bertichile\anonuevo\balsedeyeso7.jpg <-- www.berti-golf.de /public_html/bertichile/anonuevo balsedeyeso7.jpg
2008.06.27 16:00 B K:\sicherung_webserver_h10__072008\berti-golf.de\public_html\bertichile\anonuevo\balsedeyeso7_tn.jpg <-- www.berti-golf.de /public_html/bertichile/anonuevo balsedeyeso7_tn.jpg
2008.06.27 16:00 B K:\sicherung_webserver_h10__072008\berti-golf.de\public_html\bertichile\anonuevo\balsedeyeso8.jpg <-- www.berti-golf.de /public_html/bertichile/anonuevo balsedeyeso8.jpg
2008.06.27 16:00 B K:\sicherung_webserver_h10__072008\berti-golf.de\public_html\bertichile\anonuevo\balsedeyeso8_tn.jpg <-- www.berti-golf.de /public_html/bertichile/anonuevo balsedeyeso8_tn.jpg
2008.06.27 16:00 B K:\sicherung_webserver_h10__072008\berti-golf.de\public_html\bertichile\anonuevo\caballo1.jpg <-- www.berti-golf.de /public_html/bertichile/anonuevo caballo1.jpg
2008.06.27 16:00 B K:\sicherung_webserver_h10__072008\berti-golf.de\public_html\bertichile\anonuevo\caballo1_tn.jpg <-- www.berti-golf.de /public_html/bertichile/anonuevo caballo1_tn.jpg
2008.06.27 16:00 B K:\sicherung_webserver_h10__072008\berti-golf.de\public_html\bertichile\anonuevo\caballo2.jpg <-- www.berti-golf.de /public_html/bertichile/anonuevo caballo2.jpg
2008.06.27 16:00 B K:\sicherung_webserver_h10__072008\berti-golf.de\public_html\bertichile\anonuevo\caballo2_tn.jpg <-- www.berti-golf.de /public_html/bertichile/anonuevo caballo2_tn.jpg
2008.06.27 16:00 B K:\sicherung_webserver_h10__072008\berti-golf.de\public_html\bertichile\anonuevo\caballo3.jpg <-- www.berti-golf.de /public_html/bertichile/anonuevo caballo3.jpg
2008.06.27 16:00 B K:\sicherung_webserver_h10__072008\berti-golf.de\public_html\bertichile\anonuevo\caballo3_tn.jpg <-- www.berti-golf.de /public_html/bertichile/anonuevo caballo3_tn.jpg
2008.06.27 16:00 B K:\sicherung_webserver_h10__072008\berti-golf.de\public_html\bertichile\anonuevo\caballo4.jpg <-- www.berti-golf.de /public_html/bertichile/anonuevo caballo4.jpg
2008.06.27 16:00 B K:\sicherung_webserver_h10__072008\berti-golf.de\public_html\bertichile\anonuevo\caballo4_tn.jpg <-- www.berti-golf.de /public_html/bertichile/anonuevo caballo4_tn.jpg
2008.06.27 16:00 B K:\sicherung_webserver_h10__072008\berti-golf.de\public_html\bertichile\anonuevo\caballo5.jpg <-- www.berti-golf.de /public_html/bertichile/anonuevo caballo5.jpg
2008.06.27 16:00 B K:\sicherung_webserver_h10__072008\berti-golf.de\public_html\bertichile\anonuevo\caballo5_tn.jpg <-- www.berti-golf.de /public_html/bertichile/anonuevo caballo5_tn.jpg
2008.06.27 16:00 B K:\sicherung_webserver_h10__072008\berti-golf.de\public_html\bertichile\anonuevo\caballo6.jpg <-- www.berti-golf.de /public_html/bertichile/anonuevo caballo6.jpg
2008.06.27 16:00 B K:\sicherung_webserver_h10__072008\berti-golf.de\public_html\bertichile\anonuevo\caballo6_tn.jpg <-- www.berti-golf.de /public_html/bertichile/anonuevo caballo6_tn.jpg
2008.06.27 16:00 B K:\sicherung_webserver_h10__072008\berti-golf.de\public_html\bertichile\anonuevo\elvolcan01.jpg <-- www.berti-golf.de /public_html/bertichile/anonuevo elvolcan01.jpg
2008.06.27 16:00 B K:\sicherung_webserver_h10__072008\berti-golf.de\public_html\bertichile\anonuevo\elvolcan01_tn.jpg <-- www.berti-golf.de /public_html/bertichile/anonuevo elvolcan01_tn.jpg
2008.06.27 16:00 B K:\sicherung_webserver_h10__072008\berti-golf.de\public_html\bertichile\anonuevo\elvolcan02.jpg <-- www.berti-golf.de /public_html/bertichile/anonuevo elvolcan02.jpg
2008.06.27 16:00 B K:\sicherung_webserver_h10__072008\berti-golf.de\public_html\bertichile\anonuevo\elvolcan02_tn.jpg <-- www.berti-golf.de /public_html/bertichile/anonuevo elvolcan02_tn.jpg
2008.06.27 16:00 B K:\sicherung_webserver_h10__072008\berti-golf.de\public_html\bertichile\anonuevo\elvolcan03.jpg <-- www.berti-golf.de /public_html/bertichile/anonuevo elvolcan03.jpg
2008.06.27 16:00 B K:\sicherung_webserver_h10__072008\berti-golf.de\public_html\bertichile\anonuevo\elvolcan03_tn.jpg <-- www.berti-golf.de /public_html/bertichile/anonuevo elvolcan03_tn.jpg
2008.06.27 16:00 B K:\sicherung_webserver_h10__072008\berti-golf.de\public_html\bertichile\anonuevo\elvolcan04.jpg <-- www.berti-golf.de /public_html/bertichile/anonuevo elvolcan04.jpg
2008.06.27 16:00 B K:\sicherung_webserver_h10__072008\berti-golf.de\public_html\bertichile\anonuevo\elvolcan04_tn.jpg <-- www.berti-golf.de /public_html/bertichile/anonuevo elvolcan04_tn.jpg
2008.06.27 16:00 B K:\sicherung_webserver_h10__072008\berti-golf.de\public_html\bertichile\anonuevo\elvolcan07.jpg <-- www.berti-golf.de /public_html/bertichile/anonuevo elvolcan07.jpg
2008.06.27 16:00 B K:\sicherung_webserver_h10__072008\berti-golf.de\public_html\bertichile\anonuevo\elvolcan07_tn.jpg <-- www.berti-golf.de /public_html/bertichile/anonuevo elvolcan07_tn.jpg
2008.06.27 16:00 B K:\sicherung_webserver_h10__072008\berti-golf.de\public_html\bertichile\anonuevo\elvolcan08.jpg <-- www.berti-golf.de /public_html/bertichile/anonuevo elvolcan08.jpg
2008.06.27 16:00 B K:\sicherung_webserver_h10__072008\berti-golf.de\public_html\bertichile\anonuevo\elvolcan08_tn.jpg <-- www.berti-golf.de /public_html/bertichile/anonuevo elvolcan08_tn.jpg
2008.06.27 16:00 B K:\sicherung_webserver_h10__072008\berti-golf.de\public_html\bertichile\anonuevo\elvolcan09.jpg <-- www.berti-golf.de /public_html/bertichile/anonuevo elvolcan09.jpg
2008.06.27 16:00 B K:\sicherung_webserver_h10__072008\berti-golf.de\public_html\bertichile\anonuevo\elvolcan09_tn.jpg <-- www.berti-golf.de /public_html/bertichile/anonuevo elvolcan09_tn.jpg
2008.06.27 16:00 B K:\sicherung_webserver_h10__072008\berti-golf.de\public_html\bertichile\anonuevo\elvolcan10.jpg <-- www.berti-golf.de /public_html/bertichile/anonuevo elvolcan10.jpg
2008.06.27 16:00 B K:\sicherung_webserver_h10__072008\berti-golf.de\public_html\bertichile\anonuevo\elvolcan10_tn.jpg <-- www.berti-golf.de /public_html/bertichile/anonuevo elvolcan10_tn.jpg
2008.06.27 16:00 B K:\sicherung_webserver_h10__072008\berti-golf.de\public_html\bertichile\anonuevo\elvolcan11.jpg <-- www.berti-golf.de /public_html/bertichile/anonuevo elvolcan11.jpg
2008.06.27 16:00 B K:\sicherung_webserver_h10__072008\berti-golf.de\public_html\bertichile\anonuevo\elvolcan11_tn.jpg <-- www.berti-golf.de /public_html/bertichile/anonuevo elvolcan11_tn.jpg
2008.06.27 16:00 B K:\sicherung_webserver_h10__072008\berti-golf.de\public_html\bertichile\anonuevo\elvolcan12.jpg <-- www.berti-golf.de /public_html/bertichile/anonuevo elvolcan12.jpg
2008.06.27 16:00 B K:\sicherung_webserver_h10__072008\berti-golf.de\public_html\bertichile\anonuevo\elvolcan12_tn.jpg <-- www.berti-golf.de /public_html/bertichile/anonuevo elvolcan12_tn.jpg
2008.06.27 16:00 B K:\sicherung_webserver_h10__072008\berti-golf.de\public_html\bertichile\anonuevo\elvolcan13.jpg <-- www.berti-golf.de /public_html/bertichile/anonuevo elvolcan13.jpg
2008.06.27 16:00 B K:\sicherung_webserver_h10__072008\berti-golf.de\public_html\bertichile\anonuevo\elvolcan13_tn.jpg <-- www.berti-golf.de /public_html/bertichile/anonuevo elvolcan13_tn.jpg
2008.06.27 16:00 B K:\sicherung_webserver_h10__072008\berti-golf.de\public_html\bertichile\anonuevo\elvolcan14.jpg <-- www.berti-golf.de /public_html/bertichile/anonuevo elvolcan14.jpg
2008.06.27 16:00 B K:\sicherung_webserver_h10__072008\berti-golf.de\public_html\bertichile\anonuevo\elvolcan14_tn.jpg <-- www.berti-golf.de /public_html/bertichile/anonuevo elvolcan14_tn.jpg
2008.06.27 16:00 B K:\sicherung_webserver_h10__072008\berti-golf.de\public_html\bertichile\anonuevo\elvolcan15.jpg <-- www.berti-golf.de /public_html/bertichile/anonuevo elvolcan15.jpg
2008.06.27 16:00 B K:\sicherung_webserver_h10__072008\berti-golf.de\public_html\bertichile\anonuevo\elvolcan15_tn.jpg <-- www.berti-golf.de /public_html/bertichile/anonuevo elvolcan15_tn.jpg
2008.06.27 16:00 B K:\sicherung_webserver_h10__072008\berti-golf.de\public_html\bertichile\anonuevo\elvolcan16.jpg <-- www.berti-golf.de /public_html/bertichile/anonuevo elvolcan16.jpg
2008.06.27 16:00 B K:\sicherung_webserver_h10__072008\berti-golf.de\public_html\bertichile\anonuevo\elvolcan16_tn.jpg <-- www.berti-golf.de /public_html/bertichile/anonuevo elvolcan16_tn.jpg
2008.06.27 16:00 B K:\sicherung_webserver_h10__072008\berti-golf.de\public_html\bertichile\anonuevo\elvolcan17.jpg <-- www.berti-golf.de /public_html/bertichile/anonuevo elvolcan17.jpg
2008.06.27 16:00 B K:\sicherung_webserver_h10__072008\berti-golf.de\public_html\bertichile\anonuevo\elvolcan17_tn.jpg <-- www.berti-golf.de /public_html/bertichile/anonuevo elvolcan17_tn.jpg
2008.06.27 16:00 B K:\sicherung_webserver_h10__072008\berti-golf.de\public_html\bertichile\anonuevo\elvolcan18.jpg <-- www.berti-golf.de /public_html/bertichile/anonuevo elvolcan18.jpg
2008.06.27 16:00 B K:\sicherung_webserver_h10__072008\berti-golf.de\public_html\bertichile\anonuevo\elvolcan18_tn.jpg <-- www.berti-golf.de /public_html/bertichile/anonuevo elvolcan18_tn.jpg
2008.06.27 16:00 B K:\sicherung_webserver_h10__072008\berti-golf.de\public_html\bertichile\anonuevo\elvolcan19.jpg <-- www.berti-golf.de /public_html/bertichile/anonuevo elvolcan19.jpg
2008.06.27 16:00 B K:\sicherung_webserver_h10__072008\berti-golf.de\public_html\bertichile\anonuevo\elvolcan19_tn.jpg <-- www.berti-golf.de /public_html/bertichile/anonuevo elvolcan19_tn.jpg
2008.06.27 16:01 B K:\sicherung_webserver_h10__072008\berti-golf.de\public_html\bertichile\anonuevo\entreamigos.jpg <-- www.berti-golf.de /public_html/bertichile/anonuevo entreamigos.jpg
2008.06.27 16:01 B K:\sicherung_webserver_h10__072008\berti-golf.de\public_html\bertichile\anonuevo\entreamigos00.jpg <-- www.berti-golf.de /public_html/bertichile/anonuevo entreamigos00.jpg
2008.06.27 16:01 B K:\sicherung_webserver_h10__072008\berti-golf.de\public_html\bertichile\anonuevo\entreamigos00_tn.jpg <-- www.berti-golf.de /public_html/bertichile/anonuevo entreamigos00_tn.jpg
2008.06.27 16:01 B K:\sicherung_webserver_h10__072008\berti-golf.de\public_html\bertichile\anonuevo\entreamigos01.jpg <-- www.berti-golf.de /public_html/bertichile/anonuevo entreamigos01.jpg
2008.06.27 16:01 B K:\sicherung_webserver_h10__072008\berti-golf.de\public_html\bertichile\anonuevo\entreamigos01_tn.jpg <-- www.berti-golf.de /public_html/bertichile/anonuevo entreamigos01_tn.jpg
2008.06.27 16:01 B K:\sicherung_webserver_h10__072008\berti-golf.de\public_html\bertichile\anonuevo\entreamigos02.jpg <-- www.berti-golf.de /public_html/bertichile/anonuevo entreamigos02.jpg
2008.06.27 16:01 B K:\sicherung_webserver_h10__072008\berti-golf.de\public_html\bertichile\anonuevo\entreamigos02_tn.jpg <-- www.berti-golf.de /public_html/bertichile/anonuevo entreamigos02_tn.jpg
2008.06.27 16:01 B K:\sicherung_webserver_h10__072008\berti-golf.de\public_html\bertichile\anonuevo\entreamigos03.jpg <-- www.berti-golf.de /public_html/bertichile/anonuevo entreamigos03.jpg
2008.06.27 16:01 B K:\sicherung_webserver_h10__072008\berti-golf.de\public_html\bertichile\anonuevo\entreamigos03_tn.jpg <-- www.berti-golf.de /public_html/bertichile/anonuevo entreamigos03_tn.jpg
2008.06.27 16:01 B K:\sicherung_webserver_h10__072008\berti-golf.de\public_html\bertichile\anonuevo\entreamigos04.jpg <-- www.berti-golf.de /public_html/bertichile/anonuevo entreamigos04.jpg
2008.06.27 16:01 B K:\sicherung_webserver_h10__072008\berti-golf.de\public_html\bertichile\anonuevo\entreamigos04_tn.jpg <-- www.berti-golf.de /public_html/bertichile/anonuevo entreamigos04_tn.jpg
2008.06.27 16:01 B K:\sicherung_webserver_h10__072008\berti-golf.de\public_html\bertichile\anonuevo\entreamigos05.jpg <-- www.berti-golf.de /public_html/bertichile/anonuevo entreamigos05.jpg
2008.06.27 16:01 B K:\sicherung_webserver_h10__072008\berti-golf.de\public_html\bertichile\anonuevo\entreamigos05_tn.jpg <-- www.berti-golf.de /public_html/bertichile/anonuevo entreamigos05_tn.jpg
2008.06.27 16:01 B K:\sicherung_webserver_h10__072008\berti-golf.de\public_html\bertichile\anonuevo\entreamigos_tn.jpg <-- www.berti-golf.de /public_html/bertichile/anonuevo entreamigos_tn.jpg
2008.06.27 16:01 B K:\sicherung_webserver_h10__072008\berti-golf.de\public_html\bertichile\anonuevo\plomo01.jpg <-- www.berti-golf.de /public_html/bertichile/anonuevo plomo01.jpg
2008.06.27 16:01 B K:\sicherung_webserver_h10__072008\berti-golf.de\public_html\bertichile\anonuevo\plomo01_tn.jpg <-- www.berti-golf.de /public_html/bertichile/anonuevo plomo01_tn.jpg
2008.06.27 16:01 B K:\sicherung_webserver_h10__072008\berti-golf.de\public_html\bertichile\anonuevo\plomo02.jpg <-- www.berti-golf.de /public_html/bertichile/anonuevo plomo02.jpg
2008.06.27 16:01 B K:\sicherung_webserver_h10__072008\berti-golf.de\public_html\bertichile\anonuevo\plomo02_tn.jpg <-- www.berti-golf.de /public_html/bertichile/anonuevo plomo02_tn.jpg
2008.06.27 16:01 B K:\sicherung_webserver_h10__072008\berti-golf.de\public_html\bertichile\anonuevo\plomo03_tn.jpg <-- www.berti-golf.de /public_html/bertichile/anonuevo plomo03_tn.jpg
2008.06.27 16:01 B K:\sicherung_webserver_h10__072008\berti-golf.de\public_html\bertichile\anonuevo\plomo04.jpg <-- www.berti-golf.de /public_html/bertichile/anonuevo plomo04.jpg
2008.06.27 16:01 B K:\sicherung_webserver_h10__072008\berti-golf.de\public_html\bertichile\anonuevo\plomo04_tn.jpg <-- www.berti-golf.de /public_html/bertichile/anonuevo plomo04_tn.jpg
2008.06.27 16:01 B K:\sicherung_webserver_h10__072008\berti-golf.de\public_html\bertichile\anonuevo\plomo05.jpg <-- www.berti-golf.de /public_html/bertichile/anonuevo plomo05.jpg
2008.06.27 16:01 B K:\sicherung_webserver_h10__072008\berti-golf.de\public_html\bertichile\anonuevo\plomo05_tn.jpg <-- www.berti-golf.de /public_html/bertichile/anonuevo plomo05_tn.jpg
2008.06.27 16:01 B K:\sicherung_webserver_h10__072008\berti-golf.de\public_html\bertichile\anonuevo\plomo06.jpg <-- www.berti-golf.de /public_html/bertichile/anonuevo plomo06.jpg
2008.06.27 16:01 B K:\sicherung_webserver_h10__072008\berti-golf.de\public_html\bertichile\anonuevo\plomo06_tn.jpg <-- www.berti-golf.de /public_html/bertichile/anonuevo plomo06_tn.jpg
2008.06.27 16:01 B K:\sicherung_webserver_h10__072008\berti-golf.de\public_html\bertichile\anonuevo\plomo07.jpg <-- www.berti-golf.de /public_html/bertichile/anonuevo plomo07.jpg
2008.06.27 16:01 B K:\sicherung_webserver_h10__072008\berti-golf.de\public_html\bertichile\anonuevo\plomo07_tn.jpg <-- www.berti-golf.de /public_html/bertichile/anonuevo plomo07_tn.jpg
2008.06.27 16:01 B K:\sicherung_webserver_h10__072008\berti-golf.de\public_html\bertichile\anonuevo\plomo08.jpg <-- www.berti-golf.de /public_html/bertichile/anonuevo plomo08.jpg
2008.06.27 16:01 B K:\sicherung_webserver_h10__072008\berti-golf.de\public_html\bertichile\anonuevo\plomo08_tn.jpg <-- www.berti-golf.de /public_html/bertichile/anonuevo plomo08_tn.jpg
2008.06.27 16:01 B K:\sicherung_webserver_h10__072008\berti-golf.de\public_html\bertichile\anonuevo\plomo09.jpg <-- www.berti-golf.de /public_html/bertichile/anonuevo plomo09.jpg
2008.06.27 16:01 B K:\sicherung_webserver_h10__072008\berti-golf.de\public_html\bertichile\anonuevo\plomo09_tn.jpg <-- www.berti-golf.de /public_html/bertichile/anonuevo plomo09_tn.jpg
2008.06.27 16:01 B K:\sicherung_webserver_h10__072008\berti-golf.de\public_html\bertichile\anonuevo\plomo10.jpg <-- www.berti-golf.de /public_html/bertichile/anonuevo plomo10.jpg
2008.06.27 16:01 B K:\sicherung_webserver_h10__072008\berti-golf.de\public_html\bertichile\anonuevo\plomo10_tn.jpg <-- www.berti-golf.de /public_html/bertichile/anonuevo plomo10_tn.jpg
2008.06.27 16:01 B K:\sicherung_webserver_h10__072008\berti-golf.de\public_html\bertichile\anonuevo\plomo11.jpg <-- www.berti-golf.de /public_html/bertichile/anonuevo plomo11.jpg
2008.06.27 16:01 B K:\sicherung_webserver_h10__072008\berti-golf.de\public_html\bertichile\anonuevo\plomo11_tn.jpg <-- www.berti-golf.de /public_html/bertichile/anonuevo plomo11_tn.jpg
2008.06.27 16:01 B K:\sicherung_webserver_h10__072008\berti-golf.de\public_html\bertichile\anonuevo\plomo12.jpg <-- www.berti-golf.de /public_html/bertichile/anonuevo plomo12.jpg
2008.06.27 16:01 B K:\sicherung_webserver_h10__072008\berti-golf.de\public_html\bertichile\anonuevo\plomo12_tn.jpg <-- www.berti-golf.de /public_html/bertichile/anonuevo plomo12_tn.jpg
2008.06.27 16:01 B K:\sicherung_webserver_h10__072008\berti-golf.de\public_html\bertichile\anonuevo\plomo13.jpg <-- www.berti-golf.de /public_html/bertichile/anonuevo plomo13.jpg
2008.06.27 16:01 B K:\sicherung_webserver_h10__072008\berti-golf.de\public_html\bertichile\anonuevo\plomo13_tn.jpg <-- www.berti-golf.de /public_html/bertichile/anonuevo plomo13_tn.jpg
2008.06.27 16:01 B K:\sicherung_webserver_h10__072008\berti-golf.de\public_html\bertichile\anonuevo\plomo14.jpg <-- www.berti-golf.de /public_html/bertichile/anonuevo plomo14.jpg
2008.06.27 16:01 B K:\sicherung_webserver_h10__072008\berti-golf.de\public_html\bertichile\anonuevo\plomo14_tn.jpg <-- www.berti-golf.de /public_html/bertichile/anonuevo plomo14_tn.jpg
2008.06.27 16:01 B K:\sicherung_webserver_h10__072008\berti-golf.de\public_html\bertichile\anonuevo\plomo15.jpg <-- www.berti-golf.de /public_html/bertichile/anonuevo plomo15.jpg
2008.06.27 16:01 B K:\sicherung_webserver_h10__072008\berti-golf.de\public_html\bertichile\anonuevo\plomo15_tn.jpg <-- www.berti-golf.de /public_html/bertichile/anonuevo plomo15_tn.jpg
2008.06.27 16:01 B K:\sicherung_webserver_h10__072008\berti-golf.de\public_html\bertichile\anonuevo\plomo16.jpg <-- www.berti-golf.de /public_html/bertichile/anonuevo plomo16.jpg
2008.06.27 16:01 B K:\sicherung_webserver_h10__072008\berti-golf.de\public_html\bertichile\anonuevo\plomo16_tn.jpg <-- www.berti-golf.de /public_html/bertichile/anonuevo plomo16_tn.jpg
2008.06.27 16:01 B K:\sicherung_webserver_h10__072008\berti-golf.de\public_html\bertichile\anonuevo\plomo17.jpg <-- www.berti-golf.de /public_html/bertichile/anonuevo plomo17.jpg
2008.06.27 16:01 B K:\sicherung_webserver_h10__072008\berti-golf.de\public_html\bertichile\anonuevo\plomo17_tn.jpg <-- www.berti-golf.de /public_html/bertichile/anonuevo plomo17_tn.jpg
2008.06.27 16:01 B K:\sicherung_webserver_h10__072008\berti-golf.de\public_html\bertichile\anonuevo\plomo18.jpg <-- www.berti-golf.de /public_html/bertichile/anonuevo plomo18.jpg
2008.06.27 16:01 B K:\sicherung_webserver_h10__072008\berti-golf.de\public_html\bertichile\anonuevo\plomo18_tn.jpg <-- www.berti-golf.de /public_html/bertichile/anonuevo plomo18_tn.jpg
2008.06.27 16:01 B K:\sicherung_webserver_h10__072008\berti-golf.de\public_html\bertichile\anonuevo\plomo19.jpg <-- www.berti-golf.de /public_html/bertichile/anonuevo plomo19.jpg
2008.06.27 16:01 B K:\sicherung_webserver_h10__072008\berti-golf.de\public_html\bertichile\anonuevo\plomo19_tn.jpg <-- www.berti-golf.de /public_html/bertichile/anonuevo plomo19_tn.jpg
2008.06.27 16:01 B K:\sicherung_webserver_h10__072008\berti-golf.de\public_html\bertichile\anonuevo\plomo20.jpg <-- www.berti-golf.de /public_html/bertichile/anonuevo plomo20.jpg
2008.06.27 16:01 B K:\sicherung_webserver_h10__072008\berti-golf.de\public_html\bertichile\anonuevo\plomo20_tn.jpg <-- www.berti-golf.de /public_html/bertichile/anonuevo plomo20_tn.jpg
2008.06.27 16:01 B K:\sicherung_webserver_h10__072008\berti-golf.de\public_html\bertichile\anonuevo\plomo21.jpg <-- www.berti-golf.de /public_html/bertichile/anonuevo plomo21.jpg
2008.06.27 16:01 B K:\sicherung_webserver_h10__072008\berti-golf.de\public_html\bertichile\anonuevo\plomo21_tn.jpg <-- www.berti-golf.de /public_html/bertichile/anonuevo plomo21_tn.jpg
2008.06.27 16:01 B K:\sicherung_webserver_h10__072008\berti-golf.de\public_html\bertichile\anonuevo\plomo22.jpg <-- www.berti-golf.de /public_html/bertichile/anonuevo plomo22.jpg
2008.06.27 16:01 B K:\sicherung_webserver_h10__072008\berti-golf.de\public_html\bertichile\anonuevo\plomo22_tn.jpg <-- www.berti-golf.de /public_html/bertichile/anonuevo plomo22_tn.jpg
2008.06.27 16:01 B K:\sicherung_webserver_h10__072008\berti-golf.de\public_html\bertichile\anonuevo\plomo23.jpg <-- www.berti-golf.de /public_html/bertichile/anonuevo plomo23.jpg
2008.06.27 16:01 B K:\sicherung_webserver_h10__072008\berti-golf.de\public_html\bertichile\anonuevo\plomo23_tn.jpg <-- www.berti-golf.de /public_html/bertichile/anonuevo plomo23_tn.jpg
2008.06.27 16:01 B K:\sicherung_webserver_h10__072008\berti-golf.de\public_html\bertichile\anonuevo\plomo24.jpg <-- www.berti-golf.de /public_html/bertichile/anonuevo plomo24.jpg
2008.06.27 16:01 B K:\sicherung_webserver_h10__072008\berti-golf.de\public_html\bertichile\anonuevo\plomo24_tn.jpg <-- www.berti-golf.de /public_html/bertichile/anonuevo plomo24_tn.jpg
2008.06.27 16:01 B K:\sicherung_webserver_h10__072008\berti-golf.de\public_html\bertichile\anonuevo\plomo25.jpg <-- www.berti-golf.de /public_html/bertichile/anonuevo plomo25.jpg
2008.06.27 16:01 B K:\sicherung_webserver_h10__072008\berti-golf.de\public_html\bertichile\anonuevo\plomo25_tn.jpg <-- www.berti-golf.de /public_html/bertichile/anonuevo plomo25_tn.jpg
2008.06.27 16:01 B K:\sicherung_webserver_h10__072008\berti-golf.de\public_html\bertichile\anonuevo\plomo26.jpg <-- www.berti-golf.de /public_html/bertichile/anonuevo plomo26.jpg
2008.06.27 16:01 B K:\sicherung_webserver_h10__072008\berti-golf.de\public_html\bertichile\anonuevo\plomo26_tn.jpg <-- www.berti-golf.de /public_html/bertichile/anonuevo plomo26_tn.jpg
2008.06.27 16:01 B K:\sicherung_webserver_h10__072008\berti-golf.de\public_html\bertichile\anonuevo\silvester10.jpg <-- www.berti-golf.de /public_html/bertichile/anonuevo silvester10.jpg
2008.06.27 16:01 B K:\sicherung_webserver_h10__072008\berti-golf.de\public_html\bertichile\anonuevo\silvester10_tn.jpg <-- www.berti-golf.de /public_html/bertichile/anonuevo silvester10_tn.jpg
2008.06.27 16:01 B K:\sicherung_webserver_h10__072008\berti-golf.de\public_html\bertichile\anonuevo\silvester11.jpg <-- www.berti-golf.de /public_html/bertichile/anonuevo silvester11.jpg
2008.06.27 16:01 B K:\sicherung_webserver_h10__072008\berti-golf.de\public_html\bertichile\anonuevo\silvester11_tn.jpg <-- www.berti-golf.de /public_html/bertichile/anonuevo silvester11_tn.jpg
2008.06.27 16:01 B K:\sicherung_webserver_h10__072008\berti-golf.de\public_html\bertichile\anonuevo\silvester12.jpg <-- www.berti-golf.de /public_html/bertichile/anonuevo silvester12.jpg
2008.06.27 16:01 B K:\sicherung_webserver_h10__072008\berti-golf.de\public_html\bertichile\anonuevo\silvester12_tn.jpg <-- www.berti-golf.de /public_html/bertichile/anonuevo silvester12_tn.jpg
2008.06.27 16:01 B K:\sicherung_webserver_h10__072008\berti-golf.de\public_html\bertichile\anonuevo\silvester13.jpg <-- www.berti-golf.de /public_html/bertichile/anonuevo silvester13.jpg
2008.06.27 16:01 B K:\sicherung_webserver_h10__072008\berti-golf.de\public_html\bertichile\anonuevo\silvester13_tn.jpg <-- www.berti-golf.de /public_html/bertichile/anonuevo silvester13_tn.jpg
2008.06.27 16:01 B K:\sicherung_webserver_h10__072008\berti-golf.de\public_html\bertichile\anonuevo\silvester14.jpg <-- www.berti-golf.de /public_html/bertichile/anonuevo silvester14.jpg
2008.06.27 16:01 B K:\sicherung_webserver_h10__072008\berti-golf.de\public_html\bertichile\anonuevo\silvester14_tn.jpg <-- www.berti-golf.de /public_html/bertichile/anonuevo silvester14_tn.jpg
2008.06.27 16:01 B K:\sicherung_webserver_h10__072008\berti-golf.de\public_html\bertichile\anonuevo\silvester15.jpg <-- www.berti-golf.de /public_html/bertichile/anonuevo silvester15.jpg
2008.06.27 16:01 B K:\sicherung_webserver_h10__072008\berti-golf.de\public_html\bertichile\anonuevo\silvester15_tn.jpg <-- www.berti-golf.de /public_html/bertichile/anonuevo silvester15_tn.jpg
2008.06.27 16:01 B K:\sicherung_webserver_h10__072008\berti-golf.de\public_html\bertichile\anonuevo\silvester16.jpg <-- www.berti-golf.de /public_html/bertichile/anonuevo silvester16.jpg
2008.06.27 16:01 B K:\sicherung_webserver_h10__072008\berti-golf.de\public_html\bertichile\anonuevo\silvester16_tn.jpg <-- www.berti-golf.de /public_html/bertichile/anonuevo silvester16_tn.jpg
2008.06.27 16:01 B K:\sicherung_webserver_h10__072008\berti-golf.de\public_html\bertichile\anonuevo\silvester17.jpg <-- www.berti-golf.de /public_html/bertichile/anonuevo silvester17.jpg
2008.06.27 16:01 B K:\sicherung_webserver_h10__072008\berti-golf.de\public_html\bertichile\anonuevo\silvester17_tn.jpg <-- www.berti-golf.de /public_html/bertichile/anonuevo silvester17_tn.jpg
2008.06.27 16:01 B K:\sicherung_webserver_h10__072008\berti-golf.de\public_html\bertichile\anonuevo\silvester18.jpg <-- www.berti-golf.de /public_html/bertichile/anonuevo silvester18.jpg
2008.06.27 16:01 B K:\sicherung_webserver_h10__072008\berti-golf.de\public_html\bertichile\anonuevo\silvester18_tn.jpg <-- www.berti-golf.de /public_html/bertichile/anonuevo silvester18_tn.jpg
2008.06.27 16:01 B K:\sicherung_webserver_h10__072008\berti-golf.de\public_html\bertichile\anonuevo\sylvester01.jpg <-- www.berti-golf.de /public_html/bertichile/anonuevo sylvester01.jpg
2008.06.27 16:01 B K:\sicherung_webserver_h10__072008\berti-golf.de\public_html\bertichile\anonuevo\sylvester01_tn.jpg <-- www.berti-golf.de /public_html/bertichile/anonuevo sylvester01_tn.jpg
2008.06.27 16:01 B K:\sicherung_webserver_h10__072008\berti-golf.de\public_html\bertichile\anonuevo\sylvester02.jpg <-- www.berti-golf.de /public_html/bertichile/anonuevo sylvester02.jpg
2008.06.27 16:01 B K:\sicherung_webserver_h10__072008\berti-golf.de\public_html\bertichile\anonuevo\sylvester02_tn.jpg <-- www.berti-golf.de /public_html/bertichile/anonuevo sylvester02_tn.jpg
2008.06.27 16:01 B K:\sicherung_webserver_h10__072008\berti-golf.de\public_html\bertichile\anonuevo\sylvester05.jpg <-- www.berti-golf.de /public_html/bertichile/anonuevo sylvester05.jpg
2008.06.27 16:01 B K:\sicherung_webserver_h10__072008\berti-golf.de\public_html\bertichile\anonuevo\sylvester05_tn.jpg <-- www.berti-golf.de /public_html/bertichile/anonuevo sylvester05_tn.jpg
2008.06.27 16:01 B K:\sicherung_webserver_h10__072008\berti-golf.de\public_html\bertichile\anonuevo\sylvester06.jpg <-- www.berti-golf.de /public_html/bertichile/anonuevo sylvester06.jpg
2008.06.27 16:01 B K:\sicherung_webserver_h10__072008\berti-golf.de\public_html\bertichile\anonuevo\sylvester06_tn.jpg <-- www.berti-golf.de /public_html/bertichile/anonuevo sylvester06_tn.jpg
2008.06.27 16:01 B K:\sicherung_webserver_h10__072008\berti-golf.de\public_html\bertichile\anonuevo\sylvester07.jpg <-- www.berti-golf.de /public_html/bertichile/anonuevo sylvester07.jpg
2008.06.27 16:01 B K:\sicherung_webserver_h10__072008\berti-golf.de\public_html\bertichile\anonuevo\sylvester07_tn.jpg <-- www.berti-golf.de /public_html/bertichile/anonuevo sylvester07_tn.jpg
2008.06.27 16:01 B K:\sicherung_webserver_h10__072008\berti-golf.de\public_html\bertichile\anonuevo\sylvester09.jpg <-- www.berti-golf.de /public_html/bertichile/anonuevo sylvester09.jpg
2008.06.27 16:01 B K:\sicherung_webserver_h10__072008\berti-golf.de\public_html\bertichile\anonuevo\sylvester09_tn.jpg <-- www.berti-golf.de /public_html/bertichile/anonuevo sylvester09_tn.jpg
2008.06.27 18:54 B K:\sicherung_webserver_h10__072008\berti-golf.de\public_html\bertichile\anonuevo\an2001.html --> bertigolfde.h1403220.stratoserver.net /public_html/bertichile/anonuevo an2001.html
2008.06.27 18:55 B K:\sicherung_webserver_h10__072008\berti-golf.de\public_html\bertichile\anonuevo\balsedeyeso1.jpg --> bertigolfde.h1403220.stratoserver.net /public_html/bertichile/anonuevo balsedeyeso1.jpg
2008.06.27 18:55 B K:\sicherung_webserver_h10__072008\berti-golf.de\public_html\bertichile\anonuevo\balsedeyeso1_tn.jpg --> bertigolfde.h1403220.stratoserver.net /public_html/bertichile/anonuevo balsedeyeso1_tn.jpg
2008.06.27 18:55 B K:\sicherung_webserver_h10__072008\berti-golf.de\public_html\bertichile\anonuevo\balsedeyeso2.jpg --> bertigolfde.h1403220.stratoserver.net /public_html/bertichile/anonuevo balsedeyeso2.jpg
2008.06.27 18:55 B K:\sicherung_webserver_h10__072008\berti-golf.de\public_html\bertichile\anonuevo\balsedeyeso2_tn.jpg --> bertigolfde.h1403220.stratoserver.net /public_html/bertichile/anonuevo balsedeyeso2_tn.jpg
2008.06.27 18:55 B K:\sicherung_webserver_h10__072008\berti-golf.de\public_html\bertichile\anonuevo\balsedeyeso3.jpg --> bertigolfde.h1403220.stratoserver.net /public_html/bertichile/anonuevo balsedeyeso3.jpg
2008.06.27 18:55 B K:\sicherung_webserver_h10__072008\berti-golf.de\public_html\bertichile\anonuevo\balsedeyeso3_tn.jpg --> bertigolfde.h1403220.stratoserver.net /public_html/bertichile/anonuevo balsedeyeso3_tn.jpg
2008.06.27 18:55 B K:\sicherung_webserver_h10__072008\berti-golf.de\public_html\bertichile\anonuevo\balsedeyeso4.jpg --> bertigolfde.h1403220.stratoserver.net /public_html/bertichile/anonuevo balsedeyeso4.jpg
2008.06.27 18:55 B K:\sicherung_webserver_h10__072008\berti-golf.de\public_html\bertichile\anonuevo\balsedeyeso4_tn.jpg --> bertigolfde.h1403220.stratoserver.net /public_html/bertichile/anonuevo balsedeyeso4_tn.jpg
2008.06.27 18:55 B K:\sicherung_webserver_h10__072008\berti-golf.de\public_html\bertichile\anonuevo\balsedeyeso5.jpg --> bertigolfde.h1403220.stratoserver.net /public_html/bertichile/anonuevo balsedeyeso5.jpg
2008.06.27 18:55 B K:\sicherung_webserver_h10__072008\berti-golf.de\public_html\bertichile\anonuevo\balsedeyeso5_tn.jpg --> bertigolfde.h1403220.stratoserver.net /public_html/bertichile/anonuevo balsedeyeso5_tn.jpg
2008.06.27 18:55 B K:\sicherung_webserver_h10__072008\berti-golf.de\public_html\bertichile\anonuevo\balsedeyeso6.jpg --> bertigolfde.h1403220.stratoserver.net /public_html/bertichile/anonuevo balsedeyeso6.jpg
2008.06.27 18:55 B K:\sicherung_webserver_h10__072008\berti-golf.de\public_html\bertichile\anonuevo\balsedeyeso6_tn.jpg --> bertigolfde.h1403220.stratoserver.net /public_html/bertichile/anonuevo balsedeyeso6_tn.jpg
2008.06.27 18:55 B K:\sicherung_webserver_h10__072008\berti-golf.de\public_html\bertichile\anonuevo\balsedeyeso7.jpg --> bertigolfde.h1403220.stratoserver.net /public_html/bertichile/anonuevo balsedeyeso7.jpg
2008.06.27 18:55 B K:\sicherung_webserver_h10__072008\berti-golf.de\public_html\bertichile\anonuevo\balsedeyeso7_tn.jpg --> bertigolfde.h1403220.stratoserver.net /public_html/bertichile/anonuevo balsedeyeso7_tn.jpg
2008.06.27 18:55 B K:\sicherung_webserver_h10__072008\berti-golf.de\public_html\bertichile\anonuevo\balsedeyeso8.jpg --> bertigolfde.h1403220.stratoserver.net /public_html/bertichile/anonuevo balsedeyeso8.jpg
2008.06.27 18:55 B K:\sicherung_webserver_h10__072008\berti-golf.de\public_html\bertichile\anonuevo\balsedeyeso8_tn.jpg --> bertigolfde.h1403220.stratoserver.net /public_html/bertichile/anonuevo balsedeyeso8_tn.jpg
2008.06.27 18:55 B K:\sicherung_webserver_h10__072008\berti-golf.de\public_html\bertichile\anonuevo\caballo1.jpg --> bertigolfde.h1403220.stratoserver.net /public_html/bertichile/anonuevo caballo1.jpg
2008.06.27 18:55 B K:\sicherung_webserver_h10__072008\berti-golf.de\public_html\bertichile\anonuevo\caballo1_tn.jpg --> bertigolfde.h1403220.stratoserver.net /public_html/bertichile/anonuevo caballo1_tn.jpg
2008.06.27 18:55 B K:\sicherung_webserver_h10__072008\berti-golf.de\public_html\bertichile\anonuevo\caballo2.jpg --> bertigolfde.h1403220.stratoserver.net /public_html/bertichile/anonuevo caballo2.jpg
2008.06.27 18:55 B K:\sicherung_webserver_h10__072008\berti-golf.de\public_html\bertichile\anonuevo\caballo2_tn.jpg --> bertigolfde.h1403220.stratoserver.net /public_html/bertichile/anonuevo caballo2_tn.jpg
2008.06.27 18:55 B K:\sicherung_webserver_h10__072008\berti-golf.de\public_html\bertichile\anonuevo\caballo3.jpg --> bertigolfde.h1403220.stratoserver.net /public_html/bertichile/anonuevo caballo3.jpg
2008.06.27 18:55 B K:\sicherung_webserver_h10__072008\berti-golf.de\public_html\bertichile\anonuevo\caballo3_tn.jpg --> bertigolfde.h1403220.stratoserver.net /public_html/bertichile/anonuevo caballo3_tn.jpg
2008.06.27 18:55 B K:\sicherung_webserver_h10__072008\berti-golf.de\public_html\bertichile\anonuevo\caballo4.jpg --> bertigolfde.h1403220.stratoserver.net /public_html/bertichile/anonuevo caballo4.jpg
2008.06.27 18:55 B K:\sicherung_webserver_h10__072008\berti-golf.de\public_html\bertichile\anonuevo\caballo4_tn.jpg --> bertigolfde.h1403220.stratoserver.net /public_html/bertichile/anonuevo caballo4_tn.jpg
2008.06.27 18:55 B K:\sicherung_webserver_h10__072008\berti-golf.de\public_html\bertichile\anonuevo\caballo5.jpg --> bertigolfde.h1403220.stratoserver.net /public_html/bertichile/anonuevo caballo5.jpg
2008.06.27 18:55 B K:\sicherung_webserver_h10__072008\berti-golf.de\public_html\bertichile\anonuevo\caballo5_tn.jpg --> bertigolfde.h1403220.stratoserver.net /public_html/bertichile/anonuevo caballo5_tn.jpg
2008.06.27 18:55 B K:\sicherung_webserver_h10__072008\berti-golf.de\public_html\bertichile\anonuevo\caballo6.jpg --> bertigolfde.h1403220.stratoserver.net /public_html/bertichile/anonuevo caballo6.jpg
2008.06.27 18:55 B K:\sicherung_webserver_h10__072008\berti-golf.de\public_html\bertichile\anonuevo\caballo6_tn.jpg --> bertigolfde.h1403220.stratoserver.net /public_html/bertichile/anonuevo caballo6_tn.jpg
2008.06.27 18:55 B K:\sicherung_webserver_h10__072008\berti-golf.de\public_html\bertichile\anonuevo\elvolcan01.jpg --> bertigolfde.h1403220.stratoserver.net /public_html/bertichile/anonuevo elvolcan01.jpg
2008.06.27 18:55 B K:\sicherung_webserver_h10__072008\berti-golf.de\public_html\bertichile\anonuevo\elvolcan01_tn.jpg --> bertigolfde.h1403220.stratoserver.net /public_html/bertichile/anonuevo elvolcan01_tn.jpg
2008.06.27 18:55 B K:\sicherung_webserver_h10__072008\berti-golf.de\public_html\bertichile\anonuevo\elvolcan02.jpg --> bertigolfde.h1403220.stratoserver.net /public_html/bertichile/anonuevo elvolcan02.jpg
2008.06.27 18:55 B K:\sicherung_webserver_h10__072008\berti-golf.de\public_html\bertichile\anonuevo\elvolcan02_tn.jpg --> bertigolfde.h1403220.stratoserver.net /public_html/bertichile/anonuevo elvolcan02_tn.jpg
2008.06.27 18:55 B K:\sicherung_webserver_h10__072008\berti-golf.de\public_html\bertichile\anonuevo\elvolcan03.jpg --> bertigolfde.h1403220.stratoserver.net /public_html/bertichile/anonuevo elvolcan03.jpg
2008.06.27 18:55 B K:\sicherung_webserver_h10__072008\berti-golf.de\public_html\bertichile\anonuevo\elvolcan03_tn.jpg --> bertigolfde.h1403220.stratoserver.net /public_html/bertichile/anonuevo elvolcan03_tn.jpg
2008.06.27 18:55 B K:\sicherung_webserver_h10__072008\berti-golf.de\public_html\bertichile\anonuevo\elvolcan04.jpg --> bertigolfde.h1403220.stratoserver.net /public_html/bertichile/anonuevo elvolcan04.jpg
2008.06.27 18:55 B K:\sicherung_webserver_h10__072008\berti-golf.de\public_html\bertichile\anonuevo\elvolcan04_tn.jpg --> bertigolfde.h1403220.stratoserver.net /public_html/bertichile/anonuevo elvolcan04_tn.jpg
2008.06.27 18:55 B K:\sicherung_webserver_h10__072008\berti-golf.de\public_html\bertichile\anonuevo\elvolcan07.jpg --> bertigolfde.h1403220.stratoserver.net /public_html/bertichile/anonuevo elvolcan07.jpg
2008.06.27 18:55 B K:\sicherung_webserver_h10__072008\berti-golf.de\public_html\bertichile\anonuevo\elvolcan07_tn.jpg --> bertigolfde.h1403220.stratoserver.net /public_html/bertichile/anonuevo elvolcan07_tn.jpg
2008.06.27 18:55 B K:\sicherung_webserver_h10__072008\berti-golf.de\public_html\bertichile\anonuevo\elvolcan08.jpg --> bertigolfde.h1403220.stratoserver.net /public_html/bertichile/anonuevo elvolcan08.jpg
2008.06.27 18:55 B K:\sicherung_webserver_h10__072008\berti-golf.de\public_html\bertichile\anonuevo\elvolcan08_tn.jpg --> bertigolfde.h1403220.stratoserver.net /public_html/bertichile/anonuevo elvolcan08_tn.jpg
2008.06.27 18:55 B K:\sicherung_webserver_h10__072008\berti-golf.de\public_html\bertichile\anonuevo\elvolcan09.jpg --> bertigolfde.h1403220.stratoserver.net /public_html/bertichile/anonuevo elvolcan09.jpg
2008.06.27 18:55 B K:\sicherung_webserver_h10__072008\berti-golf.de\public_html\bertichile\anonuevo\elvolcan09_tn.jpg --> bertigolfde.h1403220.stratoserver.net /public_html/bertichile/anonuevo elvolcan09_tn.jpg
2008.06.27 18:55 B K:\sicherung_webserver_h10__072008\berti-golf.de\public_html\bertichile\anonuevo\elvolcan10.jpg --> bertigolfde.h1403220.stratoserver.net /public_html/bertichile/anonuevo elvolcan10.jpg
2008.06.27 18:55 B K:\sicherung_webserver_h10__072008\berti-golf.de\public_html\bertichile\anonuevo\elvolcan10_tn.jpg --> bertigolfde.h1403220.stratoserver.net /public_html/bertichile/anonuevo elvolcan10_tn.jpg
2008.06.27 18:55 B K:\sicherung_webserver_h10__072008\berti-golf.de\public_html\bertichile\anonuevo\elvolcan11.jpg --> bertigolfde.h1403220.stratoserver.net /public_html/bertichile/anonuevo elvolcan11.jpg
2008.06.27 18:55 B K:\sicherung_webserver_h10__072008\berti-golf.de\public_html\bertichile\anonuevo\elvolcan11_tn.jpg --> bertigolfde.h1403220.stratoserver.net /public_html/bertichile/anonuevo elvolcan11_tn.jpg
2008.06.27 18:55 B K:\sicherung_webserver_h10__072008\berti-golf.de\public_html\bertichile\anonuevo\elvolcan12.jpg --> bertigolfde.h1403220.stratoserver.net /public_html/bertichile/anonuevo elvolcan12.jpg
2008.06.27 18:55 B K:\sicherung_webserver_h10__072008\berti-golf.de\public_html\bertichile\anonuevo\elvolcan12_tn.jpg --> bertigolfde.h1403220.stratoserver.net /public_html/bertichile/anonuevo elvolcan12_tn.jpg
2008.06.27 18:55 B K:\sicherung_webserver_h10__072008\berti-golf.de\public_html\bertichile\anonuevo\elvolcan13.jpg --> bertigolfde.h1403220.stratoserver.net /public_html/bertichile/anonuevo elvolcan13.jpg
2008.06.27 18:55 B K:\sicherung_webserver_h10__072008\berti-golf.de\public_html\bertichile\anonuevo\elvolcan13_tn.jpg --> bertigolfde.h1403220.stratoserver.net /public_html/bertichile/anonuevo elvolcan13_tn.jpg
2008.06.27 18:55 B K:\sicherung_webserver_h10__072008\berti-golf.de\public_html\bertichile\anonuevo\elvolcan14.jpg --> bertigolfde.h1403220.stratoserver.net /public_html/bertichile/anonuevo elvolcan14.jpg
2008.06.27 18:55 B K:\sicherung_webserver_h10__072008\berti-golf.de\public_html\bertichile\anonuevo\elvolcan14_tn.jpg --> bertigolfde.h1403220.stratoserver.net /public_html/bertichile/anonuevo elvolcan14_tn.jpg
2008.06.27 18:55 B K:\sicherung_webserver_h10__072008\berti-golf.de\public_html\bertichile\anonuevo\elvolcan15.jpg --> bertigolfde.h1403220.stratoserver.net /public_html/bertichile/anonuevo elvolcan15.jpg
2008.06.27 18:55 B K:\sicherung_webserver_h10__072008\berti-golf.de\public_html\bertichile\anonuevo\elvolcan15_tn.jpg --> bertigolfde.h1403220.stratoserver.net /public_html/bertichile/anonuevo elvolcan15_tn.jpg
2008.06.27 18:55 B K:\sicherung_webserver_h10__072008\berti-golf.de\public_html\bertichile\anonuevo\elvolcan16.jpg --> bertigolfde.h1403220.stratoserver.net /public_html/bertichile/anonuevo elvolcan16.jpg
2008.06.27 18:55 B K:\sicherung_webserver_h10__072008\berti-golf.de\public_html\bertichile\anonuevo\elvolcan16_tn.jpg --> bertigolfde.h1403220.stratoserver.net /public_html/bertichile/anonuevo elvolcan16_tn.jpg
2008.06.27 18:56 B K:\sicherung_webserver_h10__072008\berti-golf.de\public_html\bertichile\anonuevo\elvolcan17.jpg --> bertigolfde.h1403220.stratoserver.net /public_html/bertichile/anonuevo elvolcan17.jpg
2008.06.27 18:56 B K:\sicherung_webserver_h10__072008\berti-golf.de\public_html\bertichile\anonuevo\elvolcan17_tn.jpg --> bertigolfde.h1403220.stratoserver.net /public_html/bertichile/anonuevo elvolcan17_tn.jpg
2008.06.27 18:56 B K:\sicherung_webserver_h10__072008\berti-golf.de\public_html\bertichile\anonuevo\elvolcan18.jpg --> bertigolfde.h1403220.stratoserver.net /public_html/bertichile/anonuevo elvolcan18.jpg
2008.06.27 18:56 B K:\sicherung_webserver_h10__072008\berti-golf.de\public_html\bertichile\anonuevo\elvolcan18_tn.jpg --> bertigolfde.h1403220.stratoserver.net /public_html/bertichile/anonuevo elvolcan18_tn.jpg
2008.06.27 18:56 B K:\sicherung_webserver_h10__072008\berti-golf.de\public_html\bertichile\anonuevo\elvolcan19.jpg --> bertigolfde.h1403220.stratoserver.net /public_html/bertichile/anonuevo elvolcan19.jpg
2008.06.27 18:56 B K:\sicherung_webserver_h10__072008\berti-golf.de\public_html\bertichile\anonuevo\elvolcan19_tn.jpg --> bertigolfde.h1403220.stratoserver.net /public_html/bertichile/anonuevo elvolcan19_tn.jpg
2008.06.27 18:56 B K:\sicherung_webserver_h10__072008\berti-golf.de\public_html\bertichile\anonuevo\entreamigos.jpg --> bertigolfde.h1403220.stratoserver.net /public_html/bertichile/anonuevo entreamigos.jpg
2008.06.27 18:56 B K:\sicherung_webserver_h10__072008\berti-golf.de\public_html\bertichile\anonuevo\entreamigos00.jpg --> bertigolfde.h1403220.stratoserver.net /public_html/bertichile/anonuevo entreamigos00.jpg
2008.06.27 18:56 B K:\sicherung_webserver_h10__072008\berti-golf.de\public_html\bertichile\anonuevo\entreamigos00_tn.jpg --> bertigolfde.h1403220.stratoserver.net /public_html/bertichile/anonuevo entreamigos00_tn.jpg
2008.06.27 18:56 B K:\sicherung_webserver_h10__072008\berti-golf.de\public_html\bertichile\anonuevo\entreamigos01.jpg --> bertigolfde.h1403220.stratoserver.net /public_html/bertichile/anonuevo entreamigos01.jpg
2008.06.27 18:56 B K:\sicherung_webserver_h10__072008\berti-golf.de\public_html\bertichile\anonuevo\entreamigos01_tn.jpg --> bertigolfde.h1403220.stratoserver.net /public_html/bertichile/anonuevo entreamigos01_tn.jpg
2008.06.27 18:56 B K:\sicherung_webserver_h10__072008\berti-golf.de\public_html\bertichile\anonuevo\entreamigos02.jpg --> bertigolfde.h1403220.stratoserver.net /public_html/bertichile/anonuevo entreamigos02.jpg
2008.06.27 18:56 B K:\sicherung_webserver_h10__072008\berti-golf.de\public_html\bertichile\anonuevo\entreamigos02_tn.jpg --> bertigolfde.h1403220.stratoserver.net /public_html/bertichile/anonuevo entreamigos02_tn.jpg
2008.06.27 18:56 B K:\sicherung_webserver_h10__072008\berti-golf.de\public_html\bertichile\anonuevo\entreamigos03.jpg --> bertigolfde.h1403220.stratoserver.net /public_html/bertichile/anonuevo entreamigos03.jpg
2008.06.27 18:56 B K:\sicherung_webserver_h10__072008\berti-golf.de\public_html\bertichile\anonuevo\entreamigos03_tn.jpg --> bertigolfde.h1403220.stratoserver.net /public_html/bertichile/anonuevo entreamigos03_tn.jpg
2008.06.27 18:56 B K:\sicherung_webserver_h10__072008\berti-golf.de\public_html\bertichile\anonuevo\entreamigos04.jpg --> bertigolfde.h1403220.stratoserver.net /public_html/bertichile/anonuevo entreamigos04.jpg
2008.06.27 18:56 B K:\sicherung_webserver_h10__072008\berti-golf.de\public_html\bertichile\anonuevo\entreamigos04_tn.jpg --> bertigolfde.h1403220.stratoserver.net /public_html/bertichile/anonuevo entreamigos04_tn.jpg
2008.06.27 18:56 B K:\sicherung_webserver_h10__072008\berti-golf.de\public_html\bertichile\anonuevo\entreamigos05.jpg --> bertigolfde.h1403220.stratoserver.net /public_html/bertichile/anonuevo entreamigos05.jpg
2008.06.27 18:56 B K:\sicherung_webserver_h10__072008\berti-golf.de\public_html\bertichile\anonuevo\entreamigos05_tn.jpg --> bertigolfde.h1403220.stratoserver.net /public_html/bertichile/anonuevo entreamigos05_tn.jpg
2008.06.27 18:56 B K:\sicherung_webserver_h10__072008\berti-golf.de\public_html\bertichile\anonuevo\entreamigos_tn.jpg --> bertigolfde.h1403220.stratoserver.net /public_html/bertichile/anonuevo entreamigos_tn.jpg
2008.06.27 18:56 B K:\sicherung_webserver_h10__072008\berti-golf.de\public_html\bertichile\anonuevo\plomo01.jpg --> bertigolfde.h1403220.stratoserver.net /public_html/bertichile/anonuevo plomo01.jpg
2008.06.27 18:56 B K:\sicherung_webserver_h10__072008\berti-golf.de\public_html\bertichile\anonuevo\plomo01_tn.jpg --> bertigolfde.h1403220.stratoserver.net /public_html/bertichile/anonuevo plomo01_tn.jpg
2008.06.27 18:56 B K:\sicherung_webserver_h10__072008\berti-golf.de\public_html\bertichile\anonuevo\plomo02.jpg --> bertigolfde.h1403220.stratoserver.net /public_html/bertichile/anonuevo plomo02.jpg
2008.06.27 18:56 B K:\sicherung_webserver_h10__072008\berti-golf.de\public_html\bertichile\anonuevo\plomo02_tn.jpg --> bertigolfde.h1403220.stratoserver.net /public_html/bertichile/anonuevo plomo02_tn.jpg
2008.06.27 18:56 B K:\sicherung_webserver_h10__072008\berti-golf.de\public_html\bertichile\anonuevo\plomo03_tn.jpg --> bertigolfde.h1403220.stratoserver.net /public_html/bertichile/anonuevo plomo03_tn.jpg
2008.06.27 18:56 B K:\sicherung_webserver_h10__072008\berti-golf.de\public_html\bertichile\anonuevo\plomo04.jpg --> bertigolfde.h1403220.stratoserver.net /public_html/bertichile/anonuevo plomo04.jpg
2008.06.27 18:56 B K:\sicherung_webserver_h10__072008\berti-golf.de\public_html\bertichile\anonuevo\plomo04_tn.jpg --> bertigolfde.h1403220.stratoserver.net /public_html/bertichile/anonuevo plomo04_tn.jpg
2008.06.27 18:56 B K:\sicherung_webserver_h10__072008\berti-golf.de\public_html\bertichile\anonuevo\plomo05.jpg --> bertigolfde.h1403220.stratoserver.net /public_html/bertichile/anonuevo plomo05.jpg
2008.06.27 18:56 B K:\sicherung_webserver_h10__072008\berti-golf.de\public_html\bertichile\anonuevo\plomo05_tn.jpg --> bertigolfde.h1403220.stratoserver.net /public_html/bertichile/anonuevo plomo05_tn.jpg
2008.06.27 18:56 B K:\sicherung_webserver_h10__072008\berti-golf.de\public_html\bertichile\anonuevo\plomo06.jpg --> bertigolfde.h1403220.stratoserver.net /public_html/bertichile/anonuevo plomo06.jpg
2008.06.27 18:56 B K:\sicherung_webserver_h10__072008\berti-golf.de\public_html\bertichile\anonuevo\plomo06_tn.jpg --> bertigolfde.h1403220.stratoserver.net /public_html/bertichile/anonuevo plomo06_tn.jpg
2008.06.27 18:56 B K:\sicherung_webserver_h10__072008\berti-golf.de\public_html\bertichile\anonuevo\plomo07.jpg --> bertigolfde.h1403220.stratoserver.net /public_html/bertichile/anonuevo plomo07.jpg
2008.06.27 18:56 B K:\sicherung_webserver_h10__072008\berti-golf.de\public_html\bertichile\anonuevo\plomo07_tn.jpg --> bertigolfde.h1403220.stratoserver.net /public_html/bertichile/anonuevo plomo07_tn.jpg
2008.06.27 18:56 B K:\sicherung_webserver_h10__072008\berti-golf.de\public_html\bertichile\anonuevo\plomo08.jpg --> bertigolfde.h1403220.stratoserver.net /public_html/bertichile/anonuevo plomo08.jpg
2008.06.27 18:56 B K:\sicherung_webserver_h10__072008\berti-golf.de\public_html\bertichile\anonuevo\plomo08_tn.jpg --> bertigolfde.h1403220.stratoserver.net /public_html/bertichile/anonuevo plomo08_tn.jpg
2008.06.27 18:56 B K:\sicherung_webserver_h10__072008\berti-golf.de\public_html\bertichile\anonuevo\plomo09.jpg --> bertigolfde.h1403220.stratoserver.net /public_html/bertichile/anonuevo plomo09.jpg
2008.06.27 18:56 B K:\sicherung_webserver_h10__072008\berti-golf.de\public_html\bertichile\anonuevo\plomo09_tn.jpg --> bertigolfde.h1403220.stratoserver.net /public_html/bertichile/anonuevo plomo09_tn.jpg
2008.06.27 18:56 B K:\sicherung_webserver_h10__072008\berti-golf.de\public_html\bertichile\anonuevo\plomo10.jpg --> bertigolfde.h1403220.stratoserver.net /public_html/bertichile/anonuevo plomo10.jpg
2008.06.27 18:56 B K:\sicherung_webserver_h10__072008\berti-golf.de\public_html\bertichile\anonuevo\plomo10_tn.jpg --> bertigolfde.h1403220.stratoserver.net /public_html/bertichile/anonuevo plomo10_tn.jpg
2008.06.27 18:56 B K:\sicherung_webserver_h10__072008\berti-golf.de\public_html\bertichile\anonuevo\plomo11.jpg --> bertigolfde.h1403220.stratoserver.net /public_html/bertichile/anonuevo plomo11.jpg
2008.06.27 18:56 B K:\sicherung_webserver_h10__072008\berti-golf.de\public_html\bertichile\anonuevo\plomo11_tn.jpg --> bertigolfde.h1403220.stratoserver.net /public_html/bertichile/anonuevo plomo11_tn.jpg
2008.06.27 18:56 B K:\sicherung_webserver_h10__072008\berti-golf.de\public_html\bertichile\anonuevo\plomo12.jpg --> bertigolfde.h1403220.stratoserver.net /public_html/bertichile/anonuevo plomo12.jpg
2008.06.27 18:56 B K:\sicherung_webserver_h10__072008\berti-golf.de\public_html\bertichile\anonuevo\plomo12_tn.jpg --> bertigolfde.h1403220.stratoserver.net /public_html/bertichile/anonuevo plomo12_tn.jpg
2008.06.27 18:56 B K:\sicherung_webserver_h10__072008\berti-golf.de\public_html\bertichile\anonuevo\plomo13.jpg --> bertigolfde.h1403220.stratoserver.net /public_html/bertichile/anonuevo plomo13.jpg
2008.06.27 18:56 B K:\sicherung_webserver_h10__072008\berti-golf.de\public_html\bertichile\anonuevo\plomo13_tn.jpg --> bertigolfde.h1403220.stratoserver.net /public_html/bertichile/anonuevo plomo13_tn.jpg
2008.06.27 18:56 B K:\sicherung_webserver_h10__072008\berti-golf.de\public_html\bertichile\anonuevo\plomo14.jpg --> bertigolfde.h1403220.stratoserver.net /public_html/bertichile/anonuevo plomo14.jpg
2008.06.27 18:56 B K:\sicherung_webserver_h10__072008\berti-golf.de\public_html\bertichile\anonuevo\plomo14_tn.jpg --> bertigolfde.h1403220.stratoserver.net /public_html/bertichile/anonuevo plomo14_tn.jpg
2008.06.27 18:56 B K:\sicherung_webserver_h10__072008\berti-golf.de\public_html\bertichile\anonuevo\plomo15.jpg --> bertigolfde.h1403220.stratoserver.net /public_html/bertichile/anonuevo plomo15.jpg
2008.06.27 18:56 B K:\sicherung_webserver_h10__072008\berti-golf.de\public_html\bertichile\anonuevo\plomo15_tn.jpg --> bertigolfde.h1403220.stratoserver.net /public_html/bertichile/anonuevo plomo15_tn.jpg
2008.06.27 18:56 B K:\sicherung_webserver_h10__072008\berti-golf.de\public_html\bertichile\anonuevo\plomo16.jpg --> bertigolfde.h1403220.stratoserver.net /public_html/bertichile/anonuevo plomo16.jpg
2008.06.27 18:56 B K:\sicherung_webserver_h10__072008\berti-golf.de\public_html\bertichile\anonuevo\plomo16_tn.jpg --> bertigolfde.h1403220.stratoserver.net /public_html/bertichile/anonuevo plomo16_tn.jpg
2008.06.27 18:56 B K:\sicherung_webserver_h10__072008\berti-golf.de\public_html\bertichile\anonuevo\plomo17.jpg --> bertigolfde.h1403220.stratoserver.net /public_html/bertichile/anonuevo plomo17.jpg
2008.06.27 18:56 B K:\sicherung_webserver_h10__072008\berti-golf.de\public_html\bertichile\anonuevo\plomo17_tn.jpg --> bertigolfde.h1403220.stratoserver.net /public_html/bertichile/anonuevo plomo17_tn.jpg
2008.06.27 18:56 B K:\sicherung_webserver_h10__072008\berti-golf.de\public_html\bertichile\anonuevo\plomo18.jpg --> bertigolfde.h1403220.stratoserver.net /public_html/bertichile/anonuevo plomo18.jpg
2008.06.27 18:56 B K:\sicherung_webserver_h10__072008\berti-golf.de\public_html\bertichile\anonuevo\plomo18_tn.jpg --> bertigolfde.h1403220.stratoserver.net /public_html/bertichile/anonuevo plomo18_tn.jpg
2008.06.27 18:56 B K:\sicherung_webserver_h10__072008\berti-golf.de\public_html\bertichile\anonuevo\plomo19.jpg --> bertigolfde.h1403220.stratoserver.net /public_html/bertichile/anonuevo plomo19.jpg
2008.06.27 18:56 B K:\sicherung_webserver_h10__072008\berti-golf.de\public_html\bertichile\anonuevo\plomo19_tn.jpg --> bertigolfde.h1403220.stratoserver.net /public_html/bertichile/anonuevo plomo19_tn.jpg
2008.06.27 18:56 B K:\sicherung_webserver_h10__072008\berti-golf.de\public_html\bertichile\anonuevo\plomo20.jpg --> bertigolfde.h1403220.stratoserver.net /public_html/bertichile/anonuevo plomo20.jpg
2008.06.27 18:56 B K:\sicherung_webserver_h10__072008\berti-golf.de\public_html\bertichile\anonuevo\plomo20_tn.jpg --> bertigolfde.h1403220.stratoserver.net /public_html/bertichile/anonuevo plomo20_tn.jpg
2008.06.27 18:57 B K:\sicherung_webserver_h10__072008\berti-golf.de\public_html\bertichile\anonuevo\plomo21.jpg --> bertigolfde.h1403220.stratoserver.net /public_html/bertichile/anonuevo plomo21.jpg
2008.06.27 18:57 B K:\sicherung_webserver_h10__072008\berti-golf.de\public_html\bertichile\anonuevo\plomo21_tn.jpg --> bertigolfde.h1403220.stratoserver.net /public_html/bertichile/anonuevo plomo21_tn.jpg
2008.06.27 18:57 B K:\sicherung_webserver_h10__072008\berti-golf.de\public_html\bertichile\anonuevo\plomo22.jpg --> bertigolfde.h1403220.stratoserver.net /public_html/bertichile/anonuevo plomo22.jpg
2008.06.27 18:57 B K:\sicherung_webserver_h10__072008\berti-golf.de\public_html\bertichile\anonuevo\plomo22_tn.jpg --> bertigolfde.h1403220.stratoserver.net /public_html/bertichile/anonuevo plomo22_tn.jpg
2008.06.27 18:57 B K:\sicherung_webserver_h10__072008\berti-golf.de\public_html\bertichile\anonuevo\plomo23.jpg --> bertigolfde.h1403220.stratoserver.net /public_html/bertichile/anonuevo plomo23.jpg
2008.06.27 18:57 B K:\sicherung_webserver_h10__072008\berti-golf.de\public_html\bertichile\anonuevo\plomo23_tn.jpg --> bertigolfde.h1403220.stratoserver.net /public_html/bertichile/anonuevo plomo23_tn.jpg
2008.06.27 18:57 B K:\sicherung_webserver_h10__072008\berti-golf.de\public_html\bertichile\anonuevo\plomo24.jpg --> bertigolfde.h1403220.stratoserver.net /public_html/bertichile/anonuevo plomo24.jpg
2008.06.27 18:57 B K:\sicherung_webserver_h10__072008\berti-golf.de\public_html\bertichile\anonuevo\plomo24_tn.jpg --> bertigolfde.h1403220.stratoserver.net /public_html/bertichile/anonuevo plomo24_tn.jpg
2008.06.27 18:57 B K:\sicherung_webserver_h10__072008\berti-golf.de\public_html\bertichile\anonuevo\plomo25.jpg --> bertigolfde.h1403220.stratoserver.net /public_html/bertichile/anonuevo plomo25.jpg
2008.06.27 18:57 B K:\sicherung_webserver_h10__072008\berti-golf.de\public_html\bertichile\anonuevo\plomo25_tn.jpg --> bertigolfde.h1403220.stratoserver.net /public_html/bertichile/anonuevo plomo25_tn.jpg
2008.06.27 18:57 B K:\sicherung_webserver_h10__072008\berti-golf.de\public_html\bertichile\anonuevo\plomo26.jpg --> bertigolfde.h1403220.stratoserver.net /public_html/bertichile/anonuevo plomo26.jpg
2008.06.27 18:57 B K:\sicherung_webserver_h10__072008\berti-golf.de\public_html\bertichile\anonuevo\plomo26_tn.jpg --> bertigolfde.h1403220.stratoserver.net /public_html/bertichile/anonuevo plomo26_tn.jpg
2008.06.27 18:57 B K:\sicherung_webserver_h10__072008\berti-golf.de\public_html\bertichile\anonuevo\silvester10.jpg --> bertigolfde.h1403220.stratoserver.net /public_html/bertichile/anonuevo silvester10.jpg
2008.06.27 18:57 B K:\sicherung_webserver_h10__072008\berti-golf.de\public_html\bertichile\anonuevo\silvester10_tn.jpg --> bertigolfde.h1403220.stratoserver.net /public_html/bertichile/anonuevo silvester10_tn.jpg
2008.06.27 18:57 B K:\sicherung_webserver_h10__072008\berti-golf.de\public_html\bertichile\anonuevo\silvester11.jpg --> bertigolfde.h1403220.stratoserver.net /public_html/bertichile/anonuevo silvester11.jpg
2008.06.27 18:57 B K:\sicherung_webserver_h10__072008\berti-golf.de\public_html\bertichile\anonuevo\silvester11_tn.jpg --> bertigolfde.h1403220.stratoserver.net /public_html/bertichile/anonuevo silvester11_tn.jpg
2008.06.27 18:57 B K:\sicherung_webserver_h10__072008\berti-golf.de\public_html\bertichile\anonuevo\silvester12.jpg --> bertigolfde.h1403220.stratoserver.net /public_html/bertichile/anonuevo silvester12.jpg
2008.06.27 18:57 B K:\sicherung_webserver_h10__072008\berti-golf.de\public_html\bertichile\anonuevo\silvester12_tn.jpg --> bertigolfde.h1403220.stratoserver.net /public_html/bertichile/anonuevo silvester12_tn.jpg
2008.06.27 18:57 B K:\sicherung_webserver_h10__072008\berti-golf.de\public_html\bertichile\anonuevo\silvester13.jpg --> bertigolfde.h1403220.stratoserver.net /public_html/bertichile/anonuevo silvester13.jpg
2008.06.27 18:57 B K:\sicherung_webserver_h10__072008\berti-golf.de\public_html\bertichile\anonuevo\silvester13_tn.jpg --> bertigolfde.h1403220.stratoserver.net /public_html/bertichile/anonuevo silvester13_tn.jpg
2008.06.27 18:57 B K:\sicherung_webserver_h10__072008\berti-golf.de\public_html\bertichile\anonuevo\silvester14.jpg --> bertigolfde.h1403220.stratoserver.net /public_html/bertichile/anonuevo silvester14.jpg
2008.06.27 18:57 B K:\sicherung_webserver_h10__072008\berti-golf.de\public_html\bertichile\anonuevo\silvester14_tn.jpg --> bertigolfde.h1403220.stratoserver.net /public_html/bertichile/anonuevo silvester14_tn.jpg
2008.06.27 18:57 B K:\sicherung_webserver_h10__072008\berti-golf.de\public_html\bertichile\anonuevo\silvester15.jpg --> bertigolfde.h1403220.stratoserver.net /public_html/bertichile/anonuevo silvester15.jpg
2008.06.27 18:57 B K:\sicherung_webserver_h10__072008\berti-golf.de\public_html\bertichile\anonuevo\silvester15_tn.jpg --> bertigolfde.h1403220.stratoserver.net /public_html/bertichile/anonuevo silvester15_tn.jpg
2008.06.27 18:57 B K:\sicherung_webserver_h10__072008\berti-golf.de\public_html\bertichile\anonuevo\silvester16.jpg --> bertigolfde.h1403220.stratoserver.net /public_html/bertichile/anonuevo silvester16.jpg
2008.06.27 18:57 B K:\sicherung_webserver_h10__072008\berti-golf.de\public_html\bertichile\anonuevo\silvester16_tn.jpg --> bertigolfde.h1403220.stratoserver.net /public_html/bertichile/anonuevo silvester16_tn.jpg
2008.06.27 18:57 B K:\sicherung_webserver_h10__072008\berti-golf.de\public_html\bertichile\anonuevo\silvester17.jpg --> bertigolfde.h1403220.stratoserver.net /public_html/bertichile/anonuevo silvester17.jpg
2008.06.27 18:57 B K:\sicherung_webserver_h10__072008\berti-golf.de\public_html\bertichile\anonuevo\silvester17_tn.jpg --> bertigolfde.h1403220.stratoserver.net /public_html/bertichile/anonuevo silvester17_tn.jpg
2008.06.27 18:57 B K:\sicherung_webserver_h10__072008\berti-golf.de\public_html\bertichile\anonuevo\silvester18.jpg --> bertigolfde.h1403220.stratoserver.net /public_html/bertichile/anonuevo silvester18.jpg
2008.06.27 18:57 B K:\sicherung_webserver_h10__072008\berti-golf.de\public_html\bertichile\anonuevo\silvester18_tn.jpg --> bertigolfde.h1403220.stratoserver.net /public_html/bertichile/anonuevo silvester18_tn.jpg
2008.06.27 18:57 B K:\sicherung_webserver_h10__072008\berti-golf.de\public_html\bertichile\anonuevo\sylvester01.jpg --> bertigolfde.h1403220.stratoserver.net /public_html/bertichile/anonuevo sylvester01.jpg
2008.06.27 18:57 B K:\sicherung_webserver_h10__072008\berti-golf.de\public_html\bertichile\anonuevo\sylvester01_tn.jpg --> bertigolfde.h1403220.stratoserver.net /public_html/bertichile/anonuevo sylvester01_tn.jpg
2008.06.27 18:57 B K:\sicherung_webserver_h10__072008\berti-golf.de\public_html\bertichile\anonuevo\sylvester02.jpg --> bertigolfde.h1403220.stratoserver.net /public_html/bertichile/anonuevo sylvester02.jpg
2008.06.27 18:57 B K:\sicherung_webserver_h10__072008\berti-golf.de\public_html\bertichile\anonuevo\sylvester02_tn.jpg --> bertigolfde.h1403220.stratoserver.net /public_html/bertichile/anonuevo sylvester02_tn.jpg
2008.06.27 18:57 B K:\sicherung_webserver_h10__072008\berti-golf.de\public_html\bertichile\anonuevo\sylvester05.jpg --> bertigolfde.h1403220.stratoserver.net /public_html/bertichile/anonuevo sylvester05.jpg
2008.06.27 18:57 B K:\sicherung_webserver_h10__072008\berti-golf.de\public_html\bertichile\anonuevo\sylvester05_tn.jpg --> bertigolfde.h1403220.stratoserver.net /public_html/bertichile/anonuevo sylvester05_tn.jpg
2008.06.27 18:57 B K:\sicherung_webserver_h10__072008\berti-golf.de\public_html\bertichile\anonuevo\sylvester06.jpg --> bertigolfde.h1403220.stratoserver.net /public_html/bertichile/anonuevo sylvester06.jpg
2008.06.27 18:57 B K:\sicherung_webserver_h10__072008\berti-golf.de\public_html\bertichile\anonuevo\sylvester06_tn.jpg --> bertigolfde.h1403220.stratoserver.net /public_html/bertichile/anonuevo sylvester06_tn.jpg
2008.06.27 18:57 B K:\sicherung_webserver_h10__072008\berti-golf.de\public_html\bertichile\anonuevo\sylvester07.jpg --> bertigolfde.h1403220.stratoserver.net /public_html/bertichile/anonuevo sylvester07.jpg
2008.06.27 18:57 B K:\sicherung_webserver_h10__072008\berti-golf.de\public_html\bertichile\anonuevo\sylvester07_tn.jpg --> bertigolfde.h1403220.stratoserver.net /public_html/bertichile/anonuevo sylvester07_tn.jpg
2008.06.27 18:57 B K:\sicherung_webserver_h10__072008\berti-golf.de\public_html\bertichile\anonuevo\sylvester09.jpg --> bertigolfde.h1403220.stratoserver.net /public_html/bertichile/anonuevo sylvester09.jpg
2008.06.27 18:57 B K:\sicherung_webserver_h10__072008\berti-golf.de\public_html\bertichile\anonuevo\sylvester09_tn.jpg --> bertigolfde.h1403220.stratoserver.net /public_html/bertichile/anonuevo sylvester09_tn.jpg
2009.05.01 07:08 B Z:\home\Berti\public_html\www.berti-golf.de\bertichile\anonuevo\WS_FTP.LOG <-- bertigolfde.h1403220.stratoserver.net /public_html/bertichile/anonuevo WS_FTP.LOG
2009.12.08 17:49 B Z:\home\Berti\public_html\www.berti-golf.de\bertichile\anonuevo\an2001.html --> h1667152.stratoserver.net /httpdocs/bertichile/anonuevo an2001.html
2009.12.08 17:49 B Z:\home\Berti\public_html\www.berti-golf.de\bertichile\anonuevo\balsedeyeso1.jpg --> h1667152.stratoserver.net /httpdocs/bertichile/anonuevo balsedeyeso1.jpg
2009.12.08 17:50 B Z:\home\Berti\public_html\www.berti-golf.de\bertichile\anonuevo\balsedeyeso1_tn.jpg --> h1667152.stratoserver.net /httpdocs/bertichile/anonuevo balsedeyeso1_tn.jpg
2009.12.08 17:50 B Z:\home\Berti\public_html\www.berti-golf.de\bertichile\anonuevo\balsedeyeso2.jpg --> h1667152.stratoserver.net /httpdocs/bertichile/anonuevo balsedeyeso2.jpg
2009.12.08 17:50 B Z:\home\Berti\public_html\www.berti-golf.de\bertichile\anonuevo\balsedeyeso2_tn.jpg --> h1667152.stratoserver.net /httpdocs/bertichile/anonuevo balsedeyeso2_tn.jpg
2009.12.08 17:50 B Z:\home\Berti\public_html\www.berti-golf.de\bertichile\anonuevo\balsedeyeso3.jpg --> h1667152.stratoserver.net /httpdocs/bertichile/anonuevo balsedeyeso3.jpg
2009.12.08 17:50 B Z:\home\Berti\public_html\www.berti-golf.de\bertichile\anonuevo\balsedeyeso3_tn.jpg --> h1667152.stratoserver.net /httpdocs/bertichile/anonuevo balsedeyeso3_tn.jpg
2009.12.08 17:50 B Z:\home\Berti\public_html\www.berti-golf.de\bertichile\anonuevo\balsedeyeso4.jpg --> h1667152.stratoserver.net /httpdocs/bertichile/anonuevo balsedeyeso4.jpg
2009.12.08 17:50 B Z:\home\Berti\public_html\www.berti-golf.de\bertichile\anonuevo\balsedeyeso4_tn.jpg --> h1667152.stratoserver.net /httpdocs/bertichile/anonuevo balsedeyeso4_tn.jpg
2009.12.08 17:50 B Z:\home\Berti\public_html\www.berti-golf.de\bertichile\anonuevo\balsedeyeso5.jpg --> h1667152.stratoserver.net /httpdocs/bertichile/anonuevo balsedeyeso5.jpg
2009.12.08 17:50 B Z:\home\Berti\public_html\www.berti-golf.de\bertichile\anonuevo\balsedeyeso5_tn.jpg --> h1667152.stratoserver.net /httpdocs/bertichile/anonuevo balsedeyeso5_tn.jpg
2009.12.08 17:50 B Z:\home\Berti\public_html\www.berti-golf.de\bertichile\anonuevo\balsedeyeso6.jpg --> h1667152.stratoserver.net /httpdocs/bertichile/anonuevo balsedeyeso6.jpg
2009.12.08 17:50 B Z:\home\Berti\public_html\www.berti-golf.de\bertichile\anonuevo\balsedeyeso6_tn.jpg --> h1667152.stratoserver.net /httpdocs/bertichile/anonuevo balsedeyeso6_tn.jpg
2009.12.08 17:50 B Z:\home\Berti\public_html\www.berti-golf.de\bertichile\anonuevo\balsedeyeso7.jpg --> h1667152.stratoserver.net /httpdocs/bertichile/anonuevo balsedeyeso7.jpg
2009.12.08 17:50 B Z:\home\Berti\public_html\www.berti-golf.de\bertichile\anonuevo\balsedeyeso7_tn.jpg --> h1667152.stratoserver.net /httpdocs/bertichile/anonuevo balsedeyeso7_tn.jpg
2009.12.08 17:50 B Z:\home\Berti\public_html\www.berti-golf.de\bertichile\anonuevo\balsedeyeso8.jpg --> h1667152.stratoserver.net /httpdocs/bertichile/anonuevo balsedeyeso8.jpg
2009.12.08 17:50 B Z:\home\Berti\public_html\www.berti-golf.de\bertichile\anonuevo\balsedeyeso8_tn.jpg --> h1667152.stratoserver.net /httpdocs/bertichile/anonuevo balsedeyeso8_tn.jpg
2009.12.08 17:50 B Z:\home\Berti\public_html\www.berti-golf.de\bertichile\anonuevo\caballo1.jpg --> h1667152.stratoserver.net /httpdocs/bertichile/anonuevo caballo1.jpg
2009.12.08 17:50 B Z:\home\Berti\public_html\www.berti-golf.de\bertichile\anonuevo\caballo1_tn.jpg --> h1667152.stratoserver.net /httpdocs/bertichile/anonuevo caballo1_tn.jpg
2009.12.08 17:50 B Z:\home\Berti\public_html\www.berti-golf.de\bertichile\anonuevo\caballo2.jpg --> h1667152.stratoserver.net /httpdocs/bertichile/anonuevo caballo2.jpg
2009.12.08 17:50 B Z:\home\Berti\public_html\www.berti-golf.de\bertichile\anonuevo\caballo2_tn.jpg --> h1667152.stratoserver.net /httpdocs/bertichile/anonuevo caballo2_tn.jpg
2009.12.08 17:50 B Z:\home\Berti\public_html\www.berti-golf.de\bertichile\anonuevo\caballo3.jpg --> h1667152.stratoserver.net /httpdocs/bertichile/anonuevo caballo3.jpg
2009.12.08 17:50 B Z:\home\Berti\public_html\www.berti-golf.de\bertichile\anonuevo\caballo3_tn.jpg --> h1667152.stratoserver.net /httpdocs/bertichile/anonuevo caballo3_tn.jpg
2009.12.08 17:50 B Z:\home\Berti\public_html\www.berti-golf.de\bertichile\anonuevo\caballo4.jpg --> h1667152.stratoserver.net /httpdocs/bertichile/anonuevo caballo4.jpg
2009.12.08 17:50 B Z:\home\Berti\public_html\www.berti-golf.de\bertichile\anonuevo\caballo4_tn.jpg --> h1667152.stratoserver.net /httpdocs/bertichile/anonuevo caballo4_tn.jpg
2009.12.08 17:50 B Z:\home\Berti\public_html\www.berti-golf.de\bertichile\anonuevo\caballo5.jpg --> h1667152.stratoserver.net /httpdocs/bertichile/anonuevo caballo5.jpg
2009.12.08 17:50 B Z:\home\Berti\public_html\www.berti-golf.de\bertichile\anonuevo\caballo5_tn.jpg --> h1667152.stratoserver.net /httpdocs/bertichile/anonuevo caballo5_tn.jpg
2009.12.08 17:50 B Z:\home\Berti\public_html\www.berti-golf.de\bertichile\anonuevo\caballo6.jpg --> h1667152.stratoserver.net /httpdocs/bertichile/anonuevo caballo6.jpg
2009.12.08 17:50 B Z:\home\Berti\public_html\www.berti-golf.de\bertichile\anonuevo\caballo6_tn.jpg --> h1667152.stratoserver.net /httpdocs/bertichile/anonuevo caballo6_tn.jpg
2009.12.08 17:50 B Z:\home\Berti\public_html\www.berti-golf.de\bertichile\anonuevo\elvolcan01.jpg --> h1667152.stratoserver.net /httpdocs/bertichile/anonuevo elvolcan01.jpg
2009.12.08 17:50 B Z:\home\Berti\public_html\www.berti-golf.de\bertichile\anonuevo\elvolcan01_tn.jpg --> h1667152.stratoserver.net /httpdocs/bertichile/anonuevo elvolcan01_tn.jpg
2009.12.08 17:50 B Z:\home\Berti\public_html\www.berti-golf.de\bertichile\anonuevo\elvolcan02.jpg --> h1667152.stratoserver.net /httpdocs/bertichile/anonuevo elvolcan02.jpg
2009.12.08 17:50 B Z:\home\Berti\public_html\www.berti-golf.de\bertichile\anonuevo\elvolcan02_tn.jpg --> h1667152.stratoserver.net /httpdocs/bertichile/anonuevo elvolcan02_tn.jpg
2009.12.08 17:50 B Z:\home\Berti\public_html\www.berti-golf.de\bertichile\anonuevo\elvolcan03.jpg --> h1667152.stratoserver.net /httpdocs/bertichile/anonuevo elvolcan03.jpg
2009.12.08 17:50 B Z:\home\Berti\public_html\www.berti-golf.de\bertichile\anonuevo\elvolcan03_tn.jpg --> h1667152.stratoserver.net /httpdocs/bertichile/anonuevo elvolcan03_tn.jpg
2009.12.08 17:50 B Z:\home\Berti\public_html\www.berti-golf.de\bertichile\anonuevo\elvolcan04.jpg --> h1667152.stratoserver.net /httpdocs/bertichile/anonuevo elvolcan04.jpg
2009.12.08 17:50 B Z:\home\Berti\public_html\www.berti-golf.de\bertichile\anonuevo\elvolcan04_tn.jpg --> h1667152.stratoserver.net /httpdocs/bertichile/anonuevo elvolcan04_tn.jpg
2009.12.08 17:50 B Z:\home\Berti\public_html\www.berti-golf.de\bertichile\anonuevo\elvolcan07.jpg --> h1667152.stratoserver.net /httpdocs/bertichile/anonuevo elvolcan07.jpg
2009.12.08 17:50 B Z:\home\Berti\public_html\www.berti-golf.de\bertichile\anonuevo\elvolcan07_tn.jpg --> h1667152.stratoserver.net /httpdocs/bertichile/anonuevo elvolcan07_tn.jpg
2009.12.08 17:50 B Z:\home\Berti\public_html\www.berti-golf.de\bertichile\anonuevo\elvolcan08.jpg --> h1667152.stratoserver.net /httpdocs/bertichile/anonuevo elvolcan08.jpg
2009.12.08 17:50 B Z:\home\Berti\public_html\www.berti-golf.de\bertichile\anonuevo\elvolcan08_tn.jpg --> h1667152.stratoserver.net /httpdocs/bertichile/anonuevo elvolcan08_tn.jpg
2009.12.08 17:50 B Z:\home\Berti\public_html\www.berti-golf.de\bertichile\anonuevo\elvolcan09.jpg --> h1667152.stratoserver.net /httpdocs/bertichile/anonuevo elvolcan09.jpg
2009.12.08 17:50 B Z:\home\Berti\public_html\www.berti-golf.de\bertichile\anonuevo\elvolcan09_tn.jpg --> h1667152.stratoserver.net /httpdocs/bertichile/anonuevo elvolcan09_tn.jpg
2009.12.08 17:50 B Z:\home\Berti\public_html\www.berti-golf.de\bertichile\anonuevo\elvolcan10.jpg --> h1667152.stratoserver.net /httpdocs/bertichile/anonuevo elvolcan10.jpg
2009.12.08 17:50 B Z:\home\Berti\public_html\www.berti-golf.de\bertichile\anonuevo\elvolcan10_tn.jpg --> h1667152.stratoserver.net /httpdocs/bertichile/anonuevo elvolcan10_tn.jpg
2009.12.08 17:50 B Z:\home\Berti\public_html\www.berti-golf.de\bertichile\anonuevo\elvolcan11.jpg --> h1667152.stratoserver.net /httpdocs/bertichile/anonuevo elvolcan11.jpg
2009.12.08 17:50 B Z:\home\Berti\public_html\www.berti-golf.de\bertichile\anonuevo\elvolcan11_tn.jpg --> h1667152.stratoserver.net /httpdocs/bertichile/anonuevo elvolcan11_tn.jpg
2009.12.08 17:50 B Z:\home\Berti\public_html\www.berti-golf.de\bertichile\anonuevo\elvolcan12.jpg --> h1667152.stratoserver.net /httpdocs/bertichile/anonuevo elvolcan12.jpg
2009.12.08 17:50 B Z:\home\Berti\public_html\www.berti-golf.de\bertichile\anonuevo\elvolcan12_tn.jpg --> h1667152.stratoserver.net /httpdocs/bertichile/anonuevo elvolcan12_tn.jpg
2009.12.08 17:50 B Z:\home\Berti\public_html\www.berti-golf.de\bertichile\anonuevo\elvolcan13.jpg --> h1667152.stratoserver.net /httpdocs/bertichile/anonuevo elvolcan13.jpg
2009.12.08 17:50 B Z:\home\Berti\public_html\www.berti-golf.de\bertichile\anonuevo\elvolcan13_tn.jpg --> h1667152.stratoserver.net /httpdocs/bertichile/anonuevo elvolcan13_tn.jpg
2009.12.08 17:50 B Z:\home\Berti\public_html\www.berti-golf.de\bertichile\anonuevo\elvolcan14.jpg --> h1667152.stratoserver.net /httpdocs/bertichile/anonuevo elvolcan14.jpg
2009.12.08 17:50 B Z:\home\Berti\public_html\www.berti-golf.de\bertichile\anonuevo\elvolcan14_tn.jpg --> h1667152.stratoserver.net /httpdocs/bertichile/anonuevo elvolcan14_tn.jpg
2009.12.08 17:50 B Z:\home\Berti\public_html\www.berti-golf.de\bertichile\anonuevo\elvolcan15.jpg --> h1667152.stratoserver.net /httpdocs/bertichile/anonuevo elvolcan15.jpg
2009.12.08 17:50 B Z:\home\Berti\public_html\www.berti-golf.de\bertichile\anonuevo\elvolcan15_tn.jpg --> h1667152.stratoserver.net /httpdocs/bertichile/anonuevo elvolcan15_tn.jpg
2009.12.08 17:50 B Z:\home\Berti\public_html\www.berti-golf.de\bertichile\anonuevo\elvolcan16.jpg --> h1667152.stratoserver.net /httpdocs/bertichile/anonuevo elvolcan16.jpg
2009.12.08 17:50 B Z:\home\Berti\public_html\www.berti-golf.de\bertichile\anonuevo\elvolcan16_tn.jpg --> h1667152.stratoserver.net /httpdocs/bertichile/anonuevo elvolcan16_tn.jpg
2009.12.08 17:50 B Z:\home\Berti\public_html\www.berti-golf.de\bertichile\anonuevo\elvolcan17.jpg --> h1667152.stratoserver.net /httpdocs/bertichile/anonuevo elvolcan17.jpg
2009.12.08 17:50 B Z:\home\Berti\public_html\www.berti-golf.de\bertichile\anonuevo\elvolcan17_tn.jpg --> h1667152.stratoserver.net /httpdocs/bertichile/anonuevo elvolcan17_tn.jpg
2009.12.08 17:50 B Z:\home\Berti\public_html\www.berti-golf.de\bertichile\anonuevo\elvolcan18.jpg --> h1667152.stratoserver.net /httpdocs/bertichile/anonuevo elvolcan18.jpg
2009.12.08 17:50 B Z:\home\Berti\public_html\www.berti-golf.de\bertichile\anonuevo\elvolcan18_tn.jpg --> h1667152.stratoserver.net /httpdocs/bertichile/anonuevo elvolcan18_tn.jpg
2009.12.08 17:50 B Z:\home\Berti\public_html\www.berti-golf.de\bertichile\anonuevo\elvolcan19.jpg --> h1667152.stratoserver.net /httpdocs/bertichile/anonuevo elvolcan19.jpg
2009.12.08 17:50 B Z:\home\Berti\public_html\www.berti-golf.de\bertichile\anonuevo\elvolcan19_tn.jpg --> h1667152.stratoserver.net /httpdocs/bertichile/anonuevo elvolcan19_tn.jpg
2009.12.08 17:50 B Z:\home\Berti\public_html\www.berti-golf.de\bertichile\anonuevo\entreamigos.jpg --> h1667152.stratoserver.net /httpdocs/bertichile/anonuevo entreamigos.jpg
2009.12.08 17:50 B Z:\home\Berti\public_html\www.berti-golf.de\bertichile\anonuevo\entreamigos00.jpg --> h1667152.stratoserver.net /httpdocs/bertichile/anonuevo entreamigos00.jpg
2009.12.08 17:50 B Z:\home\Berti\public_html\www.berti-golf.de\bertichile\anonuevo\entreamigos00_tn.jpg --> h1667152.stratoserver.net /httpdocs/bertichile/anonuevo entreamigos00_tn.jpg
2009.12.08 17:50 B Z:\home\Berti\public_html\www.berti-golf.de\bertichile\anonuevo\entreamigos01.jpg --> h1667152.stratoserver.net /httpdocs/bertichile/anonuevo entreamigos01.jpg
2009.12.08 17:50 B Z:\home\Berti\public_html\www.berti-golf.de\bertichile\anonuevo\entreamigos01_tn.jpg --> h1667152.stratoserver.net /httpdocs/bertichile/anonuevo entreamigos01_tn.jpg
2009.12.08 17:50 B Z:\home\Berti\public_html\www.berti-golf.de\bertichile\anonuevo\entreamigos02.jpg --> h1667152.stratoserver.net /httpdocs/bertichile/anonuevo entreamigos02.jpg
2009.12.08 17:50 B Z:\home\Berti\public_html\www.berti-golf.de\bertichile\anonuevo\entreamigos02_tn.jpg --> h1667152.stratoserver.net /httpdocs/bertichile/anonuevo entreamigos02_tn.jpg
2009.12.08 17:50 B Z:\home\Berti\public_html\www.berti-golf.de\bertichile\anonuevo\entreamigos03.jpg --> h1667152.stratoserver.net /httpdocs/bertichile/anonuevo entreamigos03.jpg
2009.12.08 17:50 B Z:\home\Berti\public_html\www.berti-golf.de\bertichile\anonuevo\entreamigos03_tn.jpg --> h1667152.stratoserver.net /httpdocs/bertichile/anonuevo entreamigos03_tn.jpg
2009.12.08 17:50 B Z:\home\Berti\public_html\www.berti-golf.de\bertichile\anonuevo\entreamigos04.jpg --> h1667152.stratoserver.net /httpdocs/bertichile/anonuevo entreamigos04.jpg
2009.12.08 17:50 B Z:\home\Berti\public_html\www.berti-golf.de\bertichile\anonuevo\entreamigos04_tn.jpg --> h1667152.stratoserver.net /httpdocs/bertichile/anonuevo entreamigos04_tn.jpg
2009.12.08 17:50 B Z:\home\Berti\public_html\www.berti-golf.de\bertichile\anonuevo\entreamigos05.jpg --> h1667152.stratoserver.net /httpdocs/bertichile/anonuevo entreamigos05.jpg
2009.12.08 17:50 B Z:\home\Berti\public_html\www.berti-golf.de\bertichile\anonuevo\entreamigos05_tn.jpg --> h1667152.stratoserver.net /httpdocs/bertichile/anonuevo entreamigos05_tn.jpg
2009.12.08 17:50 B Z:\home\Berti\public_html\www.berti-golf.de\bertichile\anonuevo\entreamigos_tn.jpg --> h1667152.stratoserver.net /httpdocs/bertichile/anonuevo entreamigos_tn.jpg
2009.12.08 17:50 B Z:\home\Berti\public_html\www.berti-golf.de\bertichile\anonuevo\plomo01.jpg --> h1667152.stratoserver.net /httpdocs/bertichile/anonuevo plomo01.jpg
2009.12.08 17:50 B Z:\home\Berti\public_html\www.berti-golf.de\bertichile\anonuevo\plomo01_tn.jpg --> h1667152.stratoserver.net /httpdocs/bertichile/anonuevo plomo01_tn.jpg
2009.12.08 17:50 B Z:\home\Berti\public_html\www.berti-golf.de\bertichile\anonuevo\plomo02.jpg --> h1667152.stratoserver.net /httpdocs/bertichile/anonuevo plomo02.jpg
2009.12.08 17:50 B Z:\home\Berti\public_html\www.berti-golf.de\bertichile\anonuevo\plomo02_tn.jpg --> h1667152.stratoserver.net /httpdocs/bertichile/anonuevo plomo02_tn.jpg
2009.12.08 17:50 B Z:\home\Berti\public_html\www.berti-golf.de\bertichile\anonuevo\plomo03_tn.jpg --> h1667152.stratoserver.net /httpdocs/bertichile/anonuevo plomo03_tn.jpg
2009.12.08 17:50 B Z:\home\Berti\public_html\www.berti-golf.de\bertichile\anonuevo\plomo04.jpg --> h1667152.stratoserver.net /httpdocs/bertichile/anonuevo plomo04.jpg
2009.12.08 17:50 B Z:\home\Berti\public_html\www.berti-golf.de\bertichile\anonuevo\plomo04_tn.jpg --> h1667152.stratoserver.net /httpdocs/bertichile/anonuevo plomo04_tn.jpg
2009.12.08 17:50 B Z:\home\Berti\public_html\www.berti-golf.de\bertichile\anonuevo\plomo05.jpg --> h1667152.stratoserver.net /httpdocs/bertichile/anonuevo plomo05.jpg
2009.12.08 17:50 B Z:\home\Berti\public_html\www.berti-golf.de\bertichile\anonuevo\plomo05_tn.jpg --> h1667152.stratoserver.net /httpdocs/bertichile/anonuevo plomo05_tn.jpg
2009.12.08 17:50 B Z:\home\Berti\public_html\www.berti-golf.de\bertichile\anonuevo\plomo06.jpg --> h1667152.stratoserver.net /httpdocs/bertichile/anonuevo plomo06.jpg
2009.12.08 17:50 B Z:\home\Berti\public_html\www.berti-golf.de\bertichile\anonuevo\plomo06_tn.jpg --> h1667152.stratoserver.net /httpdocs/bertichile/anonuevo plomo06_tn.jpg
2009.12.08 17:50 B Z:\home\Berti\public_html\www.berti-golf.de\bertichile\anonuevo\plomo07.jpg --> h1667152.stratoserver.net /httpdocs/bertichile/anonuevo plomo07.jpg
2009.12.08 17:50 B Z:\home\Berti\public_html\www.berti-golf.de\bertichile\anonuevo\plomo07_tn.jpg --> h1667152.stratoserver.net /httpdocs/bertichile/anonuevo plomo07_tn.jpg
2009.12.08 17:50 B Z:\home\Berti\public_html\www.berti-golf.de\bertichile\anonuevo\plomo08.jpg --> h1667152.stratoserver.net /httpdocs/bertichile/anonuevo plomo08.jpg
2009.12.08 17:50 B Z:\home\Berti\public_html\www.berti-golf.de\bertichile\anonuevo\plomo08_tn.jpg --> h1667152.stratoserver.net /httpdocs/bertichile/anonuevo plomo08_tn.jpg
2009.12.08 17:50 B Z:\home\Berti\public_html\www.berti-golf.de\bertichile\anonuevo\plomo09.jpg --> h1667152.stratoserver.net /httpdocs/bertichile/anonuevo plomo09.jpg
2009.12.08 17:50 B Z:\home\Berti\public_html\www.berti-golf.de\bertichile\anonuevo\plomo09_tn.jpg --> h1667152.stratoserver.net /httpdocs/bertichile/anonuevo plomo09_tn.jpg
2009.12.08 17:50 B Z:\home\Berti\public_html\www.berti-golf.de\bertichile\anonuevo\plomo10.jpg --> h1667152.stratoserver.net /httpdocs/bertichile/anonuevo plomo10.jpg
2009.12.08 17:50 B Z:\home\Berti\public_html\www.berti-golf.de\bertichile\anonuevo\plomo10_tn.jpg --> h1667152.stratoserver.net /httpdocs/bertichile/anonuevo plomo10_tn.jpg
2009.12.08 17:50 B Z:\home\Berti\public_html\www.berti-golf.de\bertichile\anonuevo\plomo11.jpg --> h1667152.stratoserver.net /httpdocs/bertichile/anonuevo plomo11.jpg
2009.12.08 17:50 B Z:\home\Berti\public_html\www.berti-golf.de\bertichile\anonuevo\plomo11_tn.jpg --> h1667152.stratoserver.net /httpdocs/bertichile/anonuevo plomo11_tn.jpg
2009.12.08 17:50 B Z:\home\Berti\public_html\www.berti-golf.de\bertichile\anonuevo\plomo12.jpg --> h1667152.stratoserver.net /httpdocs/bertichile/anonuevo plomo12.jpg
2009.12.08 17:50 B Z:\home\Berti\public_html\www.berti-golf.de\bertichile\anonuevo\plomo12_tn.jpg --> h1667152.stratoserver.net /httpdocs/bertichile/anonuevo plomo12_tn.jpg
2009.12.08 17:50 B Z:\home\Berti\public_html\www.berti-golf.de\bertichile\anonuevo\plomo13.jpg --> h1667152.stratoserver.net /httpdocs/bertichile/anonuevo plomo13.jpg
2009.12.08 17:50 B Z:\home\Berti\public_html\www.berti-golf.de\bertichile\anonuevo\plomo13_tn.jpg --> h1667152.stratoserver.net /httpdocs/bertichile/anonuevo plomo13_tn.jpg
2009.12.08 17:50 B Z:\home\Berti\public_html\www.berti-golf.de\bertichile\anonuevo\plomo14.jpg --> h1667152.stratoserver.net /httpdocs/bertichile/anonuevo plomo14.jpg
2009.12.08 17:50 B Z:\home\Berti\public_html\www.berti-golf.de\bertichile\anonuevo\plomo14_tn.jpg --> h1667152.stratoserver.net /httpdocs/bertichile/anonuevo plomo14_tn.jpg
2009.12.08 17:50 B Z:\home\Berti\public_html\www.berti-golf.de\bertichile\anonuevo\plomo15.jpg --> h1667152.stratoserver.net /httpdocs/bertichile/anonuevo plomo15.jpg
2009.12.08 17:50 B Z:\home\Berti\public_html\www.berti-golf.de\bertichile\anonuevo\plomo15_tn.jpg --> h1667152.stratoserver.net /httpdocs/bertichile/anonuevo plomo15_tn.jpg
2009.12.08 17:50 B Z:\home\Berti\public_html\www.berti-golf.de\bertichile\anonuevo\plomo16.jpg --> h1667152.stratoserver.net /httpdocs/bertichile/anonuevo plomo16.jpg
2009.12.08 17:50 B Z:\home\Berti\public_html\www.berti-golf.de\bertichile\anonuevo\plomo16_tn.jpg --> h1667152.stratoserver.net /httpdocs/bertichile/anonuevo plomo16_tn.jpg
2009.12.08 17:50 B Z:\home\Berti\public_html\www.berti-golf.de\bertichile\anonuevo\plomo17.jpg --> h1667152.stratoserver.net /httpdocs/bertichile/anonuevo plomo17.jpg
2009.12.08 17:50 B Z:\home\Berti\public_html\www.berti-golf.de\bertichile\anonuevo\plomo17_tn.jpg --> h1667152.stratoserver.net /httpdocs/bertichile/anonuevo plomo17_tn.jpg
2009.12.08 17:50 B Z:\home\Berti\public_html\www.berti-golf.de\bertichile\anonuevo\plomo18.jpg --> h1667152.stratoserver.net /httpdocs/bertichile/anonuevo plomo18.jpg
2009.12.08 17:50 B Z:\home\Berti\public_html\www.berti-golf.de\bertichile\anonuevo\plomo18_tn.jpg --> h1667152.stratoserver.net /httpdocs/bertichile/anonuevo plomo18_tn.jpg
2009.12.08 17:50 B Z:\home\Berti\public_html\www.berti-golf.de\bertichile\anonuevo\plomo19.jpg --> h1667152.stratoserver.net /httpdocs/bertichile/anonuevo plomo19.jpg
2009.12.08 17:50 B Z:\home\Berti\public_html\www.berti-golf.de\bertichile\anonuevo\plomo19_tn.jpg --> h1667152.stratoserver.net /httpdocs/bertichile/anonuevo plomo19_tn.jpg
2009.12.08 17:50 B Z:\home\Berti\public_html\www.berti-golf.de\bertichile\anonuevo\plomo20.jpg --> h1667152.stratoserver.net /httpdocs/bertichile/anonuevo plomo20.jpg
2009.12.08 17:50 B Z:\home\Berti\public_html\www.berti-golf.de\bertichile\anonuevo\plomo20_tn.jpg --> h1667152.stratoserver.net /httpdocs/bertichile/anonuevo plomo20_tn.jpg
2009.12.08 17:50 B Z:\home\Berti\public_html\www.berti-golf.de\bertichile\anonuevo\plomo21.jpg --> h1667152.stratoserver.net /httpdocs/bertichile/anonuevo plomo21.jpg
2009.12.08 17:50 B Z:\home\Berti\public_html\www.berti-golf.de\bertichile\anonuevo\plomo21_tn.jpg --> h1667152.stratoserver.net /httpdocs/bertichile/anonuevo plomo21_tn.jpg
2009.12.08 17:50 B Z:\home\Berti\public_html\www.berti-golf.de\bertichile\anonuevo\plomo22.jpg --> h1667152.stratoserver.net /httpdocs/bertichile/anonuevo plomo22.jpg
2009.12.08 17:50 B Z:\home\Berti\public_html\www.berti-golf.de\bertichile\anonuevo\plomo22_tn.jpg --> h1667152.stratoserver.net /httpdocs/bertichile/anonuevo plomo22_tn.jpg
2009.12.08 17:50 B Z:\home\Berti\public_html\www.berti-golf.de\bertichile\anonuevo\plomo23.jpg --> h1667152.stratoserver.net /httpdocs/bertichile/anonuevo plomo23.jpg
2009.12.08 17:50 B Z:\home\Berti\public_html\www.berti-golf.de\bertichile\anonuevo\plomo23_tn.jpg --> h1667152.stratoserver.net /httpdocs/bertichile/anonuevo plomo23_tn.jpg
2009.12.08 17:50 B Z:\home\Berti\public_html\www.berti-golf.de\bertichile\anonuevo\plomo24.jpg --> h1667152.stratoserver.net /httpdocs/bertichile/anonuevo plomo24.jpg
2009.12.08 17:50 B Z:\home\Berti\public_html\www.berti-golf.de\bertichile\anonuevo\plomo24_tn.jpg --> h1667152.stratoserver.net /httpdocs/bertichile/anonuevo plomo24_tn.jpg
2009.12.08 17:50 B Z:\home\Berti\public_html\www.berti-golf.de\bertichile\anonuevo\plomo25.jpg --> h1667152.stratoserver.net /httpdocs/bertichile/anonuevo plomo25.jpg
2009.12.08 17:50 B Z:\home\Berti\public_html\www.berti-golf.de\bertichile\anonuevo\plomo25_tn.jpg --> h1667152.stratoserver.net /httpdocs/bertichile/anonuevo plomo25_tn.jpg
2009.12.08 17:50 B Z:\home\Berti\public_html\www.berti-golf.de\bertichile\anonuevo\plomo26.jpg --> h1667152.stratoserver.net /httpdocs/bertichile/anonuevo plomo26.jpg
2009.12.08 17:50 B Z:\home\Berti\public_html\www.berti-golf.de\bertichile\anonuevo\plomo26_tn.jpg --> h1667152.stratoserver.net /httpdocs/bertichile/anonuevo plomo26_tn.jpg
2009.12.08 17:50 B Z:\home\Berti\public_html\www.berti-golf.de\bertichile\anonuevo\silvester10.jpg --> h1667152.stratoserver.net /httpdocs/bertichile/anonuevo silvester10.jpg
2009.12.08 17:50 B Z:\home\Berti\public_html\www.berti-golf.de\bertichile\anonuevo\silvester10_tn.jpg --> h1667152.stratoserver.net /httpdocs/bertichile/anonuevo silvester10_tn.jpg
2009.12.08 17:50 B Z:\home\Berti\public_html\www.berti-golf.de\bertichile\anonuevo\silvester11.jpg --> h1667152.stratoserver.net /httpdocs/bertichile/anonuevo silvester11.jpg
2009.12.08 17:50 B Z:\home\Berti\public_html\www.berti-golf.de\bertichile\anonuevo\silvester11_tn.jpg --> h1667152.stratoserver.net /httpdocs/bertichile/anonuevo silvester11_tn.jpg
2009.12.08 17:50 B Z:\home\Berti\public_html\www.berti-golf.de\bertichile\anonuevo\silvester12.jpg --> h1667152.stratoserver.net /httpdocs/bertichile/anonuevo silvester12.jpg
2009.12.08 17:50 B Z:\home\Berti\public_html\www.berti-golf.de\bertichile\anonuevo\silvester12_tn.jpg --> h1667152.stratoserver.net /httpdocs/bertichile/anonuevo silvester12_tn.jpg
2009.12.08 17:50 B Z:\home\Berti\public_html\www.berti-golf.de\bertichile\anonuevo\silvester13.jpg --> h1667152.stratoserver.net /httpdocs/bertichile/anonuevo silvester13.jpg
2009.12.08 17:50 B Z:\home\Berti\public_html\www.berti-golf.de\bertichile\anonuevo\silvester13_tn.jpg --> h1667152.stratoserver.net /httpdocs/bertichile/anonuevo silvester13_tn.jpg
2009.12.08 17:50 B Z:\home\Berti\public_html\www.berti-golf.de\bertichile\anonuevo\silvester14.jpg --> h1667152.stratoserver.net /httpdocs/bertichile/anonuevo silvester14.jpg
2009.12.08 17:51 B Z:\home\Berti\public_html\www.berti-golf.de\bertichile\anonuevo\silvester14_tn.jpg --> h1667152.stratoserver.net /httpdocs/bertichile/anonuevo silvester14_tn.jpg
2009.12.08 17:51 B Z:\home\Berti\public_html\www.berti-golf.de\bertichile\anonuevo\silvester15.jpg --> h1667152.stratoserver.net /httpdocs/bertichile/anonuevo silvester15.jpg
2009.12.08 17:51 B Z:\home\Berti\public_html\www.berti-golf.de\bertichile\anonuevo\silvester15_tn.jpg --> h1667152.stratoserver.net /httpdocs/bertichile/anonuevo silvester15_tn.jpg
2009.12.08 17:51 B Z:\home\Berti\public_html\www.berti-golf.de\bertichile\anonuevo\silvester16.jpg --> h1667152.stratoserver.net /httpdocs/bertichile/anonuevo silvester16.jpg
2009.12.08 17:51 B Z:\home\Berti\public_html\www.berti-golf.de\bertichile\anonuevo\silvester16_tn.jpg --> h1667152.stratoserver.net /httpdocs/bertichile/anonuevo silvester16_tn.jpg
2009.12.08 17:51 B Z:\home\Berti\public_html\www.berti-golf.de\bertichile\anonuevo\silvester17.jpg --> h1667152.stratoserver.net /httpdocs/bertichile/anonuevo silvester17.jpg
2009.12.08 17:51 B Z:\home\Berti\public_html\www.berti-golf.de\bertichile\anonuevo\silvester17_tn.jpg --> h1667152.stratoserver.net /httpdocs/bertichile/anonuevo silvester17_tn.jpg
2009.12.08 17:51 B Z:\home\Berti\public_html\www.berti-golf.de\bertichile\anonuevo\silvester18.jpg --> h1667152.stratoserver.net /httpdocs/bertichile/anonuevo silvester18.jpg
2009.12.08 17:51 B Z:\home\Berti\public_html\www.berti-golf.de\bertichile\anonuevo\silvester18_tn.jpg --> h1667152.stratoserver.net /httpdocs/bertichile/anonuevo silvester18_tn.jpg
2009.12.08 17:51 B Z:\home\Berti\public_html\www.berti-golf.de\bertichile\anonuevo\sylvester01.jpg --> h1667152.stratoserver.net /httpdocs/bertichile/anonuevo sylvester01.jpg
2009.12.08 17:51 B Z:\home\Berti\public_html\www.berti-golf.de\bertichile\anonuevo\sylvester01_tn.jpg --> h1667152.stratoserver.net /httpdocs/bertichile/anonuevo sylvester01_tn.jpg
2009.12.08 17:51 B Z:\home\Berti\public_html\www.berti-golf.de\bertichile\anonuevo\sylvester02.jpg --> h1667152.stratoserver.net /httpdocs/bertichile/anonuevo sylvester02.jpg
2009.12.08 17:51 B Z:\home\Berti\public_html\www.berti-golf.de\bertichile\anonuevo\sylvester02_tn.jpg --> h1667152.stratoserver.net /httpdocs/bertichile/anonuevo sylvester02_tn.jpg
2009.12.08 17:51 B Z:\home\Berti\public_html\www.berti-golf.de\bertichile\anonuevo\sylvester05.jpg --> h1667152.stratoserver.net /httpdocs/bertichile/anonuevo sylvester05.jpg
2009.12.08 17:51 B Z:\home\Berti\public_html\www.berti-golf.de\bertichile\anonuevo\sylvester05_tn.jpg --> h1667152.stratoserver.net /httpdocs/bertichile/anonuevo sylvester05_tn.jpg
2009.12.08 17:51 B Z:\home\Berti\public_html\www.berti-golf.de\bertichile\anonuevo\sylvester06.jpg --> h1667152.stratoserver.net /httpdocs/bertichile/anonuevo sylvester06.jpg
2009.12.08 17:51 B Z:\home\Berti\public_html\www.berti-golf.de\bertichile\anonuevo\sylvester06_tn.jpg --> h1667152.stratoserver.net /httpdocs/bertichile/anonuevo sylvester06_tn.jpg
2009.12.08 17:51 B Z:\home\Berti\public_html\www.berti-golf.de\bertichile\anonuevo\sylvester07.jpg --> h1667152.stratoserver.net /httpdocs/bertichile/anonuevo sylvester07.jpg
2009.12.08 17:51 B Z:\home\Berti\public_html\www.berti-golf.de\bertichile\anonuevo\sylvester07_tn.jpg --> h1667152.stratoserver.net /httpdocs/bertichile/anonuevo sylvester07_tn.jpg
2009.12.08 17:51 B Z:\home\Berti\public_html\www.berti-golf.de\bertichile\anonuevo\sylvester09.jpg --> h1667152.stratoserver.net /httpdocs/bertichile/anonuevo sylvester09.jpg
2009.12.08 17:51 B Z:\home\Berti\public_html\www.berti-golf.de\bertichile\anonuevo\sylvester09_tn.jpg --> h1667152.stratoserver.net /httpdocs/bertichile/anonuevo sylvester09_tn.jpg
